2024-11-25 06:46:44.903 [info] [main] Log level: Info
2024-11-25 06:46:44.903 [info] [main] Validating found git in: "git"
2024-11-25 06:46:44.903 [info] [main] Using git "2.43.0" from "git"
2024-11-25 06:46:44.903 [info] [Model][doInitialScan] Initial repository scan started
2024-11-25 06:46:44.903 [info] > git rev-parse --show-toplevel [35ms]
2024-11-25 06:46:44.903 [info] fatal: not a git repository (or any of the parent directories): .git
2024-11-25 06:46:44.903 [info] > git rev-parse --show-toplevel [18ms]
2024-11-25 06:46:44.903 [info] fatal: not a git repository (or any of the parent directories): .git
2024-11-25 06:46:44.903 [info] > git rev-parse --show-toplevel [3ms]
2024-11-25 06:46:44.903 [info] fatal: not a git repository (or any of the parent directories): .git
2024-11-25 06:46:44.903 [info] > git rev-parse --show-toplevel [2ms]
2024-11-25 06:46:44.903 [info] fatal: not a git repository (or any of the parent directories): .git
2024-11-25 06:46:44.903 [info] > git rev-parse --show-toplevel [2ms]
2024-11-25 06:46:44.903 [info] fatal: not a git repository (or any of the parent directories): .git
2024-11-25 06:46:44.903 [info] > git rev-parse --show-toplevel [1ms]
2024-11-25 06:46:44.903 [info] fatal: not a git repository (or any of the parent directories): .git
2024-11-25 06:46:44.903 [info] > git rev-parse --show-toplevel [1ms]
2024-11-25 06:46:44.903 [info] fatal: not a git repository (or any of the parent directories): .git
2024-11-25 06:46:44.903 [info] > git rev-parse --show-toplevel [1ms]
2024-11-25 06:46:44.903 [info] fatal: not a git repository (or any of the parent directories): .git
2024-11-25 06:46:44.903 [info] [Model][doInitialScan] Initial repository scan completed - repositories (0), closed repositories (0), parent repositories (0), unsafe repositories (0)
2024-11-25 06:46:55.030 [info] > git rev-parse --show-toplevel [17ms]
2024-11-25 06:46:55.030 [info] fatal: not a git repository (or any of the parent directories): .git
2024-11-25 06:48:00.569 [info] > git rev-parse --show-toplevel [6ms]
2024-11-25 06:48:00.569 [info] fatal: not a git repository (or any of the parent directories): .git
2024-11-25 08:08:42.924 [info] > git rev-parse --show-toplevel [1ms]
2024-11-25 08:08:42.925 [info] fatal: not a git repository (or any of the parent directories): .git
