2024-11-28 10:01:16.141 [info] [main] Log level: Info
2024-11-28 10:01:16.141 [info] [main] Validating found git in: "git"
2024-11-28 10:01:16.141 [info] [main] Using git "2.43.0" from "git"
2024-11-28 10:01:16.141 [info] [Model][doInitialScan] Initial repository scan started
2024-11-28 10:01:16.141 [info] > git rev-parse --show-toplevel [108ms]
2024-11-28 10:01:16.141 [info] fatal: not a git repository (or any of the parent directories): .git
2024-11-28 10:01:16.141 [info] > git rev-parse --show-toplevel [13ms]
2024-11-28 10:01:16.141 [info] fatal: not a git repository (or any of the parent directories): .git
2024-11-28 10:01:16.254 [info] > git rev-parse --show-toplevel [5ms]
2024-11-28 10:01:16.254 [info] fatal: not a git repository (or any of the parent directories): .git
2024-11-28 10:01:16.261 [info] > git rev-parse --show-toplevel [3ms]
2024-11-28 10:01:16.261 [info] fatal: not a git repository (or any of the parent directories): .git
2024-11-28 10:01:16.270 [info] > git rev-parse --show-toplevel [5ms]
2024-11-28 10:01:16.270 [info] fatal: not a git repository (or any of the parent directories): .git
2024-11-28 10:01:16.277 [info] > git rev-parse --show-toplevel [2ms]
2024-11-28 10:01:16.277 [info] fatal: not a git repository (or any of the parent directories): .git
2024-11-28 10:01:16.284 [info] > git rev-parse --show-toplevel [1ms]
2024-11-28 10:01:16.284 [info] fatal: not a git repository (or any of the parent directories): .git
2024-11-28 10:01:16.295 [info] > git rev-parse --show-toplevel [2ms]
2024-11-28 10:01:16.295 [info] fatal: not a git repository (or any of the parent directories): .git
2024-11-28 10:01:16.302 [info] > git rev-parse --show-toplevel [1ms]
2024-11-28 10:01:16.302 [info] fatal: not a git repository (or any of the parent directories): .git
2024-11-28 10:01:16.305 [info] [Model][doInitialScan] Initial repository scan completed - repositories (0), closed repositories (0), parent repositories (0), unsafe repositories (0)
