2024-11-15 10:02:35.887 [info] Experiment 'pythonRecommendTensorboardExt' is active
2024-11-15 10:02:35.887 [info] Experiment 'pythonTerminalEnvVarActivation' is active
2024-11-15 10:02:35.887 [info] Experiment 'pythonTestAdapter' is active
2024-11-15 10:02:35.887 [info] Native locator: Refresh started
2024-11-15 10:02:35.910 [info] Native locator: Refresh finished in 1468 ms
2024-11-15 10:02:35.918 [info] Python interpreter path: ./airflow-venv/bin/python
2024-11-15 10:02:36.048 [info] > pyenv which python
2024-11-15 10:02:36.048 [info] cwd: .
2024-11-15 10:02:36.616 [info] > . ./airflow-venv/bin/activate && echo 'e8b39361-0157-4923-80e1-22d70d46dee6' && python ./.vscode-server/extensions/ms-python.python-2024.20.0-linux-x64/python_files/printEnvVariables.py
2024-11-15 10:02:36.616 [info] shell: bash
2024-11-15 10:02:36.702 [info] > /usr/bin/python3 ./.vscode-server/extensions/ms-python.python-2024.20.0-linux-x64/python_files/printEnvVariables.py
2024-11-15 10:02:36.702 [info] shell: bash
2024-11-15 10:02:36.832 [info] Setting environment variable VIRTUAL_ENV in collection to /home/ubuntu/airflow-venv {"applyAtShellIntegration":true,"applyAtProcessCreation":true}
2024-11-15 10:02:36.832 [info] Setting environment variable VIRTUAL_ENV_PROMPT in collection to (airflow-venv)  {"applyAtShellIntegration":true,"applyAtProcessCreation":true}
2024-11-15 10:02:36.832 [info] Prepending environment variable PS1 in collection with (airflow-venv)  {"applyAtShellIntegration":true,"applyAtProcessCreation":false}
2024-11-15 10:02:36.832 [info] Prepending environment variable PATH in collection with /home/ubuntu/.vscode-server/extensions/ms-python.python-2024.20.0-linux-x64/python_files/deactivate/bash:/home/ubuntu/airflow-venv/bin: {"applyAtShellIntegration":true,"applyAtProcessCreation":true}
2024-11-15 10:02:36.835 [info] Send text to terminal: /usr/bin/python3 /home/ubuntu/.vscode-server/extensions/ms-python.python-2024.20.0-linux-x64/python_files/printEnvVariablesToFile.py /home/ubuntu/.vscode-server/extensions/ms-python.python-2024.20.0-linux-x64/python_files/deactivate/bash/envVars.txt
2024-11-15 10:02:37.403 [info] Starting Pylance language server.
2024-11-15 10:03:24.512 [info] Discover tests for workspace name: ubuntu - uri: /home/ubuntu/airflow/pipelines/extraction_data.py
2024-11-15 10:03:26.928 [info] Discover tests for workspace name: ubuntu - uri: /home/ubuntu/airflow/pipelines/extraction_data.py
2024-11-15 10:04:06.544 [info] Discover tests for workspace name: ubuntu - uri: /home/ubuntu/airflow/pipelines/extraction_data.py
2024-11-15 10:04:09.922 [info] Discover tests for workspace name: ubuntu - uri: /home/ubuntu/airflow/pipelines/extraction_data.py
2024-11-15 10:09:33.134 [info] Discover tests for workspace name: ubuntu - uri: /home/ubuntu/airflow/pipelines/extraction_data.py
2024-11-15 10:11:33.985 [info] Discover tests for workspace name: ubuntu - uri: /home/ubuntu/airflow/pipelines/extraction_data.py
2024-11-15 10:12:04.410 [info] Discover tests for workspace name: ubuntu - uri: /home/ubuntu/airflow/pipelines/extraction_data.py
2024-11-15 10:12:49.055 [info] Discover tests for workspace name: ubuntu - uri: /home/ubuntu/airflow/pipelines/extraction_data.py
2024-11-15 10:12:54.499 [info] Discover tests for workspace name: ubuntu - uri: /home/ubuntu/airflow/pipelines/extraction_data.py
2024-11-15 10:12:58.591 [info] Discover tests for workspace name: ubuntu - uri: /home/ubuntu/airflow/pipelines/extraction_data.py
2024-11-15 10:13:27.969 [info] Discover tests for workspace name: ubuntu - uri: /home/ubuntu/airflow/pipelines/extraction_data.py
2024-11-15 10:13:47.126 [info] Discover tests for workspace name: ubuntu - uri: /home/ubuntu/airflow/pipelines/extraction_data.py
2024-11-15 10:14:02.460 [info] Discover tests for workspace name: ubuntu - uri: /home/ubuntu/airflow/pipelines/extraction_data.py
2024-11-15 10:14:06.251 [info] Discover tests for workspace name: ubuntu - uri: /home/ubuntu/airflow/pipelines/extraction_data.py
2024-11-15 10:14:13.323 [info] Discover tests for workspace name: ubuntu - uri: /home/ubuntu/airflow/pipelines/extraction_data.py
2024-11-15 10:15:48.661 [info] Discover tests for workspace name: ubuntu - uri: /home/ubuntu/airflow/pipelines/extraction_data.py
2024-11-15 10:16:02.668 [info] Discover tests for workspace name: ubuntu - uri: /home/ubuntu/airflow/pipelines/extraction_data.py
2024-11-15 10:16:30.234 [info] Discover tests for workspace name: ubuntu - uri: /home/ubuntu/airflow/pipelines/extraction_data.py
2024-11-15 10:16:48.460 [info] Discover tests for workspace name: ubuntu - uri: /home/ubuntu/airflow/pipelines/extraction_data.py
2024-11-15 10:16:51.101 [info] Discover tests for workspace name: ubuntu - uri: /home/ubuntu/airflow/pipelines/extraction_data.py
2024-11-15 10:17:57.441 [info] Discover tests for workspace name: ubuntu - uri: /home/ubuntu/airflow/pipelines/extraction_data.py
2024-11-15 10:18:00.297 [info] Discover tests for workspace name: ubuntu - uri: /home/ubuntu/airflow/pipelines/extraction_data.py
2024-11-15 10:18:11.366 [info] Discover tests for workspace name: ubuntu - uri: /home/ubuntu/airflow/pipelines/extraction_data.py
2024-11-15 10:18:49.331 [info] Discover tests for workspace name: ubuntu - uri: /home/ubuntu/airflow/pipelines/extraction_data.py
2024-11-15 10:19:00.565 [info] Discover tests for workspace name: ubuntu - uri: /home/ubuntu/airflow/pipelines/extraction_data.py
2024-11-15 10:19:06.015 [info] Discover tests for workspace name: ubuntu - uri: /home/ubuntu/airflow/pipelines/extraction_data.py
2024-11-15 10:19:40.417 [info] Discover tests for workspace name: ubuntu - uri: /home/ubuntu/airflow/pipelines/extraction_data.py
2024-11-15 10:19:43.890 [info] Discover tests for workspace name: ubuntu - uri: /home/ubuntu/airflow/pipelines/extraction_data.py
2024-11-15 10:19:51.762 [info] Discover tests for workspace name: ubuntu - uri: /home/ubuntu/airflow/pipelines/extraction_data.py
2024-11-15 10:22:50.603 [info] Discover tests for workspace name: ubuntu - uri: /home/ubuntu/airflow/pipelines/extraction_data.py
2024-11-15 10:24:33.968 [info] Discover tests for workspace name: ubuntu - uri: /home/ubuntu/airflow/pipelines/extraction_data.py
2024-11-15 10:25:45.621 [info] Discover tests for workspace name: ubuntu - uri: /home/ubuntu/airflow/pipelines/extraction_data.py
2024-11-15 10:26:40.091 [info] Discover tests for workspace name: ubuntu - uri: /home/ubuntu/airflow/pipelines/extraction_data.py
2024-11-15 10:27:44.041 [info] Discover tests for workspace name: ubuntu - uri: /home/ubuntu/airflow/dags/football_dag.py
2024-11-15 10:30:29.123 [info] Discover tests for workspace name: ubuntu - uri: /home/ubuntu/airflow/pipelines/extraction_data.py
2024-11-15 10:34:30.557 [info] Discover tests for workspace name: ubuntu - uri: /home/ubuntu/airflow/pipelines/extraction_data.py
2024-11-15 10:36:19.258 [info] Discover tests for workspace name: ubuntu - uri: /home/ubuntu/airflow/pipelines/extraction_data.py
2024-11-15 10:36:21.632 [info] Discover tests for workspace name: ubuntu - uri: /home/ubuntu/airflow/pipelines/extraction_data.py
2024-11-15 10:36:48.326 [info] Discover tests for workspace name: ubuntu - uri: /home/ubuntu/airflow/pipelines/extraction_data.py
2024-11-15 10:38:55.180 [info] Discover tests for workspace name: ubuntu - uri: /home/ubuntu/airflow/pipelines/extraction_data.py
2024-11-15 10:41:03.002 [info] Discover tests for workspace name: ubuntu - uri: /home/ubuntu/airflow/pipelines/extraction_data.py
2024-11-15 10:41:18.462 [info] Discover tests for workspace name: ubuntu - uri: /home/ubuntu/airflow/pipelines/extraction_data.py
2024-11-15 10:43:58.599 [info] Discover tests for workspace name: ubuntu - uri: /home/ubuntu/airflow/pipelines/extraction_data.py
2024-11-15 10:45:29.076 [info] Discover tests for workspace name: ubuntu - uri: /home/ubuntu/airflow/pipelines/extraction_data.py
2024-11-15 10:49:35.861 [info] Discover tests for workspace name: ubuntu - uri: /home/ubuntu/airflow/pipelines/extraction_data.py
2024-11-15 10:51:51.280 [info] Discover tests for workspace name: ubuntu - uri: /home/ubuntu/airflow/pipelines/extraction_data.py
2024-11-15 10:51:54.296 [info] Discover tests for workspace name: ubuntu - uri: /home/ubuntu/airflow/pipelines/extraction_data.py
2024-11-15 10:51:59.499 [info] Discover tests for workspace name: ubuntu - uri: /home/ubuntu/airflow/pipelines/extraction_data.py
2024-11-15 10:52:02.195 [info] Discover tests for workspace name: ubuntu - uri: /home/ubuntu/airflow/pipelines/extraction_data.py
2024-11-15 10:52:14.723 [info] Discover tests for workspace name: ubuntu - uri: /home/ubuntu/airflow/pipelines/extraction_data.py
2024-11-15 10:52:52.533 [info] Discover tests for workspace name: ubuntu - uri: /home/ubuntu/airflow/pipelines/extraction_data.py
2024-11-15 10:53:24.418 [info] Discover tests for workspace name: ubuntu - uri: /home/ubuntu/airflow/pipelines/extraction_data.py
2024-11-15 10:53:39.098 [info] Discover tests for workspace name: ubuntu - uri: /home/ubuntu/airflow/pipelines/extraction_data.py
2024-11-15 10:53:49.707 [info] Discover tests for workspace name: ubuntu - uri: /home/ubuntu/airflow/dags/football_dag.py
2024-11-15 10:54:07.142 [info] Discover tests for workspace name: ubuntu - uri: /home/ubuntu/airflow/dags/football_dag.py
2024-11-15 10:54:24.084 [info] Discover tests for workspace name: ubuntu - uri: /home/ubuntu/airflow/dags/football_dag.py
2024-11-15 10:54:29.759 [info] Discover tests for workspace name: ubuntu - uri: /home/ubuntu/airflow/dags/football_dag.py
2024-11-15 10:54:51.046 [info] Discover tests for workspace name: ubuntu - uri: /home/ubuntu/airflow/dags/football_dag.py
2024-11-15 10:54:55.457 [info] Discover tests for workspace name: ubuntu - uri: /home/ubuntu/airflow/dags/football_dag.py
2024-11-15 10:55:07.536 [info] Discover tests for workspace name: ubuntu - uri: /home/ubuntu/airflow/dags/football_dag.py
2024-11-15 10:55:15.275 [info] Discover tests for workspace name: ubuntu - uri: /home/ubuntu/airflow/dags/football_dag.py
2024-11-15 10:55:19.659 [info] Discover tests for workspace name: ubuntu - uri: /home/ubuntu/airflow/pipelines/extraction_data.py
2024-11-15 10:56:16.392 [info] Discover tests for workspace name: ubuntu - uri: /home/ubuntu/airflow/pipelines/extraction_data.py
2024-11-15 10:56:36.161 [info] Discover tests for workspace name: ubuntu - uri: /home/ubuntu/airflow/pipelines/extraction_data.py
2024-11-15 10:57:00.500 [info] Discover tests for workspace name: ubuntu - uri: /home/ubuntu/airflow/pipelines/extraction_data.py
2024-11-15 10:57:35.312 [info] Discover tests for workspace name: ubuntu - uri: /home/ubuntu/airflow/pipelines/extraction_data.py
2024-11-15 10:57:39.336 [info] Discover tests for workspace name: ubuntu - uri: /home/ubuntu/airflow/pipelines/extraction_data.py
2024-11-15 10:57:46.291 [info] Discover tests for workspace name: ubuntu - uri: /home/ubuntu/airflow/pipelines/extraction_data.py
2024-11-15 10:58:52.978 [info] Discover tests for workspace name: ubuntu - uri: /home/ubuntu/airflow/pipelines/extraction_data.py
2024-11-15 10:59:02.055 [info] Discover tests for workspace name: ubuntu - uri: /home/ubuntu/airflow/pipelines/extraction_data.py
2024-11-15 11:02:09.542 [info] Discover tests for workspace name: ubuntu - uri: /home/ubuntu/airflow/pipelines/extraction_data.py
2024-11-15 11:02:18.240 [info] Discover tests for workspace name: ubuntu - uri: /home/ubuntu/airflow/pipelines/extraction_data.py
2024-11-15 11:02:25.070 [info] Discover tests for workspace name: ubuntu - uri: /home/ubuntu/airflow/dags/football_dag.py
2024-11-15 11:02:26.991 [info] Discover tests for workspace name: ubuntu - uri: /home/ubuntu/airflow/dags/football_dag.py
