[2024-11-14T07:40:55.213+0000] {processor.py:186} INFO - Started process (PID=3697) to work on /home/ubuntu/airflow-venv/lib/python3.12/site-packages/airflow/example_dags/example_params_ui_tutorial.py
[2024-11-14T07:40:55.214+0000] {processor.py:914} INFO - Processing file /home/ubuntu/airflow-venv/lib/python3.12/site-packages/airflow/example_dags/example_params_ui_tutorial.py for tasks to queue
[2024-11-14T07:40:55.217+0000] {logging_mixin.py:190} INFO - [2024-11-14T07:40:55.217+0000] {dagbag.py:588} INFO - Filling up the DagBag from /home/ubuntu/airflow-venv/lib/python3.12/site-packages/airflow/example_dags/example_params_ui_tutorial.py
[2024-11-14T07:40:55.230+0000] {processor.py:925} INFO - DAG(s) 'example_params_ui_tutorial' retrieved from /home/ubuntu/airflow-venv/lib/python3.12/site-packages/airflow/example_dags/example_params_ui_tutorial.py
[2024-11-14T07:40:55.389+0000] {logging_mixin.py:190} INFO - [2024-11-14T07:40:55.388+0000] {override.py:1911} INFO - Created Permission View: can delete on DAG:example_params_ui_tutorial
[2024-11-14T07:40:55.403+0000] {logging_mixin.py:190} INFO - [2024-11-14T07:40:55.403+0000] {override.py:1911} INFO - Created Permission View: can read on DAG:example_params_ui_tutorial
[2024-11-14T07:40:55.414+0000] {logging_mixin.py:190} INFO - [2024-11-14T07:40:55.413+0000] {override.py:1911} INFO - Created Permission View: can edit on DAG:example_params_ui_tutorial
[2024-11-14T07:40:55.431+0000] {logging_mixin.py:190} INFO - [2024-11-14T07:40:55.430+0000] {override.py:1911} INFO - Created Permission View: can delete on DAG Run:example_params_ui_tutorial
[2024-11-14T07:40:55.441+0000] {logging_mixin.py:190} INFO - [2024-11-14T07:40:55.441+0000] {override.py:1911} INFO - Created Permission View: can create on DAG Run:example_params_ui_tutorial
[2024-11-14T07:40:55.454+0000] {logging_mixin.py:190} INFO - [2024-11-14T07:40:55.453+0000] {override.py:1911} INFO - Created Permission View: can read on DAG Run:example_params_ui_tutorial
[2024-11-14T07:40:55.466+0000] {logging_mixin.py:190} INFO - [2024-11-14T07:40:55.465+0000] {override.py:1911} INFO - Created Permission View: menu access on DAG Run:example_params_ui_tutorial
[2024-11-14T07:40:55.466+0000] {logging_mixin.py:190} INFO - [2024-11-14T07:40:55.466+0000] {dag.py:3239} INFO - Sync 1 DAGs
[2024-11-14T07:40:55.479+0000] {logging_mixin.py:190} INFO - [2024-11-14T07:40:55.479+0000] {dag.py:3262} INFO - Creating ORM DAG for example_params_ui_tutorial
[2024-11-14T07:40:55.480+0000] {logging_mixin.py:190} INFO - [2024-11-14T07:40:55.480+0000] {dag.py:4180} INFO - Setting next_dagrun for example_params_ui_tutorial to None, run_after=None
[2024-11-14T07:40:55.516+0000] {processor.py:208} INFO - Processing /home/ubuntu/airflow-venv/lib/python3.12/site-packages/airflow/example_dags/example_params_ui_tutorial.py took 0.311 seconds
[2024-11-14T07:42:02.057+0000] {processor.py:186} INFO - Started process (PID=3757) to work on /home/ubuntu/airflow-venv/lib/python3.12/site-packages/airflow/example_dags/example_params_ui_tutorial.py
[2024-11-14T07:42:02.059+0000] {processor.py:914} INFO - Processing file /home/ubuntu/airflow-venv/lib/python3.12/site-packages/airflow/example_dags/example_params_ui_tutorial.py for tasks to queue
[2024-11-14T07:42:02.061+0000] {logging_mixin.py:190} INFO - [2024-11-14T07:42:02.061+0000] {dagbag.py:588} INFO - Filling up the DagBag from /home/ubuntu/airflow-venv/lib/python3.12/site-packages/airflow/example_dags/example_params_ui_tutorial.py
[2024-11-14T07:42:02.077+0000] {processor.py:925} INFO - DAG(s) 'example_params_ui_tutorial' retrieved from /home/ubuntu/airflow-venv/lib/python3.12/site-packages/airflow/example_dags/example_params_ui_tutorial.py
[2024-11-14T07:42:02.134+0000] {logging_mixin.py:190} INFO - [2024-11-14T07:42:02.134+0000] {dag.py:3239} INFO - Sync 1 DAGs
[2024-11-14T07:42:02.155+0000] {logging_mixin.py:190} INFO - [2024-11-14T07:42:02.155+0000] {dag.py:4180} INFO - Setting next_dagrun for example_params_ui_tutorial to None, run_after=None
[2024-11-14T07:42:02.189+0000] {processor.py:208} INFO - Processing /home/ubuntu/airflow-venv/lib/python3.12/site-packages/airflow/example_dags/example_params_ui_tutorial.py took 0.142 seconds
[2024-11-14T07:42:58.228+0000] {processor.py:186} INFO - Started process (PID=3815) to work on /home/ubuntu/airflow-venv/lib/python3.12/site-packages/airflow/example_dags/example_params_ui_tutorial.py
[2024-11-14T07:42:58.230+0000] {processor.py:914} INFO - Processing file /home/ubuntu/airflow-venv/lib/python3.12/site-packages/airflow/example_dags/example_params_ui_tutorial.py for tasks to queue
[2024-11-14T07:42:58.232+0000] {logging_mixin.py:190} INFO - [2024-11-14T07:42:58.232+0000] {dagbag.py:588} INFO - Filling up the DagBag from /home/ubuntu/airflow-venv/lib/python3.12/site-packages/airflow/example_dags/example_params_ui_tutorial.py
[2024-11-14T07:42:58.242+0000] {processor.py:925} INFO - DAG(s) 'example_params_ui_tutorial' retrieved from /home/ubuntu/airflow-venv/lib/python3.12/site-packages/airflow/example_dags/example_params_ui_tutorial.py
[2024-11-14T07:42:58.284+0000] {logging_mixin.py:190} INFO - [2024-11-14T07:42:58.283+0000] {dag.py:3239} INFO - Sync 1 DAGs
[2024-11-14T07:42:58.297+0000] {logging_mixin.py:190} INFO - [2024-11-14T07:42:58.297+0000] {dag.py:4180} INFO - Setting next_dagrun for example_params_ui_tutorial to None, run_after=None
[2024-11-14T07:42:58.321+0000] {processor.py:208} INFO - Processing /home/ubuntu/airflow-venv/lib/python3.12/site-packages/airflow/example_dags/example_params_ui_tutorial.py took 0.099 seconds
[2024-11-14T07:43:51.538+0000] {processor.py:186} INFO - Started process (PID=3869) to work on /home/ubuntu/airflow-venv/lib/python3.12/site-packages/airflow/example_dags/example_params_ui_tutorial.py
[2024-11-14T07:43:51.540+0000] {processor.py:914} INFO - Processing file /home/ubuntu/airflow-venv/lib/python3.12/site-packages/airflow/example_dags/example_params_ui_tutorial.py for tasks to queue
[2024-11-14T07:43:51.543+0000] {logging_mixin.py:190} INFO - [2024-11-14T07:43:51.542+0000] {dagbag.py:588} INFO - Filling up the DagBag from /home/ubuntu/airflow-venv/lib/python3.12/site-packages/airflow/example_dags/example_params_ui_tutorial.py
[2024-11-14T07:43:51.554+0000] {processor.py:925} INFO - DAG(s) 'example_params_ui_tutorial' retrieved from /home/ubuntu/airflow-venv/lib/python3.12/site-packages/airflow/example_dags/example_params_ui_tutorial.py
[2024-11-14T07:43:51.600+0000] {logging_mixin.py:190} INFO - [2024-11-14T07:43:51.600+0000] {dag.py:3239} INFO - Sync 1 DAGs
[2024-11-14T07:43:51.615+0000] {logging_mixin.py:190} INFO - [2024-11-14T07:43:51.614+0000] {dag.py:4180} INFO - Setting next_dagrun for example_params_ui_tutorial to None, run_after=None
[2024-11-14T07:43:51.645+0000] {processor.py:208} INFO - Processing /home/ubuntu/airflow-venv/lib/python3.12/site-packages/airflow/example_dags/example_params_ui_tutorial.py took 0.115 seconds
[2024-11-14T07:44:50.026+0000] {processor.py:186} INFO - Started process (PID=3925) to work on /home/ubuntu/airflow-venv/lib/python3.12/site-packages/airflow/example_dags/example_params_ui_tutorial.py
[2024-11-14T07:44:50.027+0000] {processor.py:914} INFO - Processing file /home/ubuntu/airflow-venv/lib/python3.12/site-packages/airflow/example_dags/example_params_ui_tutorial.py for tasks to queue
[2024-11-14T07:44:50.030+0000] {logging_mixin.py:190} INFO - [2024-11-14T07:44:50.030+0000] {dagbag.py:588} INFO - Filling up the DagBag from /home/ubuntu/airflow-venv/lib/python3.12/site-packages/airflow/example_dags/example_params_ui_tutorial.py
[2024-11-14T07:44:50.042+0000] {processor.py:925} INFO - DAG(s) 'example_params_ui_tutorial' retrieved from /home/ubuntu/airflow-venv/lib/python3.12/site-packages/airflow/example_dags/example_params_ui_tutorial.py
[2024-11-14T07:44:50.082+0000] {logging_mixin.py:190} INFO - [2024-11-14T07:44:50.082+0000] {dag.py:3239} INFO - Sync 1 DAGs
[2024-11-14T07:44:50.095+0000] {logging_mixin.py:190} INFO - [2024-11-14T07:44:50.095+0000] {dag.py:4180} INFO - Setting next_dagrun for example_params_ui_tutorial to None, run_after=None
[2024-11-14T07:44:50.120+0000] {processor.py:208} INFO - Processing /home/ubuntu/airflow-venv/lib/python3.12/site-packages/airflow/example_dags/example_params_ui_tutorial.py took 0.102 seconds
[2024-11-14T07:45:45.578+0000] {processor.py:186} INFO - Started process (PID=3985) to work on /home/ubuntu/airflow-venv/lib/python3.12/site-packages/airflow/example_dags/example_params_ui_tutorial.py
[2024-11-14T07:45:45.579+0000] {processor.py:914} INFO - Processing file /home/ubuntu/airflow-venv/lib/python3.12/site-packages/airflow/example_dags/example_params_ui_tutorial.py for tasks to queue
[2024-11-14T07:45:45.581+0000] {logging_mixin.py:190} INFO - [2024-11-14T07:45:45.581+0000] {dagbag.py:588} INFO - Filling up the DagBag from /home/ubuntu/airflow-venv/lib/python3.12/site-packages/airflow/example_dags/example_params_ui_tutorial.py
[2024-11-14T07:45:45.593+0000] {processor.py:925} INFO - DAG(s) 'example_params_ui_tutorial' retrieved from /home/ubuntu/airflow-venv/lib/python3.12/site-packages/airflow/example_dags/example_params_ui_tutorial.py
[2024-11-14T07:45:45.642+0000] {logging_mixin.py:190} INFO - [2024-11-14T07:45:45.642+0000] {dag.py:3239} INFO - Sync 1 DAGs
[2024-11-14T07:45:45.657+0000] {logging_mixin.py:190} INFO - [2024-11-14T07:45:45.656+0000] {dag.py:4180} INFO - Setting next_dagrun for example_params_ui_tutorial to None, run_after=None
[2024-11-14T07:45:45.689+0000] {processor.py:208} INFO - Processing /home/ubuntu/airflow-venv/lib/python3.12/site-packages/airflow/example_dags/example_params_ui_tutorial.py took 0.121 seconds
[2024-11-14T07:46:37.713+0000] {processor.py:186} INFO - Started process (PID=4045) to work on /home/ubuntu/airflow-venv/lib/python3.12/site-packages/airflow/example_dags/example_params_ui_tutorial.py
[2024-11-14T07:46:37.714+0000] {processor.py:914} INFO - Processing file /home/ubuntu/airflow-venv/lib/python3.12/site-packages/airflow/example_dags/example_params_ui_tutorial.py for tasks to queue
[2024-11-14T07:46:37.717+0000] {logging_mixin.py:190} INFO - [2024-11-14T07:46:37.716+0000] {dagbag.py:588} INFO - Filling up the DagBag from /home/ubuntu/airflow-venv/lib/python3.12/site-packages/airflow/example_dags/example_params_ui_tutorial.py
[2024-11-14T07:46:37.727+0000] {processor.py:925} INFO - DAG(s) 'example_params_ui_tutorial' retrieved from /home/ubuntu/airflow-venv/lib/python3.12/site-packages/airflow/example_dags/example_params_ui_tutorial.py
[2024-11-14T07:46:37.767+0000] {logging_mixin.py:190} INFO - [2024-11-14T07:46:37.767+0000] {dag.py:3239} INFO - Sync 1 DAGs
[2024-11-14T07:46:37.786+0000] {logging_mixin.py:190} INFO - [2024-11-14T07:46:37.785+0000] {dag.py:4180} INFO - Setting next_dagrun for example_params_ui_tutorial to None, run_after=None
[2024-11-14T07:46:37.810+0000] {processor.py:208} INFO - Processing /home/ubuntu/airflow-venv/lib/python3.12/site-packages/airflow/example_dags/example_params_ui_tutorial.py took 0.103 seconds
[2024-11-14T07:47:33.765+0000] {processor.py:186} INFO - Started process (PID=4260) to work on /home/ubuntu/airflow-venv/lib/python3.12/site-packages/airflow/example_dags/example_params_ui_tutorial.py
[2024-11-14T07:47:33.766+0000] {processor.py:914} INFO - Processing file /home/ubuntu/airflow-venv/lib/python3.12/site-packages/airflow/example_dags/example_params_ui_tutorial.py for tasks to queue
[2024-11-14T07:47:33.769+0000] {logging_mixin.py:190} INFO - [2024-11-14T07:47:33.769+0000] {dagbag.py:588} INFO - Filling up the DagBag from /home/ubuntu/airflow-venv/lib/python3.12/site-packages/airflow/example_dags/example_params_ui_tutorial.py
[2024-11-14T07:47:33.783+0000] {processor.py:925} INFO - DAG(s) 'example_params_ui_tutorial' retrieved from /home/ubuntu/airflow-venv/lib/python3.12/site-packages/airflow/example_dags/example_params_ui_tutorial.py
[2024-11-14T07:47:33.828+0000] {logging_mixin.py:190} INFO - [2024-11-14T07:47:33.828+0000] {dag.py:3239} INFO - Sync 1 DAGs
[2024-11-14T07:47:33.844+0000] {logging_mixin.py:190} INFO - [2024-11-14T07:47:33.844+0000] {dag.py:4180} INFO - Setting next_dagrun for example_params_ui_tutorial to None, run_after=None
[2024-11-14T07:47:33.872+0000] {processor.py:208} INFO - Processing /home/ubuntu/airflow-venv/lib/python3.12/site-packages/airflow/example_dags/example_params_ui_tutorial.py took 0.113 seconds
[2024-11-14T07:48:36.904+0000] {processor.py:186} INFO - Started process (PID=4604) to work on /home/ubuntu/airflow-venv/lib/python3.12/site-packages/airflow/example_dags/example_params_ui_tutorial.py
[2024-11-14T07:48:36.908+0000] {processor.py:914} INFO - Processing file /home/ubuntu/airflow-venv/lib/python3.12/site-packages/airflow/example_dags/example_params_ui_tutorial.py for tasks to queue
[2024-11-14T07:48:36.914+0000] {logging_mixin.py:190} INFO - [2024-11-14T07:48:36.914+0000] {dagbag.py:588} INFO - Filling up the DagBag from /home/ubuntu/airflow-venv/lib/python3.12/site-packages/airflow/example_dags/example_params_ui_tutorial.py
[2024-11-14T07:48:36.939+0000] {processor.py:925} INFO - DAG(s) 'example_params_ui_tutorial' retrieved from /home/ubuntu/airflow-venv/lib/python3.12/site-packages/airflow/example_dags/example_params_ui_tutorial.py
[2024-11-14T07:48:37.009+0000] {logging_mixin.py:190} INFO - [2024-11-14T07:48:37.009+0000] {dag.py:3239} INFO - Sync 1 DAGs
[2024-11-14T07:48:37.029+0000] {logging_mixin.py:190} INFO - [2024-11-14T07:48:37.029+0000] {dag.py:4180} INFO - Setting next_dagrun for example_params_ui_tutorial to None, run_after=None
[2024-11-14T07:48:37.065+0000] {processor.py:208} INFO - Processing /home/ubuntu/airflow-venv/lib/python3.12/site-packages/airflow/example_dags/example_params_ui_tutorial.py took 0.178 seconds
[2024-11-14T07:49:40.624+0000] {processor.py:186} INFO - Started process (PID=4664) to work on /home/ubuntu/airflow-venv/lib/python3.12/site-packages/airflow/example_dags/example_params_ui_tutorial.py
[2024-11-14T07:49:40.625+0000] {processor.py:914} INFO - Processing file /home/ubuntu/airflow-venv/lib/python3.12/site-packages/airflow/example_dags/example_params_ui_tutorial.py for tasks to queue
[2024-11-14T07:49:40.627+0000] {logging_mixin.py:190} INFO - [2024-11-14T07:49:40.627+0000] {dagbag.py:588} INFO - Filling up the DagBag from /home/ubuntu/airflow-venv/lib/python3.12/site-packages/airflow/example_dags/example_params_ui_tutorial.py
[2024-11-14T07:49:40.639+0000] {processor.py:925} INFO - DAG(s) 'example_params_ui_tutorial' retrieved from /home/ubuntu/airflow-venv/lib/python3.12/site-packages/airflow/example_dags/example_params_ui_tutorial.py
[2024-11-14T07:49:40.688+0000] {logging_mixin.py:190} INFO - [2024-11-14T07:49:40.688+0000] {dag.py:3239} INFO - Sync 1 DAGs
[2024-11-14T07:49:40.713+0000] {logging_mixin.py:190} INFO - [2024-11-14T07:49:40.713+0000] {dag.py:4180} INFO - Setting next_dagrun for example_params_ui_tutorial to None, run_after=None
[2024-11-14T07:49:40.745+0000] {processor.py:208} INFO - Processing /home/ubuntu/airflow-venv/lib/python3.12/site-packages/airflow/example_dags/example_params_ui_tutorial.py took 0.128 seconds
[2024-11-14T07:50:40.204+0000] {processor.py:186} INFO - Started process (PID=4728) to work on /home/ubuntu/airflow-venv/lib/python3.12/site-packages/airflow/example_dags/example_params_ui_tutorial.py
[2024-11-14T07:50:40.209+0000] {processor.py:914} INFO - Processing file /home/ubuntu/airflow-venv/lib/python3.12/site-packages/airflow/example_dags/example_params_ui_tutorial.py for tasks to queue
[2024-11-14T07:50:40.212+0000] {logging_mixin.py:190} INFO - [2024-11-14T07:50:40.210+0000] {dagbag.py:588} INFO - Filling up the DagBag from /home/ubuntu/airflow-venv/lib/python3.12/site-packages/airflow/example_dags/example_params_ui_tutorial.py
[2024-11-14T07:50:40.233+0000] {processor.py:925} INFO - DAG(s) 'example_params_ui_tutorial' retrieved from /home/ubuntu/airflow-venv/lib/python3.12/site-packages/airflow/example_dags/example_params_ui_tutorial.py
[2024-11-14T07:50:40.280+0000] {logging_mixin.py:190} INFO - [2024-11-14T07:50:40.280+0000] {dag.py:3239} INFO - Sync 1 DAGs
[2024-11-14T07:50:40.295+0000] {logging_mixin.py:190} INFO - [2024-11-14T07:50:40.295+0000] {dag.py:4180} INFO - Setting next_dagrun for example_params_ui_tutorial to None, run_after=None
[2024-11-14T07:50:40.321+0000] {processor.py:208} INFO - Processing /home/ubuntu/airflow-venv/lib/python3.12/site-packages/airflow/example_dags/example_params_ui_tutorial.py took 0.127 seconds
[2024-11-14T07:51:44.665+0000] {processor.py:186} INFO - Started process (PID=4791) to work on /home/ubuntu/airflow-venv/lib/python3.12/site-packages/airflow/example_dags/example_params_ui_tutorial.py
[2024-11-14T07:51:44.668+0000] {processor.py:914} INFO - Processing file /home/ubuntu/airflow-venv/lib/python3.12/site-packages/airflow/example_dags/example_params_ui_tutorial.py for tasks to queue
[2024-11-14T07:51:44.673+0000] {logging_mixin.py:190} INFO - [2024-11-14T07:51:44.672+0000] {dagbag.py:588} INFO - Filling up the DagBag from /home/ubuntu/airflow-venv/lib/python3.12/site-packages/airflow/example_dags/example_params_ui_tutorial.py
[2024-11-14T07:51:44.699+0000] {processor.py:925} INFO - DAG(s) 'example_params_ui_tutorial' retrieved from /home/ubuntu/airflow-venv/lib/python3.12/site-packages/airflow/example_dags/example_params_ui_tutorial.py
[2024-11-14T07:51:44.770+0000] {logging_mixin.py:190} INFO - [2024-11-14T07:51:44.770+0000] {dag.py:3239} INFO - Sync 1 DAGs
[2024-11-14T07:51:44.787+0000] {logging_mixin.py:190} INFO - [2024-11-14T07:51:44.787+0000] {dag.py:4180} INFO - Setting next_dagrun for example_params_ui_tutorial to None, run_after=None
[2024-11-14T07:51:44.820+0000] {processor.py:208} INFO - Processing /home/ubuntu/airflow-venv/lib/python3.12/site-packages/airflow/example_dags/example_params_ui_tutorial.py took 0.174 seconds
[2024-11-14T07:52:44.852+0000] {processor.py:186} INFO - Started process (PID=4851) to work on /home/ubuntu/airflow-venv/lib/python3.12/site-packages/airflow/example_dags/example_params_ui_tutorial.py
[2024-11-14T07:52:44.855+0000] {processor.py:914} INFO - Processing file /home/ubuntu/airflow-venv/lib/python3.12/site-packages/airflow/example_dags/example_params_ui_tutorial.py for tasks to queue
[2024-11-14T07:52:44.857+0000] {logging_mixin.py:190} INFO - [2024-11-14T07:52:44.857+0000] {dagbag.py:588} INFO - Filling up the DagBag from /home/ubuntu/airflow-venv/lib/python3.12/site-packages/airflow/example_dags/example_params_ui_tutorial.py
[2024-11-14T07:52:44.871+0000] {processor.py:925} INFO - DAG(s) 'example_params_ui_tutorial' retrieved from /home/ubuntu/airflow-venv/lib/python3.12/site-packages/airflow/example_dags/example_params_ui_tutorial.py
[2024-11-14T07:52:44.916+0000] {logging_mixin.py:190} INFO - [2024-11-14T07:52:44.916+0000] {dag.py:3239} INFO - Sync 1 DAGs
[2024-11-14T07:52:44.931+0000] {logging_mixin.py:190} INFO - [2024-11-14T07:52:44.930+0000] {dag.py:4180} INFO - Setting next_dagrun for example_params_ui_tutorial to None, run_after=None
[2024-11-14T07:52:44.955+0000] {processor.py:208} INFO - Processing /home/ubuntu/airflow-venv/lib/python3.12/site-packages/airflow/example_dags/example_params_ui_tutorial.py took 0.112 seconds
[2024-11-14T07:53:42.387+0000] {processor.py:186} INFO - Started process (PID=4912) to work on /home/ubuntu/airflow-venv/lib/python3.12/site-packages/airflow/example_dags/example_params_ui_tutorial.py
[2024-11-14T07:53:42.388+0000] {processor.py:914} INFO - Processing file /home/ubuntu/airflow-venv/lib/python3.12/site-packages/airflow/example_dags/example_params_ui_tutorial.py for tasks to queue
[2024-11-14T07:53:42.390+0000] {logging_mixin.py:190} INFO - [2024-11-14T07:53:42.389+0000] {dagbag.py:588} INFO - Filling up the DagBag from /home/ubuntu/airflow-venv/lib/python3.12/site-packages/airflow/example_dags/example_params_ui_tutorial.py
[2024-11-14T07:53:42.399+0000] {processor.py:925} INFO - DAG(s) 'example_params_ui_tutorial' retrieved from /home/ubuntu/airflow-venv/lib/python3.12/site-packages/airflow/example_dags/example_params_ui_tutorial.py
[2024-11-14T07:53:42.439+0000] {logging_mixin.py:190} INFO - [2024-11-14T07:53:42.438+0000] {dag.py:3239} INFO - Sync 1 DAGs
[2024-11-14T07:53:42.452+0000] {logging_mixin.py:190} INFO - [2024-11-14T07:53:42.452+0000] {dag.py:4180} INFO - Setting next_dagrun for example_params_ui_tutorial to None, run_after=None
[2024-11-14T07:53:42.476+0000] {processor.py:208} INFO - Processing /home/ubuntu/airflow-venv/lib/python3.12/site-packages/airflow/example_dags/example_params_ui_tutorial.py took 0.095 seconds
[2024-11-14T07:54:44.339+0000] {processor.py:186} INFO - Started process (PID=4973) to work on /home/ubuntu/airflow-venv/lib/python3.12/site-packages/airflow/example_dags/example_params_ui_tutorial.py
[2024-11-14T07:54:44.341+0000] {processor.py:914} INFO - Processing file /home/ubuntu/airflow-venv/lib/python3.12/site-packages/airflow/example_dags/example_params_ui_tutorial.py for tasks to queue
[2024-11-14T07:54:44.343+0000] {logging_mixin.py:190} INFO - [2024-11-14T07:54:44.342+0000] {dagbag.py:588} INFO - Filling up the DagBag from /home/ubuntu/airflow-venv/lib/python3.12/site-packages/airflow/example_dags/example_params_ui_tutorial.py
[2024-11-14T07:54:44.355+0000] {processor.py:925} INFO - DAG(s) 'example_params_ui_tutorial' retrieved from /home/ubuntu/airflow-venv/lib/python3.12/site-packages/airflow/example_dags/example_params_ui_tutorial.py
[2024-11-14T07:54:44.406+0000] {logging_mixin.py:190} INFO - [2024-11-14T07:54:44.405+0000] {dag.py:3239} INFO - Sync 1 DAGs
[2024-11-14T07:54:44.421+0000] {logging_mixin.py:190} INFO - [2024-11-14T07:54:44.421+0000] {dag.py:4180} INFO - Setting next_dagrun for example_params_ui_tutorial to None, run_after=None
[2024-11-14T07:54:44.447+0000] {processor.py:208} INFO - Processing /home/ubuntu/airflow-venv/lib/python3.12/site-packages/airflow/example_dags/example_params_ui_tutorial.py took 0.116 seconds
[2024-11-14T07:55:44.161+0000] {processor.py:186} INFO - Started process (PID=5036) to work on /home/ubuntu/airflow-venv/lib/python3.12/site-packages/airflow/example_dags/example_params_ui_tutorial.py
[2024-11-14T07:55:44.165+0000] {processor.py:914} INFO - Processing file /home/ubuntu/airflow-venv/lib/python3.12/site-packages/airflow/example_dags/example_params_ui_tutorial.py for tasks to queue
[2024-11-14T07:55:44.167+0000] {logging_mixin.py:190} INFO - [2024-11-14T07:55:44.166+0000] {dagbag.py:588} INFO - Filling up the DagBag from /home/ubuntu/airflow-venv/lib/python3.12/site-packages/airflow/example_dags/example_params_ui_tutorial.py
[2024-11-14T07:55:44.188+0000] {processor.py:925} INFO - DAG(s) 'example_params_ui_tutorial' retrieved from /home/ubuntu/airflow-venv/lib/python3.12/site-packages/airflow/example_dags/example_params_ui_tutorial.py
[2024-11-14T07:55:44.252+0000] {logging_mixin.py:190} INFO - [2024-11-14T07:55:44.252+0000] {dag.py:3239} INFO - Sync 1 DAGs
[2024-11-14T07:55:44.265+0000] {logging_mixin.py:190} INFO - [2024-11-14T07:55:44.265+0000] {dag.py:4180} INFO - Setting next_dagrun for example_params_ui_tutorial to None, run_after=None
[2024-11-14T07:55:44.288+0000] {processor.py:208} INFO - Processing /home/ubuntu/airflow-venv/lib/python3.12/site-packages/airflow/example_dags/example_params_ui_tutorial.py took 0.140 seconds
[2024-11-14T07:56:45.113+0000] {processor.py:186} INFO - Started process (PID=5097) to work on /home/ubuntu/airflow-venv/lib/python3.12/site-packages/airflow/example_dags/example_params_ui_tutorial.py
[2024-11-14T07:56:45.115+0000] {processor.py:914} INFO - Processing file /home/ubuntu/airflow-venv/lib/python3.12/site-packages/airflow/example_dags/example_params_ui_tutorial.py for tasks to queue
[2024-11-14T07:56:45.116+0000] {logging_mixin.py:190} INFO - [2024-11-14T07:56:45.116+0000] {dagbag.py:588} INFO - Filling up the DagBag from /home/ubuntu/airflow-venv/lib/python3.12/site-packages/airflow/example_dags/example_params_ui_tutorial.py
[2024-11-14T07:56:45.131+0000] {processor.py:925} INFO - DAG(s) 'example_params_ui_tutorial' retrieved from /home/ubuntu/airflow-venv/lib/python3.12/site-packages/airflow/example_dags/example_params_ui_tutorial.py
[2024-11-14T07:56:45.188+0000] {logging_mixin.py:190} INFO - [2024-11-14T07:56:45.187+0000] {dag.py:3239} INFO - Sync 1 DAGs
[2024-11-14T07:56:45.205+0000] {logging_mixin.py:190} INFO - [2024-11-14T07:56:45.205+0000] {dag.py:4180} INFO - Setting next_dagrun for example_params_ui_tutorial to None, run_after=None
[2024-11-14T07:56:45.237+0000] {processor.py:208} INFO - Processing /home/ubuntu/airflow-venv/lib/python3.12/site-packages/airflow/example_dags/example_params_ui_tutorial.py took 0.134 seconds
[2024-11-14T07:57:44.660+0000] {processor.py:186} INFO - Started process (PID=5159) to work on /home/ubuntu/airflow-venv/lib/python3.12/site-packages/airflow/example_dags/example_params_ui_tutorial.py
[2024-11-14T07:57:44.661+0000] {processor.py:914} INFO - Processing file /home/ubuntu/airflow-venv/lib/python3.12/site-packages/airflow/example_dags/example_params_ui_tutorial.py for tasks to queue
[2024-11-14T07:57:44.663+0000] {logging_mixin.py:190} INFO - [2024-11-14T07:57:44.662+0000] {dagbag.py:588} INFO - Filling up the DagBag from /home/ubuntu/airflow-venv/lib/python3.12/site-packages/airflow/example_dags/example_params_ui_tutorial.py
[2024-11-14T07:57:44.673+0000] {processor.py:925} INFO - DAG(s) 'example_params_ui_tutorial' retrieved from /home/ubuntu/airflow-venv/lib/python3.12/site-packages/airflow/example_dags/example_params_ui_tutorial.py
[2024-11-14T07:57:44.711+0000] {logging_mixin.py:190} INFO - [2024-11-14T07:57:44.711+0000] {dag.py:3239} INFO - Sync 1 DAGs
[2024-11-14T07:57:44.724+0000] {logging_mixin.py:190} INFO - [2024-11-14T07:57:44.724+0000] {dag.py:4180} INFO - Setting next_dagrun for example_params_ui_tutorial to None, run_after=None
[2024-11-14T07:57:44.746+0000] {processor.py:208} INFO - Processing /home/ubuntu/airflow-venv/lib/python3.12/site-packages/airflow/example_dags/example_params_ui_tutorial.py took 0.092 seconds
[2024-11-14T07:58:44.729+0000] {processor.py:186} INFO - Started process (PID=5219) to work on /home/ubuntu/airflow-venv/lib/python3.12/site-packages/airflow/example_dags/example_params_ui_tutorial.py
[2024-11-14T07:58:44.731+0000] {processor.py:914} INFO - Processing file /home/ubuntu/airflow-venv/lib/python3.12/site-packages/airflow/example_dags/example_params_ui_tutorial.py for tasks to queue
[2024-11-14T07:58:44.735+0000] {logging_mixin.py:190} INFO - [2024-11-14T07:58:44.734+0000] {dagbag.py:588} INFO - Filling up the DagBag from /home/ubuntu/airflow-venv/lib/python3.12/site-packages/airflow/example_dags/example_params_ui_tutorial.py
[2024-11-14T07:58:44.745+0000] {processor.py:925} INFO - DAG(s) 'example_params_ui_tutorial' retrieved from /home/ubuntu/airflow-venv/lib/python3.12/site-packages/airflow/example_dags/example_params_ui_tutorial.py
[2024-11-14T07:58:44.787+0000] {logging_mixin.py:190} INFO - [2024-11-14T07:58:44.786+0000] {dag.py:3239} INFO - Sync 1 DAGs
[2024-11-14T07:58:44.803+0000] {logging_mixin.py:190} INFO - [2024-11-14T07:58:44.803+0000] {dag.py:4180} INFO - Setting next_dagrun for example_params_ui_tutorial to None, run_after=None
[2024-11-14T07:58:44.825+0000] {processor.py:208} INFO - Processing /home/ubuntu/airflow-venv/lib/python3.12/site-packages/airflow/example_dags/example_params_ui_tutorial.py took 0.106 seconds
[2024-11-14T07:59:44.529+0000] {processor.py:186} INFO - Started process (PID=5279) to work on /home/ubuntu/airflow-venv/lib/python3.12/site-packages/airflow/example_dags/example_params_ui_tutorial.py
[2024-11-14T07:59:44.530+0000] {processor.py:914} INFO - Processing file /home/ubuntu/airflow-venv/lib/python3.12/site-packages/airflow/example_dags/example_params_ui_tutorial.py for tasks to queue
[2024-11-14T07:59:44.532+0000] {logging_mixin.py:190} INFO - [2024-11-14T07:59:44.531+0000] {dagbag.py:588} INFO - Filling up the DagBag from /home/ubuntu/airflow-venv/lib/python3.12/site-packages/airflow/example_dags/example_params_ui_tutorial.py
[2024-11-14T07:59:44.542+0000] {processor.py:925} INFO - DAG(s) 'example_params_ui_tutorial' retrieved from /home/ubuntu/airflow-venv/lib/python3.12/site-packages/airflow/example_dags/example_params_ui_tutorial.py
[2024-11-14T07:59:44.586+0000] {logging_mixin.py:190} INFO - [2024-11-14T07:59:44.586+0000] {dag.py:3239} INFO - Sync 1 DAGs
[2024-11-14T07:59:44.601+0000] {logging_mixin.py:190} INFO - [2024-11-14T07:59:44.600+0000] {dag.py:4180} INFO - Setting next_dagrun for example_params_ui_tutorial to None, run_after=None
[2024-11-14T07:59:44.628+0000] {processor.py:208} INFO - Processing /home/ubuntu/airflow-venv/lib/python3.12/site-packages/airflow/example_dags/example_params_ui_tutorial.py took 0.106 seconds
[2024-11-14T08:00:45.328+0000] {processor.py:186} INFO - Started process (PID=5341) to work on /home/ubuntu/airflow-venv/lib/python3.12/site-packages/airflow/example_dags/example_params_ui_tutorial.py
[2024-11-14T08:00:45.329+0000] {processor.py:914} INFO - Processing file /home/ubuntu/airflow-venv/lib/python3.12/site-packages/airflow/example_dags/example_params_ui_tutorial.py for tasks to queue
[2024-11-14T08:00:45.330+0000] {logging_mixin.py:190} INFO - [2024-11-14T08:00:45.330+0000] {dagbag.py:588} INFO - Filling up the DagBag from /home/ubuntu/airflow-venv/lib/python3.12/site-packages/airflow/example_dags/example_params_ui_tutorial.py
[2024-11-14T08:00:45.340+0000] {processor.py:925} INFO - DAG(s) 'example_params_ui_tutorial' retrieved from /home/ubuntu/airflow-venv/lib/python3.12/site-packages/airflow/example_dags/example_params_ui_tutorial.py
[2024-11-14T08:00:45.387+0000] {logging_mixin.py:190} INFO - [2024-11-14T08:00:45.387+0000] {dag.py:3239} INFO - Sync 1 DAGs
[2024-11-14T08:00:45.401+0000] {logging_mixin.py:190} INFO - [2024-11-14T08:00:45.401+0000] {dag.py:4180} INFO - Setting next_dagrun for example_params_ui_tutorial to None, run_after=None
[2024-11-14T08:00:45.424+0000] {processor.py:208} INFO - Processing /home/ubuntu/airflow-venv/lib/python3.12/site-packages/airflow/example_dags/example_params_ui_tutorial.py took 0.102 seconds
[2024-11-14T08:01:45.356+0000] {processor.py:186} INFO - Started process (PID=5405) to work on /home/ubuntu/airflow-venv/lib/python3.12/site-packages/airflow/example_dags/example_params_ui_tutorial.py
[2024-11-14T08:01:45.359+0000] {processor.py:914} INFO - Processing file /home/ubuntu/airflow-venv/lib/python3.12/site-packages/airflow/example_dags/example_params_ui_tutorial.py for tasks to queue
[2024-11-14T08:01:45.361+0000] {logging_mixin.py:190} INFO - [2024-11-14T08:01:45.360+0000] {dagbag.py:588} INFO - Filling up the DagBag from /home/ubuntu/airflow-venv/lib/python3.12/site-packages/airflow/example_dags/example_params_ui_tutorial.py
[2024-11-14T08:01:45.386+0000] {processor.py:925} INFO - DAG(s) 'example_params_ui_tutorial' retrieved from /home/ubuntu/airflow-venv/lib/python3.12/site-packages/airflow/example_dags/example_params_ui_tutorial.py
[2024-11-14T08:01:45.475+0000] {logging_mixin.py:190} INFO - [2024-11-14T08:01:45.473+0000] {dag.py:3239} INFO - Sync 1 DAGs
[2024-11-14T08:01:45.495+0000] {logging_mixin.py:190} INFO - [2024-11-14T08:01:45.495+0000] {dag.py:4180} INFO - Setting next_dagrun for example_params_ui_tutorial to None, run_after=None
[2024-11-14T08:01:45.540+0000] {processor.py:208} INFO - Processing /home/ubuntu/airflow-venv/lib/python3.12/site-packages/airflow/example_dags/example_params_ui_tutorial.py took 0.193 seconds
[2024-11-14T08:02:44.910+0000] {processor.py:186} INFO - Started process (PID=5468) to work on /home/ubuntu/airflow-venv/lib/python3.12/site-packages/airflow/example_dags/example_params_ui_tutorial.py
[2024-11-14T08:02:44.912+0000] {processor.py:914} INFO - Processing file /home/ubuntu/airflow-venv/lib/python3.12/site-packages/airflow/example_dags/example_params_ui_tutorial.py for tasks to queue
[2024-11-14T08:02:44.913+0000] {logging_mixin.py:190} INFO - [2024-11-14T08:02:44.913+0000] {dagbag.py:588} INFO - Filling up the DagBag from /home/ubuntu/airflow-venv/lib/python3.12/site-packages/airflow/example_dags/example_params_ui_tutorial.py
[2024-11-14T08:02:44.923+0000] {processor.py:925} INFO - DAG(s) 'example_params_ui_tutorial' retrieved from /home/ubuntu/airflow-venv/lib/python3.12/site-packages/airflow/example_dags/example_params_ui_tutorial.py
[2024-11-14T08:02:44.965+0000] {logging_mixin.py:190} INFO - [2024-11-14T08:02:44.965+0000] {dag.py:3239} INFO - Sync 1 DAGs
[2024-11-14T08:02:44.980+0000] {logging_mixin.py:190} INFO - [2024-11-14T08:02:44.979+0000] {dag.py:4180} INFO - Setting next_dagrun for example_params_ui_tutorial to None, run_after=None
[2024-11-14T08:02:45.005+0000] {processor.py:208} INFO - Processing /home/ubuntu/airflow-venv/lib/python3.12/site-packages/airflow/example_dags/example_params_ui_tutorial.py took 0.103 seconds
