[2024-11-14T07:41:28.726+0000] {processor.py:186} INFO - Started process (PID=3726) to work on /home/ubuntu/airflow-venv/lib/python3.12/site-packages/airflow/example_dags/example_branch_datetime_operator.py
[2024-11-14T07:41:28.727+0000] {processor.py:914} INFO - Processing file /home/ubuntu/airflow-venv/lib/python3.12/site-packages/airflow/example_dags/example_branch_datetime_operator.py for tasks to queue
[2024-11-14T07:41:28.730+0000] {logging_mixin.py:190} INFO - [2024-11-14T07:41:28.729+0000] {dagbag.py:588} INFO - Filling up the DagBag from /home/ubuntu/airflow-venv/lib/python3.12/site-packages/airflow/example_dags/example_branch_datetime_operator.py
[2024-11-14T07:41:28.746+0000] {processor.py:925} INFO - DAG(s) 'example_branch_datetime_operator', 'example_branch_datetime_operator_3', 'example_branch_datetime_operator_2' retrieved from /home/ubuntu/airflow-venv/lib/python3.12/site-packages/airflow/example_dags/example_branch_datetime_operator.py
[2024-11-14T07:41:28.892+0000] {logging_mixin.py:190} INFO - [2024-11-14T07:41:28.891+0000] {override.py:1911} INFO - Created Permission View: can delete on DAG:example_branch_datetime_operator
[2024-11-14T07:41:28.909+0000] {logging_mixin.py:190} INFO - [2024-11-14T07:41:28.909+0000] {override.py:1911} INFO - Created Permission View: can read on DAG:example_branch_datetime_operator
[2024-11-14T07:41:28.922+0000] {logging_mixin.py:190} INFO - [2024-11-14T07:41:28.922+0000] {override.py:1911} INFO - Created Permission View: can edit on DAG:example_branch_datetime_operator
[2024-11-14T07:41:28.945+0000] {logging_mixin.py:190} INFO - [2024-11-14T07:41:28.944+0000] {override.py:1911} INFO - Created Permission View: can delete on DAG Run:example_branch_datetime_operator
[2024-11-14T07:41:28.961+0000] {logging_mixin.py:190} INFO - [2024-11-14T07:41:28.961+0000] {override.py:1911} INFO - Created Permission View: can create on DAG Run:example_branch_datetime_operator
[2024-11-14T07:41:28.974+0000] {logging_mixin.py:190} INFO - [2024-11-14T07:41:28.973+0000] {override.py:1911} INFO - Created Permission View: can read on DAG Run:example_branch_datetime_operator
[2024-11-14T07:41:28.986+0000] {logging_mixin.py:190} INFO - [2024-11-14T07:41:28.985+0000] {override.py:1911} INFO - Created Permission View: menu access on DAG Run:example_branch_datetime_operator
[2024-11-14T07:41:29.017+0000] {logging_mixin.py:190} INFO - [2024-11-14T07:41:29.017+0000] {override.py:1911} INFO - Created Permission View: can delete on DAG:example_branch_datetime_operator_3
[2024-11-14T07:41:29.037+0000] {logging_mixin.py:190} INFO - [2024-11-14T07:41:29.034+0000] {override.py:1911} INFO - Created Permission View: can read on DAG:example_branch_datetime_operator_3
[2024-11-14T07:41:29.061+0000] {logging_mixin.py:190} INFO - [2024-11-14T07:41:29.060+0000] {override.py:1911} INFO - Created Permission View: can edit on DAG:example_branch_datetime_operator_3
[2024-11-14T07:41:29.089+0000] {logging_mixin.py:190} INFO - [2024-11-14T07:41:29.086+0000] {override.py:1911} INFO - Created Permission View: can delete on DAG Run:example_branch_datetime_operator_3
[2024-11-14T07:41:29.105+0000] {logging_mixin.py:190} INFO - [2024-11-14T07:41:29.104+0000] {override.py:1911} INFO - Created Permission View: can create on DAG Run:example_branch_datetime_operator_3
[2024-11-14T07:41:29.116+0000] {logging_mixin.py:190} INFO - [2024-11-14T07:41:29.116+0000] {override.py:1911} INFO - Created Permission View: can read on DAG Run:example_branch_datetime_operator_3
[2024-11-14T07:41:29.148+0000] {logging_mixin.py:190} INFO - [2024-11-14T07:41:29.147+0000] {override.py:1911} INFO - Created Permission View: menu access on DAG Run:example_branch_datetime_operator_3
[2024-11-14T07:41:29.205+0000] {logging_mixin.py:190} INFO - [2024-11-14T07:41:29.205+0000] {override.py:1911} INFO - Created Permission View: can delete on DAG:example_branch_datetime_operator_2
[2024-11-14T07:41:29.230+0000] {logging_mixin.py:190} INFO - [2024-11-14T07:41:29.228+0000] {override.py:1911} INFO - Created Permission View: can read on DAG:example_branch_datetime_operator_2
[2024-11-14T07:41:29.239+0000] {logging_mixin.py:190} INFO - [2024-11-14T07:41:29.239+0000] {override.py:1911} INFO - Created Permission View: can edit on DAG:example_branch_datetime_operator_2
[2024-11-14T07:41:29.252+0000] {logging_mixin.py:190} INFO - [2024-11-14T07:41:29.252+0000] {override.py:1911} INFO - Created Permission View: can delete on DAG Run:example_branch_datetime_operator_2
[2024-11-14T07:41:29.260+0000] {logging_mixin.py:190} INFO - [2024-11-14T07:41:29.260+0000] {override.py:1911} INFO - Created Permission View: can create on DAG Run:example_branch_datetime_operator_2
[2024-11-14T07:41:29.270+0000] {logging_mixin.py:190} INFO - [2024-11-14T07:41:29.269+0000] {override.py:1911} INFO - Created Permission View: can read on DAG Run:example_branch_datetime_operator_2
[2024-11-14T07:41:29.278+0000] {logging_mixin.py:190} INFO - [2024-11-14T07:41:29.278+0000] {override.py:1911} INFO - Created Permission View: menu access on DAG Run:example_branch_datetime_operator_2
[2024-11-14T07:41:29.279+0000] {logging_mixin.py:190} INFO - [2024-11-14T07:41:29.279+0000] {dag.py:3239} INFO - Sync 3 DAGs
[2024-11-14T07:41:29.296+0000] {logging_mixin.py:190} INFO - [2024-11-14T07:41:29.295+0000] {dag.py:3262} INFO - Creating ORM DAG for example_branch_datetime_operator
[2024-11-14T07:41:29.296+0000] {logging_mixin.py:190} INFO - [2024-11-14T07:41:29.296+0000] {dag.py:3262} INFO - Creating ORM DAG for example_branch_datetime_operator_3
[2024-11-14T07:41:29.297+0000] {logging_mixin.py:190} INFO - [2024-11-14T07:41:29.297+0000] {dag.py:3262} INFO - Creating ORM DAG for example_branch_datetime_operator_2
[2024-11-14T07:41:29.311+0000] {logging_mixin.py:190} INFO - [2024-11-14T07:41:29.311+0000] {dag.py:4180} INFO - Setting next_dagrun for example_branch_datetime_operator to 2024-11-13 00:00:00+00:00, run_after=2024-11-14 00:00:00+00:00
[2024-11-14T07:41:29.313+0000] {logging_mixin.py:190} INFO - [2024-11-14T07:41:29.313+0000] {dag.py:4180} INFO - Setting next_dagrun for example_branch_datetime_operator_2 to 2024-11-13 00:00:00+00:00, run_after=2024-11-14 00:00:00+00:00
[2024-11-14T07:41:29.315+0000] {logging_mixin.py:190} INFO - [2024-11-14T07:41:29.315+0000] {dag.py:4180} INFO - Setting next_dagrun for example_branch_datetime_operator_3 to 2024-11-13 00:00:00+00:00, run_after=2024-11-14 00:00:00+00:00
[2024-11-14T07:41:29.346+0000] {processor.py:208} INFO - Processing /home/ubuntu/airflow-venv/lib/python3.12/site-packages/airflow/example_dags/example_branch_datetime_operator.py took 0.628 seconds
[2024-11-14T07:42:33.615+0000] {processor.py:186} INFO - Started process (PID=3789) to work on /home/ubuntu/airflow-venv/lib/python3.12/site-packages/airflow/example_dags/example_branch_datetime_operator.py
[2024-11-14T07:42:33.617+0000] {processor.py:914} INFO - Processing file /home/ubuntu/airflow-venv/lib/python3.12/site-packages/airflow/example_dags/example_branch_datetime_operator.py for tasks to queue
[2024-11-14T07:42:33.619+0000] {logging_mixin.py:190} INFO - [2024-11-14T07:42:33.619+0000] {dagbag.py:588} INFO - Filling up the DagBag from /home/ubuntu/airflow-venv/lib/python3.12/site-packages/airflow/example_dags/example_branch_datetime_operator.py
[2024-11-14T07:42:33.635+0000] {processor.py:925} INFO - DAG(s) 'example_branch_datetime_operator_2', 'example_branch_datetime_operator', 'example_branch_datetime_operator_3' retrieved from /home/ubuntu/airflow-venv/lib/python3.12/site-packages/airflow/example_dags/example_branch_datetime_operator.py
[2024-11-14T07:42:33.660+0000] {logging_mixin.py:190} INFO - [2024-11-14T07:42:33.660+0000] {dag.py:3239} INFO - Sync 3 DAGs
[2024-11-14T07:42:33.689+0000] {logging_mixin.py:190} INFO - [2024-11-14T07:42:33.689+0000] {dag.py:4180} INFO - Setting next_dagrun for example_branch_datetime_operator to 2024-11-13 00:00:00+00:00, run_after=2024-11-14 00:00:00+00:00
[2024-11-14T07:42:33.694+0000] {logging_mixin.py:190} INFO - [2024-11-14T07:42:33.694+0000] {dag.py:4180} INFO - Setting next_dagrun for example_branch_datetime_operator_2 to 2024-11-13 00:00:00+00:00, run_after=2024-11-14 00:00:00+00:00
[2024-11-14T07:42:33.697+0000] {logging_mixin.py:190} INFO - [2024-11-14T07:42:33.697+0000] {dag.py:4180} INFO - Setting next_dagrun for example_branch_datetime_operator_3 to 2024-11-13 00:00:00+00:00, run_after=2024-11-14 00:00:00+00:00
[2024-11-14T07:42:33.722+0000] {processor.py:208} INFO - Processing /home/ubuntu/airflow-venv/lib/python3.12/site-packages/airflow/example_dags/example_branch_datetime_operator.py took 0.113 seconds
[2024-11-14T07:43:52.806+0000] {processor.py:186} INFO - Started process (PID=3870) to work on /home/ubuntu/airflow-venv/lib/python3.12/site-packages/airflow/example_dags/example_branch_datetime_operator.py
[2024-11-14T07:43:52.809+0000] {processor.py:914} INFO - Processing file /home/ubuntu/airflow-venv/lib/python3.12/site-packages/airflow/example_dags/example_branch_datetime_operator.py for tasks to queue
[2024-11-14T07:43:52.811+0000] {logging_mixin.py:190} INFO - [2024-11-14T07:43:52.811+0000] {dagbag.py:588} INFO - Filling up the DagBag from /home/ubuntu/airflow-venv/lib/python3.12/site-packages/airflow/example_dags/example_branch_datetime_operator.py
[2024-11-14T07:43:52.836+0000] {processor.py:925} INFO - DAG(s) 'example_branch_datetime_operator', 'example_branch_datetime_operator_3', 'example_branch_datetime_operator_2' retrieved from /home/ubuntu/airflow-venv/lib/python3.12/site-packages/airflow/example_dags/example_branch_datetime_operator.py
[2024-11-14T07:43:52.880+0000] {logging_mixin.py:190} INFO - [2024-11-14T07:43:52.880+0000] {dag.py:3239} INFO - Sync 3 DAGs
[2024-11-14T07:43:52.906+0000] {logging_mixin.py:190} INFO - [2024-11-14T07:43:52.906+0000] {dag.py:4180} INFO - Setting next_dagrun for example_branch_datetime_operator to 2024-11-13 00:00:00+00:00, run_after=2024-11-14 00:00:00+00:00
[2024-11-14T07:43:52.911+0000] {logging_mixin.py:190} INFO - [2024-11-14T07:43:52.911+0000] {dag.py:4180} INFO - Setting next_dagrun for example_branch_datetime_operator_2 to 2024-11-13 00:00:00+00:00, run_after=2024-11-14 00:00:00+00:00
[2024-11-14T07:43:52.913+0000] {logging_mixin.py:190} INFO - [2024-11-14T07:43:52.913+0000] {dag.py:4180} INFO - Setting next_dagrun for example_branch_datetime_operator_3 to 2024-11-13 00:00:00+00:00, run_after=2024-11-14 00:00:00+00:00
[2024-11-14T07:43:52.959+0000] {processor.py:208} INFO - Processing /home/ubuntu/airflow-venv/lib/python3.12/site-packages/airflow/example_dags/example_branch_datetime_operator.py took 0.169 seconds
[2024-11-14T07:44:53.648+0000] {processor.py:186} INFO - Started process (PID=3928) to work on /home/ubuntu/airflow-venv/lib/python3.12/site-packages/airflow/example_dags/example_branch_datetime_operator.py
[2024-11-14T07:44:53.650+0000] {processor.py:914} INFO - Processing file /home/ubuntu/airflow-venv/lib/python3.12/site-packages/airflow/example_dags/example_branch_datetime_operator.py for tasks to queue
[2024-11-14T07:44:53.652+0000] {logging_mixin.py:190} INFO - [2024-11-14T07:44:53.652+0000] {dagbag.py:588} INFO - Filling up the DagBag from /home/ubuntu/airflow-venv/lib/python3.12/site-packages/airflow/example_dags/example_branch_datetime_operator.py
[2024-11-14T07:44:53.664+0000] {processor.py:925} INFO - DAG(s) 'example_branch_datetime_operator_2', 'example_branch_datetime_operator', 'example_branch_datetime_operator_3' retrieved from /home/ubuntu/airflow-venv/lib/python3.12/site-packages/airflow/example_dags/example_branch_datetime_operator.py
[2024-11-14T07:44:53.687+0000] {logging_mixin.py:190} INFO - [2024-11-14T07:44:53.686+0000] {dag.py:3239} INFO - Sync 3 DAGs
[2024-11-14T07:44:53.707+0000] {logging_mixin.py:190} INFO - [2024-11-14T07:44:53.707+0000] {dag.py:4180} INFO - Setting next_dagrun for example_branch_datetime_operator to 2024-11-13 00:00:00+00:00, run_after=2024-11-14 00:00:00+00:00
[2024-11-14T07:44:53.711+0000] {logging_mixin.py:190} INFO - [2024-11-14T07:44:53.711+0000] {dag.py:4180} INFO - Setting next_dagrun for example_branch_datetime_operator_2 to 2024-11-13 00:00:00+00:00, run_after=2024-11-14 00:00:00+00:00
[2024-11-14T07:44:53.713+0000] {logging_mixin.py:190} INFO - [2024-11-14T07:44:53.713+0000] {dag.py:4180} INFO - Setting next_dagrun for example_branch_datetime_operator_3 to 2024-11-13 00:00:00+00:00, run_after=2024-11-14 00:00:00+00:00
[2024-11-14T07:44:53.734+0000] {processor.py:208} INFO - Processing /home/ubuntu/airflow-venv/lib/python3.12/site-packages/airflow/example_dags/example_branch_datetime_operator.py took 0.091 seconds
[2024-11-14T07:46:13.108+0000] {processor.py:186} INFO - Started process (PID=4018) to work on /home/ubuntu/airflow-venv/lib/python3.12/site-packages/airflow/example_dags/example_branch_datetime_operator.py
[2024-11-14T07:46:13.110+0000] {processor.py:914} INFO - Processing file /home/ubuntu/airflow-venv/lib/python3.12/site-packages/airflow/example_dags/example_branch_datetime_operator.py for tasks to queue
[2024-11-14T07:46:13.112+0000] {logging_mixin.py:190} INFO - [2024-11-14T07:46:13.112+0000] {dagbag.py:588} INFO - Filling up the DagBag from /home/ubuntu/airflow-venv/lib/python3.12/site-packages/airflow/example_dags/example_branch_datetime_operator.py
[2024-11-14T07:46:13.129+0000] {processor.py:925} INFO - DAG(s) 'example_branch_datetime_operator_2', 'example_branch_datetime_operator', 'example_branch_datetime_operator_3' retrieved from /home/ubuntu/airflow-venv/lib/python3.12/site-packages/airflow/example_dags/example_branch_datetime_operator.py
[2024-11-14T07:46:13.158+0000] {logging_mixin.py:190} INFO - [2024-11-14T07:46:13.157+0000] {dag.py:3239} INFO - Sync 3 DAGs
[2024-11-14T07:46:13.191+0000] {logging_mixin.py:190} INFO - [2024-11-14T07:46:13.190+0000] {dag.py:4180} INFO - Setting next_dagrun for example_branch_datetime_operator to 2024-11-13 00:00:00+00:00, run_after=2024-11-14 00:00:00+00:00
[2024-11-14T07:46:13.197+0000] {logging_mixin.py:190} INFO - [2024-11-14T07:46:13.196+0000] {dag.py:4180} INFO - Setting next_dagrun for example_branch_datetime_operator_2 to 2024-11-13 00:00:00+00:00, run_after=2024-11-14 00:00:00+00:00
[2024-11-14T07:46:13.200+0000] {logging_mixin.py:190} INFO - [2024-11-14T07:46:13.199+0000] {dag.py:4180} INFO - Setting next_dagrun for example_branch_datetime_operator_3 to 2024-11-13 00:00:00+00:00, run_after=2024-11-14 00:00:00+00:00
[2024-11-14T07:46:13.226+0000] {processor.py:208} INFO - Processing /home/ubuntu/airflow-venv/lib/python3.12/site-packages/airflow/example_dags/example_branch_datetime_operator.py took 0.126 seconds
[2024-11-14T07:47:35.321+0000] {processor.py:186} INFO - Started process (PID=4262) to work on /home/ubuntu/airflow-venv/lib/python3.12/site-packages/airflow/example_dags/example_branch_datetime_operator.py
[2024-11-14T07:47:35.323+0000] {processor.py:914} INFO - Processing file /home/ubuntu/airflow-venv/lib/python3.12/site-packages/airflow/example_dags/example_branch_datetime_operator.py for tasks to queue
[2024-11-14T07:47:35.325+0000] {logging_mixin.py:190} INFO - [2024-11-14T07:47:35.325+0000] {dagbag.py:588} INFO - Filling up the DagBag from /home/ubuntu/airflow-venv/lib/python3.12/site-packages/airflow/example_dags/example_branch_datetime_operator.py
[2024-11-14T07:47:35.338+0000] {processor.py:925} INFO - DAG(s) 'example_branch_datetime_operator', 'example_branch_datetime_operator_2', 'example_branch_datetime_operator_3' retrieved from /home/ubuntu/airflow-venv/lib/python3.12/site-packages/airflow/example_dags/example_branch_datetime_operator.py
[2024-11-14T07:47:35.362+0000] {logging_mixin.py:190} INFO - [2024-11-14T07:47:35.362+0000] {dag.py:3239} INFO - Sync 3 DAGs
[2024-11-14T07:47:35.392+0000] {logging_mixin.py:190} INFO - [2024-11-14T07:47:35.392+0000] {dag.py:4180} INFO - Setting next_dagrun for example_branch_datetime_operator to 2024-11-13 00:00:00+00:00, run_after=2024-11-14 00:00:00+00:00
[2024-11-14T07:47:35.399+0000] {logging_mixin.py:190} INFO - [2024-11-14T07:47:35.398+0000] {dag.py:4180} INFO - Setting next_dagrun for example_branch_datetime_operator_2 to 2024-11-13 00:00:00+00:00, run_after=2024-11-14 00:00:00+00:00
[2024-11-14T07:47:35.401+0000] {logging_mixin.py:190} INFO - [2024-11-14T07:47:35.401+0000] {dag.py:4180} INFO - Setting next_dagrun for example_branch_datetime_operator_3 to 2024-11-13 00:00:00+00:00, run_after=2024-11-14 00:00:00+00:00
[2024-11-14T07:47:35.425+0000] {processor.py:208} INFO - Processing /home/ubuntu/airflow-venv/lib/python3.12/site-packages/airflow/example_dags/example_branch_datetime_operator.py took 0.110 seconds
[2024-11-14T07:48:40.765+0000] {processor.py:186} INFO - Started process (PID=4607) to work on /home/ubuntu/airflow-venv/lib/python3.12/site-packages/airflow/example_dags/example_branch_datetime_operator.py
[2024-11-14T07:48:40.770+0000] {processor.py:914} INFO - Processing file /home/ubuntu/airflow-venv/lib/python3.12/site-packages/airflow/example_dags/example_branch_datetime_operator.py for tasks to queue
[2024-11-14T07:48:40.776+0000] {logging_mixin.py:190} INFO - [2024-11-14T07:48:40.773+0000] {dagbag.py:588} INFO - Filling up the DagBag from /home/ubuntu/airflow-venv/lib/python3.12/site-packages/airflow/example_dags/example_branch_datetime_operator.py
[2024-11-14T07:48:40.794+0000] {processor.py:925} INFO - DAG(s) 'example_branch_datetime_operator', 'example_branch_datetime_operator_2', 'example_branch_datetime_operator_3' retrieved from /home/ubuntu/airflow-venv/lib/python3.12/site-packages/airflow/example_dags/example_branch_datetime_operator.py
[2024-11-14T07:48:40.843+0000] {logging_mixin.py:190} INFO - [2024-11-14T07:48:40.843+0000] {dag.py:3239} INFO - Sync 3 DAGs
[2024-11-14T07:48:40.877+0000] {logging_mixin.py:190} INFO - [2024-11-14T07:48:40.877+0000] {dag.py:4180} INFO - Setting next_dagrun for example_branch_datetime_operator to 2024-11-13 00:00:00+00:00, run_after=2024-11-14 00:00:00+00:00
[2024-11-14T07:48:40.884+0000] {logging_mixin.py:190} INFO - [2024-11-14T07:48:40.884+0000] {dag.py:4180} INFO - Setting next_dagrun for example_branch_datetime_operator_2 to 2024-11-13 00:00:00+00:00, run_after=2024-11-14 00:00:00+00:00
[2024-11-14T07:48:40.887+0000] {logging_mixin.py:190} INFO - [2024-11-14T07:48:40.887+0000] {dag.py:4180} INFO - Setting next_dagrun for example_branch_datetime_operator_3 to 2024-11-13 00:00:00+00:00, run_after=2024-11-14 00:00:00+00:00
[2024-11-14T07:48:40.921+0000] {processor.py:208} INFO - Processing /home/ubuntu/airflow-venv/lib/python3.12/site-packages/airflow/example_dags/example_branch_datetime_operator.py took 0.170 seconds
[2024-11-14T07:49:42.732+0000] {processor.py:186} INFO - Started process (PID=4667) to work on /home/ubuntu/airflow-venv/lib/python3.12/site-packages/airflow/example_dags/example_branch_datetime_operator.py
[2024-11-14T07:49:42.735+0000] {processor.py:914} INFO - Processing file /home/ubuntu/airflow-venv/lib/python3.12/site-packages/airflow/example_dags/example_branch_datetime_operator.py for tasks to queue
[2024-11-14T07:49:42.744+0000] {logging_mixin.py:190} INFO - [2024-11-14T07:49:42.744+0000] {dagbag.py:588} INFO - Filling up the DagBag from /home/ubuntu/airflow-venv/lib/python3.12/site-packages/airflow/example_dags/example_branch_datetime_operator.py
[2024-11-14T07:49:42.764+0000] {processor.py:925} INFO - DAG(s) 'example_branch_datetime_operator_2', 'example_branch_datetime_operator', 'example_branch_datetime_operator_3' retrieved from /home/ubuntu/airflow-venv/lib/python3.12/site-packages/airflow/example_dags/example_branch_datetime_operator.py
[2024-11-14T07:49:42.794+0000] {logging_mixin.py:190} INFO - [2024-11-14T07:49:42.794+0000] {dag.py:3239} INFO - Sync 3 DAGs
[2024-11-14T07:49:42.822+0000] {logging_mixin.py:190} INFO - [2024-11-14T07:49:42.822+0000] {dag.py:4180} INFO - Setting next_dagrun for example_branch_datetime_operator to 2024-11-13 00:00:00+00:00, run_after=2024-11-14 00:00:00+00:00
[2024-11-14T07:49:42.828+0000] {logging_mixin.py:190} INFO - [2024-11-14T07:49:42.828+0000] {dag.py:4180} INFO - Setting next_dagrun for example_branch_datetime_operator_2 to 2024-11-13 00:00:00+00:00, run_after=2024-11-14 00:00:00+00:00
[2024-11-14T07:49:42.830+0000] {logging_mixin.py:190} INFO - [2024-11-14T07:49:42.830+0000] {dag.py:4180} INFO - Setting next_dagrun for example_branch_datetime_operator_3 to 2024-11-13 00:00:00+00:00, run_after=2024-11-14 00:00:00+00:00
[2024-11-14T07:49:42.856+0000] {processor.py:208} INFO - Processing /home/ubuntu/airflow-venv/lib/python3.12/site-packages/airflow/example_dags/example_branch_datetime_operator.py took 0.131 seconds
[2024-11-14T07:50:43.799+0000] {processor.py:186} INFO - Started process (PID=4731) to work on /home/ubuntu/airflow-venv/lib/python3.12/site-packages/airflow/example_dags/example_branch_datetime_operator.py
[2024-11-14T07:50:43.801+0000] {processor.py:914} INFO - Processing file /home/ubuntu/airflow-venv/lib/python3.12/site-packages/airflow/example_dags/example_branch_datetime_operator.py for tasks to queue
[2024-11-14T07:50:43.802+0000] {logging_mixin.py:190} INFO - [2024-11-14T07:50:43.801+0000] {dagbag.py:588} INFO - Filling up the DagBag from /home/ubuntu/airflow-venv/lib/python3.12/site-packages/airflow/example_dags/example_branch_datetime_operator.py
[2024-11-14T07:50:43.814+0000] {processor.py:925} INFO - DAG(s) 'example_branch_datetime_operator_3', 'example_branch_datetime_operator', 'example_branch_datetime_operator_2' retrieved from /home/ubuntu/airflow-venv/lib/python3.12/site-packages/airflow/example_dags/example_branch_datetime_operator.py
[2024-11-14T07:50:43.838+0000] {logging_mixin.py:190} INFO - [2024-11-14T07:50:43.838+0000] {dag.py:3239} INFO - Sync 3 DAGs
[2024-11-14T07:50:43.860+0000] {logging_mixin.py:190} INFO - [2024-11-14T07:50:43.860+0000] {dag.py:4180} INFO - Setting next_dagrun for example_branch_datetime_operator to 2024-11-13 00:00:00+00:00, run_after=2024-11-14 00:00:00+00:00
[2024-11-14T07:50:43.865+0000] {logging_mixin.py:190} INFO - [2024-11-14T07:50:43.865+0000] {dag.py:4180} INFO - Setting next_dagrun for example_branch_datetime_operator_2 to 2024-11-13 00:00:00+00:00, run_after=2024-11-14 00:00:00+00:00
[2024-11-14T07:50:43.869+0000] {logging_mixin.py:190} INFO - [2024-11-14T07:50:43.869+0000] {dag.py:4180} INFO - Setting next_dagrun for example_branch_datetime_operator_3 to 2024-11-13 00:00:00+00:00, run_after=2024-11-14 00:00:00+00:00
[2024-11-14T07:50:43.890+0000] {processor.py:208} INFO - Processing /home/ubuntu/airflow-venv/lib/python3.12/site-packages/airflow/example_dags/example_branch_datetime_operator.py took 0.097 seconds
[2024-11-14T07:51:47.755+0000] {processor.py:186} INFO - Started process (PID=4794) to work on /home/ubuntu/airflow-venv/lib/python3.12/site-packages/airflow/example_dags/example_branch_datetime_operator.py
[2024-11-14T07:51:47.756+0000] {processor.py:914} INFO - Processing file /home/ubuntu/airflow-venv/lib/python3.12/site-packages/airflow/example_dags/example_branch_datetime_operator.py for tasks to queue
[2024-11-14T07:51:47.758+0000] {logging_mixin.py:190} INFO - [2024-11-14T07:51:47.757+0000] {dagbag.py:588} INFO - Filling up the DagBag from /home/ubuntu/airflow-venv/lib/python3.12/site-packages/airflow/example_dags/example_branch_datetime_operator.py
[2024-11-14T07:51:47.771+0000] {processor.py:925} INFO - DAG(s) 'example_branch_datetime_operator_2', 'example_branch_datetime_operator_3', 'example_branch_datetime_operator' retrieved from /home/ubuntu/airflow-venv/lib/python3.12/site-packages/airflow/example_dags/example_branch_datetime_operator.py
[2024-11-14T07:51:47.794+0000] {logging_mixin.py:190} INFO - [2024-11-14T07:51:47.794+0000] {dag.py:3239} INFO - Sync 3 DAGs
[2024-11-14T07:51:47.817+0000] {logging_mixin.py:190} INFO - [2024-11-14T07:51:47.817+0000] {dag.py:4180} INFO - Setting next_dagrun for example_branch_datetime_operator to 2024-11-13 00:00:00+00:00, run_after=2024-11-14 00:00:00+00:00
[2024-11-14T07:51:47.821+0000] {logging_mixin.py:190} INFO - [2024-11-14T07:51:47.821+0000] {dag.py:4180} INFO - Setting next_dagrun for example_branch_datetime_operator_2 to 2024-11-13 00:00:00+00:00, run_after=2024-11-14 00:00:00+00:00
[2024-11-14T07:51:47.824+0000] {logging_mixin.py:190} INFO - [2024-11-14T07:51:47.823+0000] {dag.py:4180} INFO - Setting next_dagrun for example_branch_datetime_operator_3 to 2024-11-13 00:00:00+00:00, run_after=2024-11-14 00:00:00+00:00
[2024-11-14T07:51:47.845+0000] {processor.py:208} INFO - Processing /home/ubuntu/airflow-venv/lib/python3.12/site-packages/airflow/example_dags/example_branch_datetime_operator.py took 0.096 seconds
[2024-11-14T07:52:47.170+0000] {processor.py:186} INFO - Started process (PID=4854) to work on /home/ubuntu/airflow-venv/lib/python3.12/site-packages/airflow/example_dags/example_branch_datetime_operator.py
[2024-11-14T07:52:47.171+0000] {processor.py:914} INFO - Processing file /home/ubuntu/airflow-venv/lib/python3.12/site-packages/airflow/example_dags/example_branch_datetime_operator.py for tasks to queue
[2024-11-14T07:52:47.173+0000] {logging_mixin.py:190} INFO - [2024-11-14T07:52:47.172+0000] {dagbag.py:588} INFO - Filling up the DagBag from /home/ubuntu/airflow-venv/lib/python3.12/site-packages/airflow/example_dags/example_branch_datetime_operator.py
[2024-11-14T07:52:47.187+0000] {processor.py:925} INFO - DAG(s) 'example_branch_datetime_operator', 'example_branch_datetime_operator_3', 'example_branch_datetime_operator_2' retrieved from /home/ubuntu/airflow-venv/lib/python3.12/site-packages/airflow/example_dags/example_branch_datetime_operator.py
[2024-11-14T07:52:47.228+0000] {logging_mixin.py:190} INFO - [2024-11-14T07:52:47.227+0000] {dag.py:3239} INFO - Sync 3 DAGs
[2024-11-14T07:52:47.265+0000] {logging_mixin.py:190} INFO - [2024-11-14T07:52:47.265+0000] {dag.py:4180} INFO - Setting next_dagrun for example_branch_datetime_operator to 2024-11-13 00:00:00+00:00, run_after=2024-11-14 00:00:00+00:00
[2024-11-14T07:52:47.274+0000] {logging_mixin.py:190} INFO - [2024-11-14T07:52:47.274+0000] {dag.py:4180} INFO - Setting next_dagrun for example_branch_datetime_operator_2 to 2024-11-13 00:00:00+00:00, run_after=2024-11-14 00:00:00+00:00
[2024-11-14T07:52:47.277+0000] {logging_mixin.py:190} INFO - [2024-11-14T07:52:47.277+0000] {dag.py:4180} INFO - Setting next_dagrun for example_branch_datetime_operator_3 to 2024-11-13 00:00:00+00:00, run_after=2024-11-14 00:00:00+00:00
[2024-11-14T07:52:47.318+0000] {processor.py:208} INFO - Processing /home/ubuntu/airflow-venv/lib/python3.12/site-packages/airflow/example_dags/example_branch_datetime_operator.py took 0.153 seconds
[2024-11-14T07:53:46.163+0000] {processor.py:186} INFO - Started process (PID=4917) to work on /home/ubuntu/airflow-venv/lib/python3.12/site-packages/airflow/example_dags/example_branch_datetime_operator.py
[2024-11-14T07:53:46.165+0000] {processor.py:914} INFO - Processing file /home/ubuntu/airflow-venv/lib/python3.12/site-packages/airflow/example_dags/example_branch_datetime_operator.py for tasks to queue
[2024-11-14T07:53:46.166+0000] {logging_mixin.py:190} INFO - [2024-11-14T07:53:46.166+0000] {dagbag.py:588} INFO - Filling up the DagBag from /home/ubuntu/airflow-venv/lib/python3.12/site-packages/airflow/example_dags/example_branch_datetime_operator.py
[2024-11-14T07:53:46.179+0000] {processor.py:925} INFO - DAG(s) 'example_branch_datetime_operator_2', 'example_branch_datetime_operator_3', 'example_branch_datetime_operator' retrieved from /home/ubuntu/airflow-venv/lib/python3.12/site-packages/airflow/example_dags/example_branch_datetime_operator.py
[2024-11-14T07:53:46.203+0000] {logging_mixin.py:190} INFO - [2024-11-14T07:53:46.203+0000] {dag.py:3239} INFO - Sync 3 DAGs
[2024-11-14T07:53:46.226+0000] {logging_mixin.py:190} INFO - [2024-11-14T07:53:46.225+0000] {dag.py:4180} INFO - Setting next_dagrun for example_branch_datetime_operator to 2024-11-13 00:00:00+00:00, run_after=2024-11-14 00:00:00+00:00
[2024-11-14T07:53:46.231+0000] {logging_mixin.py:190} INFO - [2024-11-14T07:53:46.230+0000] {dag.py:4180} INFO - Setting next_dagrun for example_branch_datetime_operator_2 to 2024-11-13 00:00:00+00:00, run_after=2024-11-14 00:00:00+00:00
[2024-11-14T07:53:46.233+0000] {logging_mixin.py:190} INFO - [2024-11-14T07:53:46.233+0000] {dag.py:4180} INFO - Setting next_dagrun for example_branch_datetime_operator_3 to 2024-11-13 00:00:00+00:00, run_after=2024-11-14 00:00:00+00:00
[2024-11-14T07:53:46.254+0000] {processor.py:208} INFO - Processing /home/ubuntu/airflow-venv/lib/python3.12/site-packages/airflow/example_dags/example_branch_datetime_operator.py took 0.098 seconds
[2024-11-14T07:54:48.095+0000] {processor.py:186} INFO - Started process (PID=4977) to work on /home/ubuntu/airflow-venv/lib/python3.12/site-packages/airflow/example_dags/example_branch_datetime_operator.py
[2024-11-14T07:54:48.097+0000] {processor.py:914} INFO - Processing file /home/ubuntu/airflow-venv/lib/python3.12/site-packages/airflow/example_dags/example_branch_datetime_operator.py for tasks to queue
[2024-11-14T07:54:48.098+0000] {logging_mixin.py:190} INFO - [2024-11-14T07:54:48.098+0000] {dagbag.py:588} INFO - Filling up the DagBag from /home/ubuntu/airflow-venv/lib/python3.12/site-packages/airflow/example_dags/example_branch_datetime_operator.py
[2024-11-14T07:54:48.113+0000] {processor.py:925} INFO - DAG(s) 'example_branch_datetime_operator', 'example_branch_datetime_operator_2', 'example_branch_datetime_operator_3' retrieved from /home/ubuntu/airflow-venv/lib/python3.12/site-packages/airflow/example_dags/example_branch_datetime_operator.py
[2024-11-14T07:54:48.138+0000] {logging_mixin.py:190} INFO - [2024-11-14T07:54:48.138+0000] {dag.py:3239} INFO - Sync 3 DAGs
[2024-11-14T07:54:48.163+0000] {logging_mixin.py:190} INFO - [2024-11-14T07:54:48.162+0000] {dag.py:4180} INFO - Setting next_dagrun for example_branch_datetime_operator to 2024-11-13 00:00:00+00:00, run_after=2024-11-14 00:00:00+00:00
[2024-11-14T07:54:48.168+0000] {logging_mixin.py:190} INFO - [2024-11-14T07:54:48.167+0000] {dag.py:4180} INFO - Setting next_dagrun for example_branch_datetime_operator_2 to 2024-11-13 00:00:00+00:00, run_after=2024-11-14 00:00:00+00:00
[2024-11-14T07:54:48.170+0000] {logging_mixin.py:190} INFO - [2024-11-14T07:54:48.170+0000] {dag.py:4180} INFO - Setting next_dagrun for example_branch_datetime_operator_3 to 2024-11-13 00:00:00+00:00, run_after=2024-11-14 00:00:00+00:00
[2024-11-14T07:54:48.205+0000] {processor.py:208} INFO - Processing /home/ubuntu/airflow-venv/lib/python3.12/site-packages/airflow/example_dags/example_branch_datetime_operator.py took 0.117 seconds
[2024-11-14T07:55:49.059+0000] {processor.py:186} INFO - Started process (PID=5040) to work on /home/ubuntu/airflow-venv/lib/python3.12/site-packages/airflow/example_dags/example_branch_datetime_operator.py
[2024-11-14T07:55:49.061+0000] {processor.py:914} INFO - Processing file /home/ubuntu/airflow-venv/lib/python3.12/site-packages/airflow/example_dags/example_branch_datetime_operator.py for tasks to queue
[2024-11-14T07:55:49.062+0000] {logging_mixin.py:190} INFO - [2024-11-14T07:55:49.062+0000] {dagbag.py:588} INFO - Filling up the DagBag from /home/ubuntu/airflow-venv/lib/python3.12/site-packages/airflow/example_dags/example_branch_datetime_operator.py
[2024-11-14T07:55:49.076+0000] {processor.py:925} INFO - DAG(s) 'example_branch_datetime_operator', 'example_branch_datetime_operator_2', 'example_branch_datetime_operator_3' retrieved from /home/ubuntu/airflow-venv/lib/python3.12/site-packages/airflow/example_dags/example_branch_datetime_operator.py
[2024-11-14T07:55:49.100+0000] {logging_mixin.py:190} INFO - [2024-11-14T07:55:49.099+0000] {dag.py:3239} INFO - Sync 3 DAGs
[2024-11-14T07:55:49.127+0000] {logging_mixin.py:190} INFO - [2024-11-14T07:55:49.127+0000] {dag.py:4180} INFO - Setting next_dagrun for example_branch_datetime_operator to 2024-11-13 00:00:00+00:00, run_after=2024-11-14 00:00:00+00:00
[2024-11-14T07:55:49.132+0000] {logging_mixin.py:190} INFO - [2024-11-14T07:55:49.131+0000] {dag.py:4180} INFO - Setting next_dagrun for example_branch_datetime_operator_2 to 2024-11-13 00:00:00+00:00, run_after=2024-11-14 00:00:00+00:00
[2024-11-14T07:55:49.134+0000] {logging_mixin.py:190} INFO - [2024-11-14T07:55:49.134+0000] {dag.py:4180} INFO - Setting next_dagrun for example_branch_datetime_operator_3 to 2024-11-13 00:00:00+00:00, run_after=2024-11-14 00:00:00+00:00
[2024-11-14T07:55:49.156+0000] {processor.py:208} INFO - Processing /home/ubuntu/airflow-venv/lib/python3.12/site-packages/airflow/example_dags/example_branch_datetime_operator.py took 0.103 seconds
[2024-11-14T07:56:48.651+0000] {processor.py:186} INFO - Started process (PID=5101) to work on /home/ubuntu/airflow-venv/lib/python3.12/site-packages/airflow/example_dags/example_branch_datetime_operator.py
[2024-11-14T07:56:48.652+0000] {processor.py:914} INFO - Processing file /home/ubuntu/airflow-venv/lib/python3.12/site-packages/airflow/example_dags/example_branch_datetime_operator.py for tasks to queue
[2024-11-14T07:56:48.654+0000] {logging_mixin.py:190} INFO - [2024-11-14T07:56:48.653+0000] {dagbag.py:588} INFO - Filling up the DagBag from /home/ubuntu/airflow-venv/lib/python3.12/site-packages/airflow/example_dags/example_branch_datetime_operator.py
[2024-11-14T07:56:48.671+0000] {processor.py:925} INFO - DAG(s) 'example_branch_datetime_operator_2', 'example_branch_datetime_operator', 'example_branch_datetime_operator_3' retrieved from /home/ubuntu/airflow-venv/lib/python3.12/site-packages/airflow/example_dags/example_branch_datetime_operator.py
[2024-11-14T07:56:48.697+0000] {logging_mixin.py:190} INFO - [2024-11-14T07:56:48.697+0000] {dag.py:3239} INFO - Sync 3 DAGs
[2024-11-14T07:56:48.723+0000] {logging_mixin.py:190} INFO - [2024-11-14T07:56:48.723+0000] {dag.py:4180} INFO - Setting next_dagrun for example_branch_datetime_operator to 2024-11-13 00:00:00+00:00, run_after=2024-11-14 00:00:00+00:00
[2024-11-14T07:56:48.728+0000] {logging_mixin.py:190} INFO - [2024-11-14T07:56:48.727+0000] {dag.py:4180} INFO - Setting next_dagrun for example_branch_datetime_operator_2 to 2024-11-13 00:00:00+00:00, run_after=2024-11-14 00:00:00+00:00
[2024-11-14T07:56:48.730+0000] {logging_mixin.py:190} INFO - [2024-11-14T07:56:48.730+0000] {dag.py:4180} INFO - Setting next_dagrun for example_branch_datetime_operator_3 to 2024-11-13 00:00:00+00:00, run_after=2024-11-14 00:00:00+00:00
[2024-11-14T07:56:48.753+0000] {processor.py:208} INFO - Processing /home/ubuntu/airflow-venv/lib/python3.12/site-packages/airflow/example_dags/example_branch_datetime_operator.py took 0.109 seconds
[2024-11-14T07:57:48.654+0000] {processor.py:186} INFO - Started process (PID=5163) to work on /home/ubuntu/airflow-venv/lib/python3.12/site-packages/airflow/example_dags/example_branch_datetime_operator.py
[2024-11-14T07:57:48.656+0000] {processor.py:914} INFO - Processing file /home/ubuntu/airflow-venv/lib/python3.12/site-packages/airflow/example_dags/example_branch_datetime_operator.py for tasks to queue
[2024-11-14T07:57:48.657+0000] {logging_mixin.py:190} INFO - [2024-11-14T07:57:48.656+0000] {dagbag.py:588} INFO - Filling up the DagBag from /home/ubuntu/airflow-venv/lib/python3.12/site-packages/airflow/example_dags/example_branch_datetime_operator.py
[2024-11-14T07:57:48.670+0000] {processor.py:925} INFO - DAG(s) 'example_branch_datetime_operator', 'example_branch_datetime_operator_2', 'example_branch_datetime_operator_3' retrieved from /home/ubuntu/airflow-venv/lib/python3.12/site-packages/airflow/example_dags/example_branch_datetime_operator.py
[2024-11-14T07:57:48.696+0000] {logging_mixin.py:190} INFO - [2024-11-14T07:57:48.696+0000] {dag.py:3239} INFO - Sync 3 DAGs
[2024-11-14T07:57:48.718+0000] {logging_mixin.py:190} INFO - [2024-11-14T07:57:48.718+0000] {dag.py:4180} INFO - Setting next_dagrun for example_branch_datetime_operator to 2024-11-13 00:00:00+00:00, run_after=2024-11-14 00:00:00+00:00
[2024-11-14T07:57:48.723+0000] {logging_mixin.py:190} INFO - [2024-11-14T07:57:48.723+0000] {dag.py:4180} INFO - Setting next_dagrun for example_branch_datetime_operator_2 to 2024-11-13 00:00:00+00:00, run_after=2024-11-14 00:00:00+00:00
[2024-11-14T07:57:48.725+0000] {logging_mixin.py:190} INFO - [2024-11-14T07:57:48.725+0000] {dag.py:4180} INFO - Setting next_dagrun for example_branch_datetime_operator_3 to 2024-11-13 00:00:00+00:00, run_after=2024-11-14 00:00:00+00:00
[2024-11-14T07:57:48.746+0000] {processor.py:208} INFO - Processing /home/ubuntu/airflow-venv/lib/python3.12/site-packages/airflow/example_dags/example_branch_datetime_operator.py took 0.098 seconds
[2024-11-14T07:58:49.281+0000] {processor.py:186} INFO - Started process (PID=5223) to work on /home/ubuntu/airflow-venv/lib/python3.12/site-packages/airflow/example_dags/example_branch_datetime_operator.py
[2024-11-14T07:58:49.283+0000] {processor.py:914} INFO - Processing file /home/ubuntu/airflow-venv/lib/python3.12/site-packages/airflow/example_dags/example_branch_datetime_operator.py for tasks to queue
[2024-11-14T07:58:49.284+0000] {logging_mixin.py:190} INFO - [2024-11-14T07:58:49.284+0000] {dagbag.py:588} INFO - Filling up the DagBag from /home/ubuntu/airflow-venv/lib/python3.12/site-packages/airflow/example_dags/example_branch_datetime_operator.py
[2024-11-14T07:58:49.298+0000] {processor.py:925} INFO - DAG(s) 'example_branch_datetime_operator', 'example_branch_datetime_operator_2', 'example_branch_datetime_operator_3' retrieved from /home/ubuntu/airflow-venv/lib/python3.12/site-packages/airflow/example_dags/example_branch_datetime_operator.py
[2024-11-14T07:58:49.321+0000] {logging_mixin.py:190} INFO - [2024-11-14T07:58:49.321+0000] {dag.py:3239} INFO - Sync 3 DAGs
[2024-11-14T07:58:49.345+0000] {logging_mixin.py:190} INFO - [2024-11-14T07:58:49.344+0000] {dag.py:4180} INFO - Setting next_dagrun for example_branch_datetime_operator to 2024-11-13 00:00:00+00:00, run_after=2024-11-14 00:00:00+00:00
[2024-11-14T07:58:49.350+0000] {logging_mixin.py:190} INFO - [2024-11-14T07:58:49.350+0000] {dag.py:4180} INFO - Setting next_dagrun for example_branch_datetime_operator_2 to 2024-11-13 00:00:00+00:00, run_after=2024-11-14 00:00:00+00:00
[2024-11-14T07:58:49.353+0000] {logging_mixin.py:190} INFO - [2024-11-14T07:58:49.352+0000] {dag.py:4180} INFO - Setting next_dagrun for example_branch_datetime_operator_3 to 2024-11-13 00:00:00+00:00, run_after=2024-11-14 00:00:00+00:00
[2024-11-14T07:58:49.380+0000] {processor.py:208} INFO - Processing /home/ubuntu/airflow-venv/lib/python3.12/site-packages/airflow/example_dags/example_branch_datetime_operator.py took 0.105 seconds
[2024-11-14T07:59:49.335+0000] {processor.py:186} INFO - Started process (PID=5283) to work on /home/ubuntu/airflow-venv/lib/python3.12/site-packages/airflow/example_dags/example_branch_datetime_operator.py
[2024-11-14T07:59:49.337+0000] {processor.py:914} INFO - Processing file /home/ubuntu/airflow-venv/lib/python3.12/site-packages/airflow/example_dags/example_branch_datetime_operator.py for tasks to queue
[2024-11-14T07:59:49.338+0000] {logging_mixin.py:190} INFO - [2024-11-14T07:59:49.338+0000] {dagbag.py:588} INFO - Filling up the DagBag from /home/ubuntu/airflow-venv/lib/python3.12/site-packages/airflow/example_dags/example_branch_datetime_operator.py
[2024-11-14T07:59:49.352+0000] {processor.py:925} INFO - DAG(s) 'example_branch_datetime_operator', 'example_branch_datetime_operator_3', 'example_branch_datetime_operator_2' retrieved from /home/ubuntu/airflow-venv/lib/python3.12/site-packages/airflow/example_dags/example_branch_datetime_operator.py
[2024-11-14T07:59:49.386+0000] {logging_mixin.py:190} INFO - [2024-11-14T07:59:49.385+0000] {dag.py:3239} INFO - Sync 3 DAGs
[2024-11-14T07:59:49.409+0000] {logging_mixin.py:190} INFO - [2024-11-14T07:59:49.409+0000] {dag.py:4180} INFO - Setting next_dagrun for example_branch_datetime_operator to 2024-11-13 00:00:00+00:00, run_after=2024-11-14 00:00:00+00:00
[2024-11-14T07:59:49.414+0000] {logging_mixin.py:190} INFO - [2024-11-14T07:59:49.414+0000] {dag.py:4180} INFO - Setting next_dagrun for example_branch_datetime_operator_2 to 2024-11-13 00:00:00+00:00, run_after=2024-11-14 00:00:00+00:00
[2024-11-14T07:59:49.416+0000] {logging_mixin.py:190} INFO - [2024-11-14T07:59:49.416+0000] {dag.py:4180} INFO - Setting next_dagrun for example_branch_datetime_operator_3 to 2024-11-13 00:00:00+00:00, run_after=2024-11-14 00:00:00+00:00
[2024-11-14T07:59:49.437+0000] {processor.py:208} INFO - Processing /home/ubuntu/airflow-venv/lib/python3.12/site-packages/airflow/example_dags/example_branch_datetime_operator.py took 0.109 seconds
[2024-11-14T08:00:50.115+0000] {processor.py:186} INFO - Started process (PID=5349) to work on /home/ubuntu/airflow-venv/lib/python3.12/site-packages/airflow/example_dags/example_branch_datetime_operator.py
[2024-11-14T08:00:50.116+0000] {processor.py:914} INFO - Processing file /home/ubuntu/airflow-venv/lib/python3.12/site-packages/airflow/example_dags/example_branch_datetime_operator.py for tasks to queue
[2024-11-14T08:00:50.118+0000] {logging_mixin.py:190} INFO - [2024-11-14T08:00:50.117+0000] {dagbag.py:588} INFO - Filling up the DagBag from /home/ubuntu/airflow-venv/lib/python3.12/site-packages/airflow/example_dags/example_branch_datetime_operator.py
[2024-11-14T08:00:50.138+0000] {processor.py:925} INFO - DAG(s) 'example_branch_datetime_operator_3', 'example_branch_datetime_operator', 'example_branch_datetime_operator_2' retrieved from /home/ubuntu/airflow-venv/lib/python3.12/site-packages/airflow/example_dags/example_branch_datetime_operator.py
[2024-11-14T08:00:50.161+0000] {logging_mixin.py:190} INFO - [2024-11-14T08:00:50.160+0000] {dag.py:3239} INFO - Sync 3 DAGs
[2024-11-14T08:00:50.183+0000] {logging_mixin.py:190} INFO - [2024-11-14T08:00:50.183+0000] {dag.py:4180} INFO - Setting next_dagrun for example_branch_datetime_operator to 2024-11-13 00:00:00+00:00, run_after=2024-11-14 00:00:00+00:00
[2024-11-14T08:00:50.188+0000] {logging_mixin.py:190} INFO - [2024-11-14T08:00:50.188+0000] {dag.py:4180} INFO - Setting next_dagrun for example_branch_datetime_operator_2 to 2024-11-13 00:00:00+00:00, run_after=2024-11-14 00:00:00+00:00
[2024-11-14T08:00:50.190+0000] {logging_mixin.py:190} INFO - [2024-11-14T08:00:50.190+0000] {dag.py:4180} INFO - Setting next_dagrun for example_branch_datetime_operator_3 to 2024-11-13 00:00:00+00:00, run_after=2024-11-14 00:00:00+00:00
[2024-11-14T08:00:50.211+0000] {processor.py:208} INFO - Processing /home/ubuntu/airflow-venv/lib/python3.12/site-packages/airflow/example_dags/example_branch_datetime_operator.py took 0.106 seconds
[2024-11-14T08:01:49.374+0000] {processor.py:186} INFO - Started process (PID=5409) to work on /home/ubuntu/airflow-venv/lib/python3.12/site-packages/airflow/example_dags/example_branch_datetime_operator.py
[2024-11-14T08:01:49.376+0000] {processor.py:914} INFO - Processing file /home/ubuntu/airflow-venv/lib/python3.12/site-packages/airflow/example_dags/example_branch_datetime_operator.py for tasks to queue
[2024-11-14T08:01:49.377+0000] {logging_mixin.py:190} INFO - [2024-11-14T08:01:49.377+0000] {dagbag.py:588} INFO - Filling up the DagBag from /home/ubuntu/airflow-venv/lib/python3.12/site-packages/airflow/example_dags/example_branch_datetime_operator.py
[2024-11-14T08:01:49.390+0000] {processor.py:925} INFO - DAG(s) 'example_branch_datetime_operator_2', 'example_branch_datetime_operator', 'example_branch_datetime_operator_3' retrieved from /home/ubuntu/airflow-venv/lib/python3.12/site-packages/airflow/example_dags/example_branch_datetime_operator.py
[2024-11-14T08:01:49.414+0000] {logging_mixin.py:190} INFO - [2024-11-14T08:01:49.414+0000] {dag.py:3239} INFO - Sync 3 DAGs
[2024-11-14T08:01:49.436+0000] {logging_mixin.py:190} INFO - [2024-11-14T08:01:49.436+0000] {dag.py:4180} INFO - Setting next_dagrun for example_branch_datetime_operator to 2024-11-13 00:00:00+00:00, run_after=2024-11-14 00:00:00+00:00
[2024-11-14T08:01:49.442+0000] {logging_mixin.py:190} INFO - [2024-11-14T08:01:49.442+0000] {dag.py:4180} INFO - Setting next_dagrun for example_branch_datetime_operator_2 to 2024-11-13 00:00:00+00:00, run_after=2024-11-14 00:00:00+00:00
[2024-11-14T08:01:49.444+0000] {logging_mixin.py:190} INFO - [2024-11-14T08:01:49.444+0000] {dag.py:4180} INFO - Setting next_dagrun for example_branch_datetime_operator_3 to 2024-11-13 00:00:00+00:00, run_after=2024-11-14 00:00:00+00:00
[2024-11-14T08:01:49.467+0000] {processor.py:208} INFO - Processing /home/ubuntu/airflow-venv/lib/python3.12/site-packages/airflow/example_dags/example_branch_datetime_operator.py took 0.099 seconds
[2024-11-14T08:02:49.933+0000] {processor.py:186} INFO - Started process (PID=5472) to work on /home/ubuntu/airflow-venv/lib/python3.12/site-packages/airflow/example_dags/example_branch_datetime_operator.py
[2024-11-14T08:02:49.935+0000] {processor.py:914} INFO - Processing file /home/ubuntu/airflow-venv/lib/python3.12/site-packages/airflow/example_dags/example_branch_datetime_operator.py for tasks to queue
[2024-11-14T08:02:49.937+0000] {logging_mixin.py:190} INFO - [2024-11-14T08:02:49.937+0000] {dagbag.py:588} INFO - Filling up the DagBag from /home/ubuntu/airflow-venv/lib/python3.12/site-packages/airflow/example_dags/example_branch_datetime_operator.py
[2024-11-14T08:02:49.952+0000] {processor.py:925} INFO - DAG(s) 'example_branch_datetime_operator', 'example_branch_datetime_operator_3', 'example_branch_datetime_operator_2' retrieved from /home/ubuntu/airflow-venv/lib/python3.12/site-packages/airflow/example_dags/example_branch_datetime_operator.py
[2024-11-14T08:02:49.976+0000] {logging_mixin.py:190} INFO - [2024-11-14T08:02:49.975+0000] {dag.py:3239} INFO - Sync 3 DAGs
[2024-11-14T08:02:49.999+0000] {logging_mixin.py:190} INFO - [2024-11-14T08:02:49.999+0000] {dag.py:4180} INFO - Setting next_dagrun for example_branch_datetime_operator to 2024-11-13 00:00:00+00:00, run_after=2024-11-14 00:00:00+00:00
[2024-11-14T08:02:50.005+0000] {logging_mixin.py:190} INFO - [2024-11-14T08:02:50.005+0000] {dag.py:4180} INFO - Setting next_dagrun for example_branch_datetime_operator_2 to 2024-11-13 00:00:00+00:00, run_after=2024-11-14 00:00:00+00:00
[2024-11-14T08:02:50.008+0000] {logging_mixin.py:190} INFO - [2024-11-14T08:02:50.008+0000] {dag.py:4180} INFO - Setting next_dagrun for example_branch_datetime_operator_3 to 2024-11-13 00:00:00+00:00, run_after=2024-11-14 00:00:00+00:00
[2024-11-14T08:02:50.033+0000] {processor.py:208} INFO - Processing /home/ubuntu/airflow-venv/lib/python3.12/site-packages/airflow/example_dags/example_branch_datetime_operator.py took 0.108 seconds
