[2024-11-14T07:40:35.561+0000] {processor.py:186} INFO - Started process (PID=3678) to work on /home/ubuntu/airflow-venv/lib/python3.12/site-packages/airflow/example_dags/example_xcom.py
[2024-11-14T07:40:35.562+0000] {processor.py:914} INFO - Processing file /home/ubuntu/airflow-venv/lib/python3.12/site-packages/airflow/example_dags/example_xcom.py for tasks to queue
[2024-11-14T07:40:35.566+0000] {logging_mixin.py:190} INFO - [2024-11-14T07:40:35.565+0000] {dagbag.py:588} INFO - Filling up the DagBag from /home/ubuntu/airflow-venv/lib/python3.12/site-packages/airflow/example_dags/example_xcom.py
[2024-11-14T07:40:35.582+0000] {processor.py:925} INFO - DAG(s) 'example_xcom' retrieved from /home/ubuntu/airflow-venv/lib/python3.12/site-packages/airflow/example_dags/example_xcom.py
[2024-11-14T07:40:35.743+0000] {logging_mixin.py:190} INFO - [2024-11-14T07:40:35.742+0000] {override.py:1911} INFO - Created Permission View: can delete on DAG:example_xcom
[2024-11-14T07:40:35.757+0000] {logging_mixin.py:190} INFO - [2024-11-14T07:40:35.756+0000] {override.py:1911} INFO - Created Permission View: can read on DAG:example_xcom
[2024-11-14T07:40:35.767+0000] {logging_mixin.py:190} INFO - [2024-11-14T07:40:35.767+0000] {override.py:1911} INFO - Created Permission View: can edit on DAG:example_xcom
[2024-11-14T07:40:35.784+0000] {logging_mixin.py:190} INFO - [2024-11-14T07:40:35.783+0000] {override.py:1911} INFO - Created Permission View: can delete on DAG Run:example_xcom
[2024-11-14T07:40:35.794+0000] {logging_mixin.py:190} INFO - [2024-11-14T07:40:35.793+0000] {override.py:1911} INFO - Created Permission View: can create on DAG Run:example_xcom
[2024-11-14T07:40:35.804+0000] {logging_mixin.py:190} INFO - [2024-11-14T07:40:35.804+0000] {override.py:1911} INFO - Created Permission View: can read on DAG Run:example_xcom
[2024-11-14T07:40:35.815+0000] {logging_mixin.py:190} INFO - [2024-11-14T07:40:35.814+0000] {override.py:1911} INFO - Created Permission View: menu access on DAG Run:example_xcom
[2024-11-14T07:40:35.815+0000] {logging_mixin.py:190} INFO - [2024-11-14T07:40:35.815+0000] {dag.py:3239} INFO - Sync 1 DAGs
[2024-11-14T07:40:35.829+0000] {logging_mixin.py:190} INFO - [2024-11-14T07:40:35.828+0000] {dag.py:3262} INFO - Creating ORM DAG for example_xcom
[2024-11-14T07:40:35.837+0000] {logging_mixin.py:190} INFO - [2024-11-14T07:40:35.837+0000] {dag.py:4180} INFO - Setting next_dagrun for example_xcom to 2021-01-01 00:00:00+00:00, run_after=2021-01-01 00:00:00+00:00
[2024-11-14T07:40:35.864+0000] {processor.py:208} INFO - Processing /home/ubuntu/airflow-venv/lib/python3.12/site-packages/airflow/example_dags/example_xcom.py took 0.311 seconds
[2024-11-14T07:41:43.711+0000] {processor.py:186} INFO - Started process (PID=3740) to work on /home/ubuntu/airflow-venv/lib/python3.12/site-packages/airflow/example_dags/example_xcom.py
[2024-11-14T07:41:43.712+0000] {processor.py:914} INFO - Processing file /home/ubuntu/airflow-venv/lib/python3.12/site-packages/airflow/example_dags/example_xcom.py for tasks to queue
[2024-11-14T07:41:43.715+0000] {logging_mixin.py:190} INFO - [2024-11-14T07:41:43.714+0000] {dagbag.py:588} INFO - Filling up the DagBag from /home/ubuntu/airflow-venv/lib/python3.12/site-packages/airflow/example_dags/example_xcom.py
[2024-11-14T07:41:43.724+0000] {processor.py:925} INFO - DAG(s) 'example_xcom' retrieved from /home/ubuntu/airflow-venv/lib/python3.12/site-packages/airflow/example_dags/example_xcom.py
[2024-11-14T07:41:43.741+0000] {logging_mixin.py:190} INFO - [2024-11-14T07:41:43.741+0000] {dag.py:3239} INFO - Sync 1 DAGs
[2024-11-14T07:41:43.761+0000] {logging_mixin.py:190} INFO - [2024-11-14T07:41:43.761+0000] {dag.py:4180} INFO - Setting next_dagrun for example_xcom to 2021-01-01 00:00:00+00:00, run_after=2021-01-01 00:00:00+00:00
[2024-11-14T07:41:43.783+0000] {processor.py:208} INFO - Processing /home/ubuntu/airflow-venv/lib/python3.12/site-packages/airflow/example_dags/example_xcom.py took 0.078 seconds
[2024-11-14T07:42:40.368+0000] {processor.py:186} INFO - Started process (PID=3797) to work on /home/ubuntu/airflow-venv/lib/python3.12/site-packages/airflow/example_dags/example_xcom.py
[2024-11-14T07:42:40.372+0000] {processor.py:914} INFO - Processing file /home/ubuntu/airflow-venv/lib/python3.12/site-packages/airflow/example_dags/example_xcom.py for tasks to queue
[2024-11-14T07:42:40.378+0000] {logging_mixin.py:190} INFO - [2024-11-14T07:42:40.377+0000] {dagbag.py:588} INFO - Filling up the DagBag from /home/ubuntu/airflow-venv/lib/python3.12/site-packages/airflow/example_dags/example_xcom.py
[2024-11-14T07:42:40.400+0000] {processor.py:925} INFO - DAG(s) 'example_xcom' retrieved from /home/ubuntu/airflow-venv/lib/python3.12/site-packages/airflow/example_dags/example_xcom.py
[2024-11-14T07:42:40.425+0000] {logging_mixin.py:190} INFO - [2024-11-14T07:42:40.425+0000] {dag.py:3239} INFO - Sync 1 DAGs
[2024-11-14T07:42:40.449+0000] {logging_mixin.py:190} INFO - [2024-11-14T07:42:40.449+0000] {dag.py:4180} INFO - Setting next_dagrun for example_xcom to 2021-01-01 00:00:00+00:00, run_after=2021-01-01 00:00:00+00:00
[2024-11-14T07:42:40.479+0000] {processor.py:208} INFO - Processing /home/ubuntu/airflow-venv/lib/python3.12/site-packages/airflow/example_dags/example_xcom.py took 0.123 seconds
[2024-11-14T07:43:34.327+0000] {processor.py:186} INFO - Started process (PID=3852) to work on /home/ubuntu/airflow-venv/lib/python3.12/site-packages/airflow/example_dags/example_xcom.py
[2024-11-14T07:43:34.332+0000] {processor.py:914} INFO - Processing file /home/ubuntu/airflow-venv/lib/python3.12/site-packages/airflow/example_dags/example_xcom.py for tasks to queue
[2024-11-14T07:43:34.337+0000] {logging_mixin.py:190} INFO - [2024-11-14T07:43:34.336+0000] {dagbag.py:588} INFO - Filling up the DagBag from /home/ubuntu/airflow-venv/lib/python3.12/site-packages/airflow/example_dags/example_xcom.py
[2024-11-14T07:43:34.349+0000] {processor.py:925} INFO - DAG(s) 'example_xcom' retrieved from /home/ubuntu/airflow-venv/lib/python3.12/site-packages/airflow/example_dags/example_xcom.py
[2024-11-14T07:43:34.372+0000] {logging_mixin.py:190} INFO - [2024-11-14T07:43:34.372+0000] {dag.py:3239} INFO - Sync 1 DAGs
[2024-11-14T07:43:34.392+0000] {logging_mixin.py:190} INFO - [2024-11-14T07:43:34.392+0000] {dag.py:4180} INFO - Setting next_dagrun for example_xcom to 2021-01-01 00:00:00+00:00, run_after=2021-01-01 00:00:00+00:00
[2024-11-14T07:43:34.418+0000] {processor.py:208} INFO - Processing /home/ubuntu/airflow-venv/lib/python3.12/site-packages/airflow/example_dags/example_xcom.py took 0.102 seconds
[2024-11-14T07:44:32.808+0000] {processor.py:186} INFO - Started process (PID=3908) to work on /home/ubuntu/airflow-venv/lib/python3.12/site-packages/airflow/example_dags/example_xcom.py
[2024-11-14T07:44:32.810+0000] {processor.py:914} INFO - Processing file /home/ubuntu/airflow-venv/lib/python3.12/site-packages/airflow/example_dags/example_xcom.py for tasks to queue
[2024-11-14T07:44:32.813+0000] {logging_mixin.py:190} INFO - [2024-11-14T07:44:32.813+0000] {dagbag.py:588} INFO - Filling up the DagBag from /home/ubuntu/airflow-venv/lib/python3.12/site-packages/airflow/example_dags/example_xcom.py
[2024-11-14T07:44:32.825+0000] {processor.py:925} INFO - DAG(s) 'example_xcom' retrieved from /home/ubuntu/airflow-venv/lib/python3.12/site-packages/airflow/example_dags/example_xcom.py
[2024-11-14T07:44:32.865+0000] {logging_mixin.py:190} INFO - [2024-11-14T07:44:32.865+0000] {dag.py:3239} INFO - Sync 1 DAGs
[2024-11-14T07:44:32.893+0000] {logging_mixin.py:190} INFO - [2024-11-14T07:44:32.893+0000] {dag.py:4180} INFO - Setting next_dagrun for example_xcom to 2021-01-01 00:00:00+00:00, run_after=2021-01-01 00:00:00+00:00
[2024-11-14T07:44:32.918+0000] {processor.py:208} INFO - Processing /home/ubuntu/airflow-venv/lib/python3.12/site-packages/airflow/example_dags/example_xcom.py took 0.117 seconds
[2024-11-14T07:45:27.613+0000] {processor.py:186} INFO - Started process (PID=3968) to work on /home/ubuntu/airflow-venv/lib/python3.12/site-packages/airflow/example_dags/example_xcom.py
[2024-11-14T07:45:27.614+0000] {processor.py:914} INFO - Processing file /home/ubuntu/airflow-venv/lib/python3.12/site-packages/airflow/example_dags/example_xcom.py for tasks to queue
[2024-11-14T07:45:27.617+0000] {logging_mixin.py:190} INFO - [2024-11-14T07:45:27.616+0000] {dagbag.py:588} INFO - Filling up the DagBag from /home/ubuntu/airflow-venv/lib/python3.12/site-packages/airflow/example_dags/example_xcom.py
[2024-11-14T07:45:27.629+0000] {processor.py:925} INFO - DAG(s) 'example_xcom' retrieved from /home/ubuntu/airflow-venv/lib/python3.12/site-packages/airflow/example_dags/example_xcom.py
[2024-11-14T07:45:27.654+0000] {logging_mixin.py:190} INFO - [2024-11-14T07:45:27.654+0000] {dag.py:3239} INFO - Sync 1 DAGs
[2024-11-14T07:45:27.675+0000] {logging_mixin.py:190} INFO - [2024-11-14T07:45:27.674+0000] {dag.py:4180} INFO - Setting next_dagrun for example_xcom to 2021-01-01 00:00:00+00:00, run_after=2021-01-01 00:00:00+00:00
[2024-11-14T07:45:27.697+0000] {processor.py:208} INFO - Processing /home/ubuntu/airflow-venv/lib/python3.12/site-packages/airflow/example_dags/example_xcom.py took 0.091 seconds
[2024-11-14T07:46:21.525+0000] {processor.py:186} INFO - Started process (PID=4027) to work on /home/ubuntu/airflow-venv/lib/python3.12/site-packages/airflow/example_dags/example_xcom.py
[2024-11-14T07:46:21.527+0000] {processor.py:914} INFO - Processing file /home/ubuntu/airflow-venv/lib/python3.12/site-packages/airflow/example_dags/example_xcom.py for tasks to queue
[2024-11-14T07:46:21.529+0000] {logging_mixin.py:190} INFO - [2024-11-14T07:46:21.529+0000] {dagbag.py:588} INFO - Filling up the DagBag from /home/ubuntu/airflow-venv/lib/python3.12/site-packages/airflow/example_dags/example_xcom.py
[2024-11-14T07:46:21.542+0000] {processor.py:925} INFO - DAG(s) 'example_xcom' retrieved from /home/ubuntu/airflow-venv/lib/python3.12/site-packages/airflow/example_dags/example_xcom.py
[2024-11-14T07:46:21.574+0000] {logging_mixin.py:190} INFO - [2024-11-14T07:46:21.574+0000] {dag.py:3239} INFO - Sync 1 DAGs
[2024-11-14T07:46:21.599+0000] {logging_mixin.py:190} INFO - [2024-11-14T07:46:21.598+0000] {dag.py:4180} INFO - Setting next_dagrun for example_xcom to 2021-01-01 00:00:00+00:00, run_after=2021-01-01 00:00:00+00:00
[2024-11-14T07:46:21.654+0000] {processor.py:208} INFO - Processing /home/ubuntu/airflow-venv/lib/python3.12/site-packages/airflow/example_dags/example_xcom.py took 0.137 seconds
[2024-11-14T07:47:15.618+0000] {processor.py:186} INFO - Started process (PID=4083) to work on /home/ubuntu/airflow-venv/lib/python3.12/site-packages/airflow/example_dags/example_xcom.py
[2024-11-14T07:47:15.620+0000] {processor.py:914} INFO - Processing file /home/ubuntu/airflow-venv/lib/python3.12/site-packages/airflow/example_dags/example_xcom.py for tasks to queue
[2024-11-14T07:47:15.623+0000] {logging_mixin.py:190} INFO - [2024-11-14T07:47:15.622+0000] {dagbag.py:588} INFO - Filling up the DagBag from /home/ubuntu/airflow-venv/lib/python3.12/site-packages/airflow/example_dags/example_xcom.py
[2024-11-14T07:47:15.639+0000] {processor.py:925} INFO - DAG(s) 'example_xcom' retrieved from /home/ubuntu/airflow-venv/lib/python3.12/site-packages/airflow/example_dags/example_xcom.py
[2024-11-14T07:47:15.670+0000] {logging_mixin.py:190} INFO - [2024-11-14T07:47:15.670+0000] {dag.py:3239} INFO - Sync 1 DAGs
[2024-11-14T07:47:15.694+0000] {logging_mixin.py:190} INFO - [2024-11-14T07:47:15.693+0000] {dag.py:4180} INFO - Setting next_dagrun for example_xcom to 2021-01-01 00:00:00+00:00, run_after=2021-01-01 00:00:00+00:00
[2024-11-14T07:47:15.719+0000] {processor.py:208} INFO - Processing /home/ubuntu/airflow-venv/lib/python3.12/site-packages/airflow/example_dags/example_xcom.py took 0.108 seconds
[2024-11-14T07:48:18.479+0000] {processor.py:186} INFO - Started process (PID=4555) to work on /home/ubuntu/airflow-venv/lib/python3.12/site-packages/airflow/example_dags/example_xcom.py
[2024-11-14T07:48:18.482+0000] {processor.py:914} INFO - Processing file /home/ubuntu/airflow-venv/lib/python3.12/site-packages/airflow/example_dags/example_xcom.py for tasks to queue
[2024-11-14T07:48:18.487+0000] {logging_mixin.py:190} INFO - [2024-11-14T07:48:18.487+0000] {dagbag.py:588} INFO - Filling up the DagBag from /home/ubuntu/airflow-venv/lib/python3.12/site-packages/airflow/example_dags/example_xcom.py
[2024-11-14T07:48:18.513+0000] {processor.py:925} INFO - DAG(s) 'example_xcom' retrieved from /home/ubuntu/airflow-venv/lib/python3.12/site-packages/airflow/example_dags/example_xcom.py
[2024-11-14T07:48:18.553+0000] {logging_mixin.py:190} INFO - [2024-11-14T07:48:18.553+0000] {dag.py:3239} INFO - Sync 1 DAGs
[2024-11-14T07:48:18.594+0000] {logging_mixin.py:190} INFO - [2024-11-14T07:48:18.594+0000] {dag.py:4180} INFO - Setting next_dagrun for example_xcom to 2021-01-01 00:00:00+00:00, run_after=2021-01-01 00:00:00+00:00
[2024-11-14T07:48:18.633+0000] {processor.py:208} INFO - Processing /home/ubuntu/airflow-venv/lib/python3.12/site-packages/airflow/example_dags/example_xcom.py took 0.168 seconds
[2024-11-14T07:49:22.307+0000] {processor.py:186} INFO - Started process (PID=4647) to work on /home/ubuntu/airflow-venv/lib/python3.12/site-packages/airflow/example_dags/example_xcom.py
[2024-11-14T07:49:22.310+0000] {processor.py:914} INFO - Processing file /home/ubuntu/airflow-venv/lib/python3.12/site-packages/airflow/example_dags/example_xcom.py for tasks to queue
[2024-11-14T07:49:22.316+0000] {logging_mixin.py:190} INFO - [2024-11-14T07:49:22.313+0000] {dagbag.py:588} INFO - Filling up the DagBag from /home/ubuntu/airflow-venv/lib/python3.12/site-packages/airflow/example_dags/example_xcom.py
[2024-11-14T07:49:22.342+0000] {processor.py:925} INFO - DAG(s) 'example_xcom' retrieved from /home/ubuntu/airflow-venv/lib/python3.12/site-packages/airflow/example_dags/example_xcom.py
[2024-11-14T07:49:22.381+0000] {logging_mixin.py:190} INFO - [2024-11-14T07:49:22.380+0000] {dag.py:3239} INFO - Sync 1 DAGs
[2024-11-14T07:49:22.409+0000] {logging_mixin.py:190} INFO - [2024-11-14T07:49:22.409+0000] {dag.py:4180} INFO - Setting next_dagrun for example_xcom to 2021-01-01 00:00:00+00:00, run_after=2021-01-01 00:00:00+00:00
[2024-11-14T07:49:22.452+0000] {processor.py:208} INFO - Processing /home/ubuntu/airflow-venv/lib/python3.12/site-packages/airflow/example_dags/example_xcom.py took 0.153 seconds
[2024-11-14T07:50:22.041+0000] {processor.py:186} INFO - Started process (PID=4707) to work on /home/ubuntu/airflow-venv/lib/python3.12/site-packages/airflow/example_dags/example_xcom.py
[2024-11-14T07:50:22.043+0000] {processor.py:914} INFO - Processing file /home/ubuntu/airflow-venv/lib/python3.12/site-packages/airflow/example_dags/example_xcom.py for tasks to queue
[2024-11-14T07:50:22.045+0000] {logging_mixin.py:190} INFO - [2024-11-14T07:50:22.045+0000] {dagbag.py:588} INFO - Filling up the DagBag from /home/ubuntu/airflow-venv/lib/python3.12/site-packages/airflow/example_dags/example_xcom.py
[2024-11-14T07:50:22.056+0000] {processor.py:925} INFO - DAG(s) 'example_xcom' retrieved from /home/ubuntu/airflow-venv/lib/python3.12/site-packages/airflow/example_dags/example_xcom.py
[2024-11-14T07:50:22.074+0000] {logging_mixin.py:190} INFO - [2024-11-14T07:50:22.074+0000] {dag.py:3239} INFO - Sync 1 DAGs
[2024-11-14T07:50:22.095+0000] {logging_mixin.py:190} INFO - [2024-11-14T07:50:22.095+0000] {dag.py:4180} INFO - Setting next_dagrun for example_xcom to 2021-01-01 00:00:00+00:00, run_after=2021-01-01 00:00:00+00:00
[2024-11-14T07:50:22.118+0000] {processor.py:208} INFO - Processing /home/ubuntu/airflow-venv/lib/python3.12/site-packages/airflow/example_dags/example_xcom.py took 0.083 seconds
[2024-11-14T07:51:26.943+0000] {processor.py:186} INFO - Started process (PID=4774) to work on /home/ubuntu/airflow-venv/lib/python3.12/site-packages/airflow/example_dags/example_xcom.py
[2024-11-14T07:51:26.945+0000] {processor.py:914} INFO - Processing file /home/ubuntu/airflow-venv/lib/python3.12/site-packages/airflow/example_dags/example_xcom.py for tasks to queue
[2024-11-14T07:51:26.950+0000] {logging_mixin.py:190} INFO - [2024-11-14T07:51:26.946+0000] {dagbag.py:588} INFO - Filling up the DagBag from /home/ubuntu/airflow-venv/lib/python3.12/site-packages/airflow/example_dags/example_xcom.py
[2024-11-14T07:51:26.970+0000] {processor.py:925} INFO - DAG(s) 'example_xcom' retrieved from /home/ubuntu/airflow-venv/lib/python3.12/site-packages/airflow/example_dags/example_xcom.py
[2024-11-14T07:51:26.997+0000] {logging_mixin.py:190} INFO - [2024-11-14T07:51:26.997+0000] {dag.py:3239} INFO - Sync 1 DAGs
[2024-11-14T07:51:27.033+0000] {logging_mixin.py:190} INFO - [2024-11-14T07:51:27.033+0000] {dag.py:4180} INFO - Setting next_dagrun for example_xcom to 2021-01-01 00:00:00+00:00, run_after=2021-01-01 00:00:00+00:00
[2024-11-14T07:51:27.075+0000] {processor.py:208} INFO - Processing /home/ubuntu/airflow-venv/lib/python3.12/site-packages/airflow/example_dags/example_xcom.py took 0.148 seconds
[2024-11-14T07:52:26.832+0000] {processor.py:186} INFO - Started process (PID=4833) to work on /home/ubuntu/airflow-venv/lib/python3.12/site-packages/airflow/example_dags/example_xcom.py
[2024-11-14T07:52:26.834+0000] {processor.py:914} INFO - Processing file /home/ubuntu/airflow-venv/lib/python3.12/site-packages/airflow/example_dags/example_xcom.py for tasks to queue
[2024-11-14T07:52:26.835+0000] {logging_mixin.py:190} INFO - [2024-11-14T07:52:26.835+0000] {dagbag.py:588} INFO - Filling up the DagBag from /home/ubuntu/airflow-venv/lib/python3.12/site-packages/airflow/example_dags/example_xcom.py
[2024-11-14T07:52:26.846+0000] {processor.py:925} INFO - DAG(s) 'example_xcom' retrieved from /home/ubuntu/airflow-venv/lib/python3.12/site-packages/airflow/example_dags/example_xcom.py
[2024-11-14T07:52:26.876+0000] {logging_mixin.py:190} INFO - [2024-11-14T07:52:26.871+0000] {dag.py:3239} INFO - Sync 1 DAGs
[2024-11-14T07:52:26.904+0000] {logging_mixin.py:190} INFO - [2024-11-14T07:52:26.904+0000] {dag.py:4180} INFO - Setting next_dagrun for example_xcom to 2021-01-01 00:00:00+00:00, run_after=2021-01-01 00:00:00+00:00
[2024-11-14T07:52:26.927+0000] {processor.py:208} INFO - Processing /home/ubuntu/airflow-venv/lib/python3.12/site-packages/airflow/example_dags/example_xcom.py took 0.101 seconds
[2024-11-14T07:53:24.132+0000] {processor.py:186} INFO - Started process (PID=4893) to work on /home/ubuntu/airflow-venv/lib/python3.12/site-packages/airflow/example_dags/example_xcom.py
[2024-11-14T07:53:24.134+0000] {processor.py:914} INFO - Processing file /home/ubuntu/airflow-venv/lib/python3.12/site-packages/airflow/example_dags/example_xcom.py for tasks to queue
[2024-11-14T07:53:24.136+0000] {logging_mixin.py:190} INFO - [2024-11-14T07:53:24.135+0000] {dagbag.py:588} INFO - Filling up the DagBag from /home/ubuntu/airflow-venv/lib/python3.12/site-packages/airflow/example_dags/example_xcom.py
[2024-11-14T07:53:24.151+0000] {processor.py:925} INFO - DAG(s) 'example_xcom' retrieved from /home/ubuntu/airflow-venv/lib/python3.12/site-packages/airflow/example_dags/example_xcom.py
[2024-11-14T07:53:24.179+0000] {logging_mixin.py:190} INFO - [2024-11-14T07:53:24.179+0000] {dag.py:3239} INFO - Sync 1 DAGs
[2024-11-14T07:53:24.230+0000] {logging_mixin.py:190} INFO - [2024-11-14T07:53:24.230+0000] {dag.py:4180} INFO - Setting next_dagrun for example_xcom to 2021-01-01 00:00:00+00:00, run_after=2021-01-01 00:00:00+00:00
[2024-11-14T07:53:24.277+0000] {processor.py:208} INFO - Processing /home/ubuntu/airflow-venv/lib/python3.12/site-packages/airflow/example_dags/example_xcom.py took 0.152 seconds
[2024-11-14T07:54:27.563+0000] {processor.py:186} INFO - Started process (PID=4956) to work on /home/ubuntu/airflow-venv/lib/python3.12/site-packages/airflow/example_dags/example_xcom.py
[2024-11-14T07:54:27.564+0000] {processor.py:914} INFO - Processing file /home/ubuntu/airflow-venv/lib/python3.12/site-packages/airflow/example_dags/example_xcom.py for tasks to queue
[2024-11-14T07:54:27.566+0000] {logging_mixin.py:190} INFO - [2024-11-14T07:54:27.565+0000] {dagbag.py:588} INFO - Filling up the DagBag from /home/ubuntu/airflow-venv/lib/python3.12/site-packages/airflow/example_dags/example_xcom.py
[2024-11-14T07:54:27.578+0000] {processor.py:925} INFO - DAG(s) 'example_xcom' retrieved from /home/ubuntu/airflow-venv/lib/python3.12/site-packages/airflow/example_dags/example_xcom.py
[2024-11-14T07:54:27.597+0000] {logging_mixin.py:190} INFO - [2024-11-14T07:54:27.596+0000] {dag.py:3239} INFO - Sync 1 DAGs
[2024-11-14T07:54:27.618+0000] {logging_mixin.py:190} INFO - [2024-11-14T07:54:27.617+0000] {dag.py:4180} INFO - Setting next_dagrun for example_xcom to 2021-01-01 00:00:00+00:00, run_after=2021-01-01 00:00:00+00:00
[2024-11-14T07:54:27.641+0000] {processor.py:208} INFO - Processing /home/ubuntu/airflow-venv/lib/python3.12/site-packages/airflow/example_dags/example_xcom.py took 0.084 seconds
[2024-11-14T07:55:25.729+0000] {processor.py:186} INFO - Started process (PID=5018) to work on /home/ubuntu/airflow-venv/lib/python3.12/site-packages/airflow/example_dags/example_xcom.py
[2024-11-14T07:55:25.733+0000] {processor.py:914} INFO - Processing file /home/ubuntu/airflow-venv/lib/python3.12/site-packages/airflow/example_dags/example_xcom.py for tasks to queue
[2024-11-14T07:55:25.736+0000] {logging_mixin.py:190} INFO - [2024-11-14T07:55:25.734+0000] {dagbag.py:588} INFO - Filling up the DagBag from /home/ubuntu/airflow-venv/lib/python3.12/site-packages/airflow/example_dags/example_xcom.py
[2024-11-14T07:55:25.760+0000] {processor.py:925} INFO - DAG(s) 'example_xcom' retrieved from /home/ubuntu/airflow-venv/lib/python3.12/site-packages/airflow/example_dags/example_xcom.py
[2024-11-14T07:55:25.800+0000] {logging_mixin.py:190} INFO - [2024-11-14T07:55:25.799+0000] {dag.py:3239} INFO - Sync 1 DAGs
[2024-11-14T07:55:25.823+0000] {logging_mixin.py:190} INFO - [2024-11-14T07:55:25.823+0000] {dag.py:4180} INFO - Setting next_dagrun for example_xcom to 2021-01-01 00:00:00+00:00, run_after=2021-01-01 00:00:00+00:00
[2024-11-14T07:55:25.850+0000] {processor.py:208} INFO - Processing /home/ubuntu/airflow-venv/lib/python3.12/site-packages/airflow/example_dags/example_xcom.py took 0.131 seconds
[2024-11-14T07:56:26.983+0000] {processor.py:186} INFO - Started process (PID=5079) to work on /home/ubuntu/airflow-venv/lib/python3.12/site-packages/airflow/example_dags/example_xcom.py
[2024-11-14T07:56:26.985+0000] {processor.py:914} INFO - Processing file /home/ubuntu/airflow-venv/lib/python3.12/site-packages/airflow/example_dags/example_xcom.py for tasks to queue
[2024-11-14T07:56:26.988+0000] {logging_mixin.py:190} INFO - [2024-11-14T07:56:26.988+0000] {dagbag.py:588} INFO - Filling up the DagBag from /home/ubuntu/airflow-venv/lib/python3.12/site-packages/airflow/example_dags/example_xcom.py
[2024-11-14T07:56:27.016+0000] {processor.py:925} INFO - DAG(s) 'example_xcom' retrieved from /home/ubuntu/airflow-venv/lib/python3.12/site-packages/airflow/example_dags/example_xcom.py
[2024-11-14T07:56:27.054+0000] {logging_mixin.py:190} INFO - [2024-11-14T07:56:27.054+0000] {dag.py:3239} INFO - Sync 1 DAGs
[2024-11-14T07:56:27.087+0000] {logging_mixin.py:190} INFO - [2024-11-14T07:56:27.086+0000] {dag.py:4180} INFO - Setting next_dagrun for example_xcom to 2021-01-01 00:00:00+00:00, run_after=2021-01-01 00:00:00+00:00
[2024-11-14T07:56:27.113+0000] {processor.py:208} INFO - Processing /home/ubuntu/airflow-venv/lib/python3.12/site-packages/airflow/example_dags/example_xcom.py took 0.148 seconds
[2024-11-14T07:57:27.492+0000] {processor.py:186} INFO - Started process (PID=5142) to work on /home/ubuntu/airflow-venv/lib/python3.12/site-packages/airflow/example_dags/example_xcom.py
[2024-11-14T07:57:27.494+0000] {processor.py:914} INFO - Processing file /home/ubuntu/airflow-venv/lib/python3.12/site-packages/airflow/example_dags/example_xcom.py for tasks to queue
[2024-11-14T07:57:27.496+0000] {logging_mixin.py:190} INFO - [2024-11-14T07:57:27.495+0000] {dagbag.py:588} INFO - Filling up the DagBag from /home/ubuntu/airflow-venv/lib/python3.12/site-packages/airflow/example_dags/example_xcom.py
[2024-11-14T07:57:27.509+0000] {processor.py:925} INFO - DAG(s) 'example_xcom' retrieved from /home/ubuntu/airflow-venv/lib/python3.12/site-packages/airflow/example_dags/example_xcom.py
[2024-11-14T07:57:27.530+0000] {logging_mixin.py:190} INFO - [2024-11-14T07:57:27.529+0000] {dag.py:3239} INFO - Sync 1 DAGs
[2024-11-14T07:57:27.554+0000] {logging_mixin.py:190} INFO - [2024-11-14T07:57:27.554+0000] {dag.py:4180} INFO - Setting next_dagrun for example_xcom to 2021-01-01 00:00:00+00:00, run_after=2021-01-01 00:00:00+00:00
[2024-11-14T07:57:27.588+0000] {processor.py:208} INFO - Processing /home/ubuntu/airflow-venv/lib/python3.12/site-packages/airflow/example_dags/example_xcom.py took 0.102 seconds
[2024-11-14T07:58:27.784+0000] {processor.py:186} INFO - Started process (PID=5202) to work on /home/ubuntu/airflow-venv/lib/python3.12/site-packages/airflow/example_dags/example_xcom.py
[2024-11-14T07:58:27.786+0000] {processor.py:914} INFO - Processing file /home/ubuntu/airflow-venv/lib/python3.12/site-packages/airflow/example_dags/example_xcom.py for tasks to queue
[2024-11-14T07:58:27.787+0000] {logging_mixin.py:190} INFO - [2024-11-14T07:58:27.787+0000] {dagbag.py:588} INFO - Filling up the DagBag from /home/ubuntu/airflow-venv/lib/python3.12/site-packages/airflow/example_dags/example_xcom.py
[2024-11-14T07:58:27.798+0000] {processor.py:925} INFO - DAG(s) 'example_xcom' retrieved from /home/ubuntu/airflow-venv/lib/python3.12/site-packages/airflow/example_dags/example_xcom.py
[2024-11-14T07:58:27.815+0000] {logging_mixin.py:190} INFO - [2024-11-14T07:58:27.815+0000] {dag.py:3239} INFO - Sync 1 DAGs
[2024-11-14T07:58:27.834+0000] {logging_mixin.py:190} INFO - [2024-11-14T07:58:27.834+0000] {dag.py:4180} INFO - Setting next_dagrun for example_xcom to 2021-01-01 00:00:00+00:00, run_after=2021-01-01 00:00:00+00:00
[2024-11-14T07:58:27.862+0000] {processor.py:208} INFO - Processing /home/ubuntu/airflow-venv/lib/python3.12/site-packages/airflow/example_dags/example_xcom.py took 0.083 seconds
[2024-11-14T07:59:27.451+0000] {processor.py:186} INFO - Started process (PID=5262) to work on /home/ubuntu/airflow-venv/lib/python3.12/site-packages/airflow/example_dags/example_xcom.py
[2024-11-14T07:59:27.453+0000] {processor.py:914} INFO - Processing file /home/ubuntu/airflow-venv/lib/python3.12/site-packages/airflow/example_dags/example_xcom.py for tasks to queue
[2024-11-14T07:59:27.460+0000] {logging_mixin.py:190} INFO - [2024-11-14T07:59:27.457+0000] {dagbag.py:588} INFO - Filling up the DagBag from /home/ubuntu/airflow-venv/lib/python3.12/site-packages/airflow/example_dags/example_xcom.py
[2024-11-14T07:59:27.478+0000] {processor.py:925} INFO - DAG(s) 'example_xcom' retrieved from /home/ubuntu/airflow-venv/lib/python3.12/site-packages/airflow/example_dags/example_xcom.py
[2024-11-14T07:59:27.522+0000] {logging_mixin.py:190} INFO - [2024-11-14T07:59:27.521+0000] {dag.py:3239} INFO - Sync 1 DAGs
[2024-11-14T07:59:27.553+0000] {logging_mixin.py:190} INFO - [2024-11-14T07:59:27.553+0000] {dag.py:4180} INFO - Setting next_dagrun for example_xcom to 2021-01-01 00:00:00+00:00, run_after=2021-01-01 00:00:00+00:00
[2024-11-14T07:59:27.576+0000] {processor.py:208} INFO - Processing /home/ubuntu/airflow-venv/lib/python3.12/site-packages/airflow/example_dags/example_xcom.py took 0.138 seconds
[2024-11-14T08:00:27.954+0000] {processor.py:186} INFO - Started process (PID=5324) to work on /home/ubuntu/airflow-venv/lib/python3.12/site-packages/airflow/example_dags/example_xcom.py
[2024-11-14T08:00:27.956+0000] {processor.py:914} INFO - Processing file /home/ubuntu/airflow-venv/lib/python3.12/site-packages/airflow/example_dags/example_xcom.py for tasks to queue
[2024-11-14T08:00:27.957+0000] {logging_mixin.py:190} INFO - [2024-11-14T08:00:27.957+0000] {dagbag.py:588} INFO - Filling up the DagBag from /home/ubuntu/airflow-venv/lib/python3.12/site-packages/airflow/example_dags/example_xcom.py
[2024-11-14T08:00:27.969+0000] {processor.py:925} INFO - DAG(s) 'example_xcom' retrieved from /home/ubuntu/airflow-venv/lib/python3.12/site-packages/airflow/example_dags/example_xcom.py
[2024-11-14T08:00:27.990+0000] {logging_mixin.py:190} INFO - [2024-11-14T08:00:27.990+0000] {dag.py:3239} INFO - Sync 1 DAGs
[2024-11-14T08:00:28.018+0000] {logging_mixin.py:190} INFO - [2024-11-14T08:00:28.018+0000] {dag.py:4180} INFO - Setting next_dagrun for example_xcom to 2021-01-01 00:00:00+00:00, run_after=2021-01-01 00:00:00+00:00
[2024-11-14T08:00:28.048+0000] {processor.py:208} INFO - Processing /home/ubuntu/airflow-venv/lib/python3.12/site-packages/airflow/example_dags/example_xcom.py took 0.100 seconds
[2024-11-14T08:01:27.234+0000] {processor.py:186} INFO - Started process (PID=5388) to work on /home/ubuntu/airflow-venv/lib/python3.12/site-packages/airflow/example_dags/example_xcom.py
[2024-11-14T08:01:27.236+0000] {processor.py:914} INFO - Processing file /home/ubuntu/airflow-venv/lib/python3.12/site-packages/airflow/example_dags/example_xcom.py for tasks to queue
[2024-11-14T08:01:27.238+0000] {logging_mixin.py:190} INFO - [2024-11-14T08:01:27.237+0000] {dagbag.py:588} INFO - Filling up the DagBag from /home/ubuntu/airflow-venv/lib/python3.12/site-packages/airflow/example_dags/example_xcom.py
[2024-11-14T08:01:27.251+0000] {processor.py:925} INFO - DAG(s) 'example_xcom' retrieved from /home/ubuntu/airflow-venv/lib/python3.12/site-packages/airflow/example_dags/example_xcom.py
[2024-11-14T08:01:27.274+0000] {logging_mixin.py:190} INFO - [2024-11-14T08:01:27.273+0000] {dag.py:3239} INFO - Sync 1 DAGs
[2024-11-14T08:01:27.303+0000] {logging_mixin.py:190} INFO - [2024-11-14T08:01:27.303+0000] {dag.py:4180} INFO - Setting next_dagrun for example_xcom to 2021-01-01 00:00:00+00:00, run_after=2021-01-01 00:00:00+00:00
[2024-11-14T08:01:27.348+0000] {processor.py:208} INFO - Processing /home/ubuntu/airflow-venv/lib/python3.12/site-packages/airflow/example_dags/example_xcom.py took 0.121 seconds
[2024-11-14T08:02:26.156+0000] {processor.py:186} INFO - Started process (PID=5450) to work on /home/ubuntu/airflow-venv/lib/python3.12/site-packages/airflow/example_dags/example_xcom.py
[2024-11-14T08:02:26.157+0000] {processor.py:914} INFO - Processing file /home/ubuntu/airflow-venv/lib/python3.12/site-packages/airflow/example_dags/example_xcom.py for tasks to queue
[2024-11-14T08:02:26.159+0000] {logging_mixin.py:190} INFO - [2024-11-14T08:02:26.158+0000] {dagbag.py:588} INFO - Filling up the DagBag from /home/ubuntu/airflow-venv/lib/python3.12/site-packages/airflow/example_dags/example_xcom.py
[2024-11-14T08:02:26.170+0000] {processor.py:925} INFO - DAG(s) 'example_xcom' retrieved from /home/ubuntu/airflow-venv/lib/python3.12/site-packages/airflow/example_dags/example_xcom.py
[2024-11-14T08:02:26.188+0000] {logging_mixin.py:190} INFO - [2024-11-14T08:02:26.188+0000] {dag.py:3239} INFO - Sync 1 DAGs
[2024-11-14T08:02:26.208+0000] {logging_mixin.py:190} INFO - [2024-11-14T08:02:26.208+0000] {dag.py:4180} INFO - Setting next_dagrun for example_xcom to 2021-01-01 00:00:00+00:00, run_after=2021-01-01 00:00:00+00:00
[2024-11-14T08:02:26.236+0000] {processor.py:208} INFO - Processing /home/ubuntu/airflow-venv/lib/python3.12/site-packages/airflow/example_dags/example_xcom.py took 0.089 seconds
