[2024-11-14T07:40:39.385+0000] {processor.py:186} INFO - Started process (PID=3682) to work on /home/ubuntu/airflow-venv/lib/python3.12/site-packages/airflow/example_dags/example_trigger_target_dag.py
[2024-11-14T07:40:39.386+0000] {processor.py:914} INFO - Processing file /home/ubuntu/airflow-venv/lib/python3.12/site-packages/airflow/example_dags/example_trigger_target_dag.py for tasks to queue
[2024-11-14T07:40:39.390+0000] {logging_mixin.py:190} INFO - [2024-11-14T07:40:39.390+0000] {dagbag.py:588} INFO - Filling up the DagBag from /home/ubuntu/airflow-venv/lib/python3.12/site-packages/airflow/example_dags/example_trigger_target_dag.py
[2024-11-14T07:40:39.402+0000] {processor.py:925} INFO - DAG(s) 'example_trigger_target_dag' retrieved from /home/ubuntu/airflow-venv/lib/python3.12/site-packages/airflow/example_dags/example_trigger_target_dag.py
[2024-11-14T07:40:39.556+0000] {logging_mixin.py:190} INFO - [2024-11-14T07:40:39.555+0000] {override.py:1911} INFO - Created Permission View: can delete on DAG:example_trigger_target_dag
[2024-11-14T07:40:39.570+0000] {logging_mixin.py:190} INFO - [2024-11-14T07:40:39.570+0000] {override.py:1911} INFO - Created Permission View: can read on DAG:example_trigger_target_dag
[2024-11-14T07:40:39.580+0000] {logging_mixin.py:190} INFO - [2024-11-14T07:40:39.580+0000] {override.py:1911} INFO - Created Permission View: can edit on DAG:example_trigger_target_dag
[2024-11-14T07:40:39.596+0000] {logging_mixin.py:190} INFO - [2024-11-14T07:40:39.595+0000] {override.py:1911} INFO - Created Permission View: can delete on DAG Run:example_trigger_target_dag
[2024-11-14T07:40:39.608+0000] {logging_mixin.py:190} INFO - [2024-11-14T07:40:39.607+0000] {override.py:1911} INFO - Created Permission View: can create on DAG Run:example_trigger_target_dag
[2024-11-14T07:40:39.619+0000] {logging_mixin.py:190} INFO - [2024-11-14T07:40:39.618+0000] {override.py:1911} INFO - Created Permission View: can read on DAG Run:example_trigger_target_dag
[2024-11-14T07:40:39.630+0000] {logging_mixin.py:190} INFO - [2024-11-14T07:40:39.629+0000] {override.py:1911} INFO - Created Permission View: menu access on DAG Run:example_trigger_target_dag
[2024-11-14T07:40:39.630+0000] {logging_mixin.py:190} INFO - [2024-11-14T07:40:39.630+0000] {dag.py:3239} INFO - Sync 1 DAGs
[2024-11-14T07:40:39.652+0000] {logging_mixin.py:190} INFO - [2024-11-14T07:40:39.652+0000] {dag.py:3262} INFO - Creating ORM DAG for example_trigger_target_dag
[2024-11-14T07:40:39.653+0000] {logging_mixin.py:190} INFO - [2024-11-14T07:40:39.653+0000] {dag.py:4180} INFO - Setting next_dagrun for example_trigger_target_dag to None, run_after=None
[2024-11-14T07:40:39.677+0000] {processor.py:208} INFO - Processing /home/ubuntu/airflow-venv/lib/python3.12/site-packages/airflow/example_dags/example_trigger_target_dag.py took 0.307 seconds
[2024-11-14T07:41:48.070+0000] {processor.py:186} INFO - Started process (PID=3744) to work on /home/ubuntu/airflow-venv/lib/python3.12/site-packages/airflow/example_dags/example_trigger_target_dag.py
[2024-11-14T07:41:48.071+0000] {processor.py:914} INFO - Processing file /home/ubuntu/airflow-venv/lib/python3.12/site-packages/airflow/example_dags/example_trigger_target_dag.py for tasks to queue
[2024-11-14T07:41:48.074+0000] {logging_mixin.py:190} INFO - [2024-11-14T07:41:48.073+0000] {dagbag.py:588} INFO - Filling up the DagBag from /home/ubuntu/airflow-venv/lib/python3.12/site-packages/airflow/example_dags/example_trigger_target_dag.py
[2024-11-14T07:41:48.084+0000] {processor.py:925} INFO - DAG(s) 'example_trigger_target_dag' retrieved from /home/ubuntu/airflow-venv/lib/python3.12/site-packages/airflow/example_dags/example_trigger_target_dag.py
[2024-11-14T07:41:48.101+0000] {logging_mixin.py:190} INFO - [2024-11-14T07:41:48.101+0000] {dag.py:3239} INFO - Sync 1 DAGs
[2024-11-14T07:41:48.117+0000] {logging_mixin.py:190} INFO - [2024-11-14T07:41:48.116+0000] {dag.py:4180} INFO - Setting next_dagrun for example_trigger_target_dag to None, run_after=None
[2024-11-14T07:41:48.144+0000] {processor.py:208} INFO - Processing /home/ubuntu/airflow-venv/lib/python3.12/site-packages/airflow/example_dags/example_trigger_target_dag.py took 0.083 seconds
[2024-11-14T07:42:44.354+0000] {processor.py:186} INFO - Started process (PID=3801) to work on /home/ubuntu/airflow-venv/lib/python3.12/site-packages/airflow/example_dags/example_trigger_target_dag.py
[2024-11-14T07:42:44.355+0000] {processor.py:914} INFO - Processing file /home/ubuntu/airflow-venv/lib/python3.12/site-packages/airflow/example_dags/example_trigger_target_dag.py for tasks to queue
[2024-11-14T07:42:44.358+0000] {logging_mixin.py:190} INFO - [2024-11-14T07:42:44.358+0000] {dagbag.py:588} INFO - Filling up the DagBag from /home/ubuntu/airflow-venv/lib/python3.12/site-packages/airflow/example_dags/example_trigger_target_dag.py
[2024-11-14T07:42:44.367+0000] {processor.py:925} INFO - DAG(s) 'example_trigger_target_dag' retrieved from /home/ubuntu/airflow-venv/lib/python3.12/site-packages/airflow/example_dags/example_trigger_target_dag.py
[2024-11-14T07:42:44.386+0000] {logging_mixin.py:190} INFO - [2024-11-14T07:42:44.386+0000] {dag.py:3239} INFO - Sync 1 DAGs
[2024-11-14T07:42:44.399+0000] {logging_mixin.py:190} INFO - [2024-11-14T07:42:44.399+0000] {dag.py:4180} INFO - Setting next_dagrun for example_trigger_target_dag to None, run_after=None
[2024-11-14T07:42:44.424+0000] {processor.py:208} INFO - Processing /home/ubuntu/airflow-venv/lib/python3.12/site-packages/airflow/example_dags/example_trigger_target_dag.py took 0.076 seconds
[2024-11-14T07:43:38.318+0000] {processor.py:186} INFO - Started process (PID=3856) to work on /home/ubuntu/airflow-venv/lib/python3.12/site-packages/airflow/example_dags/example_trigger_target_dag.py
[2024-11-14T07:43:38.320+0000] {processor.py:914} INFO - Processing file /home/ubuntu/airflow-venv/lib/python3.12/site-packages/airflow/example_dags/example_trigger_target_dag.py for tasks to queue
[2024-11-14T07:43:38.322+0000] {logging_mixin.py:190} INFO - [2024-11-14T07:43:38.322+0000] {dagbag.py:588} INFO - Filling up the DagBag from /home/ubuntu/airflow-venv/lib/python3.12/site-packages/airflow/example_dags/example_trigger_target_dag.py
[2024-11-14T07:43:38.331+0000] {processor.py:925} INFO - DAG(s) 'example_trigger_target_dag' retrieved from /home/ubuntu/airflow-venv/lib/python3.12/site-packages/airflow/example_dags/example_trigger_target_dag.py
[2024-11-14T07:43:38.351+0000] {logging_mixin.py:190} INFO - [2024-11-14T07:43:38.351+0000] {dag.py:3239} INFO - Sync 1 DAGs
[2024-11-14T07:43:38.363+0000] {logging_mixin.py:190} INFO - [2024-11-14T07:43:38.363+0000] {dag.py:4180} INFO - Setting next_dagrun for example_trigger_target_dag to None, run_after=None
[2024-11-14T07:43:38.388+0000] {processor.py:208} INFO - Processing /home/ubuntu/airflow-venv/lib/python3.12/site-packages/airflow/example_dags/example_trigger_target_dag.py took 0.076 seconds
[2024-11-14T07:44:36.634+0000] {processor.py:186} INFO - Started process (PID=3912) to work on /home/ubuntu/airflow-venv/lib/python3.12/site-packages/airflow/example_dags/example_trigger_target_dag.py
[2024-11-14T07:44:36.636+0000] {processor.py:914} INFO - Processing file /home/ubuntu/airflow-venv/lib/python3.12/site-packages/airflow/example_dags/example_trigger_target_dag.py for tasks to queue
[2024-11-14T07:44:36.639+0000] {logging_mixin.py:190} INFO - [2024-11-14T07:44:36.639+0000] {dagbag.py:588} INFO - Filling up the DagBag from /home/ubuntu/airflow-venv/lib/python3.12/site-packages/airflow/example_dags/example_trigger_target_dag.py
[2024-11-14T07:44:36.650+0000] {processor.py:925} INFO - DAG(s) 'example_trigger_target_dag' retrieved from /home/ubuntu/airflow-venv/lib/python3.12/site-packages/airflow/example_dags/example_trigger_target_dag.py
[2024-11-14T07:44:36.674+0000] {logging_mixin.py:190} INFO - [2024-11-14T07:44:36.674+0000] {dag.py:3239} INFO - Sync 1 DAGs
[2024-11-14T07:44:36.688+0000] {logging_mixin.py:190} INFO - [2024-11-14T07:44:36.688+0000] {dag.py:4180} INFO - Setting next_dagrun for example_trigger_target_dag to None, run_after=None
[2024-11-14T07:44:36.715+0000] {processor.py:208} INFO - Processing /home/ubuntu/airflow-venv/lib/python3.12/site-packages/airflow/example_dags/example_trigger_target_dag.py took 0.088 seconds
[2024-11-14T07:45:32.388+0000] {processor.py:186} INFO - Started process (PID=3972) to work on /home/ubuntu/airflow-venv/lib/python3.12/site-packages/airflow/example_dags/example_trigger_target_dag.py
[2024-11-14T07:45:32.390+0000] {processor.py:914} INFO - Processing file /home/ubuntu/airflow-venv/lib/python3.12/site-packages/airflow/example_dags/example_trigger_target_dag.py for tasks to queue
[2024-11-14T07:45:32.393+0000] {logging_mixin.py:190} INFO - [2024-11-14T07:45:32.392+0000] {dagbag.py:588} INFO - Filling up the DagBag from /home/ubuntu/airflow-venv/lib/python3.12/site-packages/airflow/example_dags/example_trigger_target_dag.py
[2024-11-14T07:45:32.402+0000] {processor.py:925} INFO - DAG(s) 'example_trigger_target_dag' retrieved from /home/ubuntu/airflow-venv/lib/python3.12/site-packages/airflow/example_dags/example_trigger_target_dag.py
[2024-11-14T07:45:32.419+0000] {logging_mixin.py:190} INFO - [2024-11-14T07:45:32.419+0000] {dag.py:3239} INFO - Sync 1 DAGs
[2024-11-14T07:45:32.431+0000] {logging_mixin.py:190} INFO - [2024-11-14T07:45:32.431+0000] {dag.py:4180} INFO - Setting next_dagrun for example_trigger_target_dag to None, run_after=None
[2024-11-14T07:45:32.454+0000] {processor.py:208} INFO - Processing /home/ubuntu/airflow-venv/lib/python3.12/site-packages/airflow/example_dags/example_trigger_target_dag.py took 0.072 seconds
[2024-11-14T07:46:25.180+0000] {processor.py:186} INFO - Started process (PID=4031) to work on /home/ubuntu/airflow-venv/lib/python3.12/site-packages/airflow/example_dags/example_trigger_target_dag.py
[2024-11-14T07:46:25.182+0000] {processor.py:914} INFO - Processing file /home/ubuntu/airflow-venv/lib/python3.12/site-packages/airflow/example_dags/example_trigger_target_dag.py for tasks to queue
[2024-11-14T07:46:25.185+0000] {logging_mixin.py:190} INFO - [2024-11-14T07:46:25.185+0000] {dagbag.py:588} INFO - Filling up the DagBag from /home/ubuntu/airflow-venv/lib/python3.12/site-packages/airflow/example_dags/example_trigger_target_dag.py
[2024-11-14T07:46:25.196+0000] {processor.py:925} INFO - DAG(s) 'example_trigger_target_dag' retrieved from /home/ubuntu/airflow-venv/lib/python3.12/site-packages/airflow/example_dags/example_trigger_target_dag.py
[2024-11-14T07:46:25.215+0000] {logging_mixin.py:190} INFO - [2024-11-14T07:46:25.214+0000] {dag.py:3239} INFO - Sync 1 DAGs
[2024-11-14T07:46:25.230+0000] {logging_mixin.py:190} INFO - [2024-11-14T07:46:25.230+0000] {dag.py:4180} INFO - Setting next_dagrun for example_trigger_target_dag to None, run_after=None
[2024-11-14T07:46:25.262+0000] {processor.py:208} INFO - Processing /home/ubuntu/airflow-venv/lib/python3.12/site-packages/airflow/example_dags/example_trigger_target_dag.py took 0.092 seconds
[2024-11-14T07:47:19.621+0000] {processor.py:186} INFO - Started process (PID=4087) to work on /home/ubuntu/airflow-venv/lib/python3.12/site-packages/airflow/example_dags/example_trigger_target_dag.py
[2024-11-14T07:47:19.623+0000] {processor.py:914} INFO - Processing file /home/ubuntu/airflow-venv/lib/python3.12/site-packages/airflow/example_dags/example_trigger_target_dag.py for tasks to queue
[2024-11-14T07:47:19.634+0000] {logging_mixin.py:190} INFO - [2024-11-14T07:47:19.634+0000] {dagbag.py:588} INFO - Filling up the DagBag from /home/ubuntu/airflow-venv/lib/python3.12/site-packages/airflow/example_dags/example_trigger_target_dag.py
[2024-11-14T07:47:19.645+0000] {processor.py:925} INFO - DAG(s) 'example_trigger_target_dag' retrieved from /home/ubuntu/airflow-venv/lib/python3.12/site-packages/airflow/example_dags/example_trigger_target_dag.py
[2024-11-14T07:47:19.665+0000] {logging_mixin.py:190} INFO - [2024-11-14T07:47:19.665+0000] {dag.py:3239} INFO - Sync 1 DAGs
[2024-11-14T07:47:19.678+0000] {logging_mixin.py:190} INFO - [2024-11-14T07:47:19.678+0000] {dag.py:4180} INFO - Setting next_dagrun for example_trigger_target_dag to None, run_after=None
[2024-11-14T07:47:19.700+0000] {processor.py:208} INFO - Processing /home/ubuntu/airflow-venv/lib/python3.12/site-packages/airflow/example_dags/example_trigger_target_dag.py took 0.085 seconds
[2024-11-14T07:48:22.464+0000] {processor.py:186} INFO - Started process (PID=4582) to work on /home/ubuntu/airflow-venv/lib/python3.12/site-packages/airflow/example_dags/example_trigger_target_dag.py
[2024-11-14T07:48:22.467+0000] {processor.py:914} INFO - Processing file /home/ubuntu/airflow-venv/lib/python3.12/site-packages/airflow/example_dags/example_trigger_target_dag.py for tasks to queue
[2024-11-14T07:48:22.472+0000] {logging_mixin.py:190} INFO - [2024-11-14T07:48:22.472+0000] {dagbag.py:588} INFO - Filling up the DagBag from /home/ubuntu/airflow-venv/lib/python3.12/site-packages/airflow/example_dags/example_trigger_target_dag.py
[2024-11-14T07:48:22.488+0000] {processor.py:925} INFO - DAG(s) 'example_trigger_target_dag' retrieved from /home/ubuntu/airflow-venv/lib/python3.12/site-packages/airflow/example_dags/example_trigger_target_dag.py
[2024-11-14T07:48:22.516+0000] {logging_mixin.py:190} INFO - [2024-11-14T07:48:22.516+0000] {dag.py:3239} INFO - Sync 1 DAGs
[2024-11-14T07:48:22.540+0000] {logging_mixin.py:190} INFO - [2024-11-14T07:48:22.539+0000] {dag.py:4180} INFO - Setting next_dagrun for example_trigger_target_dag to None, run_after=None
[2024-11-14T07:48:22.575+0000] {processor.py:208} INFO - Processing /home/ubuntu/airflow-venv/lib/python3.12/site-packages/airflow/example_dags/example_trigger_target_dag.py took 0.122 seconds
[2024-11-14T07:49:26.556+0000] {processor.py:186} INFO - Started process (PID=4651) to work on /home/ubuntu/airflow-venv/lib/python3.12/site-packages/airflow/example_dags/example_trigger_target_dag.py
[2024-11-14T07:49:26.559+0000] {processor.py:914} INFO - Processing file /home/ubuntu/airflow-venv/lib/python3.12/site-packages/airflow/example_dags/example_trigger_target_dag.py for tasks to queue
[2024-11-14T07:49:26.564+0000] {logging_mixin.py:190} INFO - [2024-11-14T07:49:26.563+0000] {dagbag.py:588} INFO - Filling up the DagBag from /home/ubuntu/airflow-venv/lib/python3.12/site-packages/airflow/example_dags/example_trigger_target_dag.py
[2024-11-14T07:49:26.577+0000] {processor.py:925} INFO - DAG(s) 'example_trigger_target_dag' retrieved from /home/ubuntu/airflow-venv/lib/python3.12/site-packages/airflow/example_dags/example_trigger_target_dag.py
[2024-11-14T07:49:26.607+0000] {logging_mixin.py:190} INFO - [2024-11-14T07:49:26.607+0000] {dag.py:3239} INFO - Sync 1 DAGs
[2024-11-14T07:49:26.624+0000] {logging_mixin.py:190} INFO - [2024-11-14T07:49:26.623+0000] {dag.py:4180} INFO - Setting next_dagrun for example_trigger_target_dag to None, run_after=None
[2024-11-14T07:49:26.651+0000] {processor.py:208} INFO - Processing /home/ubuntu/airflow-venv/lib/python3.12/site-packages/airflow/example_dags/example_trigger_target_dag.py took 0.106 seconds
[2024-11-14T07:50:26.003+0000] {processor.py:186} INFO - Started process (PID=4713) to work on /home/ubuntu/airflow-venv/lib/python3.12/site-packages/airflow/example_dags/example_trigger_target_dag.py
[2024-11-14T07:50:26.007+0000] {processor.py:914} INFO - Processing file /home/ubuntu/airflow-venv/lib/python3.12/site-packages/airflow/example_dags/example_trigger_target_dag.py for tasks to queue
[2024-11-14T07:50:26.008+0000] {logging_mixin.py:190} INFO - [2024-11-14T07:50:26.008+0000] {dagbag.py:588} INFO - Filling up the DagBag from /home/ubuntu/airflow-venv/lib/python3.12/site-packages/airflow/example_dags/example_trigger_target_dag.py
[2024-11-14T07:50:26.023+0000] {processor.py:925} INFO - DAG(s) 'example_trigger_target_dag' retrieved from /home/ubuntu/airflow-venv/lib/python3.12/site-packages/airflow/example_dags/example_trigger_target_dag.py
[2024-11-14T07:50:26.056+0000] {logging_mixin.py:190} INFO - [2024-11-14T07:50:26.056+0000] {dag.py:3239} INFO - Sync 1 DAGs
[2024-11-14T07:50:26.081+0000] {logging_mixin.py:190} INFO - [2024-11-14T07:50:26.081+0000] {dag.py:4180} INFO - Setting next_dagrun for example_trigger_target_dag to None, run_after=None
[2024-11-14T07:50:26.130+0000] {processor.py:208} INFO - Processing /home/ubuntu/airflow-venv/lib/python3.12/site-packages/airflow/example_dags/example_trigger_target_dag.py took 0.140 seconds
[2024-11-14T07:51:30.841+0000] {processor.py:186} INFO - Started process (PID=4778) to work on /home/ubuntu/airflow-venv/lib/python3.12/site-packages/airflow/example_dags/example_trigger_target_dag.py
[2024-11-14T07:51:30.842+0000] {processor.py:914} INFO - Processing file /home/ubuntu/airflow-venv/lib/python3.12/site-packages/airflow/example_dags/example_trigger_target_dag.py for tasks to queue
[2024-11-14T07:51:30.844+0000] {logging_mixin.py:190} INFO - [2024-11-14T07:51:30.843+0000] {dagbag.py:588} INFO - Filling up the DagBag from /home/ubuntu/airflow-venv/lib/python3.12/site-packages/airflow/example_dags/example_trigger_target_dag.py
[2024-11-14T07:51:30.854+0000] {processor.py:925} INFO - DAG(s) 'example_trigger_target_dag' retrieved from /home/ubuntu/airflow-venv/lib/python3.12/site-packages/airflow/example_dags/example_trigger_target_dag.py
[2024-11-14T07:51:30.874+0000] {logging_mixin.py:190} INFO - [2024-11-14T07:51:30.873+0000] {dag.py:3239} INFO - Sync 1 DAGs
[2024-11-14T07:51:30.890+0000] {logging_mixin.py:190} INFO - [2024-11-14T07:51:30.890+0000] {dag.py:4180} INFO - Setting next_dagrun for example_trigger_target_dag to None, run_after=None
[2024-11-14T07:51:30.918+0000] {processor.py:208} INFO - Processing /home/ubuntu/airflow-venv/lib/python3.12/site-packages/airflow/example_dags/example_trigger_target_dag.py took 0.083 seconds
[2024-11-14T07:52:31.328+0000] {processor.py:186} INFO - Started process (PID=4838) to work on /home/ubuntu/airflow-venv/lib/python3.12/site-packages/airflow/example_dags/example_trigger_target_dag.py
[2024-11-14T07:52:31.329+0000] {processor.py:914} INFO - Processing file /home/ubuntu/airflow-venv/lib/python3.12/site-packages/airflow/example_dags/example_trigger_target_dag.py for tasks to queue
[2024-11-14T07:52:31.331+0000] {logging_mixin.py:190} INFO - [2024-11-14T07:52:31.330+0000] {dagbag.py:588} INFO - Filling up the DagBag from /home/ubuntu/airflow-venv/lib/python3.12/site-packages/airflow/example_dags/example_trigger_target_dag.py
[2024-11-14T07:52:31.353+0000] {processor.py:925} INFO - DAG(s) 'example_trigger_target_dag' retrieved from /home/ubuntu/airflow-venv/lib/python3.12/site-packages/airflow/example_dags/example_trigger_target_dag.py
[2024-11-14T07:52:31.379+0000] {logging_mixin.py:190} INFO - [2024-11-14T07:52:31.378+0000] {dag.py:3239} INFO - Sync 1 DAGs
[2024-11-14T07:52:31.392+0000] {logging_mixin.py:190} INFO - [2024-11-14T07:52:31.391+0000] {dag.py:4180} INFO - Setting next_dagrun for example_trigger_target_dag to None, run_after=None
[2024-11-14T07:52:31.415+0000] {processor.py:208} INFO - Processing /home/ubuntu/airflow-venv/lib/python3.12/site-packages/airflow/example_dags/example_trigger_target_dag.py took 0.102 seconds
[2024-11-14T07:53:29.132+0000] {processor.py:186} INFO - Started process (PID=4898) to work on /home/ubuntu/airflow-venv/lib/python3.12/site-packages/airflow/example_dags/example_trigger_target_dag.py
[2024-11-14T07:53:29.136+0000] {processor.py:914} INFO - Processing file /home/ubuntu/airflow-venv/lib/python3.12/site-packages/airflow/example_dags/example_trigger_target_dag.py for tasks to queue
[2024-11-14T07:53:29.138+0000] {logging_mixin.py:190} INFO - [2024-11-14T07:53:29.137+0000] {dagbag.py:588} INFO - Filling up the DagBag from /home/ubuntu/airflow-venv/lib/python3.12/site-packages/airflow/example_dags/example_trigger_target_dag.py
[2024-11-14T07:53:29.159+0000] {processor.py:925} INFO - DAG(s) 'example_trigger_target_dag' retrieved from /home/ubuntu/airflow-venv/lib/python3.12/site-packages/airflow/example_dags/example_trigger_target_dag.py
[2024-11-14T07:53:29.191+0000] {logging_mixin.py:190} INFO - [2024-11-14T07:53:29.190+0000] {dag.py:3239} INFO - Sync 1 DAGs
[2024-11-14T07:53:29.211+0000] {logging_mixin.py:190} INFO - [2024-11-14T07:53:29.210+0000] {dag.py:4180} INFO - Setting next_dagrun for example_trigger_target_dag to None, run_after=None
[2024-11-14T07:53:29.246+0000] {processor.py:208} INFO - Processing /home/ubuntu/airflow-venv/lib/python3.12/site-packages/airflow/example_dags/example_trigger_target_dag.py took 0.122 seconds
[2024-11-14T07:54:31.253+0000] {processor.py:186} INFO - Started process (PID=4960) to work on /home/ubuntu/airflow-venv/lib/python3.12/site-packages/airflow/example_dags/example_trigger_target_dag.py
[2024-11-14T07:54:31.255+0000] {processor.py:914} INFO - Processing file /home/ubuntu/airflow-venv/lib/python3.12/site-packages/airflow/example_dags/example_trigger_target_dag.py for tasks to queue
[2024-11-14T07:54:31.256+0000] {logging_mixin.py:190} INFO - [2024-11-14T07:54:31.256+0000] {dagbag.py:588} INFO - Filling up the DagBag from /home/ubuntu/airflow-venv/lib/python3.12/site-packages/airflow/example_dags/example_trigger_target_dag.py
[2024-11-14T07:54:31.265+0000] {processor.py:925} INFO - DAG(s) 'example_trigger_target_dag' retrieved from /home/ubuntu/airflow-venv/lib/python3.12/site-packages/airflow/example_dags/example_trigger_target_dag.py
[2024-11-14T07:54:31.283+0000] {logging_mixin.py:190} INFO - [2024-11-14T07:54:31.283+0000] {dag.py:3239} INFO - Sync 1 DAGs
[2024-11-14T07:54:31.297+0000] {logging_mixin.py:190} INFO - [2024-11-14T07:54:31.296+0000] {dag.py:4180} INFO - Setting next_dagrun for example_trigger_target_dag to None, run_after=None
[2024-11-14T07:54:31.319+0000] {processor.py:208} INFO - Processing /home/ubuntu/airflow-venv/lib/python3.12/site-packages/airflow/example_dags/example_trigger_target_dag.py took 0.072 seconds
[2024-11-14T07:55:28.923+0000] {processor.py:186} INFO - Started process (PID=5023) to work on /home/ubuntu/airflow-venv/lib/python3.12/site-packages/airflow/example_dags/example_trigger_target_dag.py
[2024-11-14T07:55:28.925+0000] {processor.py:914} INFO - Processing file /home/ubuntu/airflow-venv/lib/python3.12/site-packages/airflow/example_dags/example_trigger_target_dag.py for tasks to queue
[2024-11-14T07:55:28.926+0000] {logging_mixin.py:190} INFO - [2024-11-14T07:55:28.926+0000] {dagbag.py:588} INFO - Filling up the DagBag from /home/ubuntu/airflow-venv/lib/python3.12/site-packages/airflow/example_dags/example_trigger_target_dag.py
[2024-11-14T07:55:28.936+0000] {processor.py:925} INFO - DAG(s) 'example_trigger_target_dag' retrieved from /home/ubuntu/airflow-venv/lib/python3.12/site-packages/airflow/example_dags/example_trigger_target_dag.py
[2024-11-14T07:55:28.952+0000] {logging_mixin.py:190} INFO - [2024-11-14T07:55:28.952+0000] {dag.py:3239} INFO - Sync 1 DAGs
[2024-11-14T07:55:28.966+0000] {logging_mixin.py:190} INFO - [2024-11-14T07:55:28.965+0000] {dag.py:4180} INFO - Setting next_dagrun for example_trigger_target_dag to None, run_after=None
[2024-11-14T07:55:28.988+0000] {processor.py:208} INFO - Processing /home/ubuntu/airflow-venv/lib/python3.12/site-packages/airflow/example_dags/example_trigger_target_dag.py took 0.071 seconds
[2024-11-14T07:56:30.999+0000] {processor.py:186} INFO - Started process (PID=5083) to work on /home/ubuntu/airflow-venv/lib/python3.12/site-packages/airflow/example_dags/example_trigger_target_dag.py
[2024-11-14T07:56:31.001+0000] {processor.py:914} INFO - Processing file /home/ubuntu/airflow-venv/lib/python3.12/site-packages/airflow/example_dags/example_trigger_target_dag.py for tasks to queue
[2024-11-14T07:56:31.003+0000] {logging_mixin.py:190} INFO - [2024-11-14T07:56:31.003+0000] {dagbag.py:588} INFO - Filling up the DagBag from /home/ubuntu/airflow-venv/lib/python3.12/site-packages/airflow/example_dags/example_trigger_target_dag.py
[2024-11-14T07:56:31.014+0000] {processor.py:925} INFO - DAG(s) 'example_trigger_target_dag' retrieved from /home/ubuntu/airflow-venv/lib/python3.12/site-packages/airflow/example_dags/example_trigger_target_dag.py
[2024-11-14T07:56:31.035+0000] {logging_mixin.py:190} INFO - [2024-11-14T07:56:31.035+0000] {dag.py:3239} INFO - Sync 1 DAGs
[2024-11-14T07:56:31.052+0000] {logging_mixin.py:190} INFO - [2024-11-14T07:56:31.051+0000] {dag.py:4180} INFO - Setting next_dagrun for example_trigger_target_dag to None, run_after=None
[2024-11-14T07:56:31.081+0000] {processor.py:208} INFO - Processing /home/ubuntu/airflow-venv/lib/python3.12/site-packages/airflow/example_dags/example_trigger_target_dag.py took 0.091 seconds
[2024-11-14T07:57:31.190+0000] {processor.py:186} INFO - Started process (PID=5146) to work on /home/ubuntu/airflow-venv/lib/python3.12/site-packages/airflow/example_dags/example_trigger_target_dag.py
[2024-11-14T07:57:31.194+0000] {processor.py:914} INFO - Processing file /home/ubuntu/airflow-venv/lib/python3.12/site-packages/airflow/example_dags/example_trigger_target_dag.py for tasks to queue
[2024-11-14T07:57:31.198+0000] {logging_mixin.py:190} INFO - [2024-11-14T07:57:31.196+0000] {dagbag.py:588} INFO - Filling up the DagBag from /home/ubuntu/airflow-venv/lib/python3.12/site-packages/airflow/example_dags/example_trigger_target_dag.py
[2024-11-14T07:57:31.229+0000] {processor.py:925} INFO - DAG(s) 'example_trigger_target_dag' retrieved from /home/ubuntu/airflow-venv/lib/python3.12/site-packages/airflow/example_dags/example_trigger_target_dag.py
[2024-11-14T07:57:31.254+0000] {logging_mixin.py:190} INFO - [2024-11-14T07:57:31.254+0000] {dag.py:3239} INFO - Sync 1 DAGs
[2024-11-14T07:57:31.302+0000] {logging_mixin.py:190} INFO - [2024-11-14T07:57:31.302+0000] {dag.py:4180} INFO - Setting next_dagrun for example_trigger_target_dag to None, run_after=None
[2024-11-14T07:57:31.325+0000] {processor.py:208} INFO - Processing /home/ubuntu/airflow-venv/lib/python3.12/site-packages/airflow/example_dags/example_trigger_target_dag.py took 0.151 seconds
[2024-11-14T07:58:32.172+0000] {processor.py:186} INFO - Started process (PID=5206) to work on /home/ubuntu/airflow-venv/lib/python3.12/site-packages/airflow/example_dags/example_trigger_target_dag.py
[2024-11-14T07:58:32.174+0000] {processor.py:914} INFO - Processing file /home/ubuntu/airflow-venv/lib/python3.12/site-packages/airflow/example_dags/example_trigger_target_dag.py for tasks to queue
[2024-11-14T07:58:32.175+0000] {logging_mixin.py:190} INFO - [2024-11-14T07:58:32.174+0000] {dagbag.py:588} INFO - Filling up the DagBag from /home/ubuntu/airflow-venv/lib/python3.12/site-packages/airflow/example_dags/example_trigger_target_dag.py
[2024-11-14T07:58:32.185+0000] {processor.py:925} INFO - DAG(s) 'example_trigger_target_dag' retrieved from /home/ubuntu/airflow-venv/lib/python3.12/site-packages/airflow/example_dags/example_trigger_target_dag.py
[2024-11-14T07:58:32.202+0000] {logging_mixin.py:190} INFO - [2024-11-14T07:58:32.202+0000] {dag.py:3239} INFO - Sync 1 DAGs
[2024-11-14T07:58:32.215+0000] {logging_mixin.py:190} INFO - [2024-11-14T07:58:32.215+0000] {dag.py:4180} INFO - Setting next_dagrun for example_trigger_target_dag to None, run_after=None
[2024-11-14T07:58:32.238+0000] {processor.py:208} INFO - Processing /home/ubuntu/airflow-venv/lib/python3.12/site-packages/airflow/example_dags/example_trigger_target_dag.py took 0.072 seconds
[2024-11-14T07:59:32.326+0000] {processor.py:186} INFO - Started process (PID=5266) to work on /home/ubuntu/airflow-venv/lib/python3.12/site-packages/airflow/example_dags/example_trigger_target_dag.py
[2024-11-14T07:59:32.329+0000] {processor.py:914} INFO - Processing file /home/ubuntu/airflow-venv/lib/python3.12/site-packages/airflow/example_dags/example_trigger_target_dag.py for tasks to queue
[2024-11-14T07:59:32.336+0000] {logging_mixin.py:190} INFO - [2024-11-14T07:59:32.333+0000] {dagbag.py:588} INFO - Filling up the DagBag from /home/ubuntu/airflow-venv/lib/python3.12/site-packages/airflow/example_dags/example_trigger_target_dag.py
[2024-11-14T07:59:32.362+0000] {processor.py:925} INFO - DAG(s) 'example_trigger_target_dag' retrieved from /home/ubuntu/airflow-venv/lib/python3.12/site-packages/airflow/example_dags/example_trigger_target_dag.py
[2024-11-14T07:59:32.388+0000] {logging_mixin.py:190} INFO - [2024-11-14T07:59:32.388+0000] {dag.py:3239} INFO - Sync 1 DAGs
[2024-11-14T07:59:32.416+0000] {logging_mixin.py:190} INFO - [2024-11-14T07:59:32.415+0000] {dag.py:4180} INFO - Setting next_dagrun for example_trigger_target_dag to None, run_after=None
[2024-11-14T07:59:32.456+0000] {processor.py:208} INFO - Processing /home/ubuntu/airflow-venv/lib/python3.12/site-packages/airflow/example_dags/example_trigger_target_dag.py took 0.138 seconds
[2024-11-14T08:00:32.055+0000] {processor.py:186} INFO - Started process (PID=5328) to work on /home/ubuntu/airflow-venv/lib/python3.12/site-packages/airflow/example_dags/example_trigger_target_dag.py
[2024-11-14T08:00:32.057+0000] {processor.py:914} INFO - Processing file /home/ubuntu/airflow-venv/lib/python3.12/site-packages/airflow/example_dags/example_trigger_target_dag.py for tasks to queue
[2024-11-14T08:00:32.061+0000] {logging_mixin.py:190} INFO - [2024-11-14T08:00:32.058+0000] {dagbag.py:588} INFO - Filling up the DagBag from /home/ubuntu/airflow-venv/lib/python3.12/site-packages/airflow/example_dags/example_trigger_target_dag.py
[2024-11-14T08:00:32.078+0000] {processor.py:925} INFO - DAG(s) 'example_trigger_target_dag' retrieved from /home/ubuntu/airflow-venv/lib/python3.12/site-packages/airflow/example_dags/example_trigger_target_dag.py
[2024-11-14T08:00:32.097+0000] {logging_mixin.py:190} INFO - [2024-11-14T08:00:32.096+0000] {dag.py:3239} INFO - Sync 1 DAGs
[2024-11-14T08:00:32.111+0000] {logging_mixin.py:190} INFO - [2024-11-14T08:00:32.111+0000] {dag.py:4180} INFO - Setting next_dagrun for example_trigger_target_dag to None, run_after=None
[2024-11-14T08:00:32.140+0000] {processor.py:208} INFO - Processing /home/ubuntu/airflow-venv/lib/python3.12/site-packages/airflow/example_dags/example_trigger_target_dag.py took 0.097 seconds
[2024-11-14T08:01:31.935+0000] {processor.py:186} INFO - Started process (PID=5392) to work on /home/ubuntu/airflow-venv/lib/python3.12/site-packages/airflow/example_dags/example_trigger_target_dag.py
[2024-11-14T08:01:31.936+0000] {processor.py:914} INFO - Processing file /home/ubuntu/airflow-venv/lib/python3.12/site-packages/airflow/example_dags/example_trigger_target_dag.py for tasks to queue
[2024-11-14T08:01:31.937+0000] {logging_mixin.py:190} INFO - [2024-11-14T08:01:31.937+0000] {dagbag.py:588} INFO - Filling up the DagBag from /home/ubuntu/airflow-venv/lib/python3.12/site-packages/airflow/example_dags/example_trigger_target_dag.py
[2024-11-14T08:01:31.947+0000] {processor.py:925} INFO - DAG(s) 'example_trigger_target_dag' retrieved from /home/ubuntu/airflow-venv/lib/python3.12/site-packages/airflow/example_dags/example_trigger_target_dag.py
[2024-11-14T08:01:31.965+0000] {logging_mixin.py:190} INFO - [2024-11-14T08:01:31.964+0000] {dag.py:3239} INFO - Sync 1 DAGs
[2024-11-14T08:01:31.983+0000] {logging_mixin.py:190} INFO - [2024-11-14T08:01:31.982+0000] {dag.py:4180} INFO - Setting next_dagrun for example_trigger_target_dag to None, run_after=None
[2024-11-14T08:01:32.009+0000] {processor.py:208} INFO - Processing /home/ubuntu/airflow-venv/lib/python3.12/site-packages/airflow/example_dags/example_trigger_target_dag.py took 0.081 seconds
[2024-11-14T08:02:30.964+0000] {processor.py:186} INFO - Started process (PID=5454) to work on /home/ubuntu/airflow-venv/lib/python3.12/site-packages/airflow/example_dags/example_trigger_target_dag.py
[2024-11-14T08:02:30.967+0000] {processor.py:914} INFO - Processing file /home/ubuntu/airflow-venv/lib/python3.12/site-packages/airflow/example_dags/example_trigger_target_dag.py for tasks to queue
[2024-11-14T08:02:30.969+0000] {logging_mixin.py:190} INFO - [2024-11-14T08:02:30.969+0000] {dagbag.py:588} INFO - Filling up the DagBag from /home/ubuntu/airflow-venv/lib/python3.12/site-packages/airflow/example_dags/example_trigger_target_dag.py
[2024-11-14T08:02:30.990+0000] {processor.py:925} INFO - DAG(s) 'example_trigger_target_dag' retrieved from /home/ubuntu/airflow-venv/lib/python3.12/site-packages/airflow/example_dags/example_trigger_target_dag.py
[2024-11-14T08:02:31.013+0000] {logging_mixin.py:190} INFO - [2024-11-14T08:02:31.012+0000] {dag.py:3239} INFO - Sync 1 DAGs
[2024-11-14T08:02:31.028+0000] {logging_mixin.py:190} INFO - [2024-11-14T08:02:31.028+0000] {dag.py:4180} INFO - Setting next_dagrun for example_trigger_target_dag to None, run_after=None
[2024-11-14T08:02:31.054+0000] {processor.py:208} INFO - Processing /home/ubuntu/airflow-venv/lib/python3.12/site-packages/airflow/example_dags/example_trigger_target_dag.py took 0.100 seconds
