[2024-11-14T07:41:23.097+0000] {processor.py:186} INFO - Started process (PID=3722) to work on /home/ubuntu/airflow-venv/lib/python3.12/site-packages/airflow/example_dags/example_branch_python_dop_operator_3.py
[2024-11-14T07:41:23.098+0000] {processor.py:914} INFO - Processing file /home/ubuntu/airflow-venv/lib/python3.12/site-packages/airflow/example_dags/example_branch_python_dop_operator_3.py for tasks to queue
[2024-11-14T07:41:23.101+0000] {logging_mixin.py:190} INFO - [2024-11-14T07:41:23.100+0000] {dagbag.py:588} INFO - Filling up the DagBag from /home/ubuntu/airflow-venv/lib/python3.12/site-packages/airflow/example_dags/example_branch_python_dop_operator_3.py
[2024-11-14T07:41:23.113+0000] {processor.py:925} INFO - DAG(s) 'example_branch_dop_operator_v3' retrieved from /home/ubuntu/airflow-venv/lib/python3.12/site-packages/airflow/example_dags/example_branch_python_dop_operator_3.py
[2024-11-14T07:41:23.244+0000] {logging_mixin.py:190} INFO - [2024-11-14T07:41:23.243+0000] {override.py:1911} INFO - Created Permission View: can delete on DAG:example_branch_dop_operator_v3
[2024-11-14T07:41:23.259+0000] {logging_mixin.py:190} INFO - [2024-11-14T07:41:23.258+0000] {override.py:1911} INFO - Created Permission View: can read on DAG:example_branch_dop_operator_v3
[2024-11-14T07:41:23.274+0000] {logging_mixin.py:190} INFO - [2024-11-14T07:41:23.273+0000] {override.py:1911} INFO - Created Permission View: can edit on DAG:example_branch_dop_operator_v3
[2024-11-14T07:41:23.298+0000] {logging_mixin.py:190} INFO - [2024-11-14T07:41:23.297+0000] {override.py:1911} INFO - Created Permission View: can delete on DAG Run:example_branch_dop_operator_v3
[2024-11-14T07:41:23.309+0000] {logging_mixin.py:190} INFO - [2024-11-14T07:41:23.309+0000] {override.py:1911} INFO - Created Permission View: can create on DAG Run:example_branch_dop_operator_v3
[2024-11-14T07:41:23.322+0000] {logging_mixin.py:190} INFO - [2024-11-14T07:41:23.321+0000] {override.py:1911} INFO - Created Permission View: can read on DAG Run:example_branch_dop_operator_v3
[2024-11-14T07:41:23.337+0000] {logging_mixin.py:190} INFO - [2024-11-14T07:41:23.335+0000] {override.py:1911} INFO - Created Permission View: menu access on DAG Run:example_branch_dop_operator_v3
[2024-11-14T07:41:23.337+0000] {logging_mixin.py:190} INFO - [2024-11-14T07:41:23.337+0000] {dag.py:3239} INFO - Sync 1 DAGs
[2024-11-14T07:41:23.351+0000] {logging_mixin.py:190} INFO - [2024-11-14T07:41:23.351+0000] {dag.py:3262} INFO - Creating ORM DAG for example_branch_dop_operator_v3
[2024-11-14T07:41:23.372+0000] {logging_mixin.py:190} INFO - [2024-11-14T07:41:23.372+0000] {dag.py:4180} INFO - Setting next_dagrun for example_branch_dop_operator_v3 to 2024-11-14 07:40:00+00:00, run_after=2024-11-14 07:41:00+00:00
[2024-11-14T07:41:23.416+0000] {processor.py:208} INFO - Processing /home/ubuntu/airflow-venv/lib/python3.12/site-packages/airflow/example_dags/example_branch_python_dop_operator_3.py took 0.328 seconds
[2024-11-14T07:42:28.667+0000] {processor.py:186} INFO - Started process (PID=3785) to work on /home/ubuntu/airflow-venv/lib/python3.12/site-packages/airflow/example_dags/example_branch_python_dop_operator_3.py
[2024-11-14T07:42:28.669+0000] {processor.py:914} INFO - Processing file /home/ubuntu/airflow-venv/lib/python3.12/site-packages/airflow/example_dags/example_branch_python_dop_operator_3.py for tasks to queue
[2024-11-14T07:42:28.671+0000] {logging_mixin.py:190} INFO - [2024-11-14T07:42:28.671+0000] {dagbag.py:588} INFO - Filling up the DagBag from /home/ubuntu/airflow-venv/lib/python3.12/site-packages/airflow/example_dags/example_branch_python_dop_operator_3.py
[2024-11-14T07:42:28.687+0000] {processor.py:925} INFO - DAG(s) 'example_branch_dop_operator_v3' retrieved from /home/ubuntu/airflow-venv/lib/python3.12/site-packages/airflow/example_dags/example_branch_python_dop_operator_3.py
[2024-11-14T07:42:28.710+0000] {logging_mixin.py:190} INFO - [2024-11-14T07:42:28.710+0000] {dag.py:3239} INFO - Sync 1 DAGs
[2024-11-14T07:42:28.750+0000] {logging_mixin.py:190} INFO - [2024-11-14T07:42:28.750+0000] {dag.py:4180} INFO - Setting next_dagrun for example_branch_dop_operator_v3 to 2024-11-14 07:41:00+00:00, run_after=2024-11-14 07:42:00+00:00
[2024-11-14T07:42:28.777+0000] {processor.py:208} INFO - Processing /home/ubuntu/airflow-venv/lib/python3.12/site-packages/airflow/example_dags/example_branch_python_dop_operator_3.py took 0.117 seconds
[2024-11-14T07:43:25.176+0000] {processor.py:186} INFO - Started process (PID=3843) to work on /home/ubuntu/airflow-venv/lib/python3.12/site-packages/airflow/example_dags/example_branch_python_dop_operator_3.py
[2024-11-14T07:43:25.178+0000] {processor.py:914} INFO - Processing file /home/ubuntu/airflow-venv/lib/python3.12/site-packages/airflow/example_dags/example_branch_python_dop_operator_3.py for tasks to queue
[2024-11-14T07:43:25.180+0000] {logging_mixin.py:190} INFO - [2024-11-14T07:43:25.180+0000] {dagbag.py:588} INFO - Filling up the DagBag from /home/ubuntu/airflow-venv/lib/python3.12/site-packages/airflow/example_dags/example_branch_python_dop_operator_3.py
[2024-11-14T07:43:25.198+0000] {processor.py:925} INFO - DAG(s) 'example_branch_dop_operator_v3' retrieved from /home/ubuntu/airflow-venv/lib/python3.12/site-packages/airflow/example_dags/example_branch_python_dop_operator_3.py
[2024-11-14T07:43:25.216+0000] {logging_mixin.py:190} INFO - [2024-11-14T07:43:25.216+0000] {dag.py:3239} INFO - Sync 1 DAGs
[2024-11-14T07:43:25.243+0000] {logging_mixin.py:190} INFO - [2024-11-14T07:43:25.243+0000] {dag.py:4180} INFO - Setting next_dagrun for example_branch_dop_operator_v3 to 2024-11-14 07:42:00+00:00, run_after=2024-11-14 07:43:00+00:00
[2024-11-14T07:43:25.268+0000] {processor.py:208} INFO - Processing /home/ubuntu/airflow-venv/lib/python3.12/site-packages/airflow/example_dags/example_branch_python_dop_operator_3.py took 0.100 seconds
[2024-11-14T07:44:24.125+0000] {processor.py:186} INFO - Started process (PID=3900) to work on /home/ubuntu/airflow-venv/lib/python3.12/site-packages/airflow/example_dags/example_branch_python_dop_operator_3.py
[2024-11-14T07:44:24.126+0000] {processor.py:914} INFO - Processing file /home/ubuntu/airflow-venv/lib/python3.12/site-packages/airflow/example_dags/example_branch_python_dop_operator_3.py for tasks to queue
[2024-11-14T07:44:24.128+0000] {logging_mixin.py:190} INFO - [2024-11-14T07:44:24.128+0000] {dagbag.py:588} INFO - Filling up the DagBag from /home/ubuntu/airflow-venv/lib/python3.12/site-packages/airflow/example_dags/example_branch_python_dop_operator_3.py
[2024-11-14T07:44:24.139+0000] {processor.py:925} INFO - DAG(s) 'example_branch_dop_operator_v3' retrieved from /home/ubuntu/airflow-venv/lib/python3.12/site-packages/airflow/example_dags/example_branch_python_dop_operator_3.py
[2024-11-14T07:44:24.157+0000] {logging_mixin.py:190} INFO - [2024-11-14T07:44:24.157+0000] {dag.py:3239} INFO - Sync 1 DAGs
[2024-11-14T07:44:24.179+0000] {logging_mixin.py:190} INFO - [2024-11-14T07:44:24.179+0000] {dag.py:4180} INFO - Setting next_dagrun for example_branch_dop_operator_v3 to 2024-11-14 07:43:00+00:00, run_after=2024-11-14 07:44:00+00:00
[2024-11-14T07:44:24.200+0000] {processor.py:208} INFO - Processing /home/ubuntu/airflow-venv/lib/python3.12/site-packages/airflow/example_dags/example_branch_python_dop_operator_3.py took 0.087 seconds
[2024-11-14T07:45:21.189+0000] {processor.py:186} INFO - Started process (PID=3960) to work on /home/ubuntu/airflow-venv/lib/python3.12/site-packages/airflow/example_dags/example_branch_python_dop_operator_3.py
[2024-11-14T07:45:21.190+0000] {processor.py:914} INFO - Processing file /home/ubuntu/airflow-venv/lib/python3.12/site-packages/airflow/example_dags/example_branch_python_dop_operator_3.py for tasks to queue
[2024-11-14T07:45:21.193+0000] {logging_mixin.py:190} INFO - [2024-11-14T07:45:21.192+0000] {dagbag.py:588} INFO - Filling up the DagBag from /home/ubuntu/airflow-venv/lib/python3.12/site-packages/airflow/example_dags/example_branch_python_dop_operator_3.py
[2024-11-14T07:45:21.204+0000] {processor.py:925} INFO - DAG(s) 'example_branch_dop_operator_v3' retrieved from /home/ubuntu/airflow-venv/lib/python3.12/site-packages/airflow/example_dags/example_branch_python_dop_operator_3.py
[2024-11-14T07:45:21.221+0000] {logging_mixin.py:190} INFO - [2024-11-14T07:45:21.220+0000] {dag.py:3239} INFO - Sync 1 DAGs
[2024-11-14T07:45:21.243+0000] {logging_mixin.py:190} INFO - [2024-11-14T07:45:21.243+0000] {dag.py:4180} INFO - Setting next_dagrun for example_branch_dop_operator_v3 to 2024-11-14 07:44:00+00:00, run_after=2024-11-14 07:45:00+00:00
[2024-11-14T07:45:21.266+0000] {processor.py:208} INFO - Processing /home/ubuntu/airflow-venv/lib/python3.12/site-packages/airflow/example_dags/example_branch_python_dop_operator_3.py took 0.083 seconds
[2024-11-14T07:46:40.822+0000] {processor.py:186} INFO - Started process (PID=4048) to work on /home/ubuntu/airflow-venv/lib/python3.12/site-packages/airflow/example_dags/example_branch_python_dop_operator_3.py
[2024-11-14T07:46:40.826+0000] {processor.py:914} INFO - Processing file /home/ubuntu/airflow-venv/lib/python3.12/site-packages/airflow/example_dags/example_branch_python_dop_operator_3.py for tasks to queue
[2024-11-14T07:46:40.829+0000] {logging_mixin.py:190} INFO - [2024-11-14T07:46:40.829+0000] {dagbag.py:588} INFO - Filling up the DagBag from /home/ubuntu/airflow-venv/lib/python3.12/site-packages/airflow/example_dags/example_branch_python_dop_operator_3.py
[2024-11-14T07:46:40.841+0000] {processor.py:925} INFO - DAG(s) 'example_branch_dop_operator_v3' retrieved from /home/ubuntu/airflow-venv/lib/python3.12/site-packages/airflow/example_dags/example_branch_python_dop_operator_3.py
[2024-11-14T07:46:40.859+0000] {logging_mixin.py:190} INFO - [2024-11-14T07:46:40.858+0000] {dag.py:3239} INFO - Sync 1 DAGs
[2024-11-14T07:46:40.881+0000] {logging_mixin.py:190} INFO - [2024-11-14T07:46:40.881+0000] {dag.py:4180} INFO - Setting next_dagrun for example_branch_dop_operator_v3 to 2024-11-14 07:45:00+00:00, run_after=2024-11-14 07:46:00+00:00
[2024-11-14T07:46:40.907+0000] {processor.py:208} INFO - Processing /home/ubuntu/airflow-venv/lib/python3.12/site-packages/airflow/example_dags/example_branch_python_dop_operator_3.py took 0.092 seconds
[2024-11-14T07:48:06.744+0000] {processor.py:186} INFO - Started process (PID=4333) to work on /home/ubuntu/airflow-venv/lib/python3.12/site-packages/airflow/example_dags/example_branch_python_dop_operator_3.py
[2024-11-14T07:48:06.748+0000] {processor.py:914} INFO - Processing file /home/ubuntu/airflow-venv/lib/python3.12/site-packages/airflow/example_dags/example_branch_python_dop_operator_3.py for tasks to queue
[2024-11-14T07:48:06.751+0000] {logging_mixin.py:190} INFO - [2024-11-14T07:48:06.751+0000] {dagbag.py:588} INFO - Filling up the DagBag from /home/ubuntu/airflow-venv/lib/python3.12/site-packages/airflow/example_dags/example_branch_python_dop_operator_3.py
[2024-11-14T07:48:06.776+0000] {processor.py:925} INFO - DAG(s) 'example_branch_dop_operator_v3' retrieved from /home/ubuntu/airflow-venv/lib/python3.12/site-packages/airflow/example_dags/example_branch_python_dop_operator_3.py
[2024-11-14T07:48:06.804+0000] {logging_mixin.py:190} INFO - [2024-11-14T07:48:06.804+0000] {dag.py:3239} INFO - Sync 1 DAGs
[2024-11-14T07:48:06.841+0000] {logging_mixin.py:190} INFO - [2024-11-14T07:48:06.841+0000] {dag.py:4180} INFO - Setting next_dagrun for example_branch_dop_operator_v3 to 2024-11-14 07:47:00+00:00, run_after=2024-11-14 07:48:00+00:00
[2024-11-14T07:48:06.873+0000] {processor.py:208} INFO - Processing /home/ubuntu/airflow-venv/lib/python3.12/site-packages/airflow/example_dags/example_branch_python_dop_operator_3.py took 0.142 seconds
[2024-11-14T07:49:12.041+0000] {processor.py:186} INFO - Started process (PID=4637) to work on /home/ubuntu/airflow-venv/lib/python3.12/site-packages/airflow/example_dags/example_branch_python_dop_operator_3.py
[2024-11-14T07:49:12.043+0000] {processor.py:914} INFO - Processing file /home/ubuntu/airflow-venv/lib/python3.12/site-packages/airflow/example_dags/example_branch_python_dop_operator_3.py for tasks to queue
[2024-11-14T07:49:12.048+0000] {logging_mixin.py:190} INFO - [2024-11-14T07:49:12.047+0000] {dagbag.py:588} INFO - Filling up the DagBag from /home/ubuntu/airflow-venv/lib/python3.12/site-packages/airflow/example_dags/example_branch_python_dop_operator_3.py
[2024-11-14T07:49:12.061+0000] {processor.py:925} INFO - DAG(s) 'example_branch_dop_operator_v3' retrieved from /home/ubuntu/airflow-venv/lib/python3.12/site-packages/airflow/example_dags/example_branch_python_dop_operator_3.py
[2024-11-14T07:49:12.082+0000] {logging_mixin.py:190} INFO - [2024-11-14T07:49:12.082+0000] {dag.py:3239} INFO - Sync 1 DAGs
[2024-11-14T07:49:12.108+0000] {logging_mixin.py:190} INFO - [2024-11-14T07:49:12.108+0000] {dag.py:4180} INFO - Setting next_dagrun for example_branch_dop_operator_v3 to 2024-11-14 07:48:00+00:00, run_after=2024-11-14 07:49:00+00:00
[2024-11-14T07:49:12.133+0000] {processor.py:208} INFO - Processing /home/ubuntu/airflow-venv/lib/python3.12/site-packages/airflow/example_dags/example_branch_python_dop_operator_3.py took 0.099 seconds
[2024-11-14T07:50:13.168+0000] {processor.py:186} INFO - Started process (PID=4697) to work on /home/ubuntu/airflow-venv/lib/python3.12/site-packages/airflow/example_dags/example_branch_python_dop_operator_3.py
[2024-11-14T07:50:13.169+0000] {processor.py:914} INFO - Processing file /home/ubuntu/airflow-venv/lib/python3.12/site-packages/airflow/example_dags/example_branch_python_dop_operator_3.py for tasks to queue
[2024-11-14T07:50:13.172+0000] {logging_mixin.py:190} INFO - [2024-11-14T07:50:13.171+0000] {dagbag.py:588} INFO - Filling up the DagBag from /home/ubuntu/airflow-venv/lib/python3.12/site-packages/airflow/example_dags/example_branch_python_dop_operator_3.py
[2024-11-14T07:50:13.184+0000] {processor.py:925} INFO - DAG(s) 'example_branch_dop_operator_v3' retrieved from /home/ubuntu/airflow-venv/lib/python3.12/site-packages/airflow/example_dags/example_branch_python_dop_operator_3.py
[2024-11-14T07:50:13.202+0000] {logging_mixin.py:190} INFO - [2024-11-14T07:50:13.202+0000] {dag.py:3239} INFO - Sync 1 DAGs
[2024-11-14T07:50:13.228+0000] {logging_mixin.py:190} INFO - [2024-11-14T07:50:13.227+0000] {dag.py:4180} INFO - Setting next_dagrun for example_branch_dop_operator_v3 to 2024-11-14 07:49:00+00:00, run_after=2024-11-14 07:50:00+00:00
[2024-11-14T07:50:13.252+0000] {processor.py:208} INFO - Processing /home/ubuntu/airflow-venv/lib/python3.12/site-packages/airflow/example_dags/example_branch_python_dop_operator_3.py took 0.091 seconds
[2024-11-14T07:51:16.731+0000] {processor.py:186} INFO - Started process (PID=4763) to work on /home/ubuntu/airflow-venv/lib/python3.12/site-packages/airflow/example_dags/example_branch_python_dop_operator_3.py
[2024-11-14T07:51:16.733+0000] {processor.py:914} INFO - Processing file /home/ubuntu/airflow-venv/lib/python3.12/site-packages/airflow/example_dags/example_branch_python_dop_operator_3.py for tasks to queue
[2024-11-14T07:51:16.734+0000] {logging_mixin.py:190} INFO - [2024-11-14T07:51:16.734+0000] {dagbag.py:588} INFO - Filling up the DagBag from /home/ubuntu/airflow-venv/lib/python3.12/site-packages/airflow/example_dags/example_branch_python_dop_operator_3.py
[2024-11-14T07:51:16.748+0000] {processor.py:925} INFO - DAG(s) 'example_branch_dop_operator_v3' retrieved from /home/ubuntu/airflow-venv/lib/python3.12/site-packages/airflow/example_dags/example_branch_python_dop_operator_3.py
[2024-11-14T07:51:16.769+0000] {logging_mixin.py:190} INFO - [2024-11-14T07:51:16.768+0000] {dag.py:3239} INFO - Sync 1 DAGs
[2024-11-14T07:51:16.796+0000] {logging_mixin.py:190} INFO - [2024-11-14T07:51:16.796+0000] {dag.py:4180} INFO - Setting next_dagrun for example_branch_dop_operator_v3 to 2024-11-14 07:50:00+00:00, run_after=2024-11-14 07:51:00+00:00
[2024-11-14T07:51:16.840+0000] {processor.py:208} INFO - Processing /home/ubuntu/airflow-venv/lib/python3.12/site-packages/airflow/example_dags/example_branch_python_dop_operator_3.py took 0.116 seconds
[2024-11-14T07:52:17.774+0000] {processor.py:186} INFO - Started process (PID=4823) to work on /home/ubuntu/airflow-venv/lib/python3.12/site-packages/airflow/example_dags/example_branch_python_dop_operator_3.py
[2024-11-14T07:52:17.776+0000] {processor.py:914} INFO - Processing file /home/ubuntu/airflow-venv/lib/python3.12/site-packages/airflow/example_dags/example_branch_python_dop_operator_3.py for tasks to queue
[2024-11-14T07:52:17.777+0000] {logging_mixin.py:190} INFO - [2024-11-14T07:52:17.777+0000] {dagbag.py:588} INFO - Filling up the DagBag from /home/ubuntu/airflow-venv/lib/python3.12/site-packages/airflow/example_dags/example_branch_python_dop_operator_3.py
[2024-11-14T07:52:17.790+0000] {processor.py:925} INFO - DAG(s) 'example_branch_dop_operator_v3' retrieved from /home/ubuntu/airflow-venv/lib/python3.12/site-packages/airflow/example_dags/example_branch_python_dop_operator_3.py
[2024-11-14T07:52:17.811+0000] {logging_mixin.py:190} INFO - [2024-11-14T07:52:17.810+0000] {dag.py:3239} INFO - Sync 1 DAGs
[2024-11-14T07:52:17.834+0000] {logging_mixin.py:190} INFO - [2024-11-14T07:52:17.834+0000] {dag.py:4180} INFO - Setting next_dagrun for example_branch_dop_operator_v3 to 2024-11-14 07:51:00+00:00, run_after=2024-11-14 07:52:00+00:00
[2024-11-14T07:52:17.866+0000] {processor.py:208} INFO - Processing /home/ubuntu/airflow-venv/lib/python3.12/site-packages/airflow/example_dags/example_branch_python_dop_operator_3.py took 0.098 seconds
[2024-11-14T07:53:15.762+0000] {processor.py:186} INFO - Started process (PID=4883) to work on /home/ubuntu/airflow-venv/lib/python3.12/site-packages/airflow/example_dags/example_branch_python_dop_operator_3.py
[2024-11-14T07:53:15.764+0000] {processor.py:914} INFO - Processing file /home/ubuntu/airflow-venv/lib/python3.12/site-packages/airflow/example_dags/example_branch_python_dop_operator_3.py for tasks to queue
[2024-11-14T07:53:15.765+0000] {logging_mixin.py:190} INFO - [2024-11-14T07:53:15.765+0000] {dagbag.py:588} INFO - Filling up the DagBag from /home/ubuntu/airflow-venv/lib/python3.12/site-packages/airflow/example_dags/example_branch_python_dop_operator_3.py
[2024-11-14T07:53:15.777+0000] {processor.py:925} INFO - DAG(s) 'example_branch_dop_operator_v3' retrieved from /home/ubuntu/airflow-venv/lib/python3.12/site-packages/airflow/example_dags/example_branch_python_dop_operator_3.py
[2024-11-14T07:53:15.797+0000] {logging_mixin.py:190} INFO - [2024-11-14T07:53:15.797+0000] {dag.py:3239} INFO - Sync 1 DAGs
[2024-11-14T07:53:15.823+0000] {logging_mixin.py:190} INFO - [2024-11-14T07:53:15.822+0000] {dag.py:4180} INFO - Setting next_dagrun for example_branch_dop_operator_v3 to 2024-11-14 07:52:00+00:00, run_after=2024-11-14 07:53:00+00:00
[2024-11-14T07:53:15.849+0000] {processor.py:208} INFO - Processing /home/ubuntu/airflow-venv/lib/python3.12/site-packages/airflow/example_dags/example_branch_python_dop_operator_3.py took 0.094 seconds
[2024-11-14T07:54:14.672+0000] {processor.py:186} INFO - Started process (PID=4944) to work on /home/ubuntu/airflow-venv/lib/python3.12/site-packages/airflow/example_dags/example_branch_python_dop_operator_3.py
[2024-11-14T07:54:14.674+0000] {processor.py:914} INFO - Processing file /home/ubuntu/airflow-venv/lib/python3.12/site-packages/airflow/example_dags/example_branch_python_dop_operator_3.py for tasks to queue
[2024-11-14T07:54:14.675+0000] {logging_mixin.py:190} INFO - [2024-11-14T07:54:14.675+0000] {dagbag.py:588} INFO - Filling up the DagBag from /home/ubuntu/airflow-venv/lib/python3.12/site-packages/airflow/example_dags/example_branch_python_dop_operator_3.py
[2024-11-14T07:54:14.687+0000] {processor.py:925} INFO - DAG(s) 'example_branch_dop_operator_v3' retrieved from /home/ubuntu/airflow-venv/lib/python3.12/site-packages/airflow/example_dags/example_branch_python_dop_operator_3.py
[2024-11-14T07:54:14.708+0000] {logging_mixin.py:190} INFO - [2024-11-14T07:54:14.708+0000] {dag.py:3239} INFO - Sync 1 DAGs
[2024-11-14T07:54:14.746+0000] {logging_mixin.py:190} INFO - [2024-11-14T07:54:14.746+0000] {dag.py:4180} INFO - Setting next_dagrun for example_branch_dop_operator_v3 to 2024-11-14 07:53:00+00:00, run_after=2024-11-14 07:54:00+00:00
[2024-11-14T07:54:14.777+0000] {processor.py:208} INFO - Processing /home/ubuntu/airflow-venv/lib/python3.12/site-packages/airflow/example_dags/example_branch_python_dop_operator_3.py took 0.114 seconds
[2024-11-14T07:55:14.392+0000] {processor.py:186} INFO - Started process (PID=5006) to work on /home/ubuntu/airflow-venv/lib/python3.12/site-packages/airflow/example_dags/example_branch_python_dop_operator_3.py
[2024-11-14T07:55:14.396+0000] {processor.py:914} INFO - Processing file /home/ubuntu/airflow-venv/lib/python3.12/site-packages/airflow/example_dags/example_branch_python_dop_operator_3.py for tasks to queue
[2024-11-14T07:55:14.398+0000] {logging_mixin.py:190} INFO - [2024-11-14T07:55:14.398+0000] {dagbag.py:588} INFO - Filling up the DagBag from /home/ubuntu/airflow-venv/lib/python3.12/site-packages/airflow/example_dags/example_branch_python_dop_operator_3.py
[2024-11-14T07:55:14.423+0000] {processor.py:925} INFO - DAG(s) 'example_branch_dop_operator_v3' retrieved from /home/ubuntu/airflow-venv/lib/python3.12/site-packages/airflow/example_dags/example_branch_python_dop_operator_3.py
[2024-11-14T07:55:14.452+0000] {logging_mixin.py:190} INFO - [2024-11-14T07:55:14.452+0000] {dag.py:3239} INFO - Sync 1 DAGs
[2024-11-14T07:55:14.504+0000] {logging_mixin.py:190} INFO - [2024-11-14T07:55:14.504+0000] {dag.py:4180} INFO - Setting next_dagrun for example_branch_dop_operator_v3 to 2024-11-14 07:54:00+00:00, run_after=2024-11-14 07:55:00+00:00
[2024-11-14T07:55:14.531+0000] {processor.py:208} INFO - Processing /home/ubuntu/airflow-venv/lib/python3.12/site-packages/airflow/example_dags/example_branch_python_dop_operator_3.py took 0.153 seconds
[2024-11-14T07:56:16.627+0000] {processor.py:186} INFO - Started process (PID=5067) to work on /home/ubuntu/airflow-venv/lib/python3.12/site-packages/airflow/example_dags/example_branch_python_dop_operator_3.py
[2024-11-14T07:56:16.629+0000] {processor.py:914} INFO - Processing file /home/ubuntu/airflow-venv/lib/python3.12/site-packages/airflow/example_dags/example_branch_python_dop_operator_3.py for tasks to queue
[2024-11-14T07:56:16.630+0000] {logging_mixin.py:190} INFO - [2024-11-14T07:56:16.630+0000] {dagbag.py:588} INFO - Filling up the DagBag from /home/ubuntu/airflow-venv/lib/python3.12/site-packages/airflow/example_dags/example_branch_python_dop_operator_3.py
[2024-11-14T07:56:16.642+0000] {processor.py:925} INFO - DAG(s) 'example_branch_dop_operator_v3' retrieved from /home/ubuntu/airflow-venv/lib/python3.12/site-packages/airflow/example_dags/example_branch_python_dop_operator_3.py
[2024-11-14T07:56:16.661+0000] {logging_mixin.py:190} INFO - [2024-11-14T07:56:16.660+0000] {dag.py:3239} INFO - Sync 1 DAGs
[2024-11-14T07:56:16.692+0000] {logging_mixin.py:190} INFO - [2024-11-14T07:56:16.691+0000] {dag.py:4180} INFO - Setting next_dagrun for example_branch_dop_operator_v3 to 2024-11-14 07:55:00+00:00, run_after=2024-11-14 07:56:00+00:00
[2024-11-14T07:56:16.716+0000] {processor.py:208} INFO - Processing /home/ubuntu/airflow-venv/lib/python3.12/site-packages/airflow/example_dags/example_branch_python_dop_operator_3.py took 0.096 seconds
[2024-11-14T07:57:16.225+0000] {processor.py:186} INFO - Started process (PID=5129) to work on /home/ubuntu/airflow-venv/lib/python3.12/site-packages/airflow/example_dags/example_branch_python_dop_operator_3.py
[2024-11-14T07:57:16.226+0000] {processor.py:914} INFO - Processing file /home/ubuntu/airflow-venv/lib/python3.12/site-packages/airflow/example_dags/example_branch_python_dop_operator_3.py for tasks to queue
[2024-11-14T07:57:16.228+0000] {logging_mixin.py:190} INFO - [2024-11-14T07:57:16.227+0000] {dagbag.py:588} INFO - Filling up the DagBag from /home/ubuntu/airflow-venv/lib/python3.12/site-packages/airflow/example_dags/example_branch_python_dop_operator_3.py
[2024-11-14T07:57:16.241+0000] {processor.py:925} INFO - DAG(s) 'example_branch_dop_operator_v3' retrieved from /home/ubuntu/airflow-venv/lib/python3.12/site-packages/airflow/example_dags/example_branch_python_dop_operator_3.py
[2024-11-14T07:57:16.276+0000] {logging_mixin.py:190} INFO - [2024-11-14T07:57:16.275+0000] {dag.py:3239} INFO - Sync 1 DAGs
[2024-11-14T07:57:16.321+0000] {logging_mixin.py:190} INFO - [2024-11-14T07:57:16.321+0000] {dag.py:4180} INFO - Setting next_dagrun for example_branch_dop_operator_v3 to 2024-11-14 07:56:00+00:00, run_after=2024-11-14 07:57:00+00:00
[2024-11-14T07:57:16.356+0000] {processor.py:208} INFO - Processing /home/ubuntu/airflow-venv/lib/python3.12/site-packages/airflow/example_dags/example_branch_python_dop_operator_3.py took 0.137 seconds
[2024-11-14T07:58:15.948+0000] {processor.py:186} INFO - Started process (PID=5190) to work on /home/ubuntu/airflow-venv/lib/python3.12/site-packages/airflow/example_dags/example_branch_python_dop_operator_3.py
[2024-11-14T07:58:15.950+0000] {processor.py:914} INFO - Processing file /home/ubuntu/airflow-venv/lib/python3.12/site-packages/airflow/example_dags/example_branch_python_dop_operator_3.py for tasks to queue
[2024-11-14T07:58:15.951+0000] {logging_mixin.py:190} INFO - [2024-11-14T07:58:15.951+0000] {dagbag.py:588} INFO - Filling up the DagBag from /home/ubuntu/airflow-venv/lib/python3.12/site-packages/airflow/example_dags/example_branch_python_dop_operator_3.py
[2024-11-14T07:58:15.964+0000] {processor.py:925} INFO - DAG(s) 'example_branch_dop_operator_v3' retrieved from /home/ubuntu/airflow-venv/lib/python3.12/site-packages/airflow/example_dags/example_branch_python_dop_operator_3.py
[2024-11-14T07:58:15.988+0000] {logging_mixin.py:190} INFO - [2024-11-14T07:58:15.988+0000] {dag.py:3239} INFO - Sync 1 DAGs
[2024-11-14T07:58:16.017+0000] {logging_mixin.py:190} INFO - [2024-11-14T07:58:16.017+0000] {dag.py:4180} INFO - Setting next_dagrun for example_branch_dop_operator_v3 to 2024-11-14 07:57:00+00:00, run_after=2024-11-14 07:58:00+00:00
[2024-11-14T07:58:16.041+0000] {processor.py:208} INFO - Processing /home/ubuntu/airflow-venv/lib/python3.12/site-packages/airflow/example_dags/example_branch_python_dop_operator_3.py took 0.100 seconds
[2024-11-14T07:59:16.576+0000] {processor.py:186} INFO - Started process (PID=5249) to work on /home/ubuntu/airflow-venv/lib/python3.12/site-packages/airflow/example_dags/example_branch_python_dop_operator_3.py
[2024-11-14T07:59:16.579+0000] {processor.py:914} INFO - Processing file /home/ubuntu/airflow-venv/lib/python3.12/site-packages/airflow/example_dags/example_branch_python_dop_operator_3.py for tasks to queue
[2024-11-14T07:59:16.582+0000] {logging_mixin.py:190} INFO - [2024-11-14T07:59:16.582+0000] {dagbag.py:588} INFO - Filling up the DagBag from /home/ubuntu/airflow-venv/lib/python3.12/site-packages/airflow/example_dags/example_branch_python_dop_operator_3.py
[2024-11-14T07:59:16.603+0000] {processor.py:925} INFO - DAG(s) 'example_branch_dop_operator_v3' retrieved from /home/ubuntu/airflow-venv/lib/python3.12/site-packages/airflow/example_dags/example_branch_python_dop_operator_3.py
[2024-11-14T07:59:16.636+0000] {logging_mixin.py:190} INFO - [2024-11-14T07:59:16.635+0000] {dag.py:3239} INFO - Sync 1 DAGs
[2024-11-14T07:59:16.687+0000] {logging_mixin.py:190} INFO - [2024-11-14T07:59:16.686+0000] {dag.py:4180} INFO - Setting next_dagrun for example_branch_dop_operator_v3 to 2024-11-14 07:58:00+00:00, run_after=2024-11-14 07:59:00+00:00
[2024-11-14T07:59:16.726+0000] {processor.py:208} INFO - Processing /home/ubuntu/airflow-venv/lib/python3.12/site-packages/airflow/example_dags/example_branch_python_dop_operator_3.py took 0.176 seconds
[2024-11-14T08:00:16.719+0000] {processor.py:186} INFO - Started process (PID=5311) to work on /home/ubuntu/airflow-venv/lib/python3.12/site-packages/airflow/example_dags/example_branch_python_dop_operator_3.py
[2024-11-14T08:00:16.721+0000] {processor.py:914} INFO - Processing file /home/ubuntu/airflow-venv/lib/python3.12/site-packages/airflow/example_dags/example_branch_python_dop_operator_3.py for tasks to queue
[2024-11-14T08:00:16.723+0000] {logging_mixin.py:190} INFO - [2024-11-14T08:00:16.722+0000] {dagbag.py:588} INFO - Filling up the DagBag from /home/ubuntu/airflow-venv/lib/python3.12/site-packages/airflow/example_dags/example_branch_python_dop_operator_3.py
[2024-11-14T08:00:16.749+0000] {processor.py:925} INFO - DAG(s) 'example_branch_dop_operator_v3' retrieved from /home/ubuntu/airflow-venv/lib/python3.12/site-packages/airflow/example_dags/example_branch_python_dop_operator_3.py
[2024-11-14T08:00:16.774+0000] {logging_mixin.py:190} INFO - [2024-11-14T08:00:16.773+0000] {dag.py:3239} INFO - Sync 1 DAGs
[2024-11-14T08:00:16.809+0000] {logging_mixin.py:190} INFO - [2024-11-14T08:00:16.809+0000] {dag.py:4180} INFO - Setting next_dagrun for example_branch_dop_operator_v3 to 2024-11-14 07:59:00+00:00, run_after=2024-11-14 08:00:00+00:00
[2024-11-14T08:00:16.839+0000] {processor.py:208} INFO - Processing /home/ubuntu/airflow-venv/lib/python3.12/site-packages/airflow/example_dags/example_branch_python_dop_operator_3.py took 0.135 seconds
[2024-11-14T08:01:16.051+0000] {processor.py:186} INFO - Started process (PID=5376) to work on /home/ubuntu/airflow-venv/lib/python3.12/site-packages/airflow/example_dags/example_branch_python_dop_operator_3.py
[2024-11-14T08:01:16.053+0000] {processor.py:914} INFO - Processing file /home/ubuntu/airflow-venv/lib/python3.12/site-packages/airflow/example_dags/example_branch_python_dop_operator_3.py for tasks to queue
[2024-11-14T08:01:16.055+0000] {logging_mixin.py:190} INFO - [2024-11-14T08:01:16.055+0000] {dagbag.py:588} INFO - Filling up the DagBag from /home/ubuntu/airflow-venv/lib/python3.12/site-packages/airflow/example_dags/example_branch_python_dop_operator_3.py
[2024-11-14T08:01:16.070+0000] {processor.py:925} INFO - DAG(s) 'example_branch_dop_operator_v3' retrieved from /home/ubuntu/airflow-venv/lib/python3.12/site-packages/airflow/example_dags/example_branch_python_dop_operator_3.py
[2024-11-14T08:01:16.092+0000] {logging_mixin.py:190} INFO - [2024-11-14T08:01:16.091+0000] {dag.py:3239} INFO - Sync 1 DAGs
[2024-11-14T08:01:16.134+0000] {logging_mixin.py:190} INFO - [2024-11-14T08:01:16.134+0000] {dag.py:4180} INFO - Setting next_dagrun for example_branch_dop_operator_v3 to 2024-11-14 08:00:00+00:00, run_after=2024-11-14 08:01:00+00:00
[2024-11-14T08:01:16.171+0000] {processor.py:208} INFO - Processing /home/ubuntu/airflow-venv/lib/python3.12/site-packages/airflow/example_dags/example_branch_python_dop_operator_3.py took 0.130 seconds
[2024-11-14T08:02:16.001+0000] {processor.py:186} INFO - Started process (PID=5435) to work on /home/ubuntu/airflow-venv/lib/python3.12/site-packages/airflow/example_dags/example_branch_python_dop_operator_3.py
[2024-11-14T08:02:16.003+0000] {processor.py:914} INFO - Processing file /home/ubuntu/airflow-venv/lib/python3.12/site-packages/airflow/example_dags/example_branch_python_dop_operator_3.py for tasks to queue
[2024-11-14T08:02:16.004+0000] {logging_mixin.py:190} INFO - [2024-11-14T08:02:16.004+0000] {dagbag.py:588} INFO - Filling up the DagBag from /home/ubuntu/airflow-venv/lib/python3.12/site-packages/airflow/example_dags/example_branch_python_dop_operator_3.py
[2024-11-14T08:02:16.016+0000] {processor.py:925} INFO - DAG(s) 'example_branch_dop_operator_v3' retrieved from /home/ubuntu/airflow-venv/lib/python3.12/site-packages/airflow/example_dags/example_branch_python_dop_operator_3.py
[2024-11-14T08:02:16.036+0000] {logging_mixin.py:190} INFO - [2024-11-14T08:02:16.036+0000] {dag.py:3239} INFO - Sync 1 DAGs
[2024-11-14T08:02:16.061+0000] {logging_mixin.py:190} INFO - [2024-11-14T08:02:16.061+0000] {dag.py:4180} INFO - Setting next_dagrun for example_branch_dop_operator_v3 to 2024-11-14 08:01:00+00:00, run_after=2024-11-14 08:02:00+00:00
[2024-11-14T08:02:16.088+0000] {processor.py:208} INFO - Processing /home/ubuntu/airflow-venv/lib/python3.12/site-packages/airflow/example_dags/example_branch_python_dop_operator_3.py took 0.093 seconds
