[2024-11-14T07:41:16.590+0000] {processor.py:186} INFO - Started process (PID=3717) to work on /home/ubuntu/airflow-venv/lib/python3.12/site-packages/airflow/example_dags/example_dataset_alias_with_no_taskflow.py
[2024-11-14T07:41:16.592+0000] {processor.py:914} INFO - Processing file /home/ubuntu/airflow-venv/lib/python3.12/site-packages/airflow/example_dags/example_dataset_alias_with_no_taskflow.py for tasks to queue
[2024-11-14T07:41:16.595+0000] {logging_mixin.py:190} INFO - [2024-11-14T07:41:16.594+0000] {dagbag.py:588} INFO - Filling up the DagBag from /home/ubuntu/airflow-venv/lib/python3.12/site-packages/airflow/example_dags/example_dataset_alias_with_no_taskflow.py
[2024-11-14T07:41:16.638+0000] {processor.py:925} INFO - DAG(s) 'dataset_s3_bucket_producer_with_no_taskflow', 'dataset_alias_example_alias_consumer_with_no_taskflow', 'dataset_s3_bucket_consumer_with_no_taskflow', 'dataset_alias_example_alias_producer_with_no_taskflow' retrieved from /home/ubuntu/airflow-venv/lib/python3.12/site-packages/airflow/example_dags/example_dataset_alias_with_no_taskflow.py
[2024-11-14T07:41:16.796+0000] {logging_mixin.py:190} INFO - [2024-11-14T07:41:16.795+0000] {override.py:1911} INFO - Created Permission View: can delete on DAG:dataset_s3_bucket_producer_with_no_taskflow
[2024-11-14T07:41:16.811+0000] {logging_mixin.py:190} INFO - [2024-11-14T07:41:16.810+0000] {override.py:1911} INFO - Created Permission View: can read on DAG:dataset_s3_bucket_producer_with_no_taskflow
[2024-11-14T07:41:16.822+0000] {logging_mixin.py:190} INFO - [2024-11-14T07:41:16.821+0000] {override.py:1911} INFO - Created Permission View: can edit on DAG:dataset_s3_bucket_producer_with_no_taskflow
[2024-11-14T07:41:16.841+0000] {logging_mixin.py:190} INFO - [2024-11-14T07:41:16.840+0000] {override.py:1911} INFO - Created Permission View: can delete on DAG Run:dataset_s3_bucket_producer_with_no_taskflow
[2024-11-14T07:41:16.855+0000] {logging_mixin.py:190} INFO - [2024-11-14T07:41:16.854+0000] {override.py:1911} INFO - Created Permission View: can create on DAG Run:dataset_s3_bucket_producer_with_no_taskflow
[2024-11-14T07:41:16.866+0000] {logging_mixin.py:190} INFO - [2024-11-14T07:41:16.865+0000] {override.py:1911} INFO - Created Permission View: can read on DAG Run:dataset_s3_bucket_producer_with_no_taskflow
[2024-11-14T07:41:16.877+0000] {logging_mixin.py:190} INFO - [2024-11-14T07:41:16.876+0000] {override.py:1911} INFO - Created Permission View: menu access on DAG Run:dataset_s3_bucket_producer_with_no_taskflow
[2024-11-14T07:41:16.903+0000] {logging_mixin.py:190} INFO - [2024-11-14T07:41:16.902+0000] {override.py:1911} INFO - Created Permission View: can delete on DAG:dataset_alias_example_alias_consumer_with_no_taskflow
[2024-11-14T07:41:16.915+0000] {logging_mixin.py:190} INFO - [2024-11-14T07:41:16.914+0000] {override.py:1911} INFO - Created Permission View: can read on DAG:dataset_alias_example_alias_consumer_with_no_taskflow
[2024-11-14T07:41:16.927+0000] {logging_mixin.py:190} INFO - [2024-11-14T07:41:16.926+0000] {override.py:1911} INFO - Created Permission View: can edit on DAG:dataset_alias_example_alias_consumer_with_no_taskflow
[2024-11-14T07:41:16.949+0000] {logging_mixin.py:190} INFO - [2024-11-14T07:41:16.949+0000] {override.py:1911} INFO - Created Permission View: can delete on DAG Run:dataset_alias_example_alias_consumer_with_no_taskflow
[2024-11-14T07:41:16.960+0000] {logging_mixin.py:190} INFO - [2024-11-14T07:41:16.960+0000] {override.py:1911} INFO - Created Permission View: can create on DAG Run:dataset_alias_example_alias_consumer_with_no_taskflow
[2024-11-14T07:41:16.973+0000] {logging_mixin.py:190} INFO - [2024-11-14T07:41:16.972+0000] {override.py:1911} INFO - Created Permission View: can read on DAG Run:dataset_alias_example_alias_consumer_with_no_taskflow
[2024-11-14T07:41:16.985+0000] {logging_mixin.py:190} INFO - [2024-11-14T07:41:16.984+0000] {override.py:1911} INFO - Created Permission View: menu access on DAG Run:dataset_alias_example_alias_consumer_with_no_taskflow
[2024-11-14T07:41:17.009+0000] {logging_mixin.py:190} INFO - [2024-11-14T07:41:17.008+0000] {override.py:1911} INFO - Created Permission View: can delete on DAG:dataset_s3_bucket_consumer_with_no_taskflow
[2024-11-14T07:41:17.023+0000] {logging_mixin.py:190} INFO - [2024-11-14T07:41:17.023+0000] {override.py:1911} INFO - Created Permission View: can read on DAG:dataset_s3_bucket_consumer_with_no_taskflow
[2024-11-14T07:41:17.034+0000] {logging_mixin.py:190} INFO - [2024-11-14T07:41:17.034+0000] {override.py:1911} INFO - Created Permission View: can edit on DAG:dataset_s3_bucket_consumer_with_no_taskflow
[2024-11-14T07:41:17.051+0000] {logging_mixin.py:190} INFO - [2024-11-14T07:41:17.051+0000] {override.py:1911} INFO - Created Permission View: can delete on DAG Run:dataset_s3_bucket_consumer_with_no_taskflow
[2024-11-14T07:41:17.062+0000] {logging_mixin.py:190} INFO - [2024-11-14T07:41:17.061+0000] {override.py:1911} INFO - Created Permission View: can create on DAG Run:dataset_s3_bucket_consumer_with_no_taskflow
[2024-11-14T07:41:17.074+0000] {logging_mixin.py:190} INFO - [2024-11-14T07:41:17.073+0000] {override.py:1911} INFO - Created Permission View: can read on DAG Run:dataset_s3_bucket_consumer_with_no_taskflow
[2024-11-14T07:41:17.085+0000] {logging_mixin.py:190} INFO - [2024-11-14T07:41:17.085+0000] {override.py:1911} INFO - Created Permission View: menu access on DAG Run:dataset_s3_bucket_consumer_with_no_taskflow
[2024-11-14T07:41:17.113+0000] {logging_mixin.py:190} INFO - [2024-11-14T07:41:17.112+0000] {override.py:1911} INFO - Created Permission View: can delete on DAG:dataset_alias_example_alias_producer_with_no_taskflow
[2024-11-14T07:41:17.124+0000] {logging_mixin.py:190} INFO - [2024-11-14T07:41:17.123+0000] {override.py:1911} INFO - Created Permission View: can read on DAG:dataset_alias_example_alias_producer_with_no_taskflow
[2024-11-14T07:41:17.135+0000] {logging_mixin.py:190} INFO - [2024-11-14T07:41:17.135+0000] {override.py:1911} INFO - Created Permission View: can edit on DAG:dataset_alias_example_alias_producer_with_no_taskflow
[2024-11-14T07:41:17.156+0000] {logging_mixin.py:190} INFO - [2024-11-14T07:41:17.155+0000] {override.py:1911} INFO - Created Permission View: can delete on DAG Run:dataset_alias_example_alias_producer_with_no_taskflow
[2024-11-14T07:41:17.169+0000] {logging_mixin.py:190} INFO - [2024-11-14T07:41:17.168+0000] {override.py:1911} INFO - Created Permission View: can create on DAG Run:dataset_alias_example_alias_producer_with_no_taskflow
[2024-11-14T07:41:17.179+0000] {logging_mixin.py:190} INFO - [2024-11-14T07:41:17.179+0000] {override.py:1911} INFO - Created Permission View: can read on DAG Run:dataset_alias_example_alias_producer_with_no_taskflow
[2024-11-14T07:41:17.190+0000] {logging_mixin.py:190} INFO - [2024-11-14T07:41:17.189+0000] {override.py:1911} INFO - Created Permission View: menu access on DAG Run:dataset_alias_example_alias_producer_with_no_taskflow
[2024-11-14T07:41:17.190+0000] {logging_mixin.py:190} INFO - [2024-11-14T07:41:17.190+0000] {dag.py:3239} INFO - Sync 4 DAGs
[2024-11-14T07:41:17.206+0000] {logging_mixin.py:190} INFO - [2024-11-14T07:41:17.206+0000] {dag.py:3262} INFO - Creating ORM DAG for dataset_s3_bucket_producer_with_no_taskflow
[2024-11-14T07:41:17.207+0000] {logging_mixin.py:190} INFO - [2024-11-14T07:41:17.206+0000] {dag.py:3262} INFO - Creating ORM DAG for dataset_alias_example_alias_producer_with_no_taskflow
[2024-11-14T07:41:17.207+0000] {logging_mixin.py:190} INFO - [2024-11-14T07:41:17.207+0000] {dag.py:3262} INFO - Creating ORM DAG for dataset_alias_example_alias_consumer_with_no_taskflow
[2024-11-14T07:41:17.207+0000] {logging_mixin.py:190} INFO - [2024-11-14T07:41:17.207+0000] {dag.py:3262} INFO - Creating ORM DAG for dataset_s3_bucket_consumer_with_no_taskflow
[2024-11-14T07:41:17.221+0000] {logging_mixin.py:190} INFO - [2024-11-14T07:41:17.221+0000] {dag.py:4180} INFO - Setting next_dagrun for dataset_alias_example_alias_consumer_with_no_taskflow to None, run_after=None
[2024-11-14T07:41:17.222+0000] {logging_mixin.py:190} INFO - [2024-11-14T07:41:17.221+0000] {dag.py:4180} INFO - Setting next_dagrun for dataset_alias_example_alias_producer_with_no_taskflow to None, run_after=None
[2024-11-14T07:41:17.223+0000] {logging_mixin.py:190} INFO - [2024-11-14T07:41:17.223+0000] {dag.py:4180} INFO - Setting next_dagrun for dataset_s3_bucket_consumer_with_no_taskflow to None, run_after=None
[2024-11-14T07:41:17.224+0000] {logging_mixin.py:190} INFO - [2024-11-14T07:41:17.224+0000] {dag.py:4180} INFO - Setting next_dagrun for dataset_s3_bucket_producer_with_no_taskflow to None, run_after=None
[2024-11-14T07:41:17.258+0000] {processor.py:208} INFO - Processing /home/ubuntu/airflow-venv/lib/python3.12/site-packages/airflow/example_dags/example_dataset_alias_with_no_taskflow.py took 0.675 seconds
[2024-11-14T07:42:23.384+0000] {processor.py:186} INFO - Started process (PID=3780) to work on /home/ubuntu/airflow-venv/lib/python3.12/site-packages/airflow/example_dags/example_dataset_alias_with_no_taskflow.py
[2024-11-14T07:42:23.386+0000] {processor.py:914} INFO - Processing file /home/ubuntu/airflow-venv/lib/python3.12/site-packages/airflow/example_dags/example_dataset_alias_with_no_taskflow.py for tasks to queue
[2024-11-14T07:42:23.388+0000] {logging_mixin.py:190} INFO - [2024-11-14T07:42:23.388+0000] {dagbag.py:588} INFO - Filling up the DagBag from /home/ubuntu/airflow-venv/lib/python3.12/site-packages/airflow/example_dags/example_dataset_alias_with_no_taskflow.py
[2024-11-14T07:42:23.412+0000] {processor.py:925} INFO - DAG(s) 'dataset_alias_example_alias_producer_with_no_taskflow', 'dataset_s3_bucket_consumer_with_no_taskflow', 'dataset_s3_bucket_producer_with_no_taskflow', 'dataset_alias_example_alias_consumer_with_no_taskflow' retrieved from /home/ubuntu/airflow-venv/lib/python3.12/site-packages/airflow/example_dags/example_dataset_alias_with_no_taskflow.py
[2024-11-14T07:42:23.432+0000] {logging_mixin.py:190} INFO - [2024-11-14T07:42:23.431+0000] {dag.py:3239} INFO - Sync 4 DAGs
[2024-11-14T07:42:23.450+0000] {logging_mixin.py:190} INFO - [2024-11-14T07:42:23.449+0000] {dag.py:4180} INFO - Setting next_dagrun for dataset_alias_example_alias_consumer_with_no_taskflow to None, run_after=None
[2024-11-14T07:42:23.452+0000] {logging_mixin.py:190} INFO - [2024-11-14T07:42:23.451+0000] {dag.py:4180} INFO - Setting next_dagrun for dataset_alias_example_alias_producer_with_no_taskflow to None, run_after=None
[2024-11-14T07:42:23.453+0000] {logging_mixin.py:190} INFO - [2024-11-14T07:42:23.452+0000] {dag.py:4180} INFO - Setting next_dagrun for dataset_s3_bucket_consumer_with_no_taskflow to None, run_after=None
[2024-11-14T07:42:23.453+0000] {logging_mixin.py:190} INFO - [2024-11-14T07:42:23.453+0000] {dag.py:4180} INFO - Setting next_dagrun for dataset_s3_bucket_producer_with_no_taskflow to None, run_after=None
[2024-11-14T07:42:23.476+0000] {processor.py:208} INFO - Processing /home/ubuntu/airflow-venv/lib/python3.12/site-packages/airflow/example_dags/example_dataset_alias_with_no_taskflow.py took 0.098 seconds
[2024-11-14T07:43:20.344+0000] {processor.py:186} INFO - Started process (PID=3838) to work on /home/ubuntu/airflow-venv/lib/python3.12/site-packages/airflow/example_dags/example_dataset_alias_with_no_taskflow.py
[2024-11-14T07:43:20.347+0000] {processor.py:914} INFO - Processing file /home/ubuntu/airflow-venv/lib/python3.12/site-packages/airflow/example_dags/example_dataset_alias_with_no_taskflow.py for tasks to queue
[2024-11-14T07:43:20.351+0000] {logging_mixin.py:190} INFO - [2024-11-14T07:43:20.351+0000] {dagbag.py:588} INFO - Filling up the DagBag from /home/ubuntu/airflow-venv/lib/python3.12/site-packages/airflow/example_dags/example_dataset_alias_with_no_taskflow.py
[2024-11-14T07:43:20.395+0000] {processor.py:925} INFO - DAG(s) 'dataset_alias_example_alias_consumer_with_no_taskflow', 'dataset_alias_example_alias_producer_with_no_taskflow', 'dataset_s3_bucket_consumer_with_no_taskflow', 'dataset_s3_bucket_producer_with_no_taskflow' retrieved from /home/ubuntu/airflow-venv/lib/python3.12/site-packages/airflow/example_dags/example_dataset_alias_with_no_taskflow.py
[2024-11-14T07:43:20.426+0000] {logging_mixin.py:190} INFO - [2024-11-14T07:43:20.426+0000] {dag.py:3239} INFO - Sync 4 DAGs
[2024-11-14T07:43:20.448+0000] {logging_mixin.py:190} INFO - [2024-11-14T07:43:20.448+0000] {dag.py:4180} INFO - Setting next_dagrun for dataset_alias_example_alias_consumer_with_no_taskflow to None, run_after=None
[2024-11-14T07:43:20.452+0000] {logging_mixin.py:190} INFO - [2024-11-14T07:43:20.451+0000] {dag.py:4180} INFO - Setting next_dagrun for dataset_alias_example_alias_producer_with_no_taskflow to None, run_after=None
[2024-11-14T07:43:20.453+0000] {logging_mixin.py:190} INFO - [2024-11-14T07:43:20.453+0000] {dag.py:4180} INFO - Setting next_dagrun for dataset_s3_bucket_consumer_with_no_taskflow to None, run_after=None
[2024-11-14T07:43:20.455+0000] {logging_mixin.py:190} INFO - [2024-11-14T07:43:20.454+0000] {dag.py:4180} INFO - Setting next_dagrun for dataset_s3_bucket_producer_with_no_taskflow to None, run_after=None
[2024-11-14T07:43:20.483+0000] {processor.py:208} INFO - Processing /home/ubuntu/airflow-venv/lib/python3.12/site-packages/airflow/example_dags/example_dataset_alias_with_no_taskflow.py took 0.148 seconds
[2024-11-14T07:44:18.869+0000] {processor.py:186} INFO - Started process (PID=3895) to work on /home/ubuntu/airflow-venv/lib/python3.12/site-packages/airflow/example_dags/example_dataset_alias_with_no_taskflow.py
[2024-11-14T07:44:18.870+0000] {processor.py:914} INFO - Processing file /home/ubuntu/airflow-venv/lib/python3.12/site-packages/airflow/example_dags/example_dataset_alias_with_no_taskflow.py for tasks to queue
[2024-11-14T07:44:18.873+0000] {logging_mixin.py:190} INFO - [2024-11-14T07:44:18.873+0000] {dagbag.py:588} INFO - Filling up the DagBag from /home/ubuntu/airflow-venv/lib/python3.12/site-packages/airflow/example_dags/example_dataset_alias_with_no_taskflow.py
[2024-11-14T07:44:18.901+0000] {processor.py:925} INFO - DAG(s) 'dataset_alias_example_alias_producer_with_no_taskflow', 'dataset_s3_bucket_producer_with_no_taskflow', 'dataset_s3_bucket_consumer_with_no_taskflow', 'dataset_alias_example_alias_consumer_with_no_taskflow' retrieved from /home/ubuntu/airflow-venv/lib/python3.12/site-packages/airflow/example_dags/example_dataset_alias_with_no_taskflow.py
[2024-11-14T07:44:18.923+0000] {logging_mixin.py:190} INFO - [2024-11-14T07:44:18.923+0000] {dag.py:3239} INFO - Sync 4 DAGs
[2024-11-14T07:44:18.943+0000] {logging_mixin.py:190} INFO - [2024-11-14T07:44:18.943+0000] {dag.py:4180} INFO - Setting next_dagrun for dataset_alias_example_alias_consumer_with_no_taskflow to None, run_after=None
[2024-11-14T07:44:18.945+0000] {logging_mixin.py:190} INFO - [2024-11-14T07:44:18.945+0000] {dag.py:4180} INFO - Setting next_dagrun for dataset_alias_example_alias_producer_with_no_taskflow to None, run_after=None
[2024-11-14T07:44:18.946+0000] {logging_mixin.py:190} INFO - [2024-11-14T07:44:18.946+0000] {dag.py:4180} INFO - Setting next_dagrun for dataset_s3_bucket_consumer_with_no_taskflow to None, run_after=None
[2024-11-14T07:44:18.947+0000] {logging_mixin.py:190} INFO - [2024-11-14T07:44:18.947+0000] {dag.py:4180} INFO - Setting next_dagrun for dataset_s3_bucket_producer_with_no_taskflow to None, run_after=None
[2024-11-14T07:44:18.970+0000] {processor.py:208} INFO - Processing /home/ubuntu/airflow-venv/lib/python3.12/site-packages/airflow/example_dags/example_dataset_alias_with_no_taskflow.py took 0.110 seconds
[2024-11-14T07:45:17.123+0000] {processor.py:186} INFO - Started process (PID=3955) to work on /home/ubuntu/airflow-venv/lib/python3.12/site-packages/airflow/example_dags/example_dataset_alias_with_no_taskflow.py
[2024-11-14T07:45:17.124+0000] {processor.py:914} INFO - Processing file /home/ubuntu/airflow-venv/lib/python3.12/site-packages/airflow/example_dags/example_dataset_alias_with_no_taskflow.py for tasks to queue
[2024-11-14T07:45:17.126+0000] {logging_mixin.py:190} INFO - [2024-11-14T07:45:17.126+0000] {dagbag.py:588} INFO - Filling up the DagBag from /home/ubuntu/airflow-venv/lib/python3.12/site-packages/airflow/example_dags/example_dataset_alias_with_no_taskflow.py
[2024-11-14T07:45:17.154+0000] {processor.py:925} INFO - DAG(s) 'dataset_alias_example_alias_producer_with_no_taskflow', 'dataset_alias_example_alias_consumer_with_no_taskflow', 'dataset_s3_bucket_consumer_with_no_taskflow', 'dataset_s3_bucket_producer_with_no_taskflow' retrieved from /home/ubuntu/airflow-venv/lib/python3.12/site-packages/airflow/example_dags/example_dataset_alias_with_no_taskflow.py
[2024-11-14T07:45:17.179+0000] {logging_mixin.py:190} INFO - [2024-11-14T07:45:17.179+0000] {dag.py:3239} INFO - Sync 4 DAGs
[2024-11-14T07:45:17.203+0000] {logging_mixin.py:190} INFO - [2024-11-14T07:45:17.203+0000] {dag.py:4180} INFO - Setting next_dagrun for dataset_alias_example_alias_consumer_with_no_taskflow to None, run_after=None
[2024-11-14T07:45:17.205+0000] {logging_mixin.py:190} INFO - [2024-11-14T07:45:17.205+0000] {dag.py:4180} INFO - Setting next_dagrun for dataset_alias_example_alias_producer_with_no_taskflow to None, run_after=None
[2024-11-14T07:45:17.206+0000] {logging_mixin.py:190} INFO - [2024-11-14T07:45:17.206+0000] {dag.py:4180} INFO - Setting next_dagrun for dataset_s3_bucket_consumer_with_no_taskflow to None, run_after=None
[2024-11-14T07:45:17.207+0000] {logging_mixin.py:190} INFO - [2024-11-14T07:45:17.207+0000] {dag.py:4180} INFO - Setting next_dagrun for dataset_s3_bucket_producer_with_no_taskflow to None, run_after=None
[2024-11-14T07:45:17.233+0000] {processor.py:208} INFO - Processing /home/ubuntu/airflow-venv/lib/python3.12/site-packages/airflow/example_dags/example_dataset_alias_with_no_taskflow.py took 0.117 seconds
[2024-11-14T07:46:10.304+0000] {processor.py:186} INFO - Started process (PID=4014) to work on /home/ubuntu/airflow-venv/lib/python3.12/site-packages/airflow/example_dags/example_dataset_alias_with_no_taskflow.py
[2024-11-14T07:46:10.309+0000] {processor.py:914} INFO - Processing file /home/ubuntu/airflow-venv/lib/python3.12/site-packages/airflow/example_dags/example_dataset_alias_with_no_taskflow.py for tasks to queue
[2024-11-14T07:46:10.312+0000] {logging_mixin.py:190} INFO - [2024-11-14T07:46:10.312+0000] {dagbag.py:588} INFO - Filling up the DagBag from /home/ubuntu/airflow-venv/lib/python3.12/site-packages/airflow/example_dags/example_dataset_alias_with_no_taskflow.py
[2024-11-14T07:46:10.343+0000] {processor.py:925} INFO - DAG(s) 'dataset_s3_bucket_consumer_with_no_taskflow', 'dataset_alias_example_alias_consumer_with_no_taskflow', 'dataset_alias_example_alias_producer_with_no_taskflow', 'dataset_s3_bucket_producer_with_no_taskflow' retrieved from /home/ubuntu/airflow-venv/lib/python3.12/site-packages/airflow/example_dags/example_dataset_alias_with_no_taskflow.py
[2024-11-14T07:46:10.367+0000] {logging_mixin.py:190} INFO - [2024-11-14T07:46:10.366+0000] {dag.py:3239} INFO - Sync 4 DAGs
[2024-11-14T07:46:10.390+0000] {logging_mixin.py:190} INFO - [2024-11-14T07:46:10.390+0000] {dag.py:4180} INFO - Setting next_dagrun for dataset_alias_example_alias_consumer_with_no_taskflow to None, run_after=None
[2024-11-14T07:46:10.393+0000] {logging_mixin.py:190} INFO - [2024-11-14T07:46:10.393+0000] {dag.py:4180} INFO - Setting next_dagrun for dataset_alias_example_alias_producer_with_no_taskflow to None, run_after=None
[2024-11-14T07:46:10.394+0000] {logging_mixin.py:190} INFO - [2024-11-14T07:46:10.394+0000] {dag.py:4180} INFO - Setting next_dagrun for dataset_s3_bucket_consumer_with_no_taskflow to None, run_after=None
[2024-11-14T07:46:10.395+0000] {logging_mixin.py:190} INFO - [2024-11-14T07:46:10.395+0000] {dag.py:4180} INFO - Setting next_dagrun for dataset_s3_bucket_producer_with_no_taskflow to None, run_after=None
[2024-11-14T07:46:10.423+0000] {processor.py:208} INFO - Processing /home/ubuntu/airflow-venv/lib/python3.12/site-packages/airflow/example_dags/example_dataset_alias_with_no_taskflow.py took 0.129 seconds
[2024-11-14T07:47:05.103+0000] {processor.py:186} INFO - Started process (PID=4072) to work on /home/ubuntu/airflow-venv/lib/python3.12/site-packages/airflow/example_dags/example_dataset_alias_with_no_taskflow.py
[2024-11-14T07:47:05.105+0000] {processor.py:914} INFO - Processing file /home/ubuntu/airflow-venv/lib/python3.12/site-packages/airflow/example_dags/example_dataset_alias_with_no_taskflow.py for tasks to queue
[2024-11-14T07:47:05.108+0000] {logging_mixin.py:190} INFO - [2024-11-14T07:47:05.107+0000] {dagbag.py:588} INFO - Filling up the DagBag from /home/ubuntu/airflow-venv/lib/python3.12/site-packages/airflow/example_dags/example_dataset_alias_with_no_taskflow.py
[2024-11-14T07:47:05.137+0000] {processor.py:925} INFO - DAG(s) 'dataset_s3_bucket_producer_with_no_taskflow', 'dataset_alias_example_alias_producer_with_no_taskflow', 'dataset_s3_bucket_consumer_with_no_taskflow', 'dataset_alias_example_alias_consumer_with_no_taskflow' retrieved from /home/ubuntu/airflow-venv/lib/python3.12/site-packages/airflow/example_dags/example_dataset_alias_with_no_taskflow.py
[2024-11-14T07:47:05.161+0000] {logging_mixin.py:190} INFO - [2024-11-14T07:47:05.161+0000] {dag.py:3239} INFO - Sync 4 DAGs
[2024-11-14T07:47:05.184+0000] {logging_mixin.py:190} INFO - [2024-11-14T07:47:05.184+0000] {dag.py:4180} INFO - Setting next_dagrun for dataset_alias_example_alias_consumer_with_no_taskflow to None, run_after=None
[2024-11-14T07:47:05.187+0000] {logging_mixin.py:190} INFO - [2024-11-14T07:47:05.187+0000] {dag.py:4180} INFO - Setting next_dagrun for dataset_alias_example_alias_producer_with_no_taskflow to None, run_after=None
[2024-11-14T07:47:05.188+0000] {logging_mixin.py:190} INFO - [2024-11-14T07:47:05.188+0000] {dag.py:4180} INFO - Setting next_dagrun for dataset_s3_bucket_consumer_with_no_taskflow to None, run_after=None
[2024-11-14T07:47:05.189+0000] {logging_mixin.py:190} INFO - [2024-11-14T07:47:05.189+0000] {dag.py:4180} INFO - Setting next_dagrun for dataset_s3_bucket_producer_with_no_taskflow to None, run_after=None
[2024-11-14T07:47:05.216+0000] {processor.py:208} INFO - Processing /home/ubuntu/airflow-venv/lib/python3.12/site-packages/airflow/example_dags/example_dataset_alias_with_no_taskflow.py took 0.126 seconds
[2024-11-14T07:48:01.458+0000] {processor.py:186} INFO - Started process (PID=4327) to work on /home/ubuntu/airflow-venv/lib/python3.12/site-packages/airflow/example_dags/example_dataset_alias_with_no_taskflow.py
[2024-11-14T07:48:01.461+0000] {processor.py:914} INFO - Processing file /home/ubuntu/airflow-venv/lib/python3.12/site-packages/airflow/example_dags/example_dataset_alias_with_no_taskflow.py for tasks to queue
[2024-11-14T07:48:01.466+0000] {logging_mixin.py:190} INFO - [2024-11-14T07:48:01.466+0000] {dagbag.py:588} INFO - Filling up the DagBag from /home/ubuntu/airflow-venv/lib/python3.12/site-packages/airflow/example_dags/example_dataset_alias_with_no_taskflow.py
[2024-11-14T07:48:01.517+0000] {processor.py:925} INFO - DAG(s) 'dataset_s3_bucket_consumer_with_no_taskflow', 'dataset_s3_bucket_producer_with_no_taskflow', 'dataset_alias_example_alias_producer_with_no_taskflow', 'dataset_alias_example_alias_consumer_with_no_taskflow' retrieved from /home/ubuntu/airflow-venv/lib/python3.12/site-packages/airflow/example_dags/example_dataset_alias_with_no_taskflow.py
[2024-11-14T07:48:01.565+0000] {logging_mixin.py:190} INFO - [2024-11-14T07:48:01.564+0000] {dag.py:3239} INFO - Sync 4 DAGs
[2024-11-14T07:48:01.594+0000] {logging_mixin.py:190} INFO - [2024-11-14T07:48:01.594+0000] {dag.py:4180} INFO - Setting next_dagrun for dataset_alias_example_alias_consumer_with_no_taskflow to None, run_after=None
[2024-11-14T07:48:01.598+0000] {logging_mixin.py:190} INFO - [2024-11-14T07:48:01.598+0000] {dag.py:4180} INFO - Setting next_dagrun for dataset_alias_example_alias_producer_with_no_taskflow to None, run_after=None
[2024-11-14T07:48:01.600+0000] {logging_mixin.py:190} INFO - [2024-11-14T07:48:01.599+0000] {dag.py:4180} INFO - Setting next_dagrun for dataset_s3_bucket_consumer_with_no_taskflow to None, run_after=None
[2024-11-14T07:48:01.601+0000] {logging_mixin.py:190} INFO - [2024-11-14T07:48:01.601+0000] {dag.py:4180} INFO - Setting next_dagrun for dataset_s3_bucket_producer_with_no_taskflow to None, run_after=None
[2024-11-14T07:48:01.644+0000] {processor.py:208} INFO - Processing /home/ubuntu/airflow-venv/lib/python3.12/site-packages/airflow/example_dags/example_dataset_alias_with_no_taskflow.py took 0.198 seconds
[2024-11-14T07:49:06.895+0000] {processor.py:186} INFO - Started process (PID=4633) to work on /home/ubuntu/airflow-venv/lib/python3.12/site-packages/airflow/example_dags/example_dataset_alias_with_no_taskflow.py
[2024-11-14T07:49:06.896+0000] {processor.py:914} INFO - Processing file /home/ubuntu/airflow-venv/lib/python3.12/site-packages/airflow/example_dags/example_dataset_alias_with_no_taskflow.py for tasks to queue
[2024-11-14T07:49:06.899+0000] {logging_mixin.py:190} INFO - [2024-11-14T07:49:06.898+0000] {dagbag.py:588} INFO - Filling up the DagBag from /home/ubuntu/airflow-venv/lib/python3.12/site-packages/airflow/example_dags/example_dataset_alias_with_no_taskflow.py
[2024-11-14T07:49:06.923+0000] {processor.py:925} INFO - DAG(s) 'dataset_alias_example_alias_consumer_with_no_taskflow', 'dataset_s3_bucket_consumer_with_no_taskflow', 'dataset_s3_bucket_producer_with_no_taskflow', 'dataset_alias_example_alias_producer_with_no_taskflow' retrieved from /home/ubuntu/airflow-venv/lib/python3.12/site-packages/airflow/example_dags/example_dataset_alias_with_no_taskflow.py
[2024-11-14T07:49:06.944+0000] {logging_mixin.py:190} INFO - [2024-11-14T07:49:06.943+0000] {dag.py:3239} INFO - Sync 4 DAGs
[2024-11-14T07:49:06.967+0000] {logging_mixin.py:190} INFO - [2024-11-14T07:49:06.966+0000] {dag.py:4180} INFO - Setting next_dagrun for dataset_alias_example_alias_consumer_with_no_taskflow to None, run_after=None
[2024-11-14T07:49:06.970+0000] {logging_mixin.py:190} INFO - [2024-11-14T07:49:06.969+0000] {dag.py:4180} INFO - Setting next_dagrun for dataset_alias_example_alias_producer_with_no_taskflow to None, run_after=None
[2024-11-14T07:49:06.971+0000] {logging_mixin.py:190} INFO - [2024-11-14T07:49:06.971+0000] {dag.py:4180} INFO - Setting next_dagrun for dataset_s3_bucket_consumer_with_no_taskflow to None, run_after=None
[2024-11-14T07:49:06.972+0000] {logging_mixin.py:190} INFO - [2024-11-14T07:49:06.972+0000] {dag.py:4180} INFO - Setting next_dagrun for dataset_s3_bucket_producer_with_no_taskflow to None, run_after=None
[2024-11-14T07:49:07.000+0000] {processor.py:208} INFO - Processing /home/ubuntu/airflow-venv/lib/python3.12/site-packages/airflow/example_dags/example_dataset_alias_with_no_taskflow.py took 0.115 seconds
[2024-11-14T07:50:08.159+0000] {processor.py:186} INFO - Started process (PID=4693) to work on /home/ubuntu/airflow-venv/lib/python3.12/site-packages/airflow/example_dags/example_dataset_alias_with_no_taskflow.py
[2024-11-14T07:50:08.160+0000] {processor.py:914} INFO - Processing file /home/ubuntu/airflow-venv/lib/python3.12/site-packages/airflow/example_dags/example_dataset_alias_with_no_taskflow.py for tasks to queue
[2024-11-14T07:50:08.163+0000] {logging_mixin.py:190} INFO - [2024-11-14T07:50:08.162+0000] {dagbag.py:588} INFO - Filling up the DagBag from /home/ubuntu/airflow-venv/lib/python3.12/site-packages/airflow/example_dags/example_dataset_alias_with_no_taskflow.py
[2024-11-14T07:50:08.200+0000] {processor.py:925} INFO - DAG(s) 'dataset_alias_example_alias_consumer_with_no_taskflow', 'dataset_s3_bucket_consumer_with_no_taskflow', 'dataset_alias_example_alias_producer_with_no_taskflow', 'dataset_s3_bucket_producer_with_no_taskflow' retrieved from /home/ubuntu/airflow-venv/lib/python3.12/site-packages/airflow/example_dags/example_dataset_alias_with_no_taskflow.py
[2024-11-14T07:50:08.228+0000] {logging_mixin.py:190} INFO - [2024-11-14T07:50:08.227+0000] {dag.py:3239} INFO - Sync 4 DAGs
[2024-11-14T07:50:08.254+0000] {logging_mixin.py:190} INFO - [2024-11-14T07:50:08.254+0000] {dag.py:4180} INFO - Setting next_dagrun for dataset_alias_example_alias_consumer_with_no_taskflow to None, run_after=None
[2024-11-14T07:50:08.257+0000] {logging_mixin.py:190} INFO - [2024-11-14T07:50:08.257+0000] {dag.py:4180} INFO - Setting next_dagrun for dataset_alias_example_alias_producer_with_no_taskflow to None, run_after=None
[2024-11-14T07:50:08.258+0000] {logging_mixin.py:190} INFO - [2024-11-14T07:50:08.258+0000] {dag.py:4180} INFO - Setting next_dagrun for dataset_s3_bucket_consumer_with_no_taskflow to None, run_after=None
[2024-11-14T07:50:08.259+0000] {logging_mixin.py:190} INFO - [2024-11-14T07:50:08.259+0000] {dag.py:4180} INFO - Setting next_dagrun for dataset_s3_bucket_producer_with_no_taskflow to None, run_after=None
[2024-11-14T07:50:08.294+0000] {processor.py:208} INFO - Processing /home/ubuntu/airflow-venv/lib/python3.12/site-packages/airflow/example_dags/example_dataset_alias_with_no_taskflow.py took 0.144 seconds
[2024-11-14T07:51:12.604+0000] {processor.py:186} INFO - Started process (PID=4759) to work on /home/ubuntu/airflow-venv/lib/python3.12/site-packages/airflow/example_dags/example_dataset_alias_with_no_taskflow.py
[2024-11-14T07:51:12.605+0000] {processor.py:914} INFO - Processing file /home/ubuntu/airflow-venv/lib/python3.12/site-packages/airflow/example_dags/example_dataset_alias_with_no_taskflow.py for tasks to queue
[2024-11-14T07:51:12.607+0000] {logging_mixin.py:190} INFO - [2024-11-14T07:51:12.607+0000] {dagbag.py:588} INFO - Filling up the DagBag from /home/ubuntu/airflow-venv/lib/python3.12/site-packages/airflow/example_dags/example_dataset_alias_with_no_taskflow.py
[2024-11-14T07:51:12.633+0000] {processor.py:925} INFO - DAG(s) 'dataset_alias_example_alias_producer_with_no_taskflow', 'dataset_alias_example_alias_consumer_with_no_taskflow', 'dataset_s3_bucket_producer_with_no_taskflow', 'dataset_s3_bucket_consumer_with_no_taskflow' retrieved from /home/ubuntu/airflow-venv/lib/python3.12/site-packages/airflow/example_dags/example_dataset_alias_with_no_taskflow.py
[2024-11-14T07:51:12.655+0000] {logging_mixin.py:190} INFO - [2024-11-14T07:51:12.655+0000] {dag.py:3239} INFO - Sync 4 DAGs
[2024-11-14T07:51:12.681+0000] {logging_mixin.py:190} INFO - [2024-11-14T07:51:12.681+0000] {dag.py:4180} INFO - Setting next_dagrun for dataset_alias_example_alias_consumer_with_no_taskflow to None, run_after=None
[2024-11-14T07:51:12.686+0000] {logging_mixin.py:190} INFO - [2024-11-14T07:51:12.685+0000] {dag.py:4180} INFO - Setting next_dagrun for dataset_alias_example_alias_producer_with_no_taskflow to None, run_after=None
[2024-11-14T07:51:12.687+0000] {logging_mixin.py:190} INFO - [2024-11-14T07:51:12.687+0000] {dag.py:4180} INFO - Setting next_dagrun for dataset_s3_bucket_consumer_with_no_taskflow to None, run_after=None
[2024-11-14T07:51:12.689+0000] {logging_mixin.py:190} INFO - [2024-11-14T07:51:12.688+0000] {dag.py:4180} INFO - Setting next_dagrun for dataset_s3_bucket_producer_with_no_taskflow to None, run_after=None
[2024-11-14T07:51:12.732+0000] {processor.py:208} INFO - Processing /home/ubuntu/airflow-venv/lib/python3.12/site-packages/airflow/example_dags/example_dataset_alias_with_no_taskflow.py took 0.138 seconds
[2024-11-14T07:52:13.760+0000] {processor.py:186} INFO - Started process (PID=4819) to work on /home/ubuntu/airflow-venv/lib/python3.12/site-packages/airflow/example_dags/example_dataset_alias_with_no_taskflow.py
[2024-11-14T07:52:13.763+0000] {processor.py:914} INFO - Processing file /home/ubuntu/airflow-venv/lib/python3.12/site-packages/airflow/example_dags/example_dataset_alias_with_no_taskflow.py for tasks to queue
[2024-11-14T07:52:13.764+0000] {logging_mixin.py:190} INFO - [2024-11-14T07:52:13.764+0000] {dagbag.py:588} INFO - Filling up the DagBag from /home/ubuntu/airflow-venv/lib/python3.12/site-packages/airflow/example_dags/example_dataset_alias_with_no_taskflow.py
[2024-11-14T07:52:13.789+0000] {processor.py:925} INFO - DAG(s) 'dataset_alias_example_alias_producer_with_no_taskflow', 'dataset_s3_bucket_consumer_with_no_taskflow', 'dataset_s3_bucket_producer_with_no_taskflow', 'dataset_alias_example_alias_consumer_with_no_taskflow' retrieved from /home/ubuntu/airflow-venv/lib/python3.12/site-packages/airflow/example_dags/example_dataset_alias_with_no_taskflow.py
[2024-11-14T07:52:13.811+0000] {logging_mixin.py:190} INFO - [2024-11-14T07:52:13.811+0000] {dag.py:3239} INFO - Sync 4 DAGs
[2024-11-14T07:52:13.832+0000] {logging_mixin.py:190} INFO - [2024-11-14T07:52:13.832+0000] {dag.py:4180} INFO - Setting next_dagrun for dataset_alias_example_alias_consumer_with_no_taskflow to None, run_after=None
[2024-11-14T07:52:13.834+0000] {logging_mixin.py:190} INFO - [2024-11-14T07:52:13.834+0000] {dag.py:4180} INFO - Setting next_dagrun for dataset_alias_example_alias_producer_with_no_taskflow to None, run_after=None
[2024-11-14T07:52:13.835+0000] {logging_mixin.py:190} INFO - [2024-11-14T07:52:13.835+0000] {dag.py:4180} INFO - Setting next_dagrun for dataset_s3_bucket_consumer_with_no_taskflow to None, run_after=None
[2024-11-14T07:52:13.836+0000] {logging_mixin.py:190} INFO - [2024-11-14T07:52:13.836+0000] {dag.py:4180} INFO - Setting next_dagrun for dataset_s3_bucket_producer_with_no_taskflow to None, run_after=None
[2024-11-14T07:52:13.861+0000] {processor.py:208} INFO - Processing /home/ubuntu/airflow-venv/lib/python3.12/site-packages/airflow/example_dags/example_dataset_alias_with_no_taskflow.py took 0.107 seconds
[2024-11-14T07:53:12.239+0000] {processor.py:186} INFO - Started process (PID=4879) to work on /home/ubuntu/airflow-venv/lib/python3.12/site-packages/airflow/example_dags/example_dataset_alias_with_no_taskflow.py
[2024-11-14T07:53:12.241+0000] {processor.py:914} INFO - Processing file /home/ubuntu/airflow-venv/lib/python3.12/site-packages/airflow/example_dags/example_dataset_alias_with_no_taskflow.py for tasks to queue
[2024-11-14T07:53:12.242+0000] {logging_mixin.py:190} INFO - [2024-11-14T07:53:12.242+0000] {dagbag.py:588} INFO - Filling up the DagBag from /home/ubuntu/airflow-venv/lib/python3.12/site-packages/airflow/example_dags/example_dataset_alias_with_no_taskflow.py
[2024-11-14T07:53:12.267+0000] {processor.py:925} INFO - DAG(s) 'dataset_s3_bucket_producer_with_no_taskflow', 'dataset_alias_example_alias_producer_with_no_taskflow', 'dataset_alias_example_alias_consumer_with_no_taskflow', 'dataset_s3_bucket_consumer_with_no_taskflow' retrieved from /home/ubuntu/airflow-venv/lib/python3.12/site-packages/airflow/example_dags/example_dataset_alias_with_no_taskflow.py
[2024-11-14T07:53:12.288+0000] {logging_mixin.py:190} INFO - [2024-11-14T07:53:12.288+0000] {dag.py:3239} INFO - Sync 4 DAGs
[2024-11-14T07:53:12.308+0000] {logging_mixin.py:190} INFO - [2024-11-14T07:53:12.308+0000] {dag.py:4180} INFO - Setting next_dagrun for dataset_alias_example_alias_consumer_with_no_taskflow to None, run_after=None
[2024-11-14T07:53:12.310+0000] {logging_mixin.py:190} INFO - [2024-11-14T07:53:12.310+0000] {dag.py:4180} INFO - Setting next_dagrun for dataset_alias_example_alias_producer_with_no_taskflow to None, run_after=None
[2024-11-14T07:53:12.311+0000] {logging_mixin.py:190} INFO - [2024-11-14T07:53:12.311+0000] {dag.py:4180} INFO - Setting next_dagrun for dataset_s3_bucket_consumer_with_no_taskflow to None, run_after=None
[2024-11-14T07:53:12.312+0000] {logging_mixin.py:190} INFO - [2024-11-14T07:53:12.312+0000] {dag.py:4180} INFO - Setting next_dagrun for dataset_s3_bucket_producer_with_no_taskflow to None, run_after=None
[2024-11-14T07:53:12.336+0000] {processor.py:208} INFO - Processing /home/ubuntu/airflow-venv/lib/python3.12/site-packages/airflow/example_dags/example_dataset_alias_with_no_taskflow.py took 0.103 seconds
[2024-11-14T07:54:09.871+0000] {processor.py:186} INFO - Started process (PID=4940) to work on /home/ubuntu/airflow-venv/lib/python3.12/site-packages/airflow/example_dags/example_dataset_alias_with_no_taskflow.py
[2024-11-14T07:54:09.873+0000] {processor.py:914} INFO - Processing file /home/ubuntu/airflow-venv/lib/python3.12/site-packages/airflow/example_dags/example_dataset_alias_with_no_taskflow.py for tasks to queue
[2024-11-14T07:54:09.875+0000] {logging_mixin.py:190} INFO - [2024-11-14T07:54:09.874+0000] {dagbag.py:588} INFO - Filling up the DagBag from /home/ubuntu/airflow-venv/lib/python3.12/site-packages/airflow/example_dags/example_dataset_alias_with_no_taskflow.py
[2024-11-14T07:54:09.906+0000] {processor.py:925} INFO - DAG(s) 'dataset_s3_bucket_consumer_with_no_taskflow', 'dataset_alias_example_alias_producer_with_no_taskflow', 'dataset_s3_bucket_producer_with_no_taskflow', 'dataset_alias_example_alias_consumer_with_no_taskflow' retrieved from /home/ubuntu/airflow-venv/lib/python3.12/site-packages/airflow/example_dags/example_dataset_alias_with_no_taskflow.py
[2024-11-14T07:54:09.935+0000] {logging_mixin.py:190} INFO - [2024-11-14T07:54:09.934+0000] {dag.py:3239} INFO - Sync 4 DAGs
[2024-11-14T07:54:09.959+0000] {logging_mixin.py:190} INFO - [2024-11-14T07:54:09.959+0000] {dag.py:4180} INFO - Setting next_dagrun for dataset_alias_example_alias_consumer_with_no_taskflow to None, run_after=None
[2024-11-14T07:54:09.961+0000] {logging_mixin.py:190} INFO - [2024-11-14T07:54:09.961+0000] {dag.py:4180} INFO - Setting next_dagrun for dataset_alias_example_alias_producer_with_no_taskflow to None, run_after=None
[2024-11-14T07:54:09.962+0000] {logging_mixin.py:190} INFO - [2024-11-14T07:54:09.962+0000] {dag.py:4180} INFO - Setting next_dagrun for dataset_s3_bucket_consumer_with_no_taskflow to None, run_after=None
[2024-11-14T07:54:09.967+0000] {logging_mixin.py:190} INFO - [2024-11-14T07:54:09.963+0000] {dag.py:4180} INFO - Setting next_dagrun for dataset_s3_bucket_producer_with_no_taskflow to None, run_after=None
[2024-11-14T07:54:09.995+0000] {processor.py:208} INFO - Processing /home/ubuntu/airflow-venv/lib/python3.12/site-packages/airflow/example_dags/example_dataset_alias_with_no_taskflow.py took 0.130 seconds
[2024-11-14T07:55:09.772+0000] {processor.py:186} INFO - Started process (PID=5002) to work on /home/ubuntu/airflow-venv/lib/python3.12/site-packages/airflow/example_dags/example_dataset_alias_with_no_taskflow.py
[2024-11-14T07:55:09.774+0000] {processor.py:914} INFO - Processing file /home/ubuntu/airflow-venv/lib/python3.12/site-packages/airflow/example_dags/example_dataset_alias_with_no_taskflow.py for tasks to queue
[2024-11-14T07:55:09.775+0000] {logging_mixin.py:190} INFO - [2024-11-14T07:55:09.775+0000] {dagbag.py:588} INFO - Filling up the DagBag from /home/ubuntu/airflow-venv/lib/python3.12/site-packages/airflow/example_dags/example_dataset_alias_with_no_taskflow.py
[2024-11-14T07:55:09.812+0000] {processor.py:925} INFO - DAG(s) 'dataset_alias_example_alias_producer_with_no_taskflow', 'dataset_s3_bucket_consumer_with_no_taskflow', 'dataset_alias_example_alias_consumer_with_no_taskflow', 'dataset_s3_bucket_producer_with_no_taskflow' retrieved from /home/ubuntu/airflow-venv/lib/python3.12/site-packages/airflow/example_dags/example_dataset_alias_with_no_taskflow.py
[2024-11-14T07:55:09.842+0000] {logging_mixin.py:190} INFO - [2024-11-14T07:55:09.842+0000] {dag.py:3239} INFO - Sync 4 DAGs
[2024-11-14T07:55:09.864+0000] {logging_mixin.py:190} INFO - [2024-11-14T07:55:09.864+0000] {dag.py:4180} INFO - Setting next_dagrun for dataset_alias_example_alias_consumer_with_no_taskflow to None, run_after=None
[2024-11-14T07:55:09.866+0000] {logging_mixin.py:190} INFO - [2024-11-14T07:55:09.866+0000] {dag.py:4180} INFO - Setting next_dagrun for dataset_alias_example_alias_producer_with_no_taskflow to None, run_after=None
[2024-11-14T07:55:09.867+0000] {logging_mixin.py:190} INFO - [2024-11-14T07:55:09.867+0000] {dag.py:4180} INFO - Setting next_dagrun for dataset_s3_bucket_consumer_with_no_taskflow to None, run_after=None
[2024-11-14T07:55:09.868+0000] {logging_mixin.py:190} INFO - [2024-11-14T07:55:09.867+0000] {dag.py:4180} INFO - Setting next_dagrun for dataset_s3_bucket_producer_with_no_taskflow to None, run_after=None
[2024-11-14T07:55:09.894+0000] {processor.py:208} INFO - Processing /home/ubuntu/airflow-venv/lib/python3.12/site-packages/airflow/example_dags/example_dataset_alias_with_no_taskflow.py took 0.132 seconds
[2024-11-14T07:56:12.627+0000] {processor.py:186} INFO - Started process (PID=5063) to work on /home/ubuntu/airflow-venv/lib/python3.12/site-packages/airflow/example_dags/example_dataset_alias_with_no_taskflow.py
[2024-11-14T07:56:12.634+0000] {processor.py:914} INFO - Processing file /home/ubuntu/airflow-venv/lib/python3.12/site-packages/airflow/example_dags/example_dataset_alias_with_no_taskflow.py for tasks to queue
[2024-11-14T07:56:12.637+0000] {logging_mixin.py:190} INFO - [2024-11-14T07:56:12.636+0000] {dagbag.py:588} INFO - Filling up the DagBag from /home/ubuntu/airflow-venv/lib/python3.12/site-packages/airflow/example_dags/example_dataset_alias_with_no_taskflow.py
[2024-11-14T07:56:12.671+0000] {processor.py:925} INFO - DAG(s) 'dataset_s3_bucket_consumer_with_no_taskflow', 'dataset_alias_example_alias_consumer_with_no_taskflow', 'dataset_alias_example_alias_producer_with_no_taskflow', 'dataset_s3_bucket_producer_with_no_taskflow' retrieved from /home/ubuntu/airflow-venv/lib/python3.12/site-packages/airflow/example_dags/example_dataset_alias_with_no_taskflow.py
[2024-11-14T07:56:12.707+0000] {logging_mixin.py:190} INFO - [2024-11-14T07:56:12.707+0000] {dag.py:3239} INFO - Sync 4 DAGs
[2024-11-14T07:56:12.755+0000] {logging_mixin.py:190} INFO - [2024-11-14T07:56:12.754+0000] {dag.py:4180} INFO - Setting next_dagrun for dataset_alias_example_alias_consumer_with_no_taskflow to None, run_after=None
[2024-11-14T07:56:12.764+0000] {logging_mixin.py:190} INFO - [2024-11-14T07:56:12.764+0000] {dag.py:4180} INFO - Setting next_dagrun for dataset_alias_example_alias_producer_with_no_taskflow to None, run_after=None
[2024-11-14T07:56:12.766+0000] {logging_mixin.py:190} INFO - [2024-11-14T07:56:12.766+0000] {dag.py:4180} INFO - Setting next_dagrun for dataset_s3_bucket_consumer_with_no_taskflow to None, run_after=None
[2024-11-14T07:56:12.771+0000] {logging_mixin.py:190} INFO - [2024-11-14T07:56:12.771+0000] {dag.py:4180} INFO - Setting next_dagrun for dataset_s3_bucket_producer_with_no_taskflow to None, run_after=None
[2024-11-14T07:56:12.800+0000] {processor.py:208} INFO - Processing /home/ubuntu/airflow-venv/lib/python3.12/site-packages/airflow/example_dags/example_dataset_alias_with_no_taskflow.py took 0.181 seconds
[2024-11-14T07:57:12.035+0000] {processor.py:186} INFO - Started process (PID=5125) to work on /home/ubuntu/airflow-venv/lib/python3.12/site-packages/airflow/example_dags/example_dataset_alias_with_no_taskflow.py
[2024-11-14T07:57:12.036+0000] {processor.py:914} INFO - Processing file /home/ubuntu/airflow-venv/lib/python3.12/site-packages/airflow/example_dags/example_dataset_alias_with_no_taskflow.py for tasks to queue
[2024-11-14T07:57:12.038+0000] {logging_mixin.py:190} INFO - [2024-11-14T07:57:12.037+0000] {dagbag.py:588} INFO - Filling up the DagBag from /home/ubuntu/airflow-venv/lib/python3.12/site-packages/airflow/example_dags/example_dataset_alias_with_no_taskflow.py
[2024-11-14T07:57:12.065+0000] {processor.py:925} INFO - DAG(s) 'dataset_alias_example_alias_producer_with_no_taskflow', 'dataset_s3_bucket_consumer_with_no_taskflow', 'dataset_s3_bucket_producer_with_no_taskflow', 'dataset_alias_example_alias_consumer_with_no_taskflow' retrieved from /home/ubuntu/airflow-venv/lib/python3.12/site-packages/airflow/example_dags/example_dataset_alias_with_no_taskflow.py
[2024-11-14T07:57:12.088+0000] {logging_mixin.py:190} INFO - [2024-11-14T07:57:12.088+0000] {dag.py:3239} INFO - Sync 4 DAGs
[2024-11-14T07:57:12.109+0000] {logging_mixin.py:190} INFO - [2024-11-14T07:57:12.108+0000] {dag.py:4180} INFO - Setting next_dagrun for dataset_alias_example_alias_consumer_with_no_taskflow to None, run_after=None
[2024-11-14T07:57:12.111+0000] {logging_mixin.py:190} INFO - [2024-11-14T07:57:12.111+0000] {dag.py:4180} INFO - Setting next_dagrun for dataset_alias_example_alias_producer_with_no_taskflow to None, run_after=None
[2024-11-14T07:57:12.112+0000] {logging_mixin.py:190} INFO - [2024-11-14T07:57:12.112+0000] {dag.py:4180} INFO - Setting next_dagrun for dataset_s3_bucket_consumer_with_no_taskflow to None, run_after=None
[2024-11-14T07:57:12.113+0000] {logging_mixin.py:190} INFO - [2024-11-14T07:57:12.113+0000] {dag.py:4180} INFO - Setting next_dagrun for dataset_s3_bucket_producer_with_no_taskflow to None, run_after=None
[2024-11-14T07:57:12.146+0000] {processor.py:208} INFO - Processing /home/ubuntu/airflow-venv/lib/python3.12/site-packages/airflow/example_dags/example_dataset_alias_with_no_taskflow.py took 0.119 seconds
[2024-11-14T07:58:11.784+0000] {processor.py:186} INFO - Started process (PID=5186) to work on /home/ubuntu/airflow-venv/lib/python3.12/site-packages/airflow/example_dags/example_dataset_alias_with_no_taskflow.py
[2024-11-14T07:58:11.785+0000] {processor.py:914} INFO - Processing file /home/ubuntu/airflow-venv/lib/python3.12/site-packages/airflow/example_dags/example_dataset_alias_with_no_taskflow.py for tasks to queue
[2024-11-14T07:58:11.787+0000] {logging_mixin.py:190} INFO - [2024-11-14T07:58:11.786+0000] {dagbag.py:588} INFO - Filling up the DagBag from /home/ubuntu/airflow-venv/lib/python3.12/site-packages/airflow/example_dags/example_dataset_alias_with_no_taskflow.py
[2024-11-14T07:58:11.816+0000] {processor.py:925} INFO - DAG(s) 'dataset_s3_bucket_consumer_with_no_taskflow', 'dataset_alias_example_alias_consumer_with_no_taskflow', 'dataset_s3_bucket_producer_with_no_taskflow', 'dataset_alias_example_alias_producer_with_no_taskflow' retrieved from /home/ubuntu/airflow-venv/lib/python3.12/site-packages/airflow/example_dags/example_dataset_alias_with_no_taskflow.py
[2024-11-14T07:58:11.838+0000] {logging_mixin.py:190} INFO - [2024-11-14T07:58:11.837+0000] {dag.py:3239} INFO - Sync 4 DAGs
[2024-11-14T07:58:11.859+0000] {logging_mixin.py:190} INFO - [2024-11-14T07:58:11.859+0000] {dag.py:4180} INFO - Setting next_dagrun for dataset_alias_example_alias_consumer_with_no_taskflow to None, run_after=None
[2024-11-14T07:58:11.863+0000] {logging_mixin.py:190} INFO - [2024-11-14T07:58:11.863+0000] {dag.py:4180} INFO - Setting next_dagrun for dataset_alias_example_alias_producer_with_no_taskflow to None, run_after=None
[2024-11-14T07:58:11.873+0000] {logging_mixin.py:190} INFO - [2024-11-14T07:58:11.873+0000] {dag.py:4180} INFO - Setting next_dagrun for dataset_s3_bucket_consumer_with_no_taskflow to None, run_after=None
[2024-11-14T07:58:11.874+0000] {logging_mixin.py:190} INFO - [2024-11-14T07:58:11.874+0000] {dag.py:4180} INFO - Setting next_dagrun for dataset_s3_bucket_producer_with_no_taskflow to None, run_after=None
[2024-11-14T07:58:11.901+0000] {processor.py:208} INFO - Processing /home/ubuntu/airflow-venv/lib/python3.12/site-packages/airflow/example_dags/example_dataset_alias_with_no_taskflow.py took 0.123 seconds
[2024-11-14T07:59:11.753+0000] {processor.py:186} INFO - Started process (PID=5245) to work on /home/ubuntu/airflow-venv/lib/python3.12/site-packages/airflow/example_dags/example_dataset_alias_with_no_taskflow.py
[2024-11-14T07:59:11.756+0000] {processor.py:914} INFO - Processing file /home/ubuntu/airflow-venv/lib/python3.12/site-packages/airflow/example_dags/example_dataset_alias_with_no_taskflow.py for tasks to queue
[2024-11-14T07:59:11.759+0000] {logging_mixin.py:190} INFO - [2024-11-14T07:59:11.757+0000] {dagbag.py:588} INFO - Filling up the DagBag from /home/ubuntu/airflow-venv/lib/python3.12/site-packages/airflow/example_dags/example_dataset_alias_with_no_taskflow.py
[2024-11-14T07:59:11.787+0000] {processor.py:925} INFO - DAG(s) 'dataset_s3_bucket_producer_with_no_taskflow', 'dataset_alias_example_alias_producer_with_no_taskflow', 'dataset_s3_bucket_consumer_with_no_taskflow', 'dataset_alias_example_alias_consumer_with_no_taskflow' retrieved from /home/ubuntu/airflow-venv/lib/python3.12/site-packages/airflow/example_dags/example_dataset_alias_with_no_taskflow.py
[2024-11-14T07:59:11.811+0000] {logging_mixin.py:190} INFO - [2024-11-14T07:59:11.811+0000] {dag.py:3239} INFO - Sync 4 DAGs
[2024-11-14T07:59:11.834+0000] {logging_mixin.py:190} INFO - [2024-11-14T07:59:11.834+0000] {dag.py:4180} INFO - Setting next_dagrun for dataset_alias_example_alias_consumer_with_no_taskflow to None, run_after=None
[2024-11-14T07:59:11.836+0000] {logging_mixin.py:190} INFO - [2024-11-14T07:59:11.836+0000] {dag.py:4180} INFO - Setting next_dagrun for dataset_alias_example_alias_producer_with_no_taskflow to None, run_after=None
[2024-11-14T07:59:11.837+0000] {logging_mixin.py:190} INFO - [2024-11-14T07:59:11.837+0000] {dag.py:4180} INFO - Setting next_dagrun for dataset_s3_bucket_consumer_with_no_taskflow to None, run_after=None
[2024-11-14T07:59:11.838+0000] {logging_mixin.py:190} INFO - [2024-11-14T07:59:11.838+0000] {dag.py:4180} INFO - Setting next_dagrun for dataset_s3_bucket_producer_with_no_taskflow to None, run_after=None
[2024-11-14T07:59:11.865+0000] {processor.py:208} INFO - Processing /home/ubuntu/airflow-venv/lib/python3.12/site-packages/airflow/example_dags/example_dataset_alias_with_no_taskflow.py took 0.132 seconds
[2024-11-14T08:00:12.732+0000] {processor.py:186} INFO - Started process (PID=5307) to work on /home/ubuntu/airflow-venv/lib/python3.12/site-packages/airflow/example_dags/example_dataset_alias_with_no_taskflow.py
[2024-11-14T08:00:12.734+0000] {processor.py:914} INFO - Processing file /home/ubuntu/airflow-venv/lib/python3.12/site-packages/airflow/example_dags/example_dataset_alias_with_no_taskflow.py for tasks to queue
[2024-11-14T08:00:12.738+0000] {logging_mixin.py:190} INFO - [2024-11-14T08:00:12.736+0000] {dagbag.py:588} INFO - Filling up the DagBag from /home/ubuntu/airflow-venv/lib/python3.12/site-packages/airflow/example_dags/example_dataset_alias_with_no_taskflow.py
[2024-11-14T08:00:12.791+0000] {processor.py:925} INFO - DAG(s) 'dataset_alias_example_alias_producer_with_no_taskflow', 'dataset_s3_bucket_consumer_with_no_taskflow', 'dataset_alias_example_alias_consumer_with_no_taskflow', 'dataset_s3_bucket_producer_with_no_taskflow' retrieved from /home/ubuntu/airflow-venv/lib/python3.12/site-packages/airflow/example_dags/example_dataset_alias_with_no_taskflow.py
[2024-11-14T08:00:12.830+0000] {logging_mixin.py:190} INFO - [2024-11-14T08:00:12.830+0000] {dag.py:3239} INFO - Sync 4 DAGs
[2024-11-14T08:00:12.867+0000] {logging_mixin.py:190} INFO - [2024-11-14T08:00:12.867+0000] {dag.py:4180} INFO - Setting next_dagrun for dataset_alias_example_alias_consumer_with_no_taskflow to None, run_after=None
[2024-11-14T08:00:12.870+0000] {logging_mixin.py:190} INFO - [2024-11-14T08:00:12.870+0000] {dag.py:4180} INFO - Setting next_dagrun for dataset_alias_example_alias_producer_with_no_taskflow to None, run_after=None
[2024-11-14T08:00:12.872+0000] {logging_mixin.py:190} INFO - [2024-11-14T08:00:12.872+0000] {dag.py:4180} INFO - Setting next_dagrun for dataset_s3_bucket_consumer_with_no_taskflow to None, run_after=None
[2024-11-14T08:00:12.873+0000] {logging_mixin.py:190} INFO - [2024-11-14T08:00:12.873+0000] {dag.py:4180} INFO - Setting next_dagrun for dataset_s3_bucket_producer_with_no_taskflow to None, run_after=None
[2024-11-14T08:00:12.916+0000] {processor.py:208} INFO - Processing /home/ubuntu/airflow-venv/lib/python3.12/site-packages/airflow/example_dags/example_dataset_alias_with_no_taskflow.py took 0.200 seconds
[2024-11-14T08:01:11.539+0000] {processor.py:186} INFO - Started process (PID=5372) to work on /home/ubuntu/airflow-venv/lib/python3.12/site-packages/airflow/example_dags/example_dataset_alias_with_no_taskflow.py
[2024-11-14T08:01:11.542+0000] {processor.py:914} INFO - Processing file /home/ubuntu/airflow-venv/lib/python3.12/site-packages/airflow/example_dags/example_dataset_alias_with_no_taskflow.py for tasks to queue
[2024-11-14T08:01:11.544+0000] {logging_mixin.py:190} INFO - [2024-11-14T08:01:11.544+0000] {dagbag.py:588} INFO - Filling up the DagBag from /home/ubuntu/airflow-venv/lib/python3.12/site-packages/airflow/example_dags/example_dataset_alias_with_no_taskflow.py
[2024-11-14T08:01:11.583+0000] {processor.py:925} INFO - DAG(s) 'dataset_s3_bucket_consumer_with_no_taskflow', 'dataset_alias_example_alias_producer_with_no_taskflow', 'dataset_alias_example_alias_consumer_with_no_taskflow', 'dataset_s3_bucket_producer_with_no_taskflow' retrieved from /home/ubuntu/airflow-venv/lib/python3.12/site-packages/airflow/example_dags/example_dataset_alias_with_no_taskflow.py
[2024-11-14T08:01:11.619+0000] {logging_mixin.py:190} INFO - [2024-11-14T08:01:11.619+0000] {dag.py:3239} INFO - Sync 4 DAGs
[2024-11-14T08:01:11.651+0000] {logging_mixin.py:190} INFO - [2024-11-14T08:01:11.651+0000] {dag.py:4180} INFO - Setting next_dagrun for dataset_alias_example_alias_consumer_with_no_taskflow to None, run_after=None
[2024-11-14T08:01:11.658+0000] {logging_mixin.py:190} INFO - [2024-11-14T08:01:11.657+0000] {dag.py:4180} INFO - Setting next_dagrun for dataset_alias_example_alias_producer_with_no_taskflow to None, run_after=None
[2024-11-14T08:01:11.661+0000] {logging_mixin.py:190} INFO - [2024-11-14T08:01:11.661+0000] {dag.py:4180} INFO - Setting next_dagrun for dataset_s3_bucket_consumer_with_no_taskflow to None, run_after=None
[2024-11-14T08:01:11.663+0000] {logging_mixin.py:190} INFO - [2024-11-14T08:01:11.662+0000] {dag.py:4180} INFO - Setting next_dagrun for dataset_s3_bucket_producer_with_no_taskflow to None, run_after=None
[2024-11-14T08:01:11.693+0000] {processor.py:208} INFO - Processing /home/ubuntu/airflow-venv/lib/python3.12/site-packages/airflow/example_dags/example_dataset_alias_with_no_taskflow.py took 0.161 seconds
[2024-11-14T08:02:12.509+0000] {processor.py:186} INFO - Started process (PID=5431) to work on /home/ubuntu/airflow-venv/lib/python3.12/site-packages/airflow/example_dags/example_dataset_alias_with_no_taskflow.py
[2024-11-14T08:02:12.511+0000] {processor.py:914} INFO - Processing file /home/ubuntu/airflow-venv/lib/python3.12/site-packages/airflow/example_dags/example_dataset_alias_with_no_taskflow.py for tasks to queue
[2024-11-14T08:02:12.513+0000] {logging_mixin.py:190} INFO - [2024-11-14T08:02:12.512+0000] {dagbag.py:588} INFO - Filling up the DagBag from /home/ubuntu/airflow-venv/lib/python3.12/site-packages/airflow/example_dags/example_dataset_alias_with_no_taskflow.py
[2024-11-14T08:02:12.540+0000] {processor.py:925} INFO - DAG(s) 'dataset_s3_bucket_consumer_with_no_taskflow', 'dataset_alias_example_alias_producer_with_no_taskflow', 'dataset_alias_example_alias_consumer_with_no_taskflow', 'dataset_s3_bucket_producer_with_no_taskflow' retrieved from /home/ubuntu/airflow-venv/lib/python3.12/site-packages/airflow/example_dags/example_dataset_alias_with_no_taskflow.py
[2024-11-14T08:02:12.566+0000] {logging_mixin.py:190} INFO - [2024-11-14T08:02:12.565+0000] {dag.py:3239} INFO - Sync 4 DAGs
[2024-11-14T08:02:12.587+0000] {logging_mixin.py:190} INFO - [2024-11-14T08:02:12.587+0000] {dag.py:4180} INFO - Setting next_dagrun for dataset_alias_example_alias_consumer_with_no_taskflow to None, run_after=None
[2024-11-14T08:02:12.590+0000] {logging_mixin.py:190} INFO - [2024-11-14T08:02:12.589+0000] {dag.py:4180} INFO - Setting next_dagrun for dataset_alias_example_alias_producer_with_no_taskflow to None, run_after=None
[2024-11-14T08:02:12.591+0000] {logging_mixin.py:190} INFO - [2024-11-14T08:02:12.590+0000] {dag.py:4180} INFO - Setting next_dagrun for dataset_s3_bucket_consumer_with_no_taskflow to None, run_after=None
[2024-11-14T08:02:12.592+0000] {logging_mixin.py:190} INFO - [2024-11-14T08:02:12.591+0000] {dag.py:4180} INFO - Setting next_dagrun for dataset_s3_bucket_producer_with_no_taskflow to None, run_after=None
[2024-11-14T08:02:12.617+0000] {processor.py:208} INFO - Processing /home/ubuntu/airflow-venv/lib/python3.12/site-packages/airflow/example_dags/example_dataset_alias_with_no_taskflow.py took 0.113 seconds
