[2024-11-14T07:40:34.118+0000] {processor.py:186} INFO - Started process (PID=3677) to work on /home/ubuntu/airflow-venv/lib/python3.12/site-packages/airflow/example_dags/example_xcomargs.py
[2024-11-14T07:40:34.119+0000] {processor.py:914} INFO - Processing file /home/ubuntu/airflow-venv/lib/python3.12/site-packages/airflow/example_dags/example_xcomargs.py for tasks to queue
[2024-11-14T07:40:34.121+0000] {logging_mixin.py:190} INFO - [2024-11-14T07:40:34.121+0000] {dagbag.py:588} INFO - Filling up the DagBag from /home/ubuntu/airflow-venv/lib/python3.12/site-packages/airflow/example_dags/example_xcomargs.py
[2024-11-14T07:40:34.136+0000] {processor.py:925} INFO - DAG(s) 'example_xcom_args', 'example_xcom_args_with_operators' retrieved from /home/ubuntu/airflow-venv/lib/python3.12/site-packages/airflow/example_dags/example_xcomargs.py
[2024-11-14T07:40:34.256+0000] {logging_mixin.py:190} INFO - [2024-11-14T07:40:34.255+0000] {override.py:1911} INFO - Created Permission View: can delete on DAG:example_xcom_args
[2024-11-14T07:40:34.269+0000] {logging_mixin.py:190} INFO - [2024-11-14T07:40:34.268+0000] {override.py:1911} INFO - Created Permission View: can read on DAG:example_xcom_args
[2024-11-14T07:40:34.282+0000] {logging_mixin.py:190} INFO - [2024-11-14T07:40:34.281+0000] {override.py:1911} INFO - Created Permission View: can edit on DAG:example_xcom_args
[2024-11-14T07:40:34.301+0000] {logging_mixin.py:190} INFO - [2024-11-14T07:40:34.300+0000] {override.py:1911} INFO - Created Permission View: can delete on DAG Run:example_xcom_args
[2024-11-14T07:40:34.313+0000] {logging_mixin.py:190} INFO - [2024-11-14T07:40:34.312+0000] {override.py:1911} INFO - Created Permission View: can create on DAG Run:example_xcom_args
[2024-11-14T07:40:34.328+0000] {logging_mixin.py:190} INFO - [2024-11-14T07:40:34.328+0000] {override.py:1911} INFO - Created Permission View: can read on DAG Run:example_xcom_args
[2024-11-14T07:40:34.339+0000] {logging_mixin.py:190} INFO - [2024-11-14T07:40:34.339+0000] {override.py:1911} INFO - Created Permission View: menu access on DAG Run:example_xcom_args
[2024-11-14T07:40:34.362+0000] {logging_mixin.py:190} INFO - [2024-11-14T07:40:34.362+0000] {override.py:1911} INFO - Created Permission View: can delete on DAG:example_xcom_args_with_operators
[2024-11-14T07:40:34.374+0000] {logging_mixin.py:190} INFO - [2024-11-14T07:40:34.374+0000] {override.py:1911} INFO - Created Permission View: can read on DAG:example_xcom_args_with_operators
[2024-11-14T07:40:34.384+0000] {logging_mixin.py:190} INFO - [2024-11-14T07:40:34.384+0000] {override.py:1911} INFO - Created Permission View: can edit on DAG:example_xcom_args_with_operators
[2024-11-14T07:40:34.401+0000] {logging_mixin.py:190} INFO - [2024-11-14T07:40:34.400+0000] {override.py:1911} INFO - Created Permission View: can delete on DAG Run:example_xcom_args_with_operators
[2024-11-14T07:40:34.411+0000] {logging_mixin.py:190} INFO - [2024-11-14T07:40:34.411+0000] {override.py:1911} INFO - Created Permission View: can create on DAG Run:example_xcom_args_with_operators
[2024-11-14T07:40:34.424+0000] {logging_mixin.py:190} INFO - [2024-11-14T07:40:34.424+0000] {override.py:1911} INFO - Created Permission View: can read on DAG Run:example_xcom_args_with_operators
[2024-11-14T07:40:34.434+0000] {logging_mixin.py:190} INFO - [2024-11-14T07:40:34.434+0000] {override.py:1911} INFO - Created Permission View: menu access on DAG Run:example_xcom_args_with_operators
[2024-11-14T07:40:34.435+0000] {logging_mixin.py:190} INFO - [2024-11-14T07:40:34.434+0000] {dag.py:3239} INFO - Sync 2 DAGs
[2024-11-14T07:40:34.447+0000] {logging_mixin.py:190} INFO - [2024-11-14T07:40:34.446+0000] {dag.py:3262} INFO - Creating ORM DAG for example_xcom_args
[2024-11-14T07:40:34.447+0000] {logging_mixin.py:190} INFO - [2024-11-14T07:40:34.447+0000] {dag.py:3262} INFO - Creating ORM DAG for example_xcom_args_with_operators
[2024-11-14T07:40:34.448+0000] {logging_mixin.py:190} INFO - [2024-11-14T07:40:34.448+0000] {dag.py:4180} INFO - Setting next_dagrun for example_xcom_args to None, run_after=None
[2024-11-14T07:40:34.448+0000] {logging_mixin.py:190} INFO - [2024-11-14T07:40:34.448+0000] {dag.py:4180} INFO - Setting next_dagrun for example_xcom_args_with_operators to None, run_after=None
[2024-11-14T07:40:34.469+0000] {processor.py:208} INFO - Processing /home/ubuntu/airflow-venv/lib/python3.12/site-packages/airflow/example_dags/example_xcomargs.py took 0.357 seconds
[2024-11-14T07:41:42.907+0000] {processor.py:186} INFO - Started process (PID=3739) to work on /home/ubuntu/airflow-venv/lib/python3.12/site-packages/airflow/example_dags/example_xcomargs.py
[2024-11-14T07:41:42.909+0000] {processor.py:914} INFO - Processing file /home/ubuntu/airflow-venv/lib/python3.12/site-packages/airflow/example_dags/example_xcomargs.py for tasks to queue
[2024-11-14T07:41:42.911+0000] {logging_mixin.py:190} INFO - [2024-11-14T07:41:42.911+0000] {dagbag.py:588} INFO - Filling up the DagBag from /home/ubuntu/airflow-venv/lib/python3.12/site-packages/airflow/example_dags/example_xcomargs.py
[2024-11-14T07:41:42.923+0000] {processor.py:925} INFO - DAG(s) 'example_xcom_args', 'example_xcom_args_with_operators' retrieved from /home/ubuntu/airflow-venv/lib/python3.12/site-packages/airflow/example_dags/example_xcomargs.py
[2024-11-14T07:41:42.942+0000] {logging_mixin.py:190} INFO - [2024-11-14T07:41:42.941+0000] {dag.py:3239} INFO - Sync 2 DAGs
[2024-11-14T07:41:42.954+0000] {logging_mixin.py:190} INFO - [2024-11-14T07:41:42.954+0000] {dag.py:4180} INFO - Setting next_dagrun for example_xcom_args to None, run_after=None
[2024-11-14T07:41:42.958+0000] {logging_mixin.py:190} INFO - [2024-11-14T07:41:42.957+0000] {dag.py:4180} INFO - Setting next_dagrun for example_xcom_args_with_operators to None, run_after=None
[2024-11-14T07:41:42.978+0000] {processor.py:208} INFO - Processing /home/ubuntu/airflow-venv/lib/python3.12/site-packages/airflow/example_dags/example_xcomargs.py took 0.076 seconds
[2024-11-14T07:42:39.193+0000] {processor.py:186} INFO - Started process (PID=3796) to work on /home/ubuntu/airflow-venv/lib/python3.12/site-packages/airflow/example_dags/example_xcomargs.py
[2024-11-14T07:42:39.195+0000] {processor.py:914} INFO - Processing file /home/ubuntu/airflow-venv/lib/python3.12/site-packages/airflow/example_dags/example_xcomargs.py for tasks to queue
[2024-11-14T07:42:39.197+0000] {logging_mixin.py:190} INFO - [2024-11-14T07:42:39.197+0000] {dagbag.py:588} INFO - Filling up the DagBag from /home/ubuntu/airflow-venv/lib/python3.12/site-packages/airflow/example_dags/example_xcomargs.py
[2024-11-14T07:42:39.210+0000] {processor.py:925} INFO - DAG(s) 'example_xcom_args_with_operators', 'example_xcom_args' retrieved from /home/ubuntu/airflow-venv/lib/python3.12/site-packages/airflow/example_dags/example_xcomargs.py
[2024-11-14T07:42:39.231+0000] {logging_mixin.py:190} INFO - [2024-11-14T07:42:39.230+0000] {dag.py:3239} INFO - Sync 2 DAGs
[2024-11-14T07:42:39.244+0000] {logging_mixin.py:190} INFO - [2024-11-14T07:42:39.244+0000] {dag.py:4180} INFO - Setting next_dagrun for example_xcom_args to None, run_after=None
[2024-11-14T07:42:39.247+0000] {logging_mixin.py:190} INFO - [2024-11-14T07:42:39.247+0000] {dag.py:4180} INFO - Setting next_dagrun for example_xcom_args_with_operators to None, run_after=None
[2024-11-14T07:42:39.277+0000] {processor.py:208} INFO - Processing /home/ubuntu/airflow-venv/lib/python3.12/site-packages/airflow/example_dags/example_xcomargs.py took 0.091 seconds
[2024-11-14T07:43:33.172+0000] {processor.py:186} INFO - Started process (PID=3851) to work on /home/ubuntu/airflow-venv/lib/python3.12/site-packages/airflow/example_dags/example_xcomargs.py
[2024-11-14T07:43:33.174+0000] {processor.py:914} INFO - Processing file /home/ubuntu/airflow-venv/lib/python3.12/site-packages/airflow/example_dags/example_xcomargs.py for tasks to queue
[2024-11-14T07:43:33.176+0000] {logging_mixin.py:190} INFO - [2024-11-14T07:43:33.176+0000] {dagbag.py:588} INFO - Filling up the DagBag from /home/ubuntu/airflow-venv/lib/python3.12/site-packages/airflow/example_dags/example_xcomargs.py
[2024-11-14T07:43:33.189+0000] {processor.py:925} INFO - DAG(s) 'example_xcom_args_with_operators', 'example_xcom_args' retrieved from /home/ubuntu/airflow-venv/lib/python3.12/site-packages/airflow/example_dags/example_xcomargs.py
[2024-11-14T07:43:33.210+0000] {logging_mixin.py:190} INFO - [2024-11-14T07:43:33.210+0000] {dag.py:3239} INFO - Sync 2 DAGs
[2024-11-14T07:43:33.223+0000] {logging_mixin.py:190} INFO - [2024-11-14T07:43:33.223+0000] {dag.py:4180} INFO - Setting next_dagrun for example_xcom_args to None, run_after=None
[2024-11-14T07:43:33.227+0000] {logging_mixin.py:190} INFO - [2024-11-14T07:43:33.227+0000] {dag.py:4180} INFO - Setting next_dagrun for example_xcom_args_with_operators to None, run_after=None
[2024-11-14T07:43:33.249+0000] {processor.py:208} INFO - Processing /home/ubuntu/airflow-venv/lib/python3.12/site-packages/airflow/example_dags/example_xcomargs.py took 0.083 seconds
[2024-11-14T07:44:31.660+0000] {processor.py:186} INFO - Started process (PID=3907) to work on /home/ubuntu/airflow-venv/lib/python3.12/site-packages/airflow/example_dags/example_xcomargs.py
[2024-11-14T07:44:31.662+0000] {processor.py:914} INFO - Processing file /home/ubuntu/airflow-venv/lib/python3.12/site-packages/airflow/example_dags/example_xcomargs.py for tasks to queue
[2024-11-14T07:44:31.664+0000] {logging_mixin.py:190} INFO - [2024-11-14T07:44:31.663+0000] {dagbag.py:588} INFO - Filling up the DagBag from /home/ubuntu/airflow-venv/lib/python3.12/site-packages/airflow/example_dags/example_xcomargs.py
[2024-11-14T07:44:31.677+0000] {processor.py:925} INFO - DAG(s) 'example_xcom_args', 'example_xcom_args_with_operators' retrieved from /home/ubuntu/airflow-venv/lib/python3.12/site-packages/airflow/example_dags/example_xcomargs.py
[2024-11-14T07:44:31.701+0000] {logging_mixin.py:190} INFO - [2024-11-14T07:44:31.701+0000] {dag.py:3239} INFO - Sync 2 DAGs
[2024-11-14T07:44:31.720+0000] {logging_mixin.py:190} INFO - [2024-11-14T07:44:31.719+0000] {dag.py:4180} INFO - Setting next_dagrun for example_xcom_args to None, run_after=None
[2024-11-14T07:44:31.725+0000] {logging_mixin.py:190} INFO - [2024-11-14T07:44:31.725+0000] {dag.py:4180} INFO - Setting next_dagrun for example_xcom_args_with_operators to None, run_after=None
[2024-11-14T07:44:31.748+0000] {processor.py:208} INFO - Processing /home/ubuntu/airflow-venv/lib/python3.12/site-packages/airflow/example_dags/example_xcomargs.py took 0.095 seconds
[2024-11-14T07:45:27.253+0000] {processor.py:186} INFO - Started process (PID=3967) to work on /home/ubuntu/airflow-venv/lib/python3.12/site-packages/airflow/example_dags/example_xcomargs.py
[2024-11-14T07:45:27.255+0000] {processor.py:914} INFO - Processing file /home/ubuntu/airflow-venv/lib/python3.12/site-packages/airflow/example_dags/example_xcomargs.py for tasks to queue
[2024-11-14T07:45:27.257+0000] {logging_mixin.py:190} INFO - [2024-11-14T07:45:27.257+0000] {dagbag.py:588} INFO - Filling up the DagBag from /home/ubuntu/airflow-venv/lib/python3.12/site-packages/airflow/example_dags/example_xcomargs.py
[2024-11-14T07:45:27.269+0000] {processor.py:925} INFO - DAG(s) 'example_xcom_args', 'example_xcom_args_with_operators' retrieved from /home/ubuntu/airflow-venv/lib/python3.12/site-packages/airflow/example_dags/example_xcomargs.py
[2024-11-14T07:45:27.291+0000] {logging_mixin.py:190} INFO - [2024-11-14T07:45:27.290+0000] {dag.py:3239} INFO - Sync 2 DAGs
[2024-11-14T07:45:27.304+0000] {logging_mixin.py:190} INFO - [2024-11-14T07:45:27.304+0000] {dag.py:4180} INFO - Setting next_dagrun for example_xcom_args to None, run_after=None
[2024-11-14T07:45:27.308+0000] {logging_mixin.py:190} INFO - [2024-11-14T07:45:27.307+0000] {dag.py:4180} INFO - Setting next_dagrun for example_xcom_args_with_operators to None, run_after=None
[2024-11-14T07:45:27.328+0000] {processor.py:208} INFO - Processing /home/ubuntu/airflow-venv/lib/python3.12/site-packages/airflow/example_dags/example_xcomargs.py took 0.086 seconds
[2024-11-14T07:46:20.753+0000] {processor.py:186} INFO - Started process (PID=4026) to work on /home/ubuntu/airflow-venv/lib/python3.12/site-packages/airflow/example_dags/example_xcomargs.py
[2024-11-14T07:46:20.757+0000] {processor.py:914} INFO - Processing file /home/ubuntu/airflow-venv/lib/python3.12/site-packages/airflow/example_dags/example_xcomargs.py for tasks to queue
[2024-11-14T07:46:20.759+0000] {logging_mixin.py:190} INFO - [2024-11-14T07:46:20.759+0000] {dagbag.py:588} INFO - Filling up the DagBag from /home/ubuntu/airflow-venv/lib/python3.12/site-packages/airflow/example_dags/example_xcomargs.py
[2024-11-14T07:46:20.773+0000] {processor.py:925} INFO - DAG(s) 'example_xcom_args_with_operators', 'example_xcom_args' retrieved from /home/ubuntu/airflow-venv/lib/python3.12/site-packages/airflow/example_dags/example_xcomargs.py
[2024-11-14T07:46:20.800+0000] {logging_mixin.py:190} INFO - [2024-11-14T07:46:20.800+0000] {dag.py:3239} INFO - Sync 2 DAGs
[2024-11-14T07:46:20.818+0000] {logging_mixin.py:190} INFO - [2024-11-14T07:46:20.818+0000] {dag.py:4180} INFO - Setting next_dagrun for example_xcom_args to None, run_after=None
[2024-11-14T07:46:20.822+0000] {logging_mixin.py:190} INFO - [2024-11-14T07:46:20.822+0000] {dag.py:4180} INFO - Setting next_dagrun for example_xcom_args_with_operators to None, run_after=None
[2024-11-14T07:46:20.852+0000] {processor.py:208} INFO - Processing /home/ubuntu/airflow-venv/lib/python3.12/site-packages/airflow/example_dags/example_xcomargs.py took 0.105 seconds
[2024-11-14T07:47:14.377+0000] {processor.py:186} INFO - Started process (PID=4082) to work on /home/ubuntu/airflow-venv/lib/python3.12/site-packages/airflow/example_dags/example_xcomargs.py
[2024-11-14T07:47:14.378+0000] {processor.py:914} INFO - Processing file /home/ubuntu/airflow-venv/lib/python3.12/site-packages/airflow/example_dags/example_xcomargs.py for tasks to queue
[2024-11-14T07:47:14.381+0000] {logging_mixin.py:190} INFO - [2024-11-14T07:47:14.381+0000] {dagbag.py:588} INFO - Filling up the DagBag from /home/ubuntu/airflow-venv/lib/python3.12/site-packages/airflow/example_dags/example_xcomargs.py
[2024-11-14T07:47:14.396+0000] {processor.py:925} INFO - DAG(s) 'example_xcom_args', 'example_xcom_args_with_operators' retrieved from /home/ubuntu/airflow-venv/lib/python3.12/site-packages/airflow/example_dags/example_xcomargs.py
[2024-11-14T07:47:14.420+0000] {logging_mixin.py:190} INFO - [2024-11-14T07:47:14.420+0000] {dag.py:3239} INFO - Sync 2 DAGs
[2024-11-14T07:47:14.434+0000] {logging_mixin.py:190} INFO - [2024-11-14T07:47:14.434+0000] {dag.py:4180} INFO - Setting next_dagrun for example_xcom_args to None, run_after=None
[2024-11-14T07:47:14.439+0000] {logging_mixin.py:190} INFO - [2024-11-14T07:47:14.439+0000] {dag.py:4180} INFO - Setting next_dagrun for example_xcom_args_with_operators to None, run_after=None
[2024-11-14T07:47:14.461+0000] {processor.py:208} INFO - Processing /home/ubuntu/airflow-venv/lib/python3.12/site-packages/airflow/example_dags/example_xcomargs.py took 0.093 seconds
[2024-11-14T07:48:17.188+0000] {processor.py:186} INFO - Started process (PID=4543) to work on /home/ubuntu/airflow-venv/lib/python3.12/site-packages/airflow/example_dags/example_xcomargs.py
[2024-11-14T07:48:17.191+0000] {processor.py:914} INFO - Processing file /home/ubuntu/airflow-venv/lib/python3.12/site-packages/airflow/example_dags/example_xcomargs.py for tasks to queue
[2024-11-14T07:48:17.194+0000] {logging_mixin.py:190} INFO - [2024-11-14T07:48:17.194+0000] {dagbag.py:588} INFO - Filling up the DagBag from /home/ubuntu/airflow-venv/lib/python3.12/site-packages/airflow/example_dags/example_xcomargs.py
[2024-11-14T07:48:17.210+0000] {processor.py:925} INFO - DAG(s) 'example_xcom_args_with_operators', 'example_xcom_args' retrieved from /home/ubuntu/airflow-venv/lib/python3.12/site-packages/airflow/example_dags/example_xcomargs.py
[2024-11-14T07:48:17.237+0000] {logging_mixin.py:190} INFO - [2024-11-14T07:48:17.237+0000] {dag.py:3239} INFO - Sync 2 DAGs
[2024-11-14T07:48:17.257+0000] {logging_mixin.py:190} INFO - [2024-11-14T07:48:17.256+0000] {dag.py:4180} INFO - Setting next_dagrun for example_xcom_args to None, run_after=None
[2024-11-14T07:48:17.262+0000] {logging_mixin.py:190} INFO - [2024-11-14T07:48:17.261+0000] {dag.py:4180} INFO - Setting next_dagrun for example_xcom_args_with_operators to None, run_after=None
[2024-11-14T07:48:17.295+0000] {processor.py:208} INFO - Processing /home/ubuntu/airflow-venv/lib/python3.12/site-packages/airflow/example_dags/example_xcomargs.py took 0.120 seconds
[2024-11-14T07:49:21.245+0000] {processor.py:186} INFO - Started process (PID=4646) to work on /home/ubuntu/airflow-venv/lib/python3.12/site-packages/airflow/example_dags/example_xcomargs.py
[2024-11-14T07:49:21.247+0000] {processor.py:914} INFO - Processing file /home/ubuntu/airflow-venv/lib/python3.12/site-packages/airflow/example_dags/example_xcomargs.py for tasks to queue
[2024-11-14T07:49:21.249+0000] {logging_mixin.py:190} INFO - [2024-11-14T07:49:21.249+0000] {dagbag.py:588} INFO - Filling up the DagBag from /home/ubuntu/airflow-venv/lib/python3.12/site-packages/airflow/example_dags/example_xcomargs.py
[2024-11-14T07:49:21.261+0000] {processor.py:925} INFO - DAG(s) 'example_xcom_args_with_operators', 'example_xcom_args' retrieved from /home/ubuntu/airflow-venv/lib/python3.12/site-packages/airflow/example_dags/example_xcomargs.py
[2024-11-14T07:49:21.281+0000] {logging_mixin.py:190} INFO - [2024-11-14T07:49:21.281+0000] {dag.py:3239} INFO - Sync 2 DAGs
[2024-11-14T07:49:21.294+0000] {logging_mixin.py:190} INFO - [2024-11-14T07:49:21.294+0000] {dag.py:4180} INFO - Setting next_dagrun for example_xcom_args to None, run_after=None
[2024-11-14T07:49:21.298+0000] {logging_mixin.py:190} INFO - [2024-11-14T07:49:21.297+0000] {dag.py:4180} INFO - Setting next_dagrun for example_xcom_args_with_operators to None, run_after=None
[2024-11-14T07:49:21.319+0000] {processor.py:208} INFO - Processing /home/ubuntu/airflow-venv/lib/python3.12/site-packages/airflow/example_dags/example_xcomargs.py took 0.080 seconds
[2024-11-14T07:50:21.340+0000] {processor.py:186} INFO - Started process (PID=4706) to work on /home/ubuntu/airflow-venv/lib/python3.12/site-packages/airflow/example_dags/example_xcomargs.py
[2024-11-14T07:50:21.342+0000] {processor.py:914} INFO - Processing file /home/ubuntu/airflow-venv/lib/python3.12/site-packages/airflow/example_dags/example_xcomargs.py for tasks to queue
[2024-11-14T07:50:21.344+0000] {logging_mixin.py:190} INFO - [2024-11-14T07:50:21.344+0000] {dagbag.py:588} INFO - Filling up the DagBag from /home/ubuntu/airflow-venv/lib/python3.12/site-packages/airflow/example_dags/example_xcomargs.py
[2024-11-14T07:50:21.356+0000] {processor.py:925} INFO - DAG(s) 'example_xcom_args_with_operators', 'example_xcom_args' retrieved from /home/ubuntu/airflow-venv/lib/python3.12/site-packages/airflow/example_dags/example_xcomargs.py
[2024-11-14T07:50:21.380+0000] {logging_mixin.py:190} INFO - [2024-11-14T07:50:21.379+0000] {dag.py:3239} INFO - Sync 2 DAGs
[2024-11-14T07:50:21.393+0000] {logging_mixin.py:190} INFO - [2024-11-14T07:50:21.393+0000] {dag.py:4180} INFO - Setting next_dagrun for example_xcom_args to None, run_after=None
[2024-11-14T07:50:21.397+0000] {logging_mixin.py:190} INFO - [2024-11-14T07:50:21.396+0000] {dag.py:4180} INFO - Setting next_dagrun for example_xcom_args_with_operators to None, run_after=None
[2024-11-14T07:50:21.418+0000] {processor.py:208} INFO - Processing /home/ubuntu/airflow-venv/lib/python3.12/site-packages/airflow/example_dags/example_xcomargs.py took 0.084 seconds
[2024-11-14T07:51:25.684+0000] {processor.py:186} INFO - Started process (PID=4773) to work on /home/ubuntu/airflow-venv/lib/python3.12/site-packages/airflow/example_dags/example_xcomargs.py
[2024-11-14T07:51:25.687+0000] {processor.py:914} INFO - Processing file /home/ubuntu/airflow-venv/lib/python3.12/site-packages/airflow/example_dags/example_xcomargs.py for tasks to queue
[2024-11-14T07:51:25.693+0000] {logging_mixin.py:190} INFO - [2024-11-14T07:51:25.690+0000] {dagbag.py:588} INFO - Filling up the DagBag from /home/ubuntu/airflow-venv/lib/python3.12/site-packages/airflow/example_dags/example_xcomargs.py
[2024-11-14T07:51:25.733+0000] {processor.py:925} INFO - DAG(s) 'example_xcom_args', 'example_xcom_args_with_operators' retrieved from /home/ubuntu/airflow-venv/lib/python3.12/site-packages/airflow/example_dags/example_xcomargs.py
[2024-11-14T07:51:25.773+0000] {logging_mixin.py:190} INFO - [2024-11-14T07:51:25.773+0000] {dag.py:3239} INFO - Sync 2 DAGs
[2024-11-14T07:51:25.795+0000] {logging_mixin.py:190} INFO - [2024-11-14T07:51:25.794+0000] {dag.py:4180} INFO - Setting next_dagrun for example_xcom_args to None, run_after=None
[2024-11-14T07:51:25.800+0000] {logging_mixin.py:190} INFO - [2024-11-14T07:51:25.800+0000] {dag.py:4180} INFO - Setting next_dagrun for example_xcom_args_with_operators to None, run_after=None
[2024-11-14T07:51:25.838+0000] {processor.py:208} INFO - Processing /home/ubuntu/airflow-venv/lib/python3.12/site-packages/airflow/example_dags/example_xcomargs.py took 0.174 seconds
[2024-11-14T07:52:25.589+0000] {processor.py:186} INFO - Started process (PID=4832) to work on /home/ubuntu/airflow-venv/lib/python3.12/site-packages/airflow/example_dags/example_xcomargs.py
[2024-11-14T07:52:25.591+0000] {processor.py:914} INFO - Processing file /home/ubuntu/airflow-venv/lib/python3.12/site-packages/airflow/example_dags/example_xcomargs.py for tasks to queue
[2024-11-14T07:52:25.593+0000] {logging_mixin.py:190} INFO - [2024-11-14T07:52:25.592+0000] {dagbag.py:588} INFO - Filling up the DagBag from /home/ubuntu/airflow-venv/lib/python3.12/site-packages/airflow/example_dags/example_xcomargs.py
[2024-11-14T07:52:25.613+0000] {processor.py:925} INFO - DAG(s) 'example_xcom_args_with_operators', 'example_xcom_args' retrieved from /home/ubuntu/airflow-venv/lib/python3.12/site-packages/airflow/example_dags/example_xcomargs.py
[2024-11-14T07:52:25.641+0000] {logging_mixin.py:190} INFO - [2024-11-14T07:52:25.641+0000] {dag.py:3239} INFO - Sync 2 DAGs
[2024-11-14T07:52:25.657+0000] {logging_mixin.py:190} INFO - [2024-11-14T07:52:25.657+0000] {dag.py:4180} INFO - Setting next_dagrun for example_xcom_args to None, run_after=None
[2024-11-14T07:52:25.660+0000] {logging_mixin.py:190} INFO - [2024-11-14T07:52:25.660+0000] {dag.py:4180} INFO - Setting next_dagrun for example_xcom_args_with_operators to None, run_after=None
[2024-11-14T07:52:25.682+0000] {processor.py:208} INFO - Processing /home/ubuntu/airflow-venv/lib/python3.12/site-packages/airflow/example_dags/example_xcomargs.py took 0.100 seconds
[2024-11-14T07:53:23.711+0000] {processor.py:186} INFO - Started process (PID=4892) to work on /home/ubuntu/airflow-venv/lib/python3.12/site-packages/airflow/example_dags/example_xcomargs.py
[2024-11-14T07:53:23.713+0000] {processor.py:914} INFO - Processing file /home/ubuntu/airflow-venv/lib/python3.12/site-packages/airflow/example_dags/example_xcomargs.py for tasks to queue
[2024-11-14T07:53:23.714+0000] {logging_mixin.py:190} INFO - [2024-11-14T07:53:23.714+0000] {dagbag.py:588} INFO - Filling up the DagBag from /home/ubuntu/airflow-venv/lib/python3.12/site-packages/airflow/example_dags/example_xcomargs.py
[2024-11-14T07:53:23.726+0000] {processor.py:925} INFO - DAG(s) 'example_xcom_args', 'example_xcom_args_with_operators' retrieved from /home/ubuntu/airflow-venv/lib/python3.12/site-packages/airflow/example_dags/example_xcomargs.py
[2024-11-14T07:53:23.747+0000] {logging_mixin.py:190} INFO - [2024-11-14T07:53:23.747+0000] {dag.py:3239} INFO - Sync 2 DAGs
[2024-11-14T07:53:23.761+0000] {logging_mixin.py:190} INFO - [2024-11-14T07:53:23.761+0000] {dag.py:4180} INFO - Setting next_dagrun for example_xcom_args to None, run_after=None
[2024-11-14T07:53:23.765+0000] {logging_mixin.py:190} INFO - [2024-11-14T07:53:23.764+0000] {dag.py:4180} INFO - Setting next_dagrun for example_xcom_args_with_operators to None, run_after=None
[2024-11-14T07:53:23.786+0000] {processor.py:208} INFO - Processing /home/ubuntu/airflow-venv/lib/python3.12/site-packages/airflow/example_dags/example_xcomargs.py took 0.083 seconds
[2024-11-14T07:54:26.294+0000] {processor.py:186} INFO - Started process (PID=4955) to work on /home/ubuntu/airflow-venv/lib/python3.12/site-packages/airflow/example_dags/example_xcomargs.py
[2024-11-14T07:54:26.297+0000] {processor.py:914} INFO - Processing file /home/ubuntu/airflow-venv/lib/python3.12/site-packages/airflow/example_dags/example_xcomargs.py for tasks to queue
[2024-11-14T07:54:26.300+0000] {logging_mixin.py:190} INFO - [2024-11-14T07:54:26.299+0000] {dagbag.py:588} INFO - Filling up the DagBag from /home/ubuntu/airflow-venv/lib/python3.12/site-packages/airflow/example_dags/example_xcomargs.py
[2024-11-14T07:54:26.315+0000] {processor.py:925} INFO - DAG(s) 'example_xcom_args_with_operators', 'example_xcom_args' retrieved from /home/ubuntu/airflow-venv/lib/python3.12/site-packages/airflow/example_dags/example_xcomargs.py
[2024-11-14T07:54:26.342+0000] {logging_mixin.py:190} INFO - [2024-11-14T07:54:26.342+0000] {dag.py:3239} INFO - Sync 2 DAGs
[2024-11-14T07:54:26.360+0000] {logging_mixin.py:190} INFO - [2024-11-14T07:54:26.360+0000] {dag.py:4180} INFO - Setting next_dagrun for example_xcom_args to None, run_after=None
[2024-11-14T07:54:26.365+0000] {logging_mixin.py:190} INFO - [2024-11-14T07:54:26.364+0000] {dag.py:4180} INFO - Setting next_dagrun for example_xcom_args_with_operators to None, run_after=None
[2024-11-14T07:54:26.390+0000] {processor.py:208} INFO - Processing /home/ubuntu/airflow-venv/lib/python3.12/site-packages/airflow/example_dags/example_xcomargs.py took 0.106 seconds
[2024-11-14T07:55:24.566+0000] {processor.py:186} INFO - Started process (PID=5017) to work on /home/ubuntu/airflow-venv/lib/python3.12/site-packages/airflow/example_dags/example_xcomargs.py
[2024-11-14T07:55:24.567+0000] {processor.py:914} INFO - Processing file /home/ubuntu/airflow-venv/lib/python3.12/site-packages/airflow/example_dags/example_xcomargs.py for tasks to queue
[2024-11-14T07:55:24.569+0000] {logging_mixin.py:190} INFO - [2024-11-14T07:55:24.568+0000] {dagbag.py:588} INFO - Filling up the DagBag from /home/ubuntu/airflow-venv/lib/python3.12/site-packages/airflow/example_dags/example_xcomargs.py
[2024-11-14T07:55:24.580+0000] {processor.py:925} INFO - DAG(s) 'example_xcom_args', 'example_xcom_args_with_operators' retrieved from /home/ubuntu/airflow-venv/lib/python3.12/site-packages/airflow/example_dags/example_xcomargs.py
[2024-11-14T07:55:24.601+0000] {logging_mixin.py:190} INFO - [2024-11-14T07:55:24.601+0000] {dag.py:3239} INFO - Sync 2 DAGs
[2024-11-14T07:55:24.615+0000] {logging_mixin.py:190} INFO - [2024-11-14T07:55:24.615+0000] {dag.py:4180} INFO - Setting next_dagrun for example_xcom_args to None, run_after=None
[2024-11-14T07:55:24.618+0000] {logging_mixin.py:190} INFO - [2024-11-14T07:55:24.618+0000] {dag.py:4180} INFO - Setting next_dagrun for example_xcom_args_with_operators to None, run_after=None
[2024-11-14T07:55:24.639+0000] {processor.py:208} INFO - Processing /home/ubuntu/airflow-venv/lib/python3.12/site-packages/airflow/example_dags/example_xcomargs.py took 0.083 seconds
[2024-11-14T07:56:25.797+0000] {processor.py:186} INFO - Started process (PID=5078) to work on /home/ubuntu/airflow-venv/lib/python3.12/site-packages/airflow/example_dags/example_xcomargs.py
[2024-11-14T07:56:25.801+0000] {processor.py:914} INFO - Processing file /home/ubuntu/airflow-venv/lib/python3.12/site-packages/airflow/example_dags/example_xcomargs.py for tasks to queue
[2024-11-14T07:56:25.802+0000] {logging_mixin.py:190} INFO - [2024-11-14T07:56:25.802+0000] {dagbag.py:588} INFO - Filling up the DagBag from /home/ubuntu/airflow-venv/lib/python3.12/site-packages/airflow/example_dags/example_xcomargs.py
[2024-11-14T07:56:25.815+0000] {processor.py:925} INFO - DAG(s) 'example_xcom_args_with_operators', 'example_xcom_args' retrieved from /home/ubuntu/airflow-venv/lib/python3.12/site-packages/airflow/example_dags/example_xcomargs.py
[2024-11-14T07:56:25.835+0000] {logging_mixin.py:190} INFO - [2024-11-14T07:56:25.835+0000] {dag.py:3239} INFO - Sync 2 DAGs
[2024-11-14T07:56:25.849+0000] {logging_mixin.py:190} INFO - [2024-11-14T07:56:25.849+0000] {dag.py:4180} INFO - Setting next_dagrun for example_xcom_args to None, run_after=None
[2024-11-14T07:56:25.853+0000] {logging_mixin.py:190} INFO - [2024-11-14T07:56:25.853+0000] {dag.py:4180} INFO - Setting next_dagrun for example_xcom_args_with_operators to None, run_after=None
[2024-11-14T07:56:25.876+0000] {processor.py:208} INFO - Processing /home/ubuntu/airflow-venv/lib/python3.12/site-packages/airflow/example_dags/example_xcomargs.py took 0.090 seconds
[2024-11-14T07:57:26.260+0000] {processor.py:186} INFO - Started process (PID=5141) to work on /home/ubuntu/airflow-venv/lib/python3.12/site-packages/airflow/example_dags/example_xcomargs.py
[2024-11-14T07:57:26.261+0000] {processor.py:914} INFO - Processing file /home/ubuntu/airflow-venv/lib/python3.12/site-packages/airflow/example_dags/example_xcomargs.py for tasks to queue
[2024-11-14T07:57:26.267+0000] {logging_mixin.py:190} INFO - [2024-11-14T07:57:26.266+0000] {dagbag.py:588} INFO - Filling up the DagBag from /home/ubuntu/airflow-venv/lib/python3.12/site-packages/airflow/example_dags/example_xcomargs.py
[2024-11-14T07:57:26.290+0000] {processor.py:925} INFO - DAG(s) 'example_xcom_args_with_operators', 'example_xcom_args' retrieved from /home/ubuntu/airflow-venv/lib/python3.12/site-packages/airflow/example_dags/example_xcomargs.py
[2024-11-14T07:57:26.329+0000] {logging_mixin.py:190} INFO - [2024-11-14T07:57:26.329+0000] {dag.py:3239} INFO - Sync 2 DAGs
[2024-11-14T07:57:26.342+0000] {logging_mixin.py:190} INFO - [2024-11-14T07:57:26.342+0000] {dag.py:4180} INFO - Setting next_dagrun for example_xcom_args to None, run_after=None
[2024-11-14T07:57:26.346+0000] {logging_mixin.py:190} INFO - [2024-11-14T07:57:26.345+0000] {dag.py:4180} INFO - Setting next_dagrun for example_xcom_args_with_operators to None, run_after=None
[2024-11-14T07:57:26.368+0000] {processor.py:208} INFO - Processing /home/ubuntu/airflow-venv/lib/python3.12/site-packages/airflow/example_dags/example_xcomargs.py took 0.116 seconds
[2024-11-14T07:58:26.519+0000] {processor.py:186} INFO - Started process (PID=5201) to work on /home/ubuntu/airflow-venv/lib/python3.12/site-packages/airflow/example_dags/example_xcomargs.py
[2024-11-14T07:58:26.520+0000] {processor.py:914} INFO - Processing file /home/ubuntu/airflow-venv/lib/python3.12/site-packages/airflow/example_dags/example_xcomargs.py for tasks to queue
[2024-11-14T07:58:26.523+0000] {logging_mixin.py:190} INFO - [2024-11-14T07:58:26.522+0000] {dagbag.py:588} INFO - Filling up the DagBag from /home/ubuntu/airflow-venv/lib/python3.12/site-packages/airflow/example_dags/example_xcomargs.py
[2024-11-14T07:58:26.537+0000] {processor.py:925} INFO - DAG(s) 'example_xcom_args', 'example_xcom_args_with_operators' retrieved from /home/ubuntu/airflow-venv/lib/python3.12/site-packages/airflow/example_dags/example_xcomargs.py
[2024-11-14T07:58:26.570+0000] {logging_mixin.py:190} INFO - [2024-11-14T07:58:26.570+0000] {dag.py:3239} INFO - Sync 2 DAGs
[2024-11-14T07:58:26.603+0000] {logging_mixin.py:190} INFO - [2024-11-14T07:58:26.602+0000] {dag.py:4180} INFO - Setting next_dagrun for example_xcom_args to None, run_after=None
[2024-11-14T07:58:26.609+0000] {logging_mixin.py:190} INFO - [2024-11-14T07:58:26.609+0000] {dag.py:4180} INFO - Setting next_dagrun for example_xcom_args_with_operators to None, run_after=None
[2024-11-14T07:58:26.656+0000] {processor.py:208} INFO - Processing /home/ubuntu/airflow-venv/lib/python3.12/site-packages/airflow/example_dags/example_xcomargs.py took 0.146 seconds
[2024-11-14T07:59:26.675+0000] {processor.py:186} INFO - Started process (PID=5261) to work on /home/ubuntu/airflow-venv/lib/python3.12/site-packages/airflow/example_dags/example_xcomargs.py
[2024-11-14T07:59:26.679+0000] {processor.py:914} INFO - Processing file /home/ubuntu/airflow-venv/lib/python3.12/site-packages/airflow/example_dags/example_xcomargs.py for tasks to queue
[2024-11-14T07:59:26.681+0000] {logging_mixin.py:190} INFO - [2024-11-14T07:59:26.681+0000] {dagbag.py:588} INFO - Filling up the DagBag from /home/ubuntu/airflow-venv/lib/python3.12/site-packages/airflow/example_dags/example_xcomargs.py
[2024-11-14T07:59:26.702+0000] {processor.py:925} INFO - DAG(s) 'example_xcom_args_with_operators', 'example_xcom_args' retrieved from /home/ubuntu/airflow-venv/lib/python3.12/site-packages/airflow/example_dags/example_xcomargs.py
[2024-11-14T07:59:26.727+0000] {logging_mixin.py:190} INFO - [2024-11-14T07:59:26.727+0000] {dag.py:3239} INFO - Sync 2 DAGs
[2024-11-14T07:59:26.742+0000] {logging_mixin.py:190} INFO - [2024-11-14T07:59:26.742+0000] {dag.py:4180} INFO - Setting next_dagrun for example_xcom_args to None, run_after=None
[2024-11-14T07:59:26.746+0000] {logging_mixin.py:190} INFO - [2024-11-14T07:59:26.745+0000] {dag.py:4180} INFO - Setting next_dagrun for example_xcom_args_with_operators to None, run_after=None
[2024-11-14T07:59:26.786+0000] {processor.py:208} INFO - Processing /home/ubuntu/airflow-venv/lib/python3.12/site-packages/airflow/example_dags/example_xcomargs.py took 0.123 seconds
[2024-11-14T08:00:26.806+0000] {processor.py:186} INFO - Started process (PID=5323) to work on /home/ubuntu/airflow-venv/lib/python3.12/site-packages/airflow/example_dags/example_xcomargs.py
[2024-11-14T08:00:26.807+0000] {processor.py:914} INFO - Processing file /home/ubuntu/airflow-venv/lib/python3.12/site-packages/airflow/example_dags/example_xcomargs.py for tasks to queue
[2024-11-14T08:00:26.809+0000] {logging_mixin.py:190} INFO - [2024-11-14T08:00:26.808+0000] {dagbag.py:588} INFO - Filling up the DagBag from /home/ubuntu/airflow-venv/lib/python3.12/site-packages/airflow/example_dags/example_xcomargs.py
[2024-11-14T08:00:26.821+0000] {processor.py:925} INFO - DAG(s) 'example_xcom_args', 'example_xcom_args_with_operators' retrieved from /home/ubuntu/airflow-venv/lib/python3.12/site-packages/airflow/example_dags/example_xcomargs.py
[2024-11-14T08:00:26.854+0000] {logging_mixin.py:190} INFO - [2024-11-14T08:00:26.854+0000] {dag.py:3239} INFO - Sync 2 DAGs
[2024-11-14T08:00:26.869+0000] {logging_mixin.py:190} INFO - [2024-11-14T08:00:26.869+0000] {dag.py:4180} INFO - Setting next_dagrun for example_xcom_args to None, run_after=None
[2024-11-14T08:00:26.872+0000] {logging_mixin.py:190} INFO - [2024-11-14T08:00:26.872+0000] {dag.py:4180} INFO - Setting next_dagrun for example_xcom_args_with_operators to None, run_after=None
[2024-11-14T08:00:26.896+0000] {processor.py:208} INFO - Processing /home/ubuntu/airflow-venv/lib/python3.12/site-packages/airflow/example_dags/example_xcomargs.py took 0.096 seconds
[2024-11-14T08:01:26.956+0000] {processor.py:186} INFO - Started process (PID=5387) to work on /home/ubuntu/airflow-venv/lib/python3.12/site-packages/airflow/example_dags/example_xcomargs.py
[2024-11-14T08:01:26.958+0000] {processor.py:914} INFO - Processing file /home/ubuntu/airflow-venv/lib/python3.12/site-packages/airflow/example_dags/example_xcomargs.py for tasks to queue
[2024-11-14T08:01:26.959+0000] {logging_mixin.py:190} INFO - [2024-11-14T08:01:26.959+0000] {dagbag.py:588} INFO - Filling up the DagBag from /home/ubuntu/airflow-venv/lib/python3.12/site-packages/airflow/example_dags/example_xcomargs.py
[2024-11-14T08:01:26.979+0000] {processor.py:925} INFO - DAG(s) 'example_xcom_args_with_operators', 'example_xcom_args' retrieved from /home/ubuntu/airflow-venv/lib/python3.12/site-packages/airflow/example_dags/example_xcomargs.py
[2024-11-14T08:01:27.003+0000] {logging_mixin.py:190} INFO - [2024-11-14T08:01:27.003+0000] {dag.py:3239} INFO - Sync 2 DAGs
[2024-11-14T08:01:27.019+0000] {logging_mixin.py:190} INFO - [2024-11-14T08:01:27.019+0000] {dag.py:4180} INFO - Setting next_dagrun for example_xcom_args to None, run_after=None
[2024-11-14T08:01:27.025+0000] {logging_mixin.py:190} INFO - [2024-11-14T08:01:27.025+0000] {dag.py:4180} INFO - Setting next_dagrun for example_xcom_args_with_operators to None, run_after=None
[2024-11-14T08:01:27.078+0000] {processor.py:208} INFO - Processing /home/ubuntu/airflow-venv/lib/python3.12/site-packages/airflow/example_dags/example_xcomargs.py took 0.129 seconds
[2024-11-14T08:02:25.949+0000] {processor.py:186} INFO - Started process (PID=5449) to work on /home/ubuntu/airflow-venv/lib/python3.12/site-packages/airflow/example_dags/example_xcomargs.py
[2024-11-14T08:02:25.950+0000] {processor.py:914} INFO - Processing file /home/ubuntu/airflow-venv/lib/python3.12/site-packages/airflow/example_dags/example_xcomargs.py for tasks to queue
[2024-11-14T08:02:25.952+0000] {logging_mixin.py:190} INFO - [2024-11-14T08:02:25.951+0000] {dagbag.py:588} INFO - Filling up the DagBag from /home/ubuntu/airflow-venv/lib/python3.12/site-packages/airflow/example_dags/example_xcomargs.py
[2024-11-14T08:02:25.964+0000] {processor.py:925} INFO - DAG(s) 'example_xcom_args_with_operators', 'example_xcom_args' retrieved from /home/ubuntu/airflow-venv/lib/python3.12/site-packages/airflow/example_dags/example_xcomargs.py
[2024-11-14T08:02:25.985+0000] {logging_mixin.py:190} INFO - [2024-11-14T08:02:25.985+0000] {dag.py:3239} INFO - Sync 2 DAGs
[2024-11-14T08:02:26.000+0000] {logging_mixin.py:190} INFO - [2024-11-14T08:02:26.000+0000] {dag.py:4180} INFO - Setting next_dagrun for example_xcom_args to None, run_after=None
[2024-11-14T08:02:26.004+0000] {logging_mixin.py:190} INFO - [2024-11-14T08:02:26.004+0000] {dag.py:4180} INFO - Setting next_dagrun for example_xcom_args_with_operators to None, run_after=None
[2024-11-14T08:02:26.035+0000] {processor.py:208} INFO - Processing /home/ubuntu/airflow-venv/lib/python3.12/site-packages/airflow/example_dags/example_xcomargs.py took 0.092 seconds
