[2024-11-14T07:40:52.129+0000] {processor.py:186} INFO - Started process (PID=3694) to work on /home/ubuntu/airflow-venv/lib/python3.12/site-packages/airflow/example_dags/example_short_circuit_decorator.py
[2024-11-14T07:40:52.130+0000] {processor.py:914} INFO - Processing file /home/ubuntu/airflow-venv/lib/python3.12/site-packages/airflow/example_dags/example_short_circuit_decorator.py for tasks to queue
[2024-11-14T07:40:52.132+0000] {logging_mixin.py:190} INFO - [2024-11-14T07:40:52.132+0000] {dagbag.py:588} INFO - Filling up the DagBag from /home/ubuntu/airflow-venv/lib/python3.12/site-packages/airflow/example_dags/example_short_circuit_decorator.py
[2024-11-14T07:40:52.145+0000] {processor.py:925} INFO - DAG(s) 'example_short_circuit_decorator' retrieved from /home/ubuntu/airflow-venv/lib/python3.12/site-packages/airflow/example_dags/example_short_circuit_decorator.py
[2024-11-14T07:40:52.281+0000] {logging_mixin.py:190} INFO - [2024-11-14T07:40:52.280+0000] {override.py:1911} INFO - Created Permission View: can delete on DAG:example_short_circuit_decorator
[2024-11-14T07:40:52.305+0000] {logging_mixin.py:190} INFO - [2024-11-14T07:40:52.304+0000] {override.py:1911} INFO - Created Permission View: can read on DAG:example_short_circuit_decorator
[2024-11-14T07:40:52.315+0000] {logging_mixin.py:190} INFO - [2024-11-14T07:40:52.314+0000] {override.py:1911} INFO - Created Permission View: can edit on DAG:example_short_circuit_decorator
[2024-11-14T07:40:52.331+0000] {logging_mixin.py:190} INFO - [2024-11-14T07:40:52.331+0000] {override.py:1911} INFO - Created Permission View: can delete on DAG Run:example_short_circuit_decorator
[2024-11-14T07:40:52.341+0000] {logging_mixin.py:190} INFO - [2024-11-14T07:40:52.340+0000] {override.py:1911} INFO - Created Permission View: can create on DAG Run:example_short_circuit_decorator
[2024-11-14T07:40:52.351+0000] {logging_mixin.py:190} INFO - [2024-11-14T07:40:52.351+0000] {override.py:1911} INFO - Created Permission View: can read on DAG Run:example_short_circuit_decorator
[2024-11-14T07:40:52.361+0000] {logging_mixin.py:190} INFO - [2024-11-14T07:40:52.361+0000] {override.py:1911} INFO - Created Permission View: menu access on DAG Run:example_short_circuit_decorator
[2024-11-14T07:40:52.361+0000] {logging_mixin.py:190} INFO - [2024-11-14T07:40:52.361+0000] {dag.py:3239} INFO - Sync 1 DAGs
[2024-11-14T07:40:52.373+0000] {logging_mixin.py:190} INFO - [2024-11-14T07:40:52.372+0000] {dag.py:3262} INFO - Creating ORM DAG for example_short_circuit_decorator
[2024-11-14T07:40:52.373+0000] {logging_mixin.py:190} INFO - [2024-11-14T07:40:52.373+0000] {dag.py:4180} INFO - Setting next_dagrun for example_short_circuit_decorator to None, run_after=None
[2024-11-14T07:40:52.396+0000] {processor.py:208} INFO - Processing /home/ubuntu/airflow-venv/lib/python3.12/site-packages/airflow/example_dags/example_short_circuit_decorator.py took 0.272 seconds
[2024-11-14T07:41:58.501+0000] {processor.py:186} INFO - Started process (PID=3754) to work on /home/ubuntu/airflow-venv/lib/python3.12/site-packages/airflow/example_dags/example_short_circuit_decorator.py
[2024-11-14T07:41:58.503+0000] {processor.py:914} INFO - Processing file /home/ubuntu/airflow-venv/lib/python3.12/site-packages/airflow/example_dags/example_short_circuit_decorator.py for tasks to queue
[2024-11-14T07:41:58.505+0000] {logging_mixin.py:190} INFO - [2024-11-14T07:41:58.505+0000] {dagbag.py:588} INFO - Filling up the DagBag from /home/ubuntu/airflow-venv/lib/python3.12/site-packages/airflow/example_dags/example_short_circuit_decorator.py
[2024-11-14T07:41:58.517+0000] {processor.py:925} INFO - DAG(s) 'example_short_circuit_decorator' retrieved from /home/ubuntu/airflow-venv/lib/python3.12/site-packages/airflow/example_dags/example_short_circuit_decorator.py
[2024-11-14T07:41:58.538+0000] {logging_mixin.py:190} INFO - [2024-11-14T07:41:58.538+0000] {dag.py:3239} INFO - Sync 1 DAGs
[2024-11-14T07:41:58.551+0000] {logging_mixin.py:190} INFO - [2024-11-14T07:41:58.551+0000] {dag.py:4180} INFO - Setting next_dagrun for example_short_circuit_decorator to None, run_after=None
[2024-11-14T07:41:58.574+0000] {processor.py:208} INFO - Processing /home/ubuntu/airflow-venv/lib/python3.12/site-packages/airflow/example_dags/example_short_circuit_decorator.py took 0.079 seconds
[2024-11-14T07:42:54.688+0000] {processor.py:186} INFO - Started process (PID=3812) to work on /home/ubuntu/airflow-venv/lib/python3.12/site-packages/airflow/example_dags/example_short_circuit_decorator.py
[2024-11-14T07:42:54.690+0000] {processor.py:914} INFO - Processing file /home/ubuntu/airflow-venv/lib/python3.12/site-packages/airflow/example_dags/example_short_circuit_decorator.py for tasks to queue
[2024-11-14T07:42:54.693+0000] {logging_mixin.py:190} INFO - [2024-11-14T07:42:54.692+0000] {dagbag.py:588} INFO - Filling up the DagBag from /home/ubuntu/airflow-venv/lib/python3.12/site-packages/airflow/example_dags/example_short_circuit_decorator.py
[2024-11-14T07:42:54.706+0000] {processor.py:925} INFO - DAG(s) 'example_short_circuit_decorator' retrieved from /home/ubuntu/airflow-venv/lib/python3.12/site-packages/airflow/example_dags/example_short_circuit_decorator.py
[2024-11-14T07:42:54.729+0000] {logging_mixin.py:190} INFO - [2024-11-14T07:42:54.729+0000] {dag.py:3239} INFO - Sync 1 DAGs
[2024-11-14T07:42:54.745+0000] {logging_mixin.py:190} INFO - [2024-11-14T07:42:54.745+0000] {dag.py:4180} INFO - Setting next_dagrun for example_short_circuit_decorator to None, run_after=None
[2024-11-14T07:42:54.770+0000] {processor.py:208} INFO - Processing /home/ubuntu/airflow-venv/lib/python3.12/site-packages/airflow/example_dags/example_short_circuit_decorator.py took 0.088 seconds
[2024-11-14T07:43:48.677+0000] {processor.py:186} INFO - Started process (PID=3866) to work on /home/ubuntu/airflow-venv/lib/python3.12/site-packages/airflow/example_dags/example_short_circuit_decorator.py
[2024-11-14T07:43:48.678+0000] {processor.py:914} INFO - Processing file /home/ubuntu/airflow-venv/lib/python3.12/site-packages/airflow/example_dags/example_short_circuit_decorator.py for tasks to queue
[2024-11-14T07:43:48.681+0000] {logging_mixin.py:190} INFO - [2024-11-14T07:43:48.681+0000] {dagbag.py:588} INFO - Filling up the DagBag from /home/ubuntu/airflow-venv/lib/python3.12/site-packages/airflow/example_dags/example_short_circuit_decorator.py
[2024-11-14T07:43:48.699+0000] {processor.py:925} INFO - DAG(s) 'example_short_circuit_decorator' retrieved from /home/ubuntu/airflow-venv/lib/python3.12/site-packages/airflow/example_dags/example_short_circuit_decorator.py
[2024-11-14T07:43:48.726+0000] {logging_mixin.py:190} INFO - [2024-11-14T07:43:48.726+0000] {dag.py:3239} INFO - Sync 1 DAGs
[2024-11-14T07:43:48.740+0000] {logging_mixin.py:190} INFO - [2024-11-14T07:43:48.740+0000] {dag.py:4180} INFO - Setting next_dagrun for example_short_circuit_decorator to None, run_after=None
[2024-11-14T07:43:48.763+0000] {processor.py:208} INFO - Processing /home/ubuntu/airflow-venv/lib/python3.12/site-packages/airflow/example_dags/example_short_circuit_decorator.py took 0.093 seconds
[2024-11-14T07:44:46.810+0000] {processor.py:186} INFO - Started process (PID=3922) to work on /home/ubuntu/airflow-venv/lib/python3.12/site-packages/airflow/example_dags/example_short_circuit_decorator.py
[2024-11-14T07:44:46.814+0000] {processor.py:914} INFO - Processing file /home/ubuntu/airflow-venv/lib/python3.12/site-packages/airflow/example_dags/example_short_circuit_decorator.py for tasks to queue
[2024-11-14T07:44:46.820+0000] {logging_mixin.py:190} INFO - [2024-11-14T07:44:46.820+0000] {dagbag.py:588} INFO - Filling up the DagBag from /home/ubuntu/airflow-venv/lib/python3.12/site-packages/airflow/example_dags/example_short_circuit_decorator.py
[2024-11-14T07:44:46.846+0000] {processor.py:925} INFO - DAG(s) 'example_short_circuit_decorator' retrieved from /home/ubuntu/airflow-venv/lib/python3.12/site-packages/airflow/example_dags/example_short_circuit_decorator.py
[2024-11-14T07:44:46.869+0000] {logging_mixin.py:190} INFO - [2024-11-14T07:44:46.868+0000] {dag.py:3239} INFO - Sync 1 DAGs
[2024-11-14T07:44:46.891+0000] {logging_mixin.py:190} INFO - [2024-11-14T07:44:46.890+0000] {dag.py:4180} INFO - Setting next_dagrun for example_short_circuit_decorator to None, run_after=None
[2024-11-14T07:44:46.925+0000] {processor.py:208} INFO - Processing /home/ubuntu/airflow-venv/lib/python3.12/site-packages/airflow/example_dags/example_short_circuit_decorator.py took 0.136 seconds
[2024-11-14T07:45:42.816+0000] {processor.py:186} INFO - Started process (PID=3982) to work on /home/ubuntu/airflow-venv/lib/python3.12/site-packages/airflow/example_dags/example_short_circuit_decorator.py
[2024-11-14T07:45:42.817+0000] {processor.py:914} INFO - Processing file /home/ubuntu/airflow-venv/lib/python3.12/site-packages/airflow/example_dags/example_short_circuit_decorator.py for tasks to queue
[2024-11-14T07:45:42.820+0000] {logging_mixin.py:190} INFO - [2024-11-14T07:45:42.819+0000] {dagbag.py:588} INFO - Filling up the DagBag from /home/ubuntu/airflow-venv/lib/python3.12/site-packages/airflow/example_dags/example_short_circuit_decorator.py
[2024-11-14T07:45:42.831+0000] {processor.py:925} INFO - DAG(s) 'example_short_circuit_decorator' retrieved from /home/ubuntu/airflow-venv/lib/python3.12/site-packages/airflow/example_dags/example_short_circuit_decorator.py
[2024-11-14T07:45:42.858+0000] {logging_mixin.py:190} INFO - [2024-11-14T07:45:42.857+0000] {dag.py:3239} INFO - Sync 1 DAGs
[2024-11-14T07:45:42.872+0000] {logging_mixin.py:190} INFO - [2024-11-14T07:45:42.871+0000] {dag.py:4180} INFO - Setting next_dagrun for example_short_circuit_decorator to None, run_after=None
[2024-11-14T07:45:42.896+0000] {processor.py:208} INFO - Processing /home/ubuntu/airflow-venv/lib/python3.12/site-packages/airflow/example_dags/example_short_circuit_decorator.py took 0.086 seconds
[2024-11-14T07:46:34.854+0000] {processor.py:186} INFO - Started process (PID=4042) to work on /home/ubuntu/airflow-venv/lib/python3.12/site-packages/airflow/example_dags/example_short_circuit_decorator.py
[2024-11-14T07:46:34.855+0000] {processor.py:914} INFO - Processing file /home/ubuntu/airflow-venv/lib/python3.12/site-packages/airflow/example_dags/example_short_circuit_decorator.py for tasks to queue
[2024-11-14T07:46:34.857+0000] {logging_mixin.py:190} INFO - [2024-11-14T07:46:34.857+0000] {dagbag.py:588} INFO - Filling up the DagBag from /home/ubuntu/airflow-venv/lib/python3.12/site-packages/airflow/example_dags/example_short_circuit_decorator.py
[2024-11-14T07:46:34.868+0000] {processor.py:925} INFO - DAG(s) 'example_short_circuit_decorator' retrieved from /home/ubuntu/airflow-venv/lib/python3.12/site-packages/airflow/example_dags/example_short_circuit_decorator.py
[2024-11-14T07:46:34.889+0000] {logging_mixin.py:190} INFO - [2024-11-14T07:46:34.889+0000] {dag.py:3239} INFO - Sync 1 DAGs
[2024-11-14T07:46:34.905+0000] {logging_mixin.py:190} INFO - [2024-11-14T07:46:34.904+0000] {dag.py:4180} INFO - Setting next_dagrun for example_short_circuit_decorator to None, run_after=None
[2024-11-14T07:46:34.948+0000] {processor.py:208} INFO - Processing /home/ubuntu/airflow-venv/lib/python3.12/site-packages/airflow/example_dags/example_short_circuit_decorator.py took 0.100 seconds
[2024-11-14T07:47:30.067+0000] {processor.py:186} INFO - Started process (PID=4257) to work on /home/ubuntu/airflow-venv/lib/python3.12/site-packages/airflow/example_dags/example_short_circuit_decorator.py
[2024-11-14T07:47:30.069+0000] {processor.py:914} INFO - Processing file /home/ubuntu/airflow-venv/lib/python3.12/site-packages/airflow/example_dags/example_short_circuit_decorator.py for tasks to queue
[2024-11-14T07:47:30.071+0000] {logging_mixin.py:190} INFO - [2024-11-14T07:47:30.071+0000] {dagbag.py:588} INFO - Filling up the DagBag from /home/ubuntu/airflow-venv/lib/python3.12/site-packages/airflow/example_dags/example_short_circuit_decorator.py
[2024-11-14T07:47:30.092+0000] {processor.py:925} INFO - DAG(s) 'example_short_circuit_decorator' retrieved from /home/ubuntu/airflow-venv/lib/python3.12/site-packages/airflow/example_dags/example_short_circuit_decorator.py
[2024-11-14T07:47:30.127+0000] {logging_mixin.py:190} INFO - [2024-11-14T07:47:30.127+0000] {dag.py:3239} INFO - Sync 1 DAGs
[2024-11-14T07:47:30.148+0000] {logging_mixin.py:190} INFO - [2024-11-14T07:47:30.148+0000] {dag.py:4180} INFO - Setting next_dagrun for example_short_circuit_decorator to None, run_after=None
[2024-11-14T07:47:30.183+0000] {processor.py:208} INFO - Processing /home/ubuntu/airflow-venv/lib/python3.12/site-packages/airflow/example_dags/example_short_circuit_decorator.py took 0.124 seconds
[2024-11-14T07:48:33.049+0000] {processor.py:186} INFO - Started process (PID=4601) to work on /home/ubuntu/airflow-venv/lib/python3.12/site-packages/airflow/example_dags/example_short_circuit_decorator.py
[2024-11-14T07:48:33.050+0000] {processor.py:914} INFO - Processing file /home/ubuntu/airflow-venv/lib/python3.12/site-packages/airflow/example_dags/example_short_circuit_decorator.py for tasks to queue
[2024-11-14T07:48:33.054+0000] {logging_mixin.py:190} INFO - [2024-11-14T07:48:33.054+0000] {dagbag.py:588} INFO - Filling up the DagBag from /home/ubuntu/airflow-venv/lib/python3.12/site-packages/airflow/example_dags/example_short_circuit_decorator.py
[2024-11-14T07:48:33.077+0000] {processor.py:925} INFO - DAG(s) 'example_short_circuit_decorator' retrieved from /home/ubuntu/airflow-venv/lib/python3.12/site-packages/airflow/example_dags/example_short_circuit_decorator.py
[2024-11-14T07:48:33.112+0000] {logging_mixin.py:190} INFO - [2024-11-14T07:48:33.112+0000] {dag.py:3239} INFO - Sync 1 DAGs
[2024-11-14T07:48:33.130+0000] {logging_mixin.py:190} INFO - [2024-11-14T07:48:33.130+0000] {dag.py:4180} INFO - Setting next_dagrun for example_short_circuit_decorator to None, run_after=None
[2024-11-14T07:48:33.167+0000] {processor.py:208} INFO - Processing /home/ubuntu/airflow-venv/lib/python3.12/site-packages/airflow/example_dags/example_short_circuit_decorator.py took 0.131 seconds
[2024-11-14T07:49:36.970+0000] {processor.py:186} INFO - Started process (PID=4661) to work on /home/ubuntu/airflow-venv/lib/python3.12/site-packages/airflow/example_dags/example_short_circuit_decorator.py
[2024-11-14T07:49:36.972+0000] {processor.py:914} INFO - Processing file /home/ubuntu/airflow-venv/lib/python3.12/site-packages/airflow/example_dags/example_short_circuit_decorator.py for tasks to queue
[2024-11-14T07:49:36.975+0000] {logging_mixin.py:190} INFO - [2024-11-14T07:49:36.975+0000] {dagbag.py:588} INFO - Filling up the DagBag from /home/ubuntu/airflow-venv/lib/python3.12/site-packages/airflow/example_dags/example_short_circuit_decorator.py
[2024-11-14T07:49:36.990+0000] {processor.py:925} INFO - DAG(s) 'example_short_circuit_decorator' retrieved from /home/ubuntu/airflow-venv/lib/python3.12/site-packages/airflow/example_dags/example_short_circuit_decorator.py
[2024-11-14T07:49:37.038+0000] {logging_mixin.py:190} INFO - [2024-11-14T07:49:37.038+0000] {dag.py:3239} INFO - Sync 1 DAGs
[2024-11-14T07:49:37.061+0000] {logging_mixin.py:190} INFO - [2024-11-14T07:49:37.061+0000] {dag.py:4180} INFO - Setting next_dagrun for example_short_circuit_decorator to None, run_after=None
[2024-11-14T07:49:37.094+0000] {processor.py:208} INFO - Processing /home/ubuntu/airflow-venv/lib/python3.12/site-packages/airflow/example_dags/example_short_circuit_decorator.py took 0.132 seconds
[2024-11-14T07:50:37.304+0000] {processor.py:186} INFO - Started process (PID=4725) to work on /home/ubuntu/airflow-venv/lib/python3.12/site-packages/airflow/example_dags/example_short_circuit_decorator.py
[2024-11-14T07:50:37.306+0000] {processor.py:914} INFO - Processing file /home/ubuntu/airflow-venv/lib/python3.12/site-packages/airflow/example_dags/example_short_circuit_decorator.py for tasks to queue
[2024-11-14T07:50:37.307+0000] {logging_mixin.py:190} INFO - [2024-11-14T07:50:37.307+0000] {dagbag.py:588} INFO - Filling up the DagBag from /home/ubuntu/airflow-venv/lib/python3.12/site-packages/airflow/example_dags/example_short_circuit_decorator.py
[2024-11-14T07:50:37.319+0000] {processor.py:925} INFO - DAG(s) 'example_short_circuit_decorator' retrieved from /home/ubuntu/airflow-venv/lib/python3.12/site-packages/airflow/example_dags/example_short_circuit_decorator.py
[2024-11-14T07:50:37.339+0000] {logging_mixin.py:190} INFO - [2024-11-14T07:50:37.339+0000] {dag.py:3239} INFO - Sync 1 DAGs
[2024-11-14T07:50:37.353+0000] {logging_mixin.py:190} INFO - [2024-11-14T07:50:37.353+0000] {dag.py:4180} INFO - Setting next_dagrun for example_short_circuit_decorator to None, run_after=None
[2024-11-14T07:50:37.377+0000] {processor.py:208} INFO - Processing /home/ubuntu/airflow-venv/lib/python3.12/site-packages/airflow/example_dags/example_short_circuit_decorator.py took 0.079 seconds
[2024-11-14T07:51:41.359+0000] {processor.py:186} INFO - Started process (PID=4788) to work on /home/ubuntu/airflow-venv/lib/python3.12/site-packages/airflow/example_dags/example_short_circuit_decorator.py
[2024-11-14T07:51:41.361+0000] {processor.py:914} INFO - Processing file /home/ubuntu/airflow-venv/lib/python3.12/site-packages/airflow/example_dags/example_short_circuit_decorator.py for tasks to queue
[2024-11-14T07:51:41.362+0000] {logging_mixin.py:190} INFO - [2024-11-14T07:51:41.362+0000] {dagbag.py:588} INFO - Filling up the DagBag from /home/ubuntu/airflow-venv/lib/python3.12/site-packages/airflow/example_dags/example_short_circuit_decorator.py
[2024-11-14T07:51:41.374+0000] {processor.py:925} INFO - DAG(s) 'example_short_circuit_decorator' retrieved from /home/ubuntu/airflow-venv/lib/python3.12/site-packages/airflow/example_dags/example_short_circuit_decorator.py
[2024-11-14T07:51:41.395+0000] {logging_mixin.py:190} INFO - [2024-11-14T07:51:41.395+0000] {dag.py:3239} INFO - Sync 1 DAGs
[2024-11-14T07:51:41.410+0000] {logging_mixin.py:190} INFO - [2024-11-14T07:51:41.409+0000] {dag.py:4180} INFO - Setting next_dagrun for example_short_circuit_decorator to None, run_after=None
[2024-11-14T07:51:41.433+0000] {processor.py:208} INFO - Processing /home/ubuntu/airflow-venv/lib/python3.12/site-packages/airflow/example_dags/example_short_circuit_decorator.py took 0.084 seconds
[2024-11-14T07:52:42.218+0000] {processor.py:186} INFO - Started process (PID=4848) to work on /home/ubuntu/airflow-venv/lib/python3.12/site-packages/airflow/example_dags/example_short_circuit_decorator.py
[2024-11-14T07:52:42.220+0000] {processor.py:914} INFO - Processing file /home/ubuntu/airflow-venv/lib/python3.12/site-packages/airflow/example_dags/example_short_circuit_decorator.py for tasks to queue
[2024-11-14T07:52:42.221+0000] {logging_mixin.py:190} INFO - [2024-11-14T07:52:42.221+0000] {dagbag.py:588} INFO - Filling up the DagBag from /home/ubuntu/airflow-venv/lib/python3.12/site-packages/airflow/example_dags/example_short_circuit_decorator.py
[2024-11-14T07:52:42.240+0000] {processor.py:925} INFO - DAG(s) 'example_short_circuit_decorator' retrieved from /home/ubuntu/airflow-venv/lib/python3.12/site-packages/airflow/example_dags/example_short_circuit_decorator.py
[2024-11-14T07:52:42.267+0000] {logging_mixin.py:190} INFO - [2024-11-14T07:52:42.267+0000] {dag.py:3239} INFO - Sync 1 DAGs
[2024-11-14T07:52:42.285+0000] {logging_mixin.py:190} INFO - [2024-11-14T07:52:42.284+0000] {dag.py:4180} INFO - Setting next_dagrun for example_short_circuit_decorator to None, run_after=None
[2024-11-14T07:52:42.320+0000] {processor.py:208} INFO - Processing /home/ubuntu/airflow-venv/lib/python3.12/site-packages/airflow/example_dags/example_short_circuit_decorator.py took 0.111 seconds
[2024-11-14T07:53:39.275+0000] {processor.py:186} INFO - Started process (PID=4908) to work on /home/ubuntu/airflow-venv/lib/python3.12/site-packages/airflow/example_dags/example_short_circuit_decorator.py
[2024-11-14T07:53:39.278+0000] {processor.py:914} INFO - Processing file /home/ubuntu/airflow-venv/lib/python3.12/site-packages/airflow/example_dags/example_short_circuit_decorator.py for tasks to queue
[2024-11-14T07:53:39.281+0000] {logging_mixin.py:190} INFO - [2024-11-14T07:53:39.281+0000] {dagbag.py:588} INFO - Filling up the DagBag from /home/ubuntu/airflow-venv/lib/python3.12/site-packages/airflow/example_dags/example_short_circuit_decorator.py
[2024-11-14T07:53:39.296+0000] {processor.py:925} INFO - DAG(s) 'example_short_circuit_decorator' retrieved from /home/ubuntu/airflow-venv/lib/python3.12/site-packages/airflow/example_dags/example_short_circuit_decorator.py
[2024-11-14T07:53:39.318+0000] {logging_mixin.py:190} INFO - [2024-11-14T07:53:39.317+0000] {dag.py:3239} INFO - Sync 1 DAGs
[2024-11-14T07:53:39.332+0000] {logging_mixin.py:190} INFO - [2024-11-14T07:53:39.332+0000] {dag.py:4180} INFO - Setting next_dagrun for example_short_circuit_decorator to None, run_after=None
[2024-11-14T07:53:39.359+0000] {processor.py:208} INFO - Processing /home/ubuntu/airflow-venv/lib/python3.12/site-packages/airflow/example_dags/example_short_circuit_decorator.py took 0.099 seconds
[2024-11-14T07:54:41.635+0000] {processor.py:186} INFO - Started process (PID=4970) to work on /home/ubuntu/airflow-venv/lib/python3.12/site-packages/airflow/example_dags/example_short_circuit_decorator.py
[2024-11-14T07:54:41.640+0000] {processor.py:914} INFO - Processing file /home/ubuntu/airflow-venv/lib/python3.12/site-packages/airflow/example_dags/example_short_circuit_decorator.py for tasks to queue
[2024-11-14T07:54:41.642+0000] {logging_mixin.py:190} INFO - [2024-11-14T07:54:41.642+0000] {dagbag.py:588} INFO - Filling up the DagBag from /home/ubuntu/airflow-venv/lib/python3.12/site-packages/airflow/example_dags/example_short_circuit_decorator.py
[2024-11-14T07:54:41.654+0000] {processor.py:925} INFO - DAG(s) 'example_short_circuit_decorator' retrieved from /home/ubuntu/airflow-venv/lib/python3.12/site-packages/airflow/example_dags/example_short_circuit_decorator.py
[2024-11-14T07:54:41.675+0000] {logging_mixin.py:190} INFO - [2024-11-14T07:54:41.675+0000] {dag.py:3239} INFO - Sync 1 DAGs
[2024-11-14T07:54:41.690+0000] {logging_mixin.py:190} INFO - [2024-11-14T07:54:41.689+0000] {dag.py:4180} INFO - Setting next_dagrun for example_short_circuit_decorator to None, run_after=None
[2024-11-14T07:54:41.713+0000] {processor.py:208} INFO - Processing /home/ubuntu/airflow-venv/lib/python3.12/site-packages/airflow/example_dags/example_short_circuit_decorator.py took 0.091 seconds
[2024-11-14T07:55:40.360+0000] {processor.py:186} INFO - Started process (PID=5033) to work on /home/ubuntu/airflow-venv/lib/python3.12/site-packages/airflow/example_dags/example_short_circuit_decorator.py
[2024-11-14T07:55:40.363+0000] {processor.py:914} INFO - Processing file /home/ubuntu/airflow-venv/lib/python3.12/site-packages/airflow/example_dags/example_short_circuit_decorator.py for tasks to queue
[2024-11-14T07:55:40.365+0000] {logging_mixin.py:190} INFO - [2024-11-14T07:55:40.364+0000] {dagbag.py:588} INFO - Filling up the DagBag from /home/ubuntu/airflow-venv/lib/python3.12/site-packages/airflow/example_dags/example_short_circuit_decorator.py
[2024-11-14T07:55:40.383+0000] {processor.py:925} INFO - DAG(s) 'example_short_circuit_decorator' retrieved from /home/ubuntu/airflow-venv/lib/python3.12/site-packages/airflow/example_dags/example_short_circuit_decorator.py
[2024-11-14T07:55:40.425+0000] {logging_mixin.py:190} INFO - [2024-11-14T07:55:40.425+0000] {dag.py:3239} INFO - Sync 1 DAGs
[2024-11-14T07:55:40.451+0000] {logging_mixin.py:190} INFO - [2024-11-14T07:55:40.451+0000] {dag.py:4180} INFO - Setting next_dagrun for example_short_circuit_decorator to None, run_after=None
[2024-11-14T07:55:40.493+0000] {processor.py:208} INFO - Processing /home/ubuntu/airflow-venv/lib/python3.12/site-packages/airflow/example_dags/example_short_circuit_decorator.py took 0.143 seconds
[2024-11-14T07:56:41.503+0000] {processor.py:186} INFO - Started process (PID=5094) to work on /home/ubuntu/airflow-venv/lib/python3.12/site-packages/airflow/example_dags/example_short_circuit_decorator.py
[2024-11-14T07:56:41.505+0000] {processor.py:914} INFO - Processing file /home/ubuntu/airflow-venv/lib/python3.12/site-packages/airflow/example_dags/example_short_circuit_decorator.py for tasks to queue
[2024-11-14T07:56:41.506+0000] {logging_mixin.py:190} INFO - [2024-11-14T07:56:41.506+0000] {dagbag.py:588} INFO - Filling up the DagBag from /home/ubuntu/airflow-venv/lib/python3.12/site-packages/airflow/example_dags/example_short_circuit_decorator.py
[2024-11-14T07:56:41.518+0000] {processor.py:925} INFO - DAG(s) 'example_short_circuit_decorator' retrieved from /home/ubuntu/airflow-venv/lib/python3.12/site-packages/airflow/example_dags/example_short_circuit_decorator.py
[2024-11-14T07:56:41.539+0000] {logging_mixin.py:190} INFO - [2024-11-14T07:56:41.539+0000] {dag.py:3239} INFO - Sync 1 DAGs
[2024-11-14T07:56:41.553+0000] {logging_mixin.py:190} INFO - [2024-11-14T07:56:41.552+0000] {dag.py:4180} INFO - Setting next_dagrun for example_short_circuit_decorator to None, run_after=None
[2024-11-14T07:56:41.580+0000] {processor.py:208} INFO - Processing /home/ubuntu/airflow-venv/lib/python3.12/site-packages/airflow/example_dags/example_short_circuit_decorator.py took 0.083 seconds
[2024-11-14T07:57:41.430+0000] {processor.py:186} INFO - Started process (PID=5156) to work on /home/ubuntu/airflow-venv/lib/python3.12/site-packages/airflow/example_dags/example_short_circuit_decorator.py
[2024-11-14T07:57:41.433+0000] {processor.py:914} INFO - Processing file /home/ubuntu/airflow-venv/lib/python3.12/site-packages/airflow/example_dags/example_short_circuit_decorator.py for tasks to queue
[2024-11-14T07:57:41.434+0000] {logging_mixin.py:190} INFO - [2024-11-14T07:57:41.433+0000] {dagbag.py:588} INFO - Filling up the DagBag from /home/ubuntu/airflow-venv/lib/python3.12/site-packages/airflow/example_dags/example_short_circuit_decorator.py
[2024-11-14T07:57:41.446+0000] {processor.py:925} INFO - DAG(s) 'example_short_circuit_decorator' retrieved from /home/ubuntu/airflow-venv/lib/python3.12/site-packages/airflow/example_dags/example_short_circuit_decorator.py
[2024-11-14T07:57:41.467+0000] {logging_mixin.py:190} INFO - [2024-11-14T07:57:41.467+0000] {dag.py:3239} INFO - Sync 1 DAGs
[2024-11-14T07:57:41.481+0000] {logging_mixin.py:190} INFO - [2024-11-14T07:57:41.481+0000] {dag.py:4180} INFO - Setting next_dagrun for example_short_circuit_decorator to None, run_after=None
[2024-11-14T07:57:41.504+0000] {processor.py:208} INFO - Processing /home/ubuntu/airflow-venv/lib/python3.12/site-packages/airflow/example_dags/example_short_circuit_decorator.py took 0.080 seconds
[2024-11-14T07:58:41.741+0000] {processor.py:186} INFO - Started process (PID=5216) to work on /home/ubuntu/airflow-venv/lib/python3.12/site-packages/airflow/example_dags/example_short_circuit_decorator.py
[2024-11-14T07:58:41.743+0000] {processor.py:914} INFO - Processing file /home/ubuntu/airflow-venv/lib/python3.12/site-packages/airflow/example_dags/example_short_circuit_decorator.py for tasks to queue
[2024-11-14T07:58:41.744+0000] {logging_mixin.py:190} INFO - [2024-11-14T07:58:41.744+0000] {dagbag.py:588} INFO - Filling up the DagBag from /home/ubuntu/airflow-venv/lib/python3.12/site-packages/airflow/example_dags/example_short_circuit_decorator.py
[2024-11-14T07:58:41.755+0000] {processor.py:925} INFO - DAG(s) 'example_short_circuit_decorator' retrieved from /home/ubuntu/airflow-venv/lib/python3.12/site-packages/airflow/example_dags/example_short_circuit_decorator.py
[2024-11-14T07:58:41.776+0000] {logging_mixin.py:190} INFO - [2024-11-14T07:58:41.776+0000] {dag.py:3239} INFO - Sync 1 DAGs
[2024-11-14T07:58:41.790+0000] {logging_mixin.py:190} INFO - [2024-11-14T07:58:41.790+0000] {dag.py:4180} INFO - Setting next_dagrun for example_short_circuit_decorator to None, run_after=None
[2024-11-14T07:58:41.813+0000] {processor.py:208} INFO - Processing /home/ubuntu/airflow-venv/lib/python3.12/site-packages/airflow/example_dags/example_short_circuit_decorator.py took 0.077 seconds
[2024-11-14T07:59:42.669+0000] {processor.py:186} INFO - Started process (PID=5276) to work on /home/ubuntu/airflow-venv/lib/python3.12/site-packages/airflow/example_dags/example_short_circuit_decorator.py
[2024-11-14T07:59:42.670+0000] {processor.py:914} INFO - Processing file /home/ubuntu/airflow-venv/lib/python3.12/site-packages/airflow/example_dags/example_short_circuit_decorator.py for tasks to queue
[2024-11-14T07:59:42.672+0000] {logging_mixin.py:190} INFO - [2024-11-14T07:59:42.671+0000] {dagbag.py:588} INFO - Filling up the DagBag from /home/ubuntu/airflow-venv/lib/python3.12/site-packages/airflow/example_dags/example_short_circuit_decorator.py
[2024-11-14T07:59:42.685+0000] {processor.py:925} INFO - DAG(s) 'example_short_circuit_decorator' retrieved from /home/ubuntu/airflow-venv/lib/python3.12/site-packages/airflow/example_dags/example_short_circuit_decorator.py
[2024-11-14T07:59:42.706+0000] {logging_mixin.py:190} INFO - [2024-11-14T07:59:42.706+0000] {dag.py:3239} INFO - Sync 1 DAGs
[2024-11-14T07:59:42.720+0000] {logging_mixin.py:190} INFO - [2024-11-14T07:59:42.720+0000] {dag.py:4180} INFO - Setting next_dagrun for example_short_circuit_decorator to None, run_after=None
[2024-11-14T07:59:42.746+0000] {processor.py:208} INFO - Processing /home/ubuntu/airflow-venv/lib/python3.12/site-packages/airflow/example_dags/example_short_circuit_decorator.py took 0.084 seconds
[2024-11-14T08:00:42.471+0000] {processor.py:186} INFO - Started process (PID=5338) to work on /home/ubuntu/airflow-venv/lib/python3.12/site-packages/airflow/example_dags/example_short_circuit_decorator.py
[2024-11-14T08:00:42.473+0000] {processor.py:914} INFO - Processing file /home/ubuntu/airflow-venv/lib/python3.12/site-packages/airflow/example_dags/example_short_circuit_decorator.py for tasks to queue
[2024-11-14T08:00:42.474+0000] {logging_mixin.py:190} INFO - [2024-11-14T08:00:42.473+0000] {dagbag.py:588} INFO - Filling up the DagBag from /home/ubuntu/airflow-venv/lib/python3.12/site-packages/airflow/example_dags/example_short_circuit_decorator.py
[2024-11-14T08:00:42.485+0000] {processor.py:925} INFO - DAG(s) 'example_short_circuit_decorator' retrieved from /home/ubuntu/airflow-venv/lib/python3.12/site-packages/airflow/example_dags/example_short_circuit_decorator.py
[2024-11-14T08:00:42.506+0000] {logging_mixin.py:190} INFO - [2024-11-14T08:00:42.505+0000] {dag.py:3239} INFO - Sync 1 DAGs
[2024-11-14T08:00:42.520+0000] {logging_mixin.py:190} INFO - [2024-11-14T08:00:42.520+0000] {dag.py:4180} INFO - Setting next_dagrun for example_short_circuit_decorator to None, run_after=None
[2024-11-14T08:00:42.545+0000] {processor.py:208} INFO - Processing /home/ubuntu/airflow-venv/lib/python3.12/site-packages/airflow/example_dags/example_short_circuit_decorator.py took 0.089 seconds
[2024-11-14T08:01:42.498+0000] {processor.py:186} INFO - Started process (PID=5402) to work on /home/ubuntu/airflow-venv/lib/python3.12/site-packages/airflow/example_dags/example_short_circuit_decorator.py
[2024-11-14T08:01:42.500+0000] {processor.py:914} INFO - Processing file /home/ubuntu/airflow-venv/lib/python3.12/site-packages/airflow/example_dags/example_short_circuit_decorator.py for tasks to queue
[2024-11-14T08:01:42.501+0000] {logging_mixin.py:190} INFO - [2024-11-14T08:01:42.501+0000] {dagbag.py:588} INFO - Filling up the DagBag from /home/ubuntu/airflow-venv/lib/python3.12/site-packages/airflow/example_dags/example_short_circuit_decorator.py
[2024-11-14T08:01:42.514+0000] {processor.py:925} INFO - DAG(s) 'example_short_circuit_decorator' retrieved from /home/ubuntu/airflow-venv/lib/python3.12/site-packages/airflow/example_dags/example_short_circuit_decorator.py
[2024-11-14T08:01:42.535+0000] {logging_mixin.py:190} INFO - [2024-11-14T08:01:42.535+0000] {dag.py:3239} INFO - Sync 1 DAGs
[2024-11-14T08:01:42.554+0000] {logging_mixin.py:190} INFO - [2024-11-14T08:01:42.554+0000] {dag.py:4180} INFO - Setting next_dagrun for example_short_circuit_decorator to None, run_after=None
[2024-11-14T08:01:42.581+0000] {processor.py:208} INFO - Processing /home/ubuntu/airflow-venv/lib/python3.12/site-packages/airflow/example_dags/example_short_circuit_decorator.py took 0.090 seconds
[2024-11-14T08:02:41.154+0000] {processor.py:186} INFO - Started process (PID=5465) to work on /home/ubuntu/airflow-venv/lib/python3.12/site-packages/airflow/example_dags/example_short_circuit_decorator.py
[2024-11-14T08:02:41.157+0000] {processor.py:914} INFO - Processing file /home/ubuntu/airflow-venv/lib/python3.12/site-packages/airflow/example_dags/example_short_circuit_decorator.py for tasks to queue
[2024-11-14T08:02:41.159+0000] {logging_mixin.py:190} INFO - [2024-11-14T08:02:41.158+0000] {dagbag.py:588} INFO - Filling up the DagBag from /home/ubuntu/airflow-venv/lib/python3.12/site-packages/airflow/example_dags/example_short_circuit_decorator.py
[2024-11-14T08:02:41.180+0000] {processor.py:925} INFO - DAG(s) 'example_short_circuit_decorator' retrieved from /home/ubuntu/airflow-venv/lib/python3.12/site-packages/airflow/example_dags/example_short_circuit_decorator.py
[2024-11-14T08:02:41.203+0000] {logging_mixin.py:190} INFO - [2024-11-14T08:02:41.203+0000] {dag.py:3239} INFO - Sync 1 DAGs
[2024-11-14T08:02:41.217+0000] {logging_mixin.py:190} INFO - [2024-11-14T08:02:41.217+0000] {dag.py:4180} INFO - Setting next_dagrun for example_short_circuit_decorator to None, run_after=None
[2024-11-14T08:02:41.241+0000] {processor.py:208} INFO - Processing /home/ubuntu/airflow-venv/lib/python3.12/site-packages/airflow/example_dags/example_short_circuit_decorator.py took 0.097 seconds
