[2024-11-14T07:40:49.851+0000] {processor.py:186} INFO - Started process (PID=3692) to work on /home/ubuntu/airflow-venv/lib/python3.12/site-packages/airflow/example_dags/example_skip_dag.py
[2024-11-14T07:40:49.852+0000] {processor.py:914} INFO - Processing file /home/ubuntu/airflow-venv/lib/python3.12/site-packages/airflow/example_dags/example_skip_dag.py for tasks to queue
[2024-11-14T07:40:49.854+0000] {logging_mixin.py:190} INFO - [2024-11-14T07:40:49.854+0000] {dagbag.py:588} INFO - Filling up the DagBag from /home/ubuntu/airflow-venv/lib/python3.12/site-packages/airflow/example_dags/example_skip_dag.py
[2024-11-14T07:40:49.865+0000] {processor.py:925} INFO - DAG(s) 'example_skip_dag' retrieved from /home/ubuntu/airflow-venv/lib/python3.12/site-packages/airflow/example_dags/example_skip_dag.py
[2024-11-14T07:40:50.008+0000] {logging_mixin.py:190} INFO - [2024-11-14T07:40:50.007+0000] {override.py:1911} INFO - Created Permission View: can delete on DAG:example_skip_dag
[2024-11-14T07:40:50.028+0000] {logging_mixin.py:190} INFO - [2024-11-14T07:40:50.028+0000] {override.py:1911} INFO - Created Permission View: can read on DAG:example_skip_dag
[2024-11-14T07:40:50.040+0000] {logging_mixin.py:190} INFO - [2024-11-14T07:40:50.039+0000] {override.py:1911} INFO - Created Permission View: can edit on DAG:example_skip_dag
[2024-11-14T07:40:50.058+0000] {logging_mixin.py:190} INFO - [2024-11-14T07:40:50.057+0000] {override.py:1911} INFO - Created Permission View: can delete on DAG Run:example_skip_dag
[2024-11-14T07:40:50.071+0000] {logging_mixin.py:190} INFO - [2024-11-14T07:40:50.070+0000] {override.py:1911} INFO - Created Permission View: can create on DAG Run:example_skip_dag
[2024-11-14T07:40:50.082+0000] {logging_mixin.py:190} INFO - [2024-11-14T07:40:50.082+0000] {override.py:1911} INFO - Created Permission View: can read on DAG Run:example_skip_dag
[2024-11-14T07:40:50.095+0000] {logging_mixin.py:190} INFO - [2024-11-14T07:40:50.094+0000] {override.py:1911} INFO - Created Permission View: menu access on DAG Run:example_skip_dag
[2024-11-14T07:40:50.095+0000] {logging_mixin.py:190} INFO - [2024-11-14T07:40:50.095+0000] {dag.py:3239} INFO - Sync 1 DAGs
[2024-11-14T07:40:50.109+0000] {logging_mixin.py:190} INFO - [2024-11-14T07:40:50.109+0000] {dag.py:3262} INFO - Creating ORM DAG for example_skip_dag
[2024-11-14T07:40:50.120+0000] {logging_mixin.py:190} INFO - [2024-11-14T07:40:50.119+0000] {dag.py:4180} INFO - Setting next_dagrun for example_skip_dag to 2024-11-13 00:00:00+00:00, run_after=2024-11-14 00:00:00+00:00
[2024-11-14T07:40:50.145+0000] {processor.py:208} INFO - Processing /home/ubuntu/airflow-venv/lib/python3.12/site-packages/airflow/example_dags/example_skip_dag.py took 0.302 seconds
[2024-11-14T07:41:56.371+0000] {processor.py:186} INFO - Started process (PID=3752) to work on /home/ubuntu/airflow-venv/lib/python3.12/site-packages/airflow/example_dags/example_skip_dag.py
[2024-11-14T07:41:56.372+0000] {processor.py:914} INFO - Processing file /home/ubuntu/airflow-venv/lib/python3.12/site-packages/airflow/example_dags/example_skip_dag.py for tasks to queue
[2024-11-14T07:41:56.375+0000] {logging_mixin.py:190} INFO - [2024-11-14T07:41:56.374+0000] {dagbag.py:588} INFO - Filling up the DagBag from /home/ubuntu/airflow-venv/lib/python3.12/site-packages/airflow/example_dags/example_skip_dag.py
[2024-11-14T07:41:56.387+0000] {processor.py:925} INFO - DAG(s) 'example_skip_dag' retrieved from /home/ubuntu/airflow-venv/lib/python3.12/site-packages/airflow/example_dags/example_skip_dag.py
[2024-11-14T07:41:56.410+0000] {logging_mixin.py:190} INFO - [2024-11-14T07:41:56.409+0000] {dag.py:3239} INFO - Sync 1 DAGs
[2024-11-14T07:41:56.431+0000] {logging_mixin.py:190} INFO - [2024-11-14T07:41:56.431+0000] {dag.py:4180} INFO - Setting next_dagrun for example_skip_dag to 2024-11-13 00:00:00+00:00, run_after=2024-11-14 00:00:00+00:00
[2024-11-14T07:41:56.454+0000] {processor.py:208} INFO - Processing /home/ubuntu/airflow-venv/lib/python3.12/site-packages/airflow/example_dags/example_skip_dag.py took 0.092 seconds
[2024-11-14T07:42:52.929+0000] {processor.py:186} INFO - Started process (PID=3810) to work on /home/ubuntu/airflow-venv/lib/python3.12/site-packages/airflow/example_dags/example_skip_dag.py
[2024-11-14T07:42:52.931+0000] {processor.py:914} INFO - Processing file /home/ubuntu/airflow-venv/lib/python3.12/site-packages/airflow/example_dags/example_skip_dag.py for tasks to queue
[2024-11-14T07:42:52.933+0000] {logging_mixin.py:190} INFO - [2024-11-14T07:42:52.933+0000] {dagbag.py:588} INFO - Filling up the DagBag from /home/ubuntu/airflow-venv/lib/python3.12/site-packages/airflow/example_dags/example_skip_dag.py
[2024-11-14T07:42:52.943+0000] {processor.py:925} INFO - DAG(s) 'example_skip_dag' retrieved from /home/ubuntu/airflow-venv/lib/python3.12/site-packages/airflow/example_dags/example_skip_dag.py
[2024-11-14T07:42:52.969+0000] {logging_mixin.py:190} INFO - [2024-11-14T07:42:52.968+0000] {dag.py:3239} INFO - Sync 1 DAGs
[2024-11-14T07:42:52.995+0000] {logging_mixin.py:190} INFO - [2024-11-14T07:42:52.995+0000] {dag.py:4180} INFO - Setting next_dagrun for example_skip_dag to 2024-11-13 00:00:00+00:00, run_after=2024-11-14 00:00:00+00:00
[2024-11-14T07:42:53.037+0000] {processor.py:208} INFO - Processing /home/ubuntu/airflow-venv/lib/python3.12/site-packages/airflow/example_dags/example_skip_dag.py took 0.115 seconds
[2024-11-14T07:43:46.276+0000] {processor.py:186} INFO - Started process (PID=3864) to work on /home/ubuntu/airflow-venv/lib/python3.12/site-packages/airflow/example_dags/example_skip_dag.py
[2024-11-14T07:43:46.277+0000] {processor.py:914} INFO - Processing file /home/ubuntu/airflow-venv/lib/python3.12/site-packages/airflow/example_dags/example_skip_dag.py for tasks to queue
[2024-11-14T07:43:46.285+0000] {logging_mixin.py:190} INFO - [2024-11-14T07:43:46.285+0000] {dagbag.py:588} INFO - Filling up the DagBag from /home/ubuntu/airflow-venv/lib/python3.12/site-packages/airflow/example_dags/example_skip_dag.py
[2024-11-14T07:43:46.296+0000] {processor.py:925} INFO - DAG(s) 'example_skip_dag' retrieved from /home/ubuntu/airflow-venv/lib/python3.12/site-packages/airflow/example_dags/example_skip_dag.py
[2024-11-14T07:43:46.317+0000] {logging_mixin.py:190} INFO - [2024-11-14T07:43:46.316+0000] {dag.py:3239} INFO - Sync 1 DAGs
[2024-11-14T07:43:46.339+0000] {logging_mixin.py:190} INFO - [2024-11-14T07:43:46.339+0000] {dag.py:4180} INFO - Setting next_dagrun for example_skip_dag to 2024-11-13 00:00:00+00:00, run_after=2024-11-14 00:00:00+00:00
[2024-11-14T07:43:46.365+0000] {processor.py:208} INFO - Processing /home/ubuntu/airflow-venv/lib/python3.12/site-packages/airflow/example_dags/example_skip_dag.py took 0.103 seconds
[2024-11-14T07:44:44.883+0000] {processor.py:186} INFO - Started process (PID=3920) to work on /home/ubuntu/airflow-venv/lib/python3.12/site-packages/airflow/example_dags/example_skip_dag.py
[2024-11-14T07:44:44.885+0000] {processor.py:914} INFO - Processing file /home/ubuntu/airflow-venv/lib/python3.12/site-packages/airflow/example_dags/example_skip_dag.py for tasks to queue
[2024-11-14T07:44:44.887+0000] {logging_mixin.py:190} INFO - [2024-11-14T07:44:44.887+0000] {dagbag.py:588} INFO - Filling up the DagBag from /home/ubuntu/airflow-venv/lib/python3.12/site-packages/airflow/example_dags/example_skip_dag.py
[2024-11-14T07:44:44.904+0000] {processor.py:925} INFO - DAG(s) 'example_skip_dag' retrieved from /home/ubuntu/airflow-venv/lib/python3.12/site-packages/airflow/example_dags/example_skip_dag.py
[2024-11-14T07:44:44.935+0000] {logging_mixin.py:190} INFO - [2024-11-14T07:44:44.935+0000] {dag.py:3239} INFO - Sync 1 DAGs
[2024-11-14T07:44:44.965+0000] {logging_mixin.py:190} INFO - [2024-11-14T07:44:44.964+0000] {dag.py:4180} INFO - Setting next_dagrun for example_skip_dag to 2024-11-13 00:00:00+00:00, run_after=2024-11-14 00:00:00+00:00
[2024-11-14T07:44:44.989+0000] {processor.py:208} INFO - Processing /home/ubuntu/airflow-venv/lib/python3.12/site-packages/airflow/example_dags/example_skip_dag.py took 0.121 seconds
[2024-11-14T07:45:40.406+0000] {processor.py:186} INFO - Started process (PID=3980) to work on /home/ubuntu/airflow-venv/lib/python3.12/site-packages/airflow/example_dags/example_skip_dag.py
[2024-11-14T07:45:40.408+0000] {processor.py:914} INFO - Processing file /home/ubuntu/airflow-venv/lib/python3.12/site-packages/airflow/example_dags/example_skip_dag.py for tasks to queue
[2024-11-14T07:45:40.411+0000] {logging_mixin.py:190} INFO - [2024-11-14T07:45:40.411+0000] {dagbag.py:588} INFO - Filling up the DagBag from /home/ubuntu/airflow-venv/lib/python3.12/site-packages/airflow/example_dags/example_skip_dag.py
[2024-11-14T07:45:40.421+0000] {processor.py:925} INFO - DAG(s) 'example_skip_dag' retrieved from /home/ubuntu/airflow-venv/lib/python3.12/site-packages/airflow/example_dags/example_skip_dag.py
[2024-11-14T07:45:40.440+0000] {logging_mixin.py:190} INFO - [2024-11-14T07:45:40.440+0000] {dag.py:3239} INFO - Sync 1 DAGs
[2024-11-14T07:45:40.461+0000] {logging_mixin.py:190} INFO - [2024-11-14T07:45:40.461+0000] {dag.py:4180} INFO - Setting next_dagrun for example_skip_dag to 2024-11-13 00:00:00+00:00, run_after=2024-11-14 00:00:00+00:00
[2024-11-14T07:45:40.487+0000] {processor.py:208} INFO - Processing /home/ubuntu/airflow-venv/lib/python3.12/site-packages/airflow/example_dags/example_skip_dag.py took 0.087 seconds
[2024-11-14T07:46:32.556+0000] {processor.py:186} INFO - Started process (PID=4040) to work on /home/ubuntu/airflow-venv/lib/python3.12/site-packages/airflow/example_dags/example_skip_dag.py
[2024-11-14T07:46:32.558+0000] {processor.py:914} INFO - Processing file /home/ubuntu/airflow-venv/lib/python3.12/site-packages/airflow/example_dags/example_skip_dag.py for tasks to queue
[2024-11-14T07:46:32.560+0000] {logging_mixin.py:190} INFO - [2024-11-14T07:46:32.559+0000] {dagbag.py:588} INFO - Filling up the DagBag from /home/ubuntu/airflow-venv/lib/python3.12/site-packages/airflow/example_dags/example_skip_dag.py
[2024-11-14T07:46:32.568+0000] {processor.py:925} INFO - DAG(s) 'example_skip_dag' retrieved from /home/ubuntu/airflow-venv/lib/python3.12/site-packages/airflow/example_dags/example_skip_dag.py
[2024-11-14T07:46:32.587+0000] {logging_mixin.py:190} INFO - [2024-11-14T07:46:32.586+0000] {dag.py:3239} INFO - Sync 1 DAGs
[2024-11-14T07:46:32.607+0000] {logging_mixin.py:190} INFO - [2024-11-14T07:46:32.607+0000] {dag.py:4180} INFO - Setting next_dagrun for example_skip_dag to 2024-11-13 00:00:00+00:00, run_after=2024-11-14 00:00:00+00:00
[2024-11-14T07:46:32.628+0000] {processor.py:208} INFO - Processing /home/ubuntu/airflow-venv/lib/python3.12/site-packages/airflow/example_dags/example_skip_dag.py took 0.078 seconds
[2024-11-14T07:47:28.595+0000] {processor.py:186} INFO - Started process (PID=4255) to work on /home/ubuntu/airflow-venv/lib/python3.12/site-packages/airflow/example_dags/example_skip_dag.py
[2024-11-14T07:47:28.596+0000] {processor.py:914} INFO - Processing file /home/ubuntu/airflow-venv/lib/python3.12/site-packages/airflow/example_dags/example_skip_dag.py for tasks to queue
[2024-11-14T07:47:28.599+0000] {logging_mixin.py:190} INFO - [2024-11-14T07:47:28.598+0000] {dagbag.py:588} INFO - Filling up the DagBag from /home/ubuntu/airflow-venv/lib/python3.12/site-packages/airflow/example_dags/example_skip_dag.py
[2024-11-14T07:47:28.608+0000] {processor.py:925} INFO - DAG(s) 'example_skip_dag' retrieved from /home/ubuntu/airflow-venv/lib/python3.12/site-packages/airflow/example_dags/example_skip_dag.py
[2024-11-14T07:47:28.626+0000] {logging_mixin.py:190} INFO - [2024-11-14T07:47:28.626+0000] {dag.py:3239} INFO - Sync 1 DAGs
[2024-11-14T07:47:28.647+0000] {logging_mixin.py:190} INFO - [2024-11-14T07:47:28.646+0000] {dag.py:4180} INFO - Setting next_dagrun for example_skip_dag to 2024-11-13 00:00:00+00:00, run_after=2024-11-14 00:00:00+00:00
[2024-11-14T07:47:28.672+0000] {processor.py:208} INFO - Processing /home/ubuntu/airflow-venv/lib/python3.12/site-packages/airflow/example_dags/example_skip_dag.py took 0.083 seconds
[2024-11-14T07:48:30.922+0000] {processor.py:186} INFO - Started process (PID=4599) to work on /home/ubuntu/airflow-venv/lib/python3.12/site-packages/airflow/example_dags/example_skip_dag.py
[2024-11-14T07:48:30.925+0000] {processor.py:914} INFO - Processing file /home/ubuntu/airflow-venv/lib/python3.12/site-packages/airflow/example_dags/example_skip_dag.py for tasks to queue
[2024-11-14T07:48:30.929+0000] {logging_mixin.py:190} INFO - [2024-11-14T07:48:30.928+0000] {dagbag.py:588} INFO - Filling up the DagBag from /home/ubuntu/airflow-venv/lib/python3.12/site-packages/airflow/example_dags/example_skip_dag.py
[2024-11-14T07:48:30.951+0000] {processor.py:925} INFO - DAG(s) 'example_skip_dag' retrieved from /home/ubuntu/airflow-venv/lib/python3.12/site-packages/airflow/example_dags/example_skip_dag.py
[2024-11-14T07:48:30.987+0000] {logging_mixin.py:190} INFO - [2024-11-14T07:48:30.987+0000] {dag.py:3239} INFO - Sync 1 DAGs
[2024-11-14T07:48:31.029+0000] {logging_mixin.py:190} INFO - [2024-11-14T07:48:31.029+0000] {dag.py:4180} INFO - Setting next_dagrun for example_skip_dag to 2024-11-13 00:00:00+00:00, run_after=2024-11-14 00:00:00+00:00
[2024-11-14T07:48:31.064+0000] {processor.py:208} INFO - Processing /home/ubuntu/airflow-venv/lib/python3.12/site-packages/airflow/example_dags/example_skip_dag.py took 0.157 seconds
[2024-11-14T07:49:35.007+0000] {processor.py:186} INFO - Started process (PID=4659) to work on /home/ubuntu/airflow-venv/lib/python3.12/site-packages/airflow/example_dags/example_skip_dag.py
[2024-11-14T07:49:35.009+0000] {processor.py:914} INFO - Processing file /home/ubuntu/airflow-venv/lib/python3.12/site-packages/airflow/example_dags/example_skip_dag.py for tasks to queue
[2024-11-14T07:49:35.011+0000] {logging_mixin.py:190} INFO - [2024-11-14T07:49:35.011+0000] {dagbag.py:588} INFO - Filling up the DagBag from /home/ubuntu/airflow-venv/lib/python3.12/site-packages/airflow/example_dags/example_skip_dag.py
[2024-11-14T07:49:35.023+0000] {processor.py:925} INFO - DAG(s) 'example_skip_dag' retrieved from /home/ubuntu/airflow-venv/lib/python3.12/site-packages/airflow/example_dags/example_skip_dag.py
[2024-11-14T07:49:35.044+0000] {logging_mixin.py:190} INFO - [2024-11-14T07:49:35.043+0000] {dag.py:3239} INFO - Sync 1 DAGs
[2024-11-14T07:49:35.072+0000] {logging_mixin.py:190} INFO - [2024-11-14T07:49:35.071+0000] {dag.py:4180} INFO - Setting next_dagrun for example_skip_dag to 2024-11-13 00:00:00+00:00, run_after=2024-11-14 00:00:00+00:00
[2024-11-14T07:49:35.101+0000] {processor.py:208} INFO - Processing /home/ubuntu/airflow-venv/lib/python3.12/site-packages/airflow/example_dags/example_skip_dag.py took 0.102 seconds
[2024-11-14T07:50:34.914+0000] {processor.py:186} INFO - Started process (PID=4723) to work on /home/ubuntu/airflow-venv/lib/python3.12/site-packages/airflow/example_dags/example_skip_dag.py
[2024-11-14T07:50:34.916+0000] {processor.py:914} INFO - Processing file /home/ubuntu/airflow-venv/lib/python3.12/site-packages/airflow/example_dags/example_skip_dag.py for tasks to queue
[2024-11-14T07:50:34.917+0000] {logging_mixin.py:190} INFO - [2024-11-14T07:50:34.917+0000] {dagbag.py:588} INFO - Filling up the DagBag from /home/ubuntu/airflow-venv/lib/python3.12/site-packages/airflow/example_dags/example_skip_dag.py
[2024-11-14T07:50:34.934+0000] {processor.py:925} INFO - DAG(s) 'example_skip_dag' retrieved from /home/ubuntu/airflow-venv/lib/python3.12/site-packages/airflow/example_dags/example_skip_dag.py
[2024-11-14T07:50:34.953+0000] {logging_mixin.py:190} INFO - [2024-11-14T07:50:34.953+0000] {dag.py:3239} INFO - Sync 1 DAGs
[2024-11-14T07:50:34.974+0000] {logging_mixin.py:190} INFO - [2024-11-14T07:50:34.974+0000] {dag.py:4180} INFO - Setting next_dagrun for example_skip_dag to 2024-11-13 00:00:00+00:00, run_after=2024-11-14 00:00:00+00:00
[2024-11-14T07:50:34.998+0000] {processor.py:208} INFO - Processing /home/ubuntu/airflow-venv/lib/python3.12/site-packages/airflow/example_dags/example_skip_dag.py took 0.092 seconds
[2024-11-14T07:51:39.668+0000] {processor.py:186} INFO - Started process (PID=4786) to work on /home/ubuntu/airflow-venv/lib/python3.12/site-packages/airflow/example_dags/example_skip_dag.py
[2024-11-14T07:51:39.669+0000] {processor.py:914} INFO - Processing file /home/ubuntu/airflow-venv/lib/python3.12/site-packages/airflow/example_dags/example_skip_dag.py for tasks to queue
[2024-11-14T07:51:39.674+0000] {logging_mixin.py:190} INFO - [2024-11-14T07:51:39.670+0000] {dagbag.py:588} INFO - Filling up the DagBag from /home/ubuntu/airflow-venv/lib/python3.12/site-packages/airflow/example_dags/example_skip_dag.py
[2024-11-14T07:51:39.692+0000] {processor.py:925} INFO - DAG(s) 'example_skip_dag' retrieved from /home/ubuntu/airflow-venv/lib/python3.12/site-packages/airflow/example_dags/example_skip_dag.py
[2024-11-14T07:51:39.711+0000] {logging_mixin.py:190} INFO - [2024-11-14T07:51:39.711+0000] {dag.py:3239} INFO - Sync 1 DAGs
[2024-11-14T07:51:39.732+0000] {logging_mixin.py:190} INFO - [2024-11-14T07:51:39.732+0000] {dag.py:4180} INFO - Setting next_dagrun for example_skip_dag to 2024-11-13 00:00:00+00:00, run_after=2024-11-14 00:00:00+00:00
[2024-11-14T07:51:39.755+0000] {processor.py:208} INFO - Processing /home/ubuntu/airflow-venv/lib/python3.12/site-packages/airflow/example_dags/example_skip_dag.py took 0.096 seconds
[2024-11-14T07:52:39.809+0000] {processor.py:186} INFO - Started process (PID=4846) to work on /home/ubuntu/airflow-venv/lib/python3.12/site-packages/airflow/example_dags/example_skip_dag.py
[2024-11-14T07:52:39.810+0000] {processor.py:914} INFO - Processing file /home/ubuntu/airflow-venv/lib/python3.12/site-packages/airflow/example_dags/example_skip_dag.py for tasks to queue
[2024-11-14T07:52:39.812+0000] {logging_mixin.py:190} INFO - [2024-11-14T07:52:39.811+0000] {dagbag.py:588} INFO - Filling up the DagBag from /home/ubuntu/airflow-venv/lib/python3.12/site-packages/airflow/example_dags/example_skip_dag.py
[2024-11-14T07:52:39.822+0000] {processor.py:925} INFO - DAG(s) 'example_skip_dag' retrieved from /home/ubuntu/airflow-venv/lib/python3.12/site-packages/airflow/example_dags/example_skip_dag.py
[2024-11-14T07:52:39.841+0000] {logging_mixin.py:190} INFO - [2024-11-14T07:52:39.841+0000] {dag.py:3239} INFO - Sync 1 DAGs
[2024-11-14T07:52:39.863+0000] {logging_mixin.py:190} INFO - [2024-11-14T07:52:39.863+0000] {dag.py:4180} INFO - Setting next_dagrun for example_skip_dag to 2024-11-13 00:00:00+00:00, run_after=2024-11-14 00:00:00+00:00
[2024-11-14T07:52:39.898+0000] {processor.py:208} INFO - Processing /home/ubuntu/airflow-venv/lib/python3.12/site-packages/airflow/example_dags/example_skip_dag.py took 0.095 seconds
[2024-11-14T07:53:36.872+0000] {processor.py:186} INFO - Started process (PID=4906) to work on /home/ubuntu/airflow-venv/lib/python3.12/site-packages/airflow/example_dags/example_skip_dag.py
[2024-11-14T07:53:36.873+0000] {processor.py:914} INFO - Processing file /home/ubuntu/airflow-venv/lib/python3.12/site-packages/airflow/example_dags/example_skip_dag.py for tasks to queue
[2024-11-14T07:53:36.874+0000] {logging_mixin.py:190} INFO - [2024-11-14T07:53:36.874+0000] {dagbag.py:588} INFO - Filling up the DagBag from /home/ubuntu/airflow-venv/lib/python3.12/site-packages/airflow/example_dags/example_skip_dag.py
[2024-11-14T07:53:36.885+0000] {processor.py:925} INFO - DAG(s) 'example_skip_dag' retrieved from /home/ubuntu/airflow-venv/lib/python3.12/site-packages/airflow/example_dags/example_skip_dag.py
[2024-11-14T07:53:36.913+0000] {logging_mixin.py:190} INFO - [2024-11-14T07:53:36.913+0000] {dag.py:3239} INFO - Sync 1 DAGs
[2024-11-14T07:53:36.933+0000] {logging_mixin.py:190} INFO - [2024-11-14T07:53:36.933+0000] {dag.py:4180} INFO - Setting next_dagrun for example_skip_dag to 2024-11-13 00:00:00+00:00, run_after=2024-11-14 00:00:00+00:00
[2024-11-14T07:53:36.957+0000] {processor.py:208} INFO - Processing /home/ubuntu/airflow-venv/lib/python3.12/site-packages/airflow/example_dags/example_skip_dag.py took 0.092 seconds
[2024-11-14T07:54:39.109+0000] {processor.py:186} INFO - Started process (PID=4968) to work on /home/ubuntu/airflow-venv/lib/python3.12/site-packages/airflow/example_dags/example_skip_dag.py
[2024-11-14T07:54:39.119+0000] {processor.py:914} INFO - Processing file /home/ubuntu/airflow-venv/lib/python3.12/site-packages/airflow/example_dags/example_skip_dag.py for tasks to queue
[2024-11-14T07:54:39.129+0000] {logging_mixin.py:190} INFO - [2024-11-14T07:54:39.128+0000] {dagbag.py:588} INFO - Filling up the DagBag from /home/ubuntu/airflow-venv/lib/python3.12/site-packages/airflow/example_dags/example_skip_dag.py
[2024-11-14T07:54:39.146+0000] {processor.py:925} INFO - DAG(s) 'example_skip_dag' retrieved from /home/ubuntu/airflow-venv/lib/python3.12/site-packages/airflow/example_dags/example_skip_dag.py
[2024-11-14T07:54:39.195+0000] {logging_mixin.py:190} INFO - [2024-11-14T07:54:39.194+0000] {dag.py:3239} INFO - Sync 1 DAGs
[2024-11-14T07:54:39.236+0000] {logging_mixin.py:190} INFO - [2024-11-14T07:54:39.236+0000] {dag.py:4180} INFO - Setting next_dagrun for example_skip_dag to 2024-11-13 00:00:00+00:00, run_after=2024-11-14 00:00:00+00:00
[2024-11-14T07:54:39.261+0000] {processor.py:208} INFO - Processing /home/ubuntu/airflow-venv/lib/python3.12/site-packages/airflow/example_dags/example_skip_dag.py took 0.164 seconds
[2024-11-14T07:55:38.732+0000] {processor.py:186} INFO - Started process (PID=5031) to work on /home/ubuntu/airflow-venv/lib/python3.12/site-packages/airflow/example_dags/example_skip_dag.py
[2024-11-14T07:55:38.735+0000] {processor.py:914} INFO - Processing file /home/ubuntu/airflow-venv/lib/python3.12/site-packages/airflow/example_dags/example_skip_dag.py for tasks to queue
[2024-11-14T07:55:38.737+0000] {logging_mixin.py:190} INFO - [2024-11-14T07:55:38.736+0000] {dagbag.py:588} INFO - Filling up the DagBag from /home/ubuntu/airflow-venv/lib/python3.12/site-packages/airflow/example_dags/example_skip_dag.py
[2024-11-14T07:55:38.761+0000] {processor.py:925} INFO - DAG(s) 'example_skip_dag' retrieved from /home/ubuntu/airflow-venv/lib/python3.12/site-packages/airflow/example_dags/example_skip_dag.py
[2024-11-14T07:55:38.801+0000] {logging_mixin.py:190} INFO - [2024-11-14T07:55:38.800+0000] {dag.py:3239} INFO - Sync 1 DAGs
[2024-11-14T07:55:38.843+0000] {logging_mixin.py:190} INFO - [2024-11-14T07:55:38.842+0000] {dag.py:4180} INFO - Setting next_dagrun for example_skip_dag to 2024-11-13 00:00:00+00:00, run_after=2024-11-14 00:00:00+00:00
[2024-11-14T07:55:38.876+0000] {processor.py:208} INFO - Processing /home/ubuntu/airflow-venv/lib/python3.12/site-packages/airflow/example_dags/example_skip_dag.py took 0.158 seconds
[2024-11-14T07:56:40.040+0000] {processor.py:186} INFO - Started process (PID=5092) to work on /home/ubuntu/airflow-venv/lib/python3.12/site-packages/airflow/example_dags/example_skip_dag.py
[2024-11-14T07:56:40.041+0000] {processor.py:914} INFO - Processing file /home/ubuntu/airflow-venv/lib/python3.12/site-packages/airflow/example_dags/example_skip_dag.py for tasks to queue
[2024-11-14T07:56:40.043+0000] {logging_mixin.py:190} INFO - [2024-11-14T07:56:40.042+0000] {dagbag.py:588} INFO - Filling up the DagBag from /home/ubuntu/airflow-venv/lib/python3.12/site-packages/airflow/example_dags/example_skip_dag.py
[2024-11-14T07:56:40.057+0000] {processor.py:925} INFO - DAG(s) 'example_skip_dag' retrieved from /home/ubuntu/airflow-venv/lib/python3.12/site-packages/airflow/example_dags/example_skip_dag.py
[2024-11-14T07:56:40.080+0000] {logging_mixin.py:190} INFO - [2024-11-14T07:56:40.080+0000] {dag.py:3239} INFO - Sync 1 DAGs
[2024-11-14T07:56:40.101+0000] {logging_mixin.py:190} INFO - [2024-11-14T07:56:40.101+0000] {dag.py:4180} INFO - Setting next_dagrun for example_skip_dag to 2024-11-13 00:00:00+00:00, run_after=2024-11-14 00:00:00+00:00
[2024-11-14T07:56:40.159+0000] {processor.py:208} INFO - Processing /home/ubuntu/airflow-venv/lib/python3.12/site-packages/airflow/example_dags/example_skip_dag.py took 0.130 seconds
[2024-11-14T07:57:39.511+0000] {processor.py:186} INFO - Started process (PID=5154) to work on /home/ubuntu/airflow-venv/lib/python3.12/site-packages/airflow/example_dags/example_skip_dag.py
[2024-11-14T07:57:39.513+0000] {processor.py:914} INFO - Processing file /home/ubuntu/airflow-venv/lib/python3.12/site-packages/airflow/example_dags/example_skip_dag.py for tasks to queue
[2024-11-14T07:57:39.516+0000] {logging_mixin.py:190} INFO - [2024-11-14T07:57:39.516+0000] {dagbag.py:588} INFO - Filling up the DagBag from /home/ubuntu/airflow-venv/lib/python3.12/site-packages/airflow/example_dags/example_skip_dag.py
[2024-11-14T07:57:39.530+0000] {processor.py:925} INFO - DAG(s) 'example_skip_dag' retrieved from /home/ubuntu/airflow-venv/lib/python3.12/site-packages/airflow/example_dags/example_skip_dag.py
[2024-11-14T07:57:39.558+0000] {logging_mixin.py:190} INFO - [2024-11-14T07:57:39.558+0000] {dag.py:3239} INFO - Sync 1 DAGs
[2024-11-14T07:57:39.579+0000] {logging_mixin.py:190} INFO - [2024-11-14T07:57:39.579+0000] {dag.py:4180} INFO - Setting next_dagrun for example_skip_dag to 2024-11-13 00:00:00+00:00, run_after=2024-11-14 00:00:00+00:00
[2024-11-14T07:57:39.616+0000] {processor.py:208} INFO - Processing /home/ubuntu/airflow-venv/lib/python3.12/site-packages/airflow/example_dags/example_skip_dag.py took 0.113 seconds
[2024-11-14T07:58:40.116+0000] {processor.py:186} INFO - Started process (PID=5214) to work on /home/ubuntu/airflow-venv/lib/python3.12/site-packages/airflow/example_dags/example_skip_dag.py
[2024-11-14T07:58:40.117+0000] {processor.py:914} INFO - Processing file /home/ubuntu/airflow-venv/lib/python3.12/site-packages/airflow/example_dags/example_skip_dag.py for tasks to queue
[2024-11-14T07:58:40.119+0000] {logging_mixin.py:190} INFO - [2024-11-14T07:58:40.118+0000] {dagbag.py:588} INFO - Filling up the DagBag from /home/ubuntu/airflow-venv/lib/python3.12/site-packages/airflow/example_dags/example_skip_dag.py
[2024-11-14T07:58:40.129+0000] {processor.py:925} INFO - DAG(s) 'example_skip_dag' retrieved from /home/ubuntu/airflow-venv/lib/python3.12/site-packages/airflow/example_dags/example_skip_dag.py
[2024-11-14T07:58:40.148+0000] {logging_mixin.py:190} INFO - [2024-11-14T07:58:40.147+0000] {dag.py:3239} INFO - Sync 1 DAGs
[2024-11-14T07:58:40.173+0000] {logging_mixin.py:190} INFO - [2024-11-14T07:58:40.173+0000] {dag.py:4180} INFO - Setting next_dagrun for example_skip_dag to 2024-11-13 00:00:00+00:00, run_after=2024-11-14 00:00:00+00:00
[2024-11-14T07:58:40.197+0000] {processor.py:208} INFO - Processing /home/ubuntu/airflow-venv/lib/python3.12/site-packages/airflow/example_dags/example_skip_dag.py took 0.087 seconds
[2024-11-14T07:59:40.264+0000] {processor.py:186} INFO - Started process (PID=5274) to work on /home/ubuntu/airflow-venv/lib/python3.12/site-packages/airflow/example_dags/example_skip_dag.py
[2024-11-14T07:59:40.265+0000] {processor.py:914} INFO - Processing file /home/ubuntu/airflow-venv/lib/python3.12/site-packages/airflow/example_dags/example_skip_dag.py for tasks to queue
[2024-11-14T07:59:40.267+0000] {logging_mixin.py:190} INFO - [2024-11-14T07:59:40.266+0000] {dagbag.py:588} INFO - Filling up the DagBag from /home/ubuntu/airflow-venv/lib/python3.12/site-packages/airflow/example_dags/example_skip_dag.py
[2024-11-14T07:59:40.277+0000] {processor.py:925} INFO - DAG(s) 'example_skip_dag' retrieved from /home/ubuntu/airflow-venv/lib/python3.12/site-packages/airflow/example_dags/example_skip_dag.py
[2024-11-14T07:59:40.298+0000] {logging_mixin.py:190} INFO - [2024-11-14T07:59:40.297+0000] {dag.py:3239} INFO - Sync 1 DAGs
[2024-11-14T07:59:40.319+0000] {logging_mixin.py:190} INFO - [2024-11-14T07:59:40.318+0000] {dag.py:4180} INFO - Setting next_dagrun for example_skip_dag to 2024-11-13 00:00:00+00:00, run_after=2024-11-14 00:00:00+00:00
[2024-11-14T07:59:40.342+0000] {processor.py:208} INFO - Processing /home/ubuntu/airflow-venv/lib/python3.12/site-packages/airflow/example_dags/example_skip_dag.py took 0.085 seconds
[2024-11-14T08:00:40.172+0000] {processor.py:186} INFO - Started process (PID=5336) to work on /home/ubuntu/airflow-venv/lib/python3.12/site-packages/airflow/example_dags/example_skip_dag.py
[2024-11-14T08:00:40.173+0000] {processor.py:914} INFO - Processing file /home/ubuntu/airflow-venv/lib/python3.12/site-packages/airflow/example_dags/example_skip_dag.py for tasks to queue
[2024-11-14T08:00:40.175+0000] {logging_mixin.py:190} INFO - [2024-11-14T08:00:40.174+0000] {dagbag.py:588} INFO - Filling up the DagBag from /home/ubuntu/airflow-venv/lib/python3.12/site-packages/airflow/example_dags/example_skip_dag.py
[2024-11-14T08:00:40.185+0000] {processor.py:925} INFO - DAG(s) 'example_skip_dag' retrieved from /home/ubuntu/airflow-venv/lib/python3.12/site-packages/airflow/example_dags/example_skip_dag.py
[2024-11-14T08:00:40.205+0000] {logging_mixin.py:190} INFO - [2024-11-14T08:00:40.204+0000] {dag.py:3239} INFO - Sync 1 DAGs
[2024-11-14T08:00:40.233+0000] {logging_mixin.py:190} INFO - [2024-11-14T08:00:40.233+0000] {dag.py:4180} INFO - Setting next_dagrun for example_skip_dag to 2024-11-13 00:00:00+00:00, run_after=2024-11-14 00:00:00+00:00
[2024-11-14T08:00:40.258+0000] {processor.py:208} INFO - Processing /home/ubuntu/airflow-venv/lib/python3.12/site-packages/airflow/example_dags/example_skip_dag.py took 0.094 seconds
[2024-11-14T08:01:40.116+0000] {processor.py:186} INFO - Started process (PID=5400) to work on /home/ubuntu/airflow-venv/lib/python3.12/site-packages/airflow/example_dags/example_skip_dag.py
[2024-11-14T08:01:40.118+0000] {processor.py:914} INFO - Processing file /home/ubuntu/airflow-venv/lib/python3.12/site-packages/airflow/example_dags/example_skip_dag.py for tasks to queue
[2024-11-14T08:01:40.120+0000] {logging_mixin.py:190} INFO - [2024-11-14T08:01:40.119+0000] {dagbag.py:588} INFO - Filling up the DagBag from /home/ubuntu/airflow-venv/lib/python3.12/site-packages/airflow/example_dags/example_skip_dag.py
[2024-11-14T08:01:40.135+0000] {processor.py:925} INFO - DAG(s) 'example_skip_dag' retrieved from /home/ubuntu/airflow-venv/lib/python3.12/site-packages/airflow/example_dags/example_skip_dag.py
[2024-11-14T08:01:40.157+0000] {logging_mixin.py:190} INFO - [2024-11-14T08:01:40.156+0000] {dag.py:3239} INFO - Sync 1 DAGs
[2024-11-14T08:01:40.179+0000] {logging_mixin.py:190} INFO - [2024-11-14T08:01:40.179+0000] {dag.py:4180} INFO - Setting next_dagrun for example_skip_dag to 2024-11-13 00:00:00+00:00, run_after=2024-11-14 00:00:00+00:00
[2024-11-14T08:01:40.203+0000] {processor.py:208} INFO - Processing /home/ubuntu/airflow-venv/lib/python3.12/site-packages/airflow/example_dags/example_skip_dag.py took 0.099 seconds
[2024-11-14T08:02:39.610+0000] {processor.py:186} INFO - Started process (PID=5463) to work on /home/ubuntu/airflow-venv/lib/python3.12/site-packages/airflow/example_dags/example_skip_dag.py
[2024-11-14T08:02:39.612+0000] {processor.py:914} INFO - Processing file /home/ubuntu/airflow-venv/lib/python3.12/site-packages/airflow/example_dags/example_skip_dag.py for tasks to queue
[2024-11-14T08:02:39.613+0000] {logging_mixin.py:190} INFO - [2024-11-14T08:02:39.613+0000] {dagbag.py:588} INFO - Filling up the DagBag from /home/ubuntu/airflow-venv/lib/python3.12/site-packages/airflow/example_dags/example_skip_dag.py
[2024-11-14T08:02:39.623+0000] {processor.py:925} INFO - DAG(s) 'example_skip_dag' retrieved from /home/ubuntu/airflow-venv/lib/python3.12/site-packages/airflow/example_dags/example_skip_dag.py
[2024-11-14T08:02:39.642+0000] {logging_mixin.py:190} INFO - [2024-11-14T08:02:39.642+0000] {dag.py:3239} INFO - Sync 1 DAGs
[2024-11-14T08:02:39.662+0000] {logging_mixin.py:190} INFO - [2024-11-14T08:02:39.662+0000] {dag.py:4180} INFO - Setting next_dagrun for example_skip_dag to 2024-11-13 00:00:00+00:00, run_after=2024-11-14 00:00:00+00:00
[2024-11-14T08:02:39.685+0000] {processor.py:208} INFO - Processing /home/ubuntu/airflow-venv/lib/python3.12/site-packages/airflow/example_dags/example_skip_dag.py took 0.081 seconds
