[2024-11-14T07:41:25.899+0000] {processor.py:186} INFO - Started process (PID=3724) to work on /home/ubuntu/airflow-venv/lib/python3.12/site-packages/airflow/example_dags/example_bash_decorator.py
[2024-11-14T07:41:25.900+0000] {processor.py:914} INFO - Processing file /home/ubuntu/airflow-venv/lib/python3.12/site-packages/airflow/example_dags/example_bash_decorator.py for tasks to queue
[2024-11-14T07:41:25.908+0000] {logging_mixin.py:190} INFO - [2024-11-14T07:41:25.907+0000] {dagbag.py:588} INFO - Filling up the DagBag from /home/ubuntu/airflow-venv/lib/python3.12/site-packages/airflow/example_dags/example_bash_decorator.py
[2024-11-14T07:41:25.934+0000] {processor.py:925} INFO - DAG(s) 'example_bash_decorator' retrieved from /home/ubuntu/airflow-venv/lib/python3.12/site-packages/airflow/example_dags/example_bash_decorator.py
[2024-11-14T07:41:26.155+0000] {logging_mixin.py:190} INFO - [2024-11-14T07:41:26.154+0000] {override.py:1911} INFO - Created Permission View: can delete on DAG:example_bash_decorator
[2024-11-14T07:41:26.170+0000] {logging_mixin.py:190} INFO - [2024-11-14T07:41:26.169+0000] {override.py:1911} INFO - Created Permission View: can read on DAG:example_bash_decorator
[2024-11-14T07:41:26.181+0000] {logging_mixin.py:190} INFO - [2024-11-14T07:41:26.181+0000] {override.py:1911} INFO - Created Permission View: can edit on DAG:example_bash_decorator
[2024-11-14T07:41:26.211+0000] {logging_mixin.py:190} INFO - [2024-11-14T07:41:26.210+0000] {override.py:1911} INFO - Created Permission View: can delete on DAG Run:example_bash_decorator
[2024-11-14T07:41:26.225+0000] {logging_mixin.py:190} INFO - [2024-11-14T07:41:26.225+0000] {override.py:1911} INFO - Created Permission View: can create on DAG Run:example_bash_decorator
[2024-11-14T07:41:26.238+0000] {logging_mixin.py:190} INFO - [2024-11-14T07:41:26.237+0000] {override.py:1911} INFO - Created Permission View: can read on DAG Run:example_bash_decorator
[2024-11-14T07:41:26.248+0000] {logging_mixin.py:190} INFO - [2024-11-14T07:41:26.248+0000] {override.py:1911} INFO - Created Permission View: menu access on DAG Run:example_bash_decorator
[2024-11-14T07:41:26.249+0000] {logging_mixin.py:190} INFO - [2024-11-14T07:41:26.249+0000] {dag.py:3239} INFO - Sync 1 DAGs
[2024-11-14T07:41:26.263+0000] {logging_mixin.py:190} INFO - [2024-11-14T07:41:26.262+0000] {dag.py:3262} INFO - Creating ORM DAG for example_bash_decorator
[2024-11-14T07:41:26.263+0000] {logging_mixin.py:190} INFO - [2024-11-14T07:41:26.263+0000] {dag.py:4180} INFO - Setting next_dagrun for example_bash_decorator to None, run_after=None
[2024-11-14T07:41:26.284+0000] {processor.py:208} INFO - Processing /home/ubuntu/airflow-venv/lib/python3.12/site-packages/airflow/example_dags/example_bash_decorator.py took 0.391 seconds
[2024-11-14T07:42:31.101+0000] {processor.py:186} INFO - Started process (PID=3787) to work on /home/ubuntu/airflow-venv/lib/python3.12/site-packages/airflow/example_dags/example_bash_decorator.py
[2024-11-14T07:42:31.103+0000] {processor.py:914} INFO - Processing file /home/ubuntu/airflow-venv/lib/python3.12/site-packages/airflow/example_dags/example_bash_decorator.py for tasks to queue
[2024-11-14T07:42:31.105+0000] {logging_mixin.py:190} INFO - [2024-11-14T07:42:31.105+0000] {dagbag.py:588} INFO - Filling up the DagBag from /home/ubuntu/airflow-venv/lib/python3.12/site-packages/airflow/example_dags/example_bash_decorator.py
[2024-11-14T07:42:31.130+0000] {processor.py:925} INFO - DAG(s) 'example_bash_decorator' retrieved from /home/ubuntu/airflow-venv/lib/python3.12/site-packages/airflow/example_dags/example_bash_decorator.py
[2024-11-14T07:42:31.154+0000] {logging_mixin.py:190} INFO - [2024-11-14T07:42:31.154+0000] {dag.py:3239} INFO - Sync 1 DAGs
[2024-11-14T07:42:31.169+0000] {logging_mixin.py:190} INFO - [2024-11-14T07:42:31.169+0000] {dag.py:4180} INFO - Setting next_dagrun for example_bash_decorator to None, run_after=None
[2024-11-14T07:42:31.201+0000] {processor.py:208} INFO - Processing /home/ubuntu/airflow-venv/lib/python3.12/site-packages/airflow/example_dags/example_bash_decorator.py took 0.110 seconds
[2024-11-14T07:43:26.879+0000] {processor.py:186} INFO - Started process (PID=3845) to work on /home/ubuntu/airflow-venv/lib/python3.12/site-packages/airflow/example_dags/example_bash_decorator.py
[2024-11-14T07:43:26.880+0000] {processor.py:914} INFO - Processing file /home/ubuntu/airflow-venv/lib/python3.12/site-packages/airflow/example_dags/example_bash_decorator.py for tasks to queue
[2024-11-14T07:43:26.883+0000] {logging_mixin.py:190} INFO - [2024-11-14T07:43:26.883+0000] {dagbag.py:588} INFO - Filling up the DagBag from /home/ubuntu/airflow-venv/lib/python3.12/site-packages/airflow/example_dags/example_bash_decorator.py
[2024-11-14T07:43:26.904+0000] {processor.py:925} INFO - DAG(s) 'example_bash_decorator' retrieved from /home/ubuntu/airflow-venv/lib/python3.12/site-packages/airflow/example_dags/example_bash_decorator.py
[2024-11-14T07:43:26.930+0000] {logging_mixin.py:190} INFO - [2024-11-14T07:43:26.929+0000] {dag.py:3239} INFO - Sync 1 DAGs
[2024-11-14T07:43:26.947+0000] {logging_mixin.py:190} INFO - [2024-11-14T07:43:26.946+0000] {dag.py:4180} INFO - Setting next_dagrun for example_bash_decorator to None, run_after=None
[2024-11-14T07:43:26.974+0000] {processor.py:208} INFO - Processing /home/ubuntu/airflow-venv/lib/python3.12/site-packages/airflow/example_dags/example_bash_decorator.py took 0.103 seconds
[2024-11-14T07:44:51.264+0000] {processor.py:186} INFO - Started process (PID=3926) to work on /home/ubuntu/airflow-venv/lib/python3.12/site-packages/airflow/example_dags/example_bash_decorator.py
[2024-11-14T07:44:51.266+0000] {processor.py:914} INFO - Processing file /home/ubuntu/airflow-venv/lib/python3.12/site-packages/airflow/example_dags/example_bash_decorator.py for tasks to queue
[2024-11-14T07:44:51.268+0000] {logging_mixin.py:190} INFO - [2024-11-14T07:44:51.268+0000] {dagbag.py:588} INFO - Filling up the DagBag from /home/ubuntu/airflow-venv/lib/python3.12/site-packages/airflow/example_dags/example_bash_decorator.py
[2024-11-14T07:44:51.286+0000] {processor.py:925} INFO - DAG(s) 'example_bash_decorator' retrieved from /home/ubuntu/airflow-venv/lib/python3.12/site-packages/airflow/example_dags/example_bash_decorator.py
[2024-11-14T07:44:51.308+0000] {logging_mixin.py:190} INFO - [2024-11-14T07:44:51.308+0000] {dag.py:3239} INFO - Sync 1 DAGs
[2024-11-14T07:44:51.320+0000] {logging_mixin.py:190} INFO - [2024-11-14T07:44:51.320+0000] {dag.py:4180} INFO - Setting next_dagrun for example_bash_decorator to None, run_after=None
[2024-11-14T07:44:51.347+0000] {processor.py:208} INFO - Processing /home/ubuntu/airflow-venv/lib/python3.12/site-packages/airflow/example_dags/example_bash_decorator.py took 0.088 seconds
[2024-11-14T07:45:46.898+0000] {processor.py:186} INFO - Started process (PID=3987) to work on /home/ubuntu/airflow-venv/lib/python3.12/site-packages/airflow/example_dags/example_bash_decorator.py
[2024-11-14T07:45:46.900+0000] {processor.py:914} INFO - Processing file /home/ubuntu/airflow-venv/lib/python3.12/site-packages/airflow/example_dags/example_bash_decorator.py for tasks to queue
[2024-11-14T07:45:46.903+0000] {logging_mixin.py:190} INFO - [2024-11-14T07:45:46.902+0000] {dagbag.py:588} INFO - Filling up the DagBag from /home/ubuntu/airflow-venv/lib/python3.12/site-packages/airflow/example_dags/example_bash_decorator.py
[2024-11-14T07:45:46.923+0000] {processor.py:925} INFO - DAG(s) 'example_bash_decorator' retrieved from /home/ubuntu/airflow-venv/lib/python3.12/site-packages/airflow/example_dags/example_bash_decorator.py
[2024-11-14T07:45:46.943+0000] {logging_mixin.py:190} INFO - [2024-11-14T07:45:46.943+0000] {dag.py:3239} INFO - Sync 1 DAGs
[2024-11-14T07:45:46.956+0000] {logging_mixin.py:190} INFO - [2024-11-14T07:45:46.956+0000] {dag.py:4180} INFO - Setting next_dagrun for example_bash_decorator to None, run_after=None
[2024-11-14T07:45:46.978+0000] {processor.py:208} INFO - Processing /home/ubuntu/airflow-venv/lib/python3.12/site-packages/airflow/example_dags/example_bash_decorator.py took 0.091 seconds
[2024-11-14T07:47:08.736+0000] {processor.py:186} INFO - Started process (PID=4075) to work on /home/ubuntu/airflow-venv/lib/python3.12/site-packages/airflow/example_dags/example_bash_decorator.py
[2024-11-14T07:47:08.738+0000] {processor.py:914} INFO - Processing file /home/ubuntu/airflow-venv/lib/python3.12/site-packages/airflow/example_dags/example_bash_decorator.py for tasks to queue
[2024-11-14T07:47:08.740+0000] {logging_mixin.py:190} INFO - [2024-11-14T07:47:08.740+0000] {dagbag.py:588} INFO - Filling up the DagBag from /home/ubuntu/airflow-venv/lib/python3.12/site-packages/airflow/example_dags/example_bash_decorator.py
[2024-11-14T07:47:08.757+0000] {processor.py:925} INFO - DAG(s) 'example_bash_decorator' retrieved from /home/ubuntu/airflow-venv/lib/python3.12/site-packages/airflow/example_dags/example_bash_decorator.py
[2024-11-14T07:47:08.779+0000] {logging_mixin.py:190} INFO - [2024-11-14T07:47:08.778+0000] {dag.py:3239} INFO - Sync 1 DAGs
[2024-11-14T07:47:08.793+0000] {logging_mixin.py:190} INFO - [2024-11-14T07:47:08.792+0000] {dag.py:4180} INFO - Setting next_dagrun for example_bash_decorator to None, run_after=None
[2024-11-14T07:47:08.818+0000] {processor.py:208} INFO - Processing /home/ubuntu/airflow-venv/lib/python3.12/site-packages/airflow/example_dags/example_bash_decorator.py took 0.089 seconds
[2024-11-14T07:48:09.286+0000] {processor.py:186} INFO - Started process (PID=4335) to work on /home/ubuntu/airflow-venv/lib/python3.12/site-packages/airflow/example_dags/example_bash_decorator.py
[2024-11-14T07:48:09.288+0000] {processor.py:914} INFO - Processing file /home/ubuntu/airflow-venv/lib/python3.12/site-packages/airflow/example_dags/example_bash_decorator.py for tasks to queue
[2024-11-14T07:48:09.291+0000] {logging_mixin.py:190} INFO - [2024-11-14T07:48:09.290+0000] {dagbag.py:588} INFO - Filling up the DagBag from /home/ubuntu/airflow-venv/lib/python3.12/site-packages/airflow/example_dags/example_bash_decorator.py
[2024-11-14T07:48:09.322+0000] {processor.py:925} INFO - DAG(s) 'example_bash_decorator' retrieved from /home/ubuntu/airflow-venv/lib/python3.12/site-packages/airflow/example_dags/example_bash_decorator.py
[2024-11-14T07:48:09.352+0000] {logging_mixin.py:190} INFO - [2024-11-14T07:48:09.352+0000] {dag.py:3239} INFO - Sync 1 DAGs
[2024-11-14T07:48:09.372+0000] {logging_mixin.py:190} INFO - [2024-11-14T07:48:09.372+0000] {dag.py:4180} INFO - Setting next_dagrun for example_bash_decorator to None, run_after=None
[2024-11-14T07:48:09.408+0000] {processor.py:208} INFO - Processing /home/ubuntu/airflow-venv/lib/python3.12/site-packages/airflow/example_dags/example_bash_decorator.py took 0.130 seconds
[2024-11-14T07:49:13.834+0000] {processor.py:186} INFO - Started process (PID=4639) to work on /home/ubuntu/airflow-venv/lib/python3.12/site-packages/airflow/example_dags/example_bash_decorator.py
[2024-11-14T07:49:13.837+0000] {processor.py:914} INFO - Processing file /home/ubuntu/airflow-venv/lib/python3.12/site-packages/airflow/example_dags/example_bash_decorator.py for tasks to queue
[2024-11-14T07:49:13.841+0000] {logging_mixin.py:190} INFO - [2024-11-14T07:49:13.840+0000] {dagbag.py:588} INFO - Filling up the DagBag from /home/ubuntu/airflow-venv/lib/python3.12/site-packages/airflow/example_dags/example_bash_decorator.py
[2024-11-14T07:49:13.879+0000] {processor.py:925} INFO - DAG(s) 'example_bash_decorator' retrieved from /home/ubuntu/airflow-venv/lib/python3.12/site-packages/airflow/example_dags/example_bash_decorator.py
[2024-11-14T07:49:13.925+0000] {logging_mixin.py:190} INFO - [2024-11-14T07:49:13.925+0000] {dag.py:3239} INFO - Sync 1 DAGs
[2024-11-14T07:49:13.945+0000] {logging_mixin.py:190} INFO - [2024-11-14T07:49:13.945+0000] {dag.py:4180} INFO - Setting next_dagrun for example_bash_decorator to None, run_after=None
[2024-11-14T07:49:13.990+0000] {processor.py:208} INFO - Processing /home/ubuntu/airflow-venv/lib/python3.12/site-packages/airflow/example_dags/example_bash_decorator.py took 0.166 seconds
[2024-11-14T07:50:14.549+0000] {processor.py:186} INFO - Started process (PID=4699) to work on /home/ubuntu/airflow-venv/lib/python3.12/site-packages/airflow/example_dags/example_bash_decorator.py
[2024-11-14T07:50:14.553+0000] {processor.py:914} INFO - Processing file /home/ubuntu/airflow-venv/lib/python3.12/site-packages/airflow/example_dags/example_bash_decorator.py for tasks to queue
[2024-11-14T07:50:14.557+0000] {logging_mixin.py:190} INFO - [2024-11-14T07:50:14.557+0000] {dagbag.py:588} INFO - Filling up the DagBag from /home/ubuntu/airflow-venv/lib/python3.12/site-packages/airflow/example_dags/example_bash_decorator.py
[2024-11-14T07:50:14.579+0000] {processor.py:925} INFO - DAG(s) 'example_bash_decorator' retrieved from /home/ubuntu/airflow-venv/lib/python3.12/site-packages/airflow/example_dags/example_bash_decorator.py
[2024-11-14T07:50:14.606+0000] {logging_mixin.py:190} INFO - [2024-11-14T07:50:14.606+0000] {dag.py:3239} INFO - Sync 1 DAGs
[2024-11-14T07:50:14.623+0000] {logging_mixin.py:190} INFO - [2024-11-14T07:50:14.622+0000] {dag.py:4180} INFO - Setting next_dagrun for example_bash_decorator to None, run_after=None
[2024-11-14T07:50:14.673+0000] {processor.py:208} INFO - Processing /home/ubuntu/airflow-venv/lib/python3.12/site-packages/airflow/example_dags/example_bash_decorator.py took 0.131 seconds
[2024-11-14T07:51:19.124+0000] {processor.py:186} INFO - Started process (PID=4765) to work on /home/ubuntu/airflow-venv/lib/python3.12/site-packages/airflow/example_dags/example_bash_decorator.py
[2024-11-14T07:51:19.125+0000] {processor.py:914} INFO - Processing file /home/ubuntu/airflow-venv/lib/python3.12/site-packages/airflow/example_dags/example_bash_decorator.py for tasks to queue
[2024-11-14T07:51:19.127+0000] {logging_mixin.py:190} INFO - [2024-11-14T07:51:19.126+0000] {dagbag.py:588} INFO - Filling up the DagBag from /home/ubuntu/airflow-venv/lib/python3.12/site-packages/airflow/example_dags/example_bash_decorator.py
[2024-11-14T07:51:19.144+0000] {processor.py:925} INFO - DAG(s) 'example_bash_decorator' retrieved from /home/ubuntu/airflow-venv/lib/python3.12/site-packages/airflow/example_dags/example_bash_decorator.py
[2024-11-14T07:51:19.167+0000] {logging_mixin.py:190} INFO - [2024-11-14T07:51:19.167+0000] {dag.py:3239} INFO - Sync 1 DAGs
[2024-11-14T07:51:19.181+0000] {logging_mixin.py:190} INFO - [2024-11-14T07:51:19.181+0000] {dag.py:4180} INFO - Setting next_dagrun for example_bash_decorator to None, run_after=None
[2024-11-14T07:51:19.202+0000] {processor.py:208} INFO - Processing /home/ubuntu/airflow-venv/lib/python3.12/site-packages/airflow/example_dags/example_bash_decorator.py took 0.085 seconds
[2024-11-14T07:52:20.067+0000] {processor.py:186} INFO - Started process (PID=4825) to work on /home/ubuntu/airflow-venv/lib/python3.12/site-packages/airflow/example_dags/example_bash_decorator.py
[2024-11-14T07:52:20.069+0000] {processor.py:914} INFO - Processing file /home/ubuntu/airflow-venv/lib/python3.12/site-packages/airflow/example_dags/example_bash_decorator.py for tasks to queue
[2024-11-14T07:52:20.070+0000] {logging_mixin.py:190} INFO - [2024-11-14T07:52:20.070+0000] {dagbag.py:588} INFO - Filling up the DagBag from /home/ubuntu/airflow-venv/lib/python3.12/site-packages/airflow/example_dags/example_bash_decorator.py
[2024-11-14T07:52:20.088+0000] {processor.py:925} INFO - DAG(s) 'example_bash_decorator' retrieved from /home/ubuntu/airflow-venv/lib/python3.12/site-packages/airflow/example_dags/example_bash_decorator.py
[2024-11-14T07:52:20.109+0000] {logging_mixin.py:190} INFO - [2024-11-14T07:52:20.109+0000] {dag.py:3239} INFO - Sync 1 DAGs
[2024-11-14T07:52:20.122+0000] {logging_mixin.py:190} INFO - [2024-11-14T07:52:20.122+0000] {dag.py:4180} INFO - Setting next_dagrun for example_bash_decorator to None, run_after=None
[2024-11-14T07:52:20.146+0000] {processor.py:208} INFO - Processing /home/ubuntu/airflow-venv/lib/python3.12/site-packages/airflow/example_dags/example_bash_decorator.py took 0.084 seconds
[2024-11-14T07:53:44.791+0000] {processor.py:186} INFO - Started process (PID=4915) to work on /home/ubuntu/airflow-venv/lib/python3.12/site-packages/airflow/example_dags/example_bash_decorator.py
[2024-11-14T07:53:44.793+0000] {processor.py:914} INFO - Processing file /home/ubuntu/airflow-venv/lib/python3.12/site-packages/airflow/example_dags/example_bash_decorator.py for tasks to queue
[2024-11-14T07:53:44.794+0000] {logging_mixin.py:190} INFO - [2024-11-14T07:53:44.794+0000] {dagbag.py:588} INFO - Filling up the DagBag from /home/ubuntu/airflow-venv/lib/python3.12/site-packages/airflow/example_dags/example_bash_decorator.py
[2024-11-14T07:53:44.811+0000] {processor.py:925} INFO - DAG(s) 'example_bash_decorator' retrieved from /home/ubuntu/airflow-venv/lib/python3.12/site-packages/airflow/example_dags/example_bash_decorator.py
[2024-11-14T07:53:44.833+0000] {logging_mixin.py:190} INFO - [2024-11-14T07:53:44.832+0000] {dag.py:3239} INFO - Sync 1 DAGs
[2024-11-14T07:53:44.846+0000] {logging_mixin.py:190} INFO - [2024-11-14T07:53:44.846+0000] {dag.py:4180} INFO - Setting next_dagrun for example_bash_decorator to None, run_after=None
[2024-11-14T07:53:44.889+0000] {processor.py:208} INFO - Processing /home/ubuntu/airflow-venv/lib/python3.12/site-packages/airflow/example_dags/example_bash_decorator.py took 0.104 seconds
[2024-11-14T07:54:46.846+0000] {processor.py:186} INFO - Started process (PID=4975) to work on /home/ubuntu/airflow-venv/lib/python3.12/site-packages/airflow/example_dags/example_bash_decorator.py
[2024-11-14T07:54:46.848+0000] {processor.py:914} INFO - Processing file /home/ubuntu/airflow-venv/lib/python3.12/site-packages/airflow/example_dags/example_bash_decorator.py for tasks to queue
[2024-11-14T07:54:46.849+0000] {logging_mixin.py:190} INFO - [2024-11-14T07:54:46.849+0000] {dagbag.py:588} INFO - Filling up the DagBag from /home/ubuntu/airflow-venv/lib/python3.12/site-packages/airflow/example_dags/example_bash_decorator.py
[2024-11-14T07:54:46.867+0000] {processor.py:925} INFO - DAG(s) 'example_bash_decorator' retrieved from /home/ubuntu/airflow-venv/lib/python3.12/site-packages/airflow/example_dags/example_bash_decorator.py
[2024-11-14T07:54:46.896+0000] {logging_mixin.py:190} INFO - [2024-11-14T07:54:46.896+0000] {dag.py:3239} INFO - Sync 1 DAGs
[2024-11-14T07:54:46.911+0000] {logging_mixin.py:190} INFO - [2024-11-14T07:54:46.911+0000] {dag.py:4180} INFO - Setting next_dagrun for example_bash_decorator to None, run_after=None
[2024-11-14T07:54:46.935+0000] {processor.py:208} INFO - Processing /home/ubuntu/airflow-venv/lib/python3.12/site-packages/airflow/example_dags/example_bash_decorator.py took 0.096 seconds
[2024-11-14T07:55:46.667+0000] {processor.py:186} INFO - Started process (PID=5038) to work on /home/ubuntu/airflow-venv/lib/python3.12/site-packages/airflow/example_dags/example_bash_decorator.py
[2024-11-14T07:55:46.668+0000] {processor.py:914} INFO - Processing file /home/ubuntu/airflow-venv/lib/python3.12/site-packages/airflow/example_dags/example_bash_decorator.py for tasks to queue
[2024-11-14T07:55:46.670+0000] {logging_mixin.py:190} INFO - [2024-11-14T07:55:46.669+0000] {dagbag.py:588} INFO - Filling up the DagBag from /home/ubuntu/airflow-venv/lib/python3.12/site-packages/airflow/example_dags/example_bash_decorator.py
[2024-11-14T07:55:46.689+0000] {processor.py:925} INFO - DAG(s) 'example_bash_decorator' retrieved from /home/ubuntu/airflow-venv/lib/python3.12/site-packages/airflow/example_dags/example_bash_decorator.py
[2024-11-14T07:55:46.715+0000] {logging_mixin.py:190} INFO - [2024-11-14T07:55:46.715+0000] {dag.py:3239} INFO - Sync 1 DAGs
[2024-11-14T07:55:46.738+0000] {logging_mixin.py:190} INFO - [2024-11-14T07:55:46.736+0000] {dag.py:4180} INFO - Setting next_dagrun for example_bash_decorator to None, run_after=None
[2024-11-14T07:55:46.768+0000] {processor.py:208} INFO - Processing /home/ubuntu/airflow-venv/lib/python3.12/site-packages/airflow/example_dags/example_bash_decorator.py took 0.108 seconds
[2024-11-14T07:56:46.661+0000] {processor.py:186} INFO - Started process (PID=5099) to work on /home/ubuntu/airflow-venv/lib/python3.12/site-packages/airflow/example_dags/example_bash_decorator.py
[2024-11-14T07:56:46.663+0000] {processor.py:914} INFO - Processing file /home/ubuntu/airflow-venv/lib/python3.12/site-packages/airflow/example_dags/example_bash_decorator.py for tasks to queue
[2024-11-14T07:56:46.665+0000] {logging_mixin.py:190} INFO - [2024-11-14T07:56:46.664+0000] {dagbag.py:588} INFO - Filling up the DagBag from /home/ubuntu/airflow-venv/lib/python3.12/site-packages/airflow/example_dags/example_bash_decorator.py
[2024-11-14T07:56:46.682+0000] {processor.py:925} INFO - DAG(s) 'example_bash_decorator' retrieved from /home/ubuntu/airflow-venv/lib/python3.12/site-packages/airflow/example_dags/example_bash_decorator.py
[2024-11-14T07:56:46.702+0000] {logging_mixin.py:190} INFO - [2024-11-14T07:56:46.702+0000] {dag.py:3239} INFO - Sync 1 DAGs
[2024-11-14T07:56:46.716+0000] {logging_mixin.py:190} INFO - [2024-11-14T07:56:46.716+0000] {dag.py:4180} INFO - Setting next_dagrun for example_bash_decorator to None, run_after=None
[2024-11-14T07:56:46.739+0000] {processor.py:208} INFO - Processing /home/ubuntu/airflow-venv/lib/python3.12/site-packages/airflow/example_dags/example_bash_decorator.py took 0.083 seconds
[2024-11-14T07:57:46.942+0000] {processor.py:186} INFO - Started process (PID=5161) to work on /home/ubuntu/airflow-venv/lib/python3.12/site-packages/airflow/example_dags/example_bash_decorator.py
[2024-11-14T07:57:46.944+0000] {processor.py:914} INFO - Processing file /home/ubuntu/airflow-venv/lib/python3.12/site-packages/airflow/example_dags/example_bash_decorator.py for tasks to queue
[2024-11-14T07:57:46.945+0000] {logging_mixin.py:190} INFO - [2024-11-14T07:57:46.945+0000] {dagbag.py:588} INFO - Filling up the DagBag from /home/ubuntu/airflow-venv/lib/python3.12/site-packages/airflow/example_dags/example_bash_decorator.py
[2024-11-14T07:57:46.962+0000] {processor.py:925} INFO - DAG(s) 'example_bash_decorator' retrieved from /home/ubuntu/airflow-venv/lib/python3.12/site-packages/airflow/example_dags/example_bash_decorator.py
[2024-11-14T07:57:46.982+0000] {logging_mixin.py:190} INFO - [2024-11-14T07:57:46.982+0000] {dag.py:3239} INFO - Sync 1 DAGs
[2024-11-14T07:57:46.999+0000] {logging_mixin.py:190} INFO - [2024-11-14T07:57:46.999+0000] {dag.py:4180} INFO - Setting next_dagrun for example_bash_decorator to None, run_after=None
[2024-11-14T07:57:47.022+0000] {processor.py:208} INFO - Processing /home/ubuntu/airflow-venv/lib/python3.12/site-packages/airflow/example_dags/example_bash_decorator.py took 0.086 seconds
[2024-11-14T07:58:46.902+0000] {processor.py:186} INFO - Started process (PID=5221) to work on /home/ubuntu/airflow-venv/lib/python3.12/site-packages/airflow/example_dags/example_bash_decorator.py
[2024-11-14T07:58:46.904+0000] {processor.py:914} INFO - Processing file /home/ubuntu/airflow-venv/lib/python3.12/site-packages/airflow/example_dags/example_bash_decorator.py for tasks to queue
[2024-11-14T07:58:46.905+0000] {logging_mixin.py:190} INFO - [2024-11-14T07:58:46.904+0000] {dagbag.py:588} INFO - Filling up the DagBag from /home/ubuntu/airflow-venv/lib/python3.12/site-packages/airflow/example_dags/example_bash_decorator.py
[2024-11-14T07:58:46.923+0000] {processor.py:925} INFO - DAG(s) 'example_bash_decorator' retrieved from /home/ubuntu/airflow-venv/lib/python3.12/site-packages/airflow/example_dags/example_bash_decorator.py
[2024-11-14T07:58:46.965+0000] {logging_mixin.py:190} INFO - [2024-11-14T07:58:46.965+0000] {dag.py:3239} INFO - Sync 1 DAGs
[2024-11-14T07:58:46.981+0000] {logging_mixin.py:190} INFO - [2024-11-14T07:58:46.981+0000] {dag.py:4180} INFO - Setting next_dagrun for example_bash_decorator to None, run_after=None
[2024-11-14T07:58:47.004+0000] {processor.py:208} INFO - Processing /home/ubuntu/airflow-venv/lib/python3.12/site-packages/airflow/example_dags/example_bash_decorator.py took 0.109 seconds
[2024-11-14T07:59:47.038+0000] {processor.py:186} INFO - Started process (PID=5281) to work on /home/ubuntu/airflow-venv/lib/python3.12/site-packages/airflow/example_dags/example_bash_decorator.py
[2024-11-14T07:59:47.040+0000] {processor.py:914} INFO - Processing file /home/ubuntu/airflow-venv/lib/python3.12/site-packages/airflow/example_dags/example_bash_decorator.py for tasks to queue
[2024-11-14T07:59:47.041+0000] {logging_mixin.py:190} INFO - [2024-11-14T07:59:47.041+0000] {dagbag.py:588} INFO - Filling up the DagBag from /home/ubuntu/airflow-venv/lib/python3.12/site-packages/airflow/example_dags/example_bash_decorator.py
[2024-11-14T07:59:47.058+0000] {processor.py:925} INFO - DAG(s) 'example_bash_decorator' retrieved from /home/ubuntu/airflow-venv/lib/python3.12/site-packages/airflow/example_dags/example_bash_decorator.py
[2024-11-14T07:59:47.080+0000] {logging_mixin.py:190} INFO - [2024-11-14T07:59:47.080+0000] {dag.py:3239} INFO - Sync 1 DAGs
[2024-11-14T07:59:47.095+0000] {logging_mixin.py:190} INFO - [2024-11-14T07:59:47.095+0000] {dag.py:4180} INFO - Setting next_dagrun for example_bash_decorator to None, run_after=None
[2024-11-14T07:59:47.119+0000] {processor.py:208} INFO - Processing /home/ubuntu/airflow-venv/lib/python3.12/site-packages/airflow/example_dags/example_bash_decorator.py took 0.087 seconds
[2024-11-14T08:00:47.833+0000] {processor.py:186} INFO - Started process (PID=5347) to work on /home/ubuntu/airflow-venv/lib/python3.12/site-packages/airflow/example_dags/example_bash_decorator.py
[2024-11-14T08:00:47.835+0000] {processor.py:914} INFO - Processing file /home/ubuntu/airflow-venv/lib/python3.12/site-packages/airflow/example_dags/example_bash_decorator.py for tasks to queue
[2024-11-14T08:00:47.837+0000] {logging_mixin.py:190} INFO - [2024-11-14T08:00:47.837+0000] {dagbag.py:588} INFO - Filling up the DagBag from /home/ubuntu/airflow-venv/lib/python3.12/site-packages/airflow/example_dags/example_bash_decorator.py
[2024-11-14T08:00:47.853+0000] {processor.py:925} INFO - DAG(s) 'example_bash_decorator' retrieved from /home/ubuntu/airflow-venv/lib/python3.12/site-packages/airflow/example_dags/example_bash_decorator.py
[2024-11-14T08:00:47.875+0000] {logging_mixin.py:190} INFO - [2024-11-14T08:00:47.874+0000] {dag.py:3239} INFO - Sync 1 DAGs
[2024-11-14T08:00:47.890+0000] {logging_mixin.py:190} INFO - [2024-11-14T08:00:47.890+0000] {dag.py:4180} INFO - Setting next_dagrun for example_bash_decorator to None, run_after=None
[2024-11-14T08:00:47.918+0000] {processor.py:208} INFO - Processing /home/ubuntu/airflow-venv/lib/python3.12/site-packages/airflow/example_dags/example_bash_decorator.py took 0.091 seconds
[2024-11-14T08:01:47.893+0000] {processor.py:186} INFO - Started process (PID=5407) to work on /home/ubuntu/airflow-venv/lib/python3.12/site-packages/airflow/example_dags/example_bash_decorator.py
[2024-11-14T08:01:47.894+0000] {processor.py:914} INFO - Processing file /home/ubuntu/airflow-venv/lib/python3.12/site-packages/airflow/example_dags/example_bash_decorator.py for tasks to queue
[2024-11-14T08:01:47.896+0000] {logging_mixin.py:190} INFO - [2024-11-14T08:01:47.895+0000] {dagbag.py:588} INFO - Filling up the DagBag from /home/ubuntu/airflow-venv/lib/python3.12/site-packages/airflow/example_dags/example_bash_decorator.py
[2024-11-14T08:01:47.913+0000] {processor.py:925} INFO - DAG(s) 'example_bash_decorator' retrieved from /home/ubuntu/airflow-venv/lib/python3.12/site-packages/airflow/example_dags/example_bash_decorator.py
[2024-11-14T08:01:47.934+0000] {logging_mixin.py:190} INFO - [2024-11-14T08:01:47.934+0000] {dag.py:3239} INFO - Sync 1 DAGs
[2024-11-14T08:01:47.948+0000] {logging_mixin.py:190} INFO - [2024-11-14T08:01:47.947+0000] {dag.py:4180} INFO - Setting next_dagrun for example_bash_decorator to None, run_after=None
[2024-11-14T08:01:47.968+0000] {processor.py:208} INFO - Processing /home/ubuntu/airflow-venv/lib/python3.12/site-packages/airflow/example_dags/example_bash_decorator.py took 0.082 seconds
[2024-11-14T08:02:47.547+0000] {processor.py:186} INFO - Started process (PID=5470) to work on /home/ubuntu/airflow-venv/lib/python3.12/site-packages/airflow/example_dags/example_bash_decorator.py
[2024-11-14T08:02:47.548+0000] {processor.py:914} INFO - Processing file /home/ubuntu/airflow-venv/lib/python3.12/site-packages/airflow/example_dags/example_bash_decorator.py for tasks to queue
[2024-11-14T08:02:47.550+0000] {logging_mixin.py:190} INFO - [2024-11-14T08:02:47.549+0000] {dagbag.py:588} INFO - Filling up the DagBag from /home/ubuntu/airflow-venv/lib/python3.12/site-packages/airflow/example_dags/example_bash_decorator.py
[2024-11-14T08:02:47.568+0000] {processor.py:925} INFO - DAG(s) 'example_bash_decorator' retrieved from /home/ubuntu/airflow-venv/lib/python3.12/site-packages/airflow/example_dags/example_bash_decorator.py
[2024-11-14T08:02:47.591+0000] {logging_mixin.py:190} INFO - [2024-11-14T08:02:47.590+0000] {dag.py:3239} INFO - Sync 1 DAGs
[2024-11-14T08:02:47.604+0000] {logging_mixin.py:190} INFO - [2024-11-14T08:02:47.604+0000] {dag.py:4180} INFO - Setting next_dagrun for example_bash_decorator to None, run_after=None
[2024-11-14T08:02:47.630+0000] {processor.py:208} INFO - Processing /home/ubuntu/airflow-venv/lib/python3.12/site-packages/airflow/example_dags/example_bash_decorator.py took 0.090 seconds
