[2024-11-14T07:40:38.026+0000] {processor.py:186} INFO - Started process (PID=3681) to work on /home/ubuntu/airflow-venv/lib/python3.12/site-packages/airflow/example_dags/example_time_delta_sensor_async.py
[2024-11-14T07:40:38.028+0000] {processor.py:914} INFO - Processing file /home/ubuntu/airflow-venv/lib/python3.12/site-packages/airflow/example_dags/example_time_delta_sensor_async.py for tasks to queue
[2024-11-14T07:40:38.031+0000] {logging_mixin.py:190} INFO - [2024-11-14T07:40:38.030+0000] {dagbag.py:588} INFO - Filling up the DagBag from /home/ubuntu/airflow-venv/lib/python3.12/site-packages/airflow/example_dags/example_time_delta_sensor_async.py
[2024-11-14T07:40:38.041+0000] {processor.py:925} INFO - DAG(s) 'example_time_delta_sensor_async' retrieved from /home/ubuntu/airflow-venv/lib/python3.12/site-packages/airflow/example_dags/example_time_delta_sensor_async.py
[2024-11-14T07:40:38.171+0000] {logging_mixin.py:190} INFO - [2024-11-14T07:40:38.171+0000] {override.py:1911} INFO - Created Permission View: can delete on DAG:example_time_delta_sensor_async
[2024-11-14T07:40:38.184+0000] {logging_mixin.py:190} INFO - [2024-11-14T07:40:38.184+0000] {override.py:1911} INFO - Created Permission View: can read on DAG:example_time_delta_sensor_async
[2024-11-14T07:40:38.193+0000] {logging_mixin.py:190} INFO - [2024-11-14T07:40:38.193+0000] {override.py:1911} INFO - Created Permission View: can edit on DAG:example_time_delta_sensor_async
[2024-11-14T07:40:38.209+0000] {logging_mixin.py:190} INFO - [2024-11-14T07:40:38.208+0000] {override.py:1911} INFO - Created Permission View: can delete on DAG Run:example_time_delta_sensor_async
[2024-11-14T07:40:38.219+0000] {logging_mixin.py:190} INFO - [2024-11-14T07:40:38.218+0000] {override.py:1911} INFO - Created Permission View: can create on DAG Run:example_time_delta_sensor_async
[2024-11-14T07:40:38.232+0000] {logging_mixin.py:190} INFO - [2024-11-14T07:40:38.231+0000] {override.py:1911} INFO - Created Permission View: can read on DAG Run:example_time_delta_sensor_async
[2024-11-14T07:40:38.244+0000] {logging_mixin.py:190} INFO - [2024-11-14T07:40:38.243+0000] {override.py:1911} INFO - Created Permission View: menu access on DAG Run:example_time_delta_sensor_async
[2024-11-14T07:40:38.244+0000] {logging_mixin.py:190} INFO - [2024-11-14T07:40:38.244+0000] {dag.py:3239} INFO - Sync 1 DAGs
[2024-11-14T07:40:38.262+0000] {logging_mixin.py:190} INFO - [2024-11-14T07:40:38.261+0000] {dag.py:3262} INFO - Creating ORM DAG for example_time_delta_sensor_async
[2024-11-14T07:40:38.262+0000] {logging_mixin.py:190} INFO - [2024-11-14T07:40:38.262+0000] {dag.py:4180} INFO - Setting next_dagrun for example_time_delta_sensor_async to None, run_after=None
[2024-11-14T07:40:38.287+0000] {processor.py:208} INFO - Processing /home/ubuntu/airflow-venv/lib/python3.12/site-packages/airflow/example_dags/example_time_delta_sensor_async.py took 0.267 seconds
[2024-11-14T07:41:46.915+0000] {processor.py:186} INFO - Started process (PID=3743) to work on /home/ubuntu/airflow-venv/lib/python3.12/site-packages/airflow/example_dags/example_time_delta_sensor_async.py
[2024-11-14T07:41:46.916+0000] {processor.py:914} INFO - Processing file /home/ubuntu/airflow-venv/lib/python3.12/site-packages/airflow/example_dags/example_time_delta_sensor_async.py for tasks to queue
[2024-11-14T07:41:46.918+0000] {logging_mixin.py:190} INFO - [2024-11-14T07:41:46.918+0000] {dagbag.py:588} INFO - Filling up the DagBag from /home/ubuntu/airflow-venv/lib/python3.12/site-packages/airflow/example_dags/example_time_delta_sensor_async.py
[2024-11-14T07:41:46.926+0000] {processor.py:925} INFO - DAG(s) 'example_time_delta_sensor_async' retrieved from /home/ubuntu/airflow-venv/lib/python3.12/site-packages/airflow/example_dags/example_time_delta_sensor_async.py
[2024-11-14T07:41:46.943+0000] {logging_mixin.py:190} INFO - [2024-11-14T07:41:46.943+0000] {dag.py:3239} INFO - Sync 1 DAGs
[2024-11-14T07:41:46.956+0000] {logging_mixin.py:190} INFO - [2024-11-14T07:41:46.956+0000] {dag.py:4180} INFO - Setting next_dagrun for example_time_delta_sensor_async to None, run_after=None
[2024-11-14T07:41:46.979+0000] {processor.py:208} INFO - Processing /home/ubuntu/airflow-venv/lib/python3.12/site-packages/airflow/example_dags/example_time_delta_sensor_async.py took 0.070 seconds
[2024-11-14T07:42:43.920+0000] {processor.py:186} INFO - Started process (PID=3800) to work on /home/ubuntu/airflow-venv/lib/python3.12/site-packages/airflow/example_dags/example_time_delta_sensor_async.py
[2024-11-14T07:42:43.922+0000] {processor.py:914} INFO - Processing file /home/ubuntu/airflow-venv/lib/python3.12/site-packages/airflow/example_dags/example_time_delta_sensor_async.py for tasks to queue
[2024-11-14T07:42:43.924+0000] {logging_mixin.py:190} INFO - [2024-11-14T07:42:43.924+0000] {dagbag.py:588} INFO - Filling up the DagBag from /home/ubuntu/airflow-venv/lib/python3.12/site-packages/airflow/example_dags/example_time_delta_sensor_async.py
[2024-11-14T07:42:43.933+0000] {processor.py:925} INFO - DAG(s) 'example_time_delta_sensor_async' retrieved from /home/ubuntu/airflow-venv/lib/python3.12/site-packages/airflow/example_dags/example_time_delta_sensor_async.py
[2024-11-14T07:42:43.951+0000] {logging_mixin.py:190} INFO - [2024-11-14T07:42:43.951+0000] {dag.py:3239} INFO - Sync 1 DAGs
[2024-11-14T07:42:43.965+0000] {logging_mixin.py:190} INFO - [2024-11-14T07:42:43.964+0000] {dag.py:4180} INFO - Setting next_dagrun for example_time_delta_sensor_async to None, run_after=None
[2024-11-14T07:42:43.993+0000] {processor.py:208} INFO - Processing /home/ubuntu/airflow-venv/lib/python3.12/site-packages/airflow/example_dags/example_time_delta_sensor_async.py took 0.084 seconds
[2024-11-14T07:43:37.177+0000] {processor.py:186} INFO - Started process (PID=3855) to work on /home/ubuntu/airflow-venv/lib/python3.12/site-packages/airflow/example_dags/example_time_delta_sensor_async.py
[2024-11-14T07:43:37.179+0000] {processor.py:914} INFO - Processing file /home/ubuntu/airflow-venv/lib/python3.12/site-packages/airflow/example_dags/example_time_delta_sensor_async.py for tasks to queue
[2024-11-14T07:43:37.181+0000] {logging_mixin.py:190} INFO - [2024-11-14T07:43:37.181+0000] {dagbag.py:588} INFO - Filling up the DagBag from /home/ubuntu/airflow-venv/lib/python3.12/site-packages/airflow/example_dags/example_time_delta_sensor_async.py
[2024-11-14T07:43:37.189+0000] {processor.py:925} INFO - DAG(s) 'example_time_delta_sensor_async' retrieved from /home/ubuntu/airflow-venv/lib/python3.12/site-packages/airflow/example_dags/example_time_delta_sensor_async.py
[2024-11-14T07:43:37.205+0000] {logging_mixin.py:190} INFO - [2024-11-14T07:43:37.205+0000] {dag.py:3239} INFO - Sync 1 DAGs
[2024-11-14T07:43:37.217+0000] {logging_mixin.py:190} INFO - [2024-11-14T07:43:37.217+0000] {dag.py:4180} INFO - Setting next_dagrun for example_time_delta_sensor_async to None, run_after=None
[2024-11-14T07:43:37.241+0000] {processor.py:208} INFO - Processing /home/ubuntu/airflow-venv/lib/python3.12/site-packages/airflow/example_dags/example_time_delta_sensor_async.py took 0.070 seconds
[2024-11-14T07:44:35.673+0000] {processor.py:186} INFO - Started process (PID=3911) to work on /home/ubuntu/airflow-venv/lib/python3.12/site-packages/airflow/example_dags/example_time_delta_sensor_async.py
[2024-11-14T07:44:35.675+0000] {processor.py:914} INFO - Processing file /home/ubuntu/airflow-venv/lib/python3.12/site-packages/airflow/example_dags/example_time_delta_sensor_async.py for tasks to queue
[2024-11-14T07:44:35.678+0000] {logging_mixin.py:190} INFO - [2024-11-14T07:44:35.678+0000] {dagbag.py:588} INFO - Filling up the DagBag from /home/ubuntu/airflow-venv/lib/python3.12/site-packages/airflow/example_dags/example_time_delta_sensor_async.py
[2024-11-14T07:44:35.686+0000] {processor.py:925} INFO - DAG(s) 'example_time_delta_sensor_async' retrieved from /home/ubuntu/airflow-venv/lib/python3.12/site-packages/airflow/example_dags/example_time_delta_sensor_async.py
[2024-11-14T07:44:35.705+0000] {logging_mixin.py:190} INFO - [2024-11-14T07:44:35.705+0000] {dag.py:3239} INFO - Sync 1 DAGs
[2024-11-14T07:44:35.720+0000] {logging_mixin.py:190} INFO - [2024-11-14T07:44:35.719+0000] {dag.py:4180} INFO - Setting next_dagrun for example_time_delta_sensor_async to None, run_after=None
[2024-11-14T07:44:35.744+0000] {processor.py:208} INFO - Processing /home/ubuntu/airflow-venv/lib/python3.12/site-packages/airflow/example_dags/example_time_delta_sensor_async.py took 0.076 seconds
[2024-11-14T07:45:31.250+0000] {processor.py:186} INFO - Started process (PID=3971) to work on /home/ubuntu/airflow-venv/lib/python3.12/site-packages/airflow/example_dags/example_time_delta_sensor_async.py
[2024-11-14T07:45:31.251+0000] {processor.py:914} INFO - Processing file /home/ubuntu/airflow-venv/lib/python3.12/site-packages/airflow/example_dags/example_time_delta_sensor_async.py for tasks to queue
[2024-11-14T07:45:31.254+0000] {logging_mixin.py:190} INFO - [2024-11-14T07:45:31.254+0000] {dagbag.py:588} INFO - Filling up the DagBag from /home/ubuntu/airflow-venv/lib/python3.12/site-packages/airflow/example_dags/example_time_delta_sensor_async.py
[2024-11-14T07:45:31.262+0000] {processor.py:925} INFO - DAG(s) 'example_time_delta_sensor_async' retrieved from /home/ubuntu/airflow-venv/lib/python3.12/site-packages/airflow/example_dags/example_time_delta_sensor_async.py
[2024-11-14T07:45:31.278+0000] {logging_mixin.py:190} INFO - [2024-11-14T07:45:31.278+0000] {dag.py:3239} INFO - Sync 1 DAGs
[2024-11-14T07:45:31.291+0000] {logging_mixin.py:190} INFO - [2024-11-14T07:45:31.290+0000] {dag.py:4180} INFO - Setting next_dagrun for example_time_delta_sensor_async to None, run_after=None
[2024-11-14T07:45:31.314+0000] {processor.py:208} INFO - Processing /home/ubuntu/airflow-venv/lib/python3.12/site-packages/airflow/example_dags/example_time_delta_sensor_async.py took 0.070 seconds
[2024-11-14T07:46:24.018+0000] {processor.py:186} INFO - Started process (PID=4030) to work on /home/ubuntu/airflow-venv/lib/python3.12/site-packages/airflow/example_dags/example_time_delta_sensor_async.py
[2024-11-14T07:46:24.020+0000] {processor.py:914} INFO - Processing file /home/ubuntu/airflow-venv/lib/python3.12/site-packages/airflow/example_dags/example_time_delta_sensor_async.py for tasks to queue
[2024-11-14T07:46:24.023+0000] {logging_mixin.py:190} INFO - [2024-11-14T07:46:24.022+0000] {dagbag.py:588} INFO - Filling up the DagBag from /home/ubuntu/airflow-venv/lib/python3.12/site-packages/airflow/example_dags/example_time_delta_sensor_async.py
[2024-11-14T07:46:24.031+0000] {processor.py:925} INFO - DAG(s) 'example_time_delta_sensor_async' retrieved from /home/ubuntu/airflow-venv/lib/python3.12/site-packages/airflow/example_dags/example_time_delta_sensor_async.py
[2024-11-14T07:46:24.049+0000] {logging_mixin.py:190} INFO - [2024-11-14T07:46:24.049+0000] {dag.py:3239} INFO - Sync 1 DAGs
[2024-11-14T07:46:24.063+0000] {logging_mixin.py:190} INFO - [2024-11-14T07:46:24.063+0000] {dag.py:4180} INFO - Setting next_dagrun for example_time_delta_sensor_async to None, run_after=None
[2024-11-14T07:46:24.091+0000] {processor.py:208} INFO - Processing /home/ubuntu/airflow-venv/lib/python3.12/site-packages/airflow/example_dags/example_time_delta_sensor_async.py took 0.079 seconds
[2024-11-14T07:47:19.424+0000] {processor.py:186} INFO - Started process (PID=4086) to work on /home/ubuntu/airflow-venv/lib/python3.12/site-packages/airflow/example_dags/example_time_delta_sensor_async.py
[2024-11-14T07:47:19.425+0000] {processor.py:914} INFO - Processing file /home/ubuntu/airflow-venv/lib/python3.12/site-packages/airflow/example_dags/example_time_delta_sensor_async.py for tasks to queue
[2024-11-14T07:47:19.428+0000] {logging_mixin.py:190} INFO - [2024-11-14T07:47:19.427+0000] {dagbag.py:588} INFO - Filling up the DagBag from /home/ubuntu/airflow-venv/lib/python3.12/site-packages/airflow/example_dags/example_time_delta_sensor_async.py
[2024-11-14T07:47:19.435+0000] {processor.py:925} INFO - DAG(s) 'example_time_delta_sensor_async' retrieved from /home/ubuntu/airflow-venv/lib/python3.12/site-packages/airflow/example_dags/example_time_delta_sensor_async.py
[2024-11-14T07:47:19.452+0000] {logging_mixin.py:190} INFO - [2024-11-14T07:47:19.452+0000] {dag.py:3239} INFO - Sync 1 DAGs
[2024-11-14T07:47:19.464+0000] {logging_mixin.py:190} INFO - [2024-11-14T07:47:19.464+0000] {dag.py:4180} INFO - Setting next_dagrun for example_time_delta_sensor_async to None, run_after=None
[2024-11-14T07:47:19.487+0000] {processor.py:208} INFO - Processing /home/ubuntu/airflow-venv/lib/python3.12/site-packages/airflow/example_dags/example_time_delta_sensor_async.py took 0.070 seconds
[2024-11-14T07:48:21.784+0000] {processor.py:186} INFO - Started process (PID=4567) to work on /home/ubuntu/airflow-venv/lib/python3.12/site-packages/airflow/example_dags/example_time_delta_sensor_async.py
[2024-11-14T07:48:21.787+0000] {processor.py:914} INFO - Processing file /home/ubuntu/airflow-venv/lib/python3.12/site-packages/airflow/example_dags/example_time_delta_sensor_async.py for tasks to queue
[2024-11-14T07:48:21.790+0000] {logging_mixin.py:190} INFO - [2024-11-14T07:48:21.790+0000] {dagbag.py:588} INFO - Filling up the DagBag from /home/ubuntu/airflow-venv/lib/python3.12/site-packages/airflow/example_dags/example_time_delta_sensor_async.py
[2024-11-14T07:48:21.805+0000] {processor.py:925} INFO - DAG(s) 'example_time_delta_sensor_async' retrieved from /home/ubuntu/airflow-venv/lib/python3.12/site-packages/airflow/example_dags/example_time_delta_sensor_async.py
[2024-11-14T07:48:21.835+0000] {logging_mixin.py:190} INFO - [2024-11-14T07:48:21.835+0000] {dag.py:3239} INFO - Sync 1 DAGs
[2024-11-14T07:48:21.859+0000] {logging_mixin.py:190} INFO - [2024-11-14T07:48:21.859+0000] {dag.py:4180} INFO - Setting next_dagrun for example_time_delta_sensor_async to None, run_after=None
[2024-11-14T07:48:21.910+0000] {processor.py:208} INFO - Processing /home/ubuntu/airflow-venv/lib/python3.12/site-packages/airflow/example_dags/example_time_delta_sensor_async.py took 0.137 seconds
[2024-11-14T07:49:25.271+0000] {processor.py:186} INFO - Started process (PID=4650) to work on /home/ubuntu/airflow-venv/lib/python3.12/site-packages/airflow/example_dags/example_time_delta_sensor_async.py
[2024-11-14T07:49:25.273+0000] {processor.py:914} INFO - Processing file /home/ubuntu/airflow-venv/lib/python3.12/site-packages/airflow/example_dags/example_time_delta_sensor_async.py for tasks to queue
[2024-11-14T07:49:25.275+0000] {logging_mixin.py:190} INFO - [2024-11-14T07:49:25.275+0000] {dagbag.py:588} INFO - Filling up the DagBag from /home/ubuntu/airflow-venv/lib/python3.12/site-packages/airflow/example_dags/example_time_delta_sensor_async.py
[2024-11-14T07:49:25.295+0000] {processor.py:925} INFO - DAG(s) 'example_time_delta_sensor_async' retrieved from /home/ubuntu/airflow-venv/lib/python3.12/site-packages/airflow/example_dags/example_time_delta_sensor_async.py
[2024-11-14T07:49:25.327+0000] {logging_mixin.py:190} INFO - [2024-11-14T07:49:25.327+0000] {dag.py:3239} INFO - Sync 1 DAGs
[2024-11-14T07:49:25.359+0000] {logging_mixin.py:190} INFO - [2024-11-14T07:49:25.359+0000] {dag.py:4180} INFO - Setting next_dagrun for example_time_delta_sensor_async to None, run_after=None
[2024-11-14T07:49:25.392+0000] {processor.py:208} INFO - Processing /home/ubuntu/airflow-venv/lib/python3.12/site-packages/airflow/example_dags/example_time_delta_sensor_async.py took 0.128 seconds
[2024-11-14T07:50:24.847+0000] {processor.py:186} INFO - Started process (PID=4712) to work on /home/ubuntu/airflow-venv/lib/python3.12/site-packages/airflow/example_dags/example_time_delta_sensor_async.py
[2024-11-14T07:50:24.848+0000] {processor.py:914} INFO - Processing file /home/ubuntu/airflow-venv/lib/python3.12/site-packages/airflow/example_dags/example_time_delta_sensor_async.py for tasks to queue
[2024-11-14T07:50:24.850+0000] {logging_mixin.py:190} INFO - [2024-11-14T07:50:24.849+0000] {dagbag.py:588} INFO - Filling up the DagBag from /home/ubuntu/airflow-venv/lib/python3.12/site-packages/airflow/example_dags/example_time_delta_sensor_async.py
[2024-11-14T07:50:24.860+0000] {processor.py:925} INFO - DAG(s) 'example_time_delta_sensor_async' retrieved from /home/ubuntu/airflow-venv/lib/python3.12/site-packages/airflow/example_dags/example_time_delta_sensor_async.py
[2024-11-14T07:50:24.879+0000] {logging_mixin.py:190} INFO - [2024-11-14T07:50:24.879+0000] {dag.py:3239} INFO - Sync 1 DAGs
[2024-11-14T07:50:24.893+0000] {logging_mixin.py:190} INFO - [2024-11-14T07:50:24.893+0000] {dag.py:4180} INFO - Setting next_dagrun for example_time_delta_sensor_async to None, run_after=None
[2024-11-14T07:50:24.918+0000] {processor.py:208} INFO - Processing /home/ubuntu/airflow-venv/lib/python3.12/site-packages/airflow/example_dags/example_time_delta_sensor_async.py took 0.078 seconds
[2024-11-14T07:51:29.656+0000] {processor.py:186} INFO - Started process (PID=4777) to work on /home/ubuntu/airflow-venv/lib/python3.12/site-packages/airflow/example_dags/example_time_delta_sensor_async.py
[2024-11-14T07:51:29.658+0000] {processor.py:914} INFO - Processing file /home/ubuntu/airflow-venv/lib/python3.12/site-packages/airflow/example_dags/example_time_delta_sensor_async.py for tasks to queue
[2024-11-14T07:51:29.660+0000] {logging_mixin.py:190} INFO - [2024-11-14T07:51:29.659+0000] {dagbag.py:588} INFO - Filling up the DagBag from /home/ubuntu/airflow-venv/lib/python3.12/site-packages/airflow/example_dags/example_time_delta_sensor_async.py
[2024-11-14T07:51:29.669+0000] {processor.py:925} INFO - DAG(s) 'example_time_delta_sensor_async' retrieved from /home/ubuntu/airflow-venv/lib/python3.12/site-packages/airflow/example_dags/example_time_delta_sensor_async.py
[2024-11-14T07:51:29.687+0000] {logging_mixin.py:190} INFO - [2024-11-14T07:51:29.687+0000] {dag.py:3239} INFO - Sync 1 DAGs
[2024-11-14T07:51:29.702+0000] {logging_mixin.py:190} INFO - [2024-11-14T07:51:29.702+0000] {dag.py:4180} INFO - Setting next_dagrun for example_time_delta_sensor_async to None, run_after=None
[2024-11-14T07:51:29.725+0000] {processor.py:208} INFO - Processing /home/ubuntu/airflow-venv/lib/python3.12/site-packages/airflow/example_dags/example_time_delta_sensor_async.py took 0.079 seconds
[2024-11-14T07:52:30.165+0000] {processor.py:186} INFO - Started process (PID=4837) to work on /home/ubuntu/airflow-venv/lib/python3.12/site-packages/airflow/example_dags/example_time_delta_sensor_async.py
[2024-11-14T07:52:30.167+0000] {processor.py:914} INFO - Processing file /home/ubuntu/airflow-venv/lib/python3.12/site-packages/airflow/example_dags/example_time_delta_sensor_async.py for tasks to queue
[2024-11-14T07:52:30.169+0000] {logging_mixin.py:190} INFO - [2024-11-14T07:52:30.168+0000] {dagbag.py:588} INFO - Filling up the DagBag from /home/ubuntu/airflow-venv/lib/python3.12/site-packages/airflow/example_dags/example_time_delta_sensor_async.py
[2024-11-14T07:52:30.180+0000] {processor.py:925} INFO - DAG(s) 'example_time_delta_sensor_async' retrieved from /home/ubuntu/airflow-venv/lib/python3.12/site-packages/airflow/example_dags/example_time_delta_sensor_async.py
[2024-11-14T07:52:30.199+0000] {logging_mixin.py:190} INFO - [2024-11-14T07:52:30.199+0000] {dag.py:3239} INFO - Sync 1 DAGs
[2024-11-14T07:52:30.216+0000] {logging_mixin.py:190} INFO - [2024-11-14T07:52:30.215+0000] {dag.py:4180} INFO - Setting next_dagrun for example_time_delta_sensor_async to None, run_after=None
[2024-11-14T07:52:30.246+0000] {processor.py:208} INFO - Processing /home/ubuntu/airflow-venv/lib/python3.12/site-packages/airflow/example_dags/example_time_delta_sensor_async.py took 0.088 seconds
[2024-11-14T07:53:27.887+0000] {processor.py:186} INFO - Started process (PID=4897) to work on /home/ubuntu/airflow-venv/lib/python3.12/site-packages/airflow/example_dags/example_time_delta_sensor_async.py
[2024-11-14T07:53:27.889+0000] {processor.py:914} INFO - Processing file /home/ubuntu/airflow-venv/lib/python3.12/site-packages/airflow/example_dags/example_time_delta_sensor_async.py for tasks to queue
[2024-11-14T07:53:27.891+0000] {logging_mixin.py:190} INFO - [2024-11-14T07:53:27.890+0000] {dagbag.py:588} INFO - Filling up the DagBag from /home/ubuntu/airflow-venv/lib/python3.12/site-packages/airflow/example_dags/example_time_delta_sensor_async.py
[2024-11-14T07:53:27.904+0000] {processor.py:925} INFO - DAG(s) 'example_time_delta_sensor_async' retrieved from /home/ubuntu/airflow-venv/lib/python3.12/site-packages/airflow/example_dags/example_time_delta_sensor_async.py
[2024-11-14T07:53:27.931+0000] {logging_mixin.py:190} INFO - [2024-11-14T07:53:27.931+0000] {dag.py:3239} INFO - Sync 1 DAGs
[2024-11-14T07:53:27.954+0000] {logging_mixin.py:190} INFO - [2024-11-14T07:53:27.954+0000] {dag.py:4180} INFO - Setting next_dagrun for example_time_delta_sensor_async to None, run_after=None
[2024-11-14T07:53:27.988+0000] {processor.py:208} INFO - Processing /home/ubuntu/airflow-venv/lib/python3.12/site-packages/airflow/example_dags/example_time_delta_sensor_async.py took 0.110 seconds
[2024-11-14T07:54:30.101+0000] {processor.py:186} INFO - Started process (PID=4959) to work on /home/ubuntu/airflow-venv/lib/python3.12/site-packages/airflow/example_dags/example_time_delta_sensor_async.py
[2024-11-14T07:54:30.102+0000] {processor.py:914} INFO - Processing file /home/ubuntu/airflow-venv/lib/python3.12/site-packages/airflow/example_dags/example_time_delta_sensor_async.py for tasks to queue
[2024-11-14T07:54:30.103+0000] {logging_mixin.py:190} INFO - [2024-11-14T07:54:30.103+0000] {dagbag.py:588} INFO - Filling up the DagBag from /home/ubuntu/airflow-venv/lib/python3.12/site-packages/airflow/example_dags/example_time_delta_sensor_async.py
[2024-11-14T07:54:30.112+0000] {processor.py:925} INFO - DAG(s) 'example_time_delta_sensor_async' retrieved from /home/ubuntu/airflow-venv/lib/python3.12/site-packages/airflow/example_dags/example_time_delta_sensor_async.py
[2024-11-14T07:54:30.128+0000] {logging_mixin.py:190} INFO - [2024-11-14T07:54:30.128+0000] {dag.py:3239} INFO - Sync 1 DAGs
[2024-11-14T07:54:30.142+0000] {logging_mixin.py:190} INFO - [2024-11-14T07:54:30.142+0000] {dag.py:4180} INFO - Setting next_dagrun for example_time_delta_sensor_async to None, run_after=None
[2024-11-14T07:54:30.165+0000] {processor.py:208} INFO - Processing /home/ubuntu/airflow-venv/lib/python3.12/site-packages/airflow/example_dags/example_time_delta_sensor_async.py took 0.071 seconds
[2024-11-14T07:55:28.734+0000] {processor.py:186} INFO - Started process (PID=5022) to work on /home/ubuntu/airflow-venv/lib/python3.12/site-packages/airflow/example_dags/example_time_delta_sensor_async.py
[2024-11-14T07:55:28.735+0000] {processor.py:914} INFO - Processing file /home/ubuntu/airflow-venv/lib/python3.12/site-packages/airflow/example_dags/example_time_delta_sensor_async.py for tasks to queue
[2024-11-14T07:55:28.736+0000] {logging_mixin.py:190} INFO - [2024-11-14T07:55:28.736+0000] {dagbag.py:588} INFO - Filling up the DagBag from /home/ubuntu/airflow-venv/lib/python3.12/site-packages/airflow/example_dags/example_time_delta_sensor_async.py
[2024-11-14T07:55:28.745+0000] {processor.py:925} INFO - DAG(s) 'example_time_delta_sensor_async' retrieved from /home/ubuntu/airflow-venv/lib/python3.12/site-packages/airflow/example_dags/example_time_delta_sensor_async.py
[2024-11-14T07:55:28.762+0000] {logging_mixin.py:190} INFO - [2024-11-14T07:55:28.761+0000] {dag.py:3239} INFO - Sync 1 DAGs
[2024-11-14T07:55:28.775+0000] {logging_mixin.py:190} INFO - [2024-11-14T07:55:28.775+0000] {dag.py:4180} INFO - Setting next_dagrun for example_time_delta_sensor_async to None, run_after=None
[2024-11-14T07:55:28.802+0000] {processor.py:208} INFO - Processing /home/ubuntu/airflow-venv/lib/python3.12/site-packages/airflow/example_dags/example_time_delta_sensor_async.py took 0.074 seconds
[2024-11-14T07:56:29.928+0000] {processor.py:186} INFO - Started process (PID=5082) to work on /home/ubuntu/airflow-venv/lib/python3.12/site-packages/airflow/example_dags/example_time_delta_sensor_async.py
[2024-11-14T07:56:29.930+0000] {processor.py:914} INFO - Processing file /home/ubuntu/airflow-venv/lib/python3.12/site-packages/airflow/example_dags/example_time_delta_sensor_async.py for tasks to queue
[2024-11-14T07:56:29.931+0000] {logging_mixin.py:190} INFO - [2024-11-14T07:56:29.931+0000] {dagbag.py:588} INFO - Filling up the DagBag from /home/ubuntu/airflow-venv/lib/python3.12/site-packages/airflow/example_dags/example_time_delta_sensor_async.py
[2024-11-14T07:56:29.943+0000] {processor.py:925} INFO - DAG(s) 'example_time_delta_sensor_async' retrieved from /home/ubuntu/airflow-venv/lib/python3.12/site-packages/airflow/example_dags/example_time_delta_sensor_async.py
[2024-11-14T07:56:29.962+0000] {logging_mixin.py:190} INFO - [2024-11-14T07:56:29.961+0000] {dag.py:3239} INFO - Sync 1 DAGs
[2024-11-14T07:56:29.977+0000] {logging_mixin.py:190} INFO - [2024-11-14T07:56:29.976+0000] {dag.py:4180} INFO - Setting next_dagrun for example_time_delta_sensor_async to None, run_after=None
[2024-11-14T07:56:30.000+0000] {processor.py:208} INFO - Processing /home/ubuntu/airflow-venv/lib/python3.12/site-packages/airflow/example_dags/example_time_delta_sensor_async.py took 0.081 seconds
[2024-11-14T07:57:30.360+0000] {processor.py:186} INFO - Started process (PID=5145) to work on /home/ubuntu/airflow-venv/lib/python3.12/site-packages/airflow/example_dags/example_time_delta_sensor_async.py
[2024-11-14T07:57:30.361+0000] {processor.py:914} INFO - Processing file /home/ubuntu/airflow-venv/lib/python3.12/site-packages/airflow/example_dags/example_time_delta_sensor_async.py for tasks to queue
[2024-11-14T07:57:30.365+0000] {logging_mixin.py:190} INFO - [2024-11-14T07:57:30.365+0000] {dagbag.py:588} INFO - Filling up the DagBag from /home/ubuntu/airflow-venv/lib/python3.12/site-packages/airflow/example_dags/example_time_delta_sensor_async.py
[2024-11-14T07:57:30.375+0000] {processor.py:925} INFO - DAG(s) 'example_time_delta_sensor_async' retrieved from /home/ubuntu/airflow-venv/lib/python3.12/site-packages/airflow/example_dags/example_time_delta_sensor_async.py
[2024-11-14T07:57:30.393+0000] {logging_mixin.py:190} INFO - [2024-11-14T07:57:30.393+0000] {dag.py:3239} INFO - Sync 1 DAGs
[2024-11-14T07:57:30.408+0000] {logging_mixin.py:190} INFO - [2024-11-14T07:57:30.408+0000] {dag.py:4180} INFO - Setting next_dagrun for example_time_delta_sensor_async to None, run_after=None
[2024-11-14T07:57:30.436+0000] {processor.py:208} INFO - Processing /home/ubuntu/airflow-venv/lib/python3.12/site-packages/airflow/example_dags/example_time_delta_sensor_async.py took 0.086 seconds
[2024-11-14T07:58:31.221+0000] {processor.py:186} INFO - Started process (PID=5205) to work on /home/ubuntu/airflow-venv/lib/python3.12/site-packages/airflow/example_dags/example_time_delta_sensor_async.py
[2024-11-14T07:58:31.224+0000] {processor.py:914} INFO - Processing file /home/ubuntu/airflow-venv/lib/python3.12/site-packages/airflow/example_dags/example_time_delta_sensor_async.py for tasks to queue
[2024-11-14T07:58:31.225+0000] {logging_mixin.py:190} INFO - [2024-11-14T07:58:31.225+0000] {dagbag.py:588} INFO - Filling up the DagBag from /home/ubuntu/airflow-venv/lib/python3.12/site-packages/airflow/example_dags/example_time_delta_sensor_async.py
[2024-11-14T07:58:31.234+0000] {processor.py:925} INFO - DAG(s) 'example_time_delta_sensor_async' retrieved from /home/ubuntu/airflow-venv/lib/python3.12/site-packages/airflow/example_dags/example_time_delta_sensor_async.py
[2024-11-14T07:58:31.254+0000] {logging_mixin.py:190} INFO - [2024-11-14T07:58:31.254+0000] {dag.py:3239} INFO - Sync 1 DAGs
[2024-11-14T07:58:31.270+0000] {logging_mixin.py:190} INFO - [2024-11-14T07:58:31.269+0000] {dag.py:4180} INFO - Setting next_dagrun for example_time_delta_sensor_async to None, run_after=None
[2024-11-14T07:58:31.296+0000] {processor.py:208} INFO - Processing /home/ubuntu/airflow-venv/lib/python3.12/site-packages/airflow/example_dags/example_time_delta_sensor_async.py took 0.082 seconds
[2024-11-14T07:59:31.178+0000] {processor.py:186} INFO - Started process (PID=5265) to work on /home/ubuntu/airflow-venv/lib/python3.12/site-packages/airflow/example_dags/example_time_delta_sensor_async.py
[2024-11-14T07:59:31.179+0000] {processor.py:914} INFO - Processing file /home/ubuntu/airflow-venv/lib/python3.12/site-packages/airflow/example_dags/example_time_delta_sensor_async.py for tasks to queue
[2024-11-14T07:59:31.181+0000] {logging_mixin.py:190} INFO - [2024-11-14T07:59:31.180+0000] {dagbag.py:588} INFO - Filling up the DagBag from /home/ubuntu/airflow-venv/lib/python3.12/site-packages/airflow/example_dags/example_time_delta_sensor_async.py
[2024-11-14T07:59:31.189+0000] {processor.py:925} INFO - DAG(s) 'example_time_delta_sensor_async' retrieved from /home/ubuntu/airflow-venv/lib/python3.12/site-packages/airflow/example_dags/example_time_delta_sensor_async.py
[2024-11-14T07:59:31.207+0000] {logging_mixin.py:190} INFO - [2024-11-14T07:59:31.206+0000] {dag.py:3239} INFO - Sync 1 DAGs
[2024-11-14T07:59:31.221+0000] {logging_mixin.py:190} INFO - [2024-11-14T07:59:31.221+0000] {dag.py:4180} INFO - Setting next_dagrun for example_time_delta_sensor_async to None, run_after=None
[2024-11-14T07:59:31.252+0000] {processor.py:208} INFO - Processing /home/ubuntu/airflow-venv/lib/python3.12/site-packages/airflow/example_dags/example_time_delta_sensor_async.py took 0.080 seconds
[2024-11-14T08:00:30.905+0000] {processor.py:186} INFO - Started process (PID=5327) to work on /home/ubuntu/airflow-venv/lib/python3.12/site-packages/airflow/example_dags/example_time_delta_sensor_async.py
[2024-11-14T08:00:30.906+0000] {processor.py:914} INFO - Processing file /home/ubuntu/airflow-venv/lib/python3.12/site-packages/airflow/example_dags/example_time_delta_sensor_async.py for tasks to queue
[2024-11-14T08:00:30.908+0000] {logging_mixin.py:190} INFO - [2024-11-14T08:00:30.908+0000] {dagbag.py:588} INFO - Filling up the DagBag from /home/ubuntu/airflow-venv/lib/python3.12/site-packages/airflow/example_dags/example_time_delta_sensor_async.py
[2024-11-14T08:00:30.920+0000] {processor.py:925} INFO - DAG(s) 'example_time_delta_sensor_async' retrieved from /home/ubuntu/airflow-venv/lib/python3.12/site-packages/airflow/example_dags/example_time_delta_sensor_async.py
[2024-11-14T08:00:30.944+0000] {logging_mixin.py:190} INFO - [2024-11-14T08:00:30.944+0000] {dag.py:3239} INFO - Sync 1 DAGs
[2024-11-14T08:00:30.962+0000] {logging_mixin.py:190} INFO - [2024-11-14T08:00:30.962+0000] {dag.py:4180} INFO - Setting next_dagrun for example_time_delta_sensor_async to None, run_after=None
[2024-11-14T08:00:30.989+0000] {processor.py:208} INFO - Processing /home/ubuntu/airflow-venv/lib/python3.12/site-packages/airflow/example_dags/example_time_delta_sensor_async.py took 0.092 seconds
[2024-11-14T08:01:30.795+0000] {processor.py:186} INFO - Started process (PID=5391) to work on /home/ubuntu/airflow-venv/lib/python3.12/site-packages/airflow/example_dags/example_time_delta_sensor_async.py
[2024-11-14T08:01:30.796+0000] {processor.py:914} INFO - Processing file /home/ubuntu/airflow-venv/lib/python3.12/site-packages/airflow/example_dags/example_time_delta_sensor_async.py for tasks to queue
[2024-11-14T08:01:30.798+0000] {logging_mixin.py:190} INFO - [2024-11-14T08:01:30.798+0000] {dagbag.py:588} INFO - Filling up the DagBag from /home/ubuntu/airflow-venv/lib/python3.12/site-packages/airflow/example_dags/example_time_delta_sensor_async.py
[2024-11-14T08:01:30.807+0000] {processor.py:925} INFO - DAG(s) 'example_time_delta_sensor_async' retrieved from /home/ubuntu/airflow-venv/lib/python3.12/site-packages/airflow/example_dags/example_time_delta_sensor_async.py
[2024-11-14T08:01:30.826+0000] {logging_mixin.py:190} INFO - [2024-11-14T08:01:30.825+0000] {dag.py:3239} INFO - Sync 1 DAGs
[2024-11-14T08:01:30.841+0000] {logging_mixin.py:190} INFO - [2024-11-14T08:01:30.841+0000] {dag.py:4180} INFO - Setting next_dagrun for example_time_delta_sensor_async to None, run_after=None
[2024-11-14T08:01:30.866+0000] {processor.py:208} INFO - Processing /home/ubuntu/airflow-venv/lib/python3.12/site-packages/airflow/example_dags/example_time_delta_sensor_async.py took 0.078 seconds
[2024-11-14T08:02:29.715+0000] {processor.py:186} INFO - Started process (PID=5453) to work on /home/ubuntu/airflow-venv/lib/python3.12/site-packages/airflow/example_dags/example_time_delta_sensor_async.py
[2024-11-14T08:02:29.717+0000] {processor.py:914} INFO - Processing file /home/ubuntu/airflow-venv/lib/python3.12/site-packages/airflow/example_dags/example_time_delta_sensor_async.py for tasks to queue
[2024-11-14T08:02:29.719+0000] {logging_mixin.py:190} INFO - [2024-11-14T08:02:29.718+0000] {dagbag.py:588} INFO - Filling up the DagBag from /home/ubuntu/airflow-venv/lib/python3.12/site-packages/airflow/example_dags/example_time_delta_sensor_async.py
[2024-11-14T08:02:29.729+0000] {processor.py:925} INFO - DAG(s) 'example_time_delta_sensor_async' retrieved from /home/ubuntu/airflow-venv/lib/python3.12/site-packages/airflow/example_dags/example_time_delta_sensor_async.py
[2024-11-14T08:02:29.746+0000] {logging_mixin.py:190} INFO - [2024-11-14T08:02:29.746+0000] {dag.py:3239} INFO - Sync 1 DAGs
[2024-11-14T08:02:29.759+0000] {logging_mixin.py:190} INFO - [2024-11-14T08:02:29.759+0000] {dag.py:4180} INFO - Setting next_dagrun for example_time_delta_sensor_async to None, run_after=None
[2024-11-14T08:02:29.790+0000] {processor.py:208} INFO - Processing /home/ubuntu/airflow-venv/lib/python3.12/site-packages/airflow/example_dags/example_time_delta_sensor_async.py took 0.090 seconds
