[2024-11-14T07:40:51.298+0000] {processor.py:186} INFO - Started process (PID=3693) to work on /home/ubuntu/airflow-venv/lib/python3.12/site-packages/airflow/example_dags/example_sensors.py
[2024-11-14T07:40:51.299+0000] {processor.py:914} INFO - Processing file /home/ubuntu/airflow-venv/lib/python3.12/site-packages/airflow/example_dags/example_sensors.py for tasks to queue
[2024-11-14T07:40:51.301+0000] {logging_mixin.py:190} INFO - [2024-11-14T07:40:51.300+0000] {dagbag.py:588} INFO - Filling up the DagBag from /home/ubuntu/airflow-venv/lib/python3.12/site-packages/airflow/example_dags/example_sensors.py
[2024-11-14T07:40:51.313+0000] {processor.py:925} INFO - DAG(s) 'example_sensors' retrieved from /home/ubuntu/airflow-venv/lib/python3.12/site-packages/airflow/example_dags/example_sensors.py
[2024-11-14T07:40:51.431+0000] {logging_mixin.py:190} INFO - [2024-11-14T07:40:51.430+0000] {override.py:1911} INFO - Created Permission View: can delete on DAG:example_sensors
[2024-11-14T07:40:51.444+0000] {logging_mixin.py:190} INFO - [2024-11-14T07:40:51.444+0000] {override.py:1911} INFO - Created Permission View: can read on DAG:example_sensors
[2024-11-14T07:40:51.455+0000] {logging_mixin.py:190} INFO - [2024-11-14T07:40:51.455+0000] {override.py:1911} INFO - Created Permission View: can edit on DAG:example_sensors
[2024-11-14T07:40:51.472+0000] {logging_mixin.py:190} INFO - [2024-11-14T07:40:51.472+0000] {override.py:1911} INFO - Created Permission View: can delete on DAG Run:example_sensors
[2024-11-14T07:40:51.482+0000] {logging_mixin.py:190} INFO - [2024-11-14T07:40:51.482+0000] {override.py:1911} INFO - Created Permission View: can create on DAG Run:example_sensors
[2024-11-14T07:40:51.492+0000] {logging_mixin.py:190} INFO - [2024-11-14T07:40:51.491+0000] {override.py:1911} INFO - Created Permission View: can read on DAG Run:example_sensors
[2024-11-14T07:40:51.501+0000] {logging_mixin.py:190} INFO - [2024-11-14T07:40:51.501+0000] {override.py:1911} INFO - Created Permission View: menu access on DAG Run:example_sensors
[2024-11-14T07:40:51.502+0000] {logging_mixin.py:190} INFO - [2024-11-14T07:40:51.502+0000] {dag.py:3239} INFO - Sync 1 DAGs
[2024-11-14T07:40:51.513+0000] {logging_mixin.py:190} INFO - [2024-11-14T07:40:51.513+0000] {dag.py:3262} INFO - Creating ORM DAG for example_sensors
[2024-11-14T07:40:51.513+0000] {logging_mixin.py:190} INFO - [2024-11-14T07:40:51.513+0000] {dag.py:4180} INFO - Setting next_dagrun for example_sensors to None, run_after=None
[2024-11-14T07:40:51.535+0000] {processor.py:208} INFO - Processing /home/ubuntu/airflow-venv/lib/python3.12/site-packages/airflow/example_dags/example_sensors.py took 0.242 seconds
[2024-11-14T07:41:57.350+0000] {processor.py:186} INFO - Started process (PID=3753) to work on /home/ubuntu/airflow-venv/lib/python3.12/site-packages/airflow/example_dags/example_sensors.py
[2024-11-14T07:41:57.352+0000] {processor.py:914} INFO - Processing file /home/ubuntu/airflow-venv/lib/python3.12/site-packages/airflow/example_dags/example_sensors.py for tasks to queue
[2024-11-14T07:41:57.354+0000] {logging_mixin.py:190} INFO - [2024-11-14T07:41:57.353+0000] {dagbag.py:588} INFO - Filling up the DagBag from /home/ubuntu/airflow-venv/lib/python3.12/site-packages/airflow/example_dags/example_sensors.py
[2024-11-14T07:41:57.366+0000] {processor.py:925} INFO - DAG(s) 'example_sensors' retrieved from /home/ubuntu/airflow-venv/lib/python3.12/site-packages/airflow/example_dags/example_sensors.py
[2024-11-14T07:41:57.391+0000] {logging_mixin.py:190} INFO - [2024-11-14T07:41:57.390+0000] {dag.py:3239} INFO - Sync 1 DAGs
[2024-11-14T07:41:57.404+0000] {logging_mixin.py:190} INFO - [2024-11-14T07:41:57.404+0000] {dag.py:4180} INFO - Setting next_dagrun for example_sensors to None, run_after=None
[2024-11-14T07:41:57.428+0000] {processor.py:208} INFO - Processing /home/ubuntu/airflow-venv/lib/python3.12/site-packages/airflow/example_dags/example_sensors.py took 0.085 seconds
[2024-11-14T07:42:54.178+0000] {processor.py:186} INFO - Started process (PID=3811) to work on /home/ubuntu/airflow-venv/lib/python3.12/site-packages/airflow/example_dags/example_sensors.py
[2024-11-14T07:42:54.180+0000] {processor.py:914} INFO - Processing file /home/ubuntu/airflow-venv/lib/python3.12/site-packages/airflow/example_dags/example_sensors.py for tasks to queue
[2024-11-14T07:42:54.182+0000] {logging_mixin.py:190} INFO - [2024-11-14T07:42:54.181+0000] {dagbag.py:588} INFO - Filling up the DagBag from /home/ubuntu/airflow-venv/lib/python3.12/site-packages/airflow/example_dags/example_sensors.py
[2024-11-14T07:42:54.194+0000] {processor.py:925} INFO - DAG(s) 'example_sensors' retrieved from /home/ubuntu/airflow-venv/lib/python3.12/site-packages/airflow/example_dags/example_sensors.py
[2024-11-14T07:42:54.217+0000] {logging_mixin.py:190} INFO - [2024-11-14T07:42:54.217+0000] {dag.py:3239} INFO - Sync 1 DAGs
[2024-11-14T07:42:54.230+0000] {logging_mixin.py:190} INFO - [2024-11-14T07:42:54.230+0000] {dag.py:4180} INFO - Setting next_dagrun for example_sensors to None, run_after=None
[2024-11-14T07:42:54.254+0000] {processor.py:208} INFO - Processing /home/ubuntu/airflow-venv/lib/python3.12/site-packages/airflow/example_dags/example_sensors.py took 0.083 seconds
[2024-11-14T07:43:47.531+0000] {processor.py:186} INFO - Started process (PID=3865) to work on /home/ubuntu/airflow-venv/lib/python3.12/site-packages/airflow/example_dags/example_sensors.py
[2024-11-14T07:43:47.532+0000] {processor.py:914} INFO - Processing file /home/ubuntu/airflow-venv/lib/python3.12/site-packages/airflow/example_dags/example_sensors.py for tasks to queue
[2024-11-14T07:43:47.534+0000] {logging_mixin.py:190} INFO - [2024-11-14T07:43:47.534+0000] {dagbag.py:588} INFO - Filling up the DagBag from /home/ubuntu/airflow-venv/lib/python3.12/site-packages/airflow/example_dags/example_sensors.py
[2024-11-14T07:43:47.548+0000] {processor.py:925} INFO - DAG(s) 'example_sensors' retrieved from /home/ubuntu/airflow-venv/lib/python3.12/site-packages/airflow/example_dags/example_sensors.py
[2024-11-14T07:43:47.576+0000] {logging_mixin.py:190} INFO - [2024-11-14T07:43:47.575+0000] {dag.py:3239} INFO - Sync 1 DAGs
[2024-11-14T07:43:47.592+0000] {logging_mixin.py:190} INFO - [2024-11-14T07:43:47.592+0000] {dag.py:4180} INFO - Setting next_dagrun for example_sensors to None, run_after=None
[2024-11-14T07:43:47.618+0000] {processor.py:208} INFO - Processing /home/ubuntu/airflow-venv/lib/python3.12/site-packages/airflow/example_dags/example_sensors.py took 0.095 seconds
[2024-11-14T07:44:46.120+0000] {processor.py:186} INFO - Started process (PID=3921) to work on /home/ubuntu/airflow-venv/lib/python3.12/site-packages/airflow/example_dags/example_sensors.py
[2024-11-14T07:44:46.121+0000] {processor.py:914} INFO - Processing file /home/ubuntu/airflow-venv/lib/python3.12/site-packages/airflow/example_dags/example_sensors.py for tasks to queue
[2024-11-14T07:44:46.124+0000] {logging_mixin.py:190} INFO - [2024-11-14T07:44:46.123+0000] {dagbag.py:588} INFO - Filling up the DagBag from /home/ubuntu/airflow-venv/lib/python3.12/site-packages/airflow/example_dags/example_sensors.py
[2024-11-14T07:44:46.142+0000] {processor.py:925} INFO - DAG(s) 'example_sensors' retrieved from /home/ubuntu/airflow-venv/lib/python3.12/site-packages/airflow/example_dags/example_sensors.py
[2024-11-14T07:44:46.197+0000] {logging_mixin.py:190} INFO - [2024-11-14T07:44:46.196+0000] {dag.py:3239} INFO - Sync 1 DAGs
[2024-11-14T07:44:46.218+0000] {logging_mixin.py:190} INFO - [2024-11-14T07:44:46.218+0000] {dag.py:4180} INFO - Setting next_dagrun for example_sensors to None, run_after=None
[2024-11-14T07:44:46.248+0000] {processor.py:208} INFO - Processing /home/ubuntu/airflow-venv/lib/python3.12/site-packages/airflow/example_dags/example_sensors.py took 0.135 seconds
[2024-11-14T07:45:41.608+0000] {processor.py:186} INFO - Started process (PID=3981) to work on /home/ubuntu/airflow-venv/lib/python3.12/site-packages/airflow/example_dags/example_sensors.py
[2024-11-14T07:45:41.610+0000] {processor.py:914} INFO - Processing file /home/ubuntu/airflow-venv/lib/python3.12/site-packages/airflow/example_dags/example_sensors.py for tasks to queue
[2024-11-14T07:45:41.614+0000] {logging_mixin.py:190} INFO - [2024-11-14T07:45:41.613+0000] {dagbag.py:588} INFO - Filling up the DagBag from /home/ubuntu/airflow-venv/lib/python3.12/site-packages/airflow/example_dags/example_sensors.py
[2024-11-14T07:45:41.649+0000] {processor.py:925} INFO - DAG(s) 'example_sensors' retrieved from /home/ubuntu/airflow-venv/lib/python3.12/site-packages/airflow/example_dags/example_sensors.py
[2024-11-14T07:45:41.676+0000] {logging_mixin.py:190} INFO - [2024-11-14T07:45:41.676+0000] {dag.py:3239} INFO - Sync 1 DAGs
[2024-11-14T07:45:41.704+0000] {logging_mixin.py:190} INFO - [2024-11-14T07:45:41.704+0000] {dag.py:4180} INFO - Setting next_dagrun for example_sensors to None, run_after=None
[2024-11-14T07:45:41.729+0000] {processor.py:208} INFO - Processing /home/ubuntu/airflow-venv/lib/python3.12/site-packages/airflow/example_dags/example_sensors.py took 0.152 seconds
[2024-11-14T07:46:33.716+0000] {processor.py:186} INFO - Started process (PID=4041) to work on /home/ubuntu/airflow-venv/lib/python3.12/site-packages/airflow/example_dags/example_sensors.py
[2024-11-14T07:46:33.718+0000] {processor.py:914} INFO - Processing file /home/ubuntu/airflow-venv/lib/python3.12/site-packages/airflow/example_dags/example_sensors.py for tasks to queue
[2024-11-14T07:46:33.721+0000] {logging_mixin.py:190} INFO - [2024-11-14T07:46:33.721+0000] {dagbag.py:588} INFO - Filling up the DagBag from /home/ubuntu/airflow-venv/lib/python3.12/site-packages/airflow/example_dags/example_sensors.py
[2024-11-14T07:46:33.736+0000] {processor.py:925} INFO - DAG(s) 'example_sensors' retrieved from /home/ubuntu/airflow-venv/lib/python3.12/site-packages/airflow/example_dags/example_sensors.py
[2024-11-14T07:46:33.760+0000] {logging_mixin.py:190} INFO - [2024-11-14T07:46:33.760+0000] {dag.py:3239} INFO - Sync 1 DAGs
[2024-11-14T07:46:33.773+0000] {logging_mixin.py:190} INFO - [2024-11-14T07:46:33.773+0000] {dag.py:4180} INFO - Setting next_dagrun for example_sensors to None, run_after=None
[2024-11-14T07:46:33.797+0000] {processor.py:208} INFO - Processing /home/ubuntu/airflow-venv/lib/python3.12/site-packages/airflow/example_dags/example_sensors.py took 0.088 seconds
[2024-11-14T07:47:29.736+0000] {processor.py:186} INFO - Started process (PID=4256) to work on /home/ubuntu/airflow-venv/lib/python3.12/site-packages/airflow/example_dags/example_sensors.py
[2024-11-14T07:47:29.738+0000] {processor.py:914} INFO - Processing file /home/ubuntu/airflow-venv/lib/python3.12/site-packages/airflow/example_dags/example_sensors.py for tasks to queue
[2024-11-14T07:47:29.740+0000] {logging_mixin.py:190} INFO - [2024-11-14T07:47:29.740+0000] {dagbag.py:588} INFO - Filling up the DagBag from /home/ubuntu/airflow-venv/lib/python3.12/site-packages/airflow/example_dags/example_sensors.py
[2024-11-14T07:47:29.753+0000] {processor.py:925} INFO - DAG(s) 'example_sensors' retrieved from /home/ubuntu/airflow-venv/lib/python3.12/site-packages/airflow/example_dags/example_sensors.py
[2024-11-14T07:47:29.776+0000] {logging_mixin.py:190} INFO - [2024-11-14T07:47:29.776+0000] {dag.py:3239} INFO - Sync 1 DAGs
[2024-11-14T07:47:29.792+0000] {logging_mixin.py:190} INFO - [2024-11-14T07:47:29.791+0000] {dag.py:4180} INFO - Setting next_dagrun for example_sensors to None, run_after=None
[2024-11-14T07:47:29.817+0000] {processor.py:208} INFO - Processing /home/ubuntu/airflow-venv/lib/python3.12/site-packages/airflow/example_dags/example_sensors.py took 0.088 seconds
[2024-11-14T07:48:32.237+0000] {processor.py:186} INFO - Started process (PID=4600) to work on /home/ubuntu/airflow-venv/lib/python3.12/site-packages/airflow/example_dags/example_sensors.py
[2024-11-14T07:48:32.240+0000] {processor.py:914} INFO - Processing file /home/ubuntu/airflow-venv/lib/python3.12/site-packages/airflow/example_dags/example_sensors.py for tasks to queue
[2024-11-14T07:48:32.245+0000] {logging_mixin.py:190} INFO - [2024-11-14T07:48:32.244+0000] {dagbag.py:588} INFO - Filling up the DagBag from /home/ubuntu/airflow-venv/lib/python3.12/site-packages/airflow/example_dags/example_sensors.py
[2024-11-14T07:48:32.280+0000] {processor.py:925} INFO - DAG(s) 'example_sensors' retrieved from /home/ubuntu/airflow-venv/lib/python3.12/site-packages/airflow/example_dags/example_sensors.py
[2024-11-14T07:48:32.329+0000] {logging_mixin.py:190} INFO - [2024-11-14T07:48:32.329+0000] {dag.py:3239} INFO - Sync 1 DAGs
[2024-11-14T07:48:32.356+0000] {logging_mixin.py:190} INFO - [2024-11-14T07:48:32.355+0000] {dag.py:4180} INFO - Setting next_dagrun for example_sensors to None, run_after=None
[2024-11-14T07:48:32.389+0000] {processor.py:208} INFO - Processing /home/ubuntu/airflow-venv/lib/python3.12/site-packages/airflow/example_dags/example_sensors.py took 0.167 seconds
[2024-11-14T07:49:35.811+0000] {processor.py:186} INFO - Started process (PID=4660) to work on /home/ubuntu/airflow-venv/lib/python3.12/site-packages/airflow/example_dags/example_sensors.py
[2024-11-14T07:49:35.812+0000] {processor.py:914} INFO - Processing file /home/ubuntu/airflow-venv/lib/python3.12/site-packages/airflow/example_dags/example_sensors.py for tasks to queue
[2024-11-14T07:49:35.814+0000] {logging_mixin.py:190} INFO - [2024-11-14T07:49:35.814+0000] {dagbag.py:588} INFO - Filling up the DagBag from /home/ubuntu/airflow-venv/lib/python3.12/site-packages/airflow/example_dags/example_sensors.py
[2024-11-14T07:49:35.829+0000] {processor.py:925} INFO - DAG(s) 'example_sensors' retrieved from /home/ubuntu/airflow-venv/lib/python3.12/site-packages/airflow/example_dags/example_sensors.py
[2024-11-14T07:49:35.856+0000] {logging_mixin.py:190} INFO - [2024-11-14T07:49:35.856+0000] {dag.py:3239} INFO - Sync 1 DAGs
[2024-11-14T07:49:35.871+0000] {logging_mixin.py:190} INFO - [2024-11-14T07:49:35.871+0000] {dag.py:4180} INFO - Setting next_dagrun for example_sensors to None, run_after=None
[2024-11-14T07:49:35.896+0000] {processor.py:208} INFO - Processing /home/ubuntu/airflow-venv/lib/python3.12/site-packages/airflow/example_dags/example_sensors.py took 0.093 seconds
[2024-11-14T07:50:36.062+0000] {processor.py:186} INFO - Started process (PID=4724) to work on /home/ubuntu/airflow-venv/lib/python3.12/site-packages/airflow/example_dags/example_sensors.py
[2024-11-14T07:50:36.068+0000] {processor.py:914} INFO - Processing file /home/ubuntu/airflow-venv/lib/python3.12/site-packages/airflow/example_dags/example_sensors.py for tasks to queue
[2024-11-14T07:50:36.072+0000] {logging_mixin.py:190} INFO - [2024-11-14T07:50:36.071+0000] {dagbag.py:588} INFO - Filling up the DagBag from /home/ubuntu/airflow-venv/lib/python3.12/site-packages/airflow/example_dags/example_sensors.py
[2024-11-14T07:50:36.094+0000] {processor.py:925} INFO - DAG(s) 'example_sensors' retrieved from /home/ubuntu/airflow-venv/lib/python3.12/site-packages/airflow/example_dags/example_sensors.py
[2024-11-14T07:50:36.121+0000] {logging_mixin.py:190} INFO - [2024-11-14T07:50:36.121+0000] {dag.py:3239} INFO - Sync 1 DAGs
[2024-11-14T07:50:36.135+0000] {logging_mixin.py:190} INFO - [2024-11-14T07:50:36.135+0000] {dag.py:4180} INFO - Setting next_dagrun for example_sensors to None, run_after=None
[2024-11-14T07:50:36.160+0000] {processor.py:208} INFO - Processing /home/ubuntu/airflow-venv/lib/python3.12/site-packages/airflow/example_dags/example_sensors.py took 0.105 seconds
[2024-11-14T07:51:40.104+0000] {processor.py:186} INFO - Started process (PID=4787) to work on /home/ubuntu/airflow-venv/lib/python3.12/site-packages/airflow/example_dags/example_sensors.py
[2024-11-14T07:51:40.105+0000] {processor.py:914} INFO - Processing file /home/ubuntu/airflow-venv/lib/python3.12/site-packages/airflow/example_dags/example_sensors.py for tasks to queue
[2024-11-14T07:51:40.107+0000] {logging_mixin.py:190} INFO - [2024-11-14T07:51:40.106+0000] {dagbag.py:588} INFO - Filling up the DagBag from /home/ubuntu/airflow-venv/lib/python3.12/site-packages/airflow/example_dags/example_sensors.py
[2024-11-14T07:51:40.121+0000] {processor.py:925} INFO - DAG(s) 'example_sensors' retrieved from /home/ubuntu/airflow-venv/lib/python3.12/site-packages/airflow/example_dags/example_sensors.py
[2024-11-14T07:51:40.147+0000] {logging_mixin.py:190} INFO - [2024-11-14T07:51:40.147+0000] {dag.py:3239} INFO - Sync 1 DAGs
[2024-11-14T07:51:40.160+0000] {logging_mixin.py:190} INFO - [2024-11-14T07:51:40.160+0000] {dag.py:4180} INFO - Setting next_dagrun for example_sensors to None, run_after=None
[2024-11-14T07:51:40.196+0000] {processor.py:208} INFO - Processing /home/ubuntu/airflow-venv/lib/python3.12/site-packages/airflow/example_dags/example_sensors.py took 0.099 seconds
[2024-11-14T07:52:40.959+0000] {processor.py:186} INFO - Started process (PID=4847) to work on /home/ubuntu/airflow-venv/lib/python3.12/site-packages/airflow/example_dags/example_sensors.py
[2024-11-14T07:52:40.962+0000] {processor.py:914} INFO - Processing file /home/ubuntu/airflow-venv/lib/python3.12/site-packages/airflow/example_dags/example_sensors.py for tasks to queue
[2024-11-14T07:52:40.964+0000] {logging_mixin.py:190} INFO - [2024-11-14T07:52:40.963+0000] {dagbag.py:588} INFO - Filling up the DagBag from /home/ubuntu/airflow-venv/lib/python3.12/site-packages/airflow/example_dags/example_sensors.py
[2024-11-14T07:52:40.979+0000] {processor.py:925} INFO - DAG(s) 'example_sensors' retrieved from /home/ubuntu/airflow-venv/lib/python3.12/site-packages/airflow/example_dags/example_sensors.py
[2024-11-14T07:52:41.007+0000] {logging_mixin.py:190} INFO - [2024-11-14T07:52:41.007+0000] {dag.py:3239} INFO - Sync 1 DAGs
[2024-11-14T07:52:41.022+0000] {logging_mixin.py:190} INFO - [2024-11-14T07:52:41.021+0000] {dag.py:4180} INFO - Setting next_dagrun for example_sensors to None, run_after=None
[2024-11-14T07:52:41.049+0000] {processor.py:208} INFO - Processing /home/ubuntu/airflow-venv/lib/python3.12/site-packages/airflow/example_dags/example_sensors.py took 0.099 seconds
[2024-11-14T07:53:38.079+0000] {processor.py:186} INFO - Started process (PID=4907) to work on /home/ubuntu/airflow-venv/lib/python3.12/site-packages/airflow/example_dags/example_sensors.py
[2024-11-14T07:53:38.081+0000] {processor.py:914} INFO - Processing file /home/ubuntu/airflow-venv/lib/python3.12/site-packages/airflow/example_dags/example_sensors.py for tasks to queue
[2024-11-14T07:53:38.082+0000] {logging_mixin.py:190} INFO - [2024-11-14T07:53:38.082+0000] {dagbag.py:588} INFO - Filling up the DagBag from /home/ubuntu/airflow-venv/lib/python3.12/site-packages/airflow/example_dags/example_sensors.py
[2024-11-14T07:53:38.095+0000] {processor.py:925} INFO - DAG(s) 'example_sensors' retrieved from /home/ubuntu/airflow-venv/lib/python3.12/site-packages/airflow/example_dags/example_sensors.py
[2024-11-14T07:53:38.118+0000] {logging_mixin.py:190} INFO - [2024-11-14T07:53:38.118+0000] {dag.py:3239} INFO - Sync 1 DAGs
[2024-11-14T07:53:38.130+0000] {logging_mixin.py:190} INFO - [2024-11-14T07:53:38.130+0000] {dag.py:4180} INFO - Setting next_dagrun for example_sensors to None, run_after=None
[2024-11-14T07:53:38.152+0000] {processor.py:208} INFO - Processing /home/ubuntu/airflow-venv/lib/python3.12/site-packages/airflow/example_dags/example_sensors.py took 0.079 seconds
[2024-11-14T07:54:40.354+0000] {processor.py:186} INFO - Started process (PID=4969) to work on /home/ubuntu/airflow-venv/lib/python3.12/site-packages/airflow/example_dags/example_sensors.py
[2024-11-14T07:54:40.375+0000] {processor.py:914} INFO - Processing file /home/ubuntu/airflow-venv/lib/python3.12/site-packages/airflow/example_dags/example_sensors.py for tasks to queue
[2024-11-14T07:54:40.378+0000] {logging_mixin.py:190} INFO - [2024-11-14T07:54:40.378+0000] {dagbag.py:588} INFO - Filling up the DagBag from /home/ubuntu/airflow-venv/lib/python3.12/site-packages/airflow/example_dags/example_sensors.py
[2024-11-14T07:54:40.391+0000] {processor.py:925} INFO - DAG(s) 'example_sensors' retrieved from /home/ubuntu/airflow-venv/lib/python3.12/site-packages/airflow/example_dags/example_sensors.py
[2024-11-14T07:54:40.415+0000] {logging_mixin.py:190} INFO - [2024-11-14T07:54:40.414+0000] {dag.py:3239} INFO - Sync 1 DAGs
[2024-11-14T07:54:40.427+0000] {logging_mixin.py:190} INFO - [2024-11-14T07:54:40.427+0000] {dag.py:4180} INFO - Setting next_dagrun for example_sensors to None, run_after=None
[2024-11-14T07:54:40.450+0000] {processor.py:208} INFO - Processing /home/ubuntu/airflow-venv/lib/python3.12/site-packages/airflow/example_dags/example_sensors.py took 0.104 seconds
[2024-11-14T07:55:39.099+0000] {processor.py:186} INFO - Started process (PID=5032) to work on /home/ubuntu/airflow-venv/lib/python3.12/site-packages/airflow/example_dags/example_sensors.py
[2024-11-14T07:55:39.101+0000] {processor.py:914} INFO - Processing file /home/ubuntu/airflow-venv/lib/python3.12/site-packages/airflow/example_dags/example_sensors.py for tasks to queue
[2024-11-14T07:55:39.102+0000] {logging_mixin.py:190} INFO - [2024-11-14T07:55:39.102+0000] {dagbag.py:588} INFO - Filling up the DagBag from /home/ubuntu/airflow-venv/lib/python3.12/site-packages/airflow/example_dags/example_sensors.py
[2024-11-14T07:55:39.116+0000] {processor.py:925} INFO - DAG(s) 'example_sensors' retrieved from /home/ubuntu/airflow-venv/lib/python3.12/site-packages/airflow/example_dags/example_sensors.py
[2024-11-14T07:55:39.143+0000] {logging_mixin.py:190} INFO - [2024-11-14T07:55:39.143+0000] {dag.py:3239} INFO - Sync 1 DAGs
[2024-11-14T07:55:39.158+0000] {logging_mixin.py:190} INFO - [2024-11-14T07:55:39.157+0000] {dag.py:4180} INFO - Setting next_dagrun for example_sensors to None, run_after=None
[2024-11-14T07:55:39.184+0000] {processor.py:208} INFO - Processing /home/ubuntu/airflow-venv/lib/python3.12/site-packages/airflow/example_dags/example_sensors.py took 0.097 seconds
[2024-11-14T07:56:41.291+0000] {processor.py:186} INFO - Started process (PID=5093) to work on /home/ubuntu/airflow-venv/lib/python3.12/site-packages/airflow/example_dags/example_sensors.py
[2024-11-14T07:56:41.293+0000] {processor.py:914} INFO - Processing file /home/ubuntu/airflow-venv/lib/python3.12/site-packages/airflow/example_dags/example_sensors.py for tasks to queue
[2024-11-14T07:56:41.295+0000] {logging_mixin.py:190} INFO - [2024-11-14T07:56:41.294+0000] {dagbag.py:588} INFO - Filling up the DagBag from /home/ubuntu/airflow-venv/lib/python3.12/site-packages/airflow/example_dags/example_sensors.py
[2024-11-14T07:56:41.309+0000] {processor.py:925} INFO - DAG(s) 'example_sensors' retrieved from /home/ubuntu/airflow-venv/lib/python3.12/site-packages/airflow/example_dags/example_sensors.py
[2024-11-14T07:56:41.333+0000] {logging_mixin.py:190} INFO - [2024-11-14T07:56:41.333+0000] {dag.py:3239} INFO - Sync 1 DAGs
[2024-11-14T07:56:41.346+0000] {logging_mixin.py:190} INFO - [2024-11-14T07:56:41.346+0000] {dag.py:4180} INFO - Setting next_dagrun for example_sensors to None, run_after=None
[2024-11-14T07:56:41.372+0000] {processor.py:208} INFO - Processing /home/ubuntu/airflow-venv/lib/python3.12/site-packages/airflow/example_dags/example_sensors.py took 0.087 seconds
[2024-11-14T07:57:40.773+0000] {processor.py:186} INFO - Started process (PID=5155) to work on /home/ubuntu/airflow-venv/lib/python3.12/site-packages/airflow/example_dags/example_sensors.py
[2024-11-14T07:57:40.779+0000] {processor.py:914} INFO - Processing file /home/ubuntu/airflow-venv/lib/python3.12/site-packages/airflow/example_dags/example_sensors.py for tasks to queue
[2024-11-14T07:57:40.792+0000] {logging_mixin.py:190} INFO - [2024-11-14T07:57:40.792+0000] {dagbag.py:588} INFO - Filling up the DagBag from /home/ubuntu/airflow-venv/lib/python3.12/site-packages/airflow/example_dags/example_sensors.py
[2024-11-14T07:57:40.807+0000] {processor.py:925} INFO - DAG(s) 'example_sensors' retrieved from /home/ubuntu/airflow-venv/lib/python3.12/site-packages/airflow/example_dags/example_sensors.py
[2024-11-14T07:57:40.831+0000] {logging_mixin.py:190} INFO - [2024-11-14T07:57:40.831+0000] {dag.py:3239} INFO - Sync 1 DAGs
[2024-11-14T07:57:40.855+0000] {logging_mixin.py:190} INFO - [2024-11-14T07:57:40.855+0000] {dag.py:4180} INFO - Setting next_dagrun for example_sensors to None, run_after=None
[2024-11-14T07:57:40.884+0000] {processor.py:208} INFO - Processing /home/ubuntu/airflow-venv/lib/python3.12/site-packages/airflow/example_dags/example_sensors.py took 0.122 seconds
[2024-11-14T07:58:40.493+0000] {processor.py:186} INFO - Started process (PID=5215) to work on /home/ubuntu/airflow-venv/lib/python3.12/site-packages/airflow/example_dags/example_sensors.py
[2024-11-14T07:58:40.495+0000] {processor.py:914} INFO - Processing file /home/ubuntu/airflow-venv/lib/python3.12/site-packages/airflow/example_dags/example_sensors.py for tasks to queue
[2024-11-14T07:58:40.496+0000] {logging_mixin.py:190} INFO - [2024-11-14T07:58:40.496+0000] {dagbag.py:588} INFO - Filling up the DagBag from /home/ubuntu/airflow-venv/lib/python3.12/site-packages/airflow/example_dags/example_sensors.py
[2024-11-14T07:58:40.516+0000] {processor.py:925} INFO - DAG(s) 'example_sensors' retrieved from /home/ubuntu/airflow-venv/lib/python3.12/site-packages/airflow/example_dags/example_sensors.py
[2024-11-14T07:58:40.546+0000] {logging_mixin.py:190} INFO - [2024-11-14T07:58:40.545+0000] {dag.py:3239} INFO - Sync 1 DAGs
[2024-11-14T07:58:40.561+0000] {logging_mixin.py:190} INFO - [2024-11-14T07:58:40.561+0000] {dag.py:4180} INFO - Setting next_dagrun for example_sensors to None, run_after=None
[2024-11-14T07:58:40.585+0000] {processor.py:208} INFO - Processing /home/ubuntu/airflow-venv/lib/python3.12/site-packages/airflow/example_dags/example_sensors.py took 0.099 seconds
[2024-11-14T07:59:41.407+0000] {processor.py:186} INFO - Started process (PID=5275) to work on /home/ubuntu/airflow-venv/lib/python3.12/site-packages/airflow/example_dags/example_sensors.py
[2024-11-14T07:59:41.409+0000] {processor.py:914} INFO - Processing file /home/ubuntu/airflow-venv/lib/python3.12/site-packages/airflow/example_dags/example_sensors.py for tasks to queue
[2024-11-14T07:59:41.410+0000] {logging_mixin.py:190} INFO - [2024-11-14T07:59:41.410+0000] {dagbag.py:588} INFO - Filling up the DagBag from /home/ubuntu/airflow-venv/lib/python3.12/site-packages/airflow/example_dags/example_sensors.py
[2024-11-14T07:59:41.426+0000] {processor.py:925} INFO - DAG(s) 'example_sensors' retrieved from /home/ubuntu/airflow-venv/lib/python3.12/site-packages/airflow/example_dags/example_sensors.py
[2024-11-14T07:59:41.453+0000] {logging_mixin.py:190} INFO - [2024-11-14T07:59:41.453+0000] {dag.py:3239} INFO - Sync 1 DAGs
[2024-11-14T07:59:41.468+0000] {logging_mixin.py:190} INFO - [2024-11-14T07:59:41.468+0000] {dag.py:4180} INFO - Setting next_dagrun for example_sensors to None, run_after=None
[2024-11-14T07:59:41.500+0000] {processor.py:208} INFO - Processing /home/ubuntu/airflow-venv/lib/python3.12/site-packages/airflow/example_dags/example_sensors.py took 0.101 seconds
[2024-11-14T08:00:41.324+0000] {processor.py:186} INFO - Started process (PID=5337) to work on /home/ubuntu/airflow-venv/lib/python3.12/site-packages/airflow/example_dags/example_sensors.py
[2024-11-14T08:00:41.326+0000] {processor.py:914} INFO - Processing file /home/ubuntu/airflow-venv/lib/python3.12/site-packages/airflow/example_dags/example_sensors.py for tasks to queue
[2024-11-14T08:00:41.327+0000] {logging_mixin.py:190} INFO - [2024-11-14T08:00:41.327+0000] {dagbag.py:588} INFO - Filling up the DagBag from /home/ubuntu/airflow-venv/lib/python3.12/site-packages/airflow/example_dags/example_sensors.py
[2024-11-14T08:00:41.340+0000] {processor.py:925} INFO - DAG(s) 'example_sensors' retrieved from /home/ubuntu/airflow-venv/lib/python3.12/site-packages/airflow/example_dags/example_sensors.py
[2024-11-14T08:00:41.363+0000] {logging_mixin.py:190} INFO - [2024-11-14T08:00:41.362+0000] {dag.py:3239} INFO - Sync 1 DAGs
[2024-11-14T08:00:41.376+0000] {logging_mixin.py:190} INFO - [2024-11-14T08:00:41.375+0000] {dag.py:4180} INFO - Setting next_dagrun for example_sensors to None, run_after=None
[2024-11-14T08:00:41.398+0000] {processor.py:208} INFO - Processing /home/ubuntu/airflow-venv/lib/python3.12/site-packages/airflow/example_dags/example_sensors.py took 0.080 seconds
[2024-11-14T08:01:41.357+0000] {processor.py:186} INFO - Started process (PID=5401) to work on /home/ubuntu/airflow-venv/lib/python3.12/site-packages/airflow/example_dags/example_sensors.py
[2024-11-14T08:01:41.358+0000] {processor.py:914} INFO - Processing file /home/ubuntu/airflow-venv/lib/python3.12/site-packages/airflow/example_dags/example_sensors.py for tasks to queue
[2024-11-14T08:01:41.360+0000] {logging_mixin.py:190} INFO - [2024-11-14T08:01:41.359+0000] {dagbag.py:588} INFO - Filling up the DagBag from /home/ubuntu/airflow-venv/lib/python3.12/site-packages/airflow/example_dags/example_sensors.py
[2024-11-14T08:01:41.375+0000] {processor.py:925} INFO - DAG(s) 'example_sensors' retrieved from /home/ubuntu/airflow-venv/lib/python3.12/site-packages/airflow/example_dags/example_sensors.py
[2024-11-14T08:01:41.403+0000] {logging_mixin.py:190} INFO - [2024-11-14T08:01:41.403+0000] {dag.py:3239} INFO - Sync 1 DAGs
[2024-11-14T08:01:41.416+0000] {logging_mixin.py:190} INFO - [2024-11-14T08:01:41.415+0000] {dag.py:4180} INFO - Setting next_dagrun for example_sensors to None, run_after=None
[2024-11-14T08:01:41.439+0000] {processor.py:208} INFO - Processing /home/ubuntu/airflow-venv/lib/python3.12/site-packages/airflow/example_dags/example_sensors.py took 0.089 seconds
[2024-11-14T08:02:39.978+0000] {processor.py:186} INFO - Started process (PID=5464) to work on /home/ubuntu/airflow-venv/lib/python3.12/site-packages/airflow/example_dags/example_sensors.py
[2024-11-14T08:02:39.980+0000] {processor.py:914} INFO - Processing file /home/ubuntu/airflow-venv/lib/python3.12/site-packages/airflow/example_dags/example_sensors.py for tasks to queue
[2024-11-14T08:02:39.981+0000] {logging_mixin.py:190} INFO - [2024-11-14T08:02:39.981+0000] {dagbag.py:588} INFO - Filling up the DagBag from /home/ubuntu/airflow-venv/lib/python3.12/site-packages/airflow/example_dags/example_sensors.py
[2024-11-14T08:02:39.994+0000] {processor.py:925} INFO - DAG(s) 'example_sensors' retrieved from /home/ubuntu/airflow-venv/lib/python3.12/site-packages/airflow/example_dags/example_sensors.py
[2024-11-14T08:02:40.031+0000] {logging_mixin.py:190} INFO - [2024-11-14T08:02:40.031+0000] {dag.py:3239} INFO - Sync 1 DAGs
[2024-11-14T08:02:40.046+0000] {logging_mixin.py:190} INFO - [2024-11-14T08:02:40.046+0000] {dag.py:4180} INFO - Setting next_dagrun for example_sensors to None, run_after=None
[2024-11-14T08:02:40.069+0000] {processor.py:208} INFO - Processing /home/ubuntu/airflow-venv/lib/python3.12/site-packages/airflow/example_dags/example_sensors.py took 0.097 seconds
