[2024-11-14T07:41:14.128+0000] {processor.py:186} INFO - Started process (PID=3716) to work on /home/ubuntu/airflow-venv/lib/python3.12/site-packages/airflow/example_dags/example_datasets.py
[2024-11-14T07:41:14.128+0000] {processor.py:914} INFO - Processing file /home/ubuntu/airflow-venv/lib/python3.12/site-packages/airflow/example_dags/example_datasets.py for tasks to queue
[2024-11-14T07:41:14.131+0000] {logging_mixin.py:190} INFO - [2024-11-14T07:41:14.131+0000] {dagbag.py:588} INFO - Filling up the DagBag from /home/ubuntu/airflow-venv/lib/python3.12/site-packages/airflow/example_dags/example_datasets.py
[2024-11-14T07:41:14.153+0000] {processor.py:925} INFO - DAG(s) 'dataset_consumes_1_and_2', 'consume_1_or_2_with_dataset_expressions', 'dataset_produces_2', 'dataset_consumes_1', 'consume_1_and_2_with_dataset_expressions', 'consume_1_or_both_2_and_3_with_dataset_expressions', 'dataset_consumes_unknown_never_scheduled', 'conditional_dataset_and_time_based_timetable', 'dataset_consumes_1_never_scheduled', 'dataset_produces_1' retrieved from /home/ubuntu/airflow-venv/lib/python3.12/site-packages/airflow/example_dags/example_datasets.py
[2024-11-14T07:41:14.315+0000] {logging_mixin.py:190} INFO - [2024-11-14T07:41:14.314+0000] {override.py:1911} INFO - Created Permission View: can delete on DAG:dataset_consumes_1_and_2
[2024-11-14T07:41:14.330+0000] {logging_mixin.py:190} INFO - [2024-11-14T07:41:14.330+0000] {override.py:1911} INFO - Created Permission View: can read on DAG:dataset_consumes_1_and_2
[2024-11-14T07:41:14.341+0000] {logging_mixin.py:190} INFO - [2024-11-14T07:41:14.340+0000] {override.py:1911} INFO - Created Permission View: can edit on DAG:dataset_consumes_1_and_2
[2024-11-14T07:41:14.360+0000] {logging_mixin.py:190} INFO - [2024-11-14T07:41:14.360+0000] {override.py:1911} INFO - Created Permission View: can delete on DAG Run:dataset_consumes_1_and_2
[2024-11-14T07:41:14.371+0000] {logging_mixin.py:190} INFO - [2024-11-14T07:41:14.371+0000] {override.py:1911} INFO - Created Permission View: can create on DAG Run:dataset_consumes_1_and_2
[2024-11-14T07:41:14.387+0000] {logging_mixin.py:190} INFO - [2024-11-14T07:41:14.386+0000] {override.py:1911} INFO - Created Permission View: can read on DAG Run:dataset_consumes_1_and_2
[2024-11-14T07:41:14.400+0000] {logging_mixin.py:190} INFO - [2024-11-14T07:41:14.400+0000] {override.py:1911} INFO - Created Permission View: menu access on DAG Run:dataset_consumes_1_and_2
[2024-11-14T07:41:14.424+0000] {logging_mixin.py:190} INFO - [2024-11-14T07:41:14.424+0000] {override.py:1911} INFO - Created Permission View: can delete on DAG:consume_1_or_2_with_dataset_expressions
[2024-11-14T07:41:14.440+0000] {logging_mixin.py:190} INFO - [2024-11-14T07:41:14.439+0000] {override.py:1911} INFO - Created Permission View: can read on DAG:consume_1_or_2_with_dataset_expressions
[2024-11-14T07:41:14.451+0000] {logging_mixin.py:190} INFO - [2024-11-14T07:41:14.451+0000] {override.py:1911} INFO - Created Permission View: can edit on DAG:consume_1_or_2_with_dataset_expressions
[2024-11-14T07:41:14.481+0000] {logging_mixin.py:190} INFO - [2024-11-14T07:41:14.481+0000] {override.py:1911} INFO - Created Permission View: can delete on DAG Run:consume_1_or_2_with_dataset_expressions
[2024-11-14T07:41:14.492+0000] {logging_mixin.py:190} INFO - [2024-11-14T07:41:14.492+0000] {override.py:1911} INFO - Created Permission View: can create on DAG Run:consume_1_or_2_with_dataset_expressions
[2024-11-14T07:41:14.503+0000] {logging_mixin.py:190} INFO - [2024-11-14T07:41:14.503+0000] {override.py:1911} INFO - Created Permission View: can read on DAG Run:consume_1_or_2_with_dataset_expressions
[2024-11-14T07:41:14.514+0000] {logging_mixin.py:190} INFO - [2024-11-14T07:41:14.514+0000] {override.py:1911} INFO - Created Permission View: menu access on DAG Run:consume_1_or_2_with_dataset_expressions
[2024-11-14T07:41:14.536+0000] {logging_mixin.py:190} INFO - [2024-11-14T07:41:14.535+0000] {override.py:1911} INFO - Created Permission View: can delete on DAG:dataset_produces_2
[2024-11-14T07:41:14.547+0000] {logging_mixin.py:190} INFO - [2024-11-14T07:41:14.546+0000] {override.py:1911} INFO - Created Permission View: can read on DAG:dataset_produces_2
[2024-11-14T07:41:14.557+0000] {logging_mixin.py:190} INFO - [2024-11-14T07:41:14.556+0000] {override.py:1911} INFO - Created Permission View: can edit on DAG:dataset_produces_2
[2024-11-14T07:41:14.572+0000] {logging_mixin.py:190} INFO - [2024-11-14T07:41:14.571+0000] {override.py:1911} INFO - Created Permission View: can delete on DAG Run:dataset_produces_2
[2024-11-14T07:41:14.583+0000] {logging_mixin.py:190} INFO - [2024-11-14T07:41:14.583+0000] {override.py:1911} INFO - Created Permission View: can create on DAG Run:dataset_produces_2
[2024-11-14T07:41:14.593+0000] {logging_mixin.py:190} INFO - [2024-11-14T07:41:14.592+0000] {override.py:1911} INFO - Created Permission View: can read on DAG Run:dataset_produces_2
[2024-11-14T07:41:14.603+0000] {logging_mixin.py:190} INFO - [2024-11-14T07:41:14.603+0000] {override.py:1911} INFO - Created Permission View: menu access on DAG Run:dataset_produces_2
[2024-11-14T07:41:14.639+0000] {logging_mixin.py:190} INFO - [2024-11-14T07:41:14.638+0000] {override.py:1911} INFO - Created Permission View: can delete on DAG:dataset_consumes_1
[2024-11-14T07:41:14.652+0000] {logging_mixin.py:190} INFO - [2024-11-14T07:41:14.651+0000] {override.py:1911} INFO - Created Permission View: can read on DAG:dataset_consumes_1
[2024-11-14T07:41:14.667+0000] {logging_mixin.py:190} INFO - [2024-11-14T07:41:14.666+0000] {override.py:1911} INFO - Created Permission View: can edit on DAG:dataset_consumes_1
[2024-11-14T07:41:14.686+0000] {logging_mixin.py:190} INFO - [2024-11-14T07:41:14.686+0000] {override.py:1911} INFO - Created Permission View: can delete on DAG Run:dataset_consumes_1
[2024-11-14T07:41:14.696+0000] {logging_mixin.py:190} INFO - [2024-11-14T07:41:14.696+0000] {override.py:1911} INFO - Created Permission View: can create on DAG Run:dataset_consumes_1
[2024-11-14T07:41:14.708+0000] {logging_mixin.py:190} INFO - [2024-11-14T07:41:14.708+0000] {override.py:1911} INFO - Created Permission View: can read on DAG Run:dataset_consumes_1
[2024-11-14T07:41:14.719+0000] {logging_mixin.py:190} INFO - [2024-11-14T07:41:14.719+0000] {override.py:1911} INFO - Created Permission View: menu access on DAG Run:dataset_consumes_1
[2024-11-14T07:41:14.747+0000] {logging_mixin.py:190} INFO - [2024-11-14T07:41:14.747+0000] {override.py:1911} INFO - Created Permission View: can delete on DAG:consume_1_and_2_with_dataset_expressions
[2024-11-14T07:41:14.758+0000] {logging_mixin.py:190} INFO - [2024-11-14T07:41:14.758+0000] {override.py:1911} INFO - Created Permission View: can read on DAG:consume_1_and_2_with_dataset_expressions
[2024-11-14T07:41:14.769+0000] {logging_mixin.py:190} INFO - [2024-11-14T07:41:14.769+0000] {override.py:1911} INFO - Created Permission View: can edit on DAG:consume_1_and_2_with_dataset_expressions
[2024-11-14T07:41:14.787+0000] {logging_mixin.py:190} INFO - [2024-11-14T07:41:14.787+0000] {override.py:1911} INFO - Created Permission View: can delete on DAG Run:consume_1_and_2_with_dataset_expressions
[2024-11-14T07:41:14.800+0000] {logging_mixin.py:190} INFO - [2024-11-14T07:41:14.800+0000] {override.py:1911} INFO - Created Permission View: can create on DAG Run:consume_1_and_2_with_dataset_expressions
[2024-11-14T07:41:14.811+0000] {logging_mixin.py:190} INFO - [2024-11-14T07:41:14.811+0000] {override.py:1911} INFO - Created Permission View: can read on DAG Run:consume_1_and_2_with_dataset_expressions
[2024-11-14T07:41:14.822+0000] {logging_mixin.py:190} INFO - [2024-11-14T07:41:14.821+0000] {override.py:1911} INFO - Created Permission View: menu access on DAG Run:consume_1_and_2_with_dataset_expressions
[2024-11-14T07:41:14.846+0000] {logging_mixin.py:190} INFO - [2024-11-14T07:41:14.845+0000] {override.py:1911} INFO - Created Permission View: can delete on DAG:consume_1_or_both_2_and_3_with_dataset_expressions
[2024-11-14T07:41:14.857+0000] {logging_mixin.py:190} INFO - [2024-11-14T07:41:14.856+0000] {override.py:1911} INFO - Created Permission View: can read on DAG:consume_1_or_both_2_and_3_with_dataset_expressions
[2024-11-14T07:41:14.868+0000] {logging_mixin.py:190} INFO - [2024-11-14T07:41:14.867+0000] {override.py:1911} INFO - Created Permission View: can edit on DAG:consume_1_or_both_2_and_3_with_dataset_expressions
[2024-11-14T07:41:14.884+0000] {logging_mixin.py:190} INFO - [2024-11-14T07:41:14.884+0000] {override.py:1911} INFO - Created Permission View: can delete on DAG Run:consume_1_or_both_2_and_3_with_dataset_expressions
[2024-11-14T07:41:14.895+0000] {logging_mixin.py:190} INFO - [2024-11-14T07:41:14.895+0000] {override.py:1911} INFO - Created Permission View: can create on DAG Run:consume_1_or_both_2_and_3_with_dataset_expressions
[2024-11-14T07:41:14.906+0000] {logging_mixin.py:190} INFO - [2024-11-14T07:41:14.906+0000] {override.py:1911} INFO - Created Permission View: can read on DAG Run:consume_1_or_both_2_and_3_with_dataset_expressions
[2024-11-14T07:41:14.919+0000] {logging_mixin.py:190} INFO - [2024-11-14T07:41:14.919+0000] {override.py:1911} INFO - Created Permission View: menu access on DAG Run:consume_1_or_both_2_and_3_with_dataset_expressions
[2024-11-14T07:41:14.944+0000] {logging_mixin.py:190} INFO - [2024-11-14T07:41:14.943+0000] {override.py:1911} INFO - Created Permission View: can delete on DAG:dataset_consumes_unknown_never_scheduled
[2024-11-14T07:41:14.954+0000] {logging_mixin.py:190} INFO - [2024-11-14T07:41:14.954+0000] {override.py:1911} INFO - Created Permission View: can read on DAG:dataset_consumes_unknown_never_scheduled
[2024-11-14T07:41:14.967+0000] {logging_mixin.py:190} INFO - [2024-11-14T07:41:14.966+0000] {override.py:1911} INFO - Created Permission View: can edit on DAG:dataset_consumes_unknown_never_scheduled
[2024-11-14T07:41:14.984+0000] {logging_mixin.py:190} INFO - [2024-11-14T07:41:14.984+0000] {override.py:1911} INFO - Created Permission View: can delete on DAG Run:dataset_consumes_unknown_never_scheduled
[2024-11-14T07:41:14.995+0000] {logging_mixin.py:190} INFO - [2024-11-14T07:41:14.994+0000] {override.py:1911} INFO - Created Permission View: can create on DAG Run:dataset_consumes_unknown_never_scheduled
[2024-11-14T07:41:15.011+0000] {logging_mixin.py:190} INFO - [2024-11-14T07:41:15.011+0000] {override.py:1911} INFO - Created Permission View: can read on DAG Run:dataset_consumes_unknown_never_scheduled
[2024-11-14T07:41:15.032+0000] {logging_mixin.py:190} INFO - [2024-11-14T07:41:15.031+0000] {override.py:1911} INFO - Created Permission View: menu access on DAG Run:dataset_consumes_unknown_never_scheduled
[2024-11-14T07:41:15.056+0000] {logging_mixin.py:190} INFO - [2024-11-14T07:41:15.055+0000] {override.py:1911} INFO - Created Permission View: can delete on DAG:conditional_dataset_and_time_based_timetable
[2024-11-14T07:41:15.066+0000] {logging_mixin.py:190} INFO - [2024-11-14T07:41:15.065+0000] {override.py:1911} INFO - Created Permission View: can read on DAG:conditional_dataset_and_time_based_timetable
[2024-11-14T07:41:15.081+0000] {logging_mixin.py:190} INFO - [2024-11-14T07:41:15.080+0000] {override.py:1911} INFO - Created Permission View: can edit on DAG:conditional_dataset_and_time_based_timetable
[2024-11-14T07:41:15.100+0000] {logging_mixin.py:190} INFO - [2024-11-14T07:41:15.100+0000] {override.py:1911} INFO - Created Permission View: can delete on DAG Run:conditional_dataset_and_time_based_timetable
[2024-11-14T07:41:15.113+0000] {logging_mixin.py:190} INFO - [2024-11-14T07:41:15.112+0000] {override.py:1911} INFO - Created Permission View: can create on DAG Run:conditional_dataset_and_time_based_timetable
[2024-11-14T07:41:15.124+0000] {logging_mixin.py:190} INFO - [2024-11-14T07:41:15.124+0000] {override.py:1911} INFO - Created Permission View: can read on DAG Run:conditional_dataset_and_time_based_timetable
[2024-11-14T07:41:15.134+0000] {logging_mixin.py:190} INFO - [2024-11-14T07:41:15.134+0000] {override.py:1911} INFO - Created Permission View: menu access on DAG Run:conditional_dataset_and_time_based_timetable
[2024-11-14T07:41:15.157+0000] {logging_mixin.py:190} INFO - [2024-11-14T07:41:15.157+0000] {override.py:1911} INFO - Created Permission View: can delete on DAG:dataset_consumes_1_never_scheduled
[2024-11-14T07:41:15.168+0000] {logging_mixin.py:190} INFO - [2024-11-14T07:41:15.167+0000] {override.py:1911} INFO - Created Permission View: can read on DAG:dataset_consumes_1_never_scheduled
[2024-11-14T07:41:15.178+0000] {logging_mixin.py:190} INFO - [2024-11-14T07:41:15.177+0000] {override.py:1911} INFO - Created Permission View: can edit on DAG:dataset_consumes_1_never_scheduled
[2024-11-14T07:41:15.194+0000] {logging_mixin.py:190} INFO - [2024-11-14T07:41:15.193+0000] {override.py:1911} INFO - Created Permission View: can delete on DAG Run:dataset_consumes_1_never_scheduled
[2024-11-14T07:41:15.206+0000] {logging_mixin.py:190} INFO - [2024-11-14T07:41:15.205+0000] {override.py:1911} INFO - Created Permission View: can create on DAG Run:dataset_consumes_1_never_scheduled
[2024-11-14T07:41:15.217+0000] {logging_mixin.py:190} INFO - [2024-11-14T07:41:15.216+0000] {override.py:1911} INFO - Created Permission View: can read on DAG Run:dataset_consumes_1_never_scheduled
[2024-11-14T07:41:15.227+0000] {logging_mixin.py:190} INFO - [2024-11-14T07:41:15.227+0000] {override.py:1911} INFO - Created Permission View: menu access on DAG Run:dataset_consumes_1_never_scheduled
[2024-11-14T07:41:15.250+0000] {logging_mixin.py:190} INFO - [2024-11-14T07:41:15.250+0000] {override.py:1911} INFO - Created Permission View: can delete on DAG:dataset_produces_1
[2024-11-14T07:41:15.263+0000] {logging_mixin.py:190} INFO - [2024-11-14T07:41:15.263+0000] {override.py:1911} INFO - Created Permission View: can read on DAG:dataset_produces_1
[2024-11-14T07:41:15.276+0000] {logging_mixin.py:190} INFO - [2024-11-14T07:41:15.275+0000] {override.py:1911} INFO - Created Permission View: can edit on DAG:dataset_produces_1
[2024-11-14T07:41:15.297+0000] {logging_mixin.py:190} INFO - [2024-11-14T07:41:15.296+0000] {override.py:1911} INFO - Created Permission View: can delete on DAG Run:dataset_produces_1
[2024-11-14T07:41:15.315+0000] {logging_mixin.py:190} INFO - [2024-11-14T07:41:15.314+0000] {override.py:1911} INFO - Created Permission View: can create on DAG Run:dataset_produces_1
[2024-11-14T07:41:15.327+0000] {logging_mixin.py:190} INFO - [2024-11-14T07:41:15.326+0000] {override.py:1911} INFO - Created Permission View: can read on DAG Run:dataset_produces_1
[2024-11-14T07:41:15.340+0000] {logging_mixin.py:190} INFO - [2024-11-14T07:41:15.340+0000] {override.py:1911} INFO - Created Permission View: menu access on DAG Run:dataset_produces_1
[2024-11-14T07:41:15.341+0000] {logging_mixin.py:190} INFO - [2024-11-14T07:41:15.341+0000] {dag.py:3239} INFO - Sync 10 DAGs
[2024-11-14T07:41:15.356+0000] {logging_mixin.py:190} INFO - [2024-11-14T07:41:15.356+0000] {dag.py:3262} INFO - Creating ORM DAG for dataset_consumes_unknown_never_scheduled
[2024-11-14T07:41:15.357+0000] {logging_mixin.py:190} INFO - [2024-11-14T07:41:15.357+0000] {dag.py:3262} INFO - Creating ORM DAG for consume_1_or_both_2_and_3_with_dataset_expressions
[2024-11-14T07:41:15.358+0000] {logging_mixin.py:190} INFO - [2024-11-14T07:41:15.357+0000] {dag.py:3262} INFO - Creating ORM DAG for dataset_consumes_1
[2024-11-14T07:41:15.358+0000] {logging_mixin.py:190} INFO - [2024-11-14T07:41:15.358+0000] {dag.py:3262} INFO - Creating ORM DAG for dataset_consumes_1_and_2
[2024-11-14T07:41:15.359+0000] {logging_mixin.py:190} INFO - [2024-11-14T07:41:15.359+0000] {dag.py:3262} INFO - Creating ORM DAG for dataset_consumes_1_never_scheduled
[2024-11-14T07:41:15.365+0000] {logging_mixin.py:190} INFO - [2024-11-14T07:41:15.359+0000] {dag.py:3262} INFO - Creating ORM DAG for consume_1_and_2_with_dataset_expressions
[2024-11-14T07:41:15.366+0000] {logging_mixin.py:190} INFO - [2024-11-14T07:41:15.365+0000] {dag.py:3262} INFO - Creating ORM DAG for conditional_dataset_and_time_based_timetable
[2024-11-14T07:41:15.366+0000] {logging_mixin.py:190} INFO - [2024-11-14T07:41:15.366+0000] {dag.py:3262} INFO - Creating ORM DAG for consume_1_or_2_with_dataset_expressions
[2024-11-14T07:41:15.367+0000] {logging_mixin.py:190} INFO - [2024-11-14T07:41:15.367+0000] {dag.py:3262} INFO - Creating ORM DAG for dataset_produces_2
[2024-11-14T07:41:15.367+0000] {logging_mixin.py:190} INFO - [2024-11-14T07:41:15.367+0000] {dag.py:3262} INFO - Creating ORM DAG for dataset_produces_1
[2024-11-14T07:41:15.378+0000] {logging_mixin.py:190} INFO - [2024-11-14T07:41:15.378+0000] {dag.py:4180} INFO - Setting next_dagrun for conditional_dataset_and_time_based_timetable to 2024-11-13 01:00:00+00:00, run_after=2024-11-13 01:00:00+00:00
[2024-11-14T07:41:15.379+0000] {logging_mixin.py:190} INFO - [2024-11-14T07:41:15.379+0000] {dag.py:4180} INFO - Setting next_dagrun for consume_1_and_2_with_dataset_expressions to None, run_after=None
[2024-11-14T07:41:15.379+0000] {logging_mixin.py:190} INFO - [2024-11-14T07:41:15.379+0000] {dag.py:4180} INFO - Setting next_dagrun for consume_1_or_2_with_dataset_expressions to None, run_after=None
[2024-11-14T07:41:15.380+0000] {logging_mixin.py:190} INFO - [2024-11-14T07:41:15.379+0000] {dag.py:4180} INFO - Setting next_dagrun for consume_1_or_both_2_and_3_with_dataset_expressions to None, run_after=None
[2024-11-14T07:41:15.380+0000] {logging_mixin.py:190} INFO - [2024-11-14T07:41:15.380+0000] {dag.py:4180} INFO - Setting next_dagrun for dataset_consumes_1 to None, run_after=None
[2024-11-14T07:41:15.381+0000] {logging_mixin.py:190} INFO - [2024-11-14T07:41:15.381+0000] {dag.py:4180} INFO - Setting next_dagrun for dataset_consumes_1_and_2 to None, run_after=None
[2024-11-14T07:41:15.381+0000] {logging_mixin.py:190} INFO - [2024-11-14T07:41:15.381+0000] {dag.py:4180} INFO - Setting next_dagrun for dataset_consumes_1_never_scheduled to None, run_after=None
[2024-11-14T07:41:15.382+0000] {logging_mixin.py:190} INFO - [2024-11-14T07:41:15.382+0000] {dag.py:4180} INFO - Setting next_dagrun for dataset_consumes_unknown_never_scheduled to None, run_after=None
[2024-11-14T07:41:15.383+0000] {logging_mixin.py:190} INFO - [2024-11-14T07:41:15.383+0000] {dag.py:4180} INFO - Setting next_dagrun for dataset_produces_1 to 2024-11-13 00:00:00+00:00, run_after=2024-11-14 00:00:00+00:00
[2024-11-14T07:41:15.384+0000] {logging_mixin.py:190} INFO - [2024-11-14T07:41:15.384+0000] {dag.py:4180} INFO - Setting next_dagrun for dataset_produces_2 to None, run_after=None
[2024-11-14T07:41:15.421+0000] {processor.py:208} INFO - Processing /home/ubuntu/airflow-venv/lib/python3.12/site-packages/airflow/example_dags/example_datasets.py took 1.302 seconds
[2024-11-14T07:42:22.512+0000] {processor.py:186} INFO - Started process (PID=3779) to work on /home/ubuntu/airflow-venv/lib/python3.12/site-packages/airflow/example_dags/example_datasets.py
[2024-11-14T07:42:22.513+0000] {processor.py:914} INFO - Processing file /home/ubuntu/airflow-venv/lib/python3.12/site-packages/airflow/example_dags/example_datasets.py for tasks to queue
[2024-11-14T07:42:22.515+0000] {logging_mixin.py:190} INFO - [2024-11-14T07:42:22.515+0000] {dagbag.py:588} INFO - Filling up the DagBag from /home/ubuntu/airflow-venv/lib/python3.12/site-packages/airflow/example_dags/example_datasets.py
[2024-11-14T07:42:22.534+0000] {processor.py:925} INFO - DAG(s) 'conditional_dataset_and_time_based_timetable', 'consume_1_and_2_with_dataset_expressions', 'consume_1_or_2_with_dataset_expressions', 'dataset_consumes_1_and_2', 'dataset_produces_1', 'dataset_consumes_1_never_scheduled', 'consume_1_or_both_2_and_3_with_dataset_expressions', 'dataset_consumes_1', 'dataset_consumes_unknown_never_scheduled', 'dataset_produces_2' retrieved from /home/ubuntu/airflow-venv/lib/python3.12/site-packages/airflow/example_dags/example_datasets.py
[2024-11-14T07:42:22.571+0000] {logging_mixin.py:190} INFO - [2024-11-14T07:42:22.571+0000] {dag.py:3239} INFO - Sync 10 DAGs
[2024-11-14T07:42:22.597+0000] {logging_mixin.py:190} INFO - [2024-11-14T07:42:22.597+0000] {dag.py:4180} INFO - Setting next_dagrun for conditional_dataset_and_time_based_timetable to 2024-11-13 01:00:00+00:00, run_after=2024-11-13 01:00:00+00:00
[2024-11-14T07:42:22.601+0000] {logging_mixin.py:190} INFO - [2024-11-14T07:42:22.601+0000] {dag.py:4180} INFO - Setting next_dagrun for consume_1_and_2_with_dataset_expressions to None, run_after=None
[2024-11-14T07:42:22.602+0000] {logging_mixin.py:190} INFO - [2024-11-14T07:42:22.602+0000] {dag.py:4180} INFO - Setting next_dagrun for consume_1_or_2_with_dataset_expressions to None, run_after=None
[2024-11-14T07:42:22.607+0000] {logging_mixin.py:190} INFO - [2024-11-14T07:42:22.607+0000] {dag.py:4180} INFO - Setting next_dagrun for consume_1_or_both_2_and_3_with_dataset_expressions to None, run_after=None
[2024-11-14T07:42:22.609+0000] {logging_mixin.py:190} INFO - [2024-11-14T07:42:22.609+0000] {dag.py:4180} INFO - Setting next_dagrun for dataset_consumes_1 to None, run_after=None
[2024-11-14T07:42:22.610+0000] {logging_mixin.py:190} INFO - [2024-11-14T07:42:22.610+0000] {dag.py:4180} INFO - Setting next_dagrun for dataset_consumes_1_and_2 to None, run_after=None
[2024-11-14T07:42:22.611+0000] {logging_mixin.py:190} INFO - [2024-11-14T07:42:22.610+0000] {dag.py:4180} INFO - Setting next_dagrun for dataset_consumes_1_never_scheduled to None, run_after=None
[2024-11-14T07:42:22.611+0000] {logging_mixin.py:190} INFO - [2024-11-14T07:42:22.611+0000] {dag.py:4180} INFO - Setting next_dagrun for dataset_consumes_unknown_never_scheduled to None, run_after=None
[2024-11-14T07:42:22.614+0000] {logging_mixin.py:190} INFO - [2024-11-14T07:42:22.613+0000] {dag.py:4180} INFO - Setting next_dagrun for dataset_produces_1 to 2024-11-13 00:00:00+00:00, run_after=2024-11-14 00:00:00+00:00
[2024-11-14T07:42:22.614+0000] {logging_mixin.py:190} INFO - [2024-11-14T07:42:22.614+0000] {dag.py:4180} INFO - Setting next_dagrun for dataset_produces_2 to None, run_after=None
[2024-11-14T07:42:22.649+0000] {processor.py:208} INFO - Processing /home/ubuntu/airflow-venv/lib/python3.12/site-packages/airflow/example_dags/example_datasets.py took 0.144 seconds
[2024-11-14T07:43:19.771+0000] {processor.py:186} INFO - Started process (PID=3837) to work on /home/ubuntu/airflow-venv/lib/python3.12/site-packages/airflow/example_dags/example_datasets.py
[2024-11-14T07:43:19.773+0000] {processor.py:914} INFO - Processing file /home/ubuntu/airflow-venv/lib/python3.12/site-packages/airflow/example_dags/example_datasets.py for tasks to queue
[2024-11-14T07:43:19.775+0000] {logging_mixin.py:190} INFO - [2024-11-14T07:43:19.775+0000] {dagbag.py:588} INFO - Filling up the DagBag from /home/ubuntu/airflow-venv/lib/python3.12/site-packages/airflow/example_dags/example_datasets.py
[2024-11-14T07:43:19.791+0000] {processor.py:925} INFO - DAG(s) 'dataset_consumes_1', 'dataset_produces_2', 'dataset_consumes_1_and_2', 'conditional_dataset_and_time_based_timetable', 'consume_1_and_2_with_dataset_expressions', 'dataset_consumes_unknown_never_scheduled', 'dataset_produces_1', 'consume_1_or_both_2_and_3_with_dataset_expressions', 'dataset_consumes_1_never_scheduled', 'consume_1_or_2_with_dataset_expressions' retrieved from /home/ubuntu/airflow-venv/lib/python3.12/site-packages/airflow/example_dags/example_datasets.py
[2024-11-14T07:43:19.823+0000] {logging_mixin.py:190} INFO - [2024-11-14T07:43:19.823+0000] {dag.py:3239} INFO - Sync 10 DAGs
[2024-11-14T07:43:19.846+0000] {logging_mixin.py:190} INFO - [2024-11-14T07:43:19.845+0000] {dag.py:4180} INFO - Setting next_dagrun for conditional_dataset_and_time_based_timetable to 2024-11-13 01:00:00+00:00, run_after=2024-11-13 01:00:00+00:00
[2024-11-14T07:43:19.849+0000] {logging_mixin.py:190} INFO - [2024-11-14T07:43:19.849+0000] {dag.py:4180} INFO - Setting next_dagrun for consume_1_and_2_with_dataset_expressions to None, run_after=None
[2024-11-14T07:43:19.850+0000] {logging_mixin.py:190} INFO - [2024-11-14T07:43:19.850+0000] {dag.py:4180} INFO - Setting next_dagrun for consume_1_or_2_with_dataset_expressions to None, run_after=None
[2024-11-14T07:43:19.851+0000] {logging_mixin.py:190} INFO - [2024-11-14T07:43:19.851+0000] {dag.py:4180} INFO - Setting next_dagrun for consume_1_or_both_2_and_3_with_dataset_expressions to None, run_after=None
[2024-11-14T07:43:19.852+0000] {logging_mixin.py:190} INFO - [2024-11-14T07:43:19.852+0000] {dag.py:4180} INFO - Setting next_dagrun for dataset_consumes_1 to None, run_after=None
[2024-11-14T07:43:19.853+0000] {logging_mixin.py:190} INFO - [2024-11-14T07:43:19.852+0000] {dag.py:4180} INFO - Setting next_dagrun for dataset_consumes_1_and_2 to None, run_after=None
[2024-11-14T07:43:19.853+0000] {logging_mixin.py:190} INFO - [2024-11-14T07:43:19.853+0000] {dag.py:4180} INFO - Setting next_dagrun for dataset_consumes_1_never_scheduled to None, run_after=None
[2024-11-14T07:43:19.854+0000] {logging_mixin.py:190} INFO - [2024-11-14T07:43:19.854+0000] {dag.py:4180} INFO - Setting next_dagrun for dataset_consumes_unknown_never_scheduled to None, run_after=None
[2024-11-14T07:43:19.856+0000] {logging_mixin.py:190} INFO - [2024-11-14T07:43:19.856+0000] {dag.py:4180} INFO - Setting next_dagrun for dataset_produces_1 to 2024-11-13 00:00:00+00:00, run_after=2024-11-14 00:00:00+00:00
[2024-11-14T07:43:19.857+0000] {logging_mixin.py:190} INFO - [2024-11-14T07:43:19.856+0000] {dag.py:4180} INFO - Setting next_dagrun for dataset_produces_2 to None, run_after=None
[2024-11-14T07:43:19.886+0000] {processor.py:208} INFO - Processing /home/ubuntu/airflow-venv/lib/python3.12/site-packages/airflow/example_dags/example_datasets.py took 0.120 seconds
[2024-11-14T07:44:17.609+0000] {processor.py:186} INFO - Started process (PID=3894) to work on /home/ubuntu/airflow-venv/lib/python3.12/site-packages/airflow/example_dags/example_datasets.py
[2024-11-14T07:44:17.611+0000] {processor.py:914} INFO - Processing file /home/ubuntu/airflow-venv/lib/python3.12/site-packages/airflow/example_dags/example_datasets.py for tasks to queue
[2024-11-14T07:44:17.613+0000] {logging_mixin.py:190} INFO - [2024-11-14T07:44:17.613+0000] {dagbag.py:588} INFO - Filling up the DagBag from /home/ubuntu/airflow-venv/lib/python3.12/site-packages/airflow/example_dags/example_datasets.py
[2024-11-14T07:44:17.633+0000] {processor.py:925} INFO - DAG(s) 'consume_1_or_2_with_dataset_expressions', 'conditional_dataset_and_time_based_timetable', 'consume_1_or_both_2_and_3_with_dataset_expressions', 'dataset_produces_1', 'dataset_consumes_unknown_never_scheduled', 'dataset_consumes_1', 'dataset_consumes_1_and_2', 'dataset_consumes_1_never_scheduled', 'dataset_produces_2', 'consume_1_and_2_with_dataset_expressions' retrieved from /home/ubuntu/airflow-venv/lib/python3.12/site-packages/airflow/example_dags/example_datasets.py
[2024-11-14T07:44:17.672+0000] {logging_mixin.py:190} INFO - [2024-11-14T07:44:17.672+0000] {dag.py:3239} INFO - Sync 10 DAGs
[2024-11-14T07:44:17.697+0000] {logging_mixin.py:190} INFO - [2024-11-14T07:44:17.697+0000] {dag.py:4180} INFO - Setting next_dagrun for conditional_dataset_and_time_based_timetable to 2024-11-13 01:00:00+00:00, run_after=2024-11-13 01:00:00+00:00
[2024-11-14T07:44:17.701+0000] {logging_mixin.py:190} INFO - [2024-11-14T07:44:17.701+0000] {dag.py:4180} INFO - Setting next_dagrun for consume_1_and_2_with_dataset_expressions to None, run_after=None
[2024-11-14T07:44:17.702+0000] {logging_mixin.py:190} INFO - [2024-11-14T07:44:17.702+0000] {dag.py:4180} INFO - Setting next_dagrun for consume_1_or_2_with_dataset_expressions to None, run_after=None
[2024-11-14T07:44:17.703+0000] {logging_mixin.py:190} INFO - [2024-11-14T07:44:17.703+0000] {dag.py:4180} INFO - Setting next_dagrun for consume_1_or_both_2_and_3_with_dataset_expressions to None, run_after=None
[2024-11-14T07:44:17.704+0000] {logging_mixin.py:190} INFO - [2024-11-14T07:44:17.704+0000] {dag.py:4180} INFO - Setting next_dagrun for dataset_consumes_1 to None, run_after=None
[2024-11-14T07:44:17.705+0000] {logging_mixin.py:190} INFO - [2024-11-14T07:44:17.705+0000] {dag.py:4180} INFO - Setting next_dagrun for dataset_consumes_1_and_2 to None, run_after=None
[2024-11-14T07:44:17.706+0000] {logging_mixin.py:190} INFO - [2024-11-14T07:44:17.706+0000] {dag.py:4180} INFO - Setting next_dagrun for dataset_consumes_1_never_scheduled to None, run_after=None
[2024-11-14T07:44:17.707+0000] {logging_mixin.py:190} INFO - [2024-11-14T07:44:17.706+0000] {dag.py:4180} INFO - Setting next_dagrun for dataset_consumes_unknown_never_scheduled to None, run_after=None
[2024-11-14T07:44:17.708+0000] {logging_mixin.py:190} INFO - [2024-11-14T07:44:17.708+0000] {dag.py:4180} INFO - Setting next_dagrun for dataset_produces_1 to 2024-11-13 00:00:00+00:00, run_after=2024-11-14 00:00:00+00:00
[2024-11-14T07:44:17.709+0000] {logging_mixin.py:190} INFO - [2024-11-14T07:44:17.709+0000] {dag.py:4180} INFO - Setting next_dagrun for dataset_produces_2 to None, run_after=None
[2024-11-14T07:44:17.740+0000] {processor.py:208} INFO - Processing /home/ubuntu/airflow-venv/lib/python3.12/site-packages/airflow/example_dags/example_datasets.py took 0.137 seconds
[2024-11-14T07:45:15.880+0000] {processor.py:186} INFO - Started process (PID=3954) to work on /home/ubuntu/airflow-venv/lib/python3.12/site-packages/airflow/example_dags/example_datasets.py
[2024-11-14T07:45:15.882+0000] {processor.py:914} INFO - Processing file /home/ubuntu/airflow-venv/lib/python3.12/site-packages/airflow/example_dags/example_datasets.py for tasks to queue
[2024-11-14T07:45:15.884+0000] {logging_mixin.py:190} INFO - [2024-11-14T07:45:15.884+0000] {dagbag.py:588} INFO - Filling up the DagBag from /home/ubuntu/airflow-venv/lib/python3.12/site-packages/airflow/example_dags/example_datasets.py
[2024-11-14T07:45:15.902+0000] {processor.py:925} INFO - DAG(s) 'dataset_consumes_1_and_2', 'dataset_consumes_unknown_never_scheduled', 'consume_1_or_2_with_dataset_expressions', 'conditional_dataset_and_time_based_timetable', 'dataset_produces_2', 'dataset_consumes_1_never_scheduled', 'dataset_produces_1', 'dataset_consumes_1', 'consume_1_and_2_with_dataset_expressions', 'consume_1_or_both_2_and_3_with_dataset_expressions' retrieved from /home/ubuntu/airflow-venv/lib/python3.12/site-packages/airflow/example_dags/example_datasets.py
[2024-11-14T07:45:15.938+0000] {logging_mixin.py:190} INFO - [2024-11-14T07:45:15.938+0000] {dag.py:3239} INFO - Sync 10 DAGs
[2024-11-14T07:45:15.965+0000] {logging_mixin.py:190} INFO - [2024-11-14T07:45:15.965+0000] {dag.py:4180} INFO - Setting next_dagrun for conditional_dataset_and_time_based_timetable to 2024-11-13 01:00:00+00:00, run_after=2024-11-13 01:00:00+00:00
[2024-11-14T07:45:15.969+0000] {logging_mixin.py:190} INFO - [2024-11-14T07:45:15.969+0000] {dag.py:4180} INFO - Setting next_dagrun for consume_1_and_2_with_dataset_expressions to None, run_after=None
[2024-11-14T07:45:15.970+0000] {logging_mixin.py:190} INFO - [2024-11-14T07:45:15.970+0000] {dag.py:4180} INFO - Setting next_dagrun for consume_1_or_2_with_dataset_expressions to None, run_after=None
[2024-11-14T07:45:15.971+0000] {logging_mixin.py:190} INFO - [2024-11-14T07:45:15.970+0000] {dag.py:4180} INFO - Setting next_dagrun for consume_1_or_both_2_and_3_with_dataset_expressions to None, run_after=None
[2024-11-14T07:45:15.972+0000] {logging_mixin.py:190} INFO - [2024-11-14T07:45:15.972+0000] {dag.py:4180} INFO - Setting next_dagrun for dataset_consumes_1 to None, run_after=None
[2024-11-14T07:45:15.972+0000] {logging_mixin.py:190} INFO - [2024-11-14T07:45:15.972+0000] {dag.py:4180} INFO - Setting next_dagrun for dataset_consumes_1_and_2 to None, run_after=None
[2024-11-14T07:45:15.973+0000] {logging_mixin.py:190} INFO - [2024-11-14T07:45:15.973+0000] {dag.py:4180} INFO - Setting next_dagrun for dataset_consumes_1_never_scheduled to None, run_after=None
[2024-11-14T07:45:15.974+0000] {logging_mixin.py:190} INFO - [2024-11-14T07:45:15.974+0000] {dag.py:4180} INFO - Setting next_dagrun for dataset_consumes_unknown_never_scheduled to None, run_after=None
[2024-11-14T07:45:15.976+0000] {logging_mixin.py:190} INFO - [2024-11-14T07:45:15.976+0000] {dag.py:4180} INFO - Setting next_dagrun for dataset_produces_1 to 2024-11-13 00:00:00+00:00, run_after=2024-11-14 00:00:00+00:00
[2024-11-14T07:45:15.977+0000] {logging_mixin.py:190} INFO - [2024-11-14T07:45:15.977+0000] {dag.py:4180} INFO - Setting next_dagrun for dataset_produces_2 to None, run_after=None
[2024-11-14T07:45:16.010+0000] {processor.py:208} INFO - Processing /home/ubuntu/airflow-venv/lib/python3.12/site-packages/airflow/example_dags/example_datasets.py took 0.135 seconds
[2024-11-14T07:46:09.461+0000] {processor.py:186} INFO - Started process (PID=4013) to work on /home/ubuntu/airflow-venv/lib/python3.12/site-packages/airflow/example_dags/example_datasets.py
[2024-11-14T07:46:09.463+0000] {processor.py:914} INFO - Processing file /home/ubuntu/airflow-venv/lib/python3.12/site-packages/airflow/example_dags/example_datasets.py for tasks to queue
[2024-11-14T07:46:09.467+0000] {logging_mixin.py:190} INFO - [2024-11-14T07:46:09.467+0000] {dagbag.py:588} INFO - Filling up the DagBag from /home/ubuntu/airflow-venv/lib/python3.12/site-packages/airflow/example_dags/example_datasets.py
[2024-11-14T07:46:09.486+0000] {processor.py:925} INFO - DAG(s) 'consume_1_or_both_2_and_3_with_dataset_expressions', 'dataset_consumes_1_never_scheduled', 'conditional_dataset_and_time_based_timetable', 'consume_1_or_2_with_dataset_expressions', 'consume_1_and_2_with_dataset_expressions', 'dataset_consumes_1', 'dataset_consumes_unknown_never_scheduled', 'dataset_produces_1', 'dataset_produces_2', 'dataset_consumes_1_and_2' retrieved from /home/ubuntu/airflow-venv/lib/python3.12/site-packages/airflow/example_dags/example_datasets.py
[2024-11-14T07:46:09.526+0000] {logging_mixin.py:190} INFO - [2024-11-14T07:46:09.525+0000] {dag.py:3239} INFO - Sync 10 DAGs
[2024-11-14T07:46:09.550+0000] {logging_mixin.py:190} INFO - [2024-11-14T07:46:09.549+0000] {dag.py:4180} INFO - Setting next_dagrun for conditional_dataset_and_time_based_timetable to 2024-11-13 01:00:00+00:00, run_after=2024-11-13 01:00:00+00:00
[2024-11-14T07:46:09.555+0000] {logging_mixin.py:190} INFO - [2024-11-14T07:46:09.554+0000] {dag.py:4180} INFO - Setting next_dagrun for consume_1_and_2_with_dataset_expressions to None, run_after=None
[2024-11-14T07:46:09.556+0000] {logging_mixin.py:190} INFO - [2024-11-14T07:46:09.555+0000] {dag.py:4180} INFO - Setting next_dagrun for consume_1_or_2_with_dataset_expressions to None, run_after=None
[2024-11-14T07:46:09.556+0000] {logging_mixin.py:190} INFO - [2024-11-14T07:46:09.556+0000] {dag.py:4180} INFO - Setting next_dagrun for consume_1_or_both_2_and_3_with_dataset_expressions to None, run_after=None
[2024-11-14T07:46:09.557+0000] {logging_mixin.py:190} INFO - [2024-11-14T07:46:09.557+0000] {dag.py:4180} INFO - Setting next_dagrun for dataset_consumes_1 to None, run_after=None
[2024-11-14T07:46:09.558+0000] {logging_mixin.py:190} INFO - [2024-11-14T07:46:09.558+0000] {dag.py:4180} INFO - Setting next_dagrun for dataset_consumes_1_and_2 to None, run_after=None
[2024-11-14T07:46:09.559+0000] {logging_mixin.py:190} INFO - [2024-11-14T07:46:09.559+0000] {dag.py:4180} INFO - Setting next_dagrun for dataset_consumes_1_never_scheduled to None, run_after=None
[2024-11-14T07:46:09.565+0000] {logging_mixin.py:190} INFO - [2024-11-14T07:46:09.565+0000] {dag.py:4180} INFO - Setting next_dagrun for dataset_consumes_unknown_never_scheduled to None, run_after=None
[2024-11-14T07:46:09.567+0000] {logging_mixin.py:190} INFO - [2024-11-14T07:46:09.567+0000] {dag.py:4180} INFO - Setting next_dagrun for dataset_produces_1 to 2024-11-13 00:00:00+00:00, run_after=2024-11-14 00:00:00+00:00
[2024-11-14T07:46:09.568+0000] {logging_mixin.py:190} INFO - [2024-11-14T07:46:09.568+0000] {dag.py:4180} INFO - Setting next_dagrun for dataset_produces_2 to None, run_after=None
[2024-11-14T07:46:09.607+0000] {processor.py:208} INFO - Processing /home/ubuntu/airflow-venv/lib/python3.12/site-packages/airflow/example_dags/example_datasets.py took 0.154 seconds
[2024-11-14T07:47:03.839+0000] {processor.py:186} INFO - Started process (PID=4071) to work on /home/ubuntu/airflow-venv/lib/python3.12/site-packages/airflow/example_dags/example_datasets.py
[2024-11-14T07:47:03.841+0000] {processor.py:914} INFO - Processing file /home/ubuntu/airflow-venv/lib/python3.12/site-packages/airflow/example_dags/example_datasets.py for tasks to queue
[2024-11-14T07:47:03.843+0000] {logging_mixin.py:190} INFO - [2024-11-14T07:47:03.843+0000] {dagbag.py:588} INFO - Filling up the DagBag from /home/ubuntu/airflow-venv/lib/python3.12/site-packages/airflow/example_dags/example_datasets.py
[2024-11-14T07:47:03.865+0000] {processor.py:925} INFO - DAG(s) 'consume_1_or_both_2_and_3_with_dataset_expressions', 'consume_1_or_2_with_dataset_expressions', 'conditional_dataset_and_time_based_timetable', 'dataset_produces_1', 'dataset_consumes_1', 'dataset_consumes_unknown_never_scheduled', 'dataset_produces_2', 'dataset_consumes_1_never_scheduled', 'consume_1_and_2_with_dataset_expressions', 'dataset_consumes_1_and_2' retrieved from /home/ubuntu/airflow-venv/lib/python3.12/site-packages/airflow/example_dags/example_datasets.py
[2024-11-14T07:47:03.904+0000] {logging_mixin.py:190} INFO - [2024-11-14T07:47:03.904+0000] {dag.py:3239} INFO - Sync 10 DAGs
[2024-11-14T07:47:03.933+0000] {logging_mixin.py:190} INFO - [2024-11-14T07:47:03.933+0000] {dag.py:4180} INFO - Setting next_dagrun for conditional_dataset_and_time_based_timetable to 2024-11-13 01:00:00+00:00, run_after=2024-11-13 01:00:00+00:00
[2024-11-14T07:47:03.939+0000] {logging_mixin.py:190} INFO - [2024-11-14T07:47:03.939+0000] {dag.py:4180} INFO - Setting next_dagrun for consume_1_and_2_with_dataset_expressions to None, run_after=None
[2024-11-14T07:47:03.940+0000] {logging_mixin.py:190} INFO - [2024-11-14T07:47:03.940+0000] {dag.py:4180} INFO - Setting next_dagrun for consume_1_or_2_with_dataset_expressions to None, run_after=None
[2024-11-14T07:47:03.941+0000] {logging_mixin.py:190} INFO - [2024-11-14T07:47:03.941+0000] {dag.py:4180} INFO - Setting next_dagrun for consume_1_or_both_2_and_3_with_dataset_expressions to None, run_after=None
[2024-11-14T07:47:03.942+0000] {logging_mixin.py:190} INFO - [2024-11-14T07:47:03.941+0000] {dag.py:4180} INFO - Setting next_dagrun for dataset_consumes_1 to None, run_after=None
[2024-11-14T07:47:03.943+0000] {logging_mixin.py:190} INFO - [2024-11-14T07:47:03.942+0000] {dag.py:4180} INFO - Setting next_dagrun for dataset_consumes_1_and_2 to None, run_after=None
[2024-11-14T07:47:03.944+0000] {logging_mixin.py:190} INFO - [2024-11-14T07:47:03.944+0000] {dag.py:4180} INFO - Setting next_dagrun for dataset_consumes_1_never_scheduled to None, run_after=None
[2024-11-14T07:47:03.945+0000] {logging_mixin.py:190} INFO - [2024-11-14T07:47:03.944+0000] {dag.py:4180} INFO - Setting next_dagrun for dataset_consumes_unknown_never_scheduled to None, run_after=None
[2024-11-14T07:47:03.947+0000] {logging_mixin.py:190} INFO - [2024-11-14T07:47:03.946+0000] {dag.py:4180} INFO - Setting next_dagrun for dataset_produces_1 to 2024-11-13 00:00:00+00:00, run_after=2024-11-14 00:00:00+00:00
[2024-11-14T07:47:03.948+0000] {logging_mixin.py:190} INFO - [2024-11-14T07:47:03.947+0000] {dag.py:4180} INFO - Setting next_dagrun for dataset_produces_2 to None, run_after=None
[2024-11-14T07:47:03.985+0000] {processor.py:208} INFO - Processing /home/ubuntu/airflow-venv/lib/python3.12/site-packages/airflow/example_dags/example_datasets.py took 0.159 seconds
[2024-11-14T07:48:00.068+0000] {processor.py:186} INFO - Started process (PID=4316) to work on /home/ubuntu/airflow-venv/lib/python3.12/site-packages/airflow/example_dags/example_datasets.py
[2024-11-14T07:48:00.072+0000] {processor.py:914} INFO - Processing file /home/ubuntu/airflow-venv/lib/python3.12/site-packages/airflow/example_dags/example_datasets.py for tasks to queue
[2024-11-14T07:48:00.079+0000] {logging_mixin.py:190} INFO - [2024-11-14T07:48:00.078+0000] {dagbag.py:588} INFO - Filling up the DagBag from /home/ubuntu/airflow-venv/lib/python3.12/site-packages/airflow/example_dags/example_datasets.py
[2024-11-14T07:48:00.118+0000] {processor.py:925} INFO - DAG(s) 'dataset_consumes_1_never_scheduled', 'dataset_consumes_1_and_2', 'dataset_consumes_unknown_never_scheduled', 'consume_1_or_both_2_and_3_with_dataset_expressions', 'conditional_dataset_and_time_based_timetable', 'consume_1_or_2_with_dataset_expressions', 'dataset_produces_2', 'consume_1_and_2_with_dataset_expressions', 'dataset_produces_1', 'dataset_consumes_1' retrieved from /home/ubuntu/airflow-venv/lib/python3.12/site-packages/airflow/example_dags/example_datasets.py
[2024-11-14T07:48:00.193+0000] {logging_mixin.py:190} INFO - [2024-11-14T07:48:00.192+0000] {dag.py:3239} INFO - Sync 10 DAGs
[2024-11-14T07:48:00.238+0000] {logging_mixin.py:190} INFO - [2024-11-14T07:48:00.238+0000] {dag.py:4180} INFO - Setting next_dagrun for conditional_dataset_and_time_based_timetable to 2024-11-13 01:00:00+00:00, run_after=2024-11-13 01:00:00+00:00
[2024-11-14T07:48:00.245+0000] {logging_mixin.py:190} INFO - [2024-11-14T07:48:00.245+0000] {dag.py:4180} INFO - Setting next_dagrun for consume_1_and_2_with_dataset_expressions to None, run_after=None
[2024-11-14T07:48:00.247+0000] {logging_mixin.py:190} INFO - [2024-11-14T07:48:00.247+0000] {dag.py:4180} INFO - Setting next_dagrun for consume_1_or_2_with_dataset_expressions to None, run_after=None
[2024-11-14T07:48:00.249+0000] {logging_mixin.py:190} INFO - [2024-11-14T07:48:00.248+0000] {dag.py:4180} INFO - Setting next_dagrun for consume_1_or_both_2_and_3_with_dataset_expressions to None, run_after=None
[2024-11-14T07:48:00.250+0000] {logging_mixin.py:190} INFO - [2024-11-14T07:48:00.250+0000] {dag.py:4180} INFO - Setting next_dagrun for dataset_consumes_1 to None, run_after=None
[2024-11-14T07:48:00.251+0000] {logging_mixin.py:190} INFO - [2024-11-14T07:48:00.251+0000] {dag.py:4180} INFO - Setting next_dagrun for dataset_consumes_1_and_2 to None, run_after=None
[2024-11-14T07:48:00.255+0000] {logging_mixin.py:190} INFO - [2024-11-14T07:48:00.255+0000] {dag.py:4180} INFO - Setting next_dagrun for dataset_consumes_1_never_scheduled to None, run_after=None
[2024-11-14T07:48:00.256+0000] {logging_mixin.py:190} INFO - [2024-11-14T07:48:00.256+0000] {dag.py:4180} INFO - Setting next_dagrun for dataset_consumes_unknown_never_scheduled to None, run_after=None
[2024-11-14T07:48:00.262+0000] {logging_mixin.py:190} INFO - [2024-11-14T07:48:00.260+0000] {dag.py:4180} INFO - Setting next_dagrun for dataset_produces_1 to 2024-11-13 00:00:00+00:00, run_after=2024-11-14 00:00:00+00:00
[2024-11-14T07:48:00.264+0000] {logging_mixin.py:190} INFO - [2024-11-14T07:48:00.263+0000] {dag.py:4180} INFO - Setting next_dagrun for dataset_produces_2 to None, run_after=None
[2024-11-14T07:48:00.326+0000] {processor.py:208} INFO - Processing /home/ubuntu/airflow-venv/lib/python3.12/site-packages/airflow/example_dags/example_datasets.py took 0.273 seconds
[2024-11-14T07:49:05.533+0000] {processor.py:186} INFO - Started process (PID=4632) to work on /home/ubuntu/airflow-venv/lib/python3.12/site-packages/airflow/example_dags/example_datasets.py
[2024-11-14T07:49:05.535+0000] {processor.py:914} INFO - Processing file /home/ubuntu/airflow-venv/lib/python3.12/site-packages/airflow/example_dags/example_datasets.py for tasks to queue
[2024-11-14T07:49:05.539+0000] {logging_mixin.py:190} INFO - [2024-11-14T07:49:05.538+0000] {dagbag.py:588} INFO - Filling up the DagBag from /home/ubuntu/airflow-venv/lib/python3.12/site-packages/airflow/example_dags/example_datasets.py
[2024-11-14T07:49:05.613+0000] {processor.py:925} INFO - DAG(s) 'conditional_dataset_and_time_based_timetable', 'dataset_produces_2', 'dataset_consumes_1_and_2', 'consume_1_or_2_with_dataset_expressions', 'consume_1_or_both_2_and_3_with_dataset_expressions', 'consume_1_and_2_with_dataset_expressions', 'dataset_consumes_unknown_never_scheduled', 'dataset_produces_1', 'dataset_consumes_1', 'dataset_consumes_1_never_scheduled' retrieved from /home/ubuntu/airflow-venv/lib/python3.12/site-packages/airflow/example_dags/example_datasets.py
[2024-11-14T07:49:05.666+0000] {logging_mixin.py:190} INFO - [2024-11-14T07:49:05.666+0000] {dag.py:3239} INFO - Sync 10 DAGs
[2024-11-14T07:49:05.701+0000] {logging_mixin.py:190} INFO - [2024-11-14T07:49:05.701+0000] {dag.py:4180} INFO - Setting next_dagrun for conditional_dataset_and_time_based_timetable to 2024-11-13 01:00:00+00:00, run_after=2024-11-13 01:00:00+00:00
[2024-11-14T07:49:05.706+0000] {logging_mixin.py:190} INFO - [2024-11-14T07:49:05.706+0000] {dag.py:4180} INFO - Setting next_dagrun for consume_1_and_2_with_dataset_expressions to None, run_after=None
[2024-11-14T07:49:05.707+0000] {logging_mixin.py:190} INFO - [2024-11-14T07:49:05.707+0000] {dag.py:4180} INFO - Setting next_dagrun for consume_1_or_2_with_dataset_expressions to None, run_after=None
[2024-11-14T07:49:05.709+0000] {logging_mixin.py:190} INFO - [2024-11-14T07:49:05.708+0000] {dag.py:4180} INFO - Setting next_dagrun for consume_1_or_both_2_and_3_with_dataset_expressions to None, run_after=None
[2024-11-14T07:49:05.710+0000] {logging_mixin.py:190} INFO - [2024-11-14T07:49:05.709+0000] {dag.py:4180} INFO - Setting next_dagrun for dataset_consumes_1 to None, run_after=None
[2024-11-14T07:49:05.711+0000] {logging_mixin.py:190} INFO - [2024-11-14T07:49:05.711+0000] {dag.py:4180} INFO - Setting next_dagrun for dataset_consumes_1_and_2 to None, run_after=None
[2024-11-14T07:49:05.712+0000] {logging_mixin.py:190} INFO - [2024-11-14T07:49:05.712+0000] {dag.py:4180} INFO - Setting next_dagrun for dataset_consumes_1_never_scheduled to None, run_after=None
[2024-11-14T07:49:05.713+0000] {logging_mixin.py:190} INFO - [2024-11-14T07:49:05.713+0000] {dag.py:4180} INFO - Setting next_dagrun for dataset_consumes_unknown_never_scheduled to None, run_after=None
[2024-11-14T07:49:05.716+0000] {logging_mixin.py:190} INFO - [2024-11-14T07:49:05.715+0000] {dag.py:4180} INFO - Setting next_dagrun for dataset_produces_1 to 2024-11-13 00:00:00+00:00, run_after=2024-11-14 00:00:00+00:00
[2024-11-14T07:49:05.719+0000] {logging_mixin.py:190} INFO - [2024-11-14T07:49:05.717+0000] {dag.py:4180} INFO - Setting next_dagrun for dataset_produces_2 to None, run_after=None
[2024-11-14T07:49:05.779+0000] {processor.py:208} INFO - Processing /home/ubuntu/airflow-venv/lib/python3.12/site-packages/airflow/example_dags/example_datasets.py took 0.258 seconds
[2024-11-14T07:50:06.897+0000] {processor.py:186} INFO - Started process (PID=4692) to work on /home/ubuntu/airflow-venv/lib/python3.12/site-packages/airflow/example_dags/example_datasets.py
[2024-11-14T07:50:06.898+0000] {processor.py:914} INFO - Processing file /home/ubuntu/airflow-venv/lib/python3.12/site-packages/airflow/example_dags/example_datasets.py for tasks to queue
[2024-11-14T07:50:06.901+0000] {logging_mixin.py:190} INFO - [2024-11-14T07:50:06.901+0000] {dagbag.py:588} INFO - Filling up the DagBag from /home/ubuntu/airflow-venv/lib/python3.12/site-packages/airflow/example_dags/example_datasets.py
[2024-11-14T07:50:06.920+0000] {processor.py:925} INFO - DAG(s) 'dataset_produces_2', 'dataset_consumes_unknown_never_scheduled', 'consume_1_or_both_2_and_3_with_dataset_expressions', 'dataset_consumes_1_never_scheduled', 'dataset_produces_1', 'consume_1_or_2_with_dataset_expressions', 'conditional_dataset_and_time_based_timetable', 'dataset_consumes_1_and_2', 'consume_1_and_2_with_dataset_expressions', 'dataset_consumes_1' retrieved from /home/ubuntu/airflow-venv/lib/python3.12/site-packages/airflow/example_dags/example_datasets.py
[2024-11-14T07:50:06.960+0000] {logging_mixin.py:190} INFO - [2024-11-14T07:50:06.960+0000] {dag.py:3239} INFO - Sync 10 DAGs
[2024-11-14T07:50:06.989+0000] {logging_mixin.py:190} INFO - [2024-11-14T07:50:06.988+0000] {dag.py:4180} INFO - Setting next_dagrun for conditional_dataset_and_time_based_timetable to 2024-11-13 01:00:00+00:00, run_after=2024-11-13 01:00:00+00:00
[2024-11-14T07:50:06.993+0000] {logging_mixin.py:190} INFO - [2024-11-14T07:50:06.993+0000] {dag.py:4180} INFO - Setting next_dagrun for consume_1_and_2_with_dataset_expressions to None, run_after=None
[2024-11-14T07:50:06.994+0000] {logging_mixin.py:190} INFO - [2024-11-14T07:50:06.994+0000] {dag.py:4180} INFO - Setting next_dagrun for consume_1_or_2_with_dataset_expressions to None, run_after=None
[2024-11-14T07:50:06.995+0000] {logging_mixin.py:190} INFO - [2024-11-14T07:50:06.995+0000] {dag.py:4180} INFO - Setting next_dagrun for consume_1_or_both_2_and_3_with_dataset_expressions to None, run_after=None
[2024-11-14T07:50:06.996+0000] {logging_mixin.py:190} INFO - [2024-11-14T07:50:06.996+0000] {dag.py:4180} INFO - Setting next_dagrun for dataset_consumes_1 to None, run_after=None
[2024-11-14T07:50:06.997+0000] {logging_mixin.py:190} INFO - [2024-11-14T07:50:06.997+0000] {dag.py:4180} INFO - Setting next_dagrun for dataset_consumes_1_and_2 to None, run_after=None
[2024-11-14T07:50:06.998+0000] {logging_mixin.py:190} INFO - [2024-11-14T07:50:06.998+0000] {dag.py:4180} INFO - Setting next_dagrun for dataset_consumes_1_never_scheduled to None, run_after=None
[2024-11-14T07:50:06.999+0000] {logging_mixin.py:190} INFO - [2024-11-14T07:50:06.999+0000] {dag.py:4180} INFO - Setting next_dagrun for dataset_consumes_unknown_never_scheduled to None, run_after=None
[2024-11-14T07:50:07.001+0000] {logging_mixin.py:190} INFO - [2024-11-14T07:50:07.001+0000] {dag.py:4180} INFO - Setting next_dagrun for dataset_produces_1 to 2024-11-13 00:00:00+00:00, run_after=2024-11-14 00:00:00+00:00
[2024-11-14T07:50:07.002+0000] {logging_mixin.py:190} INFO - [2024-11-14T07:50:07.002+0000] {dag.py:4180} INFO - Setting next_dagrun for dataset_produces_2 to None, run_after=None
[2024-11-14T07:50:07.043+0000] {processor.py:208} INFO - Processing /home/ubuntu/airflow-venv/lib/python3.12/site-packages/airflow/example_dags/example_datasets.py took 0.153 seconds
[2024-11-14T07:51:11.357+0000] {processor.py:186} INFO - Started process (PID=4758) to work on /home/ubuntu/airflow-venv/lib/python3.12/site-packages/airflow/example_dags/example_datasets.py
[2024-11-14T07:51:11.358+0000] {processor.py:914} INFO - Processing file /home/ubuntu/airflow-venv/lib/python3.12/site-packages/airflow/example_dags/example_datasets.py for tasks to queue
[2024-11-14T07:51:11.360+0000] {logging_mixin.py:190} INFO - [2024-11-14T07:51:11.359+0000] {dagbag.py:588} INFO - Filling up the DagBag from /home/ubuntu/airflow-venv/lib/python3.12/site-packages/airflow/example_dags/example_datasets.py
[2024-11-14T07:51:11.376+0000] {processor.py:925} INFO - DAG(s) 'consume_1_or_2_with_dataset_expressions', 'dataset_produces_1', 'conditional_dataset_and_time_based_timetable', 'consume_1_and_2_with_dataset_expressions', 'dataset_consumes_unknown_never_scheduled', 'dataset_consumes_1_and_2', 'dataset_produces_2', 'consume_1_or_both_2_and_3_with_dataset_expressions', 'dataset_consumes_1_never_scheduled', 'dataset_consumes_1' retrieved from /home/ubuntu/airflow-venv/lib/python3.12/site-packages/airflow/example_dags/example_datasets.py
[2024-11-14T07:51:11.415+0000] {logging_mixin.py:190} INFO - [2024-11-14T07:51:11.415+0000] {dag.py:3239} INFO - Sync 10 DAGs
[2024-11-14T07:51:11.441+0000] {logging_mixin.py:190} INFO - [2024-11-14T07:51:11.440+0000] {dag.py:4180} INFO - Setting next_dagrun for conditional_dataset_and_time_based_timetable to 2024-11-13 01:00:00+00:00, run_after=2024-11-13 01:00:00+00:00
[2024-11-14T07:51:11.444+0000] {logging_mixin.py:190} INFO - [2024-11-14T07:51:11.444+0000] {dag.py:4180} INFO - Setting next_dagrun for consume_1_and_2_with_dataset_expressions to None, run_after=None
[2024-11-14T07:51:11.446+0000] {logging_mixin.py:190} INFO - [2024-11-14T07:51:11.445+0000] {dag.py:4180} INFO - Setting next_dagrun for consume_1_or_2_with_dataset_expressions to None, run_after=None
[2024-11-14T07:51:11.447+0000] {logging_mixin.py:190} INFO - [2024-11-14T07:51:11.447+0000] {dag.py:4180} INFO - Setting next_dagrun for consume_1_or_both_2_and_3_with_dataset_expressions to None, run_after=None
[2024-11-14T07:51:11.449+0000] {logging_mixin.py:190} INFO - [2024-11-14T07:51:11.449+0000] {dag.py:4180} INFO - Setting next_dagrun for dataset_consumes_1 to None, run_after=None
[2024-11-14T07:51:11.450+0000] {logging_mixin.py:190} INFO - [2024-11-14T07:51:11.450+0000] {dag.py:4180} INFO - Setting next_dagrun for dataset_consumes_1_and_2 to None, run_after=None
[2024-11-14T07:51:11.451+0000] {logging_mixin.py:190} INFO - [2024-11-14T07:51:11.451+0000] {dag.py:4180} INFO - Setting next_dagrun for dataset_consumes_1_never_scheduled to None, run_after=None
[2024-11-14T07:51:11.452+0000] {logging_mixin.py:190} INFO - [2024-11-14T07:51:11.452+0000] {dag.py:4180} INFO - Setting next_dagrun for dataset_consumes_unknown_never_scheduled to None, run_after=None
[2024-11-14T07:51:11.454+0000] {logging_mixin.py:190} INFO - [2024-11-14T07:51:11.454+0000] {dag.py:4180} INFO - Setting next_dagrun for dataset_produces_1 to 2024-11-13 00:00:00+00:00, run_after=2024-11-14 00:00:00+00:00
[2024-11-14T07:51:11.455+0000] {logging_mixin.py:190} INFO - [2024-11-14T07:51:11.455+0000] {dag.py:4180} INFO - Setting next_dagrun for dataset_produces_2 to None, run_after=None
[2024-11-14T07:51:11.486+0000] {processor.py:208} INFO - Processing /home/ubuntu/airflow-venv/lib/python3.12/site-packages/airflow/example_dags/example_datasets.py took 0.135 seconds
[2024-11-14T07:52:12.505+0000] {processor.py:186} INFO - Started process (PID=4818) to work on /home/ubuntu/airflow-venv/lib/python3.12/site-packages/airflow/example_dags/example_datasets.py
[2024-11-14T07:52:12.507+0000] {processor.py:914} INFO - Processing file /home/ubuntu/airflow-venv/lib/python3.12/site-packages/airflow/example_dags/example_datasets.py for tasks to queue
[2024-11-14T07:52:12.508+0000] {logging_mixin.py:190} INFO - [2024-11-14T07:52:12.507+0000] {dagbag.py:588} INFO - Filling up the DagBag from /home/ubuntu/airflow-venv/lib/python3.12/site-packages/airflow/example_dags/example_datasets.py
[2024-11-14T07:52:12.524+0000] {processor.py:925} INFO - DAG(s) 'consume_1_or_2_with_dataset_expressions', 'dataset_produces_2', 'dataset_consumes_1_never_scheduled', 'consume_1_and_2_with_dataset_expressions', 'dataset_consumes_1_and_2', 'conditional_dataset_and_time_based_timetable', 'dataset_consumes_unknown_never_scheduled', 'dataset_consumes_1', 'dataset_produces_1', 'consume_1_or_both_2_and_3_with_dataset_expressions' retrieved from /home/ubuntu/airflow-venv/lib/python3.12/site-packages/airflow/example_dags/example_datasets.py
[2024-11-14T07:52:12.557+0000] {logging_mixin.py:190} INFO - [2024-11-14T07:52:12.557+0000] {dag.py:3239} INFO - Sync 10 DAGs
[2024-11-14T07:52:12.580+0000] {logging_mixin.py:190} INFO - [2024-11-14T07:52:12.580+0000] {dag.py:4180} INFO - Setting next_dagrun for conditional_dataset_and_time_based_timetable to 2024-11-13 01:00:00+00:00, run_after=2024-11-13 01:00:00+00:00
[2024-11-14T07:52:12.584+0000] {logging_mixin.py:190} INFO - [2024-11-14T07:52:12.583+0000] {dag.py:4180} INFO - Setting next_dagrun for consume_1_and_2_with_dataset_expressions to None, run_after=None
[2024-11-14T07:52:12.585+0000] {logging_mixin.py:190} INFO - [2024-11-14T07:52:12.585+0000] {dag.py:4180} INFO - Setting next_dagrun for consume_1_or_2_with_dataset_expressions to None, run_after=None
[2024-11-14T07:52:12.586+0000] {logging_mixin.py:190} INFO - [2024-11-14T07:52:12.586+0000] {dag.py:4180} INFO - Setting next_dagrun for consume_1_or_both_2_and_3_with_dataset_expressions to None, run_after=None
[2024-11-14T07:52:12.587+0000] {logging_mixin.py:190} INFO - [2024-11-14T07:52:12.587+0000] {dag.py:4180} INFO - Setting next_dagrun for dataset_consumes_1 to None, run_after=None
[2024-11-14T07:52:12.588+0000] {logging_mixin.py:190} INFO - [2024-11-14T07:52:12.588+0000] {dag.py:4180} INFO - Setting next_dagrun for dataset_consumes_1_and_2 to None, run_after=None
[2024-11-14T07:52:12.589+0000] {logging_mixin.py:190} INFO - [2024-11-14T07:52:12.588+0000] {dag.py:4180} INFO - Setting next_dagrun for dataset_consumes_1_never_scheduled to None, run_after=None
[2024-11-14T07:52:12.589+0000] {logging_mixin.py:190} INFO - [2024-11-14T07:52:12.589+0000] {dag.py:4180} INFO - Setting next_dagrun for dataset_consumes_unknown_never_scheduled to None, run_after=None
[2024-11-14T07:52:12.591+0000] {logging_mixin.py:190} INFO - [2024-11-14T07:52:12.591+0000] {dag.py:4180} INFO - Setting next_dagrun for dataset_produces_1 to 2024-11-13 00:00:00+00:00, run_after=2024-11-14 00:00:00+00:00
[2024-11-14T07:52:12.592+0000] {logging_mixin.py:190} INFO - [2024-11-14T07:52:12.592+0000] {dag.py:4180} INFO - Setting next_dagrun for dataset_produces_2 to None, run_after=None
[2024-11-14T07:52:12.635+0000] {processor.py:208} INFO - Processing /home/ubuntu/airflow-venv/lib/python3.12/site-packages/airflow/example_dags/example_datasets.py took 0.136 seconds
[2024-11-14T07:53:10.994+0000] {processor.py:186} INFO - Started process (PID=4878) to work on /home/ubuntu/airflow-venv/lib/python3.12/site-packages/airflow/example_dags/example_datasets.py
[2024-11-14T07:53:10.997+0000] {processor.py:914} INFO - Processing file /home/ubuntu/airflow-venv/lib/python3.12/site-packages/airflow/example_dags/example_datasets.py for tasks to queue
[2024-11-14T07:53:10.998+0000] {logging_mixin.py:190} INFO - [2024-11-14T07:53:10.998+0000] {dagbag.py:588} INFO - Filling up the DagBag from /home/ubuntu/airflow-venv/lib/python3.12/site-packages/airflow/example_dags/example_datasets.py
[2024-11-14T07:53:11.017+0000] {processor.py:925} INFO - DAG(s) 'conditional_dataset_and_time_based_timetable', 'dataset_produces_1', 'dataset_consumes_unknown_never_scheduled', 'consume_1_and_2_with_dataset_expressions', 'consume_1_or_both_2_and_3_with_dataset_expressions', 'dataset_consumes_1_and_2', 'dataset_consumes_1_never_scheduled', 'dataset_consumes_1', 'consume_1_or_2_with_dataset_expressions', 'dataset_produces_2' retrieved from /home/ubuntu/airflow-venv/lib/python3.12/site-packages/airflow/example_dags/example_datasets.py
[2024-11-14T07:53:11.052+0000] {logging_mixin.py:190} INFO - [2024-11-14T07:53:11.051+0000] {dag.py:3239} INFO - Sync 10 DAGs
[2024-11-14T07:53:11.079+0000] {logging_mixin.py:190} INFO - [2024-11-14T07:53:11.079+0000] {dag.py:4180} INFO - Setting next_dagrun for conditional_dataset_and_time_based_timetable to 2024-11-13 01:00:00+00:00, run_after=2024-11-13 01:00:00+00:00
[2024-11-14T07:53:11.083+0000] {logging_mixin.py:190} INFO - [2024-11-14T07:53:11.083+0000] {dag.py:4180} INFO - Setting next_dagrun for consume_1_and_2_with_dataset_expressions to None, run_after=None
[2024-11-14T07:53:11.084+0000] {logging_mixin.py:190} INFO - [2024-11-14T07:53:11.084+0000] {dag.py:4180} INFO - Setting next_dagrun for consume_1_or_2_with_dataset_expressions to None, run_after=None
[2024-11-14T07:53:11.085+0000] {logging_mixin.py:190} INFO - [2024-11-14T07:53:11.085+0000] {dag.py:4180} INFO - Setting next_dagrun for consume_1_or_both_2_and_3_with_dataset_expressions to None, run_after=None
[2024-11-14T07:53:11.086+0000] {logging_mixin.py:190} INFO - [2024-11-14T07:53:11.086+0000] {dag.py:4180} INFO - Setting next_dagrun for dataset_consumes_1 to None, run_after=None
[2024-11-14T07:53:11.087+0000] {logging_mixin.py:190} INFO - [2024-11-14T07:53:11.087+0000] {dag.py:4180} INFO - Setting next_dagrun for dataset_consumes_1_and_2 to None, run_after=None
[2024-11-14T07:53:11.088+0000] {logging_mixin.py:190} INFO - [2024-11-14T07:53:11.088+0000] {dag.py:4180} INFO - Setting next_dagrun for dataset_consumes_1_never_scheduled to None, run_after=None
[2024-11-14T07:53:11.089+0000] {logging_mixin.py:190} INFO - [2024-11-14T07:53:11.089+0000] {dag.py:4180} INFO - Setting next_dagrun for dataset_consumes_unknown_never_scheduled to None, run_after=None
[2024-11-14T07:53:11.091+0000] {logging_mixin.py:190} INFO - [2024-11-14T07:53:11.091+0000] {dag.py:4180} INFO - Setting next_dagrun for dataset_produces_1 to 2024-11-13 00:00:00+00:00, run_after=2024-11-14 00:00:00+00:00
[2024-11-14T07:53:11.092+0000] {logging_mixin.py:190} INFO - [2024-11-14T07:53:11.092+0000] {dag.py:4180} INFO - Setting next_dagrun for dataset_produces_2 to None, run_after=None
[2024-11-14T07:53:11.128+0000] {processor.py:208} INFO - Processing /home/ubuntu/airflow-venv/lib/python3.12/site-packages/airflow/example_dags/example_datasets.py took 0.140 seconds
[2024-11-14T07:54:08.626+0000] {processor.py:186} INFO - Started process (PID=4939) to work on /home/ubuntu/airflow-venv/lib/python3.12/site-packages/airflow/example_dags/example_datasets.py
[2024-11-14T07:54:08.628+0000] {processor.py:914} INFO - Processing file /home/ubuntu/airflow-venv/lib/python3.12/site-packages/airflow/example_dags/example_datasets.py for tasks to queue
[2024-11-14T07:54:08.629+0000] {logging_mixin.py:190} INFO - [2024-11-14T07:54:08.629+0000] {dagbag.py:588} INFO - Filling up the DagBag from /home/ubuntu/airflow-venv/lib/python3.12/site-packages/airflow/example_dags/example_datasets.py
[2024-11-14T07:54:08.645+0000] {processor.py:925} INFO - DAG(s) 'dataset_consumes_1', 'dataset_consumes_1_never_scheduled', 'dataset_produces_2', 'dataset_consumes_1_and_2', 'conditional_dataset_and_time_based_timetable', 'consume_1_and_2_with_dataset_expressions', 'dataset_consumes_unknown_never_scheduled', 'consume_1_or_both_2_and_3_with_dataset_expressions', 'dataset_produces_1', 'consume_1_or_2_with_dataset_expressions' retrieved from /home/ubuntu/airflow-venv/lib/python3.12/site-packages/airflow/example_dags/example_datasets.py
[2024-11-14T07:54:08.678+0000] {logging_mixin.py:190} INFO - [2024-11-14T07:54:08.678+0000] {dag.py:3239} INFO - Sync 10 DAGs
[2024-11-14T07:54:08.703+0000] {logging_mixin.py:190} INFO - [2024-11-14T07:54:08.702+0000] {dag.py:4180} INFO - Setting next_dagrun for conditional_dataset_and_time_based_timetable to 2024-11-13 01:00:00+00:00, run_after=2024-11-13 01:00:00+00:00
[2024-11-14T07:54:08.706+0000] {logging_mixin.py:190} INFO - [2024-11-14T07:54:08.706+0000] {dag.py:4180} INFO - Setting next_dagrun for consume_1_and_2_with_dataset_expressions to None, run_after=None
[2024-11-14T07:54:08.707+0000] {logging_mixin.py:190} INFO - [2024-11-14T07:54:08.707+0000] {dag.py:4180} INFO - Setting next_dagrun for consume_1_or_2_with_dataset_expressions to None, run_after=None
[2024-11-14T07:54:08.708+0000] {logging_mixin.py:190} INFO - [2024-11-14T07:54:08.708+0000] {dag.py:4180} INFO - Setting next_dagrun for consume_1_or_both_2_and_3_with_dataset_expressions to None, run_after=None
[2024-11-14T07:54:08.709+0000] {logging_mixin.py:190} INFO - [2024-11-14T07:54:08.709+0000] {dag.py:4180} INFO - Setting next_dagrun for dataset_consumes_1 to None, run_after=None
[2024-11-14T07:54:08.710+0000] {logging_mixin.py:190} INFO - [2024-11-14T07:54:08.710+0000] {dag.py:4180} INFO - Setting next_dagrun for dataset_consumes_1_and_2 to None, run_after=None
[2024-11-14T07:54:08.711+0000] {logging_mixin.py:190} INFO - [2024-11-14T07:54:08.711+0000] {dag.py:4180} INFO - Setting next_dagrun for dataset_consumes_1_never_scheduled to None, run_after=None
[2024-11-14T07:54:08.712+0000] {logging_mixin.py:190} INFO - [2024-11-14T07:54:08.712+0000] {dag.py:4180} INFO - Setting next_dagrun for dataset_consumes_unknown_never_scheduled to None, run_after=None
[2024-11-14T07:54:08.714+0000] {logging_mixin.py:190} INFO - [2024-11-14T07:54:08.714+0000] {dag.py:4180} INFO - Setting next_dagrun for dataset_produces_1 to 2024-11-13 00:00:00+00:00, run_after=2024-11-14 00:00:00+00:00
[2024-11-14T07:54:08.715+0000] {logging_mixin.py:190} INFO - [2024-11-14T07:54:08.715+0000] {dag.py:4180} INFO - Setting next_dagrun for dataset_produces_2 to None, run_after=None
[2024-11-14T07:54:08.745+0000] {processor.py:208} INFO - Processing /home/ubuntu/airflow-venv/lib/python3.12/site-packages/airflow/example_dags/example_datasets.py took 0.124 seconds
[2024-11-14T07:55:08.487+0000] {processor.py:186} INFO - Started process (PID=5001) to work on /home/ubuntu/airflow-venv/lib/python3.12/site-packages/airflow/example_dags/example_datasets.py
[2024-11-14T07:55:08.488+0000] {processor.py:914} INFO - Processing file /home/ubuntu/airflow-venv/lib/python3.12/site-packages/airflow/example_dags/example_datasets.py for tasks to queue
[2024-11-14T07:55:08.490+0000] {logging_mixin.py:190} INFO - [2024-11-14T07:55:08.489+0000] {dagbag.py:588} INFO - Filling up the DagBag from /home/ubuntu/airflow-venv/lib/python3.12/site-packages/airflow/example_dags/example_datasets.py
[2024-11-14T07:55:08.507+0000] {processor.py:925} INFO - DAG(s) 'dataset_consumes_1_and_2', 'conditional_dataset_and_time_based_timetable', 'dataset_consumes_unknown_never_scheduled', 'consume_1_or_2_with_dataset_expressions', 'dataset_consumes_1', 'dataset_produces_2', 'dataset_consumes_1_never_scheduled', 'consume_1_or_both_2_and_3_with_dataset_expressions', 'dataset_produces_1', 'consume_1_and_2_with_dataset_expressions' retrieved from /home/ubuntu/airflow-venv/lib/python3.12/site-packages/airflow/example_dags/example_datasets.py
[2024-11-14T07:55:08.542+0000] {logging_mixin.py:190} INFO - [2024-11-14T07:55:08.542+0000] {dag.py:3239} INFO - Sync 10 DAGs
[2024-11-14T07:55:08.566+0000] {logging_mixin.py:190} INFO - [2024-11-14T07:55:08.566+0000] {dag.py:4180} INFO - Setting next_dagrun for conditional_dataset_and_time_based_timetable to 2024-11-13 01:00:00+00:00, run_after=2024-11-13 01:00:00+00:00
[2024-11-14T07:55:08.570+0000] {logging_mixin.py:190} INFO - [2024-11-14T07:55:08.570+0000] {dag.py:4180} INFO - Setting next_dagrun for consume_1_and_2_with_dataset_expressions to None, run_after=None
[2024-11-14T07:55:08.571+0000] {logging_mixin.py:190} INFO - [2024-11-14T07:55:08.571+0000] {dag.py:4180} INFO - Setting next_dagrun for consume_1_or_2_with_dataset_expressions to None, run_after=None
[2024-11-14T07:55:08.572+0000] {logging_mixin.py:190} INFO - [2024-11-14T07:55:08.572+0000] {dag.py:4180} INFO - Setting next_dagrun for consume_1_or_both_2_and_3_with_dataset_expressions to None, run_after=None
[2024-11-14T07:55:08.574+0000] {logging_mixin.py:190} INFO - [2024-11-14T07:55:08.574+0000] {dag.py:4180} INFO - Setting next_dagrun for dataset_consumes_1 to None, run_after=None
[2024-11-14T07:55:08.575+0000] {logging_mixin.py:190} INFO - [2024-11-14T07:55:08.575+0000] {dag.py:4180} INFO - Setting next_dagrun for dataset_consumes_1_and_2 to None, run_after=None
[2024-11-14T07:55:08.576+0000] {logging_mixin.py:190} INFO - [2024-11-14T07:55:08.576+0000] {dag.py:4180} INFO - Setting next_dagrun for dataset_consumes_1_never_scheduled to None, run_after=None
[2024-11-14T07:55:08.577+0000] {logging_mixin.py:190} INFO - [2024-11-14T07:55:08.577+0000] {dag.py:4180} INFO - Setting next_dagrun for dataset_consumes_unknown_never_scheduled to None, run_after=None
[2024-11-14T07:55:08.579+0000] {logging_mixin.py:190} INFO - [2024-11-14T07:55:08.579+0000] {dag.py:4180} INFO - Setting next_dagrun for dataset_produces_1 to 2024-11-13 00:00:00+00:00, run_after=2024-11-14 00:00:00+00:00
[2024-11-14T07:55:08.580+0000] {logging_mixin.py:190} INFO - [2024-11-14T07:55:08.580+0000] {dag.py:4180} INFO - Setting next_dagrun for dataset_produces_2 to None, run_after=None
[2024-11-14T07:55:08.615+0000] {processor.py:208} INFO - Processing /home/ubuntu/airflow-venv/lib/python3.12/site-packages/airflow/example_dags/example_datasets.py took 0.134 seconds
[2024-11-14T07:56:11.360+0000] {processor.py:186} INFO - Started process (PID=5062) to work on /home/ubuntu/airflow-venv/lib/python3.12/site-packages/airflow/example_dags/example_datasets.py
[2024-11-14T07:56:11.362+0000] {processor.py:914} INFO - Processing file /home/ubuntu/airflow-venv/lib/python3.12/site-packages/airflow/example_dags/example_datasets.py for tasks to queue
[2024-11-14T07:56:11.363+0000] {logging_mixin.py:190} INFO - [2024-11-14T07:56:11.362+0000] {dagbag.py:588} INFO - Filling up the DagBag from /home/ubuntu/airflow-venv/lib/python3.12/site-packages/airflow/example_dags/example_datasets.py
[2024-11-14T07:56:11.391+0000] {processor.py:925} INFO - DAG(s) 'dataset_produces_2', 'dataset_produces_1', 'conditional_dataset_and_time_based_timetable', 'dataset_consumes_1_never_scheduled', 'consume_1_or_both_2_and_3_with_dataset_expressions', 'dataset_consumes_unknown_never_scheduled', 'dataset_consumes_1', 'dataset_consumes_1_and_2', 'consume_1_or_2_with_dataset_expressions', 'consume_1_and_2_with_dataset_expressions' retrieved from /home/ubuntu/airflow-venv/lib/python3.12/site-packages/airflow/example_dags/example_datasets.py
[2024-11-14T07:56:11.431+0000] {logging_mixin.py:190} INFO - [2024-11-14T07:56:11.431+0000] {dag.py:3239} INFO - Sync 10 DAGs
[2024-11-14T07:56:11.457+0000] {logging_mixin.py:190} INFO - [2024-11-14T07:56:11.457+0000] {dag.py:4180} INFO - Setting next_dagrun for conditional_dataset_and_time_based_timetable to 2024-11-13 01:00:00+00:00, run_after=2024-11-13 01:00:00+00:00
[2024-11-14T07:56:11.462+0000] {logging_mixin.py:190} INFO - [2024-11-14T07:56:11.462+0000] {dag.py:4180} INFO - Setting next_dagrun for consume_1_and_2_with_dataset_expressions to None, run_after=None
[2024-11-14T07:56:11.463+0000] {logging_mixin.py:190} INFO - [2024-11-14T07:56:11.463+0000] {dag.py:4180} INFO - Setting next_dagrun for consume_1_or_2_with_dataset_expressions to None, run_after=None
[2024-11-14T07:56:11.465+0000] {logging_mixin.py:190} INFO - [2024-11-14T07:56:11.464+0000] {dag.py:4180} INFO - Setting next_dagrun for consume_1_or_both_2_and_3_with_dataset_expressions to None, run_after=None
[2024-11-14T07:56:11.466+0000] {logging_mixin.py:190} INFO - [2024-11-14T07:56:11.466+0000] {dag.py:4180} INFO - Setting next_dagrun for dataset_consumes_1 to None, run_after=None
[2024-11-14T07:56:11.467+0000] {logging_mixin.py:190} INFO - [2024-11-14T07:56:11.467+0000] {dag.py:4180} INFO - Setting next_dagrun for dataset_consumes_1_and_2 to None, run_after=None
[2024-11-14T07:56:11.468+0000] {logging_mixin.py:190} INFO - [2024-11-14T07:56:11.468+0000] {dag.py:4180} INFO - Setting next_dagrun for dataset_consumes_1_never_scheduled to None, run_after=None
[2024-11-14T07:56:11.469+0000] {logging_mixin.py:190} INFO - [2024-11-14T07:56:11.468+0000] {dag.py:4180} INFO - Setting next_dagrun for dataset_consumes_unknown_never_scheduled to None, run_after=None
[2024-11-14T07:56:11.471+0000] {logging_mixin.py:190} INFO - [2024-11-14T07:56:11.470+0000] {dag.py:4180} INFO - Setting next_dagrun for dataset_produces_1 to 2024-11-13 00:00:00+00:00, run_after=2024-11-14 00:00:00+00:00
[2024-11-14T07:56:11.472+0000] {logging_mixin.py:190} INFO - [2024-11-14T07:56:11.471+0000] {dag.py:4180} INFO - Setting next_dagrun for dataset_produces_2 to None, run_after=None
[2024-11-14T07:56:11.512+0000] {processor.py:208} INFO - Processing /home/ubuntu/airflow-venv/lib/python3.12/site-packages/airflow/example_dags/example_datasets.py took 0.158 seconds
[2024-11-14T07:57:10.694+0000] {processor.py:186} INFO - Started process (PID=5124) to work on /home/ubuntu/airflow-venv/lib/python3.12/site-packages/airflow/example_dags/example_datasets.py
[2024-11-14T07:57:10.700+0000] {processor.py:914} INFO - Processing file /home/ubuntu/airflow-venv/lib/python3.12/site-packages/airflow/example_dags/example_datasets.py for tasks to queue
[2024-11-14T07:57:10.709+0000] {logging_mixin.py:190} INFO - [2024-11-14T07:57:10.708+0000] {dagbag.py:588} INFO - Filling up the DagBag from /home/ubuntu/airflow-venv/lib/python3.12/site-packages/airflow/example_dags/example_datasets.py
[2024-11-14T07:57:10.753+0000] {processor.py:925} INFO - DAG(s) 'consume_1_and_2_with_dataset_expressions', 'dataset_consumes_unknown_never_scheduled', 'dataset_produces_2', 'dataset_consumes_1', 'consume_1_or_both_2_and_3_with_dataset_expressions', 'dataset_produces_1', 'consume_1_or_2_with_dataset_expressions', 'dataset_consumes_1_never_scheduled', 'conditional_dataset_and_time_based_timetable', 'dataset_consumes_1_and_2' retrieved from /home/ubuntu/airflow-venv/lib/python3.12/site-packages/airflow/example_dags/example_datasets.py
[2024-11-14T07:57:10.808+0000] {logging_mixin.py:190} INFO - [2024-11-14T07:57:10.807+0000] {dag.py:3239} INFO - Sync 10 DAGs
[2024-11-14T07:57:10.831+0000] {logging_mixin.py:190} INFO - [2024-11-14T07:57:10.831+0000] {dag.py:4180} INFO - Setting next_dagrun for conditional_dataset_and_time_based_timetable to 2024-11-13 01:00:00+00:00, run_after=2024-11-13 01:00:00+00:00
[2024-11-14T07:57:10.834+0000] {logging_mixin.py:190} INFO - [2024-11-14T07:57:10.834+0000] {dag.py:4180} INFO - Setting next_dagrun for consume_1_and_2_with_dataset_expressions to None, run_after=None
[2024-11-14T07:57:10.835+0000] {logging_mixin.py:190} INFO - [2024-11-14T07:57:10.835+0000] {dag.py:4180} INFO - Setting next_dagrun for consume_1_or_2_with_dataset_expressions to None, run_after=None
[2024-11-14T07:57:10.836+0000] {logging_mixin.py:190} INFO - [2024-11-14T07:57:10.836+0000] {dag.py:4180} INFO - Setting next_dagrun for consume_1_or_both_2_and_3_with_dataset_expressions to None, run_after=None
[2024-11-14T07:57:10.837+0000] {logging_mixin.py:190} INFO - [2024-11-14T07:57:10.837+0000] {dag.py:4180} INFO - Setting next_dagrun for dataset_consumes_1 to None, run_after=None
[2024-11-14T07:57:10.838+0000] {logging_mixin.py:190} INFO - [2024-11-14T07:57:10.838+0000] {dag.py:4180} INFO - Setting next_dagrun for dataset_consumes_1_and_2 to None, run_after=None
[2024-11-14T07:57:10.839+0000] {logging_mixin.py:190} INFO - [2024-11-14T07:57:10.839+0000] {dag.py:4180} INFO - Setting next_dagrun for dataset_consumes_1_never_scheduled to None, run_after=None
[2024-11-14T07:57:10.840+0000] {logging_mixin.py:190} INFO - [2024-11-14T07:57:10.840+0000] {dag.py:4180} INFO - Setting next_dagrun for dataset_consumes_unknown_never_scheduled to None, run_after=None
[2024-11-14T07:57:10.842+0000] {logging_mixin.py:190} INFO - [2024-11-14T07:57:10.842+0000] {dag.py:4180} INFO - Setting next_dagrun for dataset_produces_1 to 2024-11-13 00:00:00+00:00, run_after=2024-11-14 00:00:00+00:00
[2024-11-14T07:57:10.843+0000] {logging_mixin.py:190} INFO - [2024-11-14T07:57:10.842+0000] {dag.py:4180} INFO - Setting next_dagrun for dataset_produces_2 to None, run_after=None
[2024-11-14T07:57:10.875+0000] {processor.py:208} INFO - Processing /home/ubuntu/airflow-venv/lib/python3.12/site-packages/airflow/example_dags/example_datasets.py took 0.195 seconds
[2024-11-14T07:58:10.683+0000] {processor.py:186} INFO - Started process (PID=5185) to work on /home/ubuntu/airflow-venv/lib/python3.12/site-packages/airflow/example_dags/example_datasets.py
[2024-11-14T07:58:10.685+0000] {processor.py:914} INFO - Processing file /home/ubuntu/airflow-venv/lib/python3.12/site-packages/airflow/example_dags/example_datasets.py for tasks to queue
[2024-11-14T07:58:10.687+0000] {logging_mixin.py:190} INFO - [2024-11-14T07:58:10.686+0000] {dagbag.py:588} INFO - Filling up the DagBag from /home/ubuntu/airflow-venv/lib/python3.12/site-packages/airflow/example_dags/example_datasets.py
[2024-11-14T07:58:10.714+0000] {processor.py:925} INFO - DAG(s) 'dataset_consumes_1_and_2', 'dataset_consumes_unknown_never_scheduled', 'conditional_dataset_and_time_based_timetable', 'consume_1_and_2_with_dataset_expressions', 'consume_1_or_2_with_dataset_expressions', 'dataset_produces_1', 'dataset_consumes_1', 'consume_1_or_both_2_and_3_with_dataset_expressions', 'dataset_consumes_1_never_scheduled', 'dataset_produces_2' retrieved from /home/ubuntu/airflow-venv/lib/python3.12/site-packages/airflow/example_dags/example_datasets.py
[2024-11-14T07:58:10.766+0000] {logging_mixin.py:190} INFO - [2024-11-14T07:58:10.766+0000] {dag.py:3239} INFO - Sync 10 DAGs
[2024-11-14T07:58:10.817+0000] {logging_mixin.py:190} INFO - [2024-11-14T07:58:10.817+0000] {dag.py:4180} INFO - Setting next_dagrun for conditional_dataset_and_time_based_timetable to 2024-11-13 01:00:00+00:00, run_after=2024-11-13 01:00:00+00:00
[2024-11-14T07:58:10.825+0000] {logging_mixin.py:190} INFO - [2024-11-14T07:58:10.825+0000] {dag.py:4180} INFO - Setting next_dagrun for consume_1_and_2_with_dataset_expressions to None, run_after=None
[2024-11-14T07:58:10.829+0000] {logging_mixin.py:190} INFO - [2024-11-14T07:58:10.829+0000] {dag.py:4180} INFO - Setting next_dagrun for consume_1_or_2_with_dataset_expressions to None, run_after=None
[2024-11-14T07:58:10.831+0000] {logging_mixin.py:190} INFO - [2024-11-14T07:58:10.830+0000] {dag.py:4180} INFO - Setting next_dagrun for consume_1_or_both_2_and_3_with_dataset_expressions to None, run_after=None
[2024-11-14T07:58:10.832+0000] {logging_mixin.py:190} INFO - [2024-11-14T07:58:10.832+0000] {dag.py:4180} INFO - Setting next_dagrun for dataset_consumes_1 to None, run_after=None
[2024-11-14T07:58:10.834+0000] {logging_mixin.py:190} INFO - [2024-11-14T07:58:10.833+0000] {dag.py:4180} INFO - Setting next_dagrun for dataset_consumes_1_and_2 to None, run_after=None
[2024-11-14T07:58:10.837+0000] {logging_mixin.py:190} INFO - [2024-11-14T07:58:10.837+0000] {dag.py:4180} INFO - Setting next_dagrun for dataset_consumes_1_never_scheduled to None, run_after=None
[2024-11-14T07:58:10.839+0000] {logging_mixin.py:190} INFO - [2024-11-14T07:58:10.839+0000] {dag.py:4180} INFO - Setting next_dagrun for dataset_consumes_unknown_never_scheduled to None, run_after=None
[2024-11-14T07:58:10.843+0000] {logging_mixin.py:190} INFO - [2024-11-14T07:58:10.843+0000] {dag.py:4180} INFO - Setting next_dagrun for dataset_produces_1 to 2024-11-13 00:00:00+00:00, run_after=2024-11-14 00:00:00+00:00
[2024-11-14T07:58:10.846+0000] {logging_mixin.py:190} INFO - [2024-11-14T07:58:10.844+0000] {dag.py:4180} INFO - Setting next_dagrun for dataset_produces_2 to None, run_after=None
[2024-11-14T07:58:10.921+0000] {processor.py:208} INFO - Processing /home/ubuntu/airflow-venv/lib/python3.12/site-packages/airflow/example_dags/example_datasets.py took 0.249 seconds
[2024-11-14T07:59:11.281+0000] {processor.py:186} INFO - Started process (PID=5244) to work on /home/ubuntu/airflow-venv/lib/python3.12/site-packages/airflow/example_dags/example_datasets.py
[2024-11-14T07:59:11.283+0000] {processor.py:914} INFO - Processing file /home/ubuntu/airflow-venv/lib/python3.12/site-packages/airflow/example_dags/example_datasets.py for tasks to queue
[2024-11-14T07:59:11.284+0000] {logging_mixin.py:190} INFO - [2024-11-14T07:59:11.284+0000] {dagbag.py:588} INFO - Filling up the DagBag from /home/ubuntu/airflow-venv/lib/python3.12/site-packages/airflow/example_dags/example_datasets.py
[2024-11-14T07:59:11.302+0000] {processor.py:925} INFO - DAG(s) 'dataset_produces_1', 'dataset_consumes_1_never_scheduled', 'conditional_dataset_and_time_based_timetable', 'consume_1_and_2_with_dataset_expressions', 'dataset_consumes_1', 'consume_1_or_2_with_dataset_expressions', 'consume_1_or_both_2_and_3_with_dataset_expressions', 'dataset_produces_2', 'dataset_consumes_unknown_never_scheduled', 'dataset_consumes_1_and_2' retrieved from /home/ubuntu/airflow-venv/lib/python3.12/site-packages/airflow/example_dags/example_datasets.py
[2024-11-14T07:59:11.340+0000] {logging_mixin.py:190} INFO - [2024-11-14T07:59:11.339+0000] {dag.py:3239} INFO - Sync 10 DAGs
[2024-11-14T07:59:11.365+0000] {logging_mixin.py:190} INFO - [2024-11-14T07:59:11.365+0000] {dag.py:4180} INFO - Setting next_dagrun for conditional_dataset_and_time_based_timetable to 2024-11-13 01:00:00+00:00, run_after=2024-11-13 01:00:00+00:00
[2024-11-14T07:59:11.368+0000] {logging_mixin.py:190} INFO - [2024-11-14T07:59:11.368+0000] {dag.py:4180} INFO - Setting next_dagrun for consume_1_and_2_with_dataset_expressions to None, run_after=None
[2024-11-14T07:59:11.370+0000] {logging_mixin.py:190} INFO - [2024-11-14T07:59:11.369+0000] {dag.py:4180} INFO - Setting next_dagrun for consume_1_or_2_with_dataset_expressions to None, run_after=None
[2024-11-14T07:59:11.371+0000] {logging_mixin.py:190} INFO - [2024-11-14T07:59:11.370+0000] {dag.py:4180} INFO - Setting next_dagrun for consume_1_or_both_2_and_3_with_dataset_expressions to None, run_after=None
[2024-11-14T07:59:11.372+0000] {logging_mixin.py:190} INFO - [2024-11-14T07:59:11.372+0000] {dag.py:4180} INFO - Setting next_dagrun for dataset_consumes_1 to None, run_after=None
[2024-11-14T07:59:11.373+0000] {logging_mixin.py:190} INFO - [2024-11-14T07:59:11.373+0000] {dag.py:4180} INFO - Setting next_dagrun for dataset_consumes_1_and_2 to None, run_after=None
[2024-11-14T07:59:11.374+0000] {logging_mixin.py:190} INFO - [2024-11-14T07:59:11.374+0000] {dag.py:4180} INFO - Setting next_dagrun for dataset_consumes_1_never_scheduled to None, run_after=None
[2024-11-14T07:59:11.375+0000] {logging_mixin.py:190} INFO - [2024-11-14T07:59:11.375+0000] {dag.py:4180} INFO - Setting next_dagrun for dataset_consumes_unknown_never_scheduled to None, run_after=None
[2024-11-14T07:59:11.377+0000] {logging_mixin.py:190} INFO - [2024-11-14T07:59:11.377+0000] {dag.py:4180} INFO - Setting next_dagrun for dataset_produces_1 to 2024-11-13 00:00:00+00:00, run_after=2024-11-14 00:00:00+00:00
[2024-11-14T07:59:11.378+0000] {logging_mixin.py:190} INFO - [2024-11-14T07:59:11.378+0000] {dag.py:4180} INFO - Setting next_dagrun for dataset_produces_2 to None, run_after=None
[2024-11-14T07:59:11.416+0000] {processor.py:208} INFO - Processing /home/ubuntu/airflow-venv/lib/python3.12/site-packages/airflow/example_dags/example_datasets.py took 0.146 seconds
[2024-11-14T08:00:11.436+0000] {processor.py:186} INFO - Started process (PID=5306) to work on /home/ubuntu/airflow-venv/lib/python3.12/site-packages/airflow/example_dags/example_datasets.py
[2024-11-14T08:00:11.437+0000] {processor.py:914} INFO - Processing file /home/ubuntu/airflow-venv/lib/python3.12/site-packages/airflow/example_dags/example_datasets.py for tasks to queue
[2024-11-14T08:00:11.439+0000] {logging_mixin.py:190} INFO - [2024-11-14T08:00:11.438+0000] {dagbag.py:588} INFO - Filling up the DagBag from /home/ubuntu/airflow-venv/lib/python3.12/site-packages/airflow/example_dags/example_datasets.py
[2024-11-14T08:00:11.456+0000] {processor.py:925} INFO - DAG(s) 'dataset_consumes_unknown_never_scheduled', 'consume_1_and_2_with_dataset_expressions', 'consume_1_or_both_2_and_3_with_dataset_expressions', 'consume_1_or_2_with_dataset_expressions', 'dataset_consumes_1_and_2', 'dataset_consumes_1_never_scheduled', 'dataset_produces_1', 'dataset_consumes_1', 'conditional_dataset_and_time_based_timetable', 'dataset_produces_2' retrieved from /home/ubuntu/airflow-venv/lib/python3.12/site-packages/airflow/example_dags/example_datasets.py
[2024-11-14T08:00:11.490+0000] {logging_mixin.py:190} INFO - [2024-11-14T08:00:11.490+0000] {dag.py:3239} INFO - Sync 10 DAGs
[2024-11-14T08:00:11.528+0000] {logging_mixin.py:190} INFO - [2024-11-14T08:00:11.528+0000] {dag.py:4180} INFO - Setting next_dagrun for conditional_dataset_and_time_based_timetable to 2024-11-13 01:00:00+00:00, run_after=2024-11-13 01:00:00+00:00
[2024-11-14T08:00:11.531+0000] {logging_mixin.py:190} INFO - [2024-11-14T08:00:11.531+0000] {dag.py:4180} INFO - Setting next_dagrun for consume_1_and_2_with_dataset_expressions to None, run_after=None
[2024-11-14T08:00:11.533+0000] {logging_mixin.py:190} INFO - [2024-11-14T08:00:11.532+0000] {dag.py:4180} INFO - Setting next_dagrun for consume_1_or_2_with_dataset_expressions to None, run_after=None
[2024-11-14T08:00:11.534+0000] {logging_mixin.py:190} INFO - [2024-11-14T08:00:11.533+0000] {dag.py:4180} INFO - Setting next_dagrun for consume_1_or_both_2_and_3_with_dataset_expressions to None, run_after=None
[2024-11-14T08:00:11.535+0000] {logging_mixin.py:190} INFO - [2024-11-14T08:00:11.534+0000] {dag.py:4180} INFO - Setting next_dagrun for dataset_consumes_1 to None, run_after=None
[2024-11-14T08:00:11.536+0000] {logging_mixin.py:190} INFO - [2024-11-14T08:00:11.536+0000] {dag.py:4180} INFO - Setting next_dagrun for dataset_consumes_1_and_2 to None, run_after=None
[2024-11-14T08:00:11.537+0000] {logging_mixin.py:190} INFO - [2024-11-14T08:00:11.536+0000] {dag.py:4180} INFO - Setting next_dagrun for dataset_consumes_1_never_scheduled to None, run_after=None
[2024-11-14T08:00:11.537+0000] {logging_mixin.py:190} INFO - [2024-11-14T08:00:11.537+0000] {dag.py:4180} INFO - Setting next_dagrun for dataset_consumes_unknown_never_scheduled to None, run_after=None
[2024-11-14T08:00:11.540+0000] {logging_mixin.py:190} INFO - [2024-11-14T08:00:11.540+0000] {dag.py:4180} INFO - Setting next_dagrun for dataset_produces_1 to 2024-11-13 00:00:00+00:00, run_after=2024-11-14 00:00:00+00:00
[2024-11-14T08:00:11.541+0000] {logging_mixin.py:190} INFO - [2024-11-14T08:00:11.541+0000] {dag.py:4180} INFO - Setting next_dagrun for dataset_produces_2 to None, run_after=None
[2024-11-14T08:00:11.608+0000] {processor.py:208} INFO - Processing /home/ubuntu/airflow-venv/lib/python3.12/site-packages/airflow/example_dags/example_datasets.py took 0.185 seconds
[2024-11-14T08:01:11.223+0000] {processor.py:186} INFO - Started process (PID=5371) to work on /home/ubuntu/airflow-venv/lib/python3.12/site-packages/airflow/example_dags/example_datasets.py
[2024-11-14T08:01:11.225+0000] {processor.py:914} INFO - Processing file /home/ubuntu/airflow-venv/lib/python3.12/site-packages/airflow/example_dags/example_datasets.py for tasks to queue
[2024-11-14T08:01:11.228+0000] {logging_mixin.py:190} INFO - [2024-11-14T08:01:11.226+0000] {dagbag.py:588} INFO - Filling up the DagBag from /home/ubuntu/airflow-venv/lib/python3.12/site-packages/airflow/example_dags/example_datasets.py
[2024-11-14T08:01:11.249+0000] {processor.py:925} INFO - DAG(s) 'consume_1_and_2_with_dataset_expressions', 'dataset_consumes_unknown_never_scheduled', 'consume_1_or_2_with_dataset_expressions', 'dataset_consumes_1_and_2', 'dataset_consumes_1', 'dataset_produces_1', 'conditional_dataset_and_time_based_timetable', 'dataset_produces_2', 'consume_1_or_both_2_and_3_with_dataset_expressions', 'dataset_consumes_1_never_scheduled' retrieved from /home/ubuntu/airflow-venv/lib/python3.12/site-packages/airflow/example_dags/example_datasets.py
[2024-11-14T08:01:11.294+0000] {logging_mixin.py:190} INFO - [2024-11-14T08:01:11.293+0000] {dag.py:3239} INFO - Sync 10 DAGs
[2024-11-14T08:01:11.324+0000] {logging_mixin.py:190} INFO - [2024-11-14T08:01:11.324+0000] {dag.py:4180} INFO - Setting next_dagrun for conditional_dataset_and_time_based_timetable to 2024-11-13 01:00:00+00:00, run_after=2024-11-13 01:00:00+00:00
[2024-11-14T08:01:11.328+0000] {logging_mixin.py:190} INFO - [2024-11-14T08:01:11.328+0000] {dag.py:4180} INFO - Setting next_dagrun for consume_1_and_2_with_dataset_expressions to None, run_after=None
[2024-11-14T08:01:11.329+0000] {logging_mixin.py:190} INFO - [2024-11-14T08:01:11.329+0000] {dag.py:4180} INFO - Setting next_dagrun for consume_1_or_2_with_dataset_expressions to None, run_after=None
[2024-11-14T08:01:11.330+0000] {logging_mixin.py:190} INFO - [2024-11-14T08:01:11.330+0000] {dag.py:4180} INFO - Setting next_dagrun for consume_1_or_both_2_and_3_with_dataset_expressions to None, run_after=None
[2024-11-14T08:01:11.332+0000] {logging_mixin.py:190} INFO - [2024-11-14T08:01:11.332+0000] {dag.py:4180} INFO - Setting next_dagrun for dataset_consumes_1 to None, run_after=None
[2024-11-14T08:01:11.333+0000] {logging_mixin.py:190} INFO - [2024-11-14T08:01:11.333+0000] {dag.py:4180} INFO - Setting next_dagrun for dataset_consumes_1_and_2 to None, run_after=None
[2024-11-14T08:01:11.334+0000] {logging_mixin.py:190} INFO - [2024-11-14T08:01:11.334+0000] {dag.py:4180} INFO - Setting next_dagrun for dataset_consumes_1_never_scheduled to None, run_after=None
[2024-11-14T08:01:11.335+0000] {logging_mixin.py:190} INFO - [2024-11-14T08:01:11.334+0000] {dag.py:4180} INFO - Setting next_dagrun for dataset_consumes_unknown_never_scheduled to None, run_after=None
[2024-11-14T08:01:11.337+0000] {logging_mixin.py:190} INFO - [2024-11-14T08:01:11.337+0000] {dag.py:4180} INFO - Setting next_dagrun for dataset_produces_1 to 2024-11-13 00:00:00+00:00, run_after=2024-11-14 00:00:00+00:00
[2024-11-14T08:01:11.338+0000] {logging_mixin.py:190} INFO - [2024-11-14T08:01:11.338+0000] {dag.py:4180} INFO - Setting next_dagrun for dataset_produces_2 to None, run_after=None
[2024-11-14T08:01:11.384+0000] {processor.py:208} INFO - Processing /home/ubuntu/airflow-venv/lib/python3.12/site-packages/airflow/example_dags/example_datasets.py took 0.170 seconds
[2024-11-14T08:02:11.271+0000] {processor.py:186} INFO - Started process (PID=5430) to work on /home/ubuntu/airflow-venv/lib/python3.12/site-packages/airflow/example_dags/example_datasets.py
[2024-11-14T08:02:11.274+0000] {processor.py:914} INFO - Processing file /home/ubuntu/airflow-venv/lib/python3.12/site-packages/airflow/example_dags/example_datasets.py for tasks to queue
[2024-11-14T08:02:11.281+0000] {logging_mixin.py:190} INFO - [2024-11-14T08:02:11.280+0000] {dagbag.py:588} INFO - Filling up the DagBag from /home/ubuntu/airflow-venv/lib/python3.12/site-packages/airflow/example_dags/example_datasets.py
[2024-11-14T08:02:11.308+0000] {processor.py:925} INFO - DAG(s) 'dataset_produces_1', 'dataset_produces_2', 'dataset_consumes_1_and_2', 'conditional_dataset_and_time_based_timetable', 'dataset_consumes_unknown_never_scheduled', 'consume_1_and_2_with_dataset_expressions', 'dataset_consumes_1', 'consume_1_or_2_with_dataset_expressions', 'consume_1_or_both_2_and_3_with_dataset_expressions', 'dataset_consumes_1_never_scheduled' retrieved from /home/ubuntu/airflow-venv/lib/python3.12/site-packages/airflow/example_dags/example_datasets.py
[2024-11-14T08:02:11.361+0000] {logging_mixin.py:190} INFO - [2024-11-14T08:02:11.360+0000] {dag.py:3239} INFO - Sync 10 DAGs
[2024-11-14T08:02:11.399+0000] {logging_mixin.py:190} INFO - [2024-11-14T08:02:11.399+0000] {dag.py:4180} INFO - Setting next_dagrun for conditional_dataset_and_time_based_timetable to 2024-11-13 01:00:00+00:00, run_after=2024-11-13 01:00:00+00:00
[2024-11-14T08:02:11.403+0000] {logging_mixin.py:190} INFO - [2024-11-14T08:02:11.403+0000] {dag.py:4180} INFO - Setting next_dagrun for consume_1_and_2_with_dataset_expressions to None, run_after=None
[2024-11-14T08:02:11.404+0000] {logging_mixin.py:190} INFO - [2024-11-14T08:02:11.404+0000] {dag.py:4180} INFO - Setting next_dagrun for consume_1_or_2_with_dataset_expressions to None, run_after=None
[2024-11-14T08:02:11.405+0000] {logging_mixin.py:190} INFO - [2024-11-14T08:02:11.405+0000] {dag.py:4180} INFO - Setting next_dagrun for consume_1_or_both_2_and_3_with_dataset_expressions to None, run_after=None
[2024-11-14T08:02:11.406+0000] {logging_mixin.py:190} INFO - [2024-11-14T08:02:11.406+0000] {dag.py:4180} INFO - Setting next_dagrun for dataset_consumes_1 to None, run_after=None
[2024-11-14T08:02:11.407+0000] {logging_mixin.py:190} INFO - [2024-11-14T08:02:11.407+0000] {dag.py:4180} INFO - Setting next_dagrun for dataset_consumes_1_and_2 to None, run_after=None
[2024-11-14T08:02:11.408+0000] {logging_mixin.py:190} INFO - [2024-11-14T08:02:11.407+0000] {dag.py:4180} INFO - Setting next_dagrun for dataset_consumes_1_never_scheduled to None, run_after=None
[2024-11-14T08:02:11.408+0000] {logging_mixin.py:190} INFO - [2024-11-14T08:02:11.408+0000] {dag.py:4180} INFO - Setting next_dagrun for dataset_consumes_unknown_never_scheduled to None, run_after=None
[2024-11-14T08:02:11.410+0000] {logging_mixin.py:190} INFO - [2024-11-14T08:02:11.410+0000] {dag.py:4180} INFO - Setting next_dagrun for dataset_produces_1 to 2024-11-13 00:00:00+00:00, run_after=2024-11-14 00:00:00+00:00
[2024-11-14T08:02:11.411+0000] {logging_mixin.py:190} INFO - [2024-11-14T08:02:11.411+0000] {dag.py:4180} INFO - Setting next_dagrun for dataset_produces_2 to None, run_after=None
[2024-11-14T08:02:11.442+0000] {processor.py:208} INFO - Processing /home/ubuntu/airflow-venv/lib/python3.12/site-packages/airflow/example_dags/example_datasets.py took 0.180 seconds
