[2024-11-14T07:41:30.499+0000] {processor.py:186} INFO - Started process (PID=3727) to work on /home/ubuntu/airflow-venv/lib/python3.12/site-packages/airflow/example_dags/example_bash_operator.py
[2024-11-14T07:41:30.501+0000] {processor.py:914} INFO - Processing file /home/ubuntu/airflow-venv/lib/python3.12/site-packages/airflow/example_dags/example_bash_operator.py for tasks to queue
[2024-11-14T07:41:30.505+0000] {logging_mixin.py:190} INFO - [2024-11-14T07:41:30.503+0000] {dagbag.py:588} INFO - Filling up the DagBag from /home/ubuntu/airflow-venv/lib/python3.12/site-packages/airflow/example_dags/example_bash_operator.py
[2024-11-14T07:41:30.533+0000] {processor.py:925} INFO - DAG(s) 'example_bash_operator' retrieved from /home/ubuntu/airflow-venv/lib/python3.12/site-packages/airflow/example_dags/example_bash_operator.py
[2024-11-14T07:41:30.735+0000] {logging_mixin.py:190} INFO - [2024-11-14T07:41:30.735+0000] {override.py:1911} INFO - Created Permission View: can delete on DAG:example_bash_operator
[2024-11-14T07:41:30.748+0000] {logging_mixin.py:190} INFO - [2024-11-14T07:41:30.748+0000] {override.py:1911} INFO - Created Permission View: can read on DAG:example_bash_operator
[2024-11-14T07:41:30.757+0000] {logging_mixin.py:190} INFO - [2024-11-14T07:41:30.757+0000] {override.py:1911} INFO - Created Permission View: can edit on DAG:example_bash_operator
[2024-11-14T07:41:30.769+0000] {logging_mixin.py:190} INFO - [2024-11-14T07:41:30.768+0000] {override.py:1911} INFO - Created Permission View: can delete on DAG Run:example_bash_operator
[2024-11-14T07:41:30.777+0000] {logging_mixin.py:190} INFO - [2024-11-14T07:41:30.776+0000] {override.py:1911} INFO - Created Permission View: can create on DAG Run:example_bash_operator
[2024-11-14T07:41:30.786+0000] {logging_mixin.py:190} INFO - [2024-11-14T07:41:30.786+0000] {override.py:1911} INFO - Created Permission View: can read on DAG Run:example_bash_operator
[2024-11-14T07:41:30.794+0000] {logging_mixin.py:190} INFO - [2024-11-14T07:41:30.794+0000] {override.py:1911} INFO - Created Permission View: menu access on DAG Run:example_bash_operator
[2024-11-14T07:41:30.795+0000] {logging_mixin.py:190} INFO - [2024-11-14T07:41:30.795+0000] {dag.py:3239} INFO - Sync 1 DAGs
[2024-11-14T07:41:30.811+0000] {logging_mixin.py:190} INFO - [2024-11-14T07:41:30.810+0000] {dag.py:3262} INFO - Creating ORM DAG for example_bash_operator
[2024-11-14T07:41:30.823+0000] {logging_mixin.py:190} INFO - [2024-11-14T07:41:30.822+0000] {dag.py:4180} INFO - Setting next_dagrun for example_bash_operator to 2024-11-13 00:00:00+00:00, run_after=2024-11-14 00:00:00+00:00
[2024-11-14T07:41:30.844+0000] {processor.py:208} INFO - Processing /home/ubuntu/airflow-venv/lib/python3.12/site-packages/airflow/example_dags/example_bash_operator.py took 0.360 seconds
[2024-11-14T07:42:33.936+0000] {processor.py:186} INFO - Started process (PID=3790) to work on /home/ubuntu/airflow-venv/lib/python3.12/site-packages/airflow/example_dags/example_bash_operator.py
[2024-11-14T07:42:33.938+0000] {processor.py:914} INFO - Processing file /home/ubuntu/airflow-venv/lib/python3.12/site-packages/airflow/example_dags/example_bash_operator.py for tasks to queue
[2024-11-14T07:42:33.940+0000] {logging_mixin.py:190} INFO - [2024-11-14T07:42:33.939+0000] {dagbag.py:588} INFO - Filling up the DagBag from /home/ubuntu/airflow-venv/lib/python3.12/site-packages/airflow/example_dags/example_bash_operator.py
[2024-11-14T07:42:33.956+0000] {processor.py:925} INFO - DAG(s) 'example_bash_operator' retrieved from /home/ubuntu/airflow-venv/lib/python3.12/site-packages/airflow/example_dags/example_bash_operator.py
[2024-11-14T07:42:33.983+0000] {logging_mixin.py:190} INFO - [2024-11-14T07:42:33.982+0000] {dag.py:3239} INFO - Sync 1 DAGs
[2024-11-14T07:42:34.010+0000] {logging_mixin.py:190} INFO - [2024-11-14T07:42:34.010+0000] {dag.py:4180} INFO - Setting next_dagrun for example_bash_operator to 2024-11-13 00:00:00+00:00, run_after=2024-11-14 00:00:00+00:00
[2024-11-14T07:42:34.035+0000] {processor.py:208} INFO - Processing /home/ubuntu/airflow-venv/lib/python3.12/site-packages/airflow/example_dags/example_bash_operator.py took 0.104 seconds
[2024-11-14T07:43:53.845+0000] {processor.py:186} INFO - Started process (PID=3871) to work on /home/ubuntu/airflow-venv/lib/python3.12/site-packages/airflow/example_dags/example_bash_operator.py
[2024-11-14T07:43:53.847+0000] {processor.py:914} INFO - Processing file /home/ubuntu/airflow-venv/lib/python3.12/site-packages/airflow/example_dags/example_bash_operator.py for tasks to queue
[2024-11-14T07:43:53.849+0000] {logging_mixin.py:190} INFO - [2024-11-14T07:43:53.849+0000] {dagbag.py:588} INFO - Filling up the DagBag from /home/ubuntu/airflow-venv/lib/python3.12/site-packages/airflow/example_dags/example_bash_operator.py
[2024-11-14T07:43:53.864+0000] {processor.py:925} INFO - DAG(s) 'example_bash_operator' retrieved from /home/ubuntu/airflow-venv/lib/python3.12/site-packages/airflow/example_dags/example_bash_operator.py
[2024-11-14T07:43:53.890+0000] {logging_mixin.py:190} INFO - [2024-11-14T07:43:53.890+0000] {dag.py:3239} INFO - Sync 1 DAGs
[2024-11-14T07:43:53.912+0000] {logging_mixin.py:190} INFO - [2024-11-14T07:43:53.912+0000] {dag.py:4180} INFO - Setting next_dagrun for example_bash_operator to 2024-11-13 00:00:00+00:00, run_after=2024-11-14 00:00:00+00:00
[2024-11-14T07:43:53.950+0000] {processor.py:208} INFO - Processing /home/ubuntu/airflow-venv/lib/python3.12/site-packages/airflow/example_dags/example_bash_operator.py took 0.111 seconds
[2024-11-14T07:44:54.032+0000] {processor.py:186} INFO - Started process (PID=3929) to work on /home/ubuntu/airflow-venv/lib/python3.12/site-packages/airflow/example_dags/example_bash_operator.py
[2024-11-14T07:44:54.034+0000] {processor.py:914} INFO - Processing file /home/ubuntu/airflow-venv/lib/python3.12/site-packages/airflow/example_dags/example_bash_operator.py for tasks to queue
[2024-11-14T07:44:54.036+0000] {logging_mixin.py:190} INFO - [2024-11-14T07:44:54.035+0000] {dagbag.py:588} INFO - Filling up the DagBag from /home/ubuntu/airflow-venv/lib/python3.12/site-packages/airflow/example_dags/example_bash_operator.py
[2024-11-14T07:44:54.050+0000] {processor.py:925} INFO - DAG(s) 'example_bash_operator' retrieved from /home/ubuntu/airflow-venv/lib/python3.12/site-packages/airflow/example_dags/example_bash_operator.py
[2024-11-14T07:44:54.075+0000] {logging_mixin.py:190} INFO - [2024-11-14T07:44:54.074+0000] {dag.py:3239} INFO - Sync 1 DAGs
[2024-11-14T07:44:54.097+0000] {logging_mixin.py:190} INFO - [2024-11-14T07:44:54.096+0000] {dag.py:4180} INFO - Setting next_dagrun for example_bash_operator to 2024-11-13 00:00:00+00:00, run_after=2024-11-14 00:00:00+00:00
[2024-11-14T07:44:54.120+0000] {processor.py:208} INFO - Processing /home/ubuntu/airflow-venv/lib/python3.12/site-packages/airflow/example_dags/example_bash_operator.py took 0.096 seconds
[2024-11-14T07:46:14.360+0000] {processor.py:186} INFO - Started process (PID=4019) to work on /home/ubuntu/airflow-venv/lib/python3.12/site-packages/airflow/example_dags/example_bash_operator.py
[2024-11-14T07:46:14.361+0000] {processor.py:914} INFO - Processing file /home/ubuntu/airflow-venv/lib/python3.12/site-packages/airflow/example_dags/example_bash_operator.py for tasks to queue
[2024-11-14T07:46:14.365+0000] {logging_mixin.py:190} INFO - [2024-11-14T07:46:14.364+0000] {dagbag.py:588} INFO - Filling up the DagBag from /home/ubuntu/airflow-venv/lib/python3.12/site-packages/airflow/example_dags/example_bash_operator.py
[2024-11-14T07:46:14.383+0000] {processor.py:925} INFO - DAG(s) 'example_bash_operator' retrieved from /home/ubuntu/airflow-venv/lib/python3.12/site-packages/airflow/example_dags/example_bash_operator.py
[2024-11-14T07:46:14.417+0000] {logging_mixin.py:190} INFO - [2024-11-14T07:46:14.416+0000] {dag.py:3239} INFO - Sync 1 DAGs
[2024-11-14T07:46:14.442+0000] {logging_mixin.py:190} INFO - [2024-11-14T07:46:14.442+0000] {dag.py:4180} INFO - Setting next_dagrun for example_bash_operator to 2024-11-13 00:00:00+00:00, run_after=2024-11-14 00:00:00+00:00
[2024-11-14T07:46:14.471+0000] {processor.py:208} INFO - Processing /home/ubuntu/airflow-venv/lib/python3.12/site-packages/airflow/example_dags/example_bash_operator.py took 0.118 seconds
[2024-11-14T07:47:36.636+0000] {processor.py:186} INFO - Started process (PID=4263) to work on /home/ubuntu/airflow-venv/lib/python3.12/site-packages/airflow/example_dags/example_bash_operator.py
[2024-11-14T07:47:36.638+0000] {processor.py:914} INFO - Processing file /home/ubuntu/airflow-venv/lib/python3.12/site-packages/airflow/example_dags/example_bash_operator.py for tasks to queue
[2024-11-14T07:47:36.644+0000] {logging_mixin.py:190} INFO - [2024-11-14T07:47:36.643+0000] {dagbag.py:588} INFO - Filling up the DagBag from /home/ubuntu/airflow-venv/lib/python3.12/site-packages/airflow/example_dags/example_bash_operator.py
[2024-11-14T07:47:36.673+0000] {processor.py:925} INFO - DAG(s) 'example_bash_operator' retrieved from /home/ubuntu/airflow-venv/lib/python3.12/site-packages/airflow/example_dags/example_bash_operator.py
[2024-11-14T07:47:36.731+0000] {logging_mixin.py:190} INFO - [2024-11-14T07:47:36.731+0000] {dag.py:3239} INFO - Sync 1 DAGs
[2024-11-14T07:47:36.774+0000] {logging_mixin.py:190} INFO - [2024-11-14T07:47:36.774+0000] {dag.py:4180} INFO - Setting next_dagrun for example_bash_operator to 2024-11-13 00:00:00+00:00, run_after=2024-11-14 00:00:00+00:00
[2024-11-14T07:47:36.806+0000] {processor.py:208} INFO - Processing /home/ubuntu/airflow-venv/lib/python3.12/site-packages/airflow/example_dags/example_bash_operator.py took 0.186 seconds
[2024-11-14T07:48:41.234+0000] {processor.py:186} INFO - Started process (PID=4608) to work on /home/ubuntu/airflow-venv/lib/python3.12/site-packages/airflow/example_dags/example_bash_operator.py
[2024-11-14T07:48:41.237+0000] {processor.py:914} INFO - Processing file /home/ubuntu/airflow-venv/lib/python3.12/site-packages/airflow/example_dags/example_bash_operator.py for tasks to queue
[2024-11-14T07:48:41.242+0000] {logging_mixin.py:190} INFO - [2024-11-14T07:48:41.242+0000] {dagbag.py:588} INFO - Filling up the DagBag from /home/ubuntu/airflow-venv/lib/python3.12/site-packages/airflow/example_dags/example_bash_operator.py
[2024-11-14T07:48:41.277+0000] {processor.py:925} INFO - DAG(s) 'example_bash_operator' retrieved from /home/ubuntu/airflow-venv/lib/python3.12/site-packages/airflow/example_dags/example_bash_operator.py
[2024-11-14T07:48:41.321+0000] {logging_mixin.py:190} INFO - [2024-11-14T07:48:41.320+0000] {dag.py:3239} INFO - Sync 1 DAGs
[2024-11-14T07:48:41.358+0000] {logging_mixin.py:190} INFO - [2024-11-14T07:48:41.358+0000] {dag.py:4180} INFO - Setting next_dagrun for example_bash_operator to 2024-11-13 00:00:00+00:00, run_after=2024-11-14 00:00:00+00:00
[2024-11-14T07:48:41.395+0000] {processor.py:208} INFO - Processing /home/ubuntu/airflow-venv/lib/python3.12/site-packages/airflow/example_dags/example_bash_operator.py took 0.175 seconds
[2024-11-14T07:49:43.057+0000] {processor.py:186} INFO - Started process (PID=4668) to work on /home/ubuntu/airflow-venv/lib/python3.12/site-packages/airflow/example_dags/example_bash_operator.py
[2024-11-14T07:49:43.059+0000] {processor.py:914} INFO - Processing file /home/ubuntu/airflow-venv/lib/python3.12/site-packages/airflow/example_dags/example_bash_operator.py for tasks to queue
[2024-11-14T07:49:43.062+0000] {logging_mixin.py:190} INFO - [2024-11-14T07:49:43.062+0000] {dagbag.py:588} INFO - Filling up the DagBag from /home/ubuntu/airflow-venv/lib/python3.12/site-packages/airflow/example_dags/example_bash_operator.py
[2024-11-14T07:49:43.082+0000] {processor.py:925} INFO - DAG(s) 'example_bash_operator' retrieved from /home/ubuntu/airflow-venv/lib/python3.12/site-packages/airflow/example_dags/example_bash_operator.py
[2024-11-14T07:49:43.113+0000] {logging_mixin.py:190} INFO - [2024-11-14T07:49:43.112+0000] {dag.py:3239} INFO - Sync 1 DAGs
[2024-11-14T07:49:43.142+0000] {logging_mixin.py:190} INFO - [2024-11-14T07:49:43.142+0000] {dag.py:4180} INFO - Setting next_dagrun for example_bash_operator to 2024-11-13 00:00:00+00:00, run_after=2024-11-14 00:00:00+00:00
[2024-11-14T07:49:43.171+0000] {processor.py:208} INFO - Processing /home/ubuntu/airflow-venv/lib/python3.12/site-packages/airflow/example_dags/example_bash_operator.py took 0.121 seconds
[2024-11-14T07:50:45.043+0000] {processor.py:186} INFO - Started process (PID=4732) to work on /home/ubuntu/airflow-venv/lib/python3.12/site-packages/airflow/example_dags/example_bash_operator.py
[2024-11-14T07:50:45.045+0000] {processor.py:914} INFO - Processing file /home/ubuntu/airflow-venv/lib/python3.12/site-packages/airflow/example_dags/example_bash_operator.py for tasks to queue
[2024-11-14T07:50:45.047+0000] {logging_mixin.py:190} INFO - [2024-11-14T07:50:45.046+0000] {dagbag.py:588} INFO - Filling up the DagBag from /home/ubuntu/airflow-venv/lib/python3.12/site-packages/airflow/example_dags/example_bash_operator.py
[2024-11-14T07:50:45.061+0000] {processor.py:925} INFO - DAG(s) 'example_bash_operator' retrieved from /home/ubuntu/airflow-venv/lib/python3.12/site-packages/airflow/example_dags/example_bash_operator.py
[2024-11-14T07:50:45.085+0000] {logging_mixin.py:190} INFO - [2024-11-14T07:50:45.085+0000] {dag.py:3239} INFO - Sync 1 DAGs
[2024-11-14T07:50:45.107+0000] {logging_mixin.py:190} INFO - [2024-11-14T07:50:45.107+0000] {dag.py:4180} INFO - Setting next_dagrun for example_bash_operator to 2024-11-13 00:00:00+00:00, run_after=2024-11-14 00:00:00+00:00
[2024-11-14T07:50:45.130+0000] {processor.py:208} INFO - Processing /home/ubuntu/airflow-venv/lib/python3.12/site-packages/airflow/example_dags/example_bash_operator.py took 0.092 seconds
[2024-11-14T07:51:48.899+0000] {processor.py:186} INFO - Started process (PID=4795) to work on /home/ubuntu/airflow-venv/lib/python3.12/site-packages/airflow/example_dags/example_bash_operator.py
[2024-11-14T07:51:48.901+0000] {processor.py:914} INFO - Processing file /home/ubuntu/airflow-venv/lib/python3.12/site-packages/airflow/example_dags/example_bash_operator.py for tasks to queue
[2024-11-14T07:51:48.902+0000] {logging_mixin.py:190} INFO - [2024-11-14T07:51:48.901+0000] {dagbag.py:588} INFO - Filling up the DagBag from /home/ubuntu/airflow-venv/lib/python3.12/site-packages/airflow/example_dags/example_bash_operator.py
[2024-11-14T07:51:48.917+0000] {processor.py:925} INFO - DAG(s) 'example_bash_operator' retrieved from /home/ubuntu/airflow-venv/lib/python3.12/site-packages/airflow/example_dags/example_bash_operator.py
[2024-11-14T07:51:48.941+0000] {logging_mixin.py:190} INFO - [2024-11-14T07:51:48.941+0000] {dag.py:3239} INFO - Sync 1 DAGs
[2024-11-14T07:51:48.963+0000] {logging_mixin.py:190} INFO - [2024-11-14T07:51:48.963+0000] {dag.py:4180} INFO - Setting next_dagrun for example_bash_operator to 2024-11-13 00:00:00+00:00, run_after=2024-11-14 00:00:00+00:00
[2024-11-14T07:51:48.986+0000] {processor.py:208} INFO - Processing /home/ubuntu/airflow-venv/lib/python3.12/site-packages/airflow/example_dags/example_bash_operator.py took 0.092 seconds
[2024-11-14T07:52:47.724+0000] {processor.py:186} INFO - Started process (PID=4855) to work on /home/ubuntu/airflow-venv/lib/python3.12/site-packages/airflow/example_dags/example_bash_operator.py
[2024-11-14T07:52:47.727+0000] {processor.py:914} INFO - Processing file /home/ubuntu/airflow-venv/lib/python3.12/site-packages/airflow/example_dags/example_bash_operator.py for tasks to queue
[2024-11-14T07:52:47.731+0000] {logging_mixin.py:190} INFO - [2024-11-14T07:52:47.729+0000] {dagbag.py:588} INFO - Filling up the DagBag from /home/ubuntu/airflow-venv/lib/python3.12/site-packages/airflow/example_dags/example_bash_operator.py
[2024-11-14T07:52:47.766+0000] {processor.py:925} INFO - DAG(s) 'example_bash_operator' retrieved from /home/ubuntu/airflow-venv/lib/python3.12/site-packages/airflow/example_dags/example_bash_operator.py
[2024-11-14T07:52:47.810+0000] {logging_mixin.py:190} INFO - [2024-11-14T07:52:47.810+0000] {dag.py:3239} INFO - Sync 1 DAGs
[2024-11-14T07:52:47.854+0000] {logging_mixin.py:190} INFO - [2024-11-14T07:52:47.853+0000] {dag.py:4180} INFO - Setting next_dagrun for example_bash_operator to 2024-11-13 00:00:00+00:00, run_after=2024-11-14 00:00:00+00:00
[2024-11-14T07:52:47.899+0000] {processor.py:208} INFO - Processing /home/ubuntu/airflow-venv/lib/python3.12/site-packages/airflow/example_dags/example_bash_operator.py took 0.190 seconds
[2024-11-14T07:54:16.686+0000] {processor.py:186} INFO - Started process (PID=4946) to work on /home/ubuntu/airflow-venv/lib/python3.12/site-packages/airflow/example_dags/example_bash_operator.py
[2024-11-14T07:54:16.687+0000] {processor.py:914} INFO - Processing file /home/ubuntu/airflow-venv/lib/python3.12/site-packages/airflow/example_dags/example_bash_operator.py for tasks to queue
[2024-11-14T07:54:16.689+0000] {logging_mixin.py:190} INFO - [2024-11-14T07:54:16.689+0000] {dagbag.py:588} INFO - Filling up the DagBag from /home/ubuntu/airflow-venv/lib/python3.12/site-packages/airflow/example_dags/example_bash_operator.py
[2024-11-14T07:54:16.706+0000] {processor.py:925} INFO - DAG(s) 'example_bash_operator' retrieved from /home/ubuntu/airflow-venv/lib/python3.12/site-packages/airflow/example_dags/example_bash_operator.py
[2024-11-14T07:54:16.732+0000] {logging_mixin.py:190} INFO - [2024-11-14T07:54:16.732+0000] {dag.py:3239} INFO - Sync 1 DAGs
[2024-11-14T07:54:16.756+0000] {logging_mixin.py:190} INFO - [2024-11-14T07:54:16.756+0000] {dag.py:4180} INFO - Setting next_dagrun for example_bash_operator to 2024-11-13 00:00:00+00:00, run_after=2024-11-14 00:00:00+00:00
[2024-11-14T07:54:16.781+0000] {processor.py:208} INFO - Processing /home/ubuntu/airflow-venv/lib/python3.12/site-packages/airflow/example_dags/example_bash_operator.py took 0.102 seconds
[2024-11-14T07:55:16.862+0000] {processor.py:186} INFO - Started process (PID=5008) to work on /home/ubuntu/airflow-venv/lib/python3.12/site-packages/airflow/example_dags/example_bash_operator.py
[2024-11-14T07:55:16.864+0000] {processor.py:914} INFO - Processing file /home/ubuntu/airflow-venv/lib/python3.12/site-packages/airflow/example_dags/example_bash_operator.py for tasks to queue
[2024-11-14T07:55:16.866+0000] {logging_mixin.py:190} INFO - [2024-11-14T07:55:16.865+0000] {dagbag.py:588} INFO - Filling up the DagBag from /home/ubuntu/airflow-venv/lib/python3.12/site-packages/airflow/example_dags/example_bash_operator.py
[2024-11-14T07:55:16.886+0000] {processor.py:925} INFO - DAG(s) 'example_bash_operator' retrieved from /home/ubuntu/airflow-venv/lib/python3.12/site-packages/airflow/example_dags/example_bash_operator.py
[2024-11-14T07:55:16.916+0000] {logging_mixin.py:190} INFO - [2024-11-14T07:55:16.915+0000] {dag.py:3239} INFO - Sync 1 DAGs
[2024-11-14T07:55:16.944+0000] {logging_mixin.py:190} INFO - [2024-11-14T07:55:16.944+0000] {dag.py:4180} INFO - Setting next_dagrun for example_bash_operator to 2024-11-13 00:00:00+00:00, run_after=2024-11-14 00:00:00+00:00
[2024-11-14T07:55:16.986+0000] {processor.py:208} INFO - Processing /home/ubuntu/airflow-venv/lib/python3.12/site-packages/airflow/example_dags/example_bash_operator.py took 0.132 seconds
[2024-11-14T07:56:18.309+0000] {processor.py:186} INFO - Started process (PID=5069) to work on /home/ubuntu/airflow-venv/lib/python3.12/site-packages/airflow/example_dags/example_bash_operator.py
[2024-11-14T07:56:18.311+0000] {processor.py:914} INFO - Processing file /home/ubuntu/airflow-venv/lib/python3.12/site-packages/airflow/example_dags/example_bash_operator.py for tasks to queue
[2024-11-14T07:56:18.312+0000] {logging_mixin.py:190} INFO - [2024-11-14T07:56:18.312+0000] {dagbag.py:588} INFO - Filling up the DagBag from /home/ubuntu/airflow-venv/lib/python3.12/site-packages/airflow/example_dags/example_bash_operator.py
[2024-11-14T07:56:18.327+0000] {processor.py:925} INFO - DAG(s) 'example_bash_operator' retrieved from /home/ubuntu/airflow-venv/lib/python3.12/site-packages/airflow/example_dags/example_bash_operator.py
[2024-11-14T07:56:18.351+0000] {logging_mixin.py:190} INFO - [2024-11-14T07:56:18.351+0000] {dag.py:3239} INFO - Sync 1 DAGs
[2024-11-14T07:56:18.374+0000] {logging_mixin.py:190} INFO - [2024-11-14T07:56:18.374+0000] {dag.py:4180} INFO - Setting next_dagrun for example_bash_operator to 2024-11-13 00:00:00+00:00, run_after=2024-11-14 00:00:00+00:00
[2024-11-14T07:56:18.399+0000] {processor.py:208} INFO - Processing /home/ubuntu/airflow-venv/lib/python3.12/site-packages/airflow/example_dags/example_bash_operator.py took 0.097 seconds
[2024-11-14T07:57:18.767+0000] {processor.py:186} INFO - Started process (PID=5131) to work on /home/ubuntu/airflow-venv/lib/python3.12/site-packages/airflow/example_dags/example_bash_operator.py
[2024-11-14T07:57:18.769+0000] {processor.py:914} INFO - Processing file /home/ubuntu/airflow-venv/lib/python3.12/site-packages/airflow/example_dags/example_bash_operator.py for tasks to queue
[2024-11-14T07:57:18.771+0000] {logging_mixin.py:190} INFO - [2024-11-14T07:57:18.770+0000] {dagbag.py:588} INFO - Filling up the DagBag from /home/ubuntu/airflow-venv/lib/python3.12/site-packages/airflow/example_dags/example_bash_operator.py
[2024-11-14T07:57:18.789+0000] {processor.py:925} INFO - DAG(s) 'example_bash_operator' retrieved from /home/ubuntu/airflow-venv/lib/python3.12/site-packages/airflow/example_dags/example_bash_operator.py
[2024-11-14T07:57:18.825+0000] {logging_mixin.py:190} INFO - [2024-11-14T07:57:18.824+0000] {dag.py:3239} INFO - Sync 1 DAGs
[2024-11-14T07:57:18.859+0000] {logging_mixin.py:190} INFO - [2024-11-14T07:57:18.859+0000] {dag.py:4180} INFO - Setting next_dagrun for example_bash_operator to 2024-11-13 00:00:00+00:00, run_after=2024-11-14 00:00:00+00:00
[2024-11-14T07:57:18.883+0000] {processor.py:208} INFO - Processing /home/ubuntu/airflow-venv/lib/python3.12/site-packages/airflow/example_dags/example_bash_operator.py took 0.122 seconds
[2024-11-14T07:58:18.444+0000] {processor.py:186} INFO - Started process (PID=5192) to work on /home/ubuntu/airflow-venv/lib/python3.12/site-packages/airflow/example_dags/example_bash_operator.py
[2024-11-14T07:58:18.446+0000] {processor.py:914} INFO - Processing file /home/ubuntu/airflow-venv/lib/python3.12/site-packages/airflow/example_dags/example_bash_operator.py for tasks to queue
[2024-11-14T07:58:18.447+0000] {logging_mixin.py:190} INFO - [2024-11-14T07:58:18.447+0000] {dagbag.py:588} INFO - Filling up the DagBag from /home/ubuntu/airflow-venv/lib/python3.12/site-packages/airflow/example_dags/example_bash_operator.py
[2024-11-14T07:58:18.469+0000] {processor.py:925} INFO - DAG(s) 'example_bash_operator' retrieved from /home/ubuntu/airflow-venv/lib/python3.12/site-packages/airflow/example_dags/example_bash_operator.py
[2024-11-14T07:58:18.511+0000] {logging_mixin.py:190} INFO - [2024-11-14T07:58:18.511+0000] {dag.py:3239} INFO - Sync 1 DAGs
[2024-11-14T07:58:18.559+0000] {logging_mixin.py:190} INFO - [2024-11-14T07:58:18.559+0000] {dag.py:4180} INFO - Setting next_dagrun for example_bash_operator to 2024-11-13 00:00:00+00:00, run_after=2024-11-14 00:00:00+00:00
[2024-11-14T07:58:18.585+0000] {processor.py:208} INFO - Processing /home/ubuntu/airflow-venv/lib/python3.12/site-packages/airflow/example_dags/example_bash_operator.py took 0.150 seconds
[2024-11-14T07:59:18.273+0000] {processor.py:186} INFO - Started process (PID=5251) to work on /home/ubuntu/airflow-venv/lib/python3.12/site-packages/airflow/example_dags/example_bash_operator.py
[2024-11-14T07:59:18.275+0000] {processor.py:914} INFO - Processing file /home/ubuntu/airflow-venv/lib/python3.12/site-packages/airflow/example_dags/example_bash_operator.py for tasks to queue
[2024-11-14T07:59:18.277+0000] {logging_mixin.py:190} INFO - [2024-11-14T07:59:18.276+0000] {dagbag.py:588} INFO - Filling up the DagBag from /home/ubuntu/airflow-venv/lib/python3.12/site-packages/airflow/example_dags/example_bash_operator.py
[2024-11-14T07:59:18.297+0000] {processor.py:925} INFO - DAG(s) 'example_bash_operator' retrieved from /home/ubuntu/airflow-venv/lib/python3.12/site-packages/airflow/example_dags/example_bash_operator.py
[2024-11-14T07:59:18.333+0000] {logging_mixin.py:190} INFO - [2024-11-14T07:59:18.332+0000] {dag.py:3239} INFO - Sync 1 DAGs
[2024-11-14T07:59:18.376+0000] {logging_mixin.py:190} INFO - [2024-11-14T07:59:18.375+0000] {dag.py:4180} INFO - Setting next_dagrun for example_bash_operator to 2024-11-13 00:00:00+00:00, run_after=2024-11-14 00:00:00+00:00
[2024-11-14T07:59:18.428+0000] {processor.py:208} INFO - Processing /home/ubuntu/airflow-venv/lib/python3.12/site-packages/airflow/example_dags/example_bash_operator.py took 0.163 seconds
[2024-11-14T08:00:19.230+0000] {processor.py:186} INFO - Started process (PID=5314) to work on /home/ubuntu/airflow-venv/lib/python3.12/site-packages/airflow/example_dags/example_bash_operator.py
[2024-11-14T08:00:19.232+0000] {processor.py:914} INFO - Processing file /home/ubuntu/airflow-venv/lib/python3.12/site-packages/airflow/example_dags/example_bash_operator.py for tasks to queue
[2024-11-14T08:00:19.233+0000] {logging_mixin.py:190} INFO - [2024-11-14T08:00:19.232+0000] {dagbag.py:588} INFO - Filling up the DagBag from /home/ubuntu/airflow-venv/lib/python3.12/site-packages/airflow/example_dags/example_bash_operator.py
[2024-11-14T08:00:19.248+0000] {processor.py:925} INFO - DAG(s) 'example_bash_operator' retrieved from /home/ubuntu/airflow-venv/lib/python3.12/site-packages/airflow/example_dags/example_bash_operator.py
[2024-11-14T08:00:19.271+0000] {logging_mixin.py:190} INFO - [2024-11-14T08:00:19.271+0000] {dag.py:3239} INFO - Sync 1 DAGs
[2024-11-14T08:00:19.292+0000] {logging_mixin.py:190} INFO - [2024-11-14T08:00:19.292+0000] {dag.py:4180} INFO - Setting next_dagrun for example_bash_operator to 2024-11-13 00:00:00+00:00, run_after=2024-11-14 00:00:00+00:00
[2024-11-14T08:00:19.314+0000] {processor.py:208} INFO - Processing /home/ubuntu/airflow-venv/lib/python3.12/site-packages/airflow/example_dags/example_bash_operator.py took 0.090 seconds
[2024-11-14T08:01:18.088+0000] {processor.py:186} INFO - Started process (PID=5378) to work on /home/ubuntu/airflow-venv/lib/python3.12/site-packages/airflow/example_dags/example_bash_operator.py
[2024-11-14T08:01:18.091+0000] {processor.py:914} INFO - Processing file /home/ubuntu/airflow-venv/lib/python3.12/site-packages/airflow/example_dags/example_bash_operator.py for tasks to queue
[2024-11-14T08:01:18.093+0000] {logging_mixin.py:190} INFO - [2024-11-14T08:01:18.093+0000] {dagbag.py:588} INFO - Filling up the DagBag from /home/ubuntu/airflow-venv/lib/python3.12/site-packages/airflow/example_dags/example_bash_operator.py
[2024-11-14T08:01:18.125+0000] {processor.py:925} INFO - DAG(s) 'example_bash_operator' retrieved from /home/ubuntu/airflow-venv/lib/python3.12/site-packages/airflow/example_dags/example_bash_operator.py
[2024-11-14T08:01:18.159+0000] {logging_mixin.py:190} INFO - [2024-11-14T08:01:18.159+0000] {dag.py:3239} INFO - Sync 1 DAGs
[2024-11-14T08:01:18.186+0000] {logging_mixin.py:190} INFO - [2024-11-14T08:01:18.186+0000] {dag.py:4180} INFO - Setting next_dagrun for example_bash_operator to 2024-11-13 00:00:00+00:00, run_after=2024-11-14 00:00:00+00:00
[2024-11-14T08:01:18.212+0000] {processor.py:208} INFO - Processing /home/ubuntu/airflow-venv/lib/python3.12/site-packages/airflow/example_dags/example_bash_operator.py took 0.139 seconds
[2024-11-14T08:02:18.292+0000] {processor.py:186} INFO - Started process (PID=5438) to work on /home/ubuntu/airflow-venv/lib/python3.12/site-packages/airflow/example_dags/example_bash_operator.py
[2024-11-14T08:02:18.294+0000] {processor.py:914} INFO - Processing file /home/ubuntu/airflow-venv/lib/python3.12/site-packages/airflow/example_dags/example_bash_operator.py for tasks to queue
[2024-11-14T08:02:18.295+0000] {logging_mixin.py:190} INFO - [2024-11-14T08:02:18.295+0000] {dagbag.py:588} INFO - Filling up the DagBag from /home/ubuntu/airflow-venv/lib/python3.12/site-packages/airflow/example_dags/example_bash_operator.py
[2024-11-14T08:02:18.311+0000] {processor.py:925} INFO - DAG(s) 'example_bash_operator' retrieved from /home/ubuntu/airflow-venv/lib/python3.12/site-packages/airflow/example_dags/example_bash_operator.py
[2024-11-14T08:02:18.336+0000] {logging_mixin.py:190} INFO - [2024-11-14T08:02:18.335+0000] {dag.py:3239} INFO - Sync 1 DAGs
[2024-11-14T08:02:18.357+0000] {logging_mixin.py:190} INFO - [2024-11-14T08:02:18.357+0000] {dag.py:4180} INFO - Setting next_dagrun for example_bash_operator to 2024-11-13 00:00:00+00:00, run_after=2024-11-14 00:00:00+00:00
[2024-11-14T08:02:18.379+0000] {processor.py:208} INFO - Processing /home/ubuntu/airflow-venv/lib/python3.12/site-packages/airflow/example_dags/example_bash_operator.py took 0.095 seconds
