[2024-11-14T07:41:21.194+0000] {processor.py:186} INFO - Started process (PID=3721) to work on /home/ubuntu/airflow-venv/lib/python3.12/site-packages/airflow/example_dags/example_dataset_alias.py
[2024-11-14T07:41:21.195+0000] {processor.py:914} INFO - Processing file /home/ubuntu/airflow-venv/lib/python3.12/site-packages/airflow/example_dags/example_dataset_alias.py for tasks to queue
[2024-11-14T07:41:21.197+0000] {logging_mixin.py:190} INFO - [2024-11-14T07:41:21.197+0000] {dagbag.py:588} INFO - Filling up the DagBag from /home/ubuntu/airflow-venv/lib/python3.12/site-packages/airflow/example_dags/example_dataset_alias.py
[2024-11-14T07:41:21.228+0000] {processor.py:925} INFO - DAG(s) 'dataset_alias_example_alias_producer', 'dataset_s3_bucket_producer', 'dataset_alias_example_alias_consumer', 'dataset_s3_bucket_consumer' retrieved from /home/ubuntu/airflow-venv/lib/python3.12/site-packages/airflow/example_dags/example_dataset_alias.py
[2024-11-14T07:41:21.379+0000] {logging_mixin.py:190} INFO - [2024-11-14T07:41:21.378+0000] {override.py:1911} INFO - Created Permission View: can delete on DAG:dataset_alias_example_alias_producer
[2024-11-14T07:41:21.399+0000] {logging_mixin.py:190} INFO - [2024-11-14T07:41:21.398+0000] {override.py:1911} INFO - Created Permission View: can read on DAG:dataset_alias_example_alias_producer
[2024-11-14T07:41:21.417+0000] {logging_mixin.py:190} INFO - [2024-11-14T07:41:21.416+0000] {override.py:1911} INFO - Created Permission View: can edit on DAG:dataset_alias_example_alias_producer
[2024-11-14T07:41:21.436+0000] {logging_mixin.py:190} INFO - [2024-11-14T07:41:21.435+0000] {override.py:1911} INFO - Created Permission View: can delete on DAG Run:dataset_alias_example_alias_producer
[2024-11-14T07:41:21.448+0000] {logging_mixin.py:190} INFO - [2024-11-14T07:41:21.447+0000] {override.py:1911} INFO - Created Permission View: can create on DAG Run:dataset_alias_example_alias_producer
[2024-11-14T07:41:21.461+0000] {logging_mixin.py:190} INFO - [2024-11-14T07:41:21.461+0000] {override.py:1911} INFO - Created Permission View: can read on DAG Run:dataset_alias_example_alias_producer
[2024-11-14T07:41:21.484+0000] {logging_mixin.py:190} INFO - [2024-11-14T07:41:21.483+0000] {override.py:1911} INFO - Created Permission View: menu access on DAG Run:dataset_alias_example_alias_producer
[2024-11-14T07:41:21.516+0000] {logging_mixin.py:190} INFO - [2024-11-14T07:41:21.515+0000] {override.py:1911} INFO - Created Permission View: can delete on DAG:dataset_s3_bucket_producer
[2024-11-14T07:41:21.526+0000] {logging_mixin.py:190} INFO - [2024-11-14T07:41:21.526+0000] {override.py:1911} INFO - Created Permission View: can read on DAG:dataset_s3_bucket_producer
[2024-11-14T07:41:21.542+0000] {logging_mixin.py:190} INFO - [2024-11-14T07:41:21.541+0000] {override.py:1911} INFO - Created Permission View: can edit on DAG:dataset_s3_bucket_producer
[2024-11-14T07:41:21.566+0000] {logging_mixin.py:190} INFO - [2024-11-14T07:41:21.565+0000] {override.py:1911} INFO - Created Permission View: can delete on DAG Run:dataset_s3_bucket_producer
[2024-11-14T07:41:21.584+0000] {logging_mixin.py:190} INFO - [2024-11-14T07:41:21.582+0000] {override.py:1911} INFO - Created Permission View: can create on DAG Run:dataset_s3_bucket_producer
[2024-11-14T07:41:21.598+0000] {logging_mixin.py:190} INFO - [2024-11-14T07:41:21.598+0000] {override.py:1911} INFO - Created Permission View: can read on DAG Run:dataset_s3_bucket_producer
[2024-11-14T07:41:21.610+0000] {logging_mixin.py:190} INFO - [2024-11-14T07:41:21.610+0000] {override.py:1911} INFO - Created Permission View: menu access on DAG Run:dataset_s3_bucket_producer
[2024-11-14T07:41:21.650+0000] {logging_mixin.py:190} INFO - [2024-11-14T07:41:21.649+0000] {override.py:1911} INFO - Created Permission View: can delete on DAG:dataset_alias_example_alias_consumer
[2024-11-14T07:41:21.661+0000] {logging_mixin.py:190} INFO - [2024-11-14T07:41:21.661+0000] {override.py:1911} INFO - Created Permission View: can read on DAG:dataset_alias_example_alias_consumer
[2024-11-14T07:41:21.673+0000] {logging_mixin.py:190} INFO - [2024-11-14T07:41:21.673+0000] {override.py:1911} INFO - Created Permission View: can edit on DAG:dataset_alias_example_alias_consumer
[2024-11-14T07:41:21.692+0000] {logging_mixin.py:190} INFO - [2024-11-14T07:41:21.691+0000] {override.py:1911} INFO - Created Permission View: can delete on DAG Run:dataset_alias_example_alias_consumer
[2024-11-14T07:41:21.704+0000] {logging_mixin.py:190} INFO - [2024-11-14T07:41:21.703+0000] {override.py:1911} INFO - Created Permission View: can create on DAG Run:dataset_alias_example_alias_consumer
[2024-11-14T07:41:21.729+0000] {logging_mixin.py:190} INFO - [2024-11-14T07:41:21.728+0000] {override.py:1911} INFO - Created Permission View: can read on DAG Run:dataset_alias_example_alias_consumer
[2024-11-14T07:41:21.751+0000] {logging_mixin.py:190} INFO - [2024-11-14T07:41:21.751+0000] {override.py:1911} INFO - Created Permission View: menu access on DAG Run:dataset_alias_example_alias_consumer
[2024-11-14T07:41:21.781+0000] {logging_mixin.py:190} INFO - [2024-11-14T07:41:21.780+0000] {override.py:1911} INFO - Created Permission View: can delete on DAG:dataset_s3_bucket_consumer
[2024-11-14T07:41:21.792+0000] {logging_mixin.py:190} INFO - [2024-11-14T07:41:21.791+0000] {override.py:1911} INFO - Created Permission View: can read on DAG:dataset_s3_bucket_consumer
[2024-11-14T07:41:21.803+0000] {logging_mixin.py:190} INFO - [2024-11-14T07:41:21.803+0000] {override.py:1911} INFO - Created Permission View: can edit on DAG:dataset_s3_bucket_consumer
[2024-11-14T07:41:21.821+0000] {logging_mixin.py:190} INFO - [2024-11-14T07:41:21.820+0000] {override.py:1911} INFO - Created Permission View: can delete on DAG Run:dataset_s3_bucket_consumer
[2024-11-14T07:41:21.832+0000] {logging_mixin.py:190} INFO - [2024-11-14T07:41:21.831+0000] {override.py:1911} INFO - Created Permission View: can create on DAG Run:dataset_s3_bucket_consumer
[2024-11-14T07:41:21.842+0000] {logging_mixin.py:190} INFO - [2024-11-14T07:41:21.841+0000] {override.py:1911} INFO - Created Permission View: can read on DAG Run:dataset_s3_bucket_consumer
[2024-11-14T07:41:21.852+0000] {logging_mixin.py:190} INFO - [2024-11-14T07:41:21.851+0000] {override.py:1911} INFO - Created Permission View: menu access on DAG Run:dataset_s3_bucket_consumer
[2024-11-14T07:41:21.852+0000] {logging_mixin.py:190} INFO - [2024-11-14T07:41:21.852+0000] {dag.py:3239} INFO - Sync 4 DAGs
[2024-11-14T07:41:21.868+0000] {logging_mixin.py:190} INFO - [2024-11-14T07:41:21.868+0000] {dag.py:3262} INFO - Creating ORM DAG for dataset_s3_bucket_producer
[2024-11-14T07:41:21.869+0000] {logging_mixin.py:190} INFO - [2024-11-14T07:41:21.869+0000] {dag.py:3262} INFO - Creating ORM DAG for dataset_s3_bucket_consumer
[2024-11-14T07:41:21.870+0000] {logging_mixin.py:190} INFO - [2024-11-14T07:41:21.870+0000] {dag.py:3262} INFO - Creating ORM DAG for dataset_alias_example_alias_producer
[2024-11-14T07:41:21.870+0000] {logging_mixin.py:190} INFO - [2024-11-14T07:41:21.870+0000] {dag.py:3262} INFO - Creating ORM DAG for dataset_alias_example_alias_consumer
[2024-11-14T07:41:21.880+0000] {logging_mixin.py:190} INFO - [2024-11-14T07:41:21.879+0000] {dag.py:4180} INFO - Setting next_dagrun for dataset_alias_example_alias_consumer to None, run_after=None
[2024-11-14T07:41:21.881+0000] {logging_mixin.py:190} INFO - [2024-11-14T07:41:21.880+0000] {dag.py:4180} INFO - Setting next_dagrun for dataset_alias_example_alias_producer to None, run_after=None
[2024-11-14T07:41:21.881+0000] {logging_mixin.py:190} INFO - [2024-11-14T07:41:21.881+0000] {dag.py:4180} INFO - Setting next_dagrun for dataset_s3_bucket_consumer to None, run_after=None
[2024-11-14T07:41:21.882+0000] {logging_mixin.py:190} INFO - [2024-11-14T07:41:21.882+0000] {dag.py:4180} INFO - Setting next_dagrun for dataset_s3_bucket_producer to None, run_after=None
[2024-11-14T07:41:21.914+0000] {processor.py:208} INFO - Processing /home/ubuntu/airflow-venv/lib/python3.12/site-packages/airflow/example_dags/example_dataset_alias.py took 0.729 seconds
[2024-11-14T07:42:28.189+0000] {processor.py:186} INFO - Started process (PID=3784) to work on /home/ubuntu/airflow-venv/lib/python3.12/site-packages/airflow/example_dags/example_dataset_alias.py
[2024-11-14T07:42:28.191+0000] {processor.py:914} INFO - Processing file /home/ubuntu/airflow-venv/lib/python3.12/site-packages/airflow/example_dags/example_dataset_alias.py for tasks to queue
[2024-11-14T07:42:28.193+0000] {logging_mixin.py:190} INFO - [2024-11-14T07:42:28.193+0000] {dagbag.py:588} INFO - Filling up the DagBag from /home/ubuntu/airflow-venv/lib/python3.12/site-packages/airflow/example_dags/example_dataset_alias.py
[2024-11-14T07:42:28.223+0000] {processor.py:925} INFO - DAG(s) 'dataset_alias_example_alias_producer', 'dataset_alias_example_alias_consumer', 'dataset_s3_bucket_consumer', 'dataset_s3_bucket_producer' retrieved from /home/ubuntu/airflow-venv/lib/python3.12/site-packages/airflow/example_dags/example_dataset_alias.py
[2024-11-14T07:42:28.244+0000] {logging_mixin.py:190} INFO - [2024-11-14T07:42:28.244+0000] {dag.py:3239} INFO - Sync 4 DAGs
[2024-11-14T07:42:28.274+0000] {logging_mixin.py:190} INFO - [2024-11-14T07:42:28.274+0000] {dag.py:4180} INFO - Setting next_dagrun for dataset_alias_example_alias_consumer to None, run_after=None
[2024-11-14T07:42:28.277+0000] {logging_mixin.py:190} INFO - [2024-11-14T07:42:28.277+0000] {dag.py:4180} INFO - Setting next_dagrun for dataset_alias_example_alias_producer to None, run_after=None
[2024-11-14T07:42:28.278+0000] {logging_mixin.py:190} INFO - [2024-11-14T07:42:28.278+0000] {dag.py:4180} INFO - Setting next_dagrun for dataset_s3_bucket_consumer to None, run_after=None
[2024-11-14T07:42:28.279+0000] {logging_mixin.py:190} INFO - [2024-11-14T07:42:28.278+0000] {dag.py:4180} INFO - Setting next_dagrun for dataset_s3_bucket_producer to None, run_after=None
[2024-11-14T07:42:28.304+0000] {processor.py:208} INFO - Processing /home/ubuntu/airflow-venv/lib/python3.12/site-packages/airflow/example_dags/example_dataset_alias.py took 0.120 seconds
[2024-11-14T07:43:24.683+0000] {processor.py:186} INFO - Started process (PID=3842) to work on /home/ubuntu/airflow-venv/lib/python3.12/site-packages/airflow/example_dags/example_dataset_alias.py
[2024-11-14T07:43:24.684+0000] {processor.py:914} INFO - Processing file /home/ubuntu/airflow-venv/lib/python3.12/site-packages/airflow/example_dags/example_dataset_alias.py for tasks to queue
[2024-11-14T07:43:24.686+0000] {logging_mixin.py:190} INFO - [2024-11-14T07:43:24.686+0000] {dagbag.py:588} INFO - Filling up the DagBag from /home/ubuntu/airflow-venv/lib/python3.12/site-packages/airflow/example_dags/example_dataset_alias.py
[2024-11-14T07:43:24.713+0000] {processor.py:925} INFO - DAG(s) 'dataset_s3_bucket_consumer', 'dataset_alias_example_alias_producer', 'dataset_alias_example_alias_consumer', 'dataset_s3_bucket_producer' retrieved from /home/ubuntu/airflow-venv/lib/python3.12/site-packages/airflow/example_dags/example_dataset_alias.py
[2024-11-14T07:43:24.735+0000] {logging_mixin.py:190} INFO - [2024-11-14T07:43:24.734+0000] {dag.py:3239} INFO - Sync 4 DAGs
[2024-11-14T07:43:24.754+0000] {logging_mixin.py:190} INFO - [2024-11-14T07:43:24.754+0000] {dag.py:4180} INFO - Setting next_dagrun for dataset_alias_example_alias_consumer to None, run_after=None
[2024-11-14T07:43:24.756+0000] {logging_mixin.py:190} INFO - [2024-11-14T07:43:24.756+0000] {dag.py:4180} INFO - Setting next_dagrun for dataset_alias_example_alias_producer to None, run_after=None
[2024-11-14T07:43:24.757+0000] {logging_mixin.py:190} INFO - [2024-11-14T07:43:24.757+0000] {dag.py:4180} INFO - Setting next_dagrun for dataset_s3_bucket_consumer to None, run_after=None
[2024-11-14T07:43:24.758+0000] {logging_mixin.py:190} INFO - [2024-11-14T07:43:24.758+0000] {dag.py:4180} INFO - Setting next_dagrun for dataset_s3_bucket_producer to None, run_after=None
[2024-11-14T07:43:24.789+0000] {processor.py:208} INFO - Processing /home/ubuntu/airflow-venv/lib/python3.12/site-packages/airflow/example_dags/example_dataset_alias.py took 0.113 seconds
[2024-11-14T07:44:22.863+0000] {processor.py:186} INFO - Started process (PID=3899) to work on /home/ubuntu/airflow-venv/lib/python3.12/site-packages/airflow/example_dags/example_dataset_alias.py
[2024-11-14T07:44:22.866+0000] {processor.py:914} INFO - Processing file /home/ubuntu/airflow-venv/lib/python3.12/site-packages/airflow/example_dags/example_dataset_alias.py for tasks to queue
[2024-11-14T07:44:22.869+0000] {logging_mixin.py:190} INFO - [2024-11-14T07:44:22.868+0000] {dagbag.py:588} INFO - Filling up the DagBag from /home/ubuntu/airflow-venv/lib/python3.12/site-packages/airflow/example_dags/example_dataset_alias.py
[2024-11-14T07:44:22.898+0000] {processor.py:925} INFO - DAG(s) 'dataset_s3_bucket_producer', 'dataset_alias_example_alias_producer', 'dataset_s3_bucket_consumer', 'dataset_alias_example_alias_consumer' retrieved from /home/ubuntu/airflow-venv/lib/python3.12/site-packages/airflow/example_dags/example_dataset_alias.py
[2024-11-14T07:44:22.924+0000] {logging_mixin.py:190} INFO - [2024-11-14T07:44:22.924+0000] {dag.py:3239} INFO - Sync 4 DAGs
[2024-11-14T07:44:22.944+0000] {logging_mixin.py:190} INFO - [2024-11-14T07:44:22.944+0000] {dag.py:4180} INFO - Setting next_dagrun for dataset_alias_example_alias_consumer to None, run_after=None
[2024-11-14T07:44:22.946+0000] {logging_mixin.py:190} INFO - [2024-11-14T07:44:22.946+0000] {dag.py:4180} INFO - Setting next_dagrun for dataset_alias_example_alias_producer to None, run_after=None
[2024-11-14T07:44:22.948+0000] {logging_mixin.py:190} INFO - [2024-11-14T07:44:22.947+0000] {dag.py:4180} INFO - Setting next_dagrun for dataset_s3_bucket_consumer to None, run_after=None
[2024-11-14T07:44:22.949+0000] {logging_mixin.py:190} INFO - [2024-11-14T07:44:22.948+0000] {dag.py:4180} INFO - Setting next_dagrun for dataset_s3_bucket_producer to None, run_after=None
[2024-11-14T07:44:22.974+0000] {processor.py:208} INFO - Processing /home/ubuntu/airflow-venv/lib/python3.12/site-packages/airflow/example_dags/example_dataset_alias.py took 0.118 seconds
[2024-11-14T07:45:20.918+0000] {processor.py:186} INFO - Started process (PID=3959) to work on /home/ubuntu/airflow-venv/lib/python3.12/site-packages/airflow/example_dags/example_dataset_alias.py
[2024-11-14T07:45:20.919+0000] {processor.py:914} INFO - Processing file /home/ubuntu/airflow-venv/lib/python3.12/site-packages/airflow/example_dags/example_dataset_alias.py for tasks to queue
[2024-11-14T07:45:20.922+0000] {logging_mixin.py:190} INFO - [2024-11-14T07:45:20.921+0000] {dagbag.py:588} INFO - Filling up the DagBag from /home/ubuntu/airflow-venv/lib/python3.12/site-packages/airflow/example_dags/example_dataset_alias.py
[2024-11-14T07:45:20.947+0000] {processor.py:925} INFO - DAG(s) 'dataset_alias_example_alias_consumer', 'dataset_s3_bucket_consumer', 'dataset_alias_example_alias_producer', 'dataset_s3_bucket_producer' retrieved from /home/ubuntu/airflow-venv/lib/python3.12/site-packages/airflow/example_dags/example_dataset_alias.py
[2024-11-14T07:45:20.968+0000] {logging_mixin.py:190} INFO - [2024-11-14T07:45:20.967+0000] {dag.py:3239} INFO - Sync 4 DAGs
[2024-11-14T07:45:20.986+0000] {logging_mixin.py:190} INFO - [2024-11-14T07:45:20.986+0000] {dag.py:4180} INFO - Setting next_dagrun for dataset_alias_example_alias_consumer to None, run_after=None
[2024-11-14T07:45:20.989+0000] {logging_mixin.py:190} INFO - [2024-11-14T07:45:20.988+0000] {dag.py:4180} INFO - Setting next_dagrun for dataset_alias_example_alias_producer to None, run_after=None
[2024-11-14T07:45:20.990+0000] {logging_mixin.py:190} INFO - [2024-11-14T07:45:20.989+0000] {dag.py:4180} INFO - Setting next_dagrun for dataset_s3_bucket_consumer to None, run_after=None
[2024-11-14T07:45:20.991+0000] {logging_mixin.py:190} INFO - [2024-11-14T07:45:20.990+0000] {dag.py:4180} INFO - Setting next_dagrun for dataset_s3_bucket_producer to None, run_after=None
[2024-11-14T07:45:21.032+0000] {processor.py:208} INFO - Processing /home/ubuntu/airflow-venv/lib/python3.12/site-packages/airflow/example_dags/example_dataset_alias.py took 0.120 seconds
[2024-11-14T07:46:39.942+0000] {processor.py:186} INFO - Started process (PID=4047) to work on /home/ubuntu/airflow-venv/lib/python3.12/site-packages/airflow/example_dags/example_dataset_alias.py
[2024-11-14T07:46:39.944+0000] {processor.py:914} INFO - Processing file /home/ubuntu/airflow-venv/lib/python3.12/site-packages/airflow/example_dags/example_dataset_alias.py for tasks to queue
[2024-11-14T07:46:39.946+0000] {logging_mixin.py:190} INFO - [2024-11-14T07:46:39.946+0000] {dagbag.py:588} INFO - Filling up the DagBag from /home/ubuntu/airflow-venv/lib/python3.12/site-packages/airflow/example_dags/example_dataset_alias.py
[2024-11-14T07:46:39.972+0000] {processor.py:925} INFO - DAG(s) 'dataset_alias_example_alias_producer', 'dataset_alias_example_alias_consumer', 'dataset_s3_bucket_producer', 'dataset_s3_bucket_consumer' retrieved from /home/ubuntu/airflow-venv/lib/python3.12/site-packages/airflow/example_dags/example_dataset_alias.py
[2024-11-14T07:46:39.996+0000] {logging_mixin.py:190} INFO - [2024-11-14T07:46:39.995+0000] {dag.py:3239} INFO - Sync 4 DAGs
[2024-11-14T07:46:40.015+0000] {logging_mixin.py:190} INFO - [2024-11-14T07:46:40.015+0000] {dag.py:4180} INFO - Setting next_dagrun for dataset_alias_example_alias_consumer to None, run_after=None
[2024-11-14T07:46:40.017+0000] {logging_mixin.py:190} INFO - [2024-11-14T07:46:40.017+0000] {dag.py:4180} INFO - Setting next_dagrun for dataset_alias_example_alias_producer to None, run_after=None
[2024-11-14T07:46:40.019+0000] {logging_mixin.py:190} INFO - [2024-11-14T07:46:40.018+0000] {dag.py:4180} INFO - Setting next_dagrun for dataset_s3_bucket_consumer to None, run_after=None
[2024-11-14T07:46:40.019+0000] {logging_mixin.py:190} INFO - [2024-11-14T07:46:40.019+0000] {dag.py:4180} INFO - Setting next_dagrun for dataset_s3_bucket_producer to None, run_after=None
[2024-11-14T07:46:40.045+0000] {processor.py:208} INFO - Processing /home/ubuntu/airflow-venv/lib/python3.12/site-packages/airflow/example_dags/example_dataset_alias.py took 0.108 seconds
[2024-11-14T07:48:05.381+0000] {processor.py:186} INFO - Started process (PID=4332) to work on /home/ubuntu/airflow-venv/lib/python3.12/site-packages/airflow/example_dags/example_dataset_alias.py
[2024-11-14T07:48:05.386+0000] {processor.py:914} INFO - Processing file /home/ubuntu/airflow-venv/lib/python3.12/site-packages/airflow/example_dags/example_dataset_alias.py for tasks to queue
[2024-11-14T07:48:05.396+0000] {logging_mixin.py:190} INFO - [2024-11-14T07:48:05.392+0000] {dagbag.py:588} INFO - Filling up the DagBag from /home/ubuntu/airflow-venv/lib/python3.12/site-packages/airflow/example_dags/example_dataset_alias.py
[2024-11-14T07:48:05.462+0000] {processor.py:925} INFO - DAG(s) 'dataset_alias_example_alias_consumer', 'dataset_s3_bucket_consumer', 'dataset_alias_example_alias_producer', 'dataset_s3_bucket_producer' retrieved from /home/ubuntu/airflow-venv/lib/python3.12/site-packages/airflow/example_dags/example_dataset_alias.py
[2024-11-14T07:48:05.506+0000] {logging_mixin.py:190} INFO - [2024-11-14T07:48:05.505+0000] {dag.py:3239} INFO - Sync 4 DAGs
[2024-11-14T07:48:05.544+0000] {logging_mixin.py:190} INFO - [2024-11-14T07:48:05.544+0000] {dag.py:4180} INFO - Setting next_dagrun for dataset_alias_example_alias_consumer to None, run_after=None
[2024-11-14T07:48:05.550+0000] {logging_mixin.py:190} INFO - [2024-11-14T07:48:05.549+0000] {dag.py:4180} INFO - Setting next_dagrun for dataset_alias_example_alias_producer to None, run_after=None
[2024-11-14T07:48:05.551+0000] {logging_mixin.py:190} INFO - [2024-11-14T07:48:05.551+0000] {dag.py:4180} INFO - Setting next_dagrun for dataset_s3_bucket_consumer to None, run_after=None
[2024-11-14T07:48:05.553+0000] {logging_mixin.py:190} INFO - [2024-11-14T07:48:05.552+0000] {dag.py:4180} INFO - Setting next_dagrun for dataset_s3_bucket_producer to None, run_after=None
[2024-11-14T07:48:05.600+0000] {processor.py:208} INFO - Processing /home/ubuntu/airflow-venv/lib/python3.12/site-packages/airflow/example_dags/example_dataset_alias.py took 0.239 seconds
[2024-11-14T07:49:10.804+0000] {processor.py:186} INFO - Started process (PID=4636) to work on /home/ubuntu/airflow-venv/lib/python3.12/site-packages/airflow/example_dags/example_dataset_alias.py
[2024-11-14T07:49:10.808+0000] {processor.py:914} INFO - Processing file /home/ubuntu/airflow-venv/lib/python3.12/site-packages/airflow/example_dags/example_dataset_alias.py for tasks to queue
[2024-11-14T07:49:10.814+0000] {logging_mixin.py:190} INFO - [2024-11-14T07:49:10.814+0000] {dagbag.py:588} INFO - Filling up the DagBag from /home/ubuntu/airflow-venv/lib/python3.12/site-packages/airflow/example_dags/example_dataset_alias.py
[2024-11-14T07:49:10.868+0000] {processor.py:925} INFO - DAG(s) 'dataset_alias_example_alias_producer', 'dataset_s3_bucket_producer', 'dataset_s3_bucket_consumer', 'dataset_alias_example_alias_consumer' retrieved from /home/ubuntu/airflow-venv/lib/python3.12/site-packages/airflow/example_dags/example_dataset_alias.py
[2024-11-14T07:49:10.901+0000] {logging_mixin.py:190} INFO - [2024-11-14T07:49:10.901+0000] {dag.py:3239} INFO - Sync 4 DAGs
[2024-11-14T07:49:10.921+0000] {logging_mixin.py:190} INFO - [2024-11-14T07:49:10.921+0000] {dag.py:4180} INFO - Setting next_dagrun for dataset_alias_example_alias_consumer to None, run_after=None
[2024-11-14T07:49:10.923+0000] {logging_mixin.py:190} INFO - [2024-11-14T07:49:10.923+0000] {dag.py:4180} INFO - Setting next_dagrun for dataset_alias_example_alias_producer to None, run_after=None
[2024-11-14T07:49:10.924+0000] {logging_mixin.py:190} INFO - [2024-11-14T07:49:10.924+0000] {dag.py:4180} INFO - Setting next_dagrun for dataset_s3_bucket_consumer to None, run_after=None
[2024-11-14T07:49:10.925+0000] {logging_mixin.py:190} INFO - [2024-11-14T07:49:10.925+0000] {dag.py:4180} INFO - Setting next_dagrun for dataset_s3_bucket_producer to None, run_after=None
[2024-11-14T07:49:10.949+0000] {processor.py:208} INFO - Processing /home/ubuntu/airflow-venv/lib/python3.12/site-packages/airflow/example_dags/example_dataset_alias.py took 0.158 seconds
[2024-11-14T07:50:11.910+0000] {processor.py:186} INFO - Started process (PID=4696) to work on /home/ubuntu/airflow-venv/lib/python3.12/site-packages/airflow/example_dags/example_dataset_alias.py
[2024-11-14T07:50:11.912+0000] {processor.py:914} INFO - Processing file /home/ubuntu/airflow-venv/lib/python3.12/site-packages/airflow/example_dags/example_dataset_alias.py for tasks to queue
[2024-11-14T07:50:11.914+0000] {logging_mixin.py:190} INFO - [2024-11-14T07:50:11.914+0000] {dagbag.py:588} INFO - Filling up the DagBag from /home/ubuntu/airflow-venv/lib/python3.12/site-packages/airflow/example_dags/example_dataset_alias.py
[2024-11-14T07:50:11.950+0000] {processor.py:925} INFO - DAG(s) 'dataset_alias_example_alias_consumer', 'dataset_alias_example_alias_producer', 'dataset_s3_bucket_consumer', 'dataset_s3_bucket_producer' retrieved from /home/ubuntu/airflow-venv/lib/python3.12/site-packages/airflow/example_dags/example_dataset_alias.py
[2024-11-14T07:50:11.977+0000] {logging_mixin.py:190} INFO - [2024-11-14T07:50:11.977+0000] {dag.py:3239} INFO - Sync 4 DAGs
[2024-11-14T07:50:12.026+0000] {logging_mixin.py:190} INFO - [2024-11-14T07:50:12.025+0000] {dag.py:4180} INFO - Setting next_dagrun for dataset_alias_example_alias_consumer to None, run_after=None
[2024-11-14T07:50:12.030+0000] {logging_mixin.py:190} INFO - [2024-11-14T07:50:12.029+0000] {dag.py:4180} INFO - Setting next_dagrun for dataset_alias_example_alias_producer to None, run_after=None
[2024-11-14T07:50:12.031+0000] {logging_mixin.py:190} INFO - [2024-11-14T07:50:12.031+0000] {dag.py:4180} INFO - Setting next_dagrun for dataset_s3_bucket_consumer to None, run_after=None
[2024-11-14T07:50:12.032+0000] {logging_mixin.py:190} INFO - [2024-11-14T07:50:12.032+0000] {dag.py:4180} INFO - Setting next_dagrun for dataset_s3_bucket_producer to None, run_after=None
[2024-11-14T07:50:12.069+0000] {processor.py:208} INFO - Processing /home/ubuntu/airflow-venv/lib/python3.12/site-packages/airflow/example_dags/example_dataset_alias.py took 0.168 seconds
[2024-11-14T07:51:15.504+0000] {processor.py:186} INFO - Started process (PID=4762) to work on /home/ubuntu/airflow-venv/lib/python3.12/site-packages/airflow/example_dags/example_dataset_alias.py
[2024-11-14T07:51:15.506+0000] {processor.py:914} INFO - Processing file /home/ubuntu/airflow-venv/lib/python3.12/site-packages/airflow/example_dags/example_dataset_alias.py for tasks to queue
[2024-11-14T07:51:15.509+0000] {logging_mixin.py:190} INFO - [2024-11-14T07:51:15.508+0000] {dagbag.py:588} INFO - Filling up the DagBag from /home/ubuntu/airflow-venv/lib/python3.12/site-packages/airflow/example_dags/example_dataset_alias.py
[2024-11-14T07:51:15.542+0000] {processor.py:925} INFO - DAG(s) 'dataset_alias_example_alias_consumer', 'dataset_s3_bucket_consumer', 'dataset_alias_example_alias_producer', 'dataset_s3_bucket_producer' retrieved from /home/ubuntu/airflow-venv/lib/python3.12/site-packages/airflow/example_dags/example_dataset_alias.py
[2024-11-14T07:51:15.574+0000] {logging_mixin.py:190} INFO - [2024-11-14T07:51:15.573+0000] {dag.py:3239} INFO - Sync 4 DAGs
[2024-11-14T07:51:15.597+0000] {logging_mixin.py:190} INFO - [2024-11-14T07:51:15.596+0000] {dag.py:4180} INFO - Setting next_dagrun for dataset_alias_example_alias_consumer to None, run_after=None
[2024-11-14T07:51:15.599+0000] {logging_mixin.py:190} INFO - [2024-11-14T07:51:15.599+0000] {dag.py:4180} INFO - Setting next_dagrun for dataset_alias_example_alias_producer to None, run_after=None
[2024-11-14T07:51:15.600+0000] {logging_mixin.py:190} INFO - [2024-11-14T07:51:15.600+0000] {dag.py:4180} INFO - Setting next_dagrun for dataset_s3_bucket_consumer to None, run_after=None
[2024-11-14T07:51:15.601+0000] {logging_mixin.py:190} INFO - [2024-11-14T07:51:15.601+0000] {dag.py:4180} INFO - Setting next_dagrun for dataset_s3_bucket_producer to None, run_after=None
[2024-11-14T07:51:15.635+0000] {processor.py:208} INFO - Processing /home/ubuntu/airflow-venv/lib/python3.12/site-packages/airflow/example_dags/example_dataset_alias.py took 0.151 seconds
[2024-11-14T07:52:16.522+0000] {processor.py:186} INFO - Started process (PID=4822) to work on /home/ubuntu/airflow-venv/lib/python3.12/site-packages/airflow/example_dags/example_dataset_alias.py
[2024-11-14T07:52:16.524+0000] {processor.py:914} INFO - Processing file /home/ubuntu/airflow-venv/lib/python3.12/site-packages/airflow/example_dags/example_dataset_alias.py for tasks to queue
[2024-11-14T07:52:16.526+0000] {logging_mixin.py:190} INFO - [2024-11-14T07:52:16.525+0000] {dagbag.py:588} INFO - Filling up the DagBag from /home/ubuntu/airflow-venv/lib/python3.12/site-packages/airflow/example_dags/example_dataset_alias.py
[2024-11-14T07:52:16.557+0000] {processor.py:925} INFO - DAG(s) 'dataset_alias_example_alias_consumer', 'dataset_s3_bucket_producer', 'dataset_s3_bucket_consumer', 'dataset_alias_example_alias_producer' retrieved from /home/ubuntu/airflow-venv/lib/python3.12/site-packages/airflow/example_dags/example_dataset_alias.py
[2024-11-14T07:52:16.589+0000] {logging_mixin.py:190} INFO - [2024-11-14T07:52:16.589+0000] {dag.py:3239} INFO - Sync 4 DAGs
[2024-11-14T07:52:16.612+0000] {logging_mixin.py:190} INFO - [2024-11-14T07:52:16.612+0000] {dag.py:4180} INFO - Setting next_dagrun for dataset_alias_example_alias_consumer to None, run_after=None
[2024-11-14T07:52:16.615+0000] {logging_mixin.py:190} INFO - [2024-11-14T07:52:16.615+0000] {dag.py:4180} INFO - Setting next_dagrun for dataset_alias_example_alias_producer to None, run_after=None
[2024-11-14T07:52:16.616+0000] {logging_mixin.py:190} INFO - [2024-11-14T07:52:16.616+0000] {dag.py:4180} INFO - Setting next_dagrun for dataset_s3_bucket_consumer to None, run_after=None
[2024-11-14T07:52:16.617+0000] {logging_mixin.py:190} INFO - [2024-11-14T07:52:16.617+0000] {dag.py:4180} INFO - Setting next_dagrun for dataset_s3_bucket_producer to None, run_after=None
[2024-11-14T07:52:16.643+0000] {processor.py:208} INFO - Processing /home/ubuntu/airflow-venv/lib/python3.12/site-packages/airflow/example_dags/example_dataset_alias.py took 0.128 seconds
[2024-11-14T07:53:14.992+0000] {processor.py:186} INFO - Started process (PID=4882) to work on /home/ubuntu/airflow-venv/lib/python3.12/site-packages/airflow/example_dags/example_dataset_alias.py
[2024-11-14T07:53:14.993+0000] {processor.py:914} INFO - Processing file /home/ubuntu/airflow-venv/lib/python3.12/site-packages/airflow/example_dags/example_dataset_alias.py for tasks to queue
[2024-11-14T07:53:14.995+0000] {logging_mixin.py:190} INFO - [2024-11-14T07:53:14.994+0000] {dagbag.py:588} INFO - Filling up the DagBag from /home/ubuntu/airflow-venv/lib/python3.12/site-packages/airflow/example_dags/example_dataset_alias.py
[2024-11-14T07:53:15.021+0000] {processor.py:925} INFO - DAG(s) 'dataset_alias_example_alias_consumer', 'dataset_alias_example_alias_producer', 'dataset_s3_bucket_consumer', 'dataset_s3_bucket_producer' retrieved from /home/ubuntu/airflow-venv/lib/python3.12/site-packages/airflow/example_dags/example_dataset_alias.py
[2024-11-14T07:53:15.043+0000] {logging_mixin.py:190} INFO - [2024-11-14T07:53:15.043+0000] {dag.py:3239} INFO - Sync 4 DAGs
[2024-11-14T07:53:15.063+0000] {logging_mixin.py:190} INFO - [2024-11-14T07:53:15.063+0000] {dag.py:4180} INFO - Setting next_dagrun for dataset_alias_example_alias_consumer to None, run_after=None
[2024-11-14T07:53:15.065+0000] {logging_mixin.py:190} INFO - [2024-11-14T07:53:15.065+0000] {dag.py:4180} INFO - Setting next_dagrun for dataset_alias_example_alias_producer to None, run_after=None
[2024-11-14T07:53:15.066+0000] {logging_mixin.py:190} INFO - [2024-11-14T07:53:15.066+0000] {dag.py:4180} INFO - Setting next_dagrun for dataset_s3_bucket_consumer to None, run_after=None
[2024-11-14T07:53:15.067+0000] {logging_mixin.py:190} INFO - [2024-11-14T07:53:15.067+0000] {dag.py:4180} INFO - Setting next_dagrun for dataset_s3_bucket_producer to None, run_after=None
[2024-11-14T07:53:15.091+0000] {processor.py:208} INFO - Processing /home/ubuntu/airflow-venv/lib/python3.12/site-packages/airflow/example_dags/example_dataset_alias.py took 0.106 seconds
[2024-11-14T07:54:13.427+0000] {processor.py:186} INFO - Started process (PID=4943) to work on /home/ubuntu/airflow-venv/lib/python3.12/site-packages/airflow/example_dags/example_dataset_alias.py
[2024-11-14T07:54:13.433+0000] {processor.py:914} INFO - Processing file /home/ubuntu/airflow-venv/lib/python3.12/site-packages/airflow/example_dags/example_dataset_alias.py for tasks to queue
[2024-11-14T07:54:13.434+0000] {logging_mixin.py:190} INFO - [2024-11-14T07:54:13.434+0000] {dagbag.py:588} INFO - Filling up the DagBag from /home/ubuntu/airflow-venv/lib/python3.12/site-packages/airflow/example_dags/example_dataset_alias.py
[2024-11-14T07:54:13.474+0000] {processor.py:925} INFO - DAG(s) 'dataset_s3_bucket_consumer', 'dataset_alias_example_alias_consumer', 'dataset_alias_example_alias_producer', 'dataset_s3_bucket_producer' retrieved from /home/ubuntu/airflow-venv/lib/python3.12/site-packages/airflow/example_dags/example_dataset_alias.py
[2024-11-14T07:54:13.493+0000] {logging_mixin.py:190} INFO - [2024-11-14T07:54:13.493+0000] {dag.py:3239} INFO - Sync 4 DAGs
[2024-11-14T07:54:13.513+0000] {logging_mixin.py:190} INFO - [2024-11-14T07:54:13.513+0000] {dag.py:4180} INFO - Setting next_dagrun for dataset_alias_example_alias_consumer to None, run_after=None
[2024-11-14T07:54:13.516+0000] {logging_mixin.py:190} INFO - [2024-11-14T07:54:13.515+0000] {dag.py:4180} INFO - Setting next_dagrun for dataset_alias_example_alias_producer to None, run_after=None
[2024-11-14T07:54:13.517+0000] {logging_mixin.py:190} INFO - [2024-11-14T07:54:13.516+0000] {dag.py:4180} INFO - Setting next_dagrun for dataset_s3_bucket_consumer to None, run_after=None
[2024-11-14T07:54:13.517+0000] {logging_mixin.py:190} INFO - [2024-11-14T07:54:13.517+0000] {dag.py:4180} INFO - Setting next_dagrun for dataset_s3_bucket_producer to None, run_after=None
[2024-11-14T07:54:13.541+0000] {processor.py:208} INFO - Processing /home/ubuntu/airflow-venv/lib/python3.12/site-packages/airflow/example_dags/example_dataset_alias.py took 0.120 seconds
[2024-11-14T07:55:13.105+0000] {processor.py:186} INFO - Started process (PID=5005) to work on /home/ubuntu/airflow-venv/lib/python3.12/site-packages/airflow/example_dags/example_dataset_alias.py
[2024-11-14T07:55:13.106+0000] {processor.py:914} INFO - Processing file /home/ubuntu/airflow-venv/lib/python3.12/site-packages/airflow/example_dags/example_dataset_alias.py for tasks to queue
[2024-11-14T07:55:13.107+0000] {logging_mixin.py:190} INFO - [2024-11-14T07:55:13.107+0000] {dagbag.py:588} INFO - Filling up the DagBag from /home/ubuntu/airflow-venv/lib/python3.12/site-packages/airflow/example_dags/example_dataset_alias.py
[2024-11-14T07:55:13.136+0000] {processor.py:925} INFO - DAG(s) 'dataset_s3_bucket_consumer', 'dataset_alias_example_alias_producer', 'dataset_s3_bucket_producer', 'dataset_alias_example_alias_consumer' retrieved from /home/ubuntu/airflow-venv/lib/python3.12/site-packages/airflow/example_dags/example_dataset_alias.py
[2024-11-14T07:55:13.170+0000] {logging_mixin.py:190} INFO - [2024-11-14T07:55:13.169+0000] {dag.py:3239} INFO - Sync 4 DAGs
[2024-11-14T07:55:13.205+0000] {logging_mixin.py:190} INFO - [2024-11-14T07:55:13.204+0000] {dag.py:4180} INFO - Setting next_dagrun for dataset_alias_example_alias_consumer to None, run_after=None
[2024-11-14T07:55:13.208+0000] {logging_mixin.py:190} INFO - [2024-11-14T07:55:13.208+0000] {dag.py:4180} INFO - Setting next_dagrun for dataset_alias_example_alias_producer to None, run_after=None
[2024-11-14T07:55:13.211+0000] {logging_mixin.py:190} INFO - [2024-11-14T07:55:13.210+0000] {dag.py:4180} INFO - Setting next_dagrun for dataset_s3_bucket_consumer to None, run_after=None
[2024-11-14T07:55:13.212+0000] {logging_mixin.py:190} INFO - [2024-11-14T07:55:13.212+0000] {dag.py:4180} INFO - Setting next_dagrun for dataset_s3_bucket_producer to None, run_after=None
[2024-11-14T07:55:13.244+0000] {processor.py:208} INFO - Processing /home/ubuntu/airflow-venv/lib/python3.12/site-packages/airflow/example_dags/example_dataset_alias.py took 0.146 seconds
[2024-11-14T07:56:15.357+0000] {processor.py:186} INFO - Started process (PID=5066) to work on /home/ubuntu/airflow-venv/lib/python3.12/site-packages/airflow/example_dags/example_dataset_alias.py
[2024-11-14T07:56:15.359+0000] {processor.py:914} INFO - Processing file /home/ubuntu/airflow-venv/lib/python3.12/site-packages/airflow/example_dags/example_dataset_alias.py for tasks to queue
[2024-11-14T07:56:15.360+0000] {logging_mixin.py:190} INFO - [2024-11-14T07:56:15.360+0000] {dagbag.py:588} INFO - Filling up the DagBag from /home/ubuntu/airflow-venv/lib/python3.12/site-packages/airflow/example_dags/example_dataset_alias.py
[2024-11-14T07:56:15.389+0000] {processor.py:925} INFO - DAG(s) 'dataset_s3_bucket_producer', 'dataset_alias_example_alias_consumer', 'dataset_s3_bucket_consumer', 'dataset_alias_example_alias_producer' retrieved from /home/ubuntu/airflow-venv/lib/python3.12/site-packages/airflow/example_dags/example_dataset_alias.py
[2024-11-14T07:56:15.412+0000] {logging_mixin.py:190} INFO - [2024-11-14T07:56:15.412+0000] {dag.py:3239} INFO - Sync 4 DAGs
[2024-11-14T07:56:15.434+0000] {logging_mixin.py:190} INFO - [2024-11-14T07:56:15.434+0000] {dag.py:4180} INFO - Setting next_dagrun for dataset_alias_example_alias_consumer to None, run_after=None
[2024-11-14T07:56:15.437+0000] {logging_mixin.py:190} INFO - [2024-11-14T07:56:15.436+0000] {dag.py:4180} INFO - Setting next_dagrun for dataset_alias_example_alias_producer to None, run_after=None
[2024-11-14T07:56:15.438+0000] {logging_mixin.py:190} INFO - [2024-11-14T07:56:15.438+0000] {dag.py:4180} INFO - Setting next_dagrun for dataset_s3_bucket_consumer to None, run_after=None
[2024-11-14T07:56:15.439+0000] {logging_mixin.py:190} INFO - [2024-11-14T07:56:15.439+0000] {dag.py:4180} INFO - Setting next_dagrun for dataset_s3_bucket_producer to None, run_after=None
[2024-11-14T07:56:15.468+0000] {processor.py:208} INFO - Processing /home/ubuntu/airflow-venv/lib/python3.12/site-packages/airflow/example_dags/example_dataset_alias.py took 0.117 seconds
[2024-11-14T07:57:14.976+0000] {processor.py:186} INFO - Started process (PID=5128) to work on /home/ubuntu/airflow-venv/lib/python3.12/site-packages/airflow/example_dags/example_dataset_alias.py
[2024-11-14T07:57:14.978+0000] {processor.py:914} INFO - Processing file /home/ubuntu/airflow-venv/lib/python3.12/site-packages/airflow/example_dags/example_dataset_alias.py for tasks to queue
[2024-11-14T07:57:14.979+0000] {logging_mixin.py:190} INFO - [2024-11-14T07:57:14.979+0000] {dagbag.py:588} INFO - Filling up the DagBag from /home/ubuntu/airflow-venv/lib/python3.12/site-packages/airflow/example_dags/example_dataset_alias.py
[2024-11-14T07:57:15.020+0000] {processor.py:925} INFO - DAG(s) 'dataset_alias_example_alias_producer', 'dataset_s3_bucket_consumer', 'dataset_alias_example_alias_consumer', 'dataset_s3_bucket_producer' retrieved from /home/ubuntu/airflow-venv/lib/python3.12/site-packages/airflow/example_dags/example_dataset_alias.py
[2024-11-14T07:57:15.050+0000] {logging_mixin.py:190} INFO - [2024-11-14T07:57:15.049+0000] {dag.py:3239} INFO - Sync 4 DAGs
[2024-11-14T07:57:15.074+0000] {logging_mixin.py:190} INFO - [2024-11-14T07:57:15.074+0000] {dag.py:4180} INFO - Setting next_dagrun for dataset_alias_example_alias_consumer to None, run_after=None
[2024-11-14T07:57:15.077+0000] {logging_mixin.py:190} INFO - [2024-11-14T07:57:15.076+0000] {dag.py:4180} INFO - Setting next_dagrun for dataset_alias_example_alias_producer to None, run_after=None
[2024-11-14T07:57:15.078+0000] {logging_mixin.py:190} INFO - [2024-11-14T07:57:15.078+0000] {dag.py:4180} INFO - Setting next_dagrun for dataset_s3_bucket_consumer to None, run_after=None
[2024-11-14T07:57:15.080+0000] {logging_mixin.py:190} INFO - [2024-11-14T07:57:15.079+0000] {dag.py:4180} INFO - Setting next_dagrun for dataset_s3_bucket_producer to None, run_after=None
[2024-11-14T07:57:15.138+0000] {processor.py:208} INFO - Processing /home/ubuntu/airflow-venv/lib/python3.12/site-packages/airflow/example_dags/example_dataset_alias.py took 0.171 seconds
[2024-11-14T07:58:14.681+0000] {processor.py:186} INFO - Started process (PID=5189) to work on /home/ubuntu/airflow-venv/lib/python3.12/site-packages/airflow/example_dags/example_dataset_alias.py
[2024-11-14T07:58:14.683+0000] {processor.py:914} INFO - Processing file /home/ubuntu/airflow-venv/lib/python3.12/site-packages/airflow/example_dags/example_dataset_alias.py for tasks to queue
[2024-11-14T07:58:14.685+0000] {logging_mixin.py:190} INFO - [2024-11-14T07:58:14.685+0000] {dagbag.py:588} INFO - Filling up the DagBag from /home/ubuntu/airflow-venv/lib/python3.12/site-packages/airflow/example_dags/example_dataset_alias.py
[2024-11-14T07:58:14.727+0000] {processor.py:925} INFO - DAG(s) 'dataset_s3_bucket_consumer', 'dataset_s3_bucket_producer', 'dataset_alias_example_alias_producer', 'dataset_alias_example_alias_consumer' retrieved from /home/ubuntu/airflow-venv/lib/python3.12/site-packages/airflow/example_dags/example_dataset_alias.py
[2024-11-14T07:58:14.758+0000] {logging_mixin.py:190} INFO - [2024-11-14T07:58:14.757+0000] {dag.py:3239} INFO - Sync 4 DAGs
[2024-11-14T07:58:14.802+0000] {logging_mixin.py:190} INFO - [2024-11-14T07:58:14.801+0000] {dag.py:4180} INFO - Setting next_dagrun for dataset_alias_example_alias_consumer to None, run_after=None
[2024-11-14T07:58:14.804+0000] {logging_mixin.py:190} INFO - [2024-11-14T07:58:14.804+0000] {dag.py:4180} INFO - Setting next_dagrun for dataset_alias_example_alias_producer to None, run_after=None
[2024-11-14T07:58:14.805+0000] {logging_mixin.py:190} INFO - [2024-11-14T07:58:14.805+0000] {dag.py:4180} INFO - Setting next_dagrun for dataset_s3_bucket_consumer to None, run_after=None
[2024-11-14T07:58:14.806+0000] {logging_mixin.py:190} INFO - [2024-11-14T07:58:14.806+0000] {dag.py:4180} INFO - Setting next_dagrun for dataset_s3_bucket_producer to None, run_after=None
[2024-11-14T07:58:14.830+0000] {processor.py:208} INFO - Processing /home/ubuntu/airflow-venv/lib/python3.12/site-packages/airflow/example_dags/example_dataset_alias.py took 0.159 seconds
[2024-11-14T07:59:15.267+0000] {processor.py:186} INFO - Started process (PID=5248) to work on /home/ubuntu/airflow-venv/lib/python3.12/site-packages/airflow/example_dags/example_dataset_alias.py
[2024-11-14T07:59:15.270+0000] {processor.py:914} INFO - Processing file /home/ubuntu/airflow-venv/lib/python3.12/site-packages/airflow/example_dags/example_dataset_alias.py for tasks to queue
[2024-11-14T07:59:15.274+0000] {logging_mixin.py:190} INFO - [2024-11-14T07:59:15.271+0000] {dagbag.py:588} INFO - Filling up the DagBag from /home/ubuntu/airflow-venv/lib/python3.12/site-packages/airflow/example_dags/example_dataset_alias.py
[2024-11-14T07:59:15.325+0000] {processor.py:925} INFO - DAG(s) 'dataset_alias_example_alias_consumer', 'dataset_alias_example_alias_producer', 'dataset_s3_bucket_producer', 'dataset_s3_bucket_consumer' retrieved from /home/ubuntu/airflow-venv/lib/python3.12/site-packages/airflow/example_dags/example_dataset_alias.py
[2024-11-14T07:59:15.361+0000] {logging_mixin.py:190} INFO - [2024-11-14T07:59:15.361+0000] {dag.py:3239} INFO - Sync 4 DAGs
[2024-11-14T07:59:15.393+0000] {logging_mixin.py:190} INFO - [2024-11-14T07:59:15.392+0000] {dag.py:4180} INFO - Setting next_dagrun for dataset_alias_example_alias_consumer to None, run_after=None
[2024-11-14T07:59:15.396+0000] {logging_mixin.py:190} INFO - [2024-11-14T07:59:15.396+0000] {dag.py:4180} INFO - Setting next_dagrun for dataset_alias_example_alias_producer to None, run_after=None
[2024-11-14T07:59:15.398+0000] {logging_mixin.py:190} INFO - [2024-11-14T07:59:15.398+0000] {dag.py:4180} INFO - Setting next_dagrun for dataset_s3_bucket_consumer to None, run_after=None
[2024-11-14T07:59:15.400+0000] {logging_mixin.py:190} INFO - [2024-11-14T07:59:15.399+0000] {dag.py:4180} INFO - Setting next_dagrun for dataset_s3_bucket_producer to None, run_after=None
[2024-11-14T07:59:15.436+0000] {processor.py:208} INFO - Processing /home/ubuntu/airflow-venv/lib/python3.12/site-packages/airflow/example_dags/example_dataset_alias.py took 0.183 seconds
[2024-11-14T08:00:15.451+0000] {processor.py:186} INFO - Started process (PID=5310) to work on /home/ubuntu/airflow-venv/lib/python3.12/site-packages/airflow/example_dags/example_dataset_alias.py
[2024-11-14T08:00:15.453+0000] {processor.py:914} INFO - Processing file /home/ubuntu/airflow-venv/lib/python3.12/site-packages/airflow/example_dags/example_dataset_alias.py for tasks to queue
[2024-11-14T08:00:15.457+0000] {logging_mixin.py:190} INFO - [2024-11-14T08:00:15.455+0000] {dagbag.py:588} INFO - Filling up the DagBag from /home/ubuntu/airflow-venv/lib/python3.12/site-packages/airflow/example_dags/example_dataset_alias.py
[2024-11-14T08:00:15.494+0000] {processor.py:925} INFO - DAG(s) 'dataset_alias_example_alias_producer', 'dataset_alias_example_alias_consumer', 'dataset_s3_bucket_producer', 'dataset_s3_bucket_consumer' retrieved from /home/ubuntu/airflow-venv/lib/python3.12/site-packages/airflow/example_dags/example_dataset_alias.py
[2024-11-14T08:00:15.533+0000] {logging_mixin.py:190} INFO - [2024-11-14T08:00:15.532+0000] {dag.py:3239} INFO - Sync 4 DAGs
[2024-11-14T08:00:15.564+0000] {logging_mixin.py:190} INFO - [2024-11-14T08:00:15.564+0000] {dag.py:4180} INFO - Setting next_dagrun for dataset_alias_example_alias_consumer to None, run_after=None
[2024-11-14T08:00:15.567+0000] {logging_mixin.py:190} INFO - [2024-11-14T08:00:15.567+0000] {dag.py:4180} INFO - Setting next_dagrun for dataset_alias_example_alias_producer to None, run_after=None
[2024-11-14T08:00:15.569+0000] {logging_mixin.py:190} INFO - [2024-11-14T08:00:15.569+0000] {dag.py:4180} INFO - Setting next_dagrun for dataset_s3_bucket_consumer to None, run_after=None
[2024-11-14T08:00:15.570+0000] {logging_mixin.py:190} INFO - [2024-11-14T08:00:15.570+0000] {dag.py:4180} INFO - Setting next_dagrun for dataset_s3_bucket_producer to None, run_after=None
[2024-11-14T08:00:15.603+0000] {processor.py:208} INFO - Processing /home/ubuntu/airflow-venv/lib/python3.12/site-packages/airflow/example_dags/example_dataset_alias.py took 0.160 seconds
[2024-11-14T08:01:14.799+0000] {processor.py:186} INFO - Started process (PID=5375) to work on /home/ubuntu/airflow-venv/lib/python3.12/site-packages/airflow/example_dags/example_dataset_alias.py
[2024-11-14T08:01:14.800+0000] {processor.py:914} INFO - Processing file /home/ubuntu/airflow-venv/lib/python3.12/site-packages/airflow/example_dags/example_dataset_alias.py for tasks to queue
[2024-11-14T08:01:14.802+0000] {logging_mixin.py:190} INFO - [2024-11-14T08:01:14.801+0000] {dagbag.py:588} INFO - Filling up the DagBag from /home/ubuntu/airflow-venv/lib/python3.12/site-packages/airflow/example_dags/example_dataset_alias.py
[2024-11-14T08:01:14.829+0000] {processor.py:925} INFO - DAG(s) 'dataset_alias_example_alias_consumer', 'dataset_alias_example_alias_producer', 'dataset_s3_bucket_consumer', 'dataset_s3_bucket_producer' retrieved from /home/ubuntu/airflow-venv/lib/python3.12/site-packages/airflow/example_dags/example_dataset_alias.py
[2024-11-14T08:01:14.851+0000] {logging_mixin.py:190} INFO - [2024-11-14T08:01:14.850+0000] {dag.py:3239} INFO - Sync 4 DAGs
[2024-11-14T08:01:14.872+0000] {logging_mixin.py:190} INFO - [2024-11-14T08:01:14.872+0000] {dag.py:4180} INFO - Setting next_dagrun for dataset_alias_example_alias_consumer to None, run_after=None
[2024-11-14T08:01:14.874+0000] {logging_mixin.py:190} INFO - [2024-11-14T08:01:14.874+0000] {dag.py:4180} INFO - Setting next_dagrun for dataset_alias_example_alias_producer to None, run_after=None
[2024-11-14T08:01:14.875+0000] {logging_mixin.py:190} INFO - [2024-11-14T08:01:14.875+0000] {dag.py:4180} INFO - Setting next_dagrun for dataset_s3_bucket_consumer to None, run_after=None
[2024-11-14T08:01:14.882+0000] {logging_mixin.py:190} INFO - [2024-11-14T08:01:14.882+0000] {dag.py:4180} INFO - Setting next_dagrun for dataset_s3_bucket_producer to None, run_after=None
[2024-11-14T08:01:14.909+0000] {processor.py:208} INFO - Processing /home/ubuntu/airflow-venv/lib/python3.12/site-packages/airflow/example_dags/example_dataset_alias.py took 0.116 seconds
[2024-11-14T08:02:15.376+0000] {processor.py:186} INFO - Started process (PID=5434) to work on /home/ubuntu/airflow-venv/lib/python3.12/site-packages/airflow/example_dags/example_dataset_alias.py
[2024-11-14T08:02:15.378+0000] {processor.py:914} INFO - Processing file /home/ubuntu/airflow-venv/lib/python3.12/site-packages/airflow/example_dags/example_dataset_alias.py for tasks to queue
[2024-11-14T08:02:15.379+0000] {logging_mixin.py:190} INFO - [2024-11-14T08:02:15.378+0000] {dagbag.py:588} INFO - Filling up the DagBag from /home/ubuntu/airflow-venv/lib/python3.12/site-packages/airflow/example_dags/example_dataset_alias.py
[2024-11-14T08:02:15.405+0000] {processor.py:925} INFO - DAG(s) 'dataset_alias_example_alias_producer', 'dataset_s3_bucket_producer', 'dataset_alias_example_alias_consumer', 'dataset_s3_bucket_consumer' retrieved from /home/ubuntu/airflow-venv/lib/python3.12/site-packages/airflow/example_dags/example_dataset_alias.py
[2024-11-14T08:02:15.431+0000] {logging_mixin.py:190} INFO - [2024-11-14T08:02:15.431+0000] {dag.py:3239} INFO - Sync 4 DAGs
[2024-11-14T08:02:15.454+0000] {logging_mixin.py:190} INFO - [2024-11-14T08:02:15.454+0000] {dag.py:4180} INFO - Setting next_dagrun for dataset_alias_example_alias_consumer to None, run_after=None
[2024-11-14T08:02:15.456+0000] {logging_mixin.py:190} INFO - [2024-11-14T08:02:15.456+0000] {dag.py:4180} INFO - Setting next_dagrun for dataset_alias_example_alias_producer to None, run_after=None
[2024-11-14T08:02:15.457+0000] {logging_mixin.py:190} INFO - [2024-11-14T08:02:15.457+0000] {dag.py:4180} INFO - Setting next_dagrun for dataset_s3_bucket_consumer to None, run_after=None
[2024-11-14T08:02:15.458+0000] {logging_mixin.py:190} INFO - [2024-11-14T08:02:15.458+0000] {dag.py:4180} INFO - Setting next_dagrun for dataset_s3_bucket_producer to None, run_after=None
[2024-11-14T08:02:15.484+0000] {processor.py:208} INFO - Processing /home/ubuntu/airflow-venv/lib/python3.12/site-packages/airflow/example_dags/example_dataset_alias.py took 0.114 seconds
