[2024-11-14T07:40:52.512+0000] {processor.py:186} INFO - Started process (PID=3695) to work on /home/ubuntu/airflow-venv/lib/python3.12/site-packages/airflow/example_dags/example_setup_teardown.py
[2024-11-14T07:40:52.513+0000] {processor.py:914} INFO - Processing file /home/ubuntu/airflow-venv/lib/python3.12/site-packages/airflow/example_dags/example_setup_teardown.py for tasks to queue
[2024-11-14T07:40:52.516+0000] {logging_mixin.py:190} INFO - [2024-11-14T07:40:52.515+0000] {dagbag.py:588} INFO - Filling up the DagBag from /home/ubuntu/airflow-venv/lib/python3.12/site-packages/airflow/example_dags/example_setup_teardown.py
[2024-11-14T07:40:52.526+0000] {processor.py:925} INFO - DAG(s) 'example_setup_teardown' retrieved from /home/ubuntu/airflow-venv/lib/python3.12/site-packages/airflow/example_dags/example_setup_teardown.py
[2024-11-14T07:40:52.649+0000] {logging_mixin.py:190} INFO - [2024-11-14T07:40:52.648+0000] {override.py:1911} INFO - Created Permission View: can delete on DAG:example_setup_teardown
[2024-11-14T07:40:52.663+0000] {logging_mixin.py:190} INFO - [2024-11-14T07:40:52.663+0000] {override.py:1911} INFO - Created Permission View: can read on DAG:example_setup_teardown
[2024-11-14T07:40:52.673+0000] {logging_mixin.py:190} INFO - [2024-11-14T07:40:52.673+0000] {override.py:1911} INFO - Created Permission View: can edit on DAG:example_setup_teardown
[2024-11-14T07:40:52.691+0000] {logging_mixin.py:190} INFO - [2024-11-14T07:40:52.691+0000] {override.py:1911} INFO - Created Permission View: can delete on DAG Run:example_setup_teardown
[2024-11-14T07:40:52.701+0000] {logging_mixin.py:190} INFO - [2024-11-14T07:40:52.700+0000] {override.py:1911} INFO - Created Permission View: can create on DAG Run:example_setup_teardown
[2024-11-14T07:40:52.714+0000] {logging_mixin.py:190} INFO - [2024-11-14T07:40:52.714+0000] {override.py:1911} INFO - Created Permission View: can read on DAG Run:example_setup_teardown
[2024-11-14T07:40:52.734+0000] {logging_mixin.py:190} INFO - [2024-11-14T07:40:52.730+0000] {override.py:1911} INFO - Created Permission View: menu access on DAG Run:example_setup_teardown
[2024-11-14T07:40:52.735+0000] {logging_mixin.py:190} INFO - [2024-11-14T07:40:52.735+0000] {dag.py:3239} INFO - Sync 1 DAGs
[2024-11-14T07:40:52.748+0000] {logging_mixin.py:190} INFO - [2024-11-14T07:40:52.747+0000] {dag.py:3262} INFO - Creating ORM DAG for example_setup_teardown
[2024-11-14T07:40:52.748+0000] {logging_mixin.py:190} INFO - [2024-11-14T07:40:52.748+0000] {dag.py:4180} INFO - Setting next_dagrun for example_setup_teardown to None, run_after=None
[2024-11-14T07:40:52.771+0000] {processor.py:208} INFO - Processing /home/ubuntu/airflow-venv/lib/python3.12/site-packages/airflow/example_dags/example_setup_teardown.py took 0.266 seconds
[2024-11-14T07:41:59.643+0000] {processor.py:186} INFO - Started process (PID=3755) to work on /home/ubuntu/airflow-venv/lib/python3.12/site-packages/airflow/example_dags/example_setup_teardown.py
[2024-11-14T07:41:59.644+0000] {processor.py:914} INFO - Processing file /home/ubuntu/airflow-venv/lib/python3.12/site-packages/airflow/example_dags/example_setup_teardown.py for tasks to queue
[2024-11-14T07:41:59.647+0000] {logging_mixin.py:190} INFO - [2024-11-14T07:41:59.646+0000] {dagbag.py:588} INFO - Filling up the DagBag from /home/ubuntu/airflow-venv/lib/python3.12/site-packages/airflow/example_dags/example_setup_teardown.py
[2024-11-14T07:41:59.659+0000] {processor.py:925} INFO - DAG(s) 'example_setup_teardown' retrieved from /home/ubuntu/airflow-venv/lib/python3.12/site-packages/airflow/example_dags/example_setup_teardown.py
[2024-11-14T07:41:59.682+0000] {logging_mixin.py:190} INFO - [2024-11-14T07:41:59.681+0000] {dag.py:3239} INFO - Sync 1 DAGs
[2024-11-14T07:41:59.698+0000] {logging_mixin.py:190} INFO - [2024-11-14T07:41:59.698+0000] {dag.py:4180} INFO - Setting next_dagrun for example_setup_teardown to None, run_after=None
[2024-11-14T07:41:59.726+0000] {processor.py:208} INFO - Processing /home/ubuntu/airflow-venv/lib/python3.12/site-packages/airflow/example_dags/example_setup_teardown.py took 0.090 seconds
[2024-11-14T07:42:55.851+0000] {processor.py:186} INFO - Started process (PID=3813) to work on /home/ubuntu/airflow-venv/lib/python3.12/site-packages/airflow/example_dags/example_setup_teardown.py
[2024-11-14T07:42:55.852+0000] {processor.py:914} INFO - Processing file /home/ubuntu/airflow-venv/lib/python3.12/site-packages/airflow/example_dags/example_setup_teardown.py for tasks to queue
[2024-11-14T07:42:55.854+0000] {logging_mixin.py:190} INFO - [2024-11-14T07:42:55.854+0000] {dagbag.py:588} INFO - Filling up the DagBag from /home/ubuntu/airflow-venv/lib/python3.12/site-packages/airflow/example_dags/example_setup_teardown.py
[2024-11-14T07:42:55.865+0000] {processor.py:925} INFO - DAG(s) 'example_setup_teardown' retrieved from /home/ubuntu/airflow-venv/lib/python3.12/site-packages/airflow/example_dags/example_setup_teardown.py
[2024-11-14T07:42:55.883+0000] {logging_mixin.py:190} INFO - [2024-11-14T07:42:55.882+0000] {dag.py:3239} INFO - Sync 1 DAGs
[2024-11-14T07:42:55.897+0000] {logging_mixin.py:190} INFO - [2024-11-14T07:42:55.896+0000] {dag.py:4180} INFO - Setting next_dagrun for example_setup_teardown to None, run_after=None
[2024-11-14T07:42:55.920+0000] {processor.py:208} INFO - Processing /home/ubuntu/airflow-venv/lib/python3.12/site-packages/airflow/example_dags/example_setup_teardown.py took 0.075 seconds
[2024-11-14T07:43:49.822+0000] {processor.py:186} INFO - Started process (PID=3867) to work on /home/ubuntu/airflow-venv/lib/python3.12/site-packages/airflow/example_dags/example_setup_teardown.py
[2024-11-14T07:43:49.823+0000] {processor.py:914} INFO - Processing file /home/ubuntu/airflow-venv/lib/python3.12/site-packages/airflow/example_dags/example_setup_teardown.py for tasks to queue
[2024-11-14T07:43:49.826+0000] {logging_mixin.py:190} INFO - [2024-11-14T07:43:49.825+0000] {dagbag.py:588} INFO - Filling up the DagBag from /home/ubuntu/airflow-venv/lib/python3.12/site-packages/airflow/example_dags/example_setup_teardown.py
[2024-11-14T07:43:49.835+0000] {processor.py:925} INFO - DAG(s) 'example_setup_teardown' retrieved from /home/ubuntu/airflow-venv/lib/python3.12/site-packages/airflow/example_dags/example_setup_teardown.py
[2024-11-14T07:43:49.853+0000] {logging_mixin.py:190} INFO - [2024-11-14T07:43:49.853+0000] {dag.py:3239} INFO - Sync 1 DAGs
[2024-11-14T07:43:49.866+0000] {logging_mixin.py:190} INFO - [2024-11-14T07:43:49.866+0000] {dag.py:4180} INFO - Setting next_dagrun for example_setup_teardown to None, run_after=None
[2024-11-14T07:43:49.893+0000] {processor.py:208} INFO - Processing /home/ubuntu/airflow-venv/lib/python3.12/site-packages/airflow/example_dags/example_setup_teardown.py took 0.077 seconds
[2024-11-14T07:44:48.040+0000] {processor.py:186} INFO - Started process (PID=3923) to work on /home/ubuntu/airflow-venv/lib/python3.12/site-packages/airflow/example_dags/example_setup_teardown.py
[2024-11-14T07:44:48.042+0000] {processor.py:914} INFO - Processing file /home/ubuntu/airflow-venv/lib/python3.12/site-packages/airflow/example_dags/example_setup_teardown.py for tasks to queue
[2024-11-14T07:44:48.044+0000] {logging_mixin.py:190} INFO - [2024-11-14T07:44:48.043+0000] {dagbag.py:588} INFO - Filling up the DagBag from /home/ubuntu/airflow-venv/lib/python3.12/site-packages/airflow/example_dags/example_setup_teardown.py
[2024-11-14T07:44:48.055+0000] {processor.py:925} INFO - DAG(s) 'example_setup_teardown' retrieved from /home/ubuntu/airflow-venv/lib/python3.12/site-packages/airflow/example_dags/example_setup_teardown.py
[2024-11-14T07:44:48.073+0000] {logging_mixin.py:190} INFO - [2024-11-14T07:44:48.072+0000] {dag.py:3239} INFO - Sync 1 DAGs
[2024-11-14T07:44:48.092+0000] {logging_mixin.py:190} INFO - [2024-11-14T07:44:48.092+0000] {dag.py:4180} INFO - Setting next_dagrun for example_setup_teardown to None, run_after=None
[2024-11-14T07:44:48.116+0000] {processor.py:208} INFO - Processing /home/ubuntu/airflow-venv/lib/python3.12/site-packages/airflow/example_dags/example_setup_teardown.py took 0.084 seconds
[2024-11-14T07:45:43.961+0000] {processor.py:186} INFO - Started process (PID=3983) to work on /home/ubuntu/airflow-venv/lib/python3.12/site-packages/airflow/example_dags/example_setup_teardown.py
[2024-11-14T07:45:43.962+0000] {processor.py:914} INFO - Processing file /home/ubuntu/airflow-venv/lib/python3.12/site-packages/airflow/example_dags/example_setup_teardown.py for tasks to queue
[2024-11-14T07:45:43.965+0000] {logging_mixin.py:190} INFO - [2024-11-14T07:45:43.964+0000] {dagbag.py:588} INFO - Filling up the DagBag from /home/ubuntu/airflow-venv/lib/python3.12/site-packages/airflow/example_dags/example_setup_teardown.py
[2024-11-14T07:45:43.982+0000] {processor.py:925} INFO - DAG(s) 'example_setup_teardown' retrieved from /home/ubuntu/airflow-venv/lib/python3.12/site-packages/airflow/example_dags/example_setup_teardown.py
[2024-11-14T07:45:44.007+0000] {logging_mixin.py:190} INFO - [2024-11-14T07:45:44.006+0000] {dag.py:3239} INFO - Sync 1 DAGs
[2024-11-14T07:45:44.021+0000] {logging_mixin.py:190} INFO - [2024-11-14T07:45:44.021+0000] {dag.py:4180} INFO - Setting next_dagrun for example_setup_teardown to None, run_after=None
[2024-11-14T07:45:44.046+0000] {processor.py:208} INFO - Processing /home/ubuntu/airflow-venv/lib/python3.12/site-packages/airflow/example_dags/example_setup_teardown.py took 0.092 seconds
[2024-11-14T07:46:36.106+0000] {processor.py:186} INFO - Started process (PID=4043) to work on /home/ubuntu/airflow-venv/lib/python3.12/site-packages/airflow/example_dags/example_setup_teardown.py
[2024-11-14T07:46:36.108+0000] {processor.py:914} INFO - Processing file /home/ubuntu/airflow-venv/lib/python3.12/site-packages/airflow/example_dags/example_setup_teardown.py for tasks to queue
[2024-11-14T07:46:36.111+0000] {logging_mixin.py:190} INFO - [2024-11-14T07:46:36.110+0000] {dagbag.py:588} INFO - Filling up the DagBag from /home/ubuntu/airflow-venv/lib/python3.12/site-packages/airflow/example_dags/example_setup_teardown.py
[2024-11-14T07:46:36.127+0000] {processor.py:925} INFO - DAG(s) 'example_setup_teardown' retrieved from /home/ubuntu/airflow-venv/lib/python3.12/site-packages/airflow/example_dags/example_setup_teardown.py
[2024-11-14T07:46:36.168+0000] {logging_mixin.py:190} INFO - [2024-11-14T07:46:36.167+0000] {dag.py:3239} INFO - Sync 1 DAGs
[2024-11-14T07:46:36.197+0000] {logging_mixin.py:190} INFO - [2024-11-14T07:46:36.197+0000] {dag.py:4180} INFO - Setting next_dagrun for example_setup_teardown to None, run_after=None
[2024-11-14T07:46:36.241+0000] {processor.py:208} INFO - Processing /home/ubuntu/airflow-venv/lib/python3.12/site-packages/airflow/example_dags/example_setup_teardown.py took 0.147 seconds
[2024-11-14T07:47:31.318+0000] {processor.py:186} INFO - Started process (PID=4258) to work on /home/ubuntu/airflow-venv/lib/python3.12/site-packages/airflow/example_dags/example_setup_teardown.py
[2024-11-14T07:47:31.320+0000] {processor.py:914} INFO - Processing file /home/ubuntu/airflow-venv/lib/python3.12/site-packages/airflow/example_dags/example_setup_teardown.py for tasks to queue
[2024-11-14T07:47:31.322+0000] {logging_mixin.py:190} INFO - [2024-11-14T07:47:31.322+0000] {dagbag.py:588} INFO - Filling up the DagBag from /home/ubuntu/airflow-venv/lib/python3.12/site-packages/airflow/example_dags/example_setup_teardown.py
[2024-11-14T07:47:31.332+0000] {processor.py:925} INFO - DAG(s) 'example_setup_teardown' retrieved from /home/ubuntu/airflow-venv/lib/python3.12/site-packages/airflow/example_dags/example_setup_teardown.py
[2024-11-14T07:47:31.350+0000] {logging_mixin.py:190} INFO - [2024-11-14T07:47:31.350+0000] {dag.py:3239} INFO - Sync 1 DAGs
[2024-11-14T07:47:31.365+0000] {logging_mixin.py:190} INFO - [2024-11-14T07:47:31.365+0000] {dag.py:4180} INFO - Setting next_dagrun for example_setup_teardown to None, run_after=None
[2024-11-14T07:47:31.389+0000] {processor.py:208} INFO - Processing /home/ubuntu/airflow-venv/lib/python3.12/site-packages/airflow/example_dags/example_setup_teardown.py took 0.076 seconds
[2024-11-14T07:48:34.344+0000] {processor.py:186} INFO - Started process (PID=4602) to work on /home/ubuntu/airflow-venv/lib/python3.12/site-packages/airflow/example_dags/example_setup_teardown.py
[2024-11-14T07:48:34.346+0000] {processor.py:914} INFO - Processing file /home/ubuntu/airflow-venv/lib/python3.12/site-packages/airflow/example_dags/example_setup_teardown.py for tasks to queue
[2024-11-14T07:48:34.349+0000] {logging_mixin.py:190} INFO - [2024-11-14T07:48:34.348+0000] {dagbag.py:588} INFO - Filling up the DagBag from /home/ubuntu/airflow-venv/lib/python3.12/site-packages/airflow/example_dags/example_setup_teardown.py
[2024-11-14T07:48:34.361+0000] {processor.py:925} INFO - DAG(s) 'example_setup_teardown' retrieved from /home/ubuntu/airflow-venv/lib/python3.12/site-packages/airflow/example_dags/example_setup_teardown.py
[2024-11-14T07:48:34.386+0000] {logging_mixin.py:190} INFO - [2024-11-14T07:48:34.386+0000] {dag.py:3239} INFO - Sync 1 DAGs
[2024-11-14T07:48:34.409+0000] {logging_mixin.py:190} INFO - [2024-11-14T07:48:34.409+0000] {dag.py:4180} INFO - Setting next_dagrun for example_setup_teardown to None, run_after=None
[2024-11-14T07:48:34.445+0000] {processor.py:208} INFO - Processing /home/ubuntu/airflow-venv/lib/python3.12/site-packages/airflow/example_dags/example_setup_teardown.py took 0.117 seconds
[2024-11-14T07:49:38.231+0000] {processor.py:186} INFO - Started process (PID=4662) to work on /home/ubuntu/airflow-venv/lib/python3.12/site-packages/airflow/example_dags/example_setup_teardown.py
[2024-11-14T07:49:38.233+0000] {processor.py:914} INFO - Processing file /home/ubuntu/airflow-venv/lib/python3.12/site-packages/airflow/example_dags/example_setup_teardown.py for tasks to queue
[2024-11-14T07:49:38.236+0000] {logging_mixin.py:190} INFO - [2024-11-14T07:49:38.236+0000] {dagbag.py:588} INFO - Filling up the DagBag from /home/ubuntu/airflow-venv/lib/python3.12/site-packages/airflow/example_dags/example_setup_teardown.py
[2024-11-14T07:49:38.249+0000] {processor.py:925} INFO - DAG(s) 'example_setup_teardown' retrieved from /home/ubuntu/airflow-venv/lib/python3.12/site-packages/airflow/example_dags/example_setup_teardown.py
[2024-11-14T07:49:38.274+0000] {logging_mixin.py:190} INFO - [2024-11-14T07:49:38.274+0000] {dag.py:3239} INFO - Sync 1 DAGs
[2024-11-14T07:49:38.292+0000] {logging_mixin.py:190} INFO - [2024-11-14T07:49:38.292+0000] {dag.py:4180} INFO - Setting next_dagrun for example_setup_teardown to None, run_after=None
[2024-11-14T07:49:38.320+0000] {processor.py:208} INFO - Processing /home/ubuntu/airflow-venv/lib/python3.12/site-packages/airflow/example_dags/example_setup_teardown.py took 0.097 seconds
[2024-11-14T07:50:37.768+0000] {processor.py:186} INFO - Started process (PID=4726) to work on /home/ubuntu/airflow-venv/lib/python3.12/site-packages/airflow/example_dags/example_setup_teardown.py
[2024-11-14T07:50:37.770+0000] {processor.py:914} INFO - Processing file /home/ubuntu/airflow-venv/lib/python3.12/site-packages/airflow/example_dags/example_setup_teardown.py for tasks to queue
[2024-11-14T07:50:37.771+0000] {logging_mixin.py:190} INFO - [2024-11-14T07:50:37.770+0000] {dagbag.py:588} INFO - Filling up the DagBag from /home/ubuntu/airflow-venv/lib/python3.12/site-packages/airflow/example_dags/example_setup_teardown.py
[2024-11-14T07:50:37.781+0000] {processor.py:925} INFO - DAG(s) 'example_setup_teardown' retrieved from /home/ubuntu/airflow-venv/lib/python3.12/site-packages/airflow/example_dags/example_setup_teardown.py
[2024-11-14T07:50:37.799+0000] {logging_mixin.py:190} INFO - [2024-11-14T07:50:37.799+0000] {dag.py:3239} INFO - Sync 1 DAGs
[2024-11-14T07:50:37.812+0000] {logging_mixin.py:190} INFO - [2024-11-14T07:50:37.812+0000] {dag.py:4180} INFO - Setting next_dagrun for example_setup_teardown to None, run_after=None
[2024-11-14T07:50:37.836+0000] {processor.py:208} INFO - Processing /home/ubuntu/airflow-venv/lib/python3.12/site-packages/airflow/example_dags/example_setup_teardown.py took 0.074 seconds
[2024-11-14T07:51:42.502+0000] {processor.py:186} INFO - Started process (PID=4789) to work on /home/ubuntu/airflow-venv/lib/python3.12/site-packages/airflow/example_dags/example_setup_teardown.py
[2024-11-14T07:51:42.504+0000] {processor.py:914} INFO - Processing file /home/ubuntu/airflow-venv/lib/python3.12/site-packages/airflow/example_dags/example_setup_teardown.py for tasks to queue
[2024-11-14T07:51:42.506+0000] {logging_mixin.py:190} INFO - [2024-11-14T07:51:42.505+0000] {dagbag.py:588} INFO - Filling up the DagBag from /home/ubuntu/airflow-venv/lib/python3.12/site-packages/airflow/example_dags/example_setup_teardown.py
[2024-11-14T07:51:42.522+0000] {processor.py:925} INFO - DAG(s) 'example_setup_teardown' retrieved from /home/ubuntu/airflow-venv/lib/python3.12/site-packages/airflow/example_dags/example_setup_teardown.py
[2024-11-14T07:51:42.544+0000] {logging_mixin.py:190} INFO - [2024-11-14T07:51:42.544+0000] {dag.py:3239} INFO - Sync 1 DAGs
[2024-11-14T07:51:42.565+0000] {logging_mixin.py:190} INFO - [2024-11-14T07:51:42.565+0000] {dag.py:4180} INFO - Setting next_dagrun for example_setup_teardown to None, run_after=None
[2024-11-14T07:51:42.589+0000] {processor.py:208} INFO - Processing /home/ubuntu/airflow-venv/lib/python3.12/site-packages/airflow/example_dags/example_setup_teardown.py took 0.095 seconds
[2024-11-14T07:52:42.547+0000] {processor.py:186} INFO - Started process (PID=4849) to work on /home/ubuntu/airflow-venv/lib/python3.12/site-packages/airflow/example_dags/example_setup_teardown.py
[2024-11-14T07:52:42.549+0000] {processor.py:914} INFO - Processing file /home/ubuntu/airflow-venv/lib/python3.12/site-packages/airflow/example_dags/example_setup_teardown.py for tasks to queue
[2024-11-14T07:52:42.550+0000] {logging_mixin.py:190} INFO - [2024-11-14T07:52:42.550+0000] {dagbag.py:588} INFO - Filling up the DagBag from /home/ubuntu/airflow-venv/lib/python3.12/site-packages/airflow/example_dags/example_setup_teardown.py
[2024-11-14T07:52:42.562+0000] {processor.py:925} INFO - DAG(s) 'example_setup_teardown' retrieved from /home/ubuntu/airflow-venv/lib/python3.12/site-packages/airflow/example_dags/example_setup_teardown.py
[2024-11-14T07:52:42.582+0000] {logging_mixin.py:190} INFO - [2024-11-14T07:52:42.582+0000] {dag.py:3239} INFO - Sync 1 DAGs
[2024-11-14T07:52:42.596+0000] {logging_mixin.py:190} INFO - [2024-11-14T07:52:42.595+0000] {dag.py:4180} INFO - Setting next_dagrun for example_setup_teardown to None, run_after=None
[2024-11-14T07:52:42.621+0000] {processor.py:208} INFO - Processing /home/ubuntu/airflow-venv/lib/python3.12/site-packages/airflow/example_dags/example_setup_teardown.py took 0.081 seconds
[2024-11-14T07:53:39.848+0000] {processor.py:186} INFO - Started process (PID=4909) to work on /home/ubuntu/airflow-venv/lib/python3.12/site-packages/airflow/example_dags/example_setup_teardown.py
[2024-11-14T07:53:39.850+0000] {processor.py:914} INFO - Processing file /home/ubuntu/airflow-venv/lib/python3.12/site-packages/airflow/example_dags/example_setup_teardown.py for tasks to queue
[2024-11-14T07:53:39.851+0000] {logging_mixin.py:190} INFO - [2024-11-14T07:53:39.851+0000] {dagbag.py:588} INFO - Filling up the DagBag from /home/ubuntu/airflow-venv/lib/python3.12/site-packages/airflow/example_dags/example_setup_teardown.py
[2024-11-14T07:53:39.864+0000] {processor.py:925} INFO - DAG(s) 'example_setup_teardown' retrieved from /home/ubuntu/airflow-venv/lib/python3.12/site-packages/airflow/example_dags/example_setup_teardown.py
[2024-11-14T07:53:39.888+0000] {logging_mixin.py:190} INFO - [2024-11-14T07:53:39.887+0000] {dag.py:3239} INFO - Sync 1 DAGs
[2024-11-14T07:53:39.914+0000] {logging_mixin.py:190} INFO - [2024-11-14T07:53:39.914+0000] {dag.py:4180} INFO - Setting next_dagrun for example_setup_teardown to None, run_after=None
[2024-11-14T07:53:39.955+0000] {processor.py:208} INFO - Processing /home/ubuntu/airflow-venv/lib/python3.12/site-packages/airflow/example_dags/example_setup_teardown.py took 0.114 seconds
[2024-11-14T07:54:42.020+0000] {processor.py:186} INFO - Started process (PID=4971) to work on /home/ubuntu/airflow-venv/lib/python3.12/site-packages/airflow/example_dags/example_setup_teardown.py
[2024-11-14T07:54:42.022+0000] {processor.py:914} INFO - Processing file /home/ubuntu/airflow-venv/lib/python3.12/site-packages/airflow/example_dags/example_setup_teardown.py for tasks to queue
[2024-11-14T07:54:42.023+0000] {logging_mixin.py:190} INFO - [2024-11-14T07:54:42.022+0000] {dagbag.py:588} INFO - Filling up the DagBag from /home/ubuntu/airflow-venv/lib/python3.12/site-packages/airflow/example_dags/example_setup_teardown.py
[2024-11-14T07:54:42.033+0000] {processor.py:925} INFO - DAG(s) 'example_setup_teardown' retrieved from /home/ubuntu/airflow-venv/lib/python3.12/site-packages/airflow/example_dags/example_setup_teardown.py
[2024-11-14T07:54:42.052+0000] {logging_mixin.py:190} INFO - [2024-11-14T07:54:42.052+0000] {dag.py:3239} INFO - Sync 1 DAGs
[2024-11-14T07:54:42.066+0000] {logging_mixin.py:190} INFO - [2024-11-14T07:54:42.065+0000] {dag.py:4180} INFO - Setting next_dagrun for example_setup_teardown to None, run_after=None
[2024-11-14T07:54:42.090+0000] {processor.py:208} INFO - Processing /home/ubuntu/airflow-venv/lib/python3.12/site-packages/airflow/example_dags/example_setup_teardown.py took 0.076 seconds
[2024-11-14T07:55:41.615+0000] {processor.py:186} INFO - Started process (PID=5034) to work on /home/ubuntu/airflow-venv/lib/python3.12/site-packages/airflow/example_dags/example_setup_teardown.py
[2024-11-14T07:55:41.616+0000] {processor.py:914} INFO - Processing file /home/ubuntu/airflow-venv/lib/python3.12/site-packages/airflow/example_dags/example_setup_teardown.py for tasks to queue
[2024-11-14T07:55:41.617+0000] {logging_mixin.py:190} INFO - [2024-11-14T07:55:41.617+0000] {dagbag.py:588} INFO - Filling up the DagBag from /home/ubuntu/airflow-venv/lib/python3.12/site-packages/airflow/example_dags/example_setup_teardown.py
[2024-11-14T07:55:41.629+0000] {processor.py:925} INFO - DAG(s) 'example_setup_teardown' retrieved from /home/ubuntu/airflow-venv/lib/python3.12/site-packages/airflow/example_dags/example_setup_teardown.py
[2024-11-14T07:55:41.666+0000] {logging_mixin.py:190} INFO - [2024-11-14T07:55:41.666+0000] {dag.py:3239} INFO - Sync 1 DAGs
[2024-11-14T07:55:41.696+0000] {logging_mixin.py:190} INFO - [2024-11-14T07:55:41.696+0000] {dag.py:4180} INFO - Setting next_dagrun for example_setup_teardown to None, run_after=None
[2024-11-14T07:55:41.737+0000] {processor.py:208} INFO - Processing /home/ubuntu/airflow-venv/lib/python3.12/site-packages/airflow/example_dags/example_setup_teardown.py took 0.130 seconds
[2024-11-14T07:56:42.664+0000] {processor.py:186} INFO - Started process (PID=5095) to work on /home/ubuntu/airflow-venv/lib/python3.12/site-packages/airflow/example_dags/example_setup_teardown.py
[2024-11-14T07:56:42.666+0000] {processor.py:914} INFO - Processing file /home/ubuntu/airflow-venv/lib/python3.12/site-packages/airflow/example_dags/example_setup_teardown.py for tasks to queue
[2024-11-14T07:56:42.668+0000] {logging_mixin.py:190} INFO - [2024-11-14T07:56:42.667+0000] {dagbag.py:588} INFO - Filling up the DagBag from /home/ubuntu/airflow-venv/lib/python3.12/site-packages/airflow/example_dags/example_setup_teardown.py
[2024-11-14T07:56:42.679+0000] {processor.py:925} INFO - DAG(s) 'example_setup_teardown' retrieved from /home/ubuntu/airflow-venv/lib/python3.12/site-packages/airflow/example_dags/example_setup_teardown.py
[2024-11-14T07:56:42.698+0000] {logging_mixin.py:190} INFO - [2024-11-14T07:56:42.697+0000] {dag.py:3239} INFO - Sync 1 DAGs
[2024-11-14T07:56:42.711+0000] {logging_mixin.py:190} INFO - [2024-11-14T07:56:42.711+0000] {dag.py:4180} INFO - Setting next_dagrun for example_setup_teardown to None, run_after=None
[2024-11-14T07:56:42.736+0000] {processor.py:208} INFO - Processing /home/ubuntu/airflow-venv/lib/python3.12/site-packages/airflow/example_dags/example_setup_teardown.py took 0.079 seconds
[2024-11-14T07:57:42.573+0000] {processor.py:186} INFO - Started process (PID=5157) to work on /home/ubuntu/airflow-venv/lib/python3.12/site-packages/airflow/example_dags/example_setup_teardown.py
[2024-11-14T07:57:42.574+0000] {processor.py:914} INFO - Processing file /home/ubuntu/airflow-venv/lib/python3.12/site-packages/airflow/example_dags/example_setup_teardown.py for tasks to queue
[2024-11-14T07:57:42.576+0000] {logging_mixin.py:190} INFO - [2024-11-14T07:57:42.575+0000] {dagbag.py:588} INFO - Filling up the DagBag from /home/ubuntu/airflow-venv/lib/python3.12/site-packages/airflow/example_dags/example_setup_teardown.py
[2024-11-14T07:57:42.588+0000] {processor.py:925} INFO - DAG(s) 'example_setup_teardown' retrieved from /home/ubuntu/airflow-venv/lib/python3.12/site-packages/airflow/example_dags/example_setup_teardown.py
[2024-11-14T07:57:42.611+0000] {logging_mixin.py:190} INFO - [2024-11-14T07:57:42.610+0000] {dag.py:3239} INFO - Sync 1 DAGs
[2024-11-14T07:57:42.625+0000] {logging_mixin.py:190} INFO - [2024-11-14T07:57:42.625+0000] {dag.py:4180} INFO - Setting next_dagrun for example_setup_teardown to None, run_after=None
[2024-11-14T07:57:42.660+0000] {processor.py:208} INFO - Processing /home/ubuntu/airflow-venv/lib/python3.12/site-packages/airflow/example_dags/example_setup_teardown.py took 0.094 seconds
[2024-11-14T07:58:42.316+0000] {processor.py:186} INFO - Started process (PID=5217) to work on /home/ubuntu/airflow-venv/lib/python3.12/site-packages/airflow/example_dags/example_setup_teardown.py
[2024-11-14T07:58:42.317+0000] {processor.py:914} INFO - Processing file /home/ubuntu/airflow-venv/lib/python3.12/site-packages/airflow/example_dags/example_setup_teardown.py for tasks to queue
[2024-11-14T07:58:42.319+0000] {logging_mixin.py:190} INFO - [2024-11-14T07:58:42.318+0000] {dagbag.py:588} INFO - Filling up the DagBag from /home/ubuntu/airflow-venv/lib/python3.12/site-packages/airflow/example_dags/example_setup_teardown.py
[2024-11-14T07:58:42.328+0000] {processor.py:925} INFO - DAG(s) 'example_setup_teardown' retrieved from /home/ubuntu/airflow-venv/lib/python3.12/site-packages/airflow/example_dags/example_setup_teardown.py
[2024-11-14T07:58:42.346+0000] {logging_mixin.py:190} INFO - [2024-11-14T07:58:42.346+0000] {dag.py:3239} INFO - Sync 1 DAGs
[2024-11-14T07:58:42.359+0000] {logging_mixin.py:190} INFO - [2024-11-14T07:58:42.358+0000] {dag.py:4180} INFO - Setting next_dagrun for example_setup_teardown to None, run_after=None
[2024-11-14T07:58:42.382+0000] {processor.py:208} INFO - Processing /home/ubuntu/airflow-venv/lib/python3.12/site-packages/airflow/example_dags/example_setup_teardown.py took 0.072 seconds
[2024-11-14T07:59:43.019+0000] {processor.py:186} INFO - Started process (PID=5277) to work on /home/ubuntu/airflow-venv/lib/python3.12/site-packages/airflow/example_dags/example_setup_teardown.py
[2024-11-14T07:59:43.022+0000] {processor.py:914} INFO - Processing file /home/ubuntu/airflow-venv/lib/python3.12/site-packages/airflow/example_dags/example_setup_teardown.py for tasks to queue
[2024-11-14T07:59:43.025+0000] {logging_mixin.py:190} INFO - [2024-11-14T07:59:43.024+0000] {dagbag.py:588} INFO - Filling up the DagBag from /home/ubuntu/airflow-venv/lib/python3.12/site-packages/airflow/example_dags/example_setup_teardown.py
[2024-11-14T07:59:43.050+0000] {processor.py:925} INFO - DAG(s) 'example_setup_teardown' retrieved from /home/ubuntu/airflow-venv/lib/python3.12/site-packages/airflow/example_dags/example_setup_teardown.py
[2024-11-14T07:59:43.074+0000] {logging_mixin.py:190} INFO - [2024-11-14T07:59:43.074+0000] {dag.py:3239} INFO - Sync 1 DAGs
[2024-11-14T07:59:43.088+0000] {logging_mixin.py:190} INFO - [2024-11-14T07:59:43.088+0000] {dag.py:4180} INFO - Setting next_dagrun for example_setup_teardown to None, run_after=None
[2024-11-14T07:59:43.112+0000] {processor.py:208} INFO - Processing /home/ubuntu/airflow-venv/lib/python3.12/site-packages/airflow/example_dags/example_setup_teardown.py took 0.099 seconds
[2024-11-14T08:00:43.606+0000] {processor.py:186} INFO - Started process (PID=5339) to work on /home/ubuntu/airflow-venv/lib/python3.12/site-packages/airflow/example_dags/example_setup_teardown.py
[2024-11-14T08:00:43.607+0000] {processor.py:914} INFO - Processing file /home/ubuntu/airflow-venv/lib/python3.12/site-packages/airflow/example_dags/example_setup_teardown.py for tasks to queue
[2024-11-14T08:00:43.609+0000] {logging_mixin.py:190} INFO - [2024-11-14T08:00:43.608+0000] {dagbag.py:588} INFO - Filling up the DagBag from /home/ubuntu/airflow-venv/lib/python3.12/site-packages/airflow/example_dags/example_setup_teardown.py
[2024-11-14T08:00:43.619+0000] {processor.py:925} INFO - DAG(s) 'example_setup_teardown' retrieved from /home/ubuntu/airflow-venv/lib/python3.12/site-packages/airflow/example_dags/example_setup_teardown.py
[2024-11-14T08:00:43.640+0000] {logging_mixin.py:190} INFO - [2024-11-14T08:00:43.639+0000] {dag.py:3239} INFO - Sync 1 DAGs
[2024-11-14T08:00:43.654+0000] {logging_mixin.py:190} INFO - [2024-11-14T08:00:43.654+0000] {dag.py:4180} INFO - Setting next_dagrun for example_setup_teardown to None, run_after=None
[2024-11-14T08:00:43.679+0000] {processor.py:208} INFO - Processing /home/ubuntu/airflow-venv/lib/python3.12/site-packages/airflow/example_dags/example_setup_teardown.py took 0.080 seconds
[2024-11-14T08:01:42.951+0000] {processor.py:186} INFO - Started process (PID=5403) to work on /home/ubuntu/airflow-venv/lib/python3.12/site-packages/airflow/example_dags/example_setup_teardown.py
[2024-11-14T08:01:42.953+0000] {processor.py:914} INFO - Processing file /home/ubuntu/airflow-venv/lib/python3.12/site-packages/airflow/example_dags/example_setup_teardown.py for tasks to queue
[2024-11-14T08:01:42.954+0000] {logging_mixin.py:190} INFO - [2024-11-14T08:01:42.954+0000] {dagbag.py:588} INFO - Filling up the DagBag from /home/ubuntu/airflow-venv/lib/python3.12/site-packages/airflow/example_dags/example_setup_teardown.py
[2024-11-14T08:01:42.966+0000] {processor.py:925} INFO - DAG(s) 'example_setup_teardown' retrieved from /home/ubuntu/airflow-venv/lib/python3.12/site-packages/airflow/example_dags/example_setup_teardown.py
[2024-11-14T08:01:42.988+0000] {logging_mixin.py:190} INFO - [2024-11-14T08:01:42.988+0000] {dag.py:3239} INFO - Sync 1 DAGs
[2024-11-14T08:01:43.005+0000] {logging_mixin.py:190} INFO - [2024-11-14T08:01:43.005+0000] {dag.py:4180} INFO - Setting next_dagrun for example_setup_teardown to None, run_after=None
[2024-11-14T08:01:43.052+0000] {processor.py:208} INFO - Processing /home/ubuntu/airflow-venv/lib/python3.12/site-packages/airflow/example_dags/example_setup_teardown.py took 0.107 seconds
[2024-11-14T08:02:42.418+0000] {processor.py:186} INFO - Started process (PID=5466) to work on /home/ubuntu/airflow-venv/lib/python3.12/site-packages/airflow/example_dags/example_setup_teardown.py
[2024-11-14T08:02:42.420+0000] {processor.py:914} INFO - Processing file /home/ubuntu/airflow-venv/lib/python3.12/site-packages/airflow/example_dags/example_setup_teardown.py for tasks to queue
[2024-11-14T08:02:42.422+0000] {logging_mixin.py:190} INFO - [2024-11-14T08:02:42.421+0000] {dagbag.py:588} INFO - Filling up the DagBag from /home/ubuntu/airflow-venv/lib/python3.12/site-packages/airflow/example_dags/example_setup_teardown.py
[2024-11-14T08:02:42.435+0000] {processor.py:925} INFO - DAG(s) 'example_setup_teardown' retrieved from /home/ubuntu/airflow-venv/lib/python3.12/site-packages/airflow/example_dags/example_setup_teardown.py
[2024-11-14T08:02:42.459+0000] {logging_mixin.py:190} INFO - [2024-11-14T08:02:42.458+0000] {dag.py:3239} INFO - Sync 1 DAGs
[2024-11-14T08:02:42.484+0000] {logging_mixin.py:190} INFO - [2024-11-14T08:02:42.484+0000] {dag.py:4180} INFO - Setting next_dagrun for example_setup_teardown to None, run_after=None
[2024-11-14T08:02:42.524+0000] {processor.py:208} INFO - Processing /home/ubuntu/airflow-venv/lib/python3.12/site-packages/airflow/example_dags/example_setup_teardown.py took 0.116 seconds
