[2024-11-14T07:41:06.263+0000] {processor.py:186} INFO - Started process (PID=3709) to work on /home/ubuntu/airflow-venv/lib/python3.12/site-packages/airflow/example_dags/example_latest_only_with_trigger.py
[2024-11-14T07:41:06.269+0000] {processor.py:914} INFO - Processing file /home/ubuntu/airflow-venv/lib/python3.12/site-packages/airflow/example_dags/example_latest_only_with_trigger.py for tasks to queue
[2024-11-14T07:41:06.272+0000] {logging_mixin.py:190} INFO - [2024-11-14T07:41:06.271+0000] {dagbag.py:588} INFO - Filling up the DagBag from /home/ubuntu/airflow-venv/lib/python3.12/site-packages/airflow/example_dags/example_latest_only_with_trigger.py
[2024-11-14T07:41:06.289+0000] {processor.py:925} INFO - DAG(s) 'latest_only_with_trigger' retrieved from /home/ubuntu/airflow-venv/lib/python3.12/site-packages/airflow/example_dags/example_latest_only_with_trigger.py
[2024-11-14T07:41:06.409+0000] {logging_mixin.py:190} INFO - [2024-11-14T07:41:06.408+0000] {override.py:1911} INFO - Created Permission View: can delete on DAG:latest_only_with_trigger
[2024-11-14T07:41:06.423+0000] {logging_mixin.py:190} INFO - [2024-11-14T07:41:06.422+0000] {override.py:1911} INFO - Created Permission View: can read on DAG:latest_only_with_trigger
[2024-11-14T07:41:06.433+0000] {logging_mixin.py:190} INFO - [2024-11-14T07:41:06.432+0000] {override.py:1911} INFO - Created Permission View: can edit on DAG:latest_only_with_trigger
[2024-11-14T07:41:06.448+0000] {logging_mixin.py:190} INFO - [2024-11-14T07:41:06.448+0000] {override.py:1911} INFO - Created Permission View: can delete on DAG Run:latest_only_with_trigger
[2024-11-14T07:41:06.458+0000] {logging_mixin.py:190} INFO - [2024-11-14T07:41:06.458+0000] {override.py:1911} INFO - Created Permission View: can create on DAG Run:latest_only_with_trigger
[2024-11-14T07:41:06.468+0000] {logging_mixin.py:190} INFO - [2024-11-14T07:41:06.468+0000] {override.py:1911} INFO - Created Permission View: can read on DAG Run:latest_only_with_trigger
[2024-11-14T07:41:06.478+0000] {logging_mixin.py:190} INFO - [2024-11-14T07:41:06.478+0000] {override.py:1911} INFO - Created Permission View: menu access on DAG Run:latest_only_with_trigger
[2024-11-14T07:41:06.479+0000] {logging_mixin.py:190} INFO - [2024-11-14T07:41:06.478+0000] {dag.py:3239} INFO - Sync 1 DAGs
[2024-11-14T07:41:06.490+0000] {logging_mixin.py:190} INFO - [2024-11-14T07:41:06.489+0000] {dag.py:3262} INFO - Creating ORM DAG for latest_only_with_trigger
[2024-11-14T07:41:06.498+0000] {logging_mixin.py:190} INFO - [2024-11-14T07:41:06.498+0000] {dag.py:4180} INFO - Setting next_dagrun for latest_only_with_trigger to 2024-11-14 00:00:00+00:00, run_after=2024-11-14 04:00:00+00:00
[2024-11-14T07:41:06.520+0000] {processor.py:208} INFO - Processing /home/ubuntu/airflow-venv/lib/python3.12/site-packages/airflow/example_dags/example_latest_only_with_trigger.py took 0.266 seconds
[2024-11-14T07:42:16.539+0000] {processor.py:186} INFO - Started process (PID=3772) to work on /home/ubuntu/airflow-venv/lib/python3.12/site-packages/airflow/example_dags/example_latest_only_with_trigger.py
[2024-11-14T07:42:16.541+0000] {processor.py:914} INFO - Processing file /home/ubuntu/airflow-venv/lib/python3.12/site-packages/airflow/example_dags/example_latest_only_with_trigger.py for tasks to queue
[2024-11-14T07:42:16.545+0000] {logging_mixin.py:190} INFO - [2024-11-14T07:42:16.544+0000] {dagbag.py:588} INFO - Filling up the DagBag from /home/ubuntu/airflow-venv/lib/python3.12/site-packages/airflow/example_dags/example_latest_only_with_trigger.py
[2024-11-14T07:42:16.559+0000] {processor.py:925} INFO - DAG(s) 'latest_only_with_trigger' retrieved from /home/ubuntu/airflow-venv/lib/python3.12/site-packages/airflow/example_dags/example_latest_only_with_trigger.py
[2024-11-14T07:42:16.587+0000] {logging_mixin.py:190} INFO - [2024-11-14T07:42:16.587+0000] {dag.py:3239} INFO - Sync 1 DAGs
[2024-11-14T07:42:16.613+0000] {logging_mixin.py:190} INFO - [2024-11-14T07:42:16.613+0000] {dag.py:4180} INFO - Setting next_dagrun for latest_only_with_trigger to 2024-11-14 00:00:00+00:00, run_after=2024-11-14 04:00:00+00:00
[2024-11-14T07:42:16.639+0000] {processor.py:208} INFO - Processing /home/ubuntu/airflow-venv/lib/python3.12/site-packages/airflow/example_dags/example_latest_only_with_trigger.py took 0.113 seconds
[2024-11-14T07:43:13.572+0000] {processor.py:186} INFO - Started process (PID=3830) to work on /home/ubuntu/airflow-venv/lib/python3.12/site-packages/airflow/example_dags/example_latest_only_with_trigger.py
[2024-11-14T07:43:13.574+0000] {processor.py:914} INFO - Processing file /home/ubuntu/airflow-venv/lib/python3.12/site-packages/airflow/example_dags/example_latest_only_with_trigger.py for tasks to queue
[2024-11-14T07:43:13.576+0000] {logging_mixin.py:190} INFO - [2024-11-14T07:43:13.576+0000] {dagbag.py:588} INFO - Filling up the DagBag from /home/ubuntu/airflow-venv/lib/python3.12/site-packages/airflow/example_dags/example_latest_only_with_trigger.py
[2024-11-14T07:43:13.585+0000] {processor.py:925} INFO - DAG(s) 'latest_only_with_trigger' retrieved from /home/ubuntu/airflow-venv/lib/python3.12/site-packages/airflow/example_dags/example_latest_only_with_trigger.py
[2024-11-14T07:43:13.607+0000] {logging_mixin.py:190} INFO - [2024-11-14T07:43:13.606+0000] {dag.py:3239} INFO - Sync 1 DAGs
[2024-11-14T07:43:13.630+0000] {logging_mixin.py:190} INFO - [2024-11-14T07:43:13.629+0000] {dag.py:4180} INFO - Setting next_dagrun for latest_only_with_trigger to 2024-11-14 00:00:00+00:00, run_after=2024-11-14 04:00:00+00:00
[2024-11-14T07:43:13.654+0000] {processor.py:208} INFO - Processing /home/ubuntu/airflow-venv/lib/python3.12/site-packages/airflow/example_dags/example_latest_only_with_trigger.py took 0.088 seconds
[2024-11-14T07:44:10.237+0000] {processor.py:186} INFO - Started process (PID=3887) to work on /home/ubuntu/airflow-venv/lib/python3.12/site-packages/airflow/example_dags/example_latest_only_with_trigger.py
[2024-11-14T07:44:10.238+0000] {processor.py:914} INFO - Processing file /home/ubuntu/airflow-venv/lib/python3.12/site-packages/airflow/example_dags/example_latest_only_with_trigger.py for tasks to queue
[2024-11-14T07:44:10.242+0000] {logging_mixin.py:190} INFO - [2024-11-14T07:44:10.241+0000] {dagbag.py:588} INFO - Filling up the DagBag from /home/ubuntu/airflow-venv/lib/python3.12/site-packages/airflow/example_dags/example_latest_only_with_trigger.py
[2024-11-14T07:44:10.255+0000] {processor.py:925} INFO - DAG(s) 'latest_only_with_trigger' retrieved from /home/ubuntu/airflow-venv/lib/python3.12/site-packages/airflow/example_dags/example_latest_only_with_trigger.py
[2024-11-14T07:44:10.281+0000] {logging_mixin.py:190} INFO - [2024-11-14T07:44:10.281+0000] {dag.py:3239} INFO - Sync 1 DAGs
[2024-11-14T07:44:10.311+0000] {logging_mixin.py:190} INFO - [2024-11-14T07:44:10.311+0000] {dag.py:4180} INFO - Setting next_dagrun for latest_only_with_trigger to 2024-11-14 00:00:00+00:00, run_after=2024-11-14 04:00:00+00:00
[2024-11-14T07:44:10.340+0000] {processor.py:208} INFO - Processing /home/ubuntu/airflow-venv/lib/python3.12/site-packages/airflow/example_dags/example_latest_only_with_trigger.py took 0.109 seconds
[2024-11-14T07:45:08.456+0000] {processor.py:186} INFO - Started process (PID=3947) to work on /home/ubuntu/airflow-venv/lib/python3.12/site-packages/airflow/example_dags/example_latest_only_with_trigger.py
[2024-11-14T07:45:08.457+0000] {processor.py:914} INFO - Processing file /home/ubuntu/airflow-venv/lib/python3.12/site-packages/airflow/example_dags/example_latest_only_with_trigger.py for tasks to queue
[2024-11-14T07:45:08.460+0000] {logging_mixin.py:190} INFO - [2024-11-14T07:45:08.459+0000] {dagbag.py:588} INFO - Filling up the DagBag from /home/ubuntu/airflow-venv/lib/python3.12/site-packages/airflow/example_dags/example_latest_only_with_trigger.py
[2024-11-14T07:45:08.469+0000] {processor.py:925} INFO - DAG(s) 'latest_only_with_trigger' retrieved from /home/ubuntu/airflow-venv/lib/python3.12/site-packages/airflow/example_dags/example_latest_only_with_trigger.py
[2024-11-14T07:45:08.488+0000] {logging_mixin.py:190} INFO - [2024-11-14T07:45:08.488+0000] {dag.py:3239} INFO - Sync 1 DAGs
[2024-11-14T07:45:08.509+0000] {logging_mixin.py:190} INFO - [2024-11-14T07:45:08.509+0000] {dag.py:4180} INFO - Setting next_dagrun for latest_only_with_trigger to 2024-11-14 00:00:00+00:00, run_after=2024-11-14 04:00:00+00:00
[2024-11-14T07:45:08.532+0000] {processor.py:208} INFO - Processing /home/ubuntu/airflow-venv/lib/python3.12/site-packages/airflow/example_dags/example_latest_only_with_trigger.py took 0.082 seconds
[2024-11-14T07:46:02.587+0000] {processor.py:186} INFO - Started process (PID=4006) to work on /home/ubuntu/airflow-venv/lib/python3.12/site-packages/airflow/example_dags/example_latest_only_with_trigger.py
[2024-11-14T07:46:02.589+0000] {processor.py:914} INFO - Processing file /home/ubuntu/airflow-venv/lib/python3.12/site-packages/airflow/example_dags/example_latest_only_with_trigger.py for tasks to queue
[2024-11-14T07:46:02.591+0000] {logging_mixin.py:190} INFO - [2024-11-14T07:46:02.591+0000] {dagbag.py:588} INFO - Filling up the DagBag from /home/ubuntu/airflow-venv/lib/python3.12/site-packages/airflow/example_dags/example_latest_only_with_trigger.py
[2024-11-14T07:46:02.601+0000] {processor.py:925} INFO - DAG(s) 'latest_only_with_trigger' retrieved from /home/ubuntu/airflow-venv/lib/python3.12/site-packages/airflow/example_dags/example_latest_only_with_trigger.py
[2024-11-14T07:46:02.624+0000] {logging_mixin.py:190} INFO - [2024-11-14T07:46:02.623+0000] {dag.py:3239} INFO - Sync 1 DAGs
[2024-11-14T07:46:02.660+0000] {logging_mixin.py:190} INFO - [2024-11-14T07:46:02.660+0000] {dag.py:4180} INFO - Setting next_dagrun for latest_only_with_trigger to 2024-11-14 00:00:00+00:00, run_after=2024-11-14 04:00:00+00:00
[2024-11-14T07:46:02.689+0000] {processor.py:208} INFO - Processing /home/ubuntu/airflow-venv/lib/python3.12/site-packages/airflow/example_dags/example_latest_only_with_trigger.py took 0.110 seconds
[2024-11-14T07:46:57.084+0000] {processor.py:186} INFO - Started process (PID=4064) to work on /home/ubuntu/airflow-venv/lib/python3.12/site-packages/airflow/example_dags/example_latest_only_with_trigger.py
[2024-11-14T07:46:57.087+0000] {processor.py:914} INFO - Processing file /home/ubuntu/airflow-venv/lib/python3.12/site-packages/airflow/example_dags/example_latest_only_with_trigger.py for tasks to queue
[2024-11-14T07:46:57.093+0000] {logging_mixin.py:190} INFO - [2024-11-14T07:46:57.093+0000] {dagbag.py:588} INFO - Filling up the DagBag from /home/ubuntu/airflow-venv/lib/python3.12/site-packages/airflow/example_dags/example_latest_only_with_trigger.py
[2024-11-14T07:46:57.114+0000] {processor.py:925} INFO - DAG(s) 'latest_only_with_trigger' retrieved from /home/ubuntu/airflow-venv/lib/python3.12/site-packages/airflow/example_dags/example_latest_only_with_trigger.py
[2024-11-14T07:46:57.140+0000] {logging_mixin.py:190} INFO - [2024-11-14T07:46:57.139+0000] {dag.py:3239} INFO - Sync 1 DAGs
[2024-11-14T07:46:57.172+0000] {logging_mixin.py:190} INFO - [2024-11-14T07:46:57.172+0000] {dag.py:4180} INFO - Setting next_dagrun for latest_only_with_trigger to 2024-11-14 00:00:00+00:00, run_after=2024-11-14 04:00:00+00:00
[2024-11-14T07:46:57.215+0000] {processor.py:208} INFO - Processing /home/ubuntu/airflow-venv/lib/python3.12/site-packages/airflow/example_dags/example_latest_only_with_trigger.py took 0.141 seconds
[2024-11-14T07:47:52.203+0000] {processor.py:186} INFO - Started process (PID=4279) to work on /home/ubuntu/airflow-venv/lib/python3.12/site-packages/airflow/example_dags/example_latest_only_with_trigger.py
[2024-11-14T07:47:52.205+0000] {processor.py:914} INFO - Processing file /home/ubuntu/airflow-venv/lib/python3.12/site-packages/airflow/example_dags/example_latest_only_with_trigger.py for tasks to queue
[2024-11-14T07:47:52.208+0000] {logging_mixin.py:190} INFO - [2024-11-14T07:47:52.207+0000] {dagbag.py:588} INFO - Filling up the DagBag from /home/ubuntu/airflow-venv/lib/python3.12/site-packages/airflow/example_dags/example_latest_only_with_trigger.py
[2024-11-14T07:47:52.218+0000] {processor.py:925} INFO - DAG(s) 'latest_only_with_trigger' retrieved from /home/ubuntu/airflow-venv/lib/python3.12/site-packages/airflow/example_dags/example_latest_only_with_trigger.py
[2024-11-14T07:47:52.242+0000] {logging_mixin.py:190} INFO - [2024-11-14T07:47:52.242+0000] {dag.py:3239} INFO - Sync 1 DAGs
[2024-11-14T07:47:52.265+0000] {logging_mixin.py:190} INFO - [2024-11-14T07:47:52.265+0000] {dag.py:4180} INFO - Setting next_dagrun for latest_only_with_trigger to 2024-11-14 00:00:00+00:00, run_after=2024-11-14 04:00:00+00:00
[2024-11-14T07:47:52.309+0000] {processor.py:208} INFO - Processing /home/ubuntu/airflow-venv/lib/python3.12/site-packages/airflow/example_dags/example_latest_only_with_trigger.py took 0.113 seconds
[2024-11-14T07:48:58.570+0000] {processor.py:186} INFO - Started process (PID=4625) to work on /home/ubuntu/airflow-venv/lib/python3.12/site-packages/airflow/example_dags/example_latest_only_with_trigger.py
[2024-11-14T07:48:58.572+0000] {processor.py:914} INFO - Processing file /home/ubuntu/airflow-venv/lib/python3.12/site-packages/airflow/example_dags/example_latest_only_with_trigger.py for tasks to queue
[2024-11-14T07:48:58.575+0000] {logging_mixin.py:190} INFO - [2024-11-14T07:48:58.574+0000] {dagbag.py:588} INFO - Filling up the DagBag from /home/ubuntu/airflow-venv/lib/python3.12/site-packages/airflow/example_dags/example_latest_only_with_trigger.py
[2024-11-14T07:48:58.588+0000] {processor.py:925} INFO - DAG(s) 'latest_only_with_trigger' retrieved from /home/ubuntu/airflow-venv/lib/python3.12/site-packages/airflow/example_dags/example_latest_only_with_trigger.py
[2024-11-14T07:48:58.614+0000] {logging_mixin.py:190} INFO - [2024-11-14T07:48:58.613+0000] {dag.py:3239} INFO - Sync 1 DAGs
[2024-11-14T07:48:58.644+0000] {logging_mixin.py:190} INFO - [2024-11-14T07:48:58.644+0000] {dag.py:4180} INFO - Setting next_dagrun for latest_only_with_trigger to 2024-11-14 00:00:00+00:00, run_after=2024-11-14 04:00:00+00:00
[2024-11-14T07:48:58.683+0000] {processor.py:208} INFO - Processing /home/ubuntu/airflow-venv/lib/python3.12/site-packages/airflow/example_dags/example_latest_only_with_trigger.py took 0.125 seconds
[2024-11-14T07:49:58.308+0000] {processor.py:186} INFO - Started process (PID=4683) to work on /home/ubuntu/airflow-venv/lib/python3.12/site-packages/airflow/example_dags/example_latest_only_with_trigger.py
[2024-11-14T07:49:58.309+0000] {processor.py:914} INFO - Processing file /home/ubuntu/airflow-venv/lib/python3.12/site-packages/airflow/example_dags/example_latest_only_with_trigger.py for tasks to queue
[2024-11-14T07:49:58.312+0000] {logging_mixin.py:190} INFO - [2024-11-14T07:49:58.312+0000] {dagbag.py:588} INFO - Filling up the DagBag from /home/ubuntu/airflow-venv/lib/python3.12/site-packages/airflow/example_dags/example_latest_only_with_trigger.py
[2024-11-14T07:49:58.322+0000] {processor.py:925} INFO - DAG(s) 'latest_only_with_trigger' retrieved from /home/ubuntu/airflow-venv/lib/python3.12/site-packages/airflow/example_dags/example_latest_only_with_trigger.py
[2024-11-14T07:49:58.342+0000] {logging_mixin.py:190} INFO - [2024-11-14T07:49:58.342+0000] {dag.py:3239} INFO - Sync 1 DAGs
[2024-11-14T07:49:58.366+0000] {logging_mixin.py:190} INFO - [2024-11-14T07:49:58.366+0000] {dag.py:4180} INFO - Setting next_dagrun for latest_only_with_trigger to 2024-11-14 00:00:00+00:00, run_after=2024-11-14 04:00:00+00:00
[2024-11-14T07:49:58.393+0000] {processor.py:208} INFO - Processing /home/ubuntu/airflow-venv/lib/python3.12/site-packages/airflow/example_dags/example_latest_only_with_trigger.py took 0.092 seconds
[2024-11-14T07:51:03.646+0000] {processor.py:186} INFO - Started process (PID=4751) to work on /home/ubuntu/airflow-venv/lib/python3.12/site-packages/airflow/example_dags/example_latest_only_with_trigger.py
[2024-11-14T07:51:03.647+0000] {processor.py:914} INFO - Processing file /home/ubuntu/airflow-venv/lib/python3.12/site-packages/airflow/example_dags/example_latest_only_with_trigger.py for tasks to queue
[2024-11-14T07:51:03.649+0000] {logging_mixin.py:190} INFO - [2024-11-14T07:51:03.649+0000] {dagbag.py:588} INFO - Filling up the DagBag from /home/ubuntu/airflow-venv/lib/python3.12/site-packages/airflow/example_dags/example_latest_only_with_trigger.py
[2024-11-14T07:51:03.661+0000] {processor.py:925} INFO - DAG(s) 'latest_only_with_trigger' retrieved from /home/ubuntu/airflow-venv/lib/python3.12/site-packages/airflow/example_dags/example_latest_only_with_trigger.py
[2024-11-14T07:51:03.684+0000] {logging_mixin.py:190} INFO - [2024-11-14T07:51:03.684+0000] {dag.py:3239} INFO - Sync 1 DAGs
[2024-11-14T07:51:03.709+0000] {logging_mixin.py:190} INFO - [2024-11-14T07:51:03.708+0000] {dag.py:4180} INFO - Setting next_dagrun for latest_only_with_trigger to 2024-11-14 00:00:00+00:00, run_after=2024-11-14 04:00:00+00:00
[2024-11-14T07:51:03.735+0000] {processor.py:208} INFO - Processing /home/ubuntu/airflow-venv/lib/python3.12/site-packages/airflow/example_dags/example_latest_only_with_trigger.py took 0.096 seconds
[2024-11-14T07:52:05.163+0000] {processor.py:186} INFO - Started process (PID=4811) to work on /home/ubuntu/airflow-venv/lib/python3.12/site-packages/airflow/example_dags/example_latest_only_with_trigger.py
[2024-11-14T07:52:05.165+0000] {processor.py:914} INFO - Processing file /home/ubuntu/airflow-venv/lib/python3.12/site-packages/airflow/example_dags/example_latest_only_with_trigger.py for tasks to queue
[2024-11-14T07:52:05.166+0000] {logging_mixin.py:190} INFO - [2024-11-14T07:52:05.166+0000] {dagbag.py:588} INFO - Filling up the DagBag from /home/ubuntu/airflow-venv/lib/python3.12/site-packages/airflow/example_dags/example_latest_only_with_trigger.py
[2024-11-14T07:52:05.177+0000] {processor.py:925} INFO - DAG(s) 'latest_only_with_trigger' retrieved from /home/ubuntu/airflow-venv/lib/python3.12/site-packages/airflow/example_dags/example_latest_only_with_trigger.py
[2024-11-14T07:52:05.196+0000] {logging_mixin.py:190} INFO - [2024-11-14T07:52:05.196+0000] {dag.py:3239} INFO - Sync 1 DAGs
[2024-11-14T07:52:05.217+0000] {logging_mixin.py:190} INFO - [2024-11-14T07:52:05.217+0000] {dag.py:4180} INFO - Setting next_dagrun for latest_only_with_trigger to 2024-11-14 00:00:00+00:00, run_after=2024-11-14 04:00:00+00:00
[2024-11-14T07:52:05.248+0000] {processor.py:208} INFO - Processing /home/ubuntu/airflow-venv/lib/python3.12/site-packages/airflow/example_dags/example_latest_only_with_trigger.py took 0.091 seconds
[2024-11-14T07:53:03.439+0000] {processor.py:186} INFO - Started process (PID=4871) to work on /home/ubuntu/airflow-venv/lib/python3.12/site-packages/airflow/example_dags/example_latest_only_with_trigger.py
[2024-11-14T07:53:03.441+0000] {processor.py:914} INFO - Processing file /home/ubuntu/airflow-venv/lib/python3.12/site-packages/airflow/example_dags/example_latest_only_with_trigger.py for tasks to queue
[2024-11-14T07:53:03.442+0000] {logging_mixin.py:190} INFO - [2024-11-14T07:53:03.442+0000] {dagbag.py:588} INFO - Filling up the DagBag from /home/ubuntu/airflow-venv/lib/python3.12/site-packages/airflow/example_dags/example_latest_only_with_trigger.py
[2024-11-14T07:53:03.452+0000] {processor.py:925} INFO - DAG(s) 'latest_only_with_trigger' retrieved from /home/ubuntu/airflow-venv/lib/python3.12/site-packages/airflow/example_dags/example_latest_only_with_trigger.py
[2024-11-14T07:53:03.471+0000] {logging_mixin.py:190} INFO - [2024-11-14T07:53:03.471+0000] {dag.py:3239} INFO - Sync 1 DAGs
[2024-11-14T07:53:03.492+0000] {logging_mixin.py:190} INFO - [2024-11-14T07:53:03.492+0000] {dag.py:4180} INFO - Setting next_dagrun for latest_only_with_trigger to 2024-11-14 00:00:00+00:00, run_after=2024-11-14 04:00:00+00:00
[2024-11-14T07:53:03.515+0000] {processor.py:208} INFO - Processing /home/ubuntu/airflow-venv/lib/python3.12/site-packages/airflow/example_dags/example_latest_only_with_trigger.py took 0.082 seconds
[2024-11-14T07:54:01.413+0000] {processor.py:186} INFO - Started process (PID=4932) to work on /home/ubuntu/airflow-venv/lib/python3.12/site-packages/airflow/example_dags/example_latest_only_with_trigger.py
[2024-11-14T07:54:01.414+0000] {processor.py:914} INFO - Processing file /home/ubuntu/airflow-venv/lib/python3.12/site-packages/airflow/example_dags/example_latest_only_with_trigger.py for tasks to queue
[2024-11-14T07:54:01.416+0000] {logging_mixin.py:190} INFO - [2024-11-14T07:54:01.416+0000] {dagbag.py:588} INFO - Filling up the DagBag from /home/ubuntu/airflow-venv/lib/python3.12/site-packages/airflow/example_dags/example_latest_only_with_trigger.py
[2024-11-14T07:54:01.426+0000] {processor.py:925} INFO - DAG(s) 'latest_only_with_trigger' retrieved from /home/ubuntu/airflow-venv/lib/python3.12/site-packages/airflow/example_dags/example_latest_only_with_trigger.py
[2024-11-14T07:54:01.445+0000] {logging_mixin.py:190} INFO - [2024-11-14T07:54:01.444+0000] {dag.py:3239} INFO - Sync 1 DAGs
[2024-11-14T07:54:01.472+0000] {logging_mixin.py:190} INFO - [2024-11-14T07:54:01.471+0000] {dag.py:4180} INFO - Setting next_dagrun for latest_only_with_trigger to 2024-11-14 00:00:00+00:00, run_after=2024-11-14 04:00:00+00:00
[2024-11-14T07:54:01.512+0000] {processor.py:208} INFO - Processing /home/ubuntu/airflow-venv/lib/python3.12/site-packages/airflow/example_dags/example_latest_only_with_trigger.py took 0.106 seconds
[2024-11-14T07:55:02.353+0000] {processor.py:186} INFO - Started process (PID=4994) to work on /home/ubuntu/airflow-venv/lib/python3.12/site-packages/airflow/example_dags/example_latest_only_with_trigger.py
[2024-11-14T07:55:02.354+0000] {processor.py:914} INFO - Processing file /home/ubuntu/airflow-venv/lib/python3.12/site-packages/airflow/example_dags/example_latest_only_with_trigger.py for tasks to queue
[2024-11-14T07:55:02.356+0000] {logging_mixin.py:190} INFO - [2024-11-14T07:55:02.356+0000] {dagbag.py:588} INFO - Filling up the DagBag from /home/ubuntu/airflow-venv/lib/python3.12/site-packages/airflow/example_dags/example_latest_only_with_trigger.py
[2024-11-14T07:55:02.367+0000] {processor.py:925} INFO - DAG(s) 'latest_only_with_trigger' retrieved from /home/ubuntu/airflow-venv/lib/python3.12/site-packages/airflow/example_dags/example_latest_only_with_trigger.py
[2024-11-14T07:55:02.387+0000] {logging_mixin.py:190} INFO - [2024-11-14T07:55:02.386+0000] {dag.py:3239} INFO - Sync 1 DAGs
[2024-11-14T07:55:02.409+0000] {logging_mixin.py:190} INFO - [2024-11-14T07:55:02.409+0000] {dag.py:4180} INFO - Setting next_dagrun for latest_only_with_trigger to 2024-11-14 00:00:00+00:00, run_after=2024-11-14 04:00:00+00:00
[2024-11-14T07:55:02.432+0000] {processor.py:208} INFO - Processing /home/ubuntu/airflow-venv/lib/python3.12/site-packages/airflow/example_dags/example_latest_only_with_trigger.py took 0.087 seconds
[2024-11-14T07:56:04.307+0000] {processor.py:186} INFO - Started process (PID=5055) to work on /home/ubuntu/airflow-venv/lib/python3.12/site-packages/airflow/example_dags/example_latest_only_with_trigger.py
[2024-11-14T07:56:04.309+0000] {processor.py:914} INFO - Processing file /home/ubuntu/airflow-venv/lib/python3.12/site-packages/airflow/example_dags/example_latest_only_with_trigger.py for tasks to queue
[2024-11-14T07:56:04.310+0000] {logging_mixin.py:190} INFO - [2024-11-14T07:56:04.310+0000] {dagbag.py:588} INFO - Filling up the DagBag from /home/ubuntu/airflow-venv/lib/python3.12/site-packages/airflow/example_dags/example_latest_only_with_trigger.py
[2024-11-14T07:56:04.320+0000] {processor.py:925} INFO - DAG(s) 'latest_only_with_trigger' retrieved from /home/ubuntu/airflow-venv/lib/python3.12/site-packages/airflow/example_dags/example_latest_only_with_trigger.py
[2024-11-14T07:56:04.339+0000] {logging_mixin.py:190} INFO - [2024-11-14T07:56:04.339+0000] {dag.py:3239} INFO - Sync 1 DAGs
[2024-11-14T07:56:04.365+0000] {logging_mixin.py:190} INFO - [2024-11-14T07:56:04.365+0000] {dag.py:4180} INFO - Setting next_dagrun for latest_only_with_trigger to 2024-11-14 00:00:00+00:00, run_after=2024-11-14 04:00:00+00:00
[2024-11-14T07:56:04.390+0000] {processor.py:208} INFO - Processing /home/ubuntu/airflow-venv/lib/python3.12/site-packages/airflow/example_dags/example_latest_only_with_trigger.py took 0.089 seconds
[2024-11-14T07:57:03.403+0000] {processor.py:186} INFO - Started process (PID=5117) to work on /home/ubuntu/airflow-venv/lib/python3.12/site-packages/airflow/example_dags/example_latest_only_with_trigger.py
[2024-11-14T07:57:03.405+0000] {processor.py:914} INFO - Processing file /home/ubuntu/airflow-venv/lib/python3.12/site-packages/airflow/example_dags/example_latest_only_with_trigger.py for tasks to queue
[2024-11-14T07:57:03.407+0000] {logging_mixin.py:190} INFO - [2024-11-14T07:57:03.406+0000] {dagbag.py:588} INFO - Filling up the DagBag from /home/ubuntu/airflow-venv/lib/python3.12/site-packages/airflow/example_dags/example_latest_only_with_trigger.py
[2024-11-14T07:57:03.417+0000] {processor.py:925} INFO - DAG(s) 'latest_only_with_trigger' retrieved from /home/ubuntu/airflow-venv/lib/python3.12/site-packages/airflow/example_dags/example_latest_only_with_trigger.py
[2024-11-14T07:57:03.436+0000] {logging_mixin.py:190} INFO - [2024-11-14T07:57:03.436+0000] {dag.py:3239} INFO - Sync 1 DAGs
[2024-11-14T07:57:03.457+0000] {logging_mixin.py:190} INFO - [2024-11-14T07:57:03.457+0000] {dag.py:4180} INFO - Setting next_dagrun for latest_only_with_trigger to 2024-11-14 00:00:00+00:00, run_after=2024-11-14 04:00:00+00:00
[2024-11-14T07:57:03.482+0000] {processor.py:208} INFO - Processing /home/ubuntu/airflow-venv/lib/python3.12/site-packages/airflow/example_dags/example_latest_only_with_trigger.py took 0.087 seconds
[2024-11-14T07:58:03.955+0000] {processor.py:186} INFO - Started process (PID=5178) to work on /home/ubuntu/airflow-venv/lib/python3.12/site-packages/airflow/example_dags/example_latest_only_with_trigger.py
[2024-11-14T07:58:03.959+0000] {processor.py:914} INFO - Processing file /home/ubuntu/airflow-venv/lib/python3.12/site-packages/airflow/example_dags/example_latest_only_with_trigger.py for tasks to queue
[2024-11-14T07:58:03.961+0000] {logging_mixin.py:190} INFO - [2024-11-14T07:58:03.960+0000] {dagbag.py:588} INFO - Filling up the DagBag from /home/ubuntu/airflow-venv/lib/python3.12/site-packages/airflow/example_dags/example_latest_only_with_trigger.py
[2024-11-14T07:58:03.974+0000] {processor.py:925} INFO - DAG(s) 'latest_only_with_trigger' retrieved from /home/ubuntu/airflow-venv/lib/python3.12/site-packages/airflow/example_dags/example_latest_only_with_trigger.py
[2024-11-14T07:58:04.006+0000] {logging_mixin.py:190} INFO - [2024-11-14T07:58:04.006+0000] {dag.py:3239} INFO - Sync 1 DAGs
[2024-11-14T07:58:04.042+0000] {logging_mixin.py:190} INFO - [2024-11-14T07:58:04.041+0000] {dag.py:4180} INFO - Setting next_dagrun for latest_only_with_trigger to 2024-11-14 00:00:00+00:00, run_after=2024-11-14 04:00:00+00:00
[2024-11-14T07:58:04.085+0000] {processor.py:208} INFO - Processing /home/ubuntu/airflow-venv/lib/python3.12/site-packages/airflow/example_dags/example_latest_only_with_trigger.py took 0.144 seconds
[2024-11-14T07:59:03.836+0000] {processor.py:186} INFO - Started process (PID=5237) to work on /home/ubuntu/airflow-venv/lib/python3.12/site-packages/airflow/example_dags/example_latest_only_with_trigger.py
[2024-11-14T07:59:03.838+0000] {processor.py:914} INFO - Processing file /home/ubuntu/airflow-venv/lib/python3.12/site-packages/airflow/example_dags/example_latest_only_with_trigger.py for tasks to queue
[2024-11-14T07:59:03.841+0000] {logging_mixin.py:190} INFO - [2024-11-14T07:59:03.841+0000] {dagbag.py:588} INFO - Filling up the DagBag from /home/ubuntu/airflow-venv/lib/python3.12/site-packages/airflow/example_dags/example_latest_only_with_trigger.py
[2024-11-14T07:59:03.857+0000] {processor.py:925} INFO - DAG(s) 'latest_only_with_trigger' retrieved from /home/ubuntu/airflow-venv/lib/python3.12/site-packages/airflow/example_dags/example_latest_only_with_trigger.py
[2024-11-14T07:59:03.879+0000] {logging_mixin.py:190} INFO - [2024-11-14T07:59:03.878+0000] {dag.py:3239} INFO - Sync 1 DAGs
[2024-11-14T07:59:03.903+0000] {logging_mixin.py:190} INFO - [2024-11-14T07:59:03.903+0000] {dag.py:4180} INFO - Setting next_dagrun for latest_only_with_trigger to 2024-11-14 00:00:00+00:00, run_after=2024-11-14 04:00:00+00:00
[2024-11-14T07:59:03.928+0000] {processor.py:208} INFO - Processing /home/ubuntu/airflow-venv/lib/python3.12/site-packages/airflow/example_dags/example_latest_only_with_trigger.py took 0.106 seconds
[2024-11-14T08:00:03.861+0000] {processor.py:186} INFO - Started process (PID=5299) to work on /home/ubuntu/airflow-venv/lib/python3.12/site-packages/airflow/example_dags/example_latest_only_with_trigger.py
[2024-11-14T08:00:03.862+0000] {processor.py:914} INFO - Processing file /home/ubuntu/airflow-venv/lib/python3.12/site-packages/airflow/example_dags/example_latest_only_with_trigger.py for tasks to queue
[2024-11-14T08:00:03.863+0000] {logging_mixin.py:190} INFO - [2024-11-14T08:00:03.863+0000] {dagbag.py:588} INFO - Filling up the DagBag from /home/ubuntu/airflow-venv/lib/python3.12/site-packages/airflow/example_dags/example_latest_only_with_trigger.py
[2024-11-14T08:00:03.874+0000] {processor.py:925} INFO - DAG(s) 'latest_only_with_trigger' retrieved from /home/ubuntu/airflow-venv/lib/python3.12/site-packages/airflow/example_dags/example_latest_only_with_trigger.py
[2024-11-14T08:00:03.892+0000] {logging_mixin.py:190} INFO - [2024-11-14T08:00:03.892+0000] {dag.py:3239} INFO - Sync 1 DAGs
[2024-11-14T08:00:03.920+0000] {logging_mixin.py:190} INFO - [2024-11-14T08:00:03.919+0000] {dag.py:4180} INFO - Setting next_dagrun for latest_only_with_trigger to 2024-11-14 04:00:00+00:00, run_after=2024-11-14 08:00:00+00:00
[2024-11-14T08:00:03.947+0000] {processor.py:208} INFO - Processing /home/ubuntu/airflow-venv/lib/python3.12/site-packages/airflow/example_dags/example_latest_only_with_trigger.py took 0.093 seconds
[2024-11-14T08:01:03.506+0000] {processor.py:186} INFO - Started process (PID=5364) to work on /home/ubuntu/airflow-venv/lib/python3.12/site-packages/airflow/example_dags/example_latest_only_with_trigger.py
[2024-11-14T08:01:03.508+0000] {processor.py:914} INFO - Processing file /home/ubuntu/airflow-venv/lib/python3.12/site-packages/airflow/example_dags/example_latest_only_with_trigger.py for tasks to queue
[2024-11-14T08:01:03.509+0000] {logging_mixin.py:190} INFO - [2024-11-14T08:01:03.509+0000] {dagbag.py:588} INFO - Filling up the DagBag from /home/ubuntu/airflow-venv/lib/python3.12/site-packages/airflow/example_dags/example_latest_only_with_trigger.py
[2024-11-14T08:01:03.521+0000] {processor.py:925} INFO - DAG(s) 'latest_only_with_trigger' retrieved from /home/ubuntu/airflow-venv/lib/python3.12/site-packages/airflow/example_dags/example_latest_only_with_trigger.py
[2024-11-14T08:01:03.548+0000] {logging_mixin.py:190} INFO - [2024-11-14T08:01:03.548+0000] {dag.py:3239} INFO - Sync 1 DAGs
[2024-11-14T08:01:03.569+0000] {logging_mixin.py:190} INFO - [2024-11-14T08:01:03.569+0000] {dag.py:4180} INFO - Setting next_dagrun for latest_only_with_trigger to 2024-11-14 04:00:00+00:00, run_after=2024-11-14 08:00:00+00:00
[2024-11-14T08:01:03.593+0000] {processor.py:208} INFO - Processing /home/ubuntu/airflow-venv/lib/python3.12/site-packages/airflow/example_dags/example_latest_only_with_trigger.py took 0.095 seconds
[2024-11-14T08:02:03.808+0000] {processor.py:186} INFO - Started process (PID=5423) to work on /home/ubuntu/airflow-venv/lib/python3.12/site-packages/airflow/example_dags/example_latest_only_with_trigger.py
[2024-11-14T08:02:03.809+0000] {processor.py:914} INFO - Processing file /home/ubuntu/airflow-venv/lib/python3.12/site-packages/airflow/example_dags/example_latest_only_with_trigger.py for tasks to queue
[2024-11-14T08:02:03.811+0000] {logging_mixin.py:190} INFO - [2024-11-14T08:02:03.810+0000] {dagbag.py:588} INFO - Filling up the DagBag from /home/ubuntu/airflow-venv/lib/python3.12/site-packages/airflow/example_dags/example_latest_only_with_trigger.py
[2024-11-14T08:02:03.820+0000] {processor.py:925} INFO - DAG(s) 'latest_only_with_trigger' retrieved from /home/ubuntu/airflow-venv/lib/python3.12/site-packages/airflow/example_dags/example_latest_only_with_trigger.py
[2024-11-14T08:02:03.841+0000] {logging_mixin.py:190} INFO - [2024-11-14T08:02:03.841+0000] {dag.py:3239} INFO - Sync 1 DAGs
[2024-11-14T08:02:03.868+0000] {logging_mixin.py:190} INFO - [2024-11-14T08:02:03.867+0000] {dag.py:4180} INFO - Setting next_dagrun for latest_only_with_trigger to 2024-11-14 04:00:00+00:00, run_after=2024-11-14 08:00:00+00:00
[2024-11-14T08:02:03.892+0000] {processor.py:208} INFO - Processing /home/ubuntu/airflow-venv/lib/python3.12/site-packages/airflow/example_dags/example_latest_only_with_trigger.py took 0.091 seconds
[2024-11-14T08:03:05.486+0000] {processor.py:186} INFO - Started process (PID=5486) to work on /home/ubuntu/airflow-venv/lib/python3.12/site-packages/airflow/example_dags/example_latest_only_with_trigger.py
[2024-11-14T08:03:05.489+0000] {processor.py:914} INFO - Processing file /home/ubuntu/airflow-venv/lib/python3.12/site-packages/airflow/example_dags/example_latest_only_with_trigger.py for tasks to queue
[2024-11-14T08:03:05.496+0000] {logging_mixin.py:190} INFO - [2024-11-14T08:03:05.494+0000] {dagbag.py:588} INFO - Filling up the DagBag from /home/ubuntu/airflow-venv/lib/python3.12/site-packages/airflow/example_dags/example_latest_only_with_trigger.py
[2024-11-14T08:03:05.507+0000] {processor.py:925} INFO - DAG(s) 'latest_only_with_trigger' retrieved from /home/ubuntu/airflow-venv/lib/python3.12/site-packages/airflow/example_dags/example_latest_only_with_trigger.py
[2024-11-14T08:03:05.535+0000] {logging_mixin.py:190} INFO - [2024-11-14T08:03:05.534+0000] {dag.py:3239} INFO - Sync 1 DAGs
[2024-11-14T08:03:05.563+0000] {logging_mixin.py:190} INFO - [2024-11-14T08:03:05.562+0000] {dag.py:4180} INFO - Setting next_dagrun for latest_only_with_trigger to 2024-11-14 04:00:00+00:00, run_after=2024-11-14 08:00:00+00:00
[2024-11-14T08:03:05.590+0000] {processor.py:208} INFO - Processing /home/ubuntu/airflow-venv/lib/python3.12/site-packages/airflow/example_dags/example_latest_only_with_trigger.py took 0.121 seconds
