[2024-11-14T07:41:04.883+0000] {processor.py:186} INFO - Started process (PID=3708) to work on /home/ubuntu/airflow-venv/lib/python3.12/site-packages/airflow/example_dags/example_latest_only.py
[2024-11-14T07:41:04.884+0000] {processor.py:914} INFO - Processing file /home/ubuntu/airflow-venv/lib/python3.12/site-packages/airflow/example_dags/example_latest_only.py for tasks to queue
[2024-11-14T07:41:04.886+0000] {logging_mixin.py:190} INFO - [2024-11-14T07:41:04.886+0000] {dagbag.py:588} INFO - Filling up the DagBag from /home/ubuntu/airflow-venv/lib/python3.12/site-packages/airflow/example_dags/example_latest_only.py
[2024-11-14T07:41:04.896+0000] {processor.py:925} INFO - DAG(s) 'latest_only' retrieved from /home/ubuntu/airflow-venv/lib/python3.12/site-packages/airflow/example_dags/example_latest_only.py
[2024-11-14T07:41:05.012+0000] {logging_mixin.py:190} INFO - [2024-11-14T07:41:05.011+0000] {override.py:1911} INFO - Created Permission View: can delete on DAG:latest_only
[2024-11-14T07:41:05.026+0000] {logging_mixin.py:190} INFO - [2024-11-14T07:41:05.026+0000] {override.py:1911} INFO - Created Permission View: can read on DAG:latest_only
[2024-11-14T07:41:05.036+0000] {logging_mixin.py:190} INFO - [2024-11-14T07:41:05.036+0000] {override.py:1911} INFO - Created Permission View: can edit on DAG:latest_only
[2024-11-14T07:41:05.052+0000] {logging_mixin.py:190} INFO - [2024-11-14T07:41:05.052+0000] {override.py:1911} INFO - Created Permission View: can delete on DAG Run:latest_only
[2024-11-14T07:41:05.063+0000] {logging_mixin.py:190} INFO - [2024-11-14T07:41:05.062+0000] {override.py:1911} INFO - Created Permission View: can create on DAG Run:latest_only
[2024-11-14T07:41:05.073+0000] {logging_mixin.py:190} INFO - [2024-11-14T07:41:05.073+0000] {override.py:1911} INFO - Created Permission View: can read on DAG Run:latest_only
[2024-11-14T07:41:05.089+0000] {logging_mixin.py:190} INFO - [2024-11-14T07:41:05.088+0000] {override.py:1911} INFO - Created Permission View: menu access on DAG Run:latest_only
[2024-11-14T07:41:05.090+0000] {logging_mixin.py:190} INFO - [2024-11-14T07:41:05.090+0000] {dag.py:3239} INFO - Sync 1 DAGs
[2024-11-14T07:41:05.113+0000] {logging_mixin.py:190} INFO - [2024-11-14T07:41:05.112+0000] {dag.py:3262} INFO - Creating ORM DAG for latest_only
[2024-11-14T07:41:05.123+0000] {logging_mixin.py:190} INFO - [2024-11-14T07:41:05.122+0000] {dag.py:4180} INFO - Setting next_dagrun for latest_only to 2024-11-14 00:00:00+00:00, run_after=2024-11-14 04:00:00+00:00
[2024-11-14T07:41:05.145+0000] {processor.py:208} INFO - Processing /home/ubuntu/airflow-venv/lib/python3.12/site-packages/airflow/example_dags/example_latest_only.py took 0.268 seconds
[2024-11-14T07:42:15.383+0000] {processor.py:186} INFO - Started process (PID=3771) to work on /home/ubuntu/airflow-venv/lib/python3.12/site-packages/airflow/example_dags/example_latest_only.py
[2024-11-14T07:42:15.385+0000] {processor.py:914} INFO - Processing file /home/ubuntu/airflow-venv/lib/python3.12/site-packages/airflow/example_dags/example_latest_only.py for tasks to queue
[2024-11-14T07:42:15.387+0000] {logging_mixin.py:190} INFO - [2024-11-14T07:42:15.387+0000] {dagbag.py:588} INFO - Filling up the DagBag from /home/ubuntu/airflow-venv/lib/python3.12/site-packages/airflow/example_dags/example_latest_only.py
[2024-11-14T07:42:15.395+0000] {processor.py:925} INFO - DAG(s) 'latest_only' retrieved from /home/ubuntu/airflow-venv/lib/python3.12/site-packages/airflow/example_dags/example_latest_only.py
[2024-11-14T07:42:15.412+0000] {logging_mixin.py:190} INFO - [2024-11-14T07:42:15.411+0000] {dag.py:3239} INFO - Sync 1 DAGs
[2024-11-14T07:42:15.431+0000] {logging_mixin.py:190} INFO - [2024-11-14T07:42:15.431+0000] {dag.py:4180} INFO - Setting next_dagrun for latest_only to 2024-11-14 00:00:00+00:00, run_after=2024-11-14 04:00:00+00:00
[2024-11-14T07:42:15.456+0000] {processor.py:208} INFO - Processing /home/ubuntu/airflow-venv/lib/python3.12/site-packages/airflow/example_dags/example_latest_only.py took 0.078 seconds
[2024-11-14T07:43:12.425+0000] {processor.py:186} INFO - Started process (PID=3829) to work on /home/ubuntu/airflow-venv/lib/python3.12/site-packages/airflow/example_dags/example_latest_only.py
[2024-11-14T07:43:12.426+0000] {processor.py:914} INFO - Processing file /home/ubuntu/airflow-venv/lib/python3.12/site-packages/airflow/example_dags/example_latest_only.py for tasks to queue
[2024-11-14T07:43:12.429+0000] {logging_mixin.py:190} INFO - [2024-11-14T07:43:12.428+0000] {dagbag.py:588} INFO - Filling up the DagBag from /home/ubuntu/airflow-venv/lib/python3.12/site-packages/airflow/example_dags/example_latest_only.py
[2024-11-14T07:43:12.438+0000] {processor.py:925} INFO - DAG(s) 'latest_only' retrieved from /home/ubuntu/airflow-venv/lib/python3.12/site-packages/airflow/example_dags/example_latest_only.py
[2024-11-14T07:43:12.457+0000] {logging_mixin.py:190} INFO - [2024-11-14T07:43:12.457+0000] {dag.py:3239} INFO - Sync 1 DAGs
[2024-11-14T07:43:12.482+0000] {logging_mixin.py:190} INFO - [2024-11-14T07:43:12.482+0000] {dag.py:4180} INFO - Setting next_dagrun for latest_only to 2024-11-14 00:00:00+00:00, run_after=2024-11-14 04:00:00+00:00
[2024-11-14T07:43:12.506+0000] {processor.py:208} INFO - Processing /home/ubuntu/airflow-venv/lib/python3.12/site-packages/airflow/example_dags/example_latest_only.py took 0.089 seconds
[2024-11-14T07:44:09.091+0000] {processor.py:186} INFO - Started process (PID=3886) to work on /home/ubuntu/airflow-venv/lib/python3.12/site-packages/airflow/example_dags/example_latest_only.py
[2024-11-14T07:44:09.093+0000] {processor.py:914} INFO - Processing file /home/ubuntu/airflow-venv/lib/python3.12/site-packages/airflow/example_dags/example_latest_only.py for tasks to queue
[2024-11-14T07:44:09.095+0000] {logging_mixin.py:190} INFO - [2024-11-14T07:44:09.095+0000] {dagbag.py:588} INFO - Filling up the DagBag from /home/ubuntu/airflow-venv/lib/python3.12/site-packages/airflow/example_dags/example_latest_only.py
[2024-11-14T07:44:09.104+0000] {processor.py:925} INFO - DAG(s) 'latest_only' retrieved from /home/ubuntu/airflow-venv/lib/python3.12/site-packages/airflow/example_dags/example_latest_only.py
[2024-11-14T07:44:09.122+0000] {logging_mixin.py:190} INFO - [2024-11-14T07:44:09.122+0000] {dag.py:3239} INFO - Sync 1 DAGs
[2024-11-14T07:44:09.153+0000] {logging_mixin.py:190} INFO - [2024-11-14T07:44:09.152+0000] {dag.py:4180} INFO - Setting next_dagrun for latest_only to 2024-11-14 00:00:00+00:00, run_after=2024-11-14 04:00:00+00:00
[2024-11-14T07:44:09.177+0000] {processor.py:208} INFO - Processing /home/ubuntu/airflow-venv/lib/python3.12/site-packages/airflow/example_dags/example_latest_only.py took 0.091 seconds
[2024-11-14T07:45:07.203+0000] {processor.py:186} INFO - Started process (PID=3946) to work on /home/ubuntu/airflow-venv/lib/python3.12/site-packages/airflow/example_dags/example_latest_only.py
[2024-11-14T07:45:07.204+0000] {processor.py:914} INFO - Processing file /home/ubuntu/airflow-venv/lib/python3.12/site-packages/airflow/example_dags/example_latest_only.py for tasks to queue
[2024-11-14T07:45:07.206+0000] {logging_mixin.py:190} INFO - [2024-11-14T07:45:07.206+0000] {dagbag.py:588} INFO - Filling up the DagBag from /home/ubuntu/airflow-venv/lib/python3.12/site-packages/airflow/example_dags/example_latest_only.py
[2024-11-14T07:45:07.219+0000] {processor.py:925} INFO - DAG(s) 'latest_only' retrieved from /home/ubuntu/airflow-venv/lib/python3.12/site-packages/airflow/example_dags/example_latest_only.py
[2024-11-14T07:45:07.245+0000] {logging_mixin.py:190} INFO - [2024-11-14T07:45:07.245+0000] {dag.py:3239} INFO - Sync 1 DAGs
[2024-11-14T07:45:07.272+0000] {logging_mixin.py:190} INFO - [2024-11-14T07:45:07.271+0000] {dag.py:4180} INFO - Setting next_dagrun for latest_only to 2024-11-14 00:00:00+00:00, run_after=2024-11-14 04:00:00+00:00
[2024-11-14T07:45:07.298+0000] {processor.py:208} INFO - Processing /home/ubuntu/airflow-venv/lib/python3.12/site-packages/airflow/example_dags/example_latest_only.py took 0.110 seconds
[2024-11-14T07:46:01.334+0000] {processor.py:186} INFO - Started process (PID=4005) to work on /home/ubuntu/airflow-venv/lib/python3.12/site-packages/airflow/example_dags/example_latest_only.py
[2024-11-14T07:46:01.339+0000] {processor.py:914} INFO - Processing file /home/ubuntu/airflow-venv/lib/python3.12/site-packages/airflow/example_dags/example_latest_only.py for tasks to queue
[2024-11-14T07:46:01.346+0000] {logging_mixin.py:190} INFO - [2024-11-14T07:46:01.343+0000] {dagbag.py:588} INFO - Filling up the DagBag from /home/ubuntu/airflow-venv/lib/python3.12/site-packages/airflow/example_dags/example_latest_only.py
[2024-11-14T07:46:01.367+0000] {processor.py:925} INFO - DAG(s) 'latest_only' retrieved from /home/ubuntu/airflow-venv/lib/python3.12/site-packages/airflow/example_dags/example_latest_only.py
[2024-11-14T07:46:01.395+0000] {logging_mixin.py:190} INFO - [2024-11-14T07:46:01.395+0000] {dag.py:3239} INFO - Sync 1 DAGs
[2024-11-14T07:46:01.418+0000] {logging_mixin.py:190} INFO - [2024-11-14T07:46:01.418+0000] {dag.py:4180} INFO - Setting next_dagrun for latest_only to 2024-11-14 00:00:00+00:00, run_after=2024-11-14 04:00:00+00:00
[2024-11-14T07:46:01.443+0000] {processor.py:208} INFO - Processing /home/ubuntu/airflow-venv/lib/python3.12/site-packages/airflow/example_dags/example_latest_only.py took 0.130 seconds
[2024-11-14T07:46:55.824+0000] {processor.py:186} INFO - Started process (PID=4062) to work on /home/ubuntu/airflow-venv/lib/python3.12/site-packages/airflow/example_dags/example_latest_only.py
[2024-11-14T07:46:55.826+0000] {processor.py:914} INFO - Processing file /home/ubuntu/airflow-venv/lib/python3.12/site-packages/airflow/example_dags/example_latest_only.py for tasks to queue
[2024-11-14T07:46:55.829+0000] {logging_mixin.py:190} INFO - [2024-11-14T07:46:55.828+0000] {dagbag.py:588} INFO - Filling up the DagBag from /home/ubuntu/airflow-venv/lib/python3.12/site-packages/airflow/example_dags/example_latest_only.py
[2024-11-14T07:46:55.839+0000] {processor.py:925} INFO - DAG(s) 'latest_only' retrieved from /home/ubuntu/airflow-venv/lib/python3.12/site-packages/airflow/example_dags/example_latest_only.py
[2024-11-14T07:46:55.865+0000] {logging_mixin.py:190} INFO - [2024-11-14T07:46:55.864+0000] {dag.py:3239} INFO - Sync 1 DAGs
[2024-11-14T07:46:55.894+0000] {logging_mixin.py:190} INFO - [2024-11-14T07:46:55.894+0000] {dag.py:4180} INFO - Setting next_dagrun for latest_only to 2024-11-14 00:00:00+00:00, run_after=2024-11-14 04:00:00+00:00
[2024-11-14T07:46:55.923+0000] {processor.py:208} INFO - Processing /home/ubuntu/airflow-venv/lib/python3.12/site-packages/airflow/example_dags/example_latest_only.py took 0.107 seconds
[2024-11-14T07:47:51.047+0000] {processor.py:186} INFO - Started process (PID=4277) to work on /home/ubuntu/airflow-venv/lib/python3.12/site-packages/airflow/example_dags/example_latest_only.py
[2024-11-14T07:47:51.049+0000] {processor.py:914} INFO - Processing file /home/ubuntu/airflow-venv/lib/python3.12/site-packages/airflow/example_dags/example_latest_only.py for tasks to queue
[2024-11-14T07:47:51.052+0000] {logging_mixin.py:190} INFO - [2024-11-14T07:47:51.052+0000] {dagbag.py:588} INFO - Filling up the DagBag from /home/ubuntu/airflow-venv/lib/python3.12/site-packages/airflow/example_dags/example_latest_only.py
[2024-11-14T07:47:51.063+0000] {processor.py:925} INFO - DAG(s) 'latest_only' retrieved from /home/ubuntu/airflow-venv/lib/python3.12/site-packages/airflow/example_dags/example_latest_only.py
[2024-11-14T07:47:51.079+0000] {logging_mixin.py:190} INFO - [2024-11-14T07:47:51.079+0000] {dag.py:3239} INFO - Sync 1 DAGs
[2024-11-14T07:47:51.100+0000] {logging_mixin.py:190} INFO - [2024-11-14T07:47:51.099+0000] {dag.py:4180} INFO - Setting next_dagrun for latest_only to 2024-11-14 00:00:00+00:00, run_after=2024-11-14 04:00:00+00:00
[2024-11-14T07:47:51.122+0000] {processor.py:208} INFO - Processing /home/ubuntu/airflow-venv/lib/python3.12/site-packages/airflow/example_dags/example_latest_only.py took 0.081 seconds
[2024-11-14T07:48:57.289+0000] {processor.py:186} INFO - Started process (PID=4624) to work on /home/ubuntu/airflow-venv/lib/python3.12/site-packages/airflow/example_dags/example_latest_only.py
[2024-11-14T07:48:57.292+0000] {processor.py:914} INFO - Processing file /home/ubuntu/airflow-venv/lib/python3.12/site-packages/airflow/example_dags/example_latest_only.py for tasks to queue
[2024-11-14T07:48:57.297+0000] {logging_mixin.py:190} INFO - [2024-11-14T07:48:57.297+0000] {dagbag.py:588} INFO - Filling up the DagBag from /home/ubuntu/airflow-venv/lib/python3.12/site-packages/airflow/example_dags/example_latest_only.py
[2024-11-14T07:48:57.318+0000] {processor.py:925} INFO - DAG(s) 'latest_only' retrieved from /home/ubuntu/airflow-venv/lib/python3.12/site-packages/airflow/example_dags/example_latest_only.py
[2024-11-14T07:48:57.343+0000] {logging_mixin.py:190} INFO - [2024-11-14T07:48:57.342+0000] {dag.py:3239} INFO - Sync 1 DAGs
[2024-11-14T07:48:57.373+0000] {logging_mixin.py:190} INFO - [2024-11-14T07:48:57.373+0000] {dag.py:4180} INFO - Setting next_dagrun for latest_only to 2024-11-14 00:00:00+00:00, run_after=2024-11-14 04:00:00+00:00
[2024-11-14T07:48:57.409+0000] {processor.py:208} INFO - Processing /home/ubuntu/airflow-venv/lib/python3.12/site-packages/airflow/example_dags/example_latest_only.py took 0.128 seconds
[2024-11-14T07:49:57.847+0000] {processor.py:186} INFO - Started process (PID=4682) to work on /home/ubuntu/airflow-venv/lib/python3.12/site-packages/airflow/example_dags/example_latest_only.py
[2024-11-14T07:49:57.849+0000] {processor.py:914} INFO - Processing file /home/ubuntu/airflow-venv/lib/python3.12/site-packages/airflow/example_dags/example_latest_only.py for tasks to queue
[2024-11-14T07:49:57.852+0000] {logging_mixin.py:190} INFO - [2024-11-14T07:49:57.851+0000] {dagbag.py:588} INFO - Filling up the DagBag from /home/ubuntu/airflow-venv/lib/python3.12/site-packages/airflow/example_dags/example_latest_only.py
[2024-11-14T07:49:57.860+0000] {processor.py:925} INFO - DAG(s) 'latest_only' retrieved from /home/ubuntu/airflow-venv/lib/python3.12/site-packages/airflow/example_dags/example_latest_only.py
[2024-11-14T07:49:57.878+0000] {logging_mixin.py:190} INFO - [2024-11-14T07:49:57.877+0000] {dag.py:3239} INFO - Sync 1 DAGs
[2024-11-14T07:49:57.898+0000] {logging_mixin.py:190} INFO - [2024-11-14T07:49:57.897+0000] {dag.py:4180} INFO - Setting next_dagrun for latest_only to 2024-11-14 00:00:00+00:00, run_after=2024-11-14 04:00:00+00:00
[2024-11-14T07:49:57.925+0000] {processor.py:208} INFO - Processing /home/ubuntu/airflow-venv/lib/python3.12/site-packages/airflow/example_dags/example_latest_only.py took 0.085 seconds
[2024-11-14T07:51:02.726+0000] {processor.py:186} INFO - Started process (PID=4750) to work on /home/ubuntu/airflow-venv/lib/python3.12/site-packages/airflow/example_dags/example_latest_only.py
[2024-11-14T07:51:02.728+0000] {processor.py:914} INFO - Processing file /home/ubuntu/airflow-venv/lib/python3.12/site-packages/airflow/example_dags/example_latest_only.py for tasks to queue
[2024-11-14T07:51:02.729+0000] {logging_mixin.py:190} INFO - [2024-11-14T07:51:02.729+0000] {dagbag.py:588} INFO - Filling up the DagBag from /home/ubuntu/airflow-venv/lib/python3.12/site-packages/airflow/example_dags/example_latest_only.py
[2024-11-14T07:51:02.739+0000] {processor.py:925} INFO - DAG(s) 'latest_only' retrieved from /home/ubuntu/airflow-venv/lib/python3.12/site-packages/airflow/example_dags/example_latest_only.py
[2024-11-14T07:51:02.756+0000] {logging_mixin.py:190} INFO - [2024-11-14T07:51:02.755+0000] {dag.py:3239} INFO - Sync 1 DAGs
[2024-11-14T07:51:02.776+0000] {logging_mixin.py:190} INFO - [2024-11-14T07:51:02.776+0000] {dag.py:4180} INFO - Setting next_dagrun for latest_only to 2024-11-14 00:00:00+00:00, run_after=2024-11-14 04:00:00+00:00
[2024-11-14T07:51:02.801+0000] {processor.py:208} INFO - Processing /home/ubuntu/airflow-venv/lib/python3.12/site-packages/airflow/example_dags/example_latest_only.py took 0.080 seconds
[2024-11-14T07:52:04.591+0000] {processor.py:186} INFO - Started process (PID=4810) to work on /home/ubuntu/airflow-venv/lib/python3.12/site-packages/airflow/example_dags/example_latest_only.py
[2024-11-14T07:52:04.592+0000] {processor.py:914} INFO - Processing file /home/ubuntu/airflow-venv/lib/python3.12/site-packages/airflow/example_dags/example_latest_only.py for tasks to queue
[2024-11-14T07:52:04.593+0000] {logging_mixin.py:190} INFO - [2024-11-14T07:52:04.593+0000] {dagbag.py:588} INFO - Filling up the DagBag from /home/ubuntu/airflow-venv/lib/python3.12/site-packages/airflow/example_dags/example_latest_only.py
[2024-11-14T07:52:04.604+0000] {processor.py:925} INFO - DAG(s) 'latest_only' retrieved from /home/ubuntu/airflow-venv/lib/python3.12/site-packages/airflow/example_dags/example_latest_only.py
[2024-11-14T07:52:04.623+0000] {logging_mixin.py:190} INFO - [2024-11-14T07:52:04.623+0000] {dag.py:3239} INFO - Sync 1 DAGs
[2024-11-14T07:52:04.650+0000] {logging_mixin.py:190} INFO - [2024-11-14T07:52:04.649+0000] {dag.py:4180} INFO - Setting next_dagrun for latest_only to 2024-11-14 00:00:00+00:00, run_after=2024-11-14 04:00:00+00:00
[2024-11-14T07:52:04.679+0000] {processor.py:208} INFO - Processing /home/ubuntu/airflow-venv/lib/python3.12/site-packages/airflow/example_dags/example_latest_only.py took 0.095 seconds
[2024-11-14T07:53:03.008+0000] {processor.py:186} INFO - Started process (PID=4870) to work on /home/ubuntu/airflow-venv/lib/python3.12/site-packages/airflow/example_dags/example_latest_only.py
[2024-11-14T07:53:03.009+0000] {processor.py:914} INFO - Processing file /home/ubuntu/airflow-venv/lib/python3.12/site-packages/airflow/example_dags/example_latest_only.py for tasks to queue
[2024-11-14T07:53:03.011+0000] {logging_mixin.py:190} INFO - [2024-11-14T07:53:03.010+0000] {dagbag.py:588} INFO - Filling up the DagBag from /home/ubuntu/airflow-venv/lib/python3.12/site-packages/airflow/example_dags/example_latest_only.py
[2024-11-14T07:53:03.021+0000] {processor.py:925} INFO - DAG(s) 'latest_only' retrieved from /home/ubuntu/airflow-venv/lib/python3.12/site-packages/airflow/example_dags/example_latest_only.py
[2024-11-14T07:53:03.039+0000] {logging_mixin.py:190} INFO - [2024-11-14T07:53:03.038+0000] {dag.py:3239} INFO - Sync 1 DAGs
[2024-11-14T07:53:03.061+0000] {logging_mixin.py:190} INFO - [2024-11-14T07:53:03.061+0000] {dag.py:4180} INFO - Setting next_dagrun for latest_only to 2024-11-14 00:00:00+00:00, run_after=2024-11-14 04:00:00+00:00
[2024-11-14T07:53:03.087+0000] {processor.py:208} INFO - Processing /home/ubuntu/airflow-venv/lib/python3.12/site-packages/airflow/example_dags/example_latest_only.py took 0.086 seconds
[2024-11-14T07:54:00.671+0000] {processor.py:186} INFO - Started process (PID=4931) to work on /home/ubuntu/airflow-venv/lib/python3.12/site-packages/airflow/example_dags/example_latest_only.py
[2024-11-14T07:54:00.673+0000] {processor.py:914} INFO - Processing file /home/ubuntu/airflow-venv/lib/python3.12/site-packages/airflow/example_dags/example_latest_only.py for tasks to queue
[2024-11-14T07:54:00.674+0000] {logging_mixin.py:190} INFO - [2024-11-14T07:54:00.674+0000] {dagbag.py:588} INFO - Filling up the DagBag from /home/ubuntu/airflow-venv/lib/python3.12/site-packages/airflow/example_dags/example_latest_only.py
[2024-11-14T07:54:00.684+0000] {processor.py:925} INFO - DAG(s) 'latest_only' retrieved from /home/ubuntu/airflow-venv/lib/python3.12/site-packages/airflow/example_dags/example_latest_only.py
[2024-11-14T07:54:00.701+0000] {logging_mixin.py:190} INFO - [2024-11-14T07:54:00.700+0000] {dag.py:3239} INFO - Sync 1 DAGs
[2024-11-14T07:54:00.722+0000] {logging_mixin.py:190} INFO - [2024-11-14T07:54:00.722+0000] {dag.py:4180} INFO - Setting next_dagrun for latest_only to 2024-11-14 00:00:00+00:00, run_after=2024-11-14 04:00:00+00:00
[2024-11-14T07:54:00.747+0000] {processor.py:208} INFO - Processing /home/ubuntu/airflow-venv/lib/python3.12/site-packages/airflow/example_dags/example_latest_only.py took 0.083 seconds
[2024-11-14T07:55:01.942+0000] {processor.py:186} INFO - Started process (PID=4993) to work on /home/ubuntu/airflow-venv/lib/python3.12/site-packages/airflow/example_dags/example_latest_only.py
[2024-11-14T07:55:01.945+0000] {processor.py:914} INFO - Processing file /home/ubuntu/airflow-venv/lib/python3.12/site-packages/airflow/example_dags/example_latest_only.py for tasks to queue
[2024-11-14T07:55:01.947+0000] {logging_mixin.py:190} INFO - [2024-11-14T07:55:01.947+0000] {dagbag.py:588} INFO - Filling up the DagBag from /home/ubuntu/airflow-venv/lib/python3.12/site-packages/airflow/example_dags/example_latest_only.py
[2024-11-14T07:55:01.960+0000] {processor.py:925} INFO - DAG(s) 'latest_only' retrieved from /home/ubuntu/airflow-venv/lib/python3.12/site-packages/airflow/example_dags/example_latest_only.py
[2024-11-14T07:55:01.985+0000] {logging_mixin.py:190} INFO - [2024-11-14T07:55:01.985+0000] {dag.py:3239} INFO - Sync 1 DAGs
[2024-11-14T07:55:02.017+0000] {logging_mixin.py:190} INFO - [2024-11-14T07:55:02.016+0000] {dag.py:4180} INFO - Setting next_dagrun for latest_only to 2024-11-14 00:00:00+00:00, run_after=2024-11-14 04:00:00+00:00
[2024-11-14T07:55:02.067+0000] {processor.py:208} INFO - Processing /home/ubuntu/airflow-venv/lib/python3.12/site-packages/airflow/example_dags/example_latest_only.py took 0.134 seconds
[2024-11-14T07:56:03.068+0000] {processor.py:186} INFO - Started process (PID=5054) to work on /home/ubuntu/airflow-venv/lib/python3.12/site-packages/airflow/example_dags/example_latest_only.py
[2024-11-14T07:56:03.070+0000] {processor.py:914} INFO - Processing file /home/ubuntu/airflow-venv/lib/python3.12/site-packages/airflow/example_dags/example_latest_only.py for tasks to queue
[2024-11-14T07:56:03.072+0000] {logging_mixin.py:190} INFO - [2024-11-14T07:56:03.071+0000] {dagbag.py:588} INFO - Filling up the DagBag from /home/ubuntu/airflow-venv/lib/python3.12/site-packages/airflow/example_dags/example_latest_only.py
[2024-11-14T07:56:03.085+0000] {processor.py:925} INFO - DAG(s) 'latest_only' retrieved from /home/ubuntu/airflow-venv/lib/python3.12/site-packages/airflow/example_dags/example_latest_only.py
[2024-11-14T07:56:03.109+0000] {logging_mixin.py:190} INFO - [2024-11-14T07:56:03.109+0000] {dag.py:3239} INFO - Sync 1 DAGs
[2024-11-14T07:56:03.155+0000] {logging_mixin.py:190} INFO - [2024-11-14T07:56:03.154+0000] {dag.py:4180} INFO - Setting next_dagrun for latest_only to 2024-11-14 00:00:00+00:00, run_after=2024-11-14 04:00:00+00:00
[2024-11-14T07:56:03.214+0000] {processor.py:208} INFO - Processing /home/ubuntu/airflow-venv/lib/python3.12/site-packages/airflow/example_dags/example_latest_only.py took 0.159 seconds
[2024-11-14T07:57:02.247+0000] {processor.py:186} INFO - Started process (PID=5116) to work on /home/ubuntu/airflow-venv/lib/python3.12/site-packages/airflow/example_dags/example_latest_only.py
[2024-11-14T07:57:02.249+0000] {processor.py:914} INFO - Processing file /home/ubuntu/airflow-venv/lib/python3.12/site-packages/airflow/example_dags/example_latest_only.py for tasks to queue
[2024-11-14T07:57:02.250+0000] {logging_mixin.py:190} INFO - [2024-11-14T07:57:02.250+0000] {dagbag.py:588} INFO - Filling up the DagBag from /home/ubuntu/airflow-venv/lib/python3.12/site-packages/airflow/example_dags/example_latest_only.py
[2024-11-14T07:57:02.261+0000] {processor.py:925} INFO - DAG(s) 'latest_only' retrieved from /home/ubuntu/airflow-venv/lib/python3.12/site-packages/airflow/example_dags/example_latest_only.py
[2024-11-14T07:57:02.278+0000] {logging_mixin.py:190} INFO - [2024-11-14T07:57:02.277+0000] {dag.py:3239} INFO - Sync 1 DAGs
[2024-11-14T07:57:02.301+0000] {logging_mixin.py:190} INFO - [2024-11-14T07:57:02.301+0000] {dag.py:4180} INFO - Setting next_dagrun for latest_only to 2024-11-14 00:00:00+00:00, run_after=2024-11-14 04:00:00+00:00
[2024-11-14T07:57:02.333+0000] {processor.py:208} INFO - Processing /home/ubuntu/airflow-venv/lib/python3.12/site-packages/airflow/example_dags/example_latest_only.py took 0.093 seconds
[2024-11-14T07:58:02.781+0000] {processor.py:186} INFO - Started process (PID=5177) to work on /home/ubuntu/airflow-venv/lib/python3.12/site-packages/airflow/example_dags/example_latest_only.py
[2024-11-14T07:58:02.782+0000] {processor.py:914} INFO - Processing file /home/ubuntu/airflow-venv/lib/python3.12/site-packages/airflow/example_dags/example_latest_only.py for tasks to queue
[2024-11-14T07:58:02.784+0000] {logging_mixin.py:190} INFO - [2024-11-14T07:58:02.783+0000] {dagbag.py:588} INFO - Filling up the DagBag from /home/ubuntu/airflow-venv/lib/python3.12/site-packages/airflow/example_dags/example_latest_only.py
[2024-11-14T07:58:02.793+0000] {processor.py:925} INFO - DAG(s) 'latest_only' retrieved from /home/ubuntu/airflow-venv/lib/python3.12/site-packages/airflow/example_dags/example_latest_only.py
[2024-11-14T07:58:02.810+0000] {logging_mixin.py:190} INFO - [2024-11-14T07:58:02.810+0000] {dag.py:3239} INFO - Sync 1 DAGs
[2024-11-14T07:58:02.835+0000] {logging_mixin.py:190} INFO - [2024-11-14T07:58:02.834+0000] {dag.py:4180} INFO - Setting next_dagrun for latest_only to 2024-11-14 00:00:00+00:00, run_after=2024-11-14 04:00:00+00:00
[2024-11-14T07:58:02.860+0000] {processor.py:208} INFO - Processing /home/ubuntu/airflow-venv/lib/python3.12/site-packages/airflow/example_dags/example_latest_only.py took 0.086 seconds
[2024-11-14T07:59:02.563+0000] {processor.py:186} INFO - Started process (PID=5236) to work on /home/ubuntu/airflow-venv/lib/python3.12/site-packages/airflow/example_dags/example_latest_only.py
[2024-11-14T07:59:02.565+0000] {processor.py:914} INFO - Processing file /home/ubuntu/airflow-venv/lib/python3.12/site-packages/airflow/example_dags/example_latest_only.py for tasks to queue
[2024-11-14T07:59:02.567+0000] {logging_mixin.py:190} INFO - [2024-11-14T07:59:02.567+0000] {dagbag.py:588} INFO - Filling up the DagBag from /home/ubuntu/airflow-venv/lib/python3.12/site-packages/airflow/example_dags/example_latest_only.py
[2024-11-14T07:59:02.577+0000] {processor.py:925} INFO - DAG(s) 'latest_only' retrieved from /home/ubuntu/airflow-venv/lib/python3.12/site-packages/airflow/example_dags/example_latest_only.py
[2024-11-14T07:59:02.599+0000] {logging_mixin.py:190} INFO - [2024-11-14T07:59:02.599+0000] {dag.py:3239} INFO - Sync 1 DAGs
[2024-11-14T07:59:02.623+0000] {logging_mixin.py:190} INFO - [2024-11-14T07:59:02.623+0000] {dag.py:4180} INFO - Setting next_dagrun for latest_only to 2024-11-14 00:00:00+00:00, run_after=2024-11-14 04:00:00+00:00
[2024-11-14T07:59:02.650+0000] {processor.py:208} INFO - Processing /home/ubuntu/airflow-venv/lib/python3.12/site-packages/airflow/example_dags/example_latest_only.py took 0.095 seconds
[2024-11-14T08:00:03.469+0000] {processor.py:186} INFO - Started process (PID=5298) to work on /home/ubuntu/airflow-venv/lib/python3.12/site-packages/airflow/example_dags/example_latest_only.py
[2024-11-14T08:00:03.471+0000] {processor.py:914} INFO - Processing file /home/ubuntu/airflow-venv/lib/python3.12/site-packages/airflow/example_dags/example_latest_only.py for tasks to queue
[2024-11-14T08:00:03.474+0000] {logging_mixin.py:190} INFO - [2024-11-14T08:00:03.473+0000] {dagbag.py:588} INFO - Filling up the DagBag from /home/ubuntu/airflow-venv/lib/python3.12/site-packages/airflow/example_dags/example_latest_only.py
[2024-11-14T08:00:03.484+0000] {processor.py:925} INFO - DAG(s) 'latest_only' retrieved from /home/ubuntu/airflow-venv/lib/python3.12/site-packages/airflow/example_dags/example_latest_only.py
[2024-11-14T08:00:03.502+0000] {logging_mixin.py:190} INFO - [2024-11-14T08:00:03.502+0000] {dag.py:3239} INFO - Sync 1 DAGs
[2024-11-14T08:00:03.524+0000] {logging_mixin.py:190} INFO - [2024-11-14T08:00:03.524+0000] {dag.py:4180} INFO - Setting next_dagrun for latest_only to 2024-11-14 04:00:00+00:00, run_after=2024-11-14 08:00:00+00:00
[2024-11-14T08:00:03.560+0000] {processor.py:208} INFO - Processing /home/ubuntu/airflow-venv/lib/python3.12/site-packages/airflow/example_dags/example_latest_only.py took 0.103 seconds
[2024-11-14T08:01:02.262+0000] {processor.py:186} INFO - Started process (PID=5363) to work on /home/ubuntu/airflow-venv/lib/python3.12/site-packages/airflow/example_dags/example_latest_only.py
[2024-11-14T08:01:02.266+0000] {processor.py:914} INFO - Processing file /home/ubuntu/airflow-venv/lib/python3.12/site-packages/airflow/example_dags/example_latest_only.py for tasks to queue
[2024-11-14T08:01:02.269+0000] {logging_mixin.py:190} INFO - [2024-11-14T08:01:02.268+0000] {dagbag.py:588} INFO - Filling up the DagBag from /home/ubuntu/airflow-venv/lib/python3.12/site-packages/airflow/example_dags/example_latest_only.py
[2024-11-14T08:01:02.283+0000] {processor.py:925} INFO - DAG(s) 'latest_only' retrieved from /home/ubuntu/airflow-venv/lib/python3.12/site-packages/airflow/example_dags/example_latest_only.py
[2024-11-14T08:01:02.303+0000] {logging_mixin.py:190} INFO - [2024-11-14T08:01:02.302+0000] {dag.py:3239} INFO - Sync 1 DAGs
[2024-11-14T08:01:02.324+0000] {logging_mixin.py:190} INFO - [2024-11-14T08:01:02.324+0000] {dag.py:4180} INFO - Setting next_dagrun for latest_only to 2024-11-14 04:00:00+00:00, run_after=2024-11-14 08:00:00+00:00
[2024-11-14T08:01:02.365+0000] {processor.py:208} INFO - Processing /home/ubuntu/airflow-venv/lib/python3.12/site-packages/airflow/example_dags/example_latest_only.py took 0.111 seconds
[2024-11-14T08:02:03.338+0000] {processor.py:186} INFO - Started process (PID=5422) to work on /home/ubuntu/airflow-venv/lib/python3.12/site-packages/airflow/example_dags/example_latest_only.py
[2024-11-14T08:02:03.340+0000] {processor.py:914} INFO - Processing file /home/ubuntu/airflow-venv/lib/python3.12/site-packages/airflow/example_dags/example_latest_only.py for tasks to queue
[2024-11-14T08:02:03.341+0000] {logging_mixin.py:190} INFO - [2024-11-14T08:02:03.341+0000] {dagbag.py:588} INFO - Filling up the DagBag from /home/ubuntu/airflow-venv/lib/python3.12/site-packages/airflow/example_dags/example_latest_only.py
[2024-11-14T08:02:03.352+0000] {processor.py:925} INFO - DAG(s) 'latest_only' retrieved from /home/ubuntu/airflow-venv/lib/python3.12/site-packages/airflow/example_dags/example_latest_only.py
[2024-11-14T08:02:03.373+0000] {logging_mixin.py:190} INFO - [2024-11-14T08:02:03.373+0000] {dag.py:3239} INFO - Sync 1 DAGs
[2024-11-14T08:02:03.401+0000] {logging_mixin.py:190} INFO - [2024-11-14T08:02:03.400+0000] {dag.py:4180} INFO - Setting next_dagrun for latest_only to 2024-11-14 04:00:00+00:00, run_after=2024-11-14 08:00:00+00:00
[2024-11-14T08:02:03.431+0000] {processor.py:208} INFO - Processing /home/ubuntu/airflow-venv/lib/python3.12/site-packages/airflow/example_dags/example_latest_only.py took 0.102 seconds
[2024-11-14T08:03:04.239+0000] {processor.py:186} INFO - Started process (PID=5485) to work on /home/ubuntu/airflow-venv/lib/python3.12/site-packages/airflow/example_dags/example_latest_only.py
[2024-11-14T08:03:04.241+0000] {processor.py:914} INFO - Processing file /home/ubuntu/airflow-venv/lib/python3.12/site-packages/airflow/example_dags/example_latest_only.py for tasks to queue
[2024-11-14T08:03:04.242+0000] {logging_mixin.py:190} INFO - [2024-11-14T08:03:04.242+0000] {dagbag.py:588} INFO - Filling up the DagBag from /home/ubuntu/airflow-venv/lib/python3.12/site-packages/airflow/example_dags/example_latest_only.py
[2024-11-14T08:03:04.258+0000] {processor.py:925} INFO - DAG(s) 'latest_only' retrieved from /home/ubuntu/airflow-venv/lib/python3.12/site-packages/airflow/example_dags/example_latest_only.py
[2024-11-14T08:03:04.288+0000] {logging_mixin.py:190} INFO - [2024-11-14T08:03:04.288+0000] {dag.py:3239} INFO - Sync 1 DAGs
[2024-11-14T08:03:04.321+0000] {logging_mixin.py:190} INFO - [2024-11-14T08:03:04.321+0000] {dag.py:4180} INFO - Setting next_dagrun for latest_only to 2024-11-14 04:00:00+00:00, run_after=2024-11-14 08:00:00+00:00
[2024-11-14T08:03:04.347+0000] {processor.py:208} INFO - Processing /home/ubuntu/airflow-venv/lib/python3.12/site-packages/airflow/example_dags/example_latest_only.py took 0.117 seconds
