[2024-11-14T07:41:01.910+0000] {processor.py:186} INFO - Started process (PID=3705) to work on /home/ubuntu/airflow-venv/lib/python3.12/site-packages/airflow/example_dags/example_nested_branch_dag.py
[2024-11-14T07:41:01.911+0000] {processor.py:914} INFO - Processing file /home/ubuntu/airflow-venv/lib/python3.12/site-packages/airflow/example_dags/example_nested_branch_dag.py for tasks to queue
[2024-11-14T07:41:01.916+0000] {logging_mixin.py:190} INFO - [2024-11-14T07:41:01.916+0000] {dagbag.py:588} INFO - Filling up the DagBag from /home/ubuntu/airflow-venv/lib/python3.12/site-packages/airflow/example_dags/example_nested_branch_dag.py
[2024-11-14T07:41:01.933+0000] {processor.py:925} INFO - DAG(s) 'example_nested_branch_dag' retrieved from /home/ubuntu/airflow-venv/lib/python3.12/site-packages/airflow/example_dags/example_nested_branch_dag.py
[2024-11-14T07:41:02.052+0000] {logging_mixin.py:190} INFO - [2024-11-14T07:41:02.051+0000] {override.py:1911} INFO - Created Permission View: can delete on DAG:example_nested_branch_dag
[2024-11-14T07:41:02.069+0000] {logging_mixin.py:190} INFO - [2024-11-14T07:41:02.068+0000] {override.py:1911} INFO - Created Permission View: can read on DAG:example_nested_branch_dag
[2024-11-14T07:41:02.080+0000] {logging_mixin.py:190} INFO - [2024-11-14T07:41:02.080+0000] {override.py:1911} INFO - Created Permission View: can edit on DAG:example_nested_branch_dag
[2024-11-14T07:41:02.102+0000] {logging_mixin.py:190} INFO - [2024-11-14T07:41:02.100+0000] {override.py:1911} INFO - Created Permission View: can delete on DAG Run:example_nested_branch_dag
[2024-11-14T07:41:02.128+0000] {logging_mixin.py:190} INFO - [2024-11-14T07:41:02.127+0000] {override.py:1911} INFO - Created Permission View: can create on DAG Run:example_nested_branch_dag
[2024-11-14T07:41:02.146+0000] {logging_mixin.py:190} INFO - [2024-11-14T07:41:02.146+0000] {override.py:1911} INFO - Created Permission View: can read on DAG Run:example_nested_branch_dag
[2024-11-14T07:41:02.162+0000] {logging_mixin.py:190} INFO - [2024-11-14T07:41:02.162+0000] {override.py:1911} INFO - Created Permission View: menu access on DAG Run:example_nested_branch_dag
[2024-11-14T07:41:02.163+0000] {logging_mixin.py:190} INFO - [2024-11-14T07:41:02.163+0000] {dag.py:3239} INFO - Sync 1 DAGs
[2024-11-14T07:41:02.192+0000] {logging_mixin.py:190} INFO - [2024-11-14T07:41:02.192+0000] {dag.py:3262} INFO - Creating ORM DAG for example_nested_branch_dag
[2024-11-14T07:41:02.202+0000] {logging_mixin.py:190} INFO - [2024-11-14T07:41:02.201+0000] {dag.py:4180} INFO - Setting next_dagrun for example_nested_branch_dag to 2024-11-13 00:00:00+00:00, run_after=2024-11-14 00:00:00+00:00
[2024-11-14T07:41:02.223+0000] {processor.py:208} INFO - Processing /home/ubuntu/airflow-venv/lib/python3.12/site-packages/airflow/example_dags/example_nested_branch_dag.py took 0.321 seconds
[2024-11-14T07:42:06.629+0000] {processor.py:186} INFO - Started process (PID=3762) to work on /home/ubuntu/airflow-venv/lib/python3.12/site-packages/airflow/example_dags/example_nested_branch_dag.py
[2024-11-14T07:42:06.631+0000] {processor.py:914} INFO - Processing file /home/ubuntu/airflow-venv/lib/python3.12/site-packages/airflow/example_dags/example_nested_branch_dag.py for tasks to queue
[2024-11-14T07:42:06.634+0000] {logging_mixin.py:190} INFO - [2024-11-14T07:42:06.633+0000] {dagbag.py:588} INFO - Filling up the DagBag from /home/ubuntu/airflow-venv/lib/python3.12/site-packages/airflow/example_dags/example_nested_branch_dag.py
[2024-11-14T07:42:06.662+0000] {processor.py:925} INFO - DAG(s) 'example_nested_branch_dag' retrieved from /home/ubuntu/airflow-venv/lib/python3.12/site-packages/airflow/example_dags/example_nested_branch_dag.py
[2024-11-14T07:42:06.680+0000] {logging_mixin.py:190} INFO - [2024-11-14T07:42:06.680+0000] {dag.py:3239} INFO - Sync 1 DAGs
[2024-11-14T07:42:06.708+0000] {logging_mixin.py:190} INFO - [2024-11-14T07:42:06.708+0000] {dag.py:4180} INFO - Setting next_dagrun for example_nested_branch_dag to 2024-11-13 00:00:00+00:00, run_after=2024-11-14 00:00:00+00:00
[2024-11-14T07:42:06.742+0000] {processor.py:208} INFO - Processing /home/ubuntu/airflow-venv/lib/python3.12/site-packages/airflow/example_dags/example_nested_branch_dag.py took 0.125 seconds
[2024-11-14T07:43:09.423+0000] {processor.py:186} INFO - Started process (PID=3826) to work on /home/ubuntu/airflow-venv/lib/python3.12/site-packages/airflow/example_dags/example_nested_branch_dag.py
[2024-11-14T07:43:09.424+0000] {processor.py:914} INFO - Processing file /home/ubuntu/airflow-venv/lib/python3.12/site-packages/airflow/example_dags/example_nested_branch_dag.py for tasks to queue
[2024-11-14T07:43:09.426+0000] {logging_mixin.py:190} INFO - [2024-11-14T07:43:09.426+0000] {dagbag.py:588} INFO - Filling up the DagBag from /home/ubuntu/airflow-venv/lib/python3.12/site-packages/airflow/example_dags/example_nested_branch_dag.py
[2024-11-14T07:43:09.440+0000] {processor.py:925} INFO - DAG(s) 'example_nested_branch_dag' retrieved from /home/ubuntu/airflow-venv/lib/python3.12/site-packages/airflow/example_dags/example_nested_branch_dag.py
[2024-11-14T07:43:09.461+0000] {logging_mixin.py:190} INFO - [2024-11-14T07:43:09.460+0000] {dag.py:3239} INFO - Sync 1 DAGs
[2024-11-14T07:43:09.484+0000] {logging_mixin.py:190} INFO - [2024-11-14T07:43:09.484+0000] {dag.py:4180} INFO - Setting next_dagrun for example_nested_branch_dag to 2024-11-13 00:00:00+00:00, run_after=2024-11-14 00:00:00+00:00
[2024-11-14T07:43:09.507+0000] {processor.py:208} INFO - Processing /home/ubuntu/airflow-venv/lib/python3.12/site-packages/airflow/example_dags/example_nested_branch_dag.py took 0.090 seconds
[2024-11-14T07:44:06.111+0000] {processor.py:186} INFO - Started process (PID=3883) to work on /home/ubuntu/airflow-venv/lib/python3.12/site-packages/airflow/example_dags/example_nested_branch_dag.py
[2024-11-14T07:44:06.113+0000] {processor.py:914} INFO - Processing file /home/ubuntu/airflow-venv/lib/python3.12/site-packages/airflow/example_dags/example_nested_branch_dag.py for tasks to queue
[2024-11-14T07:44:06.116+0000] {logging_mixin.py:190} INFO - [2024-11-14T07:44:06.116+0000] {dagbag.py:588} INFO - Filling up the DagBag from /home/ubuntu/airflow-venv/lib/python3.12/site-packages/airflow/example_dags/example_nested_branch_dag.py
[2024-11-14T07:44:06.132+0000] {processor.py:925} INFO - DAG(s) 'example_nested_branch_dag' retrieved from /home/ubuntu/airflow-venv/lib/python3.12/site-packages/airflow/example_dags/example_nested_branch_dag.py
[2024-11-14T07:44:06.162+0000] {logging_mixin.py:190} INFO - [2024-11-14T07:44:06.161+0000] {dag.py:3239} INFO - Sync 1 DAGs
[2024-11-14T07:44:06.196+0000] {logging_mixin.py:190} INFO - [2024-11-14T07:44:06.195+0000] {dag.py:4180} INFO - Setting next_dagrun for example_nested_branch_dag to 2024-11-13 00:00:00+00:00, run_after=2024-11-14 00:00:00+00:00
[2024-11-14T07:44:06.239+0000] {processor.py:208} INFO - Processing /home/ubuntu/airflow-venv/lib/python3.12/site-packages/airflow/example_dags/example_nested_branch_dag.py took 0.138 seconds
[2024-11-14T07:45:04.535+0000] {processor.py:186} INFO - Started process (PID=3943) to work on /home/ubuntu/airflow-venv/lib/python3.12/site-packages/airflow/example_dags/example_nested_branch_dag.py
[2024-11-14T07:45:04.536+0000] {processor.py:914} INFO - Processing file /home/ubuntu/airflow-venv/lib/python3.12/site-packages/airflow/example_dags/example_nested_branch_dag.py for tasks to queue
[2024-11-14T07:45:04.538+0000] {logging_mixin.py:190} INFO - [2024-11-14T07:45:04.538+0000] {dagbag.py:588} INFO - Filling up the DagBag from /home/ubuntu/airflow-venv/lib/python3.12/site-packages/airflow/example_dags/example_nested_branch_dag.py
[2024-11-14T07:45:04.552+0000] {processor.py:925} INFO - DAG(s) 'example_nested_branch_dag' retrieved from /home/ubuntu/airflow-venv/lib/python3.12/site-packages/airflow/example_dags/example_nested_branch_dag.py
[2024-11-14T07:45:04.571+0000] {logging_mixin.py:190} INFO - [2024-11-14T07:45:04.570+0000] {dag.py:3239} INFO - Sync 1 DAGs
[2024-11-14T07:45:04.593+0000] {logging_mixin.py:190} INFO - [2024-11-14T07:45:04.593+0000] {dag.py:4180} INFO - Setting next_dagrun for example_nested_branch_dag to 2024-11-13 00:00:00+00:00, run_after=2024-11-14 00:00:00+00:00
[2024-11-14T07:45:04.616+0000] {processor.py:208} INFO - Processing /home/ubuntu/airflow-venv/lib/python3.12/site-packages/airflow/example_dags/example_nested_branch_dag.py took 0.088 seconds
[2024-11-14T07:45:57.951+0000] {processor.py:186} INFO - Started process (PID=4002) to work on /home/ubuntu/airflow-venv/lib/python3.12/site-packages/airflow/example_dags/example_nested_branch_dag.py
[2024-11-14T07:45:57.953+0000] {processor.py:914} INFO - Processing file /home/ubuntu/airflow-venv/lib/python3.12/site-packages/airflow/example_dags/example_nested_branch_dag.py for tasks to queue
[2024-11-14T07:45:57.956+0000] {logging_mixin.py:190} INFO - [2024-11-14T07:45:57.955+0000] {dagbag.py:588} INFO - Filling up the DagBag from /home/ubuntu/airflow-venv/lib/python3.12/site-packages/airflow/example_dags/example_nested_branch_dag.py
[2024-11-14T07:45:57.971+0000] {processor.py:925} INFO - DAG(s) 'example_nested_branch_dag' retrieved from /home/ubuntu/airflow-venv/lib/python3.12/site-packages/airflow/example_dags/example_nested_branch_dag.py
[2024-11-14T07:45:57.992+0000] {logging_mixin.py:190} INFO - [2024-11-14T07:45:57.992+0000] {dag.py:3239} INFO - Sync 1 DAGs
[2024-11-14T07:45:58.017+0000] {logging_mixin.py:190} INFO - [2024-11-14T07:45:58.017+0000] {dag.py:4180} INFO - Setting next_dagrun for example_nested_branch_dag to 2024-11-13 00:00:00+00:00, run_after=2024-11-14 00:00:00+00:00
[2024-11-14T07:45:58.043+0000] {processor.py:208} INFO - Processing /home/ubuntu/airflow-venv/lib/python3.12/site-packages/airflow/example_dags/example_nested_branch_dag.py took 0.098 seconds
[2024-11-14T07:46:52.610+0000] {processor.py:186} INFO - Started process (PID=4059) to work on /home/ubuntu/airflow-venv/lib/python3.12/site-packages/airflow/example_dags/example_nested_branch_dag.py
[2024-11-14T07:46:52.613+0000] {processor.py:914} INFO - Processing file /home/ubuntu/airflow-venv/lib/python3.12/site-packages/airflow/example_dags/example_nested_branch_dag.py for tasks to queue
[2024-11-14T07:46:52.616+0000] {logging_mixin.py:190} INFO - [2024-11-14T07:46:52.615+0000] {dagbag.py:588} INFO - Filling up the DagBag from /home/ubuntu/airflow-venv/lib/python3.12/site-packages/airflow/example_dags/example_nested_branch_dag.py
[2024-11-14T07:46:52.630+0000] {processor.py:925} INFO - DAG(s) 'example_nested_branch_dag' retrieved from /home/ubuntu/airflow-venv/lib/python3.12/site-packages/airflow/example_dags/example_nested_branch_dag.py
[2024-11-14T07:46:52.650+0000] {logging_mixin.py:190} INFO - [2024-11-14T07:46:52.650+0000] {dag.py:3239} INFO - Sync 1 DAGs
[2024-11-14T07:46:52.673+0000] {logging_mixin.py:190} INFO - [2024-11-14T07:46:52.673+0000] {dag.py:4180} INFO - Setting next_dagrun for example_nested_branch_dag to 2024-11-13 00:00:00+00:00, run_after=2024-11-14 00:00:00+00:00
[2024-11-14T07:46:52.696+0000] {processor.py:208} INFO - Processing /home/ubuntu/airflow-venv/lib/python3.12/site-packages/airflow/example_dags/example_nested_branch_dag.py took 0.094 seconds
[2024-11-14T07:47:48.192+0000] {processor.py:186} INFO - Started process (PID=4274) to work on /home/ubuntu/airflow-venv/lib/python3.12/site-packages/airflow/example_dags/example_nested_branch_dag.py
[2024-11-14T07:47:48.193+0000] {processor.py:914} INFO - Processing file /home/ubuntu/airflow-venv/lib/python3.12/site-packages/airflow/example_dags/example_nested_branch_dag.py for tasks to queue
[2024-11-14T07:47:48.197+0000] {logging_mixin.py:190} INFO - [2024-11-14T07:47:48.196+0000] {dagbag.py:588} INFO - Filling up the DagBag from /home/ubuntu/airflow-venv/lib/python3.12/site-packages/airflow/example_dags/example_nested_branch_dag.py
[2024-11-14T07:47:48.212+0000] {processor.py:925} INFO - DAG(s) 'example_nested_branch_dag' retrieved from /home/ubuntu/airflow-venv/lib/python3.12/site-packages/airflow/example_dags/example_nested_branch_dag.py
[2024-11-14T07:47:48.234+0000] {logging_mixin.py:190} INFO - [2024-11-14T07:47:48.234+0000] {dag.py:3239} INFO - Sync 1 DAGs
[2024-11-14T07:47:48.269+0000] {logging_mixin.py:190} INFO - [2024-11-14T07:47:48.265+0000] {dag.py:4180} INFO - Setting next_dagrun for example_nested_branch_dag to 2024-11-13 00:00:00+00:00, run_after=2024-11-14 00:00:00+00:00
[2024-11-14T07:47:48.294+0000] {processor.py:208} INFO - Processing /home/ubuntu/airflow-venv/lib/python3.12/site-packages/airflow/example_dags/example_nested_branch_dag.py took 0.110 seconds
[2024-11-14T07:48:53.791+0000] {processor.py:186} INFO - Started process (PID=4621) to work on /home/ubuntu/airflow-venv/lib/python3.12/site-packages/airflow/example_dags/example_nested_branch_dag.py
[2024-11-14T07:48:53.793+0000] {processor.py:914} INFO - Processing file /home/ubuntu/airflow-venv/lib/python3.12/site-packages/airflow/example_dags/example_nested_branch_dag.py for tasks to queue
[2024-11-14T07:48:53.796+0000] {logging_mixin.py:190} INFO - [2024-11-14T07:48:53.795+0000] {dagbag.py:588} INFO - Filling up the DagBag from /home/ubuntu/airflow-venv/lib/python3.12/site-packages/airflow/example_dags/example_nested_branch_dag.py
[2024-11-14T07:48:53.819+0000] {processor.py:925} INFO - DAG(s) 'example_nested_branch_dag' retrieved from /home/ubuntu/airflow-venv/lib/python3.12/site-packages/airflow/example_dags/example_nested_branch_dag.py
[2024-11-14T07:48:53.848+0000] {logging_mixin.py:190} INFO - [2024-11-14T07:48:53.848+0000] {dag.py:3239} INFO - Sync 1 DAGs
[2024-11-14T07:48:53.883+0000] {logging_mixin.py:190} INFO - [2024-11-14T07:48:53.883+0000] {dag.py:4180} INFO - Setting next_dagrun for example_nested_branch_dag to 2024-11-13 00:00:00+00:00, run_after=2024-11-14 00:00:00+00:00
[2024-11-14T07:48:53.919+0000] {processor.py:208} INFO - Processing /home/ubuntu/airflow-venv/lib/python3.12/site-packages/airflow/example_dags/example_nested_branch_dag.py took 0.139 seconds
[2024-11-14T07:49:54.306+0000] {processor.py:186} INFO - Started process (PID=4679) to work on /home/ubuntu/airflow-venv/lib/python3.12/site-packages/airflow/example_dags/example_nested_branch_dag.py
[2024-11-14T07:49:54.308+0000] {processor.py:914} INFO - Processing file /home/ubuntu/airflow-venv/lib/python3.12/site-packages/airflow/example_dags/example_nested_branch_dag.py for tasks to queue
[2024-11-14T07:49:54.310+0000] {logging_mixin.py:190} INFO - [2024-11-14T07:49:54.310+0000] {dagbag.py:588} INFO - Filling up the DagBag from /home/ubuntu/airflow-venv/lib/python3.12/site-packages/airflow/example_dags/example_nested_branch_dag.py
[2024-11-14T07:49:54.323+0000] {processor.py:925} INFO - DAG(s) 'example_nested_branch_dag' retrieved from /home/ubuntu/airflow-venv/lib/python3.12/site-packages/airflow/example_dags/example_nested_branch_dag.py
[2024-11-14T07:49:54.341+0000] {logging_mixin.py:190} INFO - [2024-11-14T07:49:54.341+0000] {dag.py:3239} INFO - Sync 1 DAGs
[2024-11-14T07:49:54.361+0000] {logging_mixin.py:190} INFO - [2024-11-14T07:49:54.361+0000] {dag.py:4180} INFO - Setting next_dagrun for example_nested_branch_dag to 2024-11-13 00:00:00+00:00, run_after=2024-11-14 00:00:00+00:00
[2024-11-14T07:49:54.384+0000] {processor.py:208} INFO - Processing /home/ubuntu/airflow-venv/lib/python3.12/site-packages/airflow/example_dags/example_nested_branch_dag.py took 0.084 seconds
[2024-11-14T07:50:59.063+0000] {processor.py:186} INFO - Started process (PID=4747) to work on /home/ubuntu/airflow-venv/lib/python3.12/site-packages/airflow/example_dags/example_nested_branch_dag.py
[2024-11-14T07:50:59.065+0000] {processor.py:914} INFO - Processing file /home/ubuntu/airflow-venv/lib/python3.12/site-packages/airflow/example_dags/example_nested_branch_dag.py for tasks to queue
[2024-11-14T07:50:59.067+0000] {logging_mixin.py:190} INFO - [2024-11-14T07:50:59.066+0000] {dagbag.py:588} INFO - Filling up the DagBag from /home/ubuntu/airflow-venv/lib/python3.12/site-packages/airflow/example_dags/example_nested_branch_dag.py
[2024-11-14T07:50:59.112+0000] {processor.py:925} INFO - DAG(s) 'example_nested_branch_dag' retrieved from /home/ubuntu/airflow-venv/lib/python3.12/site-packages/airflow/example_dags/example_nested_branch_dag.py
[2024-11-14T07:50:59.135+0000] {logging_mixin.py:190} INFO - [2024-11-14T07:50:59.135+0000] {dag.py:3239} INFO - Sync 1 DAGs
[2024-11-14T07:50:59.173+0000] {logging_mixin.py:190} INFO - [2024-11-14T07:50:59.172+0000] {dag.py:4180} INFO - Setting next_dagrun for example_nested_branch_dag to 2024-11-13 00:00:00+00:00, run_after=2024-11-14 00:00:00+00:00
[2024-11-14T07:50:59.202+0000] {processor.py:208} INFO - Processing /home/ubuntu/airflow-venv/lib/python3.12/site-packages/airflow/example_dags/example_nested_branch_dag.py took 0.153 seconds
[2024-11-14T07:52:00.926+0000] {processor.py:186} INFO - Started process (PID=4807) to work on /home/ubuntu/airflow-venv/lib/python3.12/site-packages/airflow/example_dags/example_nested_branch_dag.py
[2024-11-14T07:52:00.931+0000] {processor.py:914} INFO - Processing file /home/ubuntu/airflow-venv/lib/python3.12/site-packages/airflow/example_dags/example_nested_branch_dag.py for tasks to queue
[2024-11-14T07:52:00.936+0000] {logging_mixin.py:190} INFO - [2024-11-14T07:52:00.935+0000] {dagbag.py:588} INFO - Filling up the DagBag from /home/ubuntu/airflow-venv/lib/python3.12/site-packages/airflow/example_dags/example_nested_branch_dag.py
[2024-11-14T07:52:00.954+0000] {processor.py:925} INFO - DAG(s) 'example_nested_branch_dag' retrieved from /home/ubuntu/airflow-venv/lib/python3.12/site-packages/airflow/example_dags/example_nested_branch_dag.py
[2024-11-14T07:52:00.973+0000] {logging_mixin.py:190} INFO - [2024-11-14T07:52:00.973+0000] {dag.py:3239} INFO - Sync 1 DAGs
[2024-11-14T07:52:00.995+0000] {logging_mixin.py:190} INFO - [2024-11-14T07:52:00.995+0000] {dag.py:4180} INFO - Setting next_dagrun for example_nested_branch_dag to 2024-11-13 00:00:00+00:00, run_after=2024-11-14 00:00:00+00:00
[2024-11-14T07:52:01.018+0000] {processor.py:208} INFO - Processing /home/ubuntu/airflow-venv/lib/python3.12/site-packages/airflow/example_dags/example_nested_branch_dag.py took 0.099 seconds
[2024-11-14T07:52:59.440+0000] {processor.py:186} INFO - Started process (PID=4867) to work on /home/ubuntu/airflow-venv/lib/python3.12/site-packages/airflow/example_dags/example_nested_branch_dag.py
[2024-11-14T07:52:59.442+0000] {processor.py:914} INFO - Processing file /home/ubuntu/airflow-venv/lib/python3.12/site-packages/airflow/example_dags/example_nested_branch_dag.py for tasks to queue
[2024-11-14T07:52:59.444+0000] {logging_mixin.py:190} INFO - [2024-11-14T07:52:59.443+0000] {dagbag.py:588} INFO - Filling up the DagBag from /home/ubuntu/airflow-venv/lib/python3.12/site-packages/airflow/example_dags/example_nested_branch_dag.py
[2024-11-14T07:52:59.458+0000] {processor.py:925} INFO - DAG(s) 'example_nested_branch_dag' retrieved from /home/ubuntu/airflow-venv/lib/python3.12/site-packages/airflow/example_dags/example_nested_branch_dag.py
[2024-11-14T07:52:59.478+0000] {logging_mixin.py:190} INFO - [2024-11-14T07:52:59.477+0000] {dag.py:3239} INFO - Sync 1 DAGs
[2024-11-14T07:52:59.500+0000] {logging_mixin.py:190} INFO - [2024-11-14T07:52:59.500+0000] {dag.py:4180} INFO - Setting next_dagrun for example_nested_branch_dag to 2024-11-13 00:00:00+00:00, run_after=2024-11-14 00:00:00+00:00
[2024-11-14T07:52:59.525+0000] {processor.py:208} INFO - Processing /home/ubuntu/airflow-venv/lib/python3.12/site-packages/airflow/example_dags/example_nested_branch_dag.py took 0.091 seconds
[2024-11-14T07:53:57.235+0000] {processor.py:186} INFO - Started process (PID=4928) to work on /home/ubuntu/airflow-venv/lib/python3.12/site-packages/airflow/example_dags/example_nested_branch_dag.py
[2024-11-14T07:53:57.236+0000] {processor.py:914} INFO - Processing file /home/ubuntu/airflow-venv/lib/python3.12/site-packages/airflow/example_dags/example_nested_branch_dag.py for tasks to queue
[2024-11-14T07:53:57.238+0000] {logging_mixin.py:190} INFO - [2024-11-14T07:53:57.237+0000] {dagbag.py:588} INFO - Filling up the DagBag from /home/ubuntu/airflow-venv/lib/python3.12/site-packages/airflow/example_dags/example_nested_branch_dag.py
[2024-11-14T07:53:57.252+0000] {processor.py:925} INFO - DAG(s) 'example_nested_branch_dag' retrieved from /home/ubuntu/airflow-venv/lib/python3.12/site-packages/airflow/example_dags/example_nested_branch_dag.py
[2024-11-14T07:53:57.273+0000] {logging_mixin.py:190} INFO - [2024-11-14T07:53:57.272+0000] {dag.py:3239} INFO - Sync 1 DAGs
[2024-11-14T07:53:57.295+0000] {logging_mixin.py:190} INFO - [2024-11-14T07:53:57.294+0000] {dag.py:4180} INFO - Setting next_dagrun for example_nested_branch_dag to 2024-11-13 00:00:00+00:00, run_after=2024-11-14 00:00:00+00:00
[2024-11-14T07:53:57.320+0000] {processor.py:208} INFO - Processing /home/ubuntu/airflow-venv/lib/python3.12/site-packages/airflow/example_dags/example_nested_branch_dag.py took 0.093 seconds
[2024-11-14T07:54:58.345+0000] {processor.py:186} INFO - Started process (PID=4987) to work on /home/ubuntu/airflow-venv/lib/python3.12/site-packages/airflow/example_dags/example_nested_branch_dag.py
[2024-11-14T07:54:58.347+0000] {processor.py:914} INFO - Processing file /home/ubuntu/airflow-venv/lib/python3.12/site-packages/airflow/example_dags/example_nested_branch_dag.py for tasks to queue
[2024-11-14T07:54:58.348+0000] {logging_mixin.py:190} INFO - [2024-11-14T07:54:58.347+0000] {dagbag.py:588} INFO - Filling up the DagBag from /home/ubuntu/airflow-venv/lib/python3.12/site-packages/airflow/example_dags/example_nested_branch_dag.py
[2024-11-14T07:54:58.360+0000] {processor.py:925} INFO - DAG(s) 'example_nested_branch_dag' retrieved from /home/ubuntu/airflow-venv/lib/python3.12/site-packages/airflow/example_dags/example_nested_branch_dag.py
[2024-11-14T07:54:58.379+0000] {logging_mixin.py:190} INFO - [2024-11-14T07:54:58.379+0000] {dag.py:3239} INFO - Sync 1 DAGs
[2024-11-14T07:54:58.400+0000] {logging_mixin.py:190} INFO - [2024-11-14T07:54:58.399+0000] {dag.py:4180} INFO - Setting next_dagrun for example_nested_branch_dag to 2024-11-13 00:00:00+00:00, run_after=2024-11-14 00:00:00+00:00
[2024-11-14T07:54:58.421+0000] {processor.py:208} INFO - Processing /home/ubuntu/airflow-venv/lib/python3.12/site-packages/airflow/example_dags/example_nested_branch_dag.py took 0.082 seconds
[2024-11-14T07:55:59.678+0000] {processor.py:186} INFO - Started process (PID=5051) to work on /home/ubuntu/airflow-venv/lib/python3.12/site-packages/airflow/example_dags/example_nested_branch_dag.py
[2024-11-14T07:55:59.679+0000] {processor.py:914} INFO - Processing file /home/ubuntu/airflow-venv/lib/python3.12/site-packages/airflow/example_dags/example_nested_branch_dag.py for tasks to queue
[2024-11-14T07:55:59.681+0000] {logging_mixin.py:190} INFO - [2024-11-14T07:55:59.680+0000] {dagbag.py:588} INFO - Filling up the DagBag from /home/ubuntu/airflow-venv/lib/python3.12/site-packages/airflow/example_dags/example_nested_branch_dag.py
[2024-11-14T07:55:59.695+0000] {processor.py:925} INFO - DAG(s) 'example_nested_branch_dag' retrieved from /home/ubuntu/airflow-venv/lib/python3.12/site-packages/airflow/example_dags/example_nested_branch_dag.py
[2024-11-14T07:55:59.715+0000] {logging_mixin.py:190} INFO - [2024-11-14T07:55:59.715+0000] {dag.py:3239} INFO - Sync 1 DAGs
[2024-11-14T07:55:59.736+0000] {logging_mixin.py:190} INFO - [2024-11-14T07:55:59.736+0000] {dag.py:4180} INFO - Setting next_dagrun for example_nested_branch_dag to 2024-11-13 00:00:00+00:00, run_after=2024-11-14 00:00:00+00:00
[2024-11-14T07:55:59.775+0000] {processor.py:208} INFO - Processing /home/ubuntu/airflow-venv/lib/python3.12/site-packages/airflow/example_dags/example_nested_branch_dag.py took 0.104 seconds
[2024-11-14T07:56:59.389+0000] {processor.py:186} INFO - Started process (PID=5113) to work on /home/ubuntu/airflow-venv/lib/python3.12/site-packages/airflow/example_dags/example_nested_branch_dag.py
[2024-11-14T07:56:59.390+0000] {processor.py:914} INFO - Processing file /home/ubuntu/airflow-venv/lib/python3.12/site-packages/airflow/example_dags/example_nested_branch_dag.py for tasks to queue
[2024-11-14T07:56:59.391+0000] {logging_mixin.py:190} INFO - [2024-11-14T07:56:59.391+0000] {dagbag.py:588} INFO - Filling up the DagBag from /home/ubuntu/airflow-venv/lib/python3.12/site-packages/airflow/example_dags/example_nested_branch_dag.py
[2024-11-14T07:56:59.404+0000] {processor.py:925} INFO - DAG(s) 'example_nested_branch_dag' retrieved from /home/ubuntu/airflow-venv/lib/python3.12/site-packages/airflow/example_dags/example_nested_branch_dag.py
[2024-11-14T07:56:59.423+0000] {logging_mixin.py:190} INFO - [2024-11-14T07:56:59.422+0000] {dag.py:3239} INFO - Sync 1 DAGs
[2024-11-14T07:56:59.444+0000] {logging_mixin.py:190} INFO - [2024-11-14T07:56:59.444+0000] {dag.py:4180} INFO - Setting next_dagrun for example_nested_branch_dag to 2024-11-13 00:00:00+00:00, run_after=2024-11-14 00:00:00+00:00
[2024-11-14T07:56:59.466+0000] {processor.py:208} INFO - Processing /home/ubuntu/airflow-venv/lib/python3.12/site-packages/airflow/example_dags/example_nested_branch_dag.py took 0.083 seconds
[2024-11-14T07:57:59.186+0000] {processor.py:186} INFO - Started process (PID=5174) to work on /home/ubuntu/airflow-venv/lib/python3.12/site-packages/airflow/example_dags/example_nested_branch_dag.py
[2024-11-14T07:57:59.187+0000] {processor.py:914} INFO - Processing file /home/ubuntu/airflow-venv/lib/python3.12/site-packages/airflow/example_dags/example_nested_branch_dag.py for tasks to queue
[2024-11-14T07:57:59.189+0000] {logging_mixin.py:190} INFO - [2024-11-14T07:57:59.188+0000] {dagbag.py:588} INFO - Filling up the DagBag from /home/ubuntu/airflow-venv/lib/python3.12/site-packages/airflow/example_dags/example_nested_branch_dag.py
[2024-11-14T07:57:59.202+0000] {processor.py:925} INFO - DAG(s) 'example_nested_branch_dag' retrieved from /home/ubuntu/airflow-venv/lib/python3.12/site-packages/airflow/example_dags/example_nested_branch_dag.py
[2024-11-14T07:57:59.221+0000] {logging_mixin.py:190} INFO - [2024-11-14T07:57:59.221+0000] {dag.py:3239} INFO - Sync 1 DAGs
[2024-11-14T07:57:59.242+0000] {logging_mixin.py:190} INFO - [2024-11-14T07:57:59.242+0000] {dag.py:4180} INFO - Setting next_dagrun for example_nested_branch_dag to 2024-11-13 00:00:00+00:00, run_after=2024-11-14 00:00:00+00:00
[2024-11-14T07:57:59.264+0000] {processor.py:208} INFO - Processing /home/ubuntu/airflow-venv/lib/python3.12/site-packages/airflow/example_dags/example_nested_branch_dag.py took 0.085 seconds
[2024-11-14T07:58:59.680+0000] {processor.py:186} INFO - Started process (PID=5233) to work on /home/ubuntu/airflow-venv/lib/python3.12/site-packages/airflow/example_dags/example_nested_branch_dag.py
[2024-11-14T07:58:59.682+0000] {processor.py:914} INFO - Processing file /home/ubuntu/airflow-venv/lib/python3.12/site-packages/airflow/example_dags/example_nested_branch_dag.py for tasks to queue
[2024-11-14T07:58:59.683+0000] {logging_mixin.py:190} INFO - [2024-11-14T07:58:59.683+0000] {dagbag.py:588} INFO - Filling up the DagBag from /home/ubuntu/airflow-venv/lib/python3.12/site-packages/airflow/example_dags/example_nested_branch_dag.py
[2024-11-14T07:58:59.696+0000] {processor.py:925} INFO - DAG(s) 'example_nested_branch_dag' retrieved from /home/ubuntu/airflow-venv/lib/python3.12/site-packages/airflow/example_dags/example_nested_branch_dag.py
[2024-11-14T07:58:59.714+0000] {logging_mixin.py:190} INFO - [2024-11-14T07:58:59.714+0000] {dag.py:3239} INFO - Sync 1 DAGs
[2024-11-14T07:58:59.735+0000] {logging_mixin.py:190} INFO - [2024-11-14T07:58:59.734+0000] {dag.py:4180} INFO - Setting next_dagrun for example_nested_branch_dag to 2024-11-13 00:00:00+00:00, run_after=2024-11-14 00:00:00+00:00
[2024-11-14T07:58:59.756+0000] {processor.py:208} INFO - Processing /home/ubuntu/airflow-venv/lib/python3.12/site-packages/airflow/example_dags/example_nested_branch_dag.py took 0.082 seconds
[2024-11-14T07:59:59.863+0000] {processor.py:186} INFO - Started process (PID=5293) to work on /home/ubuntu/airflow-venv/lib/python3.12/site-packages/airflow/example_dags/example_nested_branch_dag.py
[2024-11-14T07:59:59.865+0000] {processor.py:914} INFO - Processing file /home/ubuntu/airflow-venv/lib/python3.12/site-packages/airflow/example_dags/example_nested_branch_dag.py for tasks to queue
[2024-11-14T07:59:59.866+0000] {logging_mixin.py:190} INFO - [2024-11-14T07:59:59.866+0000] {dagbag.py:588} INFO - Filling up the DagBag from /home/ubuntu/airflow-venv/lib/python3.12/site-packages/airflow/example_dags/example_nested_branch_dag.py
[2024-11-14T07:59:59.880+0000] {processor.py:925} INFO - DAG(s) 'example_nested_branch_dag' retrieved from /home/ubuntu/airflow-venv/lib/python3.12/site-packages/airflow/example_dags/example_nested_branch_dag.py
[2024-11-14T07:59:59.901+0000] {logging_mixin.py:190} INFO - [2024-11-14T07:59:59.901+0000] {dag.py:3239} INFO - Sync 1 DAGs
[2024-11-14T07:59:59.922+0000] {logging_mixin.py:190} INFO - [2024-11-14T07:59:59.922+0000] {dag.py:4180} INFO - Setting next_dagrun for example_nested_branch_dag to 2024-11-13 00:00:00+00:00, run_after=2024-11-14 00:00:00+00:00
[2024-11-14T07:59:59.945+0000] {processor.py:208} INFO - Processing /home/ubuntu/airflow-venv/lib/python3.12/site-packages/airflow/example_dags/example_nested_branch_dag.py took 0.088 seconds
[2024-11-14T08:00:59.279+0000] {processor.py:186} INFO - Started process (PID=5360) to work on /home/ubuntu/airflow-venv/lib/python3.12/site-packages/airflow/example_dags/example_nested_branch_dag.py
[2024-11-14T08:00:59.281+0000] {processor.py:914} INFO - Processing file /home/ubuntu/airflow-venv/lib/python3.12/site-packages/airflow/example_dags/example_nested_branch_dag.py for tasks to queue
[2024-11-14T08:00:59.282+0000] {logging_mixin.py:190} INFO - [2024-11-14T08:00:59.282+0000] {dagbag.py:588} INFO - Filling up the DagBag from /home/ubuntu/airflow-venv/lib/python3.12/site-packages/airflow/example_dags/example_nested_branch_dag.py
[2024-11-14T08:00:59.295+0000] {processor.py:925} INFO - DAG(s) 'example_nested_branch_dag' retrieved from /home/ubuntu/airflow-venv/lib/python3.12/site-packages/airflow/example_dags/example_nested_branch_dag.py
[2024-11-14T08:00:59.315+0000] {logging_mixin.py:190} INFO - [2024-11-14T08:00:59.315+0000] {dag.py:3239} INFO - Sync 1 DAGs
[2024-11-14T08:00:59.338+0000] {logging_mixin.py:190} INFO - [2024-11-14T08:00:59.337+0000] {dag.py:4180} INFO - Setting next_dagrun for example_nested_branch_dag to 2024-11-13 00:00:00+00:00, run_after=2024-11-14 00:00:00+00:00
[2024-11-14T08:00:59.361+0000] {processor.py:208} INFO - Processing /home/ubuntu/airflow-venv/lib/python3.12/site-packages/airflow/example_dags/example_nested_branch_dag.py took 0.087 seconds
[2024-11-14T08:01:59.805+0000] {processor.py:186} INFO - Started process (PID=5419) to work on /home/ubuntu/airflow-venv/lib/python3.12/site-packages/airflow/example_dags/example_nested_branch_dag.py
[2024-11-14T08:01:59.807+0000] {processor.py:914} INFO - Processing file /home/ubuntu/airflow-venv/lib/python3.12/site-packages/airflow/example_dags/example_nested_branch_dag.py for tasks to queue
[2024-11-14T08:01:59.808+0000] {logging_mixin.py:190} INFO - [2024-11-14T08:01:59.807+0000] {dagbag.py:588} INFO - Filling up the DagBag from /home/ubuntu/airflow-venv/lib/python3.12/site-packages/airflow/example_dags/example_nested_branch_dag.py
[2024-11-14T08:01:59.823+0000] {processor.py:925} INFO - DAG(s) 'example_nested_branch_dag' retrieved from /home/ubuntu/airflow-venv/lib/python3.12/site-packages/airflow/example_dags/example_nested_branch_dag.py
[2024-11-14T08:01:59.842+0000] {logging_mixin.py:190} INFO - [2024-11-14T08:01:59.842+0000] {dag.py:3239} INFO - Sync 1 DAGs
[2024-11-14T08:01:59.865+0000] {logging_mixin.py:190} INFO - [2024-11-14T08:01:59.865+0000] {dag.py:4180} INFO - Setting next_dagrun for example_nested_branch_dag to 2024-11-13 00:00:00+00:00, run_after=2024-11-14 00:00:00+00:00
[2024-11-14T08:01:59.887+0000] {processor.py:208} INFO - Processing /home/ubuntu/airflow-venv/lib/python3.12/site-packages/airflow/example_dags/example_nested_branch_dag.py took 0.089 seconds
[2024-11-14T08:03:00.446+0000] {processor.py:186} INFO - Started process (PID=5482) to work on /home/ubuntu/airflow-venv/lib/python3.12/site-packages/airflow/example_dags/example_nested_branch_dag.py
[2024-11-14T08:03:00.448+0000] {processor.py:914} INFO - Processing file /home/ubuntu/airflow-venv/lib/python3.12/site-packages/airflow/example_dags/example_nested_branch_dag.py for tasks to queue
[2024-11-14T08:03:00.449+0000] {logging_mixin.py:190} INFO - [2024-11-14T08:03:00.448+0000] {dagbag.py:588} INFO - Filling up the DagBag from /home/ubuntu/airflow-venv/lib/python3.12/site-packages/airflow/example_dags/example_nested_branch_dag.py
[2024-11-14T08:03:00.472+0000] {processor.py:925} INFO - DAG(s) 'example_nested_branch_dag' retrieved from /home/ubuntu/airflow-venv/lib/python3.12/site-packages/airflow/example_dags/example_nested_branch_dag.py
[2024-11-14T08:03:00.513+0000] {logging_mixin.py:190} INFO - [2024-11-14T08:03:00.513+0000] {dag.py:3239} INFO - Sync 1 DAGs
[2024-11-14T08:03:00.536+0000] {logging_mixin.py:190} INFO - [2024-11-14T08:03:00.535+0000] {dag.py:4180} INFO - Setting next_dagrun for example_nested_branch_dag to 2024-11-13 00:00:00+00:00, run_after=2024-11-14 00:00:00+00:00
[2024-11-14T08:03:00.561+0000] {processor.py:208} INFO - Processing /home/ubuntu/airflow-venv/lib/python3.12/site-packages/airflow/example_dags/example_nested_branch_dag.py took 0.122 seconds
