[2024-11-14T07:40:41.669+0000] {processor.py:186} INFO - Started process (PID=3684) to work on /home/ubuntu/airflow-venv/lib/python3.12/site-packages/airflow/example_dags/example_subdag_operator.py
[2024-11-14T07:40:41.670+0000] {processor.py:914} INFO - Processing file /home/ubuntu/airflow-venv/lib/python3.12/site-packages/airflow/example_dags/example_subdag_operator.py for tasks to queue
[2024-11-14T07:40:41.673+0000] {logging_mixin.py:190} INFO - [2024-11-14T07:40:41.673+0000] {dagbag.py:588} INFO - Filling up the DagBag from /home/ubuntu/airflow-venv/lib/python3.12/site-packages/airflow/example_dags/example_subdag_operator.py
[2024-11-14T07:40:41.709+0000] {processor.py:925} INFO - DAG(s) 'example_subdag_operator.section-1', 'example_subdag_operator.section-2', 'example_subdag_operator' retrieved from /home/ubuntu/airflow-venv/lib/python3.12/site-packages/airflow/example_dags/example_subdag_operator.py
[2024-11-14T07:40:41.827+0000] {logging_mixin.py:190} INFO - [2024-11-14T07:40:41.827+0000] {override.py:1911} INFO - Created Permission View: can delete on DAG:example_subdag_operator
[2024-11-14T07:40:41.847+0000] {logging_mixin.py:190} INFO - [2024-11-14T07:40:41.847+0000] {override.py:1911} INFO - Created Permission View: can read on DAG:example_subdag_operator
[2024-11-14T07:40:41.859+0000] {logging_mixin.py:190} INFO - [2024-11-14T07:40:41.859+0000] {override.py:1911} INFO - Created Permission View: can edit on DAG:example_subdag_operator
[2024-11-14T07:40:41.877+0000] {logging_mixin.py:190} INFO - [2024-11-14T07:40:41.876+0000] {override.py:1911} INFO - Created Permission View: can delete on DAG Run:example_subdag_operator
[2024-11-14T07:40:41.888+0000] {logging_mixin.py:190} INFO - [2024-11-14T07:40:41.888+0000] {override.py:1911} INFO - Created Permission View: can create on DAG Run:example_subdag_operator
[2024-11-14T07:40:41.899+0000] {logging_mixin.py:190} INFO - [2024-11-14T07:40:41.898+0000] {override.py:1911} INFO - Created Permission View: can read on DAG Run:example_subdag_operator
[2024-11-14T07:40:41.909+0000] {logging_mixin.py:190} INFO - [2024-11-14T07:40:41.908+0000] {override.py:1911} INFO - Created Permission View: menu access on DAG Run:example_subdag_operator
[2024-11-14T07:40:41.909+0000] {logging_mixin.py:190} INFO - [2024-11-14T07:40:41.909+0000] {dag.py:3239} INFO - Sync 3 DAGs
[2024-11-14T07:40:41.921+0000] {logging_mixin.py:190} INFO - [2024-11-14T07:40:41.921+0000] {dag.py:3262} INFO - Creating ORM DAG for example_subdag_operator
[2024-11-14T07:40:41.922+0000] {logging_mixin.py:190} INFO - [2024-11-14T07:40:41.922+0000] {dag.py:3262} INFO - Creating ORM DAG for example_subdag_operator.section-2
[2024-11-14T07:40:41.923+0000] {logging_mixin.py:190} INFO - [2024-11-14T07:40:41.922+0000] {dag.py:3262} INFO - Creating ORM DAG for example_subdag_operator.section-1
[2024-11-14T07:40:41.931+0000] {logging_mixin.py:190} INFO - [2024-11-14T07:40:41.930+0000] {dag.py:4180} INFO - Setting next_dagrun for example_subdag_operator to 2022-01-01 00:00:00+00:00, run_after=2022-01-01 00:00:00+00:00
[2024-11-14T07:40:41.931+0000] {logging_mixin.py:190} INFO - [2024-11-14T07:40:41.931+0000] {dag.py:4180} INFO - Setting next_dagrun for example_subdag_operator.section-1 to None, run_after=None
[2024-11-14T07:40:41.931+0000] {logging_mixin.py:190} INFO - [2024-11-14T07:40:41.931+0000] {dag.py:4180} INFO - Setting next_dagrun for example_subdag_operator.section-2 to None, run_after=None
[2024-11-14T07:40:41.937+0000] {logging_mixin.py:190} INFO - [2024-11-14T07:40:41.937+0000] {dag.py:3239} INFO - Sync 2 DAGs
[2024-11-14T07:40:41.942+0000] {logging_mixin.py:190} INFO - [2024-11-14T07:40:41.942+0000] {dag.py:4180} INFO - Setting next_dagrun for example_subdag_operator.section-1 to None, run_after=None
[2024-11-14T07:40:41.944+0000] {logging_mixin.py:190} INFO - [2024-11-14T07:40:41.944+0000] {dag.py:4180} INFO - Setting next_dagrun for example_subdag_operator.section-2 to None, run_after=None
[2024-11-14T07:40:41.965+0000] {processor.py:208} INFO - Processing /home/ubuntu/airflow-venv/lib/python3.12/site-packages/airflow/example_dags/example_subdag_operator.py took 0.310 seconds
[2024-11-14T07:41:50.365+0000] {processor.py:186} INFO - Started process (PID=3746) to work on /home/ubuntu/airflow-venv/lib/python3.12/site-packages/airflow/example_dags/example_subdag_operator.py
[2024-11-14T07:41:50.367+0000] {processor.py:914} INFO - Processing file /home/ubuntu/airflow-venv/lib/python3.12/site-packages/airflow/example_dags/example_subdag_operator.py for tasks to queue
[2024-11-14T07:41:50.370+0000] {logging_mixin.py:190} INFO - [2024-11-14T07:41:50.369+0000] {dagbag.py:588} INFO - Filling up the DagBag from /home/ubuntu/airflow-venv/lib/python3.12/site-packages/airflow/example_dags/example_subdag_operator.py
[2024-11-14T07:41:50.398+0000] {processor.py:925} INFO - DAG(s) 'example_subdag_operator.section-1', 'example_subdag_operator.section-2', 'example_subdag_operator' retrieved from /home/ubuntu/airflow-venv/lib/python3.12/site-packages/airflow/example_dags/example_subdag_operator.py
[2024-11-14T07:41:50.416+0000] {logging_mixin.py:190} INFO - [2024-11-14T07:41:50.416+0000] {dag.py:3239} INFO - Sync 3 DAGs
[2024-11-14T07:41:50.443+0000] {logging_mixin.py:190} INFO - [2024-11-14T07:41:50.443+0000] {dag.py:4180} INFO - Setting next_dagrun for example_subdag_operator to 2022-01-01 00:00:00+00:00, run_after=2022-01-01 00:00:00+00:00
[2024-11-14T07:41:50.448+0000] {logging_mixin.py:190} INFO - [2024-11-14T07:41:50.447+0000] {dag.py:4180} INFO - Setting next_dagrun for example_subdag_operator.section-1 to None, run_after=None
[2024-11-14T07:41:50.449+0000] {logging_mixin.py:190} INFO - [2024-11-14T07:41:50.449+0000] {dag.py:4180} INFO - Setting next_dagrun for example_subdag_operator.section-2 to None, run_after=None
[2024-11-14T07:41:50.455+0000] {logging_mixin.py:190} INFO - [2024-11-14T07:41:50.455+0000] {dag.py:3239} INFO - Sync 2 DAGs
[2024-11-14T07:41:50.459+0000] {logging_mixin.py:190} INFO - [2024-11-14T07:41:50.459+0000] {dag.py:4180} INFO - Setting next_dagrun for example_subdag_operator.section-1 to None, run_after=None
[2024-11-14T07:41:50.459+0000] {logging_mixin.py:190} INFO - [2024-11-14T07:41:50.459+0000] {dag.py:4180} INFO - Setting next_dagrun for example_subdag_operator.section-2 to None, run_after=None
[2024-11-14T07:41:50.475+0000] {processor.py:208} INFO - Processing /home/ubuntu/airflow-venv/lib/python3.12/site-packages/airflow/example_dags/example_subdag_operator.py took 0.119 seconds
[2024-11-14T07:42:45.816+0000] {processor.py:186} INFO - Started process (PID=3803) to work on /home/ubuntu/airflow-venv/lib/python3.12/site-packages/airflow/example_dags/example_subdag_operator.py
[2024-11-14T07:42:45.818+0000] {processor.py:914} INFO - Processing file /home/ubuntu/airflow-venv/lib/python3.12/site-packages/airflow/example_dags/example_subdag_operator.py for tasks to queue
[2024-11-14T07:42:45.821+0000] {logging_mixin.py:190} INFO - [2024-11-14T07:42:45.820+0000] {dagbag.py:588} INFO - Filling up the DagBag from /home/ubuntu/airflow-venv/lib/python3.12/site-packages/airflow/example_dags/example_subdag_operator.py
[2024-11-14T07:42:45.849+0000] {processor.py:925} INFO - DAG(s) 'example_subdag_operator.section-1', 'example_subdag_operator.section-2', 'example_subdag_operator' retrieved from /home/ubuntu/airflow-venv/lib/python3.12/site-packages/airflow/example_dags/example_subdag_operator.py
[2024-11-14T07:42:45.864+0000] {logging_mixin.py:190} INFO - [2024-11-14T07:42:45.864+0000] {dag.py:3239} INFO - Sync 3 DAGs
[2024-11-14T07:42:45.890+0000] {logging_mixin.py:190} INFO - [2024-11-14T07:42:45.890+0000] {dag.py:4180} INFO - Setting next_dagrun for example_subdag_operator to 2022-01-01 00:00:00+00:00, run_after=2022-01-01 00:00:00+00:00
[2024-11-14T07:42:45.894+0000] {logging_mixin.py:190} INFO - [2024-11-14T07:42:45.894+0000] {dag.py:4180} INFO - Setting next_dagrun for example_subdag_operator.section-1 to None, run_after=None
[2024-11-14T07:42:45.895+0000] {logging_mixin.py:190} INFO - [2024-11-14T07:42:45.895+0000] {dag.py:4180} INFO - Setting next_dagrun for example_subdag_operator.section-2 to None, run_after=None
[2024-11-14T07:42:45.901+0000] {logging_mixin.py:190} INFO - [2024-11-14T07:42:45.900+0000] {dag.py:3239} INFO - Sync 2 DAGs
[2024-11-14T07:42:45.905+0000] {logging_mixin.py:190} INFO - [2024-11-14T07:42:45.904+0000] {dag.py:4180} INFO - Setting next_dagrun for example_subdag_operator.section-1 to None, run_after=None
[2024-11-14T07:42:45.905+0000] {logging_mixin.py:190} INFO - [2024-11-14T07:42:45.905+0000] {dag.py:4180} INFO - Setting next_dagrun for example_subdag_operator.section-2 to None, run_after=None
[2024-11-14T07:42:45.925+0000] {processor.py:208} INFO - Processing /home/ubuntu/airflow-venv/lib/python3.12/site-packages/airflow/example_dags/example_subdag_operator.py took 0.116 seconds
[2024-11-14T07:43:39.844+0000] {processor.py:186} INFO - Started process (PID=3858) to work on /home/ubuntu/airflow-venv/lib/python3.12/site-packages/airflow/example_dags/example_subdag_operator.py
[2024-11-14T07:43:39.845+0000] {processor.py:914} INFO - Processing file /home/ubuntu/airflow-venv/lib/python3.12/site-packages/airflow/example_dags/example_subdag_operator.py for tasks to queue
[2024-11-14T07:43:39.848+0000] {logging_mixin.py:190} INFO - [2024-11-14T07:43:39.847+0000] {dagbag.py:588} INFO - Filling up the DagBag from /home/ubuntu/airflow-venv/lib/python3.12/site-packages/airflow/example_dags/example_subdag_operator.py
[2024-11-14T07:43:39.872+0000] {processor.py:925} INFO - DAG(s) 'example_subdag_operator.section-1', 'example_subdag_operator.section-2', 'example_subdag_operator' retrieved from /home/ubuntu/airflow-venv/lib/python3.12/site-packages/airflow/example_dags/example_subdag_operator.py
[2024-11-14T07:43:39.887+0000] {logging_mixin.py:190} INFO - [2024-11-14T07:43:39.887+0000] {dag.py:3239} INFO - Sync 3 DAGs
[2024-11-14T07:43:39.908+0000] {logging_mixin.py:190} INFO - [2024-11-14T07:43:39.908+0000] {dag.py:4180} INFO - Setting next_dagrun for example_subdag_operator to 2022-01-01 00:00:00+00:00, run_after=2022-01-01 00:00:00+00:00
[2024-11-14T07:43:39.911+0000] {logging_mixin.py:190} INFO - [2024-11-14T07:43:39.911+0000] {dag.py:4180} INFO - Setting next_dagrun for example_subdag_operator.section-1 to None, run_after=None
[2024-11-14T07:43:39.912+0000] {logging_mixin.py:190} INFO - [2024-11-14T07:43:39.912+0000] {dag.py:4180} INFO - Setting next_dagrun for example_subdag_operator.section-2 to None, run_after=None
[2024-11-14T07:43:39.917+0000] {logging_mixin.py:190} INFO - [2024-11-14T07:43:39.917+0000] {dag.py:3239} INFO - Sync 2 DAGs
[2024-11-14T07:43:39.921+0000] {logging_mixin.py:190} INFO - [2024-11-14T07:43:39.920+0000] {dag.py:4180} INFO - Setting next_dagrun for example_subdag_operator.section-1 to None, run_after=None
[2024-11-14T07:43:39.921+0000] {logging_mixin.py:190} INFO - [2024-11-14T07:43:39.921+0000] {dag.py:4180} INFO - Setting next_dagrun for example_subdag_operator.section-2 to None, run_after=None
[2024-11-14T07:43:39.935+0000] {processor.py:208} INFO - Processing /home/ubuntu/airflow-venv/lib/python3.12/site-packages/airflow/example_dags/example_subdag_operator.py took 0.098 seconds
[2024-11-14T07:44:38.434+0000] {processor.py:186} INFO - Started process (PID=3914) to work on /home/ubuntu/airflow-venv/lib/python3.12/site-packages/airflow/example_dags/example_subdag_operator.py
[2024-11-14T07:44:38.436+0000] {processor.py:914} INFO - Processing file /home/ubuntu/airflow-venv/lib/python3.12/site-packages/airflow/example_dags/example_subdag_operator.py for tasks to queue
[2024-11-14T07:44:38.438+0000] {logging_mixin.py:190} INFO - [2024-11-14T07:44:38.438+0000] {dagbag.py:588} INFO - Filling up the DagBag from /home/ubuntu/airflow-venv/lib/python3.12/site-packages/airflow/example_dags/example_subdag_operator.py
[2024-11-14T07:44:38.466+0000] {processor.py:925} INFO - DAG(s) 'example_subdag_operator.section-1', 'example_subdag_operator.section-2', 'example_subdag_operator' retrieved from /home/ubuntu/airflow-venv/lib/python3.12/site-packages/airflow/example_dags/example_subdag_operator.py
[2024-11-14T07:44:38.483+0000] {logging_mixin.py:190} INFO - [2024-11-14T07:44:38.482+0000] {dag.py:3239} INFO - Sync 3 DAGs
[2024-11-14T07:44:38.514+0000] {logging_mixin.py:190} INFO - [2024-11-14T07:44:38.513+0000] {dag.py:4180} INFO - Setting next_dagrun for example_subdag_operator to 2022-01-01 00:00:00+00:00, run_after=2022-01-01 00:00:00+00:00
[2024-11-14T07:44:38.518+0000] {logging_mixin.py:190} INFO - [2024-11-14T07:44:38.517+0000] {dag.py:4180} INFO - Setting next_dagrun for example_subdag_operator.section-1 to None, run_after=None
[2024-11-14T07:44:38.519+0000] {logging_mixin.py:190} INFO - [2024-11-14T07:44:38.519+0000] {dag.py:4180} INFO - Setting next_dagrun for example_subdag_operator.section-2 to None, run_after=None
[2024-11-14T07:44:38.526+0000] {logging_mixin.py:190} INFO - [2024-11-14T07:44:38.525+0000] {dag.py:3239} INFO - Sync 2 DAGs
[2024-11-14T07:44:38.530+0000] {logging_mixin.py:190} INFO - [2024-11-14T07:44:38.529+0000] {dag.py:4180} INFO - Setting next_dagrun for example_subdag_operator.section-1 to None, run_after=None
[2024-11-14T07:44:38.530+0000] {logging_mixin.py:190} INFO - [2024-11-14T07:44:38.530+0000] {dag.py:4180} INFO - Setting next_dagrun for example_subdag_operator.section-2 to None, run_after=None
[2024-11-14T07:44:38.546+0000] {processor.py:208} INFO - Processing /home/ubuntu/airflow-venv/lib/python3.12/site-packages/airflow/example_dags/example_subdag_operator.py took 0.118 seconds
[2024-11-14T07:45:34.780+0000] {processor.py:186} INFO - Started process (PID=3974) to work on /home/ubuntu/airflow-venv/lib/python3.12/site-packages/airflow/example_dags/example_subdag_operator.py
[2024-11-14T07:45:34.782+0000] {processor.py:914} INFO - Processing file /home/ubuntu/airflow-venv/lib/python3.12/site-packages/airflow/example_dags/example_subdag_operator.py for tasks to queue
[2024-11-14T07:45:34.785+0000] {logging_mixin.py:190} INFO - [2024-11-14T07:45:34.785+0000] {dagbag.py:588} INFO - Filling up the DagBag from /home/ubuntu/airflow-venv/lib/python3.12/site-packages/airflow/example_dags/example_subdag_operator.py
[2024-11-14T07:45:34.831+0000] {processor.py:925} INFO - DAG(s) 'example_subdag_operator.section-1', 'example_subdag_operator.section-2', 'example_subdag_operator' retrieved from /home/ubuntu/airflow-venv/lib/python3.12/site-packages/airflow/example_dags/example_subdag_operator.py
[2024-11-14T07:45:34.855+0000] {logging_mixin.py:190} INFO - [2024-11-14T07:45:34.855+0000] {dag.py:3239} INFO - Sync 3 DAGs
[2024-11-14T07:45:34.880+0000] {logging_mixin.py:190} INFO - [2024-11-14T07:45:34.880+0000] {dag.py:4180} INFO - Setting next_dagrun for example_subdag_operator to 2022-01-01 00:00:00+00:00, run_after=2022-01-01 00:00:00+00:00
[2024-11-14T07:45:34.884+0000] {logging_mixin.py:190} INFO - [2024-11-14T07:45:34.883+0000] {dag.py:4180} INFO - Setting next_dagrun for example_subdag_operator.section-1 to None, run_after=None
[2024-11-14T07:45:34.885+0000] {logging_mixin.py:190} INFO - [2024-11-14T07:45:34.884+0000] {dag.py:4180} INFO - Setting next_dagrun for example_subdag_operator.section-2 to None, run_after=None
[2024-11-14T07:45:34.890+0000] {logging_mixin.py:190} INFO - [2024-11-14T07:45:34.890+0000] {dag.py:3239} INFO - Sync 2 DAGs
[2024-11-14T07:45:34.895+0000] {logging_mixin.py:190} INFO - [2024-11-14T07:45:34.894+0000] {dag.py:4180} INFO - Setting next_dagrun for example_subdag_operator.section-1 to None, run_after=None
[2024-11-14T07:45:34.895+0000] {logging_mixin.py:190} INFO - [2024-11-14T07:45:34.895+0000] {dag.py:4180} INFO - Setting next_dagrun for example_subdag_operator.section-2 to None, run_after=None
[2024-11-14T07:45:34.913+0000] {processor.py:208} INFO - Processing /home/ubuntu/airflow-venv/lib/python3.12/site-packages/airflow/example_dags/example_subdag_operator.py took 0.140 seconds
[2024-11-14T07:46:26.812+0000] {processor.py:186} INFO - Started process (PID=4034) to work on /home/ubuntu/airflow-venv/lib/python3.12/site-packages/airflow/example_dags/example_subdag_operator.py
[2024-11-14T07:46:26.814+0000] {processor.py:914} INFO - Processing file /home/ubuntu/airflow-venv/lib/python3.12/site-packages/airflow/example_dags/example_subdag_operator.py for tasks to queue
[2024-11-14T07:46:26.816+0000] {logging_mixin.py:190} INFO - [2024-11-14T07:46:26.816+0000] {dagbag.py:588} INFO - Filling up the DagBag from /home/ubuntu/airflow-venv/lib/python3.12/site-packages/airflow/example_dags/example_subdag_operator.py
[2024-11-14T07:46:26.841+0000] {processor.py:925} INFO - DAG(s) 'example_subdag_operator.section-1', 'example_subdag_operator.section-2', 'example_subdag_operator' retrieved from /home/ubuntu/airflow-venv/lib/python3.12/site-packages/airflow/example_dags/example_subdag_operator.py
[2024-11-14T07:46:26.857+0000] {logging_mixin.py:190} INFO - [2024-11-14T07:46:26.857+0000] {dag.py:3239} INFO - Sync 3 DAGs
[2024-11-14T07:46:26.878+0000] {logging_mixin.py:190} INFO - [2024-11-14T07:46:26.878+0000] {dag.py:4180} INFO - Setting next_dagrun for example_subdag_operator to 2022-01-01 00:00:00+00:00, run_after=2022-01-01 00:00:00+00:00
[2024-11-14T07:46:26.882+0000] {logging_mixin.py:190} INFO - [2024-11-14T07:46:26.881+0000] {dag.py:4180} INFO - Setting next_dagrun for example_subdag_operator.section-1 to None, run_after=None
[2024-11-14T07:46:26.883+0000] {logging_mixin.py:190} INFO - [2024-11-14T07:46:26.883+0000] {dag.py:4180} INFO - Setting next_dagrun for example_subdag_operator.section-2 to None, run_after=None
[2024-11-14T07:46:26.891+0000] {logging_mixin.py:190} INFO - [2024-11-14T07:46:26.890+0000] {dag.py:3239} INFO - Sync 2 DAGs
[2024-11-14T07:46:26.895+0000] {logging_mixin.py:190} INFO - [2024-11-14T07:46:26.894+0000] {dag.py:4180} INFO - Setting next_dagrun for example_subdag_operator.section-1 to None, run_after=None
[2024-11-14T07:46:26.895+0000] {logging_mixin.py:190} INFO - [2024-11-14T07:46:26.895+0000] {dag.py:4180} INFO - Setting next_dagrun for example_subdag_operator.section-2 to None, run_after=None
[2024-11-14T07:46:26.910+0000] {processor.py:208} INFO - Processing /home/ubuntu/airflow-venv/lib/python3.12/site-packages/airflow/example_dags/example_subdag_operator.py took 0.104 seconds
[2024-11-14T07:47:22.049+0000] {processor.py:186} INFO - Started process (PID=4108) to work on /home/ubuntu/airflow-venv/lib/python3.12/site-packages/airflow/example_dags/example_subdag_operator.py
[2024-11-14T07:47:22.051+0000] {processor.py:914} INFO - Processing file /home/ubuntu/airflow-venv/lib/python3.12/site-packages/airflow/example_dags/example_subdag_operator.py for tasks to queue
[2024-11-14T07:47:22.055+0000] {logging_mixin.py:190} INFO - [2024-11-14T07:47:22.054+0000] {dagbag.py:588} INFO - Filling up the DagBag from /home/ubuntu/airflow-venv/lib/python3.12/site-packages/airflow/example_dags/example_subdag_operator.py
[2024-11-14T07:47:22.092+0000] {processor.py:925} INFO - DAG(s) 'example_subdag_operator.section-1', 'example_subdag_operator.section-2', 'example_subdag_operator' retrieved from /home/ubuntu/airflow-venv/lib/python3.12/site-packages/airflow/example_dags/example_subdag_operator.py
[2024-11-14T07:47:22.116+0000] {logging_mixin.py:190} INFO - [2024-11-14T07:47:22.116+0000] {dag.py:3239} INFO - Sync 3 DAGs
[2024-11-14T07:47:22.146+0000] {logging_mixin.py:190} INFO - [2024-11-14T07:47:22.146+0000] {dag.py:4180} INFO - Setting next_dagrun for example_subdag_operator to 2022-01-01 00:00:00+00:00, run_after=2022-01-01 00:00:00+00:00
[2024-11-14T07:47:22.150+0000] {logging_mixin.py:190} INFO - [2024-11-14T07:47:22.150+0000] {dag.py:4180} INFO - Setting next_dagrun for example_subdag_operator.section-1 to None, run_after=None
[2024-11-14T07:47:22.152+0000] {logging_mixin.py:190} INFO - [2024-11-14T07:47:22.151+0000] {dag.py:4180} INFO - Setting next_dagrun for example_subdag_operator.section-2 to None, run_after=None
[2024-11-14T07:47:22.159+0000] {logging_mixin.py:190} INFO - [2024-11-14T07:47:22.159+0000] {dag.py:3239} INFO - Sync 2 DAGs
[2024-11-14T07:47:22.165+0000] {logging_mixin.py:190} INFO - [2024-11-14T07:47:22.165+0000] {dag.py:4180} INFO - Setting next_dagrun for example_subdag_operator.section-1 to None, run_after=None
[2024-11-14T07:47:22.165+0000] {logging_mixin.py:190} INFO - [2024-11-14T07:47:22.165+0000] {dag.py:4180} INFO - Setting next_dagrun for example_subdag_operator.section-2 to None, run_after=None
[2024-11-14T07:47:22.186+0000] {processor.py:208} INFO - Processing /home/ubuntu/airflow-venv/lib/python3.12/site-packages/airflow/example_dags/example_subdag_operator.py took 0.149 seconds
[2024-11-14T07:48:24.478+0000] {processor.py:186} INFO - Started process (PID=4593) to work on /home/ubuntu/airflow-venv/lib/python3.12/site-packages/airflow/example_dags/example_subdag_operator.py
[2024-11-14T07:48:24.485+0000] {processor.py:914} INFO - Processing file /home/ubuntu/airflow-venv/lib/python3.12/site-packages/airflow/example_dags/example_subdag_operator.py for tasks to queue
[2024-11-14T07:48:24.499+0000] {logging_mixin.py:190} INFO - [2024-11-14T07:48:24.495+0000] {dagbag.py:588} INFO - Filling up the DagBag from /home/ubuntu/airflow-venv/lib/python3.12/site-packages/airflow/example_dags/example_subdag_operator.py
[2024-11-14T07:48:24.541+0000] {processor.py:925} INFO - DAG(s) 'example_subdag_operator.section-1', 'example_subdag_operator.section-2', 'example_subdag_operator' retrieved from /home/ubuntu/airflow-venv/lib/python3.12/site-packages/airflow/example_dags/example_subdag_operator.py
[2024-11-14T07:48:24.565+0000] {logging_mixin.py:190} INFO - [2024-11-14T07:48:24.565+0000] {dag.py:3239} INFO - Sync 3 DAGs
[2024-11-14T07:48:24.596+0000] {logging_mixin.py:190} INFO - [2024-11-14T07:48:24.595+0000] {dag.py:4180} INFO - Setting next_dagrun for example_subdag_operator to 2022-01-01 00:00:00+00:00, run_after=2022-01-01 00:00:00+00:00
[2024-11-14T07:48:24.601+0000] {logging_mixin.py:190} INFO - [2024-11-14T07:48:24.601+0000] {dag.py:4180} INFO - Setting next_dagrun for example_subdag_operator.section-1 to None, run_after=None
[2024-11-14T07:48:24.603+0000] {logging_mixin.py:190} INFO - [2024-11-14T07:48:24.603+0000] {dag.py:4180} INFO - Setting next_dagrun for example_subdag_operator.section-2 to None, run_after=None
[2024-11-14T07:48:24.612+0000] {logging_mixin.py:190} INFO - [2024-11-14T07:48:24.612+0000] {dag.py:3239} INFO - Sync 2 DAGs
[2024-11-14T07:48:24.618+0000] {logging_mixin.py:190} INFO - [2024-11-14T07:48:24.618+0000] {dag.py:4180} INFO - Setting next_dagrun for example_subdag_operator.section-1 to None, run_after=None
[2024-11-14T07:48:24.619+0000] {logging_mixin.py:190} INFO - [2024-11-14T07:48:24.619+0000] {dag.py:4180} INFO - Setting next_dagrun for example_subdag_operator.section-2 to None, run_after=None
[2024-11-14T07:48:24.641+0000] {processor.py:208} INFO - Processing /home/ubuntu/airflow-venv/lib/python3.12/site-packages/airflow/example_dags/example_subdag_operator.py took 0.194 seconds
[2024-11-14T07:49:29.053+0000] {processor.py:186} INFO - Started process (PID=4653) to work on /home/ubuntu/airflow-venv/lib/python3.12/site-packages/airflow/example_dags/example_subdag_operator.py
[2024-11-14T07:49:29.055+0000] {processor.py:914} INFO - Processing file /home/ubuntu/airflow-venv/lib/python3.12/site-packages/airflow/example_dags/example_subdag_operator.py for tasks to queue
[2024-11-14T07:49:29.058+0000] {logging_mixin.py:190} INFO - [2024-11-14T07:49:29.058+0000] {dagbag.py:588} INFO - Filling up the DagBag from /home/ubuntu/airflow-venv/lib/python3.12/site-packages/airflow/example_dags/example_subdag_operator.py
[2024-11-14T07:49:29.084+0000] {processor.py:925} INFO - DAG(s) 'example_subdag_operator.section-1', 'example_subdag_operator.section-2', 'example_subdag_operator' retrieved from /home/ubuntu/airflow-venv/lib/python3.12/site-packages/airflow/example_dags/example_subdag_operator.py
[2024-11-14T07:49:29.103+0000] {logging_mixin.py:190} INFO - [2024-11-14T07:49:29.103+0000] {dag.py:3239} INFO - Sync 3 DAGs
[2024-11-14T07:49:29.125+0000] {logging_mixin.py:190} INFO - [2024-11-14T07:49:29.125+0000] {dag.py:4180} INFO - Setting next_dagrun for example_subdag_operator to 2022-01-01 00:00:00+00:00, run_after=2022-01-01 00:00:00+00:00
[2024-11-14T07:49:29.129+0000] {logging_mixin.py:190} INFO - [2024-11-14T07:49:29.129+0000] {dag.py:4180} INFO - Setting next_dagrun for example_subdag_operator.section-1 to None, run_after=None
[2024-11-14T07:49:29.130+0000] {logging_mixin.py:190} INFO - [2024-11-14T07:49:29.130+0000] {dag.py:4180} INFO - Setting next_dagrun for example_subdag_operator.section-2 to None, run_after=None
[2024-11-14T07:49:29.136+0000] {logging_mixin.py:190} INFO - [2024-11-14T07:49:29.136+0000] {dag.py:3239} INFO - Sync 2 DAGs
[2024-11-14T07:49:29.140+0000] {logging_mixin.py:190} INFO - [2024-11-14T07:49:29.140+0000] {dag.py:4180} INFO - Setting next_dagrun for example_subdag_operator.section-1 to None, run_after=None
[2024-11-14T07:49:29.141+0000] {logging_mixin.py:190} INFO - [2024-11-14T07:49:29.141+0000] {dag.py:4180} INFO - Setting next_dagrun for example_subdag_operator.section-2 to None, run_after=None
[2024-11-14T07:49:29.156+0000] {processor.py:208} INFO - Processing /home/ubuntu/airflow-venv/lib/python3.12/site-packages/airflow/example_dags/example_subdag_operator.py took 0.108 seconds
[2024-11-14T07:50:28.533+0000] {processor.py:186} INFO - Started process (PID=4717) to work on /home/ubuntu/airflow-venv/lib/python3.12/site-packages/airflow/example_dags/example_subdag_operator.py
[2024-11-14T07:50:28.535+0000] {processor.py:914} INFO - Processing file /home/ubuntu/airflow-venv/lib/python3.12/site-packages/airflow/example_dags/example_subdag_operator.py for tasks to queue
[2024-11-14T07:50:28.536+0000] {logging_mixin.py:190} INFO - [2024-11-14T07:50:28.536+0000] {dagbag.py:588} INFO - Filling up the DagBag from /home/ubuntu/airflow-venv/lib/python3.12/site-packages/airflow/example_dags/example_subdag_operator.py
[2024-11-14T07:50:28.578+0000] {processor.py:925} INFO - DAG(s) 'example_subdag_operator.section-1', 'example_subdag_operator.section-2', 'example_subdag_operator' retrieved from /home/ubuntu/airflow-venv/lib/python3.12/site-packages/airflow/example_dags/example_subdag_operator.py
[2024-11-14T07:50:28.608+0000] {logging_mixin.py:190} INFO - [2024-11-14T07:50:28.607+0000] {dag.py:3239} INFO - Sync 3 DAGs
[2024-11-14T07:50:28.641+0000] {logging_mixin.py:190} INFO - [2024-11-14T07:50:28.641+0000] {dag.py:4180} INFO - Setting next_dagrun for example_subdag_operator to 2022-01-01 00:00:00+00:00, run_after=2022-01-01 00:00:00+00:00
[2024-11-14T07:50:28.645+0000] {logging_mixin.py:190} INFO - [2024-11-14T07:50:28.645+0000] {dag.py:4180} INFO - Setting next_dagrun for example_subdag_operator.section-1 to None, run_after=None
[2024-11-14T07:50:28.647+0000] {logging_mixin.py:190} INFO - [2024-11-14T07:50:28.647+0000] {dag.py:4180} INFO - Setting next_dagrun for example_subdag_operator.section-2 to None, run_after=None
[2024-11-14T07:50:28.653+0000] {logging_mixin.py:190} INFO - [2024-11-14T07:50:28.653+0000] {dag.py:3239} INFO - Sync 2 DAGs
[2024-11-14T07:50:28.657+0000] {logging_mixin.py:190} INFO - [2024-11-14T07:50:28.657+0000] {dag.py:4180} INFO - Setting next_dagrun for example_subdag_operator.section-1 to None, run_after=None
[2024-11-14T07:50:28.658+0000] {logging_mixin.py:190} INFO - [2024-11-14T07:50:28.658+0000] {dag.py:4180} INFO - Setting next_dagrun for example_subdag_operator.section-2 to None, run_after=None
[2024-11-14T07:50:28.678+0000] {processor.py:208} INFO - Processing /home/ubuntu/airflow-venv/lib/python3.12/site-packages/airflow/example_dags/example_subdag_operator.py took 0.153 seconds
[2024-11-14T07:51:33.124+0000] {processor.py:186} INFO - Started process (PID=4780) to work on /home/ubuntu/airflow-venv/lib/python3.12/site-packages/airflow/example_dags/example_subdag_operator.py
[2024-11-14T07:51:33.125+0000] {processor.py:914} INFO - Processing file /home/ubuntu/airflow-venv/lib/python3.12/site-packages/airflow/example_dags/example_subdag_operator.py for tasks to queue
[2024-11-14T07:51:33.127+0000] {logging_mixin.py:190} INFO - [2024-11-14T07:51:33.126+0000] {dagbag.py:588} INFO - Filling up the DagBag from /home/ubuntu/airflow-venv/lib/python3.12/site-packages/airflow/example_dags/example_subdag_operator.py
[2024-11-14T07:51:33.158+0000] {processor.py:925} INFO - DAG(s) 'example_subdag_operator.section-1', 'example_subdag_operator.section-2', 'example_subdag_operator' retrieved from /home/ubuntu/airflow-venv/lib/python3.12/site-packages/airflow/example_dags/example_subdag_operator.py
[2024-11-14T07:51:33.173+0000] {logging_mixin.py:190} INFO - [2024-11-14T07:51:33.173+0000] {dag.py:3239} INFO - Sync 3 DAGs
[2024-11-14T07:51:33.198+0000] {logging_mixin.py:190} INFO - [2024-11-14T07:51:33.198+0000] {dag.py:4180} INFO - Setting next_dagrun for example_subdag_operator to 2022-01-01 00:00:00+00:00, run_after=2022-01-01 00:00:00+00:00
[2024-11-14T07:51:33.202+0000] {logging_mixin.py:190} INFO - [2024-11-14T07:51:33.201+0000] {dag.py:4180} INFO - Setting next_dagrun for example_subdag_operator.section-1 to None, run_after=None
[2024-11-14T07:51:33.203+0000] {logging_mixin.py:190} INFO - [2024-11-14T07:51:33.203+0000] {dag.py:4180} INFO - Setting next_dagrun for example_subdag_operator.section-2 to None, run_after=None
[2024-11-14T07:51:33.209+0000] {logging_mixin.py:190} INFO - [2024-11-14T07:51:33.208+0000] {dag.py:3239} INFO - Sync 2 DAGs
[2024-11-14T07:51:33.213+0000] {logging_mixin.py:190} INFO - [2024-11-14T07:51:33.213+0000] {dag.py:4180} INFO - Setting next_dagrun for example_subdag_operator.section-1 to None, run_after=None
[2024-11-14T07:51:33.213+0000] {logging_mixin.py:190} INFO - [2024-11-14T07:51:33.213+0000] {dag.py:4180} INFO - Setting next_dagrun for example_subdag_operator.section-2 to None, run_after=None
[2024-11-14T07:51:33.229+0000] {processor.py:208} INFO - Processing /home/ubuntu/airflow-venv/lib/python3.12/site-packages/airflow/example_dags/example_subdag_operator.py took 0.111 seconds
[2024-11-14T07:52:33.271+0000] {processor.py:186} INFO - Started process (PID=4840) to work on /home/ubuntu/airflow-venv/lib/python3.12/site-packages/airflow/example_dags/example_subdag_operator.py
[2024-11-14T07:52:33.272+0000] {processor.py:914} INFO - Processing file /home/ubuntu/airflow-venv/lib/python3.12/site-packages/airflow/example_dags/example_subdag_operator.py for tasks to queue
[2024-11-14T07:52:33.274+0000] {logging_mixin.py:190} INFO - [2024-11-14T07:52:33.273+0000] {dagbag.py:588} INFO - Filling up the DagBag from /home/ubuntu/airflow-venv/lib/python3.12/site-packages/airflow/example_dags/example_subdag_operator.py
[2024-11-14T07:52:33.302+0000] {processor.py:925} INFO - DAG(s) 'example_subdag_operator.section-1', 'example_subdag_operator.section-2', 'example_subdag_operator' retrieved from /home/ubuntu/airflow-venv/lib/python3.12/site-packages/airflow/example_dags/example_subdag_operator.py
[2024-11-14T07:52:33.318+0000] {logging_mixin.py:190} INFO - [2024-11-14T07:52:33.318+0000] {dag.py:3239} INFO - Sync 3 DAGs
[2024-11-14T07:52:33.340+0000] {logging_mixin.py:190} INFO - [2024-11-14T07:52:33.340+0000] {dag.py:4180} INFO - Setting next_dagrun for example_subdag_operator to 2022-01-01 00:00:00+00:00, run_after=2022-01-01 00:00:00+00:00
[2024-11-14T07:52:33.344+0000] {logging_mixin.py:190} INFO - [2024-11-14T07:52:33.344+0000] {dag.py:4180} INFO - Setting next_dagrun for example_subdag_operator.section-1 to None, run_after=None
[2024-11-14T07:52:33.345+0000] {logging_mixin.py:190} INFO - [2024-11-14T07:52:33.345+0000] {dag.py:4180} INFO - Setting next_dagrun for example_subdag_operator.section-2 to None, run_after=None
[2024-11-14T07:52:33.353+0000] {logging_mixin.py:190} INFO - [2024-11-14T07:52:33.353+0000] {dag.py:3239} INFO - Sync 2 DAGs
[2024-11-14T07:52:33.357+0000] {logging_mixin.py:190} INFO - [2024-11-14T07:52:33.357+0000] {dag.py:4180} INFO - Setting next_dagrun for example_subdag_operator.section-1 to None, run_after=None
[2024-11-14T07:52:33.357+0000] {logging_mixin.py:190} INFO - [2024-11-14T07:52:33.357+0000] {dag.py:4180} INFO - Setting next_dagrun for example_subdag_operator.section-2 to None, run_after=None
[2024-11-14T07:52:33.372+0000] {processor.py:208} INFO - Processing /home/ubuntu/airflow-venv/lib/python3.12/site-packages/airflow/example_dags/example_subdag_operator.py took 0.108 seconds
[2024-11-14T07:53:30.580+0000] {processor.py:186} INFO - Started process (PID=4900) to work on /home/ubuntu/airflow-venv/lib/python3.12/site-packages/airflow/example_dags/example_subdag_operator.py
[2024-11-14T07:53:30.581+0000] {processor.py:914} INFO - Processing file /home/ubuntu/airflow-venv/lib/python3.12/site-packages/airflow/example_dags/example_subdag_operator.py for tasks to queue
[2024-11-14T07:53:30.591+0000] {logging_mixin.py:190} INFO - [2024-11-14T07:53:30.590+0000] {dagbag.py:588} INFO - Filling up the DagBag from /home/ubuntu/airflow-venv/lib/python3.12/site-packages/airflow/example_dags/example_subdag_operator.py
[2024-11-14T07:53:30.620+0000] {processor.py:925} INFO - DAG(s) 'example_subdag_operator.section-1', 'example_subdag_operator.section-2', 'example_subdag_operator' retrieved from /home/ubuntu/airflow-venv/lib/python3.12/site-packages/airflow/example_dags/example_subdag_operator.py
[2024-11-14T07:53:30.635+0000] {logging_mixin.py:190} INFO - [2024-11-14T07:53:30.635+0000] {dag.py:3239} INFO - Sync 3 DAGs
[2024-11-14T07:53:30.656+0000] {logging_mixin.py:190} INFO - [2024-11-14T07:53:30.656+0000] {dag.py:4180} INFO - Setting next_dagrun for example_subdag_operator to 2022-01-01 00:00:00+00:00, run_after=2022-01-01 00:00:00+00:00
[2024-11-14T07:53:30.659+0000] {logging_mixin.py:190} INFO - [2024-11-14T07:53:30.659+0000] {dag.py:4180} INFO - Setting next_dagrun for example_subdag_operator.section-1 to None, run_after=None
[2024-11-14T07:53:30.661+0000] {logging_mixin.py:190} INFO - [2024-11-14T07:53:30.660+0000] {dag.py:4180} INFO - Setting next_dagrun for example_subdag_operator.section-2 to None, run_after=None
[2024-11-14T07:53:30.667+0000] {logging_mixin.py:190} INFO - [2024-11-14T07:53:30.666+0000] {dag.py:3239} INFO - Sync 2 DAGs
[2024-11-14T07:53:30.671+0000] {logging_mixin.py:190} INFO - [2024-11-14T07:53:30.670+0000] {dag.py:4180} INFO - Setting next_dagrun for example_subdag_operator.section-1 to None, run_after=None
[2024-11-14T07:53:30.671+0000] {logging_mixin.py:190} INFO - [2024-11-14T07:53:30.671+0000] {dag.py:4180} INFO - Setting next_dagrun for example_subdag_operator.section-2 to None, run_after=None
[2024-11-14T07:53:30.694+0000] {processor.py:208} INFO - Processing /home/ubuntu/airflow-venv/lib/python3.12/site-packages/airflow/example_dags/example_subdag_operator.py took 0.121 seconds
[2024-11-14T07:54:31.936+0000] {processor.py:186} INFO - Started process (PID=4962) to work on /home/ubuntu/airflow-venv/lib/python3.12/site-packages/airflow/example_dags/example_subdag_operator.py
[2024-11-14T07:54:31.944+0000] {processor.py:914} INFO - Processing file /home/ubuntu/airflow-venv/lib/python3.12/site-packages/airflow/example_dags/example_subdag_operator.py for tasks to queue
[2024-11-14T07:54:31.946+0000] {logging_mixin.py:190} INFO - [2024-11-14T07:54:31.945+0000] {dagbag.py:588} INFO - Filling up the DagBag from /home/ubuntu/airflow-venv/lib/python3.12/site-packages/airflow/example_dags/example_subdag_operator.py
[2024-11-14T07:54:31.999+0000] {processor.py:925} INFO - DAG(s) 'example_subdag_operator.section-1', 'example_subdag_operator.section-2', 'example_subdag_operator' retrieved from /home/ubuntu/airflow-venv/lib/python3.12/site-packages/airflow/example_dags/example_subdag_operator.py
[2024-11-14T07:54:32.018+0000] {logging_mixin.py:190} INFO - [2024-11-14T07:54:32.018+0000] {dag.py:3239} INFO - Sync 3 DAGs
[2024-11-14T07:54:32.039+0000] {logging_mixin.py:190} INFO - [2024-11-14T07:54:32.038+0000] {dag.py:4180} INFO - Setting next_dagrun for example_subdag_operator to 2022-01-01 00:00:00+00:00, run_after=2022-01-01 00:00:00+00:00
[2024-11-14T07:54:32.042+0000] {logging_mixin.py:190} INFO - [2024-11-14T07:54:32.042+0000] {dag.py:4180} INFO - Setting next_dagrun for example_subdag_operator.section-1 to None, run_after=None
[2024-11-14T07:54:32.043+0000] {logging_mixin.py:190} INFO - [2024-11-14T07:54:32.043+0000] {dag.py:4180} INFO - Setting next_dagrun for example_subdag_operator.section-2 to None, run_after=None
[2024-11-14T07:54:32.049+0000] {logging_mixin.py:190} INFO - [2024-11-14T07:54:32.049+0000] {dag.py:3239} INFO - Sync 2 DAGs
[2024-11-14T07:54:32.053+0000] {logging_mixin.py:190} INFO - [2024-11-14T07:54:32.052+0000] {dag.py:4180} INFO - Setting next_dagrun for example_subdag_operator.section-1 to None, run_after=None
[2024-11-14T07:54:32.053+0000] {logging_mixin.py:190} INFO - [2024-11-14T07:54:32.053+0000] {dag.py:4180} INFO - Setting next_dagrun for example_subdag_operator.section-2 to None, run_after=None
[2024-11-14T07:54:32.069+0000] {processor.py:208} INFO - Processing /home/ubuntu/airflow-venv/lib/python3.12/site-packages/airflow/example_dags/example_subdag_operator.py took 0.143 seconds
[2024-11-14T07:55:31.406+0000] {processor.py:186} INFO - Started process (PID=5025) to work on /home/ubuntu/airflow-venv/lib/python3.12/site-packages/airflow/example_dags/example_subdag_operator.py
[2024-11-14T07:55:31.408+0000] {processor.py:914} INFO - Processing file /home/ubuntu/airflow-venv/lib/python3.12/site-packages/airflow/example_dags/example_subdag_operator.py for tasks to queue
[2024-11-14T07:55:31.410+0000] {logging_mixin.py:190} INFO - [2024-11-14T07:55:31.409+0000] {dagbag.py:588} INFO - Filling up the DagBag from /home/ubuntu/airflow-venv/lib/python3.12/site-packages/airflow/example_dags/example_subdag_operator.py
[2024-11-14T07:55:31.448+0000] {processor.py:925} INFO - DAG(s) 'example_subdag_operator.section-1', 'example_subdag_operator.section-2', 'example_subdag_operator' retrieved from /home/ubuntu/airflow-venv/lib/python3.12/site-packages/airflow/example_dags/example_subdag_operator.py
[2024-11-14T07:55:31.471+0000] {logging_mixin.py:190} INFO - [2024-11-14T07:55:31.470+0000] {dag.py:3239} INFO - Sync 3 DAGs
[2024-11-14T07:55:31.508+0000] {logging_mixin.py:190} INFO - [2024-11-14T07:55:31.507+0000] {dag.py:4180} INFO - Setting next_dagrun for example_subdag_operator to 2022-01-01 00:00:00+00:00, run_after=2022-01-01 00:00:00+00:00
[2024-11-14T07:55:31.514+0000] {logging_mixin.py:190} INFO - [2024-11-14T07:55:31.514+0000] {dag.py:4180} INFO - Setting next_dagrun for example_subdag_operator.section-1 to None, run_after=None
[2024-11-14T07:55:31.521+0000] {logging_mixin.py:190} INFO - [2024-11-14T07:55:31.520+0000] {dag.py:4180} INFO - Setting next_dagrun for example_subdag_operator.section-2 to None, run_after=None
[2024-11-14T07:55:31.534+0000] {logging_mixin.py:190} INFO - [2024-11-14T07:55:31.533+0000] {dag.py:3239} INFO - Sync 2 DAGs
[2024-11-14T07:55:31.541+0000] {logging_mixin.py:190} INFO - [2024-11-14T07:55:31.541+0000] {dag.py:4180} INFO - Setting next_dagrun for example_subdag_operator.section-1 to None, run_after=None
[2024-11-14T07:55:31.542+0000] {logging_mixin.py:190} INFO - [2024-11-14T07:55:31.542+0000] {dag.py:4180} INFO - Setting next_dagrun for example_subdag_operator.section-2 to None, run_after=None
[2024-11-14T07:55:31.589+0000] {processor.py:208} INFO - Processing /home/ubuntu/airflow-venv/lib/python3.12/site-packages/airflow/example_dags/example_subdag_operator.py took 0.189 seconds
[2024-11-14T07:56:33.399+0000] {processor.py:186} INFO - Started process (PID=5086) to work on /home/ubuntu/airflow-venv/lib/python3.12/site-packages/airflow/example_dags/example_subdag_operator.py
[2024-11-14T07:56:33.400+0000] {processor.py:914} INFO - Processing file /home/ubuntu/airflow-venv/lib/python3.12/site-packages/airflow/example_dags/example_subdag_operator.py for tasks to queue
[2024-11-14T07:56:33.401+0000] {logging_mixin.py:190} INFO - [2024-11-14T07:56:33.401+0000] {dagbag.py:588} INFO - Filling up the DagBag from /home/ubuntu/airflow-venv/lib/python3.12/site-packages/airflow/example_dags/example_subdag_operator.py
[2024-11-14T07:56:33.430+0000] {processor.py:925} INFO - DAG(s) 'example_subdag_operator.section-1', 'example_subdag_operator.section-2', 'example_subdag_operator' retrieved from /home/ubuntu/airflow-venv/lib/python3.12/site-packages/airflow/example_dags/example_subdag_operator.py
[2024-11-14T07:56:33.447+0000] {logging_mixin.py:190} INFO - [2024-11-14T07:56:33.447+0000] {dag.py:3239} INFO - Sync 3 DAGs
[2024-11-14T07:56:33.471+0000] {logging_mixin.py:190} INFO - [2024-11-14T07:56:33.471+0000] {dag.py:4180} INFO - Setting next_dagrun for example_subdag_operator to 2022-01-01 00:00:00+00:00, run_after=2022-01-01 00:00:00+00:00
[2024-11-14T07:56:33.475+0000] {logging_mixin.py:190} INFO - [2024-11-14T07:56:33.475+0000] {dag.py:4180} INFO - Setting next_dagrun for example_subdag_operator.section-1 to None, run_after=None
[2024-11-14T07:56:33.477+0000] {logging_mixin.py:190} INFO - [2024-11-14T07:56:33.477+0000] {dag.py:4180} INFO - Setting next_dagrun for example_subdag_operator.section-2 to None, run_after=None
[2024-11-14T07:56:33.484+0000] {logging_mixin.py:190} INFO - [2024-11-14T07:56:33.483+0000] {dag.py:3239} INFO - Sync 2 DAGs
[2024-11-14T07:56:33.487+0000] {logging_mixin.py:190} INFO - [2024-11-14T07:56:33.487+0000] {dag.py:4180} INFO - Setting next_dagrun for example_subdag_operator.section-1 to None, run_after=None
[2024-11-14T07:56:33.488+0000] {logging_mixin.py:190} INFO - [2024-11-14T07:56:33.488+0000] {dag.py:4180} INFO - Setting next_dagrun for example_subdag_operator.section-2 to None, run_after=None
[2024-11-14T07:56:33.504+0000] {processor.py:208} INFO - Processing /home/ubuntu/airflow-venv/lib/python3.12/site-packages/airflow/example_dags/example_subdag_operator.py took 0.111 seconds
[2024-11-14T07:57:33.096+0000] {processor.py:186} INFO - Started process (PID=5148) to work on /home/ubuntu/airflow-venv/lib/python3.12/site-packages/airflow/example_dags/example_subdag_operator.py
[2024-11-14T07:57:33.098+0000] {processor.py:914} INFO - Processing file /home/ubuntu/airflow-venv/lib/python3.12/site-packages/airflow/example_dags/example_subdag_operator.py for tasks to queue
[2024-11-14T07:57:33.100+0000] {logging_mixin.py:190} INFO - [2024-11-14T07:57:33.100+0000] {dagbag.py:588} INFO - Filling up the DagBag from /home/ubuntu/airflow-venv/lib/python3.12/site-packages/airflow/example_dags/example_subdag_operator.py
[2024-11-14T07:57:33.130+0000] {processor.py:925} INFO - DAG(s) 'example_subdag_operator.section-1', 'example_subdag_operator.section-2', 'example_subdag_operator' retrieved from /home/ubuntu/airflow-venv/lib/python3.12/site-packages/airflow/example_dags/example_subdag_operator.py
[2024-11-14T07:57:33.148+0000] {logging_mixin.py:190} INFO - [2024-11-14T07:57:33.148+0000] {dag.py:3239} INFO - Sync 3 DAGs
[2024-11-14T07:57:33.172+0000] {logging_mixin.py:190} INFO - [2024-11-14T07:57:33.172+0000] {dag.py:4180} INFO - Setting next_dagrun for example_subdag_operator to 2022-01-01 00:00:00+00:00, run_after=2022-01-01 00:00:00+00:00
[2024-11-14T07:57:33.177+0000] {logging_mixin.py:190} INFO - [2024-11-14T07:57:33.176+0000] {dag.py:4180} INFO - Setting next_dagrun for example_subdag_operator.section-1 to None, run_after=None
[2024-11-14T07:57:33.179+0000] {logging_mixin.py:190} INFO - [2024-11-14T07:57:33.178+0000] {dag.py:4180} INFO - Setting next_dagrun for example_subdag_operator.section-2 to None, run_after=None
[2024-11-14T07:57:33.188+0000] {logging_mixin.py:190} INFO - [2024-11-14T07:57:33.187+0000] {dag.py:3239} INFO - Sync 2 DAGs
[2024-11-14T07:57:33.196+0000] {logging_mixin.py:190} INFO - [2024-11-14T07:57:33.195+0000] {dag.py:4180} INFO - Setting next_dagrun for example_subdag_operator.section-1 to None, run_after=None
[2024-11-14T07:57:33.197+0000] {logging_mixin.py:190} INFO - [2024-11-14T07:57:33.196+0000] {dag.py:4180} INFO - Setting next_dagrun for example_subdag_operator.section-2 to None, run_after=None
[2024-11-14T07:57:33.215+0000] {processor.py:208} INFO - Processing /home/ubuntu/airflow-venv/lib/python3.12/site-packages/airflow/example_dags/example_subdag_operator.py took 0.126 seconds
[2024-11-14T07:58:34.471+0000] {processor.py:186} INFO - Started process (PID=5208) to work on /home/ubuntu/airflow-venv/lib/python3.12/site-packages/airflow/example_dags/example_subdag_operator.py
[2024-11-14T07:58:34.473+0000] {processor.py:914} INFO - Processing file /home/ubuntu/airflow-venv/lib/python3.12/site-packages/airflow/example_dags/example_subdag_operator.py for tasks to queue
[2024-11-14T07:58:34.475+0000] {logging_mixin.py:190} INFO - [2024-11-14T07:58:34.474+0000] {dagbag.py:588} INFO - Filling up the DagBag from /home/ubuntu/airflow-venv/lib/python3.12/site-packages/airflow/example_dags/example_subdag_operator.py
[2024-11-14T07:58:34.515+0000] {processor.py:925} INFO - DAG(s) 'example_subdag_operator.section-1', 'example_subdag_operator.section-2', 'example_subdag_operator' retrieved from /home/ubuntu/airflow-venv/lib/python3.12/site-packages/airflow/example_dags/example_subdag_operator.py
[2024-11-14T07:58:34.538+0000] {logging_mixin.py:190} INFO - [2024-11-14T07:58:34.538+0000] {dag.py:3239} INFO - Sync 3 DAGs
[2024-11-14T07:58:34.570+0000] {logging_mixin.py:190} INFO - [2024-11-14T07:58:34.570+0000] {dag.py:4180} INFO - Setting next_dagrun for example_subdag_operator to 2022-01-01 00:00:00+00:00, run_after=2022-01-01 00:00:00+00:00
[2024-11-14T07:58:34.575+0000] {logging_mixin.py:190} INFO - [2024-11-14T07:58:34.574+0000] {dag.py:4180} INFO - Setting next_dagrun for example_subdag_operator.section-1 to None, run_after=None
[2024-11-14T07:58:34.576+0000] {logging_mixin.py:190} INFO - [2024-11-14T07:58:34.576+0000] {dag.py:4180} INFO - Setting next_dagrun for example_subdag_operator.section-2 to None, run_after=None
[2024-11-14T07:58:34.585+0000] {logging_mixin.py:190} INFO - [2024-11-14T07:58:34.584+0000] {dag.py:3239} INFO - Sync 2 DAGs
[2024-11-14T07:58:34.591+0000] {logging_mixin.py:190} INFO - [2024-11-14T07:58:34.590+0000] {dag.py:4180} INFO - Setting next_dagrun for example_subdag_operator.section-1 to None, run_after=None
[2024-11-14T07:58:34.591+0000] {logging_mixin.py:190} INFO - [2024-11-14T07:58:34.591+0000] {dag.py:4180} INFO - Setting next_dagrun for example_subdag_operator.section-2 to None, run_after=None
[2024-11-14T07:58:34.617+0000] {processor.py:208} INFO - Processing /home/ubuntu/airflow-venv/lib/python3.12/site-packages/airflow/example_dags/example_subdag_operator.py took 0.154 seconds
[2024-11-14T07:59:33.137+0000] {processor.py:186} INFO - Started process (PID=5268) to work on /home/ubuntu/airflow-venv/lib/python3.12/site-packages/airflow/example_dags/example_subdag_operator.py
[2024-11-14T07:59:33.138+0000] {processor.py:914} INFO - Processing file /home/ubuntu/airflow-venv/lib/python3.12/site-packages/airflow/example_dags/example_subdag_operator.py for tasks to queue
[2024-11-14T07:59:33.139+0000] {logging_mixin.py:190} INFO - [2024-11-14T07:59:33.139+0000] {dagbag.py:588} INFO - Filling up the DagBag from /home/ubuntu/airflow-venv/lib/python3.12/site-packages/airflow/example_dags/example_subdag_operator.py
[2024-11-14T07:59:33.166+0000] {processor.py:925} INFO - DAG(s) 'example_subdag_operator.section-1', 'example_subdag_operator.section-2', 'example_subdag_operator' retrieved from /home/ubuntu/airflow-venv/lib/python3.12/site-packages/airflow/example_dags/example_subdag_operator.py
[2024-11-14T07:59:33.182+0000] {logging_mixin.py:190} INFO - [2024-11-14T07:59:33.182+0000] {dag.py:3239} INFO - Sync 3 DAGs
[2024-11-14T07:59:33.205+0000] {logging_mixin.py:190} INFO - [2024-11-14T07:59:33.205+0000] {dag.py:4180} INFO - Setting next_dagrun for example_subdag_operator to 2022-01-01 00:00:00+00:00, run_after=2022-01-01 00:00:00+00:00
[2024-11-14T07:59:33.208+0000] {logging_mixin.py:190} INFO - [2024-11-14T07:59:33.208+0000] {dag.py:4180} INFO - Setting next_dagrun for example_subdag_operator.section-1 to None, run_after=None
[2024-11-14T07:59:33.209+0000] {logging_mixin.py:190} INFO - [2024-11-14T07:59:33.209+0000] {dag.py:4180} INFO - Setting next_dagrun for example_subdag_operator.section-2 to None, run_after=None
[2024-11-14T07:59:33.215+0000] {logging_mixin.py:190} INFO - [2024-11-14T07:59:33.215+0000] {dag.py:3239} INFO - Sync 2 DAGs
[2024-11-14T07:59:33.219+0000] {logging_mixin.py:190} INFO - [2024-11-14T07:59:33.219+0000] {dag.py:4180} INFO - Setting next_dagrun for example_subdag_operator.section-1 to None, run_after=None
[2024-11-14T07:59:33.219+0000] {logging_mixin.py:190} INFO - [2024-11-14T07:59:33.219+0000] {dag.py:4180} INFO - Setting next_dagrun for example_subdag_operator.section-2 to None, run_after=None
[2024-11-14T07:59:33.247+0000] {processor.py:208} INFO - Processing /home/ubuntu/airflow-venv/lib/python3.12/site-packages/airflow/example_dags/example_subdag_operator.py took 0.116 seconds
[2024-11-14T08:00:34.066+0000] {processor.py:186} INFO - Started process (PID=5330) to work on /home/ubuntu/airflow-venv/lib/python3.12/site-packages/airflow/example_dags/example_subdag_operator.py
[2024-11-14T08:00:34.067+0000] {processor.py:914} INFO - Processing file /home/ubuntu/airflow-venv/lib/python3.12/site-packages/airflow/example_dags/example_subdag_operator.py for tasks to queue
[2024-11-14T08:00:34.069+0000] {logging_mixin.py:190} INFO - [2024-11-14T08:00:34.068+0000] {dagbag.py:588} INFO - Filling up the DagBag from /home/ubuntu/airflow-venv/lib/python3.12/site-packages/airflow/example_dags/example_subdag_operator.py
[2024-11-14T08:00:34.100+0000] {processor.py:925} INFO - DAG(s) 'example_subdag_operator.section-1', 'example_subdag_operator.section-2', 'example_subdag_operator' retrieved from /home/ubuntu/airflow-venv/lib/python3.12/site-packages/airflow/example_dags/example_subdag_operator.py
[2024-11-14T08:00:34.118+0000] {logging_mixin.py:190} INFO - [2024-11-14T08:00:34.117+0000] {dag.py:3239} INFO - Sync 3 DAGs
[2024-11-14T08:00:34.149+0000] {logging_mixin.py:190} INFO - [2024-11-14T08:00:34.148+0000] {dag.py:4180} INFO - Setting next_dagrun for example_subdag_operator to 2022-01-01 00:00:00+00:00, run_after=2022-01-01 00:00:00+00:00
[2024-11-14T08:00:34.152+0000] {logging_mixin.py:190} INFO - [2024-11-14T08:00:34.152+0000] {dag.py:4180} INFO - Setting next_dagrun for example_subdag_operator.section-1 to None, run_after=None
[2024-11-14T08:00:34.153+0000] {logging_mixin.py:190} INFO - [2024-11-14T08:00:34.153+0000] {dag.py:4180} INFO - Setting next_dagrun for example_subdag_operator.section-2 to None, run_after=None
[2024-11-14T08:00:34.160+0000] {logging_mixin.py:190} INFO - [2024-11-14T08:00:34.160+0000] {dag.py:3239} INFO - Sync 2 DAGs
[2024-11-14T08:00:34.167+0000] {logging_mixin.py:190} INFO - [2024-11-14T08:00:34.167+0000] {dag.py:4180} INFO - Setting next_dagrun for example_subdag_operator.section-1 to None, run_after=None
[2024-11-14T08:00:34.168+0000] {logging_mixin.py:190} INFO - [2024-11-14T08:00:34.168+0000] {dag.py:4180} INFO - Setting next_dagrun for example_subdag_operator.section-2 to None, run_after=None
[2024-11-14T08:00:34.185+0000] {processor.py:208} INFO - Processing /home/ubuntu/airflow-venv/lib/python3.12/site-packages/airflow/example_dags/example_subdag_operator.py took 0.128 seconds
[2024-11-14T08:01:33.816+0000] {processor.py:186} INFO - Started process (PID=5394) to work on /home/ubuntu/airflow-venv/lib/python3.12/site-packages/airflow/example_dags/example_subdag_operator.py
[2024-11-14T08:01:33.818+0000] {processor.py:914} INFO - Processing file /home/ubuntu/airflow-venv/lib/python3.12/site-packages/airflow/example_dags/example_subdag_operator.py for tasks to queue
[2024-11-14T08:01:33.819+0000] {logging_mixin.py:190} INFO - [2024-11-14T08:01:33.819+0000] {dagbag.py:588} INFO - Filling up the DagBag from /home/ubuntu/airflow-venv/lib/python3.12/site-packages/airflow/example_dags/example_subdag_operator.py
[2024-11-14T08:01:33.866+0000] {processor.py:925} INFO - DAG(s) 'example_subdag_operator.section-1', 'example_subdag_operator.section-2', 'example_subdag_operator' retrieved from /home/ubuntu/airflow-venv/lib/python3.12/site-packages/airflow/example_dags/example_subdag_operator.py
[2024-11-14T08:01:33.891+0000] {logging_mixin.py:190} INFO - [2024-11-14T08:01:33.891+0000] {dag.py:3239} INFO - Sync 3 DAGs
[2024-11-14T08:01:33.923+0000] {logging_mixin.py:190} INFO - [2024-11-14T08:01:33.923+0000] {dag.py:4180} INFO - Setting next_dagrun for example_subdag_operator to 2022-01-01 00:00:00+00:00, run_after=2022-01-01 00:00:00+00:00
[2024-11-14T08:01:33.928+0000] {logging_mixin.py:190} INFO - [2024-11-14T08:01:33.928+0000] {dag.py:4180} INFO - Setting next_dagrun for example_subdag_operator.section-1 to None, run_after=None
[2024-11-14T08:01:33.930+0000] {logging_mixin.py:190} INFO - [2024-11-14T08:01:33.930+0000] {dag.py:4180} INFO - Setting next_dagrun for example_subdag_operator.section-2 to None, run_after=None
[2024-11-14T08:01:33.938+0000] {logging_mixin.py:190} INFO - [2024-11-14T08:01:33.938+0000] {dag.py:3239} INFO - Sync 2 DAGs
[2024-11-14T08:01:33.943+0000] {logging_mixin.py:190} INFO - [2024-11-14T08:01:33.943+0000] {dag.py:4180} INFO - Setting next_dagrun for example_subdag_operator.section-1 to None, run_after=None
[2024-11-14T08:01:33.944+0000] {logging_mixin.py:190} INFO - [2024-11-14T08:01:33.944+0000] {dag.py:4180} INFO - Setting next_dagrun for example_subdag_operator.section-2 to None, run_after=None
[2024-11-14T08:01:33.972+0000] {processor.py:208} INFO - Processing /home/ubuntu/airflow-venv/lib/python3.12/site-packages/airflow/example_dags/example_subdag_operator.py took 0.170 seconds
[2024-11-14T08:02:33.453+0000] {processor.py:186} INFO - Started process (PID=5456) to work on /home/ubuntu/airflow-venv/lib/python3.12/site-packages/airflow/example_dags/example_subdag_operator.py
[2024-11-14T08:02:33.454+0000] {processor.py:914} INFO - Processing file /home/ubuntu/airflow-venv/lib/python3.12/site-packages/airflow/example_dags/example_subdag_operator.py for tasks to queue
[2024-11-14T08:02:33.456+0000] {logging_mixin.py:190} INFO - [2024-11-14T08:02:33.455+0000] {dagbag.py:588} INFO - Filling up the DagBag from /home/ubuntu/airflow-venv/lib/python3.12/site-packages/airflow/example_dags/example_subdag_operator.py
[2024-11-14T08:02:33.495+0000] {processor.py:925} INFO - DAG(s) 'example_subdag_operator.section-1', 'example_subdag_operator.section-2', 'example_subdag_operator' retrieved from /home/ubuntu/airflow-venv/lib/python3.12/site-packages/airflow/example_dags/example_subdag_operator.py
[2024-11-14T08:02:33.532+0000] {logging_mixin.py:190} INFO - [2024-11-14T08:02:33.532+0000] {dag.py:3239} INFO - Sync 3 DAGs
[2024-11-14T08:02:33.562+0000] {logging_mixin.py:190} INFO - [2024-11-14T08:02:33.562+0000] {dag.py:4180} INFO - Setting next_dagrun for example_subdag_operator to 2022-01-01 00:00:00+00:00, run_after=2022-01-01 00:00:00+00:00
[2024-11-14T08:02:33.567+0000] {logging_mixin.py:190} INFO - [2024-11-14T08:02:33.566+0000] {dag.py:4180} INFO - Setting next_dagrun for example_subdag_operator.section-1 to None, run_after=None
[2024-11-14T08:02:33.568+0000] {logging_mixin.py:190} INFO - [2024-11-14T08:02:33.568+0000] {dag.py:4180} INFO - Setting next_dagrun for example_subdag_operator.section-2 to None, run_after=None
[2024-11-14T08:02:33.578+0000] {logging_mixin.py:190} INFO - [2024-11-14T08:02:33.578+0000] {dag.py:3239} INFO - Sync 2 DAGs
[2024-11-14T08:02:33.583+0000] {logging_mixin.py:190} INFO - [2024-11-14T08:02:33.583+0000] {dag.py:4180} INFO - Setting next_dagrun for example_subdag_operator.section-1 to None, run_after=None
[2024-11-14T08:02:33.584+0000] {logging_mixin.py:190} INFO - [2024-11-14T08:02:33.583+0000] {dag.py:4180} INFO - Setting next_dagrun for example_subdag_operator.section-2 to None, run_after=None
[2024-11-14T08:02:33.604+0000] {processor.py:208} INFO - Processing /home/ubuntu/airflow-venv/lib/python3.12/site-packages/airflow/example_dags/example_subdag_operator.py took 0.159 seconds
