[2024-11-14T07:40:36.660+0000] {processor.py:186} INFO - Started process (PID=3680) to work on /home/ubuntu/airflow-venv/lib/python3.12/site-packages/airflow/example_dags/example_task_group.py
[2024-11-14T07:40:36.661+0000] {processor.py:914} INFO - Processing file /home/ubuntu/airflow-venv/lib/python3.12/site-packages/airflow/example_dags/example_task_group.py for tasks to queue
[2024-11-14T07:40:36.663+0000] {logging_mixin.py:190} INFO - [2024-11-14T07:40:36.663+0000] {dagbag.py:588} INFO - Filling up the DagBag from /home/ubuntu/airflow-venv/lib/python3.12/site-packages/airflow/example_dags/example_task_group.py
[2024-11-14T07:40:36.673+0000] {processor.py:925} INFO - DAG(s) 'example_task_group' retrieved from /home/ubuntu/airflow-venv/lib/python3.12/site-packages/airflow/example_dags/example_task_group.py
[2024-11-14T07:40:36.808+0000] {logging_mixin.py:190} INFO - [2024-11-14T07:40:36.808+0000] {override.py:1911} INFO - Created Permission View: can delete on DAG:example_task_group
[2024-11-14T07:40:36.828+0000] {logging_mixin.py:190} INFO - [2024-11-14T07:40:36.828+0000] {override.py:1911} INFO - Created Permission View: can read on DAG:example_task_group
[2024-11-14T07:40:36.838+0000] {logging_mixin.py:190} INFO - [2024-11-14T07:40:36.838+0000] {override.py:1911} INFO - Created Permission View: can edit on DAG:example_task_group
[2024-11-14T07:40:36.855+0000] {logging_mixin.py:190} INFO - [2024-11-14T07:40:36.855+0000] {override.py:1911} INFO - Created Permission View: can delete on DAG Run:example_task_group
[2024-11-14T07:40:36.867+0000] {logging_mixin.py:190} INFO - [2024-11-14T07:40:36.866+0000] {override.py:1911} INFO - Created Permission View: can create on DAG Run:example_task_group
[2024-11-14T07:40:36.877+0000] {logging_mixin.py:190} INFO - [2024-11-14T07:40:36.877+0000] {override.py:1911} INFO - Created Permission View: can read on DAG Run:example_task_group
[2024-11-14T07:40:36.891+0000] {logging_mixin.py:190} INFO - [2024-11-14T07:40:36.891+0000] {override.py:1911} INFO - Created Permission View: menu access on DAG Run:example_task_group
[2024-11-14T07:40:36.892+0000] {logging_mixin.py:190} INFO - [2024-11-14T07:40:36.892+0000] {dag.py:3239} INFO - Sync 1 DAGs
[2024-11-14T07:40:36.904+0000] {logging_mixin.py:190} INFO - [2024-11-14T07:40:36.903+0000] {dag.py:3262} INFO - Creating ORM DAG for example_task_group
[2024-11-14T07:40:36.904+0000] {logging_mixin.py:190} INFO - [2024-11-14T07:40:36.904+0000] {dag.py:4180} INFO - Setting next_dagrun for example_task_group to None, run_after=None
[2024-11-14T07:40:36.926+0000] {processor.py:208} INFO - Processing /home/ubuntu/airflow-venv/lib/python3.12/site-packages/airflow/example_dags/example_task_group.py took 0.273 seconds
[2024-11-14T07:41:45.998+0000] {processor.py:186} INFO - Started process (PID=3742) to work on /home/ubuntu/airflow-venv/lib/python3.12/site-packages/airflow/example_dags/example_task_group.py
[2024-11-14T07:41:45.999+0000] {processor.py:914} INFO - Processing file /home/ubuntu/airflow-venv/lib/python3.12/site-packages/airflow/example_dags/example_task_group.py for tasks to queue
[2024-11-14T07:41:46.002+0000] {logging_mixin.py:190} INFO - [2024-11-14T07:41:46.001+0000] {dagbag.py:588} INFO - Filling up the DagBag from /home/ubuntu/airflow-venv/lib/python3.12/site-packages/airflow/example_dags/example_task_group.py
[2024-11-14T07:41:46.015+0000] {processor.py:925} INFO - DAG(s) 'example_task_group' retrieved from /home/ubuntu/airflow-venv/lib/python3.12/site-packages/airflow/example_dags/example_task_group.py
[2024-11-14T07:41:46.037+0000] {logging_mixin.py:190} INFO - [2024-11-14T07:41:46.037+0000] {dag.py:3239} INFO - Sync 1 DAGs
[2024-11-14T07:41:46.052+0000] {logging_mixin.py:190} INFO - [2024-11-14T07:41:46.051+0000] {dag.py:4180} INFO - Setting next_dagrun for example_task_group to None, run_after=None
[2024-11-14T07:41:46.076+0000] {processor.py:208} INFO - Processing /home/ubuntu/airflow-venv/lib/python3.12/site-packages/airflow/example_dags/example_task_group.py took 0.084 seconds
[2024-11-14T07:42:42.746+0000] {processor.py:186} INFO - Started process (PID=3799) to work on /home/ubuntu/airflow-venv/lib/python3.12/site-packages/airflow/example_dags/example_task_group.py
[2024-11-14T07:42:42.747+0000] {processor.py:914} INFO - Processing file /home/ubuntu/airflow-venv/lib/python3.12/site-packages/airflow/example_dags/example_task_group.py for tasks to queue
[2024-11-14T07:42:42.749+0000] {logging_mixin.py:190} INFO - [2024-11-14T07:42:42.749+0000] {dagbag.py:588} INFO - Filling up the DagBag from /home/ubuntu/airflow-venv/lib/python3.12/site-packages/airflow/example_dags/example_task_group.py
[2024-11-14T07:42:42.760+0000] {processor.py:925} INFO - DAG(s) 'example_task_group' retrieved from /home/ubuntu/airflow-venv/lib/python3.12/site-packages/airflow/example_dags/example_task_group.py
[2024-11-14T07:42:42.782+0000] {logging_mixin.py:190} INFO - [2024-11-14T07:42:42.781+0000] {dag.py:3239} INFO - Sync 1 DAGs
[2024-11-14T07:42:42.795+0000] {logging_mixin.py:190} INFO - [2024-11-14T07:42:42.795+0000] {dag.py:4180} INFO - Setting next_dagrun for example_task_group to None, run_after=None
[2024-11-14T07:42:42.820+0000] {processor.py:208} INFO - Processing /home/ubuntu/airflow-venv/lib/python3.12/site-packages/airflow/example_dags/example_task_group.py took 0.080 seconds
[2024-11-14T07:43:36.029+0000] {processor.py:186} INFO - Started process (PID=3854) to work on /home/ubuntu/airflow-venv/lib/python3.12/site-packages/airflow/example_dags/example_task_group.py
[2024-11-14T07:43:36.030+0000] {processor.py:914} INFO - Processing file /home/ubuntu/airflow-venv/lib/python3.12/site-packages/airflow/example_dags/example_task_group.py for tasks to queue
[2024-11-14T07:43:36.033+0000] {logging_mixin.py:190} INFO - [2024-11-14T07:43:36.033+0000] {dagbag.py:588} INFO - Filling up the DagBag from /home/ubuntu/airflow-venv/lib/python3.12/site-packages/airflow/example_dags/example_task_group.py
[2024-11-14T07:43:36.043+0000] {processor.py:925} INFO - DAG(s) 'example_task_group' retrieved from /home/ubuntu/airflow-venv/lib/python3.12/site-packages/airflow/example_dags/example_task_group.py
[2024-11-14T07:43:36.061+0000] {logging_mixin.py:190} INFO - [2024-11-14T07:43:36.061+0000] {dag.py:3239} INFO - Sync 1 DAGs
[2024-11-14T07:43:36.074+0000] {logging_mixin.py:190} INFO - [2024-11-14T07:43:36.074+0000] {dag.py:4180} INFO - Setting next_dagrun for example_task_group to None, run_after=None
[2024-11-14T07:43:36.096+0000] {processor.py:208} INFO - Processing /home/ubuntu/airflow-venv/lib/python3.12/site-packages/airflow/example_dags/example_task_group.py took 0.073 seconds
[2024-11-14T07:44:34.440+0000] {processor.py:186} INFO - Started process (PID=3910) to work on /home/ubuntu/airflow-venv/lib/python3.12/site-packages/airflow/example_dags/example_task_group.py
[2024-11-14T07:44:34.442+0000] {processor.py:914} INFO - Processing file /home/ubuntu/airflow-venv/lib/python3.12/site-packages/airflow/example_dags/example_task_group.py for tasks to queue
[2024-11-14T07:44:34.449+0000] {logging_mixin.py:190} INFO - [2024-11-14T07:44:34.448+0000] {dagbag.py:588} INFO - Filling up the DagBag from /home/ubuntu/airflow-venv/lib/python3.12/site-packages/airflow/example_dags/example_task_group.py
[2024-11-14T07:44:34.467+0000] {processor.py:925} INFO - DAG(s) 'example_task_group' retrieved from /home/ubuntu/airflow-venv/lib/python3.12/site-packages/airflow/example_dags/example_task_group.py
[2024-11-14T07:44:34.488+0000] {logging_mixin.py:190} INFO - [2024-11-14T07:44:34.488+0000] {dag.py:3239} INFO - Sync 1 DAGs
[2024-11-14T07:44:34.504+0000] {logging_mixin.py:190} INFO - [2024-11-14T07:44:34.504+0000] {dag.py:4180} INFO - Setting next_dagrun for example_task_group to None, run_after=None
[2024-11-14T07:44:34.528+0000] {processor.py:208} INFO - Processing /home/ubuntu/airflow-venv/lib/python3.12/site-packages/airflow/example_dags/example_task_group.py took 0.096 seconds
[2024-11-14T07:45:30.000+0000] {processor.py:186} INFO - Started process (PID=3970) to work on /home/ubuntu/airflow-venv/lib/python3.12/site-packages/airflow/example_dags/example_task_group.py
[2024-11-14T07:45:30.001+0000] {processor.py:914} INFO - Processing file /home/ubuntu/airflow-venv/lib/python3.12/site-packages/airflow/example_dags/example_task_group.py for tasks to queue
[2024-11-14T07:45:30.004+0000] {logging_mixin.py:190} INFO - [2024-11-14T07:45:30.004+0000] {dagbag.py:588} INFO - Filling up the DagBag from /home/ubuntu/airflow-venv/lib/python3.12/site-packages/airflow/example_dags/example_task_group.py
[2024-11-14T07:45:30.034+0000] {processor.py:925} INFO - DAG(s) 'example_task_group' retrieved from /home/ubuntu/airflow-venv/lib/python3.12/site-packages/airflow/example_dags/example_task_group.py
[2024-11-14T07:45:30.084+0000] {logging_mixin.py:190} INFO - [2024-11-14T07:45:30.084+0000] {dag.py:3239} INFO - Sync 1 DAGs
[2024-11-14T07:45:30.121+0000] {logging_mixin.py:190} INFO - [2024-11-14T07:45:30.120+0000] {dag.py:4180} INFO - Setting next_dagrun for example_task_group to None, run_after=None
[2024-11-14T07:45:30.171+0000] {processor.py:208} INFO - Processing /home/ubuntu/airflow-venv/lib/python3.12/site-packages/airflow/example_dags/example_task_group.py took 0.177 seconds
[2024-11-14T07:46:22.871+0000] {processor.py:186} INFO - Started process (PID=4029) to work on /home/ubuntu/airflow-venv/lib/python3.12/site-packages/airflow/example_dags/example_task_group.py
[2024-11-14T07:46:22.873+0000] {processor.py:914} INFO - Processing file /home/ubuntu/airflow-venv/lib/python3.12/site-packages/airflow/example_dags/example_task_group.py for tasks to queue
[2024-11-14T07:46:22.875+0000] {logging_mixin.py:190} INFO - [2024-11-14T07:46:22.875+0000] {dagbag.py:588} INFO - Filling up the DagBag from /home/ubuntu/airflow-venv/lib/python3.12/site-packages/airflow/example_dags/example_task_group.py
[2024-11-14T07:46:22.886+0000] {processor.py:925} INFO - DAG(s) 'example_task_group' retrieved from /home/ubuntu/airflow-venv/lib/python3.12/site-packages/airflow/example_dags/example_task_group.py
[2024-11-14T07:46:22.905+0000] {logging_mixin.py:190} INFO - [2024-11-14T07:46:22.905+0000] {dag.py:3239} INFO - Sync 1 DAGs
[2024-11-14T07:46:22.918+0000] {logging_mixin.py:190} INFO - [2024-11-14T07:46:22.918+0000] {dag.py:4180} INFO - Setting next_dagrun for example_task_group to None, run_after=None
[2024-11-14T07:46:22.944+0000] {processor.py:208} INFO - Processing /home/ubuntu/airflow-venv/lib/python3.12/site-packages/airflow/example_dags/example_task_group.py took 0.078 seconds
[2024-11-14T07:47:18.170+0000] {processor.py:186} INFO - Started process (PID=4085) to work on /home/ubuntu/airflow-venv/lib/python3.12/site-packages/airflow/example_dags/example_task_group.py
[2024-11-14T07:47:18.174+0000] {processor.py:914} INFO - Processing file /home/ubuntu/airflow-venv/lib/python3.12/site-packages/airflow/example_dags/example_task_group.py for tasks to queue
[2024-11-14T07:47:18.184+0000] {logging_mixin.py:190} INFO - [2024-11-14T07:47:18.182+0000] {dagbag.py:588} INFO - Filling up the DagBag from /home/ubuntu/airflow-venv/lib/python3.12/site-packages/airflow/example_dags/example_task_group.py
[2024-11-14T07:47:18.204+0000] {processor.py:925} INFO - DAG(s) 'example_task_group' retrieved from /home/ubuntu/airflow-venv/lib/python3.12/site-packages/airflow/example_dags/example_task_group.py
[2024-11-14T07:47:18.236+0000] {logging_mixin.py:190} INFO - [2024-11-14T07:47:18.236+0000] {dag.py:3239} INFO - Sync 1 DAGs
[2024-11-14T07:47:18.257+0000] {logging_mixin.py:190} INFO - [2024-11-14T07:47:18.257+0000] {dag.py:4180} INFO - Setting next_dagrun for example_task_group to None, run_after=None
[2024-11-14T07:47:18.284+0000] {processor.py:208} INFO - Processing /home/ubuntu/airflow-venv/lib/python3.12/site-packages/airflow/example_dags/example_task_group.py took 0.132 seconds
[2024-11-14T07:48:20.630+0000] {processor.py:186} INFO - Started process (PID=4557) to work on /home/ubuntu/airflow-venv/lib/python3.12/site-packages/airflow/example_dags/example_task_group.py
[2024-11-14T07:48:20.634+0000] {processor.py:914} INFO - Processing file /home/ubuntu/airflow-venv/lib/python3.12/site-packages/airflow/example_dags/example_task_group.py for tasks to queue
[2024-11-14T07:48:20.637+0000] {logging_mixin.py:190} INFO - [2024-11-14T07:48:20.636+0000] {dagbag.py:588} INFO - Filling up the DagBag from /home/ubuntu/airflow-venv/lib/python3.12/site-packages/airflow/example_dags/example_task_group.py
[2024-11-14T07:48:20.657+0000] {processor.py:925} INFO - DAG(s) 'example_task_group' retrieved from /home/ubuntu/airflow-venv/lib/python3.12/site-packages/airflow/example_dags/example_task_group.py
[2024-11-14T07:48:20.696+0000] {logging_mixin.py:190} INFO - [2024-11-14T07:48:20.695+0000] {dag.py:3239} INFO - Sync 1 DAGs
[2024-11-14T07:48:20.728+0000] {logging_mixin.py:190} INFO - [2024-11-14T07:48:20.726+0000] {dag.py:4180} INFO - Setting next_dagrun for example_task_group to None, run_after=None
[2024-11-14T07:48:20.766+0000] {processor.py:208} INFO - Processing /home/ubuntu/airflow-venv/lib/python3.12/site-packages/airflow/example_dags/example_task_group.py took 0.149 seconds
[2024-11-14T07:49:24.698+0000] {processor.py:186} INFO - Started process (PID=4649) to work on /home/ubuntu/airflow-venv/lib/python3.12/site-packages/airflow/example_dags/example_task_group.py
[2024-11-14T07:49:24.701+0000] {processor.py:914} INFO - Processing file /home/ubuntu/airflow-venv/lib/python3.12/site-packages/airflow/example_dags/example_task_group.py for tasks to queue
[2024-11-14T07:49:24.707+0000] {logging_mixin.py:190} INFO - [2024-11-14T07:49:24.706+0000] {dagbag.py:588} INFO - Filling up the DagBag from /home/ubuntu/airflow-venv/lib/python3.12/site-packages/airflow/example_dags/example_task_group.py
[2024-11-14T07:49:24.725+0000] {processor.py:925} INFO - DAG(s) 'example_task_group' retrieved from /home/ubuntu/airflow-venv/lib/python3.12/site-packages/airflow/example_dags/example_task_group.py
[2024-11-14T07:49:24.752+0000] {logging_mixin.py:190} INFO - [2024-11-14T07:49:24.752+0000] {dag.py:3239} INFO - Sync 1 DAGs
[2024-11-14T07:49:24.764+0000] {logging_mixin.py:190} INFO - [2024-11-14T07:49:24.764+0000] {dag.py:4180} INFO - Setting next_dagrun for example_task_group to None, run_after=None
[2024-11-14T07:49:24.787+0000] {processor.py:208} INFO - Processing /home/ubuntu/airflow-venv/lib/python3.12/site-packages/airflow/example_dags/example_task_group.py took 0.095 seconds
[2024-11-14T07:50:23.695+0000] {processor.py:186} INFO - Started process (PID=4711) to work on /home/ubuntu/airflow-venv/lib/python3.12/site-packages/airflow/example_dags/example_task_group.py
[2024-11-14T07:50:23.696+0000] {processor.py:914} INFO - Processing file /home/ubuntu/airflow-venv/lib/python3.12/site-packages/airflow/example_dags/example_task_group.py for tasks to queue
[2024-11-14T07:50:23.698+0000] {logging_mixin.py:190} INFO - [2024-11-14T07:50:23.697+0000] {dagbag.py:588} INFO - Filling up the DagBag from /home/ubuntu/airflow-venv/lib/python3.12/site-packages/airflow/example_dags/example_task_group.py
[2024-11-14T07:50:23.708+0000] {processor.py:925} INFO - DAG(s) 'example_task_group' retrieved from /home/ubuntu/airflow-venv/lib/python3.12/site-packages/airflow/example_dags/example_task_group.py
[2024-11-14T07:50:23.728+0000] {logging_mixin.py:190} INFO - [2024-11-14T07:50:23.727+0000] {dag.py:3239} INFO - Sync 1 DAGs
[2024-11-14T07:50:23.741+0000] {logging_mixin.py:190} INFO - [2024-11-14T07:50:23.741+0000] {dag.py:4180} INFO - Setting next_dagrun for example_task_group to None, run_after=None
[2024-11-14T07:50:23.766+0000] {processor.py:208} INFO - Processing /home/ubuntu/airflow-venv/lib/python3.12/site-packages/airflow/example_dags/example_task_group.py took 0.078 seconds
[2024-11-14T07:51:29.490+0000] {processor.py:186} INFO - Started process (PID=4776) to work on /home/ubuntu/airflow-venv/lib/python3.12/site-packages/airflow/example_dags/example_task_group.py
[2024-11-14T07:51:29.491+0000] {processor.py:914} INFO - Processing file /home/ubuntu/airflow-venv/lib/python3.12/site-packages/airflow/example_dags/example_task_group.py for tasks to queue
[2024-11-14T07:51:29.493+0000] {logging_mixin.py:190} INFO - [2024-11-14T07:51:29.492+0000] {dagbag.py:588} INFO - Filling up the DagBag from /home/ubuntu/airflow-venv/lib/python3.12/site-packages/airflow/example_dags/example_task_group.py
[2024-11-14T07:51:29.505+0000] {processor.py:925} INFO - DAG(s) 'example_task_group' retrieved from /home/ubuntu/airflow-venv/lib/python3.12/site-packages/airflow/example_dags/example_task_group.py
[2024-11-14T07:51:29.526+0000] {logging_mixin.py:190} INFO - [2024-11-14T07:51:29.525+0000] {dag.py:3239} INFO - Sync 1 DAGs
[2024-11-14T07:51:29.539+0000] {logging_mixin.py:190} INFO - [2024-11-14T07:51:29.539+0000] {dag.py:4180} INFO - Setting next_dagrun for example_task_group to None, run_after=None
[2024-11-14T07:51:29.563+0000] {processor.py:208} INFO - Processing /home/ubuntu/airflow-venv/lib/python3.12/site-packages/airflow/example_dags/example_task_group.py took 0.082 seconds
[2024-11-14T07:52:29.245+0000] {processor.py:186} INFO - Started process (PID=4836) to work on /home/ubuntu/airflow-venv/lib/python3.12/site-packages/airflow/example_dags/example_task_group.py
[2024-11-14T07:52:29.247+0000] {processor.py:914} INFO - Processing file /home/ubuntu/airflow-venv/lib/python3.12/site-packages/airflow/example_dags/example_task_group.py for tasks to queue
[2024-11-14T07:52:29.251+0000] {logging_mixin.py:190} INFO - [2024-11-14T07:52:29.248+0000] {dagbag.py:588} INFO - Filling up the DagBag from /home/ubuntu/airflow-venv/lib/python3.12/site-packages/airflow/example_dags/example_task_group.py
[2024-11-14T07:52:29.273+0000] {processor.py:925} INFO - DAG(s) 'example_task_group' retrieved from /home/ubuntu/airflow-venv/lib/python3.12/site-packages/airflow/example_dags/example_task_group.py
[2024-11-14T07:52:29.325+0000] {logging_mixin.py:190} INFO - [2024-11-14T07:52:29.325+0000] {dag.py:3239} INFO - Sync 1 DAGs
[2024-11-14T07:52:29.339+0000] {logging_mixin.py:190} INFO - [2024-11-14T07:52:29.339+0000] {dag.py:4180} INFO - Setting next_dagrun for example_task_group to None, run_after=None
[2024-11-14T07:52:29.361+0000] {processor.py:208} INFO - Processing /home/ubuntu/airflow-venv/lib/python3.12/site-packages/airflow/example_dags/example_task_group.py took 0.130 seconds
[2024-11-14T07:53:26.614+0000] {processor.py:186} INFO - Started process (PID=4896) to work on /home/ubuntu/airflow-venv/lib/python3.12/site-packages/airflow/example_dags/example_task_group.py
[2024-11-14T07:53:26.616+0000] {processor.py:914} INFO - Processing file /home/ubuntu/airflow-venv/lib/python3.12/site-packages/airflow/example_dags/example_task_group.py for tasks to queue
[2024-11-14T07:53:26.618+0000] {logging_mixin.py:190} INFO - [2024-11-14T07:53:26.618+0000] {dagbag.py:588} INFO - Filling up the DagBag from /home/ubuntu/airflow-venv/lib/python3.12/site-packages/airflow/example_dags/example_task_group.py
[2024-11-14T07:53:26.633+0000] {processor.py:925} INFO - DAG(s) 'example_task_group' retrieved from /home/ubuntu/airflow-venv/lib/python3.12/site-packages/airflow/example_dags/example_task_group.py
[2024-11-14T07:53:26.667+0000] {logging_mixin.py:190} INFO - [2024-11-14T07:53:26.666+0000] {dag.py:3239} INFO - Sync 1 DAGs
[2024-11-14T07:53:26.688+0000] {logging_mixin.py:190} INFO - [2024-11-14T07:53:26.688+0000] {dag.py:4180} INFO - Setting next_dagrun for example_task_group to None, run_after=None
[2024-11-14T07:53:26.724+0000] {processor.py:208} INFO - Processing /home/ubuntu/airflow-venv/lib/python3.12/site-packages/airflow/example_dags/example_task_group.py took 0.118 seconds
[2024-11-14T07:54:28.968+0000] {processor.py:186} INFO - Started process (PID=4958) to work on /home/ubuntu/airflow-venv/lib/python3.12/site-packages/airflow/example_dags/example_task_group.py
[2024-11-14T07:54:28.970+0000] {processor.py:914} INFO - Processing file /home/ubuntu/airflow-venv/lib/python3.12/site-packages/airflow/example_dags/example_task_group.py for tasks to queue
[2024-11-14T07:54:28.972+0000] {logging_mixin.py:190} INFO - [2024-11-14T07:54:28.971+0000] {dagbag.py:588} INFO - Filling up the DagBag from /home/ubuntu/airflow-venv/lib/python3.12/site-packages/airflow/example_dags/example_task_group.py
[2024-11-14T07:54:28.987+0000] {processor.py:925} INFO - DAG(s) 'example_task_group' retrieved from /home/ubuntu/airflow-venv/lib/python3.12/site-packages/airflow/example_dags/example_task_group.py
[2024-11-14T07:54:29.006+0000] {logging_mixin.py:190} INFO - [2024-11-14T07:54:29.006+0000] {dag.py:3239} INFO - Sync 1 DAGs
[2024-11-14T07:54:29.020+0000] {logging_mixin.py:190} INFO - [2024-11-14T07:54:29.019+0000] {dag.py:4180} INFO - Setting next_dagrun for example_task_group to None, run_after=None
[2024-11-14T07:54:29.043+0000] {processor.py:208} INFO - Processing /home/ubuntu/airflow-venv/lib/python3.12/site-packages/airflow/example_dags/example_task_group.py took 0.084 seconds
[2024-11-14T07:55:28.215+0000] {processor.py:186} INFO - Started process (PID=5021) to work on /home/ubuntu/airflow-venv/lib/python3.12/site-packages/airflow/example_dags/example_task_group.py
[2024-11-14T07:55:28.220+0000] {processor.py:914} INFO - Processing file /home/ubuntu/airflow-venv/lib/python3.12/site-packages/airflow/example_dags/example_task_group.py for tasks to queue
[2024-11-14T07:55:28.221+0000] {logging_mixin.py:190} INFO - [2024-11-14T07:55:28.221+0000] {dagbag.py:588} INFO - Filling up the DagBag from /home/ubuntu/airflow-venv/lib/python3.12/site-packages/airflow/example_dags/example_task_group.py
[2024-11-14T07:55:28.234+0000] {processor.py:925} INFO - DAG(s) 'example_task_group' retrieved from /home/ubuntu/airflow-venv/lib/python3.12/site-packages/airflow/example_dags/example_task_group.py
[2024-11-14T07:55:28.253+0000] {logging_mixin.py:190} INFO - [2024-11-14T07:55:28.253+0000] {dag.py:3239} INFO - Sync 1 DAGs
[2024-11-14T07:55:28.272+0000] {logging_mixin.py:190} INFO - [2024-11-14T07:55:28.271+0000] {dag.py:4180} INFO - Setting next_dagrun for example_task_group to None, run_after=None
[2024-11-14T07:55:28.306+0000] {processor.py:208} INFO - Processing /home/ubuntu/airflow-venv/lib/python3.12/site-packages/airflow/example_dags/example_task_group.py took 0.107 seconds
[2024-11-14T07:56:29.391+0000] {processor.py:186} INFO - Started process (PID=5081) to work on /home/ubuntu/airflow-venv/lib/python3.12/site-packages/airflow/example_dags/example_task_group.py
[2024-11-14T07:56:29.392+0000] {processor.py:914} INFO - Processing file /home/ubuntu/airflow-venv/lib/python3.12/site-packages/airflow/example_dags/example_task_group.py for tasks to queue
[2024-11-14T07:56:29.394+0000] {logging_mixin.py:190} INFO - [2024-11-14T07:56:29.393+0000] {dagbag.py:588} INFO - Filling up the DagBag from /home/ubuntu/airflow-venv/lib/python3.12/site-packages/airflow/example_dags/example_task_group.py
[2024-11-14T07:56:29.406+0000] {processor.py:925} INFO - DAG(s) 'example_task_group' retrieved from /home/ubuntu/airflow-venv/lib/python3.12/site-packages/airflow/example_dags/example_task_group.py
[2024-11-14T07:56:29.431+0000] {logging_mixin.py:190} INFO - [2024-11-14T07:56:29.430+0000] {dag.py:3239} INFO - Sync 1 DAGs
[2024-11-14T07:56:29.448+0000] {logging_mixin.py:190} INFO - [2024-11-14T07:56:29.448+0000] {dag.py:4180} INFO - Setting next_dagrun for example_task_group to None, run_after=None
[2024-11-14T07:56:29.475+0000] {processor.py:208} INFO - Processing /home/ubuntu/airflow-venv/lib/python3.12/site-packages/airflow/example_dags/example_task_group.py took 0.090 seconds
[2024-11-14T07:57:29.107+0000] {processor.py:186} INFO - Started process (PID=5144) to work on /home/ubuntu/airflow-venv/lib/python3.12/site-packages/airflow/example_dags/example_task_group.py
[2024-11-14T07:57:29.109+0000] {processor.py:914} INFO - Processing file /home/ubuntu/airflow-venv/lib/python3.12/site-packages/airflow/example_dags/example_task_group.py for tasks to queue
[2024-11-14T07:57:29.110+0000] {logging_mixin.py:190} INFO - [2024-11-14T07:57:29.110+0000] {dagbag.py:588} INFO - Filling up the DagBag from /home/ubuntu/airflow-venv/lib/python3.12/site-packages/airflow/example_dags/example_task_group.py
[2024-11-14T07:57:29.125+0000] {processor.py:925} INFO - DAG(s) 'example_task_group' retrieved from /home/ubuntu/airflow-venv/lib/python3.12/site-packages/airflow/example_dags/example_task_group.py
[2024-11-14T07:57:29.152+0000] {logging_mixin.py:190} INFO - [2024-11-14T07:57:29.152+0000] {dag.py:3239} INFO - Sync 1 DAGs
[2024-11-14T07:57:29.167+0000] {logging_mixin.py:190} INFO - [2024-11-14T07:57:29.167+0000] {dag.py:4180} INFO - Setting next_dagrun for example_task_group to None, run_after=None
[2024-11-14T07:57:29.198+0000] {processor.py:208} INFO - Processing /home/ubuntu/airflow-venv/lib/python3.12/site-packages/airflow/example_dags/example_task_group.py took 0.099 seconds
[2024-11-14T07:58:30.068+0000] {processor.py:186} INFO - Started process (PID=5204) to work on /home/ubuntu/airflow-venv/lib/python3.12/site-packages/airflow/example_dags/example_task_group.py
[2024-11-14T07:58:30.070+0000] {processor.py:914} INFO - Processing file /home/ubuntu/airflow-venv/lib/python3.12/site-packages/airflow/example_dags/example_task_group.py for tasks to queue
[2024-11-14T07:58:30.071+0000] {logging_mixin.py:190} INFO - [2024-11-14T07:58:30.071+0000] {dagbag.py:588} INFO - Filling up the DagBag from /home/ubuntu/airflow-venv/lib/python3.12/site-packages/airflow/example_dags/example_task_group.py
[2024-11-14T07:58:30.082+0000] {processor.py:925} INFO - DAG(s) 'example_task_group' retrieved from /home/ubuntu/airflow-venv/lib/python3.12/site-packages/airflow/example_dags/example_task_group.py
[2024-11-14T07:58:30.106+0000] {logging_mixin.py:190} INFO - [2024-11-14T07:58:30.106+0000] {dag.py:3239} INFO - Sync 1 DAGs
[2024-11-14T07:58:30.123+0000] {logging_mixin.py:190} INFO - [2024-11-14T07:58:30.123+0000] {dag.py:4180} INFO - Setting next_dagrun for example_task_group to None, run_after=None
[2024-11-14T07:58:30.150+0000] {processor.py:208} INFO - Processing /home/ubuntu/airflow-venv/lib/python3.12/site-packages/airflow/example_dags/example_task_group.py took 0.089 seconds
[2024-11-14T07:59:29.942+0000] {processor.py:186} INFO - Started process (PID=5264) to work on /home/ubuntu/airflow-venv/lib/python3.12/site-packages/airflow/example_dags/example_task_group.py
[2024-11-14T07:59:29.944+0000] {processor.py:914} INFO - Processing file /home/ubuntu/airflow-venv/lib/python3.12/site-packages/airflow/example_dags/example_task_group.py for tasks to queue
[2024-11-14T07:59:29.946+0000] {logging_mixin.py:190} INFO - [2024-11-14T07:59:29.946+0000] {dagbag.py:588} INFO - Filling up the DagBag from /home/ubuntu/airflow-venv/lib/python3.12/site-packages/airflow/example_dags/example_task_group.py
[2024-11-14T07:59:29.957+0000] {processor.py:925} INFO - DAG(s) 'example_task_group' retrieved from /home/ubuntu/airflow-venv/lib/python3.12/site-packages/airflow/example_dags/example_task_group.py
[2024-11-14T07:59:29.978+0000] {logging_mixin.py:190} INFO - [2024-11-14T07:59:29.978+0000] {dag.py:3239} INFO - Sync 1 DAGs
[2024-11-14T07:59:29.992+0000] {logging_mixin.py:190} INFO - [2024-11-14T07:59:29.992+0000] {dag.py:4180} INFO - Setting next_dagrun for example_task_group to None, run_after=None
[2024-11-14T07:59:30.045+0000] {processor.py:208} INFO - Processing /home/ubuntu/airflow-venv/lib/python3.12/site-packages/airflow/example_dags/example_task_group.py took 0.115 seconds
[2024-11-14T08:00:29.737+0000] {processor.py:186} INFO - Started process (PID=5326) to work on /home/ubuntu/airflow-venv/lib/python3.12/site-packages/airflow/example_dags/example_task_group.py
[2024-11-14T08:00:29.738+0000] {processor.py:914} INFO - Processing file /home/ubuntu/airflow-venv/lib/python3.12/site-packages/airflow/example_dags/example_task_group.py for tasks to queue
[2024-11-14T08:00:29.740+0000] {logging_mixin.py:190} INFO - [2024-11-14T08:00:29.739+0000] {dagbag.py:588} INFO - Filling up the DagBag from /home/ubuntu/airflow-venv/lib/python3.12/site-packages/airflow/example_dags/example_task_group.py
[2024-11-14T08:00:29.751+0000] {processor.py:925} INFO - DAG(s) 'example_task_group' retrieved from /home/ubuntu/airflow-venv/lib/python3.12/site-packages/airflow/example_dags/example_task_group.py
[2024-11-14T08:00:29.771+0000] {logging_mixin.py:190} INFO - [2024-11-14T08:00:29.771+0000] {dag.py:3239} INFO - Sync 1 DAGs
[2024-11-14T08:00:29.786+0000] {logging_mixin.py:190} INFO - [2024-11-14T08:00:29.786+0000] {dag.py:4180} INFO - Setting next_dagrun for example_task_group to None, run_after=None
[2024-11-14T08:00:29.812+0000] {processor.py:208} INFO - Processing /home/ubuntu/airflow-venv/lib/python3.12/site-packages/airflow/example_dags/example_task_group.py took 0.082 seconds
[2024-11-14T08:01:29.644+0000] {processor.py:186} INFO - Started process (PID=5390) to work on /home/ubuntu/airflow-venv/lib/python3.12/site-packages/airflow/example_dags/example_task_group.py
[2024-11-14T08:01:29.646+0000] {processor.py:914} INFO - Processing file /home/ubuntu/airflow-venv/lib/python3.12/site-packages/airflow/example_dags/example_task_group.py for tasks to queue
[2024-11-14T08:01:29.648+0000] {logging_mixin.py:190} INFO - [2024-11-14T08:01:29.647+0000] {dagbag.py:588} INFO - Filling up the DagBag from /home/ubuntu/airflow-venv/lib/python3.12/site-packages/airflow/example_dags/example_task_group.py
[2024-11-14T08:01:29.659+0000] {processor.py:925} INFO - DAG(s) 'example_task_group' retrieved from /home/ubuntu/airflow-venv/lib/python3.12/site-packages/airflow/example_dags/example_task_group.py
[2024-11-14T08:01:29.681+0000] {logging_mixin.py:190} INFO - [2024-11-14T08:01:29.680+0000] {dag.py:3239} INFO - Sync 1 DAGs
[2024-11-14T08:01:29.697+0000] {logging_mixin.py:190} INFO - [2024-11-14T08:01:29.697+0000] {dag.py:4180} INFO - Setting next_dagrun for example_task_group to None, run_after=None
[2024-11-14T08:01:29.723+0000] {processor.py:208} INFO - Processing /home/ubuntu/airflow-venv/lib/python3.12/site-packages/airflow/example_dags/example_task_group.py took 0.086 seconds
[2024-11-14T08:02:28.562+0000] {processor.py:186} INFO - Started process (PID=5452) to work on /home/ubuntu/airflow-venv/lib/python3.12/site-packages/airflow/example_dags/example_task_group.py
[2024-11-14T08:02:28.564+0000] {processor.py:914} INFO - Processing file /home/ubuntu/airflow-venv/lib/python3.12/site-packages/airflow/example_dags/example_task_group.py for tasks to queue
[2024-11-14T08:02:28.566+0000] {logging_mixin.py:190} INFO - [2024-11-14T08:02:28.566+0000] {dagbag.py:588} INFO - Filling up the DagBag from /home/ubuntu/airflow-venv/lib/python3.12/site-packages/airflow/example_dags/example_task_group.py
[2024-11-14T08:02:28.577+0000] {processor.py:925} INFO - DAG(s) 'example_task_group' retrieved from /home/ubuntu/airflow-venv/lib/python3.12/site-packages/airflow/example_dags/example_task_group.py
[2024-11-14T08:02:28.597+0000] {logging_mixin.py:190} INFO - [2024-11-14T08:02:28.597+0000] {dag.py:3239} INFO - Sync 1 DAGs
[2024-11-14T08:02:28.617+0000] {logging_mixin.py:190} INFO - [2024-11-14T08:02:28.616+0000] {dag.py:4180} INFO - Setting next_dagrun for example_task_group to None, run_after=None
[2024-11-14T08:02:28.646+0000] {processor.py:208} INFO - Processing /home/ubuntu/airflow-venv/lib/python3.12/site-packages/airflow/example_dags/example_task_group.py took 0.095 seconds
