[2024-11-14T07:41:31.369+0000] {processor.py:186} INFO - Started process (PID=3728) to work on /home/ubuntu/airflow-venv/lib/python3.12/site-packages/airflow/example_dags/example_branch_operator.py
[2024-11-14T07:41:31.370+0000] {processor.py:914} INFO - Processing file /home/ubuntu/airflow-venv/lib/python3.12/site-packages/airflow/example_dags/example_branch_operator.py for tasks to queue
[2024-11-14T07:41:31.373+0000] {logging_mixin.py:190} INFO - [2024-11-14T07:41:31.372+0000] {dagbag.py:588} INFO - Filling up the DagBag from /home/ubuntu/airflow-venv/lib/python3.12/site-packages/airflow/example_dags/example_branch_operator.py
[2024-11-14T07:41:31.377+0000] {processor.py:927} WARNING - No viable dags retrieved from /home/ubuntu/airflow-venv/lib/python3.12/site-packages/airflow/example_dags/example_branch_operator.py
[2024-11-14T07:41:31.395+0000] {processor.py:208} INFO - Processing /home/ubuntu/airflow-venv/lib/python3.12/site-packages/airflow/example_dags/example_branch_operator.py took 0.034 seconds
[2024-11-14T07:42:34.531+0000] {processor.py:186} INFO - Started process (PID=3791) to work on /home/ubuntu/airflow-venv/lib/python3.12/site-packages/airflow/example_dags/example_branch_operator.py
[2024-11-14T07:42:34.533+0000] {processor.py:914} INFO - Processing file /home/ubuntu/airflow-venv/lib/python3.12/site-packages/airflow/example_dags/example_branch_operator.py for tasks to queue
[2024-11-14T07:42:34.535+0000] {logging_mixin.py:190} INFO - [2024-11-14T07:42:34.535+0000] {dagbag.py:588} INFO - Filling up the DagBag from /home/ubuntu/airflow-venv/lib/python3.12/site-packages/airflow/example_dags/example_branch_operator.py
[2024-11-14T07:42:34.541+0000] {processor.py:927} WARNING - No viable dags retrieved from /home/ubuntu/airflow-venv/lib/python3.12/site-packages/airflow/example_dags/example_branch_operator.py
[2024-11-14T07:42:34.557+0000] {processor.py:208} INFO - Processing /home/ubuntu/airflow-venv/lib/python3.12/site-packages/airflow/example_dags/example_branch_operator.py took 0.032 seconds
[2024-11-14T07:43:55.091+0000] {processor.py:186} INFO - Started process (PID=3872) to work on /home/ubuntu/airflow-venv/lib/python3.12/site-packages/airflow/example_dags/example_branch_operator.py
[2024-11-14T07:43:55.093+0000] {processor.py:914} INFO - Processing file /home/ubuntu/airflow-venv/lib/python3.12/site-packages/airflow/example_dags/example_branch_operator.py for tasks to queue
[2024-11-14T07:43:55.095+0000] {logging_mixin.py:190} INFO - [2024-11-14T07:43:55.095+0000] {dagbag.py:588} INFO - Filling up the DagBag from /home/ubuntu/airflow-venv/lib/python3.12/site-packages/airflow/example_dags/example_branch_operator.py
[2024-11-14T07:43:55.098+0000] {processor.py:927} WARNING - No viable dags retrieved from /home/ubuntu/airflow-venv/lib/python3.12/site-packages/airflow/example_dags/example_branch_operator.py
[2024-11-14T07:43:55.110+0000] {processor.py:208} INFO - Processing /home/ubuntu/airflow-venv/lib/python3.12/site-packages/airflow/example_dags/example_branch_operator.py took 0.024 seconds
[2024-11-14T07:44:54.408+0000] {processor.py:186} INFO - Started process (PID=3930) to work on /home/ubuntu/airflow-venv/lib/python3.12/site-packages/airflow/example_dags/example_branch_operator.py
[2024-11-14T07:44:54.410+0000] {processor.py:914} INFO - Processing file /home/ubuntu/airflow-venv/lib/python3.12/site-packages/airflow/example_dags/example_branch_operator.py for tasks to queue
[2024-11-14T07:44:54.412+0000] {logging_mixin.py:190} INFO - [2024-11-14T07:44:54.412+0000] {dagbag.py:588} INFO - Filling up the DagBag from /home/ubuntu/airflow-venv/lib/python3.12/site-packages/airflow/example_dags/example_branch_operator.py
[2024-11-14T07:44:54.415+0000] {processor.py:927} WARNING - No viable dags retrieved from /home/ubuntu/airflow-venv/lib/python3.12/site-packages/airflow/example_dags/example_branch_operator.py
[2024-11-14T07:44:54.426+0000] {processor.py:208} INFO - Processing /home/ubuntu/airflow-venv/lib/python3.12/site-packages/airflow/example_dags/example_branch_operator.py took 0.024 seconds
[2024-11-14T07:46:15.607+0000] {processor.py:186} INFO - Started process (PID=4020) to work on /home/ubuntu/airflow-venv/lib/python3.12/site-packages/airflow/example_dags/example_branch_operator.py
[2024-11-14T07:46:15.608+0000] {processor.py:914} INFO - Processing file /home/ubuntu/airflow-venv/lib/python3.12/site-packages/airflow/example_dags/example_branch_operator.py for tasks to queue
[2024-11-14T07:46:15.611+0000] {logging_mixin.py:190} INFO - [2024-11-14T07:46:15.610+0000] {dagbag.py:588} INFO - Filling up the DagBag from /home/ubuntu/airflow-venv/lib/python3.12/site-packages/airflow/example_dags/example_branch_operator.py
[2024-11-14T07:46:15.614+0000] {processor.py:927} WARNING - No viable dags retrieved from /home/ubuntu/airflow-venv/lib/python3.12/site-packages/airflow/example_dags/example_branch_operator.py
[2024-11-14T07:46:15.628+0000] {processor.py:208} INFO - Processing /home/ubuntu/airflow-venv/lib/python3.12/site-packages/airflow/example_dags/example_branch_operator.py took 0.027 seconds
[2024-11-14T07:47:37.881+0000] {processor.py:186} INFO - Started process (PID=4264) to work on /home/ubuntu/airflow-venv/lib/python3.12/site-packages/airflow/example_dags/example_branch_operator.py
[2024-11-14T07:47:37.883+0000] {processor.py:914} INFO - Processing file /home/ubuntu/airflow-venv/lib/python3.12/site-packages/airflow/example_dags/example_branch_operator.py for tasks to queue
[2024-11-14T07:47:37.885+0000] {logging_mixin.py:190} INFO - [2024-11-14T07:47:37.885+0000] {dagbag.py:588} INFO - Filling up the DagBag from /home/ubuntu/airflow-venv/lib/python3.12/site-packages/airflow/example_dags/example_branch_operator.py
[2024-11-14T07:47:37.891+0000] {processor.py:927} WARNING - No viable dags retrieved from /home/ubuntu/airflow-venv/lib/python3.12/site-packages/airflow/example_dags/example_branch_operator.py
[2024-11-14T07:47:37.914+0000] {processor.py:208} INFO - Processing /home/ubuntu/airflow-venv/lib/python3.12/site-packages/airflow/example_dags/example_branch_operator.py took 0.043 seconds
[2024-11-14T07:48:42.127+0000] {processor.py:186} INFO - Started process (PID=4609) to work on /home/ubuntu/airflow-venv/lib/python3.12/site-packages/airflow/example_dags/example_branch_operator.py
[2024-11-14T07:48:42.130+0000] {processor.py:914} INFO - Processing file /home/ubuntu/airflow-venv/lib/python3.12/site-packages/airflow/example_dags/example_branch_operator.py for tasks to queue
[2024-11-14T07:48:42.135+0000] {logging_mixin.py:190} INFO - [2024-11-14T07:48:42.135+0000] {dagbag.py:588} INFO - Filling up the DagBag from /home/ubuntu/airflow-venv/lib/python3.12/site-packages/airflow/example_dags/example_branch_operator.py
[2024-11-14T07:48:42.139+0000] {processor.py:927} WARNING - No viable dags retrieved from /home/ubuntu/airflow-venv/lib/python3.12/site-packages/airflow/example_dags/example_branch_operator.py
[2024-11-14T07:48:42.189+0000] {processor.py:208} INFO - Processing /home/ubuntu/airflow-venv/lib/python3.12/site-packages/airflow/example_dags/example_branch_operator.py took 0.071 seconds
[2024-11-14T07:49:44.303+0000] {processor.py:186} INFO - Started process (PID=4669) to work on /home/ubuntu/airflow-venv/lib/python3.12/site-packages/airflow/example_dags/example_branch_operator.py
[2024-11-14T07:49:44.304+0000] {processor.py:914} INFO - Processing file /home/ubuntu/airflow-venv/lib/python3.12/site-packages/airflow/example_dags/example_branch_operator.py for tasks to queue
[2024-11-14T07:49:44.307+0000] {logging_mixin.py:190} INFO - [2024-11-14T07:49:44.306+0000] {dagbag.py:588} INFO - Filling up the DagBag from /home/ubuntu/airflow-venv/lib/python3.12/site-packages/airflow/example_dags/example_branch_operator.py
[2024-11-14T07:49:44.310+0000] {processor.py:927} WARNING - No viable dags retrieved from /home/ubuntu/airflow-venv/lib/python3.12/site-packages/airflow/example_dags/example_branch_operator.py
[2024-11-14T07:49:44.321+0000] {processor.py:208} INFO - Processing /home/ubuntu/airflow-venv/lib/python3.12/site-packages/airflow/example_dags/example_branch_operator.py took 0.024 seconds
[2024-11-14T07:50:46.188+0000] {processor.py:186} INFO - Started process (PID=4733) to work on /home/ubuntu/airflow-venv/lib/python3.12/site-packages/airflow/example_dags/example_branch_operator.py
[2024-11-14T07:50:46.190+0000] {processor.py:914} INFO - Processing file /home/ubuntu/airflow-venv/lib/python3.12/site-packages/airflow/example_dags/example_branch_operator.py for tasks to queue
[2024-11-14T07:50:46.191+0000] {logging_mixin.py:190} INFO - [2024-11-14T07:50:46.191+0000] {dagbag.py:588} INFO - Filling up the DagBag from /home/ubuntu/airflow-venv/lib/python3.12/site-packages/airflow/example_dags/example_branch_operator.py
[2024-11-14T07:50:46.195+0000] {processor.py:927} WARNING - No viable dags retrieved from /home/ubuntu/airflow-venv/lib/python3.12/site-packages/airflow/example_dags/example_branch_operator.py
[2024-11-14T07:50:46.211+0000] {processor.py:208} INFO - Processing /home/ubuntu/airflow-venv/lib/python3.12/site-packages/airflow/example_dags/example_branch_operator.py took 0.030 seconds
[2024-11-14T07:51:50.059+0000] {processor.py:186} INFO - Started process (PID=4796) to work on /home/ubuntu/airflow-venv/lib/python3.12/site-packages/airflow/example_dags/example_branch_operator.py
[2024-11-14T07:51:50.061+0000] {processor.py:914} INFO - Processing file /home/ubuntu/airflow-venv/lib/python3.12/site-packages/airflow/example_dags/example_branch_operator.py for tasks to queue
[2024-11-14T07:51:50.067+0000] {logging_mixin.py:190} INFO - [2024-11-14T07:51:50.066+0000] {dagbag.py:588} INFO - Filling up the DagBag from /home/ubuntu/airflow-venv/lib/python3.12/site-packages/airflow/example_dags/example_branch_operator.py
[2024-11-14T07:51:50.070+0000] {processor.py:927} WARNING - No viable dags retrieved from /home/ubuntu/airflow-venv/lib/python3.12/site-packages/airflow/example_dags/example_branch_operator.py
[2024-11-14T07:51:50.084+0000] {processor.py:208} INFO - Processing /home/ubuntu/airflow-venv/lib/python3.12/site-packages/airflow/example_dags/example_branch_operator.py took 0.033 seconds
[2024-11-14T07:52:49.021+0000] {processor.py:186} INFO - Started process (PID=4856) to work on /home/ubuntu/airflow-venv/lib/python3.12/site-packages/airflow/example_dags/example_branch_operator.py
[2024-11-14T07:52:49.023+0000] {processor.py:914} INFO - Processing file /home/ubuntu/airflow-venv/lib/python3.12/site-packages/airflow/example_dags/example_branch_operator.py for tasks to queue
[2024-11-14T07:52:49.025+0000] {logging_mixin.py:190} INFO - [2024-11-14T07:52:49.024+0000] {dagbag.py:588} INFO - Filling up the DagBag from /home/ubuntu/airflow-venv/lib/python3.12/site-packages/airflow/example_dags/example_branch_operator.py
[2024-11-14T07:52:49.028+0000] {processor.py:927} WARNING - No viable dags retrieved from /home/ubuntu/airflow-venv/lib/python3.12/site-packages/airflow/example_dags/example_branch_operator.py
[2024-11-14T07:52:49.041+0000] {processor.py:208} INFO - Processing /home/ubuntu/airflow-venv/lib/python3.12/site-packages/airflow/example_dags/example_branch_operator.py took 0.028 seconds
[2024-11-14T07:54:17.677+0000] {processor.py:186} INFO - Started process (PID=4947) to work on /home/ubuntu/airflow-venv/lib/python3.12/site-packages/airflow/example_dags/example_branch_operator.py
[2024-11-14T07:54:17.679+0000] {processor.py:914} INFO - Processing file /home/ubuntu/airflow-venv/lib/python3.12/site-packages/airflow/example_dags/example_branch_operator.py for tasks to queue
[2024-11-14T07:54:17.680+0000] {logging_mixin.py:190} INFO - [2024-11-14T07:54:17.680+0000] {dagbag.py:588} INFO - Filling up the DagBag from /home/ubuntu/airflow-venv/lib/python3.12/site-packages/airflow/example_dags/example_branch_operator.py
[2024-11-14T07:54:17.684+0000] {processor.py:927} WARNING - No viable dags retrieved from /home/ubuntu/airflow-venv/lib/python3.12/site-packages/airflow/example_dags/example_branch_operator.py
[2024-11-14T07:54:17.697+0000] {processor.py:208} INFO - Processing /home/ubuntu/airflow-venv/lib/python3.12/site-packages/airflow/example_dags/example_branch_operator.py took 0.035 seconds
[2024-11-14T07:55:17.501+0000] {processor.py:186} INFO - Started process (PID=5009) to work on /home/ubuntu/airflow-venv/lib/python3.12/site-packages/airflow/example_dags/example_branch_operator.py
[2024-11-14T07:55:17.503+0000] {processor.py:914} INFO - Processing file /home/ubuntu/airflow-venv/lib/python3.12/site-packages/airflow/example_dags/example_branch_operator.py for tasks to queue
[2024-11-14T07:55:17.505+0000] {logging_mixin.py:190} INFO - [2024-11-14T07:55:17.504+0000] {dagbag.py:588} INFO - Filling up the DagBag from /home/ubuntu/airflow-venv/lib/python3.12/site-packages/airflow/example_dags/example_branch_operator.py
[2024-11-14T07:55:17.508+0000] {processor.py:927} WARNING - No viable dags retrieved from /home/ubuntu/airflow-venv/lib/python3.12/site-packages/airflow/example_dags/example_branch_operator.py
[2024-11-14T07:55:17.522+0000] {processor.py:208} INFO - Processing /home/ubuntu/airflow-venv/lib/python3.12/site-packages/airflow/example_dags/example_branch_operator.py took 0.028 seconds
[2024-11-14T07:56:19.560+0000] {processor.py:186} INFO - Started process (PID=5070) to work on /home/ubuntu/airflow-venv/lib/python3.12/site-packages/airflow/example_dags/example_branch_operator.py
[2024-11-14T07:56:19.561+0000] {processor.py:914} INFO - Processing file /home/ubuntu/airflow-venv/lib/python3.12/site-packages/airflow/example_dags/example_branch_operator.py for tasks to queue
[2024-11-14T07:56:19.563+0000] {logging_mixin.py:190} INFO - [2024-11-14T07:56:19.562+0000] {dagbag.py:588} INFO - Filling up the DagBag from /home/ubuntu/airflow-venv/lib/python3.12/site-packages/airflow/example_dags/example_branch_operator.py
[2024-11-14T07:56:19.567+0000] {processor.py:927} WARNING - No viable dags retrieved from /home/ubuntu/airflow-venv/lib/python3.12/site-packages/airflow/example_dags/example_branch_operator.py
[2024-11-14T07:56:19.580+0000] {processor.py:208} INFO - Processing /home/ubuntu/airflow-venv/lib/python3.12/site-packages/airflow/example_dags/example_branch_operator.py took 0.027 seconds
[2024-11-14T07:57:19.073+0000] {processor.py:186} INFO - Started process (PID=5133) to work on /home/ubuntu/airflow-venv/lib/python3.12/site-packages/airflow/example_dags/example_branch_operator.py
[2024-11-14T07:57:19.075+0000] {processor.py:914} INFO - Processing file /home/ubuntu/airflow-venv/lib/python3.12/site-packages/airflow/example_dags/example_branch_operator.py for tasks to queue
[2024-11-14T07:57:19.076+0000] {logging_mixin.py:190} INFO - [2024-11-14T07:57:19.076+0000] {dagbag.py:588} INFO - Filling up the DagBag from /home/ubuntu/airflow-venv/lib/python3.12/site-packages/airflow/example_dags/example_branch_operator.py
[2024-11-14T07:57:19.079+0000] {processor.py:927} WARNING - No viable dags retrieved from /home/ubuntu/airflow-venv/lib/python3.12/site-packages/airflow/example_dags/example_branch_operator.py
[2024-11-14T07:57:19.093+0000] {processor.py:208} INFO - Processing /home/ubuntu/airflow-venv/lib/python3.12/site-packages/airflow/example_dags/example_branch_operator.py took 0.027 seconds
[2024-11-14T07:58:19.681+0000] {processor.py:186} INFO - Started process (PID=5193) to work on /home/ubuntu/airflow-venv/lib/python3.12/site-packages/airflow/example_dags/example_branch_operator.py
[2024-11-14T07:58:19.683+0000] {processor.py:914} INFO - Processing file /home/ubuntu/airflow-venv/lib/python3.12/site-packages/airflow/example_dags/example_branch_operator.py for tasks to queue
[2024-11-14T07:58:19.684+0000] {logging_mixin.py:190} INFO - [2024-11-14T07:58:19.683+0000] {dagbag.py:588} INFO - Filling up the DagBag from /home/ubuntu/airflow-venv/lib/python3.12/site-packages/airflow/example_dags/example_branch_operator.py
[2024-11-14T07:58:19.687+0000] {processor.py:927} WARNING - No viable dags retrieved from /home/ubuntu/airflow-venv/lib/python3.12/site-packages/airflow/example_dags/example_branch_operator.py
[2024-11-14T07:58:19.699+0000] {processor.py:208} INFO - Processing /home/ubuntu/airflow-venv/lib/python3.12/site-packages/airflow/example_dags/example_branch_operator.py took 0.024 seconds
[2024-11-14T07:59:19.551+0000] {processor.py:186} INFO - Started process (PID=5252) to work on /home/ubuntu/airflow-venv/lib/python3.12/site-packages/airflow/example_dags/example_branch_operator.py
[2024-11-14T07:59:19.553+0000] {processor.py:914} INFO - Processing file /home/ubuntu/airflow-venv/lib/python3.12/site-packages/airflow/example_dags/example_branch_operator.py for tasks to queue
[2024-11-14T07:59:19.556+0000] {logging_mixin.py:190} INFO - [2024-11-14T07:59:19.554+0000] {dagbag.py:588} INFO - Filling up the DagBag from /home/ubuntu/airflow-venv/lib/python3.12/site-packages/airflow/example_dags/example_branch_operator.py
[2024-11-14T07:59:19.561+0000] {processor.py:927} WARNING - No viable dags retrieved from /home/ubuntu/airflow-venv/lib/python3.12/site-packages/airflow/example_dags/example_branch_operator.py
[2024-11-14T07:59:19.581+0000] {processor.py:208} INFO - Processing /home/ubuntu/airflow-venv/lib/python3.12/site-packages/airflow/example_dags/example_branch_operator.py took 0.047 seconds
[2024-11-14T08:00:19.424+0000] {processor.py:186} INFO - Started process (PID=5315) to work on /home/ubuntu/airflow-venv/lib/python3.12/site-packages/airflow/example_dags/example_branch_operator.py
[2024-11-14T08:00:19.426+0000] {processor.py:914} INFO - Processing file /home/ubuntu/airflow-venv/lib/python3.12/site-packages/airflow/example_dags/example_branch_operator.py for tasks to queue
[2024-11-14T08:00:19.427+0000] {logging_mixin.py:190} INFO - [2024-11-14T08:00:19.427+0000] {dagbag.py:588} INFO - Filling up the DagBag from /home/ubuntu/airflow-venv/lib/python3.12/site-packages/airflow/example_dags/example_branch_operator.py
[2024-11-14T08:00:19.430+0000] {processor.py:927} WARNING - No viable dags retrieved from /home/ubuntu/airflow-venv/lib/python3.12/site-packages/airflow/example_dags/example_branch_operator.py
[2024-11-14T08:00:19.443+0000] {processor.py:208} INFO - Processing /home/ubuntu/airflow-venv/lib/python3.12/site-packages/airflow/example_dags/example_branch_operator.py took 0.026 seconds
[2024-11-14T08:01:19.333+0000] {processor.py:186} INFO - Started process (PID=5379) to work on /home/ubuntu/airflow-venv/lib/python3.12/site-packages/airflow/example_dags/example_branch_operator.py
[2024-11-14T08:01:19.336+0000] {processor.py:914} INFO - Processing file /home/ubuntu/airflow-venv/lib/python3.12/site-packages/airflow/example_dags/example_branch_operator.py for tasks to queue
[2024-11-14T08:01:19.338+0000] {logging_mixin.py:190} INFO - [2024-11-14T08:01:19.337+0000] {dagbag.py:588} INFO - Filling up the DagBag from /home/ubuntu/airflow-venv/lib/python3.12/site-packages/airflow/example_dags/example_branch_operator.py
[2024-11-14T08:01:19.342+0000] {processor.py:927} WARNING - No viable dags retrieved from /home/ubuntu/airflow-venv/lib/python3.12/site-packages/airflow/example_dags/example_branch_operator.py
[2024-11-14T08:01:19.359+0000] {processor.py:208} INFO - Processing /home/ubuntu/airflow-venv/lib/python3.12/site-packages/airflow/example_dags/example_branch_operator.py took 0.035 seconds
[2024-11-14T08:02:19.376+0000] {processor.py:186} INFO - Started process (PID=5439) to work on /home/ubuntu/airflow-venv/lib/python3.12/site-packages/airflow/example_dags/example_branch_operator.py
[2024-11-14T08:02:19.378+0000] {processor.py:914} INFO - Processing file /home/ubuntu/airflow-venv/lib/python3.12/site-packages/airflow/example_dags/example_branch_operator.py for tasks to queue
[2024-11-14T08:02:19.379+0000] {logging_mixin.py:190} INFO - [2024-11-14T08:02:19.379+0000] {dagbag.py:588} INFO - Filling up the DagBag from /home/ubuntu/airflow-venv/lib/python3.12/site-packages/airflow/example_dags/example_branch_operator.py
[2024-11-14T08:02:19.383+0000] {processor.py:927} WARNING - No viable dags retrieved from /home/ubuntu/airflow-venv/lib/python3.12/site-packages/airflow/example_dags/example_branch_operator.py
[2024-11-14T08:02:19.395+0000] {processor.py:208} INFO - Processing /home/ubuntu/airflow-venv/lib/python3.12/site-packages/airflow/example_dags/example_branch_operator.py took 0.025 seconds
