[2024-11-14T07:41:08.881+0000] {processor.py:186} INFO - Started process (PID=3712) to work on /home/ubuntu/airflow-venv/lib/python3.12/site-packages/airflow/example_dags/example_display_name.py
[2024-11-14T07:41:08.882+0000] {processor.py:914} INFO - Processing file /home/ubuntu/airflow-venv/lib/python3.12/site-packages/airflow/example_dags/example_display_name.py for tasks to queue
[2024-11-14T07:41:08.885+0000] {logging_mixin.py:190} INFO - [2024-11-14T07:41:08.884+0000] {dagbag.py:588} INFO - Filling up the DagBag from /home/ubuntu/airflow-venv/lib/python3.12/site-packages/airflow/example_dags/example_display_name.py
[2024-11-14T07:41:08.893+0000] {processor.py:925} INFO - DAG(s) 'example_display_name' retrieved from /home/ubuntu/airflow-venv/lib/python3.12/site-packages/airflow/example_dags/example_display_name.py
[2024-11-14T07:41:09.026+0000] {logging_mixin.py:190} INFO - [2024-11-14T07:41:09.025+0000] {override.py:1911} INFO - Created Permission View: can delete on DAG:example_display_name
[2024-11-14T07:41:09.039+0000] {logging_mixin.py:190} INFO - [2024-11-14T07:41:09.039+0000] {override.py:1911} INFO - Created Permission View: can read on DAG:example_display_name
[2024-11-14T07:41:09.049+0000] {logging_mixin.py:190} INFO - [2024-11-14T07:41:09.049+0000] {override.py:1911} INFO - Created Permission View: can edit on DAG:example_display_name
[2024-11-14T07:41:09.067+0000] {logging_mixin.py:190} INFO - [2024-11-14T07:41:09.067+0000] {override.py:1911} INFO - Created Permission View: can delete on DAG Run:example_display_name
[2024-11-14T07:41:09.077+0000] {logging_mixin.py:190} INFO - [2024-11-14T07:41:09.077+0000] {override.py:1911} INFO - Created Permission View: can create on DAG Run:example_display_name
[2024-11-14T07:41:09.088+0000] {logging_mixin.py:190} INFO - [2024-11-14T07:41:09.088+0000] {override.py:1911} INFO - Created Permission View: can read on DAG Run:example_display_name
[2024-11-14T07:41:09.098+0000] {logging_mixin.py:190} INFO - [2024-11-14T07:41:09.098+0000] {override.py:1911} INFO - Created Permission View: menu access on DAG Run:example_display_name
[2024-11-14T07:41:09.098+0000] {logging_mixin.py:190} INFO - [2024-11-14T07:41:09.098+0000] {dag.py:3239} INFO - Sync 1 DAGs
[2024-11-14T07:41:09.111+0000] {logging_mixin.py:190} INFO - [2024-11-14T07:41:09.110+0000] {dag.py:3262} INFO - Creating ORM DAG for example_display_name
[2024-11-14T07:41:09.111+0000] {logging_mixin.py:190} INFO - [2024-11-14T07:41:09.111+0000] {dag.py:4180} INFO - Setting next_dagrun for example_display_name to None, run_after=None
[2024-11-14T07:41:09.135+0000] {processor.py:208} INFO - Processing /home/ubuntu/airflow-venv/lib/python3.12/site-packages/airflow/example_dags/example_display_name.py took 0.259 seconds
[2024-11-14T07:42:19.382+0000] {processor.py:186} INFO - Started process (PID=3775) to work on /home/ubuntu/airflow-venv/lib/python3.12/site-packages/airflow/example_dags/example_display_name.py
[2024-11-14T07:42:19.383+0000] {processor.py:914} INFO - Processing file /home/ubuntu/airflow-venv/lib/python3.12/site-packages/airflow/example_dags/example_display_name.py for tasks to queue
[2024-11-14T07:42:19.386+0000] {logging_mixin.py:190} INFO - [2024-11-14T07:42:19.385+0000] {dagbag.py:588} INFO - Filling up the DagBag from /home/ubuntu/airflow-venv/lib/python3.12/site-packages/airflow/example_dags/example_display_name.py
[2024-11-14T07:42:19.395+0000] {processor.py:925} INFO - DAG(s) 'example_display_name' retrieved from /home/ubuntu/airflow-venv/lib/python3.12/site-packages/airflow/example_dags/example_display_name.py
[2024-11-14T07:42:19.414+0000] {logging_mixin.py:190} INFO - [2024-11-14T07:42:19.414+0000] {dag.py:3239} INFO - Sync 1 DAGs
[2024-11-14T07:42:19.428+0000] {logging_mixin.py:190} INFO - [2024-11-14T07:42:19.428+0000] {dag.py:4180} INFO - Setting next_dagrun for example_display_name to None, run_after=None
[2024-11-14T07:42:19.454+0000] {processor.py:208} INFO - Processing /home/ubuntu/airflow-venv/lib/python3.12/site-packages/airflow/example_dags/example_display_name.py took 0.078 seconds
[2024-11-14T07:43:15.175+0000] {processor.py:186} INFO - Started process (PID=3833) to work on /home/ubuntu/airflow-venv/lib/python3.12/site-packages/airflow/example_dags/example_display_name.py
[2024-11-14T07:43:15.177+0000] {processor.py:914} INFO - Processing file /home/ubuntu/airflow-venv/lib/python3.12/site-packages/airflow/example_dags/example_display_name.py for tasks to queue
[2024-11-14T07:43:15.179+0000] {logging_mixin.py:190} INFO - [2024-11-14T07:43:15.179+0000] {dagbag.py:588} INFO - Filling up the DagBag from /home/ubuntu/airflow-venv/lib/python3.12/site-packages/airflow/example_dags/example_display_name.py
[2024-11-14T07:43:15.189+0000] {processor.py:925} INFO - DAG(s) 'example_display_name' retrieved from /home/ubuntu/airflow-venv/lib/python3.12/site-packages/airflow/example_dags/example_display_name.py
[2024-11-14T07:43:15.206+0000] {logging_mixin.py:190} INFO - [2024-11-14T07:43:15.206+0000] {dag.py:3239} INFO - Sync 1 DAGs
[2024-11-14T07:43:15.220+0000] {logging_mixin.py:190} INFO - [2024-11-14T07:43:15.220+0000] {dag.py:4180} INFO - Setting next_dagrun for example_display_name to None, run_after=None
[2024-11-14T07:43:15.245+0000] {processor.py:208} INFO - Processing /home/ubuntu/airflow-venv/lib/python3.12/site-packages/airflow/example_dags/example_display_name.py took 0.076 seconds
[2024-11-14T07:44:13.658+0000] {processor.py:186} INFO - Started process (PID=3890) to work on /home/ubuntu/airflow-venv/lib/python3.12/site-packages/airflow/example_dags/example_display_name.py
[2024-11-14T07:44:13.659+0000] {processor.py:914} INFO - Processing file /home/ubuntu/airflow-venv/lib/python3.12/site-packages/airflow/example_dags/example_display_name.py for tasks to queue
[2024-11-14T07:44:13.662+0000] {logging_mixin.py:190} INFO - [2024-11-14T07:44:13.661+0000] {dagbag.py:588} INFO - Filling up the DagBag from /home/ubuntu/airflow-venv/lib/python3.12/site-packages/airflow/example_dags/example_display_name.py
[2024-11-14T07:44:13.673+0000] {processor.py:925} INFO - DAG(s) 'example_display_name' retrieved from /home/ubuntu/airflow-venv/lib/python3.12/site-packages/airflow/example_dags/example_display_name.py
[2024-11-14T07:44:13.690+0000] {logging_mixin.py:190} INFO - [2024-11-14T07:44:13.690+0000] {dag.py:3239} INFO - Sync 1 DAGs
[2024-11-14T07:44:13.703+0000] {logging_mixin.py:190} INFO - [2024-11-14T07:44:13.703+0000] {dag.py:4180} INFO - Setting next_dagrun for example_display_name to None, run_after=None
[2024-11-14T07:44:13.726+0000] {processor.py:208} INFO - Processing /home/ubuntu/airflow-venv/lib/python3.12/site-packages/airflow/example_dags/example_display_name.py took 0.075 seconds
[2024-11-14T07:45:11.981+0000] {processor.py:186} INFO - Started process (PID=3950) to work on /home/ubuntu/airflow-venv/lib/python3.12/site-packages/airflow/example_dags/example_display_name.py
[2024-11-14T07:45:11.983+0000] {processor.py:914} INFO - Processing file /home/ubuntu/airflow-venv/lib/python3.12/site-packages/airflow/example_dags/example_display_name.py for tasks to queue
[2024-11-14T07:45:11.985+0000] {logging_mixin.py:190} INFO - [2024-11-14T07:45:11.985+0000] {dagbag.py:588} INFO - Filling up the DagBag from /home/ubuntu/airflow-venv/lib/python3.12/site-packages/airflow/example_dags/example_display_name.py
[2024-11-14T07:45:11.998+0000] {processor.py:925} INFO - DAG(s) 'example_display_name' retrieved from /home/ubuntu/airflow-venv/lib/python3.12/site-packages/airflow/example_dags/example_display_name.py
[2024-11-14T07:45:12.019+0000] {logging_mixin.py:190} INFO - [2024-11-14T07:45:12.019+0000] {dag.py:3239} INFO - Sync 1 DAGs
[2024-11-14T07:45:12.034+0000] {logging_mixin.py:190} INFO - [2024-11-14T07:45:12.033+0000] {dag.py:4180} INFO - Setting next_dagrun for example_display_name to None, run_after=None
[2024-11-14T07:45:12.060+0000] {processor.py:208} INFO - Processing /home/ubuntu/airflow-venv/lib/python3.12/site-packages/airflow/example_dags/example_display_name.py took 0.088 seconds
[2024-11-14T07:46:06.147+0000] {processor.py:186} INFO - Started process (PID=4009) to work on /home/ubuntu/airflow-venv/lib/python3.12/site-packages/airflow/example_dags/example_display_name.py
[2024-11-14T07:46:06.148+0000] {processor.py:914} INFO - Processing file /home/ubuntu/airflow-venv/lib/python3.12/site-packages/airflow/example_dags/example_display_name.py for tasks to queue
[2024-11-14T07:46:06.150+0000] {logging_mixin.py:190} INFO - [2024-11-14T07:46:06.150+0000] {dagbag.py:588} INFO - Filling up the DagBag from /home/ubuntu/airflow-venv/lib/python3.12/site-packages/airflow/example_dags/example_display_name.py
[2024-11-14T07:46:06.160+0000] {processor.py:925} INFO - DAG(s) 'example_display_name' retrieved from /home/ubuntu/airflow-venv/lib/python3.12/site-packages/airflow/example_dags/example_display_name.py
[2024-11-14T07:46:06.180+0000] {logging_mixin.py:190} INFO - [2024-11-14T07:46:06.179+0000] {dag.py:3239} INFO - Sync 1 DAGs
[2024-11-14T07:46:06.194+0000] {logging_mixin.py:190} INFO - [2024-11-14T07:46:06.193+0000] {dag.py:4180} INFO - Setting next_dagrun for example_display_name to None, run_after=None
[2024-11-14T07:46:06.223+0000] {processor.py:208} INFO - Processing /home/ubuntu/airflow-venv/lib/python3.12/site-packages/airflow/example_dags/example_display_name.py took 0.083 seconds
[2024-11-14T07:46:59.214+0000] {processor.py:186} INFO - Started process (PID=4067) to work on /home/ubuntu/airflow-venv/lib/python3.12/site-packages/airflow/example_dags/example_display_name.py
[2024-11-14T07:46:59.216+0000] {processor.py:914} INFO - Processing file /home/ubuntu/airflow-venv/lib/python3.12/site-packages/airflow/example_dags/example_display_name.py for tasks to queue
[2024-11-14T07:46:59.219+0000] {logging_mixin.py:190} INFO - [2024-11-14T07:46:59.219+0000] {dagbag.py:588} INFO - Filling up the DagBag from /home/ubuntu/airflow-venv/lib/python3.12/site-packages/airflow/example_dags/example_display_name.py
[2024-11-14T07:46:59.230+0000] {processor.py:925} INFO - DAG(s) 'example_display_name' retrieved from /home/ubuntu/airflow-venv/lib/python3.12/site-packages/airflow/example_dags/example_display_name.py
[2024-11-14T07:46:59.249+0000] {logging_mixin.py:190} INFO - [2024-11-14T07:46:59.248+0000] {dag.py:3239} INFO - Sync 1 DAGs
[2024-11-14T07:46:59.269+0000] {logging_mixin.py:190} INFO - [2024-11-14T07:46:59.269+0000] {dag.py:4180} INFO - Setting next_dagrun for example_display_name to None, run_after=None
[2024-11-14T07:46:59.322+0000] {processor.py:208} INFO - Processing /home/ubuntu/airflow-venv/lib/python3.12/site-packages/airflow/example_dags/example_display_name.py took 0.116 seconds
[2024-11-14T07:47:55.844+0000] {processor.py:186} INFO - Started process (PID=4282) to work on /home/ubuntu/airflow-venv/lib/python3.12/site-packages/airflow/example_dags/example_display_name.py
[2024-11-14T07:47:55.846+0000] {processor.py:914} INFO - Processing file /home/ubuntu/airflow-venv/lib/python3.12/site-packages/airflow/example_dags/example_display_name.py for tasks to queue
[2024-11-14T07:47:55.849+0000] {logging_mixin.py:190} INFO - [2024-11-14T07:47:55.848+0000] {dagbag.py:588} INFO - Filling up the DagBag from /home/ubuntu/airflow-venv/lib/python3.12/site-packages/airflow/example_dags/example_display_name.py
[2024-11-14T07:47:55.861+0000] {processor.py:925} INFO - DAG(s) 'example_display_name' retrieved from /home/ubuntu/airflow-venv/lib/python3.12/site-packages/airflow/example_dags/example_display_name.py
[2024-11-14T07:47:55.882+0000] {logging_mixin.py:190} INFO - [2024-11-14T07:47:55.882+0000] {dag.py:3239} INFO - Sync 1 DAGs
[2024-11-14T07:47:55.896+0000] {logging_mixin.py:190} INFO - [2024-11-14T07:47:55.896+0000] {dag.py:4180} INFO - Setting next_dagrun for example_display_name to None, run_after=None
[2024-11-14T07:47:55.920+0000] {processor.py:208} INFO - Processing /home/ubuntu/airflow-venv/lib/python3.12/site-packages/airflow/example_dags/example_display_name.py took 0.087 seconds
[2024-11-14T07:49:01.524+0000] {processor.py:186} INFO - Started process (PID=4628) to work on /home/ubuntu/airflow-venv/lib/python3.12/site-packages/airflow/example_dags/example_display_name.py
[2024-11-14T07:49:01.527+0000] {processor.py:914} INFO - Processing file /home/ubuntu/airflow-venv/lib/python3.12/site-packages/airflow/example_dags/example_display_name.py for tasks to queue
[2024-11-14T07:49:01.532+0000] {logging_mixin.py:190} INFO - [2024-11-14T07:49:01.531+0000] {dagbag.py:588} INFO - Filling up the DagBag from /home/ubuntu/airflow-venv/lib/python3.12/site-packages/airflow/example_dags/example_display_name.py
[2024-11-14T07:49:01.554+0000] {processor.py:925} INFO - DAG(s) 'example_display_name' retrieved from /home/ubuntu/airflow-venv/lib/python3.12/site-packages/airflow/example_dags/example_display_name.py
[2024-11-14T07:49:01.579+0000] {logging_mixin.py:190} INFO - [2024-11-14T07:49:01.579+0000] {dag.py:3239} INFO - Sync 1 DAGs
[2024-11-14T07:49:01.598+0000] {logging_mixin.py:190} INFO - [2024-11-14T07:49:01.598+0000] {dag.py:4180} INFO - Setting next_dagrun for example_display_name to None, run_after=None
[2024-11-14T07:49:01.642+0000] {processor.py:208} INFO - Processing /home/ubuntu/airflow-venv/lib/python3.12/site-packages/airflow/example_dags/example_display_name.py took 0.126 seconds
[2024-11-14T07:50:01.853+0000] {processor.py:186} INFO - Started process (PID=4688) to work on /home/ubuntu/airflow-venv/lib/python3.12/site-packages/airflow/example_dags/example_display_name.py
[2024-11-14T07:50:01.855+0000] {processor.py:914} INFO - Processing file /home/ubuntu/airflow-venv/lib/python3.12/site-packages/airflow/example_dags/example_display_name.py for tasks to queue
[2024-11-14T07:50:01.858+0000] {logging_mixin.py:190} INFO - [2024-11-14T07:50:01.857+0000] {dagbag.py:588} INFO - Filling up the DagBag from /home/ubuntu/airflow-venv/lib/python3.12/site-packages/airflow/example_dags/example_display_name.py
[2024-11-14T07:50:01.867+0000] {processor.py:925} INFO - DAG(s) 'example_display_name' retrieved from /home/ubuntu/airflow-venv/lib/python3.12/site-packages/airflow/example_dags/example_display_name.py
[2024-11-14T07:50:01.888+0000] {logging_mixin.py:190} INFO - [2024-11-14T07:50:01.888+0000] {dag.py:3239} INFO - Sync 1 DAGs
[2024-11-14T07:50:01.915+0000] {logging_mixin.py:190} INFO - [2024-11-14T07:50:01.915+0000] {dag.py:4180} INFO - Setting next_dagrun for example_display_name to None, run_after=None
[2024-11-14T07:50:01.974+0000] {processor.py:208} INFO - Processing /home/ubuntu/airflow-venv/lib/python3.12/site-packages/airflow/example_dags/example_display_name.py took 0.129 seconds
[2024-11-14T07:51:06.659+0000] {processor.py:186} INFO - Started process (PID=4754) to work on /home/ubuntu/airflow-venv/lib/python3.12/site-packages/airflow/example_dags/example_display_name.py
[2024-11-14T07:51:06.662+0000] {processor.py:914} INFO - Processing file /home/ubuntu/airflow-venv/lib/python3.12/site-packages/airflow/example_dags/example_display_name.py for tasks to queue
[2024-11-14T07:51:06.669+0000] {logging_mixin.py:190} INFO - [2024-11-14T07:51:06.668+0000] {dagbag.py:588} INFO - Filling up the DagBag from /home/ubuntu/airflow-venv/lib/python3.12/site-packages/airflow/example_dags/example_display_name.py
[2024-11-14T07:51:06.687+0000] {processor.py:925} INFO - DAG(s) 'example_display_name' retrieved from /home/ubuntu/airflow-venv/lib/python3.12/site-packages/airflow/example_dags/example_display_name.py
[2024-11-14T07:51:06.708+0000] {logging_mixin.py:190} INFO - [2024-11-14T07:51:06.708+0000] {dag.py:3239} INFO - Sync 1 DAGs
[2024-11-14T07:51:06.723+0000] {logging_mixin.py:190} INFO - [2024-11-14T07:51:06.722+0000] {dag.py:4180} INFO - Setting next_dagrun for example_display_name to None, run_after=None
[2024-11-14T07:51:06.747+0000] {processor.py:208} INFO - Processing /home/ubuntu/airflow-venv/lib/python3.12/site-packages/airflow/example_dags/example_display_name.py took 0.099 seconds
[2024-11-14T07:52:08.585+0000] {processor.py:186} INFO - Started process (PID=4814) to work on /home/ubuntu/airflow-venv/lib/python3.12/site-packages/airflow/example_dags/example_display_name.py
[2024-11-14T07:52:08.587+0000] {processor.py:914} INFO - Processing file /home/ubuntu/airflow-venv/lib/python3.12/site-packages/airflow/example_dags/example_display_name.py for tasks to queue
[2024-11-14T07:52:08.588+0000] {logging_mixin.py:190} INFO - [2024-11-14T07:52:08.588+0000] {dagbag.py:588} INFO - Filling up the DagBag from /home/ubuntu/airflow-venv/lib/python3.12/site-packages/airflow/example_dags/example_display_name.py
[2024-11-14T07:52:08.599+0000] {processor.py:925} INFO - DAG(s) 'example_display_name' retrieved from /home/ubuntu/airflow-venv/lib/python3.12/site-packages/airflow/example_dags/example_display_name.py
[2024-11-14T07:52:08.617+0000] {logging_mixin.py:190} INFO - [2024-11-14T07:52:08.616+0000] {dag.py:3239} INFO - Sync 1 DAGs
[2024-11-14T07:52:08.630+0000] {logging_mixin.py:190} INFO - [2024-11-14T07:52:08.630+0000] {dag.py:4180} INFO - Setting next_dagrun for example_display_name to None, run_after=None
[2024-11-14T07:52:08.660+0000] {processor.py:208} INFO - Processing /home/ubuntu/airflow-venv/lib/python3.12/site-packages/airflow/example_dags/example_display_name.py took 0.081 seconds
[2024-11-14T07:53:06.285+0000] {processor.py:186} INFO - Started process (PID=4874) to work on /home/ubuntu/airflow-venv/lib/python3.12/site-packages/airflow/example_dags/example_display_name.py
[2024-11-14T07:53:06.286+0000] {processor.py:914} INFO - Processing file /home/ubuntu/airflow-venv/lib/python3.12/site-packages/airflow/example_dags/example_display_name.py for tasks to queue
[2024-11-14T07:53:06.288+0000] {logging_mixin.py:190} INFO - [2024-11-14T07:53:06.287+0000] {dagbag.py:588} INFO - Filling up the DagBag from /home/ubuntu/airflow-venv/lib/python3.12/site-packages/airflow/example_dags/example_display_name.py
[2024-11-14T07:53:06.297+0000] {processor.py:925} INFO - DAG(s) 'example_display_name' retrieved from /home/ubuntu/airflow-venv/lib/python3.12/site-packages/airflow/example_dags/example_display_name.py
[2024-11-14T07:53:06.314+0000] {logging_mixin.py:190} INFO - [2024-11-14T07:53:06.313+0000] {dag.py:3239} INFO - Sync 1 DAGs
[2024-11-14T07:53:06.327+0000] {logging_mixin.py:190} INFO - [2024-11-14T07:53:06.327+0000] {dag.py:4180} INFO - Setting next_dagrun for example_display_name to None, run_after=None
[2024-11-14T07:53:06.350+0000] {processor.py:208} INFO - Processing /home/ubuntu/airflow-venv/lib/python3.12/site-packages/airflow/example_dags/example_display_name.py took 0.071 seconds
[2024-11-14T07:54:04.968+0000] {processor.py:186} INFO - Started process (PID=4935) to work on /home/ubuntu/airflow-venv/lib/python3.12/site-packages/airflow/example_dags/example_display_name.py
[2024-11-14T07:54:04.970+0000] {processor.py:914} INFO - Processing file /home/ubuntu/airflow-venv/lib/python3.12/site-packages/airflow/example_dags/example_display_name.py for tasks to queue
[2024-11-14T07:54:04.971+0000] {logging_mixin.py:190} INFO - [2024-11-14T07:54:04.971+0000] {dagbag.py:588} INFO - Filling up the DagBag from /home/ubuntu/airflow-venv/lib/python3.12/site-packages/airflow/example_dags/example_display_name.py
[2024-11-14T07:54:04.980+0000] {processor.py:925} INFO - DAG(s) 'example_display_name' retrieved from /home/ubuntu/airflow-venv/lib/python3.12/site-packages/airflow/example_dags/example_display_name.py
[2024-11-14T07:54:04.997+0000] {logging_mixin.py:190} INFO - [2024-11-14T07:54:04.997+0000] {dag.py:3239} INFO - Sync 1 DAGs
[2024-11-14T07:54:05.011+0000] {logging_mixin.py:190} INFO - [2024-11-14T07:54:05.010+0000] {dag.py:4180} INFO - Setting next_dagrun for example_display_name to None, run_after=None
[2024-11-14T07:54:05.034+0000] {processor.py:208} INFO - Processing /home/ubuntu/airflow-venv/lib/python3.12/site-packages/airflow/example_dags/example_display_name.py took 0.072 seconds
[2024-11-14T07:55:04.992+0000] {processor.py:186} INFO - Started process (PID=4997) to work on /home/ubuntu/airflow-venv/lib/python3.12/site-packages/airflow/example_dags/example_display_name.py
[2024-11-14T07:55:04.998+0000] {processor.py:914} INFO - Processing file /home/ubuntu/airflow-venv/lib/python3.12/site-packages/airflow/example_dags/example_display_name.py for tasks to queue
[2024-11-14T07:55:05.001+0000] {logging_mixin.py:190} INFO - [2024-11-14T07:55:05.000+0000] {dagbag.py:588} INFO - Filling up the DagBag from /home/ubuntu/airflow-venv/lib/python3.12/site-packages/airflow/example_dags/example_display_name.py
[2024-11-14T07:55:05.020+0000] {processor.py:925} INFO - DAG(s) 'example_display_name' retrieved from /home/ubuntu/airflow-venv/lib/python3.12/site-packages/airflow/example_dags/example_display_name.py
[2024-11-14T07:55:05.040+0000] {logging_mixin.py:190} INFO - [2024-11-14T07:55:05.040+0000] {dag.py:3239} INFO - Sync 1 DAGs
[2024-11-14T07:55:05.063+0000] {logging_mixin.py:190} INFO - [2024-11-14T07:55:05.063+0000] {dag.py:4180} INFO - Setting next_dagrun for example_display_name to None, run_after=None
[2024-11-14T07:55:05.089+0000] {processor.py:208} INFO - Processing /home/ubuntu/airflow-venv/lib/python3.12/site-packages/airflow/example_dags/example_display_name.py took 0.108 seconds
[2024-11-14T07:56:07.345+0000] {processor.py:186} INFO - Started process (PID=5058) to work on /home/ubuntu/airflow-venv/lib/python3.12/site-packages/airflow/example_dags/example_display_name.py
[2024-11-14T07:56:07.346+0000] {processor.py:914} INFO - Processing file /home/ubuntu/airflow-venv/lib/python3.12/site-packages/airflow/example_dags/example_display_name.py for tasks to queue
[2024-11-14T07:56:07.347+0000] {logging_mixin.py:190} INFO - [2024-11-14T07:56:07.347+0000] {dagbag.py:588} INFO - Filling up the DagBag from /home/ubuntu/airflow-venv/lib/python3.12/site-packages/airflow/example_dags/example_display_name.py
[2024-11-14T07:56:07.357+0000] {processor.py:925} INFO - DAG(s) 'example_display_name' retrieved from /home/ubuntu/airflow-venv/lib/python3.12/site-packages/airflow/example_dags/example_display_name.py
[2024-11-14T07:56:07.374+0000] {logging_mixin.py:190} INFO - [2024-11-14T07:56:07.373+0000] {dag.py:3239} INFO - Sync 1 DAGs
[2024-11-14T07:56:07.388+0000] {logging_mixin.py:190} INFO - [2024-11-14T07:56:07.388+0000] {dag.py:4180} INFO - Setting next_dagrun for example_display_name to None, run_after=None
[2024-11-14T07:56:07.420+0000] {processor.py:208} INFO - Processing /home/ubuntu/airflow-venv/lib/python3.12/site-packages/airflow/example_dags/example_display_name.py took 0.082 seconds
[2024-11-14T07:57:06.333+0000] {processor.py:186} INFO - Started process (PID=5120) to work on /home/ubuntu/airflow-venv/lib/python3.12/site-packages/airflow/example_dags/example_display_name.py
[2024-11-14T07:57:06.335+0000] {processor.py:914} INFO - Processing file /home/ubuntu/airflow-venv/lib/python3.12/site-packages/airflow/example_dags/example_display_name.py for tasks to queue
[2024-11-14T07:57:06.336+0000] {logging_mixin.py:190} INFO - [2024-11-14T07:57:06.336+0000] {dagbag.py:588} INFO - Filling up the DagBag from /home/ubuntu/airflow-venv/lib/python3.12/site-packages/airflow/example_dags/example_display_name.py
[2024-11-14T07:57:06.345+0000] {processor.py:925} INFO - DAG(s) 'example_display_name' retrieved from /home/ubuntu/airflow-venv/lib/python3.12/site-packages/airflow/example_dags/example_display_name.py
[2024-11-14T07:57:06.362+0000] {logging_mixin.py:190} INFO - [2024-11-14T07:57:06.362+0000] {dag.py:3239} INFO - Sync 1 DAGs
[2024-11-14T07:57:06.378+0000] {logging_mixin.py:190} INFO - [2024-11-14T07:57:06.378+0000] {dag.py:4180} INFO - Setting next_dagrun for example_display_name to None, run_after=None
[2024-11-14T07:57:06.408+0000] {processor.py:208} INFO - Processing /home/ubuntu/airflow-venv/lib/python3.12/site-packages/airflow/example_dags/example_display_name.py took 0.081 seconds
[2024-11-14T07:58:05.785+0000] {processor.py:186} INFO - Started process (PID=5181) to work on /home/ubuntu/airflow-venv/lib/python3.12/site-packages/airflow/example_dags/example_display_name.py
[2024-11-14T07:58:05.787+0000] {processor.py:914} INFO - Processing file /home/ubuntu/airflow-venv/lib/python3.12/site-packages/airflow/example_dags/example_display_name.py for tasks to queue
[2024-11-14T07:58:05.788+0000] {logging_mixin.py:190} INFO - [2024-11-14T07:58:05.788+0000] {dagbag.py:588} INFO - Filling up the DagBag from /home/ubuntu/airflow-venv/lib/python3.12/site-packages/airflow/example_dags/example_display_name.py
[2024-11-14T07:58:05.798+0000] {processor.py:925} INFO - DAG(s) 'example_display_name' retrieved from /home/ubuntu/airflow-venv/lib/python3.12/site-packages/airflow/example_dags/example_display_name.py
[2024-11-14T07:58:05.817+0000] {logging_mixin.py:190} INFO - [2024-11-14T07:58:05.817+0000] {dag.py:3239} INFO - Sync 1 DAGs
[2024-11-14T07:58:05.841+0000] {logging_mixin.py:190} INFO - [2024-11-14T07:58:05.841+0000] {dag.py:4180} INFO - Setting next_dagrun for example_display_name to None, run_after=None
[2024-11-14T07:58:05.888+0000] {processor.py:208} INFO - Processing /home/ubuntu/airflow-venv/lib/python3.12/site-packages/airflow/example_dags/example_display_name.py took 0.109 seconds
[2024-11-14T07:59:06.563+0000] {processor.py:186} INFO - Started process (PID=5240) to work on /home/ubuntu/airflow-venv/lib/python3.12/site-packages/airflow/example_dags/example_display_name.py
[2024-11-14T07:59:06.564+0000] {processor.py:914} INFO - Processing file /home/ubuntu/airflow-venv/lib/python3.12/site-packages/airflow/example_dags/example_display_name.py for tasks to queue
[2024-11-14T07:59:06.566+0000] {logging_mixin.py:190} INFO - [2024-11-14T07:59:06.565+0000] {dagbag.py:588} INFO - Filling up the DagBag from /home/ubuntu/airflow-venv/lib/python3.12/site-packages/airflow/example_dags/example_display_name.py
[2024-11-14T07:59:06.576+0000] {processor.py:925} INFO - DAG(s) 'example_display_name' retrieved from /home/ubuntu/airflow-venv/lib/python3.12/site-packages/airflow/example_dags/example_display_name.py
[2024-11-14T07:59:06.595+0000] {logging_mixin.py:190} INFO - [2024-11-14T07:59:06.595+0000] {dag.py:3239} INFO - Sync 1 DAGs
[2024-11-14T07:59:06.611+0000] {logging_mixin.py:190} INFO - [2024-11-14T07:59:06.611+0000] {dag.py:4180} INFO - Setting next_dagrun for example_display_name to None, run_after=None
[2024-11-14T07:59:06.649+0000] {processor.py:208} INFO - Processing /home/ubuntu/airflow-venv/lib/python3.12/site-packages/airflow/example_dags/example_display_name.py took 0.093 seconds
[2024-11-14T08:00:06.969+0000] {processor.py:186} INFO - Started process (PID=5302) to work on /home/ubuntu/airflow-venv/lib/python3.12/site-packages/airflow/example_dags/example_display_name.py
[2024-11-14T08:00:06.971+0000] {processor.py:914} INFO - Processing file /home/ubuntu/airflow-venv/lib/python3.12/site-packages/airflow/example_dags/example_display_name.py for tasks to queue
[2024-11-14T08:00:06.972+0000] {logging_mixin.py:190} INFO - [2024-11-14T08:00:06.972+0000] {dagbag.py:588} INFO - Filling up the DagBag from /home/ubuntu/airflow-venv/lib/python3.12/site-packages/airflow/example_dags/example_display_name.py
[2024-11-14T08:00:06.983+0000] {processor.py:925} INFO - DAG(s) 'example_display_name' retrieved from /home/ubuntu/airflow-venv/lib/python3.12/site-packages/airflow/example_dags/example_display_name.py
[2024-11-14T08:00:07.004+0000] {logging_mixin.py:190} INFO - [2024-11-14T08:00:07.004+0000] {dag.py:3239} INFO - Sync 1 DAGs
[2024-11-14T08:00:07.020+0000] {logging_mixin.py:190} INFO - [2024-11-14T08:00:07.020+0000] {dag.py:4180} INFO - Setting next_dagrun for example_display_name to None, run_after=None
[2024-11-14T08:00:07.045+0000] {processor.py:208} INFO - Processing /home/ubuntu/airflow-venv/lib/python3.12/site-packages/airflow/example_dags/example_display_name.py took 0.083 seconds
[2024-11-14T08:01:06.278+0000] {processor.py:186} INFO - Started process (PID=5367) to work on /home/ubuntu/airflow-venv/lib/python3.12/site-packages/airflow/example_dags/example_display_name.py
[2024-11-14T08:01:06.280+0000] {processor.py:914} INFO - Processing file /home/ubuntu/airflow-venv/lib/python3.12/site-packages/airflow/example_dags/example_display_name.py for tasks to queue
[2024-11-14T08:01:06.283+0000] {logging_mixin.py:190} INFO - [2024-11-14T08:01:06.281+0000] {dagbag.py:588} INFO - Filling up the DagBag from /home/ubuntu/airflow-venv/lib/python3.12/site-packages/airflow/example_dags/example_display_name.py
[2024-11-14T08:01:06.304+0000] {processor.py:925} INFO - DAG(s) 'example_display_name' retrieved from /home/ubuntu/airflow-venv/lib/python3.12/site-packages/airflow/example_dags/example_display_name.py
[2024-11-14T08:01:06.326+0000] {logging_mixin.py:190} INFO - [2024-11-14T08:01:06.325+0000] {dag.py:3239} INFO - Sync 1 DAGs
[2024-11-14T08:01:06.340+0000] {logging_mixin.py:190} INFO - [2024-11-14T08:01:06.340+0000] {dag.py:4180} INFO - Setting next_dagrun for example_display_name to None, run_after=None
[2024-11-14T08:01:06.370+0000] {processor.py:208} INFO - Processing /home/ubuntu/airflow-venv/lib/python3.12/site-packages/airflow/example_dags/example_display_name.py took 0.105 seconds
[2024-11-14T08:02:06.905+0000] {processor.py:186} INFO - Started process (PID=5426) to work on /home/ubuntu/airflow-venv/lib/python3.12/site-packages/airflow/example_dags/example_display_name.py
[2024-11-14T08:02:06.906+0000] {processor.py:914} INFO - Processing file /home/ubuntu/airflow-venv/lib/python3.12/site-packages/airflow/example_dags/example_display_name.py for tasks to queue
[2024-11-14T08:02:06.907+0000] {logging_mixin.py:190} INFO - [2024-11-14T08:02:06.907+0000] {dagbag.py:588} INFO - Filling up the DagBag from /home/ubuntu/airflow-venv/lib/python3.12/site-packages/airflow/example_dags/example_display_name.py
[2024-11-14T08:02:06.916+0000] {processor.py:925} INFO - DAG(s) 'example_display_name' retrieved from /home/ubuntu/airflow-venv/lib/python3.12/site-packages/airflow/example_dags/example_display_name.py
[2024-11-14T08:02:06.933+0000] {logging_mixin.py:190} INFO - [2024-11-14T08:02:06.932+0000] {dag.py:3239} INFO - Sync 1 DAGs
[2024-11-14T08:02:06.947+0000] {logging_mixin.py:190} INFO - [2024-11-14T08:02:06.946+0000] {dag.py:4180} INFO - Setting next_dagrun for example_display_name to None, run_after=None
[2024-11-14T08:02:06.969+0000] {processor.py:208} INFO - Processing /home/ubuntu/airflow-venv/lib/python3.12/site-packages/airflow/example_dags/example_display_name.py took 0.070 seconds
[2024-11-14T08:03:08.760+0000] {processor.py:186} INFO - Started process (PID=5489) to work on /home/ubuntu/airflow-venv/lib/python3.12/site-packages/airflow/example_dags/example_display_name.py
[2024-11-14T08:03:08.762+0000] {processor.py:914} INFO - Processing file /home/ubuntu/airflow-venv/lib/python3.12/site-packages/airflow/example_dags/example_display_name.py for tasks to queue
[2024-11-14T08:03:08.763+0000] {logging_mixin.py:190} INFO - [2024-11-14T08:03:08.762+0000] {dagbag.py:588} INFO - Filling up the DagBag from /home/ubuntu/airflow-venv/lib/python3.12/site-packages/airflow/example_dags/example_display_name.py
[2024-11-14T08:03:08.773+0000] {processor.py:925} INFO - DAG(s) 'example_display_name' retrieved from /home/ubuntu/airflow-venv/lib/python3.12/site-packages/airflow/example_dags/example_display_name.py
[2024-11-14T08:03:08.792+0000] {logging_mixin.py:190} INFO - [2024-11-14T08:03:08.792+0000] {dag.py:3239} INFO - Sync 1 DAGs
[2024-11-14T08:03:08.808+0000] {logging_mixin.py:190} INFO - [2024-11-14T08:03:08.808+0000] {dag.py:4180} INFO - Setting next_dagrun for example_display_name to None, run_after=None
[2024-11-14T08:03:08.834+0000] {processor.py:208} INFO - Processing /home/ubuntu/airflow-venv/lib/python3.12/site-packages/airflow/example_dags/example_display_name.py took 0.080 seconds
