[2024-11-14T07:41:11.717+0000] {processor.py:186} INFO - Started process (PID=3714) to work on /home/ubuntu/airflow-venv/lib/python3.12/site-packages/airflow/example_dags/example_dynamic_task_mapping_with_no_taskflow_operators.py
[2024-11-14T07:41:11.718+0000] {processor.py:914} INFO - Processing file /home/ubuntu/airflow-venv/lib/python3.12/site-packages/airflow/example_dags/example_dynamic_task_mapping_with_no_taskflow_operators.py for tasks to queue
[2024-11-14T07:41:11.721+0000] {logging_mixin.py:190} INFO - [2024-11-14T07:41:11.720+0000] {dagbag.py:588} INFO - Filling up the DagBag from /home/ubuntu/airflow-venv/lib/python3.12/site-packages/airflow/example_dags/example_dynamic_task_mapping_with_no_taskflow_operators.py
[2024-11-14T07:41:11.738+0000] {processor.py:925} INFO - DAG(s) 'example_dynamic_task_mapping_with_no_taskflow_operators' retrieved from /home/ubuntu/airflow-venv/lib/python3.12/site-packages/airflow/example_dags/example_dynamic_task_mapping_with_no_taskflow_operators.py
[2024-11-14T07:41:11.862+0000] {logging_mixin.py:190} INFO - [2024-11-14T07:41:11.862+0000] {override.py:1911} INFO - Created Permission View: can delete on DAG:example_dynamic_task_mapping_with_no_taskflow_operators
[2024-11-14T07:41:11.876+0000] {logging_mixin.py:190} INFO - [2024-11-14T07:41:11.876+0000] {override.py:1911} INFO - Created Permission View: can read on DAG:example_dynamic_task_mapping_with_no_taskflow_operators
[2024-11-14T07:41:11.886+0000] {logging_mixin.py:190} INFO - [2024-11-14T07:41:11.886+0000] {override.py:1911} INFO - Created Permission View: can edit on DAG:example_dynamic_task_mapping_with_no_taskflow_operators
[2024-11-14T07:41:11.903+0000] {logging_mixin.py:190} INFO - [2024-11-14T07:41:11.903+0000] {override.py:1911} INFO - Created Permission View: can delete on DAG Run:example_dynamic_task_mapping_with_no_taskflow_operators
[2024-11-14T07:41:11.914+0000] {logging_mixin.py:190} INFO - [2024-11-14T07:41:11.914+0000] {override.py:1911} INFO - Created Permission View: can create on DAG Run:example_dynamic_task_mapping_with_no_taskflow_operators
[2024-11-14T07:41:11.925+0000] {logging_mixin.py:190} INFO - [2024-11-14T07:41:11.924+0000] {override.py:1911} INFO - Created Permission View: can read on DAG Run:example_dynamic_task_mapping_with_no_taskflow_operators
[2024-11-14T07:41:11.935+0000] {logging_mixin.py:190} INFO - [2024-11-14T07:41:11.934+0000] {override.py:1911} INFO - Created Permission View: menu access on DAG Run:example_dynamic_task_mapping_with_no_taskflow_operators
[2024-11-14T07:41:11.935+0000] {logging_mixin.py:190} INFO - [2024-11-14T07:41:11.935+0000] {dag.py:3239} INFO - Sync 1 DAGs
[2024-11-14T07:41:11.946+0000] {logging_mixin.py:190} INFO - [2024-11-14T07:41:11.946+0000] {dag.py:3262} INFO - Creating ORM DAG for example_dynamic_task_mapping_with_no_taskflow_operators
[2024-11-14T07:41:11.947+0000] {logging_mixin.py:190} INFO - [2024-11-14T07:41:11.947+0000] {dag.py:4180} INFO - Setting next_dagrun for example_dynamic_task_mapping_with_no_taskflow_operators to None, run_after=None
[2024-11-14T07:41:11.967+0000] {processor.py:208} INFO - Processing /home/ubuntu/airflow-venv/lib/python3.12/site-packages/airflow/example_dags/example_dynamic_task_mapping_with_no_taskflow_operators.py took 0.258 seconds
[2024-11-14T07:42:21.188+0000] {processor.py:186} INFO - Started process (PID=3777) to work on /home/ubuntu/airflow-venv/lib/python3.12/site-packages/airflow/example_dags/example_dynamic_task_mapping_with_no_taskflow_operators.py
[2024-11-14T07:42:21.190+0000] {processor.py:914} INFO - Processing file /home/ubuntu/airflow-venv/lib/python3.12/site-packages/airflow/example_dags/example_dynamic_task_mapping_with_no_taskflow_operators.py for tasks to queue
[2024-11-14T07:42:21.192+0000] {logging_mixin.py:190} INFO - [2024-11-14T07:42:21.192+0000] {dagbag.py:588} INFO - Filling up the DagBag from /home/ubuntu/airflow-venv/lib/python3.12/site-packages/airflow/example_dags/example_dynamic_task_mapping_with_no_taskflow_operators.py
[2024-11-14T07:42:21.202+0000] {processor.py:925} INFO - DAG(s) 'example_dynamic_task_mapping_with_no_taskflow_operators' retrieved from /home/ubuntu/airflow-venv/lib/python3.12/site-packages/airflow/example_dags/example_dynamic_task_mapping_with_no_taskflow_operators.py
[2024-11-14T07:42:21.219+0000] {logging_mixin.py:190} INFO - [2024-11-14T07:42:21.219+0000] {dag.py:3239} INFO - Sync 1 DAGs
[2024-11-14T07:42:21.232+0000] {logging_mixin.py:190} INFO - [2024-11-14T07:42:21.232+0000] {dag.py:4180} INFO - Setting next_dagrun for example_dynamic_task_mapping_with_no_taskflow_operators to None, run_after=None
[2024-11-14T07:42:21.254+0000] {processor.py:208} INFO - Processing /home/ubuntu/airflow-venv/lib/python3.12/site-packages/airflow/example_dags/example_dynamic_task_mapping_with_no_taskflow_operators.py took 0.071 seconds
[2024-11-14T07:43:17.471+0000] {processor.py:186} INFO - Started process (PID=3835) to work on /home/ubuntu/airflow-venv/lib/python3.12/site-packages/airflow/example_dags/example_dynamic_task_mapping_with_no_taskflow_operators.py
[2024-11-14T07:43:17.474+0000] {processor.py:914} INFO - Processing file /home/ubuntu/airflow-venv/lib/python3.12/site-packages/airflow/example_dags/example_dynamic_task_mapping_with_no_taskflow_operators.py for tasks to queue
[2024-11-14T07:43:17.476+0000] {logging_mixin.py:190} INFO - [2024-11-14T07:43:17.476+0000] {dagbag.py:588} INFO - Filling up the DagBag from /home/ubuntu/airflow-venv/lib/python3.12/site-packages/airflow/example_dags/example_dynamic_task_mapping_with_no_taskflow_operators.py
[2024-11-14T07:43:17.487+0000] {processor.py:925} INFO - DAG(s) 'example_dynamic_task_mapping_with_no_taskflow_operators' retrieved from /home/ubuntu/airflow-venv/lib/python3.12/site-packages/airflow/example_dags/example_dynamic_task_mapping_with_no_taskflow_operators.py
[2024-11-14T07:43:17.506+0000] {logging_mixin.py:190} INFO - [2024-11-14T07:43:17.505+0000] {dag.py:3239} INFO - Sync 1 DAGs
[2024-11-14T07:43:17.518+0000] {logging_mixin.py:190} INFO - [2024-11-14T07:43:17.518+0000] {dag.py:4180} INFO - Setting next_dagrun for example_dynamic_task_mapping_with_no_taskflow_operators to None, run_after=None
[2024-11-14T07:43:17.541+0000] {processor.py:208} INFO - Processing /home/ubuntu/airflow-venv/lib/python3.12/site-packages/airflow/example_dags/example_dynamic_task_mapping_with_no_taskflow_operators.py took 0.076 seconds
[2024-11-14T07:44:15.967+0000] {processor.py:186} INFO - Started process (PID=3892) to work on /home/ubuntu/airflow-venv/lib/python3.12/site-packages/airflow/example_dags/example_dynamic_task_mapping_with_no_taskflow_operators.py
[2024-11-14T07:44:15.969+0000] {processor.py:914} INFO - Processing file /home/ubuntu/airflow-venv/lib/python3.12/site-packages/airflow/example_dags/example_dynamic_task_mapping_with_no_taskflow_operators.py for tasks to queue
[2024-11-14T07:44:15.979+0000] {logging_mixin.py:190} INFO - [2024-11-14T07:44:15.977+0000] {dagbag.py:588} INFO - Filling up the DagBag from /home/ubuntu/airflow-venv/lib/python3.12/site-packages/airflow/example_dags/example_dynamic_task_mapping_with_no_taskflow_operators.py
[2024-11-14T07:44:15.998+0000] {processor.py:925} INFO - DAG(s) 'example_dynamic_task_mapping_with_no_taskflow_operators' retrieved from /home/ubuntu/airflow-venv/lib/python3.12/site-packages/airflow/example_dags/example_dynamic_task_mapping_with_no_taskflow_operators.py
[2024-11-14T07:44:16.016+0000] {logging_mixin.py:190} INFO - [2024-11-14T07:44:16.016+0000] {dag.py:3239} INFO - Sync 1 DAGs
[2024-11-14T07:44:16.030+0000] {logging_mixin.py:190} INFO - [2024-11-14T07:44:16.030+0000] {dag.py:4180} INFO - Setting next_dagrun for example_dynamic_task_mapping_with_no_taskflow_operators to None, run_after=None
[2024-11-14T07:44:16.053+0000] {processor.py:208} INFO - Processing /home/ubuntu/airflow-venv/lib/python3.12/site-packages/airflow/example_dags/example_dynamic_task_mapping_with_no_taskflow_operators.py took 0.102 seconds
[2024-11-14T07:45:14.266+0000] {processor.py:186} INFO - Started process (PID=3952) to work on /home/ubuntu/airflow-venv/lib/python3.12/site-packages/airflow/example_dags/example_dynamic_task_mapping_with_no_taskflow_operators.py
[2024-11-14T07:45:14.267+0000] {processor.py:914} INFO - Processing file /home/ubuntu/airflow-venv/lib/python3.12/site-packages/airflow/example_dags/example_dynamic_task_mapping_with_no_taskflow_operators.py for tasks to queue
[2024-11-14T07:45:14.269+0000] {logging_mixin.py:190} INFO - [2024-11-14T07:45:14.269+0000] {dagbag.py:588} INFO - Filling up the DagBag from /home/ubuntu/airflow-venv/lib/python3.12/site-packages/airflow/example_dags/example_dynamic_task_mapping_with_no_taskflow_operators.py
[2024-11-14T07:45:14.280+0000] {processor.py:925} INFO - DAG(s) 'example_dynamic_task_mapping_with_no_taskflow_operators' retrieved from /home/ubuntu/airflow-venv/lib/python3.12/site-packages/airflow/example_dags/example_dynamic_task_mapping_with_no_taskflow_operators.py
[2024-11-14T07:45:14.297+0000] {logging_mixin.py:190} INFO - [2024-11-14T07:45:14.297+0000] {dag.py:3239} INFO - Sync 1 DAGs
[2024-11-14T07:45:14.311+0000] {logging_mixin.py:190} INFO - [2024-11-14T07:45:14.311+0000] {dag.py:4180} INFO - Setting next_dagrun for example_dynamic_task_mapping_with_no_taskflow_operators to None, run_after=None
[2024-11-14T07:45:14.338+0000] {processor.py:208} INFO - Processing /home/ubuntu/airflow-venv/lib/python3.12/site-packages/airflow/example_dags/example_dynamic_task_mapping_with_no_taskflow_operators.py took 0.079 seconds
[2024-11-14T07:46:07.750+0000] {processor.py:186} INFO - Started process (PID=4011) to work on /home/ubuntu/airflow-venv/lib/python3.12/site-packages/airflow/example_dags/example_dynamic_task_mapping_with_no_taskflow_operators.py
[2024-11-14T07:46:07.752+0000] {processor.py:914} INFO - Processing file /home/ubuntu/airflow-venv/lib/python3.12/site-packages/airflow/example_dags/example_dynamic_task_mapping_with_no_taskflow_operators.py for tasks to queue
[2024-11-14T07:46:07.754+0000] {logging_mixin.py:190} INFO - [2024-11-14T07:46:07.754+0000] {dagbag.py:588} INFO - Filling up the DagBag from /home/ubuntu/airflow-venv/lib/python3.12/site-packages/airflow/example_dags/example_dynamic_task_mapping_with_no_taskflow_operators.py
[2024-11-14T07:46:07.765+0000] {processor.py:925} INFO - DAG(s) 'example_dynamic_task_mapping_with_no_taskflow_operators' retrieved from /home/ubuntu/airflow-venv/lib/python3.12/site-packages/airflow/example_dags/example_dynamic_task_mapping_with_no_taskflow_operators.py
[2024-11-14T07:46:07.786+0000] {logging_mixin.py:190} INFO - [2024-11-14T07:46:07.785+0000] {dag.py:3239} INFO - Sync 1 DAGs
[2024-11-14T07:46:07.801+0000] {logging_mixin.py:190} INFO - [2024-11-14T07:46:07.801+0000] {dag.py:4180} INFO - Setting next_dagrun for example_dynamic_task_mapping_with_no_taskflow_operators to None, run_after=None
[2024-11-14T07:46:07.853+0000] {processor.py:208} INFO - Processing /home/ubuntu/airflow-venv/lib/python3.12/site-packages/airflow/example_dags/example_dynamic_task_mapping_with_no_taskflow_operators.py took 0.110 seconds
[2024-11-14T07:47:01.644+0000] {processor.py:186} INFO - Started process (PID=4069) to work on /home/ubuntu/airflow-venv/lib/python3.12/site-packages/airflow/example_dags/example_dynamic_task_mapping_with_no_taskflow_operators.py
[2024-11-14T07:47:01.645+0000] {processor.py:914} INFO - Processing file /home/ubuntu/airflow-venv/lib/python3.12/site-packages/airflow/example_dags/example_dynamic_task_mapping_with_no_taskflow_operators.py for tasks to queue
[2024-11-14T07:47:01.650+0000] {logging_mixin.py:190} INFO - [2024-11-14T07:47:01.649+0000] {dagbag.py:588} INFO - Filling up the DagBag from /home/ubuntu/airflow-venv/lib/python3.12/site-packages/airflow/example_dags/example_dynamic_task_mapping_with_no_taskflow_operators.py
[2024-11-14T07:47:01.663+0000] {processor.py:925} INFO - DAG(s) 'example_dynamic_task_mapping_with_no_taskflow_operators' retrieved from /home/ubuntu/airflow-venv/lib/python3.12/site-packages/airflow/example_dags/example_dynamic_task_mapping_with_no_taskflow_operators.py
[2024-11-14T07:47:01.681+0000] {logging_mixin.py:190} INFO - [2024-11-14T07:47:01.681+0000] {dag.py:3239} INFO - Sync 1 DAGs
[2024-11-14T07:47:01.701+0000] {logging_mixin.py:190} INFO - [2024-11-14T07:47:01.701+0000] {dag.py:4180} INFO - Setting next_dagrun for example_dynamic_task_mapping_with_no_taskflow_operators to None, run_after=None
[2024-11-14T07:47:01.734+0000] {processor.py:208} INFO - Processing /home/ubuntu/airflow-venv/lib/python3.12/site-packages/airflow/example_dags/example_dynamic_task_mapping_with_no_taskflow_operators.py took 0.101 seconds
[2024-11-14T07:47:57.505+0000] {processor.py:186} INFO - Started process (PID=4284) to work on /home/ubuntu/airflow-venv/lib/python3.12/site-packages/airflow/example_dags/example_dynamic_task_mapping_with_no_taskflow_operators.py
[2024-11-14T07:47:57.508+0000] {processor.py:914} INFO - Processing file /home/ubuntu/airflow-venv/lib/python3.12/site-packages/airflow/example_dags/example_dynamic_task_mapping_with_no_taskflow_operators.py for tasks to queue
[2024-11-14T07:47:57.511+0000] {logging_mixin.py:190} INFO - [2024-11-14T07:47:57.510+0000] {dagbag.py:588} INFO - Filling up the DagBag from /home/ubuntu/airflow-venv/lib/python3.12/site-packages/airflow/example_dags/example_dynamic_task_mapping_with_no_taskflow_operators.py
[2024-11-14T07:47:57.526+0000] {processor.py:925} INFO - DAG(s) 'example_dynamic_task_mapping_with_no_taskflow_operators' retrieved from /home/ubuntu/airflow-venv/lib/python3.12/site-packages/airflow/example_dags/example_dynamic_task_mapping_with_no_taskflow_operators.py
[2024-11-14T07:47:57.572+0000] {logging_mixin.py:190} INFO - [2024-11-14T07:47:57.571+0000] {dag.py:3239} INFO - Sync 1 DAGs
[2024-11-14T07:47:57.600+0000] {logging_mixin.py:190} INFO - [2024-11-14T07:47:57.600+0000] {dag.py:4180} INFO - Setting next_dagrun for example_dynamic_task_mapping_with_no_taskflow_operators to None, run_after=None
[2024-11-14T07:47:57.647+0000] {processor.py:208} INFO - Processing /home/ubuntu/airflow-venv/lib/python3.12/site-packages/airflow/example_dags/example_dynamic_task_mapping_with_no_taskflow_operators.py took 0.152 seconds
[2024-11-14T07:49:03.169+0000] {processor.py:186} INFO - Started process (PID=4630) to work on /home/ubuntu/airflow-venv/lib/python3.12/site-packages/airflow/example_dags/example_dynamic_task_mapping_with_no_taskflow_operators.py
[2024-11-14T07:49:03.171+0000] {processor.py:914} INFO - Processing file /home/ubuntu/airflow-venv/lib/python3.12/site-packages/airflow/example_dags/example_dynamic_task_mapping_with_no_taskflow_operators.py for tasks to queue
[2024-11-14T07:49:03.173+0000] {logging_mixin.py:190} INFO - [2024-11-14T07:49:03.173+0000] {dagbag.py:588} INFO - Filling up the DagBag from /home/ubuntu/airflow-venv/lib/python3.12/site-packages/airflow/example_dags/example_dynamic_task_mapping_with_no_taskflow_operators.py
[2024-11-14T07:49:03.182+0000] {processor.py:925} INFO - DAG(s) 'example_dynamic_task_mapping_with_no_taskflow_operators' retrieved from /home/ubuntu/airflow-venv/lib/python3.12/site-packages/airflow/example_dags/example_dynamic_task_mapping_with_no_taskflow_operators.py
[2024-11-14T07:49:03.199+0000] {logging_mixin.py:190} INFO - [2024-11-14T07:49:03.199+0000] {dag.py:3239} INFO - Sync 1 DAGs
[2024-11-14T07:49:03.213+0000] {logging_mixin.py:190} INFO - [2024-11-14T07:49:03.212+0000] {dag.py:4180} INFO - Setting next_dagrun for example_dynamic_task_mapping_with_no_taskflow_operators to None, run_after=None
[2024-11-14T07:49:03.236+0000] {processor.py:208} INFO - Processing /home/ubuntu/airflow-venv/lib/python3.12/site-packages/airflow/example_dags/example_dynamic_task_mapping_with_no_taskflow_operators.py took 0.073 seconds
[2024-11-14T07:50:04.392+0000] {processor.py:186} INFO - Started process (PID=4690) to work on /home/ubuntu/airflow-venv/lib/python3.12/site-packages/airflow/example_dags/example_dynamic_task_mapping_with_no_taskflow_operators.py
[2024-11-14T07:50:04.398+0000] {processor.py:914} INFO - Processing file /home/ubuntu/airflow-venv/lib/python3.12/site-packages/airflow/example_dags/example_dynamic_task_mapping_with_no_taskflow_operators.py for tasks to queue
[2024-11-14T07:50:04.401+0000] {logging_mixin.py:190} INFO - [2024-11-14T07:50:04.401+0000] {dagbag.py:588} INFO - Filling up the DagBag from /home/ubuntu/airflow-venv/lib/python3.12/site-packages/airflow/example_dags/example_dynamic_task_mapping_with_no_taskflow_operators.py
[2024-11-14T07:50:04.412+0000] {processor.py:925} INFO - DAG(s) 'example_dynamic_task_mapping_with_no_taskflow_operators' retrieved from /home/ubuntu/airflow-venv/lib/python3.12/site-packages/airflow/example_dags/example_dynamic_task_mapping_with_no_taskflow_operators.py
[2024-11-14T07:50:04.430+0000] {logging_mixin.py:190} INFO - [2024-11-14T07:50:04.430+0000] {dag.py:3239} INFO - Sync 1 DAGs
[2024-11-14T07:50:04.443+0000] {logging_mixin.py:190} INFO - [2024-11-14T07:50:04.443+0000] {dag.py:4180} INFO - Setting next_dagrun for example_dynamic_task_mapping_with_no_taskflow_operators to None, run_after=None
[2024-11-14T07:50:04.467+0000] {processor.py:208} INFO - Processing /home/ubuntu/airflow-venv/lib/python3.12/site-packages/airflow/example_dags/example_dynamic_task_mapping_with_no_taskflow_operators.py took 0.081 seconds
[2024-11-14T07:51:08.942+0000] {processor.py:186} INFO - Started process (PID=4756) to work on /home/ubuntu/airflow-venv/lib/python3.12/site-packages/airflow/example_dags/example_dynamic_task_mapping_with_no_taskflow_operators.py
[2024-11-14T07:51:08.945+0000] {processor.py:914} INFO - Processing file /home/ubuntu/airflow-venv/lib/python3.12/site-packages/airflow/example_dags/example_dynamic_task_mapping_with_no_taskflow_operators.py for tasks to queue
[2024-11-14T07:51:08.949+0000] {logging_mixin.py:190} INFO - [2024-11-14T07:51:08.946+0000] {dagbag.py:588} INFO - Filling up the DagBag from /home/ubuntu/airflow-venv/lib/python3.12/site-packages/airflow/example_dags/example_dynamic_task_mapping_with_no_taskflow_operators.py
[2024-11-14T07:51:08.973+0000] {processor.py:925} INFO - DAG(s) 'example_dynamic_task_mapping_with_no_taskflow_operators' retrieved from /home/ubuntu/airflow-venv/lib/python3.12/site-packages/airflow/example_dags/example_dynamic_task_mapping_with_no_taskflow_operators.py
[2024-11-14T07:51:09.009+0000] {logging_mixin.py:190} INFO - [2024-11-14T07:51:09.009+0000] {dag.py:3239} INFO - Sync 1 DAGs
[2024-11-14T07:51:09.036+0000] {logging_mixin.py:190} INFO - [2024-11-14T07:51:09.035+0000] {dag.py:4180} INFO - Setting next_dagrun for example_dynamic_task_mapping_with_no_taskflow_operators to None, run_after=None
[2024-11-14T07:51:09.072+0000] {processor.py:208} INFO - Processing /home/ubuntu/airflow-venv/lib/python3.12/site-packages/airflow/example_dags/example_dynamic_task_mapping_with_no_taskflow_operators.py took 0.145 seconds
[2024-11-14T07:52:10.991+0000] {processor.py:186} INFO - Started process (PID=4816) to work on /home/ubuntu/airflow-venv/lib/python3.12/site-packages/airflow/example_dags/example_dynamic_task_mapping_with_no_taskflow_operators.py
[2024-11-14T07:52:10.992+0000] {processor.py:914} INFO - Processing file /home/ubuntu/airflow-venv/lib/python3.12/site-packages/airflow/example_dags/example_dynamic_task_mapping_with_no_taskflow_operators.py for tasks to queue
[2024-11-14T07:52:10.994+0000] {logging_mixin.py:190} INFO - [2024-11-14T07:52:10.994+0000] {dagbag.py:588} INFO - Filling up the DagBag from /home/ubuntu/airflow-venv/lib/python3.12/site-packages/airflow/example_dags/example_dynamic_task_mapping_with_no_taskflow_operators.py
[2024-11-14T07:52:11.010+0000] {processor.py:925} INFO - DAG(s) 'example_dynamic_task_mapping_with_no_taskflow_operators' retrieved from /home/ubuntu/airflow-venv/lib/python3.12/site-packages/airflow/example_dags/example_dynamic_task_mapping_with_no_taskflow_operators.py
[2024-11-14T07:52:11.035+0000] {logging_mixin.py:190} INFO - [2024-11-14T07:52:11.035+0000] {dag.py:3239} INFO - Sync 1 DAGs
[2024-11-14T07:52:11.057+0000] {logging_mixin.py:190} INFO - [2024-11-14T07:52:11.056+0000] {dag.py:4180} INFO - Setting next_dagrun for example_dynamic_task_mapping_with_no_taskflow_operators to None, run_after=None
[2024-11-14T07:52:11.107+0000] {processor.py:208} INFO - Processing /home/ubuntu/airflow-venv/lib/python3.12/site-packages/airflow/example_dags/example_dynamic_task_mapping_with_no_taskflow_operators.py took 0.133 seconds
[2024-11-14T07:53:08.590+0000] {processor.py:186} INFO - Started process (PID=4876) to work on /home/ubuntu/airflow-venv/lib/python3.12/site-packages/airflow/example_dags/example_dynamic_task_mapping_with_no_taskflow_operators.py
[2024-11-14T07:53:08.591+0000] {processor.py:914} INFO - Processing file /home/ubuntu/airflow-venv/lib/python3.12/site-packages/airflow/example_dags/example_dynamic_task_mapping_with_no_taskflow_operators.py for tasks to queue
[2024-11-14T07:53:08.593+0000] {logging_mixin.py:190} INFO - [2024-11-14T07:53:08.592+0000] {dagbag.py:588} INFO - Filling up the DagBag from /home/ubuntu/airflow-venv/lib/python3.12/site-packages/airflow/example_dags/example_dynamic_task_mapping_with_no_taskflow_operators.py
[2024-11-14T07:53:08.603+0000] {processor.py:925} INFO - DAG(s) 'example_dynamic_task_mapping_with_no_taskflow_operators' retrieved from /home/ubuntu/airflow-venv/lib/python3.12/site-packages/airflow/example_dags/example_dynamic_task_mapping_with_no_taskflow_operators.py
[2024-11-14T07:53:08.620+0000] {logging_mixin.py:190} INFO - [2024-11-14T07:53:08.620+0000] {dag.py:3239} INFO - Sync 1 DAGs
[2024-11-14T07:53:08.633+0000] {logging_mixin.py:190} INFO - [2024-11-14T07:53:08.633+0000] {dag.py:4180} INFO - Setting next_dagrun for example_dynamic_task_mapping_with_no_taskflow_operators to None, run_after=None
[2024-11-14T07:53:08.657+0000] {processor.py:208} INFO - Processing /home/ubuntu/airflow-venv/lib/python3.12/site-packages/airflow/example_dags/example_dynamic_task_mapping_with_no_taskflow_operators.py took 0.073 seconds
[2024-11-14T07:54:06.991+0000] {processor.py:186} INFO - Started process (PID=4937) to work on /home/ubuntu/airflow-venv/lib/python3.12/site-packages/airflow/example_dags/example_dynamic_task_mapping_with_no_taskflow_operators.py
[2024-11-14T07:54:06.993+0000] {processor.py:914} INFO - Processing file /home/ubuntu/airflow-venv/lib/python3.12/site-packages/airflow/example_dags/example_dynamic_task_mapping_with_no_taskflow_operators.py for tasks to queue
[2024-11-14T07:54:06.994+0000] {logging_mixin.py:190} INFO - [2024-11-14T07:54:06.994+0000] {dagbag.py:588} INFO - Filling up the DagBag from /home/ubuntu/airflow-venv/lib/python3.12/site-packages/airflow/example_dags/example_dynamic_task_mapping_with_no_taskflow_operators.py
[2024-11-14T07:54:07.009+0000] {processor.py:925} INFO - DAG(s) 'example_dynamic_task_mapping_with_no_taskflow_operators' retrieved from /home/ubuntu/airflow-venv/lib/python3.12/site-packages/airflow/example_dags/example_dynamic_task_mapping_with_no_taskflow_operators.py
[2024-11-14T07:54:07.026+0000] {logging_mixin.py:190} INFO - [2024-11-14T07:54:07.025+0000] {dag.py:3239} INFO - Sync 1 DAGs
[2024-11-14T07:54:07.040+0000] {logging_mixin.py:190} INFO - [2024-11-14T07:54:07.040+0000] {dag.py:4180} INFO - Setting next_dagrun for example_dynamic_task_mapping_with_no_taskflow_operators to None, run_after=None
[2024-11-14T07:54:07.064+0000] {processor.py:208} INFO - Processing /home/ubuntu/airflow-venv/lib/python3.12/site-packages/airflow/example_dags/example_dynamic_task_mapping_with_no_taskflow_operators.py took 0.079 seconds
[2024-11-14T07:55:07.555+0000] {processor.py:186} INFO - Started process (PID=4999) to work on /home/ubuntu/airflow-venv/lib/python3.12/site-packages/airflow/example_dags/example_dynamic_task_mapping_with_no_taskflow_operators.py
[2024-11-14T07:55:07.559+0000] {processor.py:914} INFO - Processing file /home/ubuntu/airflow-venv/lib/python3.12/site-packages/airflow/example_dags/example_dynamic_task_mapping_with_no_taskflow_operators.py for tasks to queue
[2024-11-14T07:55:07.561+0000] {logging_mixin.py:190} INFO - [2024-11-14T07:55:07.561+0000] {dagbag.py:588} INFO - Filling up the DagBag from /home/ubuntu/airflow-venv/lib/python3.12/site-packages/airflow/example_dags/example_dynamic_task_mapping_with_no_taskflow_operators.py
[2024-11-14T07:55:07.581+0000] {processor.py:925} INFO - DAG(s) 'example_dynamic_task_mapping_with_no_taskflow_operators' retrieved from /home/ubuntu/airflow-venv/lib/python3.12/site-packages/airflow/example_dags/example_dynamic_task_mapping_with_no_taskflow_operators.py
[2024-11-14T07:55:07.613+0000] {logging_mixin.py:190} INFO - [2024-11-14T07:55:07.612+0000] {dag.py:3239} INFO - Sync 1 DAGs
[2024-11-14T07:55:07.639+0000] {logging_mixin.py:190} INFO - [2024-11-14T07:55:07.638+0000] {dag.py:4180} INFO - Setting next_dagrun for example_dynamic_task_mapping_with_no_taskflow_operators to None, run_after=None
[2024-11-14T07:55:07.679+0000] {processor.py:208} INFO - Processing /home/ubuntu/airflow-venv/lib/python3.12/site-packages/airflow/example_dags/example_dynamic_task_mapping_with_no_taskflow_operators.py took 0.139 seconds
[2024-11-14T07:56:09.626+0000] {processor.py:186} INFO - Started process (PID=5060) to work on /home/ubuntu/airflow-venv/lib/python3.12/site-packages/airflow/example_dags/example_dynamic_task_mapping_with_no_taskflow_operators.py
[2024-11-14T07:56:09.628+0000] {processor.py:914} INFO - Processing file /home/ubuntu/airflow-venv/lib/python3.12/site-packages/airflow/example_dags/example_dynamic_task_mapping_with_no_taskflow_operators.py for tasks to queue
[2024-11-14T07:56:09.629+0000] {logging_mixin.py:190} INFO - [2024-11-14T07:56:09.629+0000] {dagbag.py:588} INFO - Filling up the DagBag from /home/ubuntu/airflow-venv/lib/python3.12/site-packages/airflow/example_dags/example_dynamic_task_mapping_with_no_taskflow_operators.py
[2024-11-14T07:56:09.640+0000] {processor.py:925} INFO - DAG(s) 'example_dynamic_task_mapping_with_no_taskflow_operators' retrieved from /home/ubuntu/airflow-venv/lib/python3.12/site-packages/airflow/example_dags/example_dynamic_task_mapping_with_no_taskflow_operators.py
[2024-11-14T07:56:09.659+0000] {logging_mixin.py:190} INFO - [2024-11-14T07:56:09.659+0000] {dag.py:3239} INFO - Sync 1 DAGs
[2024-11-14T07:56:09.673+0000] {logging_mixin.py:190} INFO - [2024-11-14T07:56:09.673+0000] {dag.py:4180} INFO - Setting next_dagrun for example_dynamic_task_mapping_with_no_taskflow_operators to None, run_after=None
[2024-11-14T07:56:09.697+0000] {processor.py:208} INFO - Processing /home/ubuntu/airflow-venv/lib/python3.12/site-packages/airflow/example_dags/example_dynamic_task_mapping_with_no_taskflow_operators.py took 0.077 seconds
[2024-11-14T07:57:08.582+0000] {processor.py:186} INFO - Started process (PID=5122) to work on /home/ubuntu/airflow-venv/lib/python3.12/site-packages/airflow/example_dags/example_dynamic_task_mapping_with_no_taskflow_operators.py
[2024-11-14T07:57:08.583+0000] {processor.py:914} INFO - Processing file /home/ubuntu/airflow-venv/lib/python3.12/site-packages/airflow/example_dags/example_dynamic_task_mapping_with_no_taskflow_operators.py for tasks to queue
[2024-11-14T07:57:08.585+0000] {logging_mixin.py:190} INFO - [2024-11-14T07:57:08.585+0000] {dagbag.py:588} INFO - Filling up the DagBag from /home/ubuntu/airflow-venv/lib/python3.12/site-packages/airflow/example_dags/example_dynamic_task_mapping_with_no_taskflow_operators.py
[2024-11-14T07:57:08.596+0000] {processor.py:925} INFO - DAG(s) 'example_dynamic_task_mapping_with_no_taskflow_operators' retrieved from /home/ubuntu/airflow-venv/lib/python3.12/site-packages/airflow/example_dags/example_dynamic_task_mapping_with_no_taskflow_operators.py
[2024-11-14T07:57:08.618+0000] {logging_mixin.py:190} INFO - [2024-11-14T07:57:08.618+0000] {dag.py:3239} INFO - Sync 1 DAGs
[2024-11-14T07:57:08.637+0000] {logging_mixin.py:190} INFO - [2024-11-14T07:57:08.637+0000] {dag.py:4180} INFO - Setting next_dagrun for example_dynamic_task_mapping_with_no_taskflow_operators to None, run_after=None
[2024-11-14T07:57:08.660+0000] {processor.py:208} INFO - Processing /home/ubuntu/airflow-venv/lib/python3.12/site-packages/airflow/example_dags/example_dynamic_task_mapping_with_no_taskflow_operators.py took 0.092 seconds
[2024-11-14T07:58:08.319+0000] {processor.py:186} INFO - Started process (PID=5183) to work on /home/ubuntu/airflow-venv/lib/python3.12/site-packages/airflow/example_dags/example_dynamic_task_mapping_with_no_taskflow_operators.py
[2024-11-14T07:58:08.321+0000] {processor.py:914} INFO - Processing file /home/ubuntu/airflow-venv/lib/python3.12/site-packages/airflow/example_dags/example_dynamic_task_mapping_with_no_taskflow_operators.py for tasks to queue
[2024-11-14T07:58:08.324+0000] {logging_mixin.py:190} INFO - [2024-11-14T07:58:08.322+0000] {dagbag.py:588} INFO - Filling up the DagBag from /home/ubuntu/airflow-venv/lib/python3.12/site-packages/airflow/example_dags/example_dynamic_task_mapping_with_no_taskflow_operators.py
[2024-11-14T07:58:08.338+0000] {processor.py:925} INFO - DAG(s) 'example_dynamic_task_mapping_with_no_taskflow_operators' retrieved from /home/ubuntu/airflow-venv/lib/python3.12/site-packages/airflow/example_dags/example_dynamic_task_mapping_with_no_taskflow_operators.py
[2024-11-14T07:58:08.389+0000] {logging_mixin.py:190} INFO - [2024-11-14T07:58:08.389+0000] {dag.py:3239} INFO - Sync 1 DAGs
[2024-11-14T07:58:08.413+0000] {logging_mixin.py:190} INFO - [2024-11-14T07:58:08.412+0000] {dag.py:4180} INFO - Setting next_dagrun for example_dynamic_task_mapping_with_no_taskflow_operators to None, run_after=None
[2024-11-14T07:58:08.442+0000] {processor.py:208} INFO - Processing /home/ubuntu/airflow-venv/lib/python3.12/site-packages/airflow/example_dags/example_dynamic_task_mapping_with_no_taskflow_operators.py took 0.135 seconds
[2024-11-14T07:59:08.883+0000] {processor.py:186} INFO - Started process (PID=5242) to work on /home/ubuntu/airflow-venv/lib/python3.12/site-packages/airflow/example_dags/example_dynamic_task_mapping_with_no_taskflow_operators.py
[2024-11-14T07:59:08.895+0000] {processor.py:914} INFO - Processing file /home/ubuntu/airflow-venv/lib/python3.12/site-packages/airflow/example_dags/example_dynamic_task_mapping_with_no_taskflow_operators.py for tasks to queue
[2024-11-14T07:59:08.900+0000] {logging_mixin.py:190} INFO - [2024-11-14T07:59:08.897+0000] {dagbag.py:588} INFO - Filling up the DagBag from /home/ubuntu/airflow-venv/lib/python3.12/site-packages/airflow/example_dags/example_dynamic_task_mapping_with_no_taskflow_operators.py
[2024-11-14T07:59:08.923+0000] {processor.py:925} INFO - DAG(s) 'example_dynamic_task_mapping_with_no_taskflow_operators' retrieved from /home/ubuntu/airflow-venv/lib/python3.12/site-packages/airflow/example_dags/example_dynamic_task_mapping_with_no_taskflow_operators.py
[2024-11-14T07:59:08.943+0000] {logging_mixin.py:190} INFO - [2024-11-14T07:59:08.942+0000] {dag.py:3239} INFO - Sync 1 DAGs
[2024-11-14T07:59:08.959+0000] {logging_mixin.py:190} INFO - [2024-11-14T07:59:08.958+0000] {dag.py:4180} INFO - Setting next_dagrun for example_dynamic_task_mapping_with_no_taskflow_operators to None, run_after=None
[2024-11-14T07:59:08.984+0000] {processor.py:208} INFO - Processing /home/ubuntu/airflow-venv/lib/python3.12/site-packages/airflow/example_dags/example_dynamic_task_mapping_with_no_taskflow_operators.py took 0.112 seconds
[2024-11-14T08:00:09.017+0000] {processor.py:186} INFO - Started process (PID=5304) to work on /home/ubuntu/airflow-venv/lib/python3.12/site-packages/airflow/example_dags/example_dynamic_task_mapping_with_no_taskflow_operators.py
[2024-11-14T08:00:09.018+0000] {processor.py:914} INFO - Processing file /home/ubuntu/airflow-venv/lib/python3.12/site-packages/airflow/example_dags/example_dynamic_task_mapping_with_no_taskflow_operators.py for tasks to queue
[2024-11-14T08:00:09.019+0000] {logging_mixin.py:190} INFO - [2024-11-14T08:00:09.019+0000] {dagbag.py:588} INFO - Filling up the DagBag from /home/ubuntu/airflow-venv/lib/python3.12/site-packages/airflow/example_dags/example_dynamic_task_mapping_with_no_taskflow_operators.py
[2024-11-14T08:00:09.030+0000] {processor.py:925} INFO - DAG(s) 'example_dynamic_task_mapping_with_no_taskflow_operators' retrieved from /home/ubuntu/airflow-venv/lib/python3.12/site-packages/airflow/example_dags/example_dynamic_task_mapping_with_no_taskflow_operators.py
[2024-11-14T08:00:09.047+0000] {logging_mixin.py:190} INFO - [2024-11-14T08:00:09.046+0000] {dag.py:3239} INFO - Sync 1 DAGs
[2024-11-14T08:00:09.059+0000] {logging_mixin.py:190} INFO - [2024-11-14T08:00:09.059+0000] {dag.py:4180} INFO - Setting next_dagrun for example_dynamic_task_mapping_with_no_taskflow_operators to None, run_after=None
[2024-11-14T08:00:09.082+0000] {processor.py:208} INFO - Processing /home/ubuntu/airflow-venv/lib/python3.12/site-packages/airflow/example_dags/example_dynamic_task_mapping_with_no_taskflow_operators.py took 0.071 seconds
[2024-11-14T08:01:08.789+0000] {processor.py:186} INFO - Started process (PID=5369) to work on /home/ubuntu/airflow-venv/lib/python3.12/site-packages/airflow/example_dags/example_dynamic_task_mapping_with_no_taskflow_operators.py
[2024-11-14T08:01:08.791+0000] {processor.py:914} INFO - Processing file /home/ubuntu/airflow-venv/lib/python3.12/site-packages/airflow/example_dags/example_dynamic_task_mapping_with_no_taskflow_operators.py for tasks to queue
[2024-11-14T08:01:08.792+0000] {logging_mixin.py:190} INFO - [2024-11-14T08:01:08.792+0000] {dagbag.py:588} INFO - Filling up the DagBag from /home/ubuntu/airflow-venv/lib/python3.12/site-packages/airflow/example_dags/example_dynamic_task_mapping_with_no_taskflow_operators.py
[2024-11-14T08:01:08.803+0000] {processor.py:925} INFO - DAG(s) 'example_dynamic_task_mapping_with_no_taskflow_operators' retrieved from /home/ubuntu/airflow-venv/lib/python3.12/site-packages/airflow/example_dags/example_dynamic_task_mapping_with_no_taskflow_operators.py
[2024-11-14T08:01:08.822+0000] {logging_mixin.py:190} INFO - [2024-11-14T08:01:08.822+0000] {dag.py:3239} INFO - Sync 1 DAGs
[2024-11-14T08:01:08.837+0000] {logging_mixin.py:190} INFO - [2024-11-14T08:01:08.837+0000] {dag.py:4180} INFO - Setting next_dagrun for example_dynamic_task_mapping_with_no_taskflow_operators to None, run_after=None
[2024-11-14T08:01:08.861+0000] {processor.py:208} INFO - Processing /home/ubuntu/airflow-venv/lib/python3.12/site-packages/airflow/example_dags/example_dynamic_task_mapping_with_no_taskflow_operators.py took 0.078 seconds
[2024-11-14T08:02:08.970+0000] {processor.py:186} INFO - Started process (PID=5428) to work on /home/ubuntu/airflow-venv/lib/python3.12/site-packages/airflow/example_dags/example_dynamic_task_mapping_with_no_taskflow_operators.py
[2024-11-14T08:02:08.971+0000] {processor.py:914} INFO - Processing file /home/ubuntu/airflow-venv/lib/python3.12/site-packages/airflow/example_dags/example_dynamic_task_mapping_with_no_taskflow_operators.py for tasks to queue
[2024-11-14T08:02:08.973+0000] {logging_mixin.py:190} INFO - [2024-11-14T08:02:08.972+0000] {dagbag.py:588} INFO - Filling up the DagBag from /home/ubuntu/airflow-venv/lib/python3.12/site-packages/airflow/example_dags/example_dynamic_task_mapping_with_no_taskflow_operators.py
[2024-11-14T08:02:08.984+0000] {processor.py:925} INFO - DAG(s) 'example_dynamic_task_mapping_with_no_taskflow_operators' retrieved from /home/ubuntu/airflow-venv/lib/python3.12/site-packages/airflow/example_dags/example_dynamic_task_mapping_with_no_taskflow_operators.py
[2024-11-14T08:02:09.004+0000] {logging_mixin.py:190} INFO - [2024-11-14T08:02:09.004+0000] {dag.py:3239} INFO - Sync 1 DAGs
[2024-11-14T08:02:09.021+0000] {logging_mixin.py:190} INFO - [2024-11-14T08:02:09.021+0000] {dag.py:4180} INFO - Setting next_dagrun for example_dynamic_task_mapping_with_no_taskflow_operators to None, run_after=None
[2024-11-14T08:02:09.046+0000] {processor.py:208} INFO - Processing /home/ubuntu/airflow-venv/lib/python3.12/site-packages/airflow/example_dags/example_dynamic_task_mapping_with_no_taskflow_operators.py took 0.082 seconds
[2024-11-14T08:03:10.731+0000] {processor.py:186} INFO - Started process (PID=5491) to work on /home/ubuntu/airflow-venv/lib/python3.12/site-packages/airflow/example_dags/example_dynamic_task_mapping_with_no_taskflow_operators.py
[2024-11-14T08:03:10.733+0000] {processor.py:914} INFO - Processing file /home/ubuntu/airflow-venv/lib/python3.12/site-packages/airflow/example_dags/example_dynamic_task_mapping_with_no_taskflow_operators.py for tasks to queue
[2024-11-14T08:03:10.735+0000] {logging_mixin.py:190} INFO - [2024-11-14T08:03:10.734+0000] {dagbag.py:588} INFO - Filling up the DagBag from /home/ubuntu/airflow-venv/lib/python3.12/site-packages/airflow/example_dags/example_dynamic_task_mapping_with_no_taskflow_operators.py
[2024-11-14T08:03:10.747+0000] {processor.py:925} INFO - DAG(s) 'example_dynamic_task_mapping_with_no_taskflow_operators' retrieved from /home/ubuntu/airflow-venv/lib/python3.12/site-packages/airflow/example_dags/example_dynamic_task_mapping_with_no_taskflow_operators.py
[2024-11-14T08:03:10.766+0000] {logging_mixin.py:190} INFO - [2024-11-14T08:03:10.766+0000] {dag.py:3239} INFO - Sync 1 DAGs
[2024-11-14T08:03:10.779+0000] {logging_mixin.py:190} INFO - [2024-11-14T08:03:10.779+0000] {dag.py:4180} INFO - Setting next_dagrun for example_dynamic_task_mapping_with_no_taskflow_operators to None, run_after=None
[2024-11-14T08:03:10.803+0000] {processor.py:208} INFO - Processing /home/ubuntu/airflow-venv/lib/python3.12/site-packages/airflow/example_dags/example_dynamic_task_mapping_with_no_taskflow_operators.py took 0.082 seconds
