[2024-11-14T07:41:00.565+0000] {processor.py:186} INFO - Started process (PID=3704) to work on /home/ubuntu/airflow-venv/lib/python3.12/site-packages/airflow/example_dags/example_python_operator.py
[2024-11-14T07:41:00.566+0000] {processor.py:914} INFO - Processing file /home/ubuntu/airflow-venv/lib/python3.12/site-packages/airflow/example_dags/example_python_operator.py for tasks to queue
[2024-11-14T07:41:00.568+0000] {logging_mixin.py:190} INFO - [2024-11-14T07:41:00.568+0000] {dagbag.py:588} INFO - Filling up the DagBag from /home/ubuntu/airflow-venv/lib/python3.12/site-packages/airflow/example_dags/example_python_operator.py
[2024-11-14T07:41:00.577+0000] {logging_mixin.py:190} INFO - [2024-11-14T07:41:00.577+0000] {example_python_operator.py:93} WARNING - The virtalenv_python example task requires virtualenv, please install it.
[2024-11-14T07:41:00.584+0000] {processor.py:925} INFO - DAG(s) 'example_python_operator' retrieved from /home/ubuntu/airflow-venv/lib/python3.12/site-packages/airflow/example_dags/example_python_operator.py
[2024-11-14T07:41:00.693+0000] {logging_mixin.py:190} INFO - [2024-11-14T07:41:00.692+0000] {override.py:1911} INFO - Created Permission View: can delete on DAG:example_python_operator
[2024-11-14T07:41:00.707+0000] {logging_mixin.py:190} INFO - [2024-11-14T07:41:00.706+0000] {override.py:1911} INFO - Created Permission View: can read on DAG:example_python_operator
[2024-11-14T07:41:00.723+0000] {logging_mixin.py:190} INFO - [2024-11-14T07:41:00.722+0000] {override.py:1911} INFO - Created Permission View: can edit on DAG:example_python_operator
[2024-11-14T07:41:00.740+0000] {logging_mixin.py:190} INFO - [2024-11-14T07:41:00.739+0000] {override.py:1911} INFO - Created Permission View: can delete on DAG Run:example_python_operator
[2024-11-14T07:41:00.749+0000] {logging_mixin.py:190} INFO - [2024-11-14T07:41:00.749+0000] {override.py:1911} INFO - Created Permission View: can create on DAG Run:example_python_operator
[2024-11-14T07:41:00.760+0000] {logging_mixin.py:190} INFO - [2024-11-14T07:41:00.759+0000] {override.py:1911} INFO - Created Permission View: can read on DAG Run:example_python_operator
[2024-11-14T07:41:00.771+0000] {logging_mixin.py:190} INFO - [2024-11-14T07:41:00.771+0000] {override.py:1911} INFO - Created Permission View: menu access on DAG Run:example_python_operator
[2024-11-14T07:41:00.772+0000] {logging_mixin.py:190} INFO - [2024-11-14T07:41:00.771+0000] {dag.py:3239} INFO - Sync 1 DAGs
[2024-11-14T07:41:00.784+0000] {logging_mixin.py:190} INFO - [2024-11-14T07:41:00.784+0000] {dag.py:3262} INFO - Creating ORM DAG for example_python_operator
[2024-11-14T07:41:00.784+0000] {logging_mixin.py:190} INFO - [2024-11-14T07:41:00.784+0000] {dag.py:4180} INFO - Setting next_dagrun for example_python_operator to None, run_after=None
[2024-11-14T07:41:00.806+0000] {processor.py:208} INFO - Processing /home/ubuntu/airflow-venv/lib/python3.12/site-packages/airflow/example_dags/example_python_operator.py took 0.247 seconds
[2024-11-14T07:42:05.356+0000] {processor.py:186} INFO - Started process (PID=3761) to work on /home/ubuntu/airflow-venv/lib/python3.12/site-packages/airflow/example_dags/example_python_operator.py
[2024-11-14T07:42:05.358+0000] {processor.py:914} INFO - Processing file /home/ubuntu/airflow-venv/lib/python3.12/site-packages/airflow/example_dags/example_python_operator.py for tasks to queue
[2024-11-14T07:42:05.370+0000] {logging_mixin.py:190} INFO - [2024-11-14T07:42:05.370+0000] {dagbag.py:588} INFO - Filling up the DagBag from /home/ubuntu/airflow-venv/lib/python3.12/site-packages/airflow/example_dags/example_python_operator.py
[2024-11-14T07:42:05.386+0000] {logging_mixin.py:190} INFO - [2024-11-14T07:42:05.386+0000] {example_python_operator.py:93} WARNING - The virtalenv_python example task requires virtualenv, please install it.
[2024-11-14T07:42:05.390+0000] {processor.py:925} INFO - DAG(s) 'example_python_operator' retrieved from /home/ubuntu/airflow-venv/lib/python3.12/site-packages/airflow/example_dags/example_python_operator.py
[2024-11-14T07:42:05.426+0000] {logging_mixin.py:190} INFO - [2024-11-14T07:42:05.426+0000] {dag.py:3239} INFO - Sync 1 DAGs
[2024-11-14T07:42:05.457+0000] {logging_mixin.py:190} INFO - [2024-11-14T07:42:05.457+0000] {dag.py:4180} INFO - Setting next_dagrun for example_python_operator to None, run_after=None
[2024-11-14T07:42:05.487+0000] {processor.py:208} INFO - Processing /home/ubuntu/airflow-venv/lib/python3.12/site-packages/airflow/example_dags/example_python_operator.py took 0.140 seconds
[2024-11-14T07:43:02.253+0000] {processor.py:186} INFO - Started process (PID=3819) to work on /home/ubuntu/airflow-venv/lib/python3.12/site-packages/airflow/example_dags/example_python_operator.py
[2024-11-14T07:43:02.255+0000] {processor.py:914} INFO - Processing file /home/ubuntu/airflow-venv/lib/python3.12/site-packages/airflow/example_dags/example_python_operator.py for tasks to queue
[2024-11-14T07:43:02.257+0000] {logging_mixin.py:190} INFO - [2024-11-14T07:43:02.257+0000] {dagbag.py:588} INFO - Filling up the DagBag from /home/ubuntu/airflow-venv/lib/python3.12/site-packages/airflow/example_dags/example_python_operator.py
[2024-11-14T07:43:02.266+0000] {logging_mixin.py:190} INFO - [2024-11-14T07:43:02.266+0000] {example_python_operator.py:93} WARNING - The virtalenv_python example task requires virtualenv, please install it.
[2024-11-14T07:43:02.269+0000] {processor.py:925} INFO - DAG(s) 'example_python_operator' retrieved from /home/ubuntu/airflow-venv/lib/python3.12/site-packages/airflow/example_dags/example_python_operator.py
[2024-11-14T07:43:02.292+0000] {logging_mixin.py:190} INFO - [2024-11-14T07:43:02.291+0000] {dag.py:3239} INFO - Sync 1 DAGs
[2024-11-14T07:43:02.308+0000] {logging_mixin.py:190} INFO - [2024-11-14T07:43:02.308+0000] {dag.py:4180} INFO - Setting next_dagrun for example_python_operator to None, run_after=None
[2024-11-14T07:43:02.335+0000] {processor.py:208} INFO - Processing /home/ubuntu/airflow-venv/lib/python3.12/site-packages/airflow/example_dags/example_python_operator.py took 0.088 seconds
[2024-11-14T07:44:05.610+0000] {processor.py:186} INFO - Started process (PID=3882) to work on /home/ubuntu/airflow-venv/lib/python3.12/site-packages/airflow/example_dags/example_python_operator.py
[2024-11-14T07:44:05.612+0000] {processor.py:914} INFO - Processing file /home/ubuntu/airflow-venv/lib/python3.12/site-packages/airflow/example_dags/example_python_operator.py for tasks to queue
[2024-11-14T07:44:05.614+0000] {logging_mixin.py:190} INFO - [2024-11-14T07:44:05.614+0000] {dagbag.py:588} INFO - Filling up the DagBag from /home/ubuntu/airflow-venv/lib/python3.12/site-packages/airflow/example_dags/example_python_operator.py
[2024-11-14T07:44:05.623+0000] {logging_mixin.py:190} INFO - [2024-11-14T07:44:05.622+0000] {example_python_operator.py:93} WARNING - The virtalenv_python example task requires virtualenv, please install it.
[2024-11-14T07:44:05.625+0000] {processor.py:925} INFO - DAG(s) 'example_python_operator' retrieved from /home/ubuntu/airflow-venv/lib/python3.12/site-packages/airflow/example_dags/example_python_operator.py
[2024-11-14T07:44:05.644+0000] {logging_mixin.py:190} INFO - [2024-11-14T07:44:05.644+0000] {dag.py:3239} INFO - Sync 1 DAGs
[2024-11-14T07:44:05.658+0000] {logging_mixin.py:190} INFO - [2024-11-14T07:44:05.658+0000] {dag.py:4180} INFO - Setting next_dagrun for example_python_operator to None, run_after=None
[2024-11-14T07:44:05.682+0000] {processor.py:208} INFO - Processing /home/ubuntu/airflow-venv/lib/python3.12/site-packages/airflow/example_dags/example_python_operator.py took 0.081 seconds
[2024-11-14T07:45:04.173+0000] {processor.py:186} INFO - Started process (PID=3942) to work on /home/ubuntu/airflow-venv/lib/python3.12/site-packages/airflow/example_dags/example_python_operator.py
[2024-11-14T07:45:04.175+0000] {processor.py:914} INFO - Processing file /home/ubuntu/airflow-venv/lib/python3.12/site-packages/airflow/example_dags/example_python_operator.py for tasks to queue
[2024-11-14T07:45:04.177+0000] {logging_mixin.py:190} INFO - [2024-11-14T07:45:04.177+0000] {dagbag.py:588} INFO - Filling up the DagBag from /home/ubuntu/airflow-venv/lib/python3.12/site-packages/airflow/example_dags/example_python_operator.py
[2024-11-14T07:45:04.185+0000] {logging_mixin.py:190} INFO - [2024-11-14T07:45:04.185+0000] {example_python_operator.py:93} WARNING - The virtalenv_python example task requires virtualenv, please install it.
[2024-11-14T07:45:04.188+0000] {processor.py:925} INFO - DAG(s) 'example_python_operator' retrieved from /home/ubuntu/airflow-venv/lib/python3.12/site-packages/airflow/example_dags/example_python_operator.py
[2024-11-14T07:45:04.209+0000] {logging_mixin.py:190} INFO - [2024-11-14T07:45:04.208+0000] {dag.py:3239} INFO - Sync 1 DAGs
[2024-11-14T07:45:04.222+0000] {logging_mixin.py:190} INFO - [2024-11-14T07:45:04.222+0000] {dag.py:4180} INFO - Setting next_dagrun for example_python_operator to None, run_after=None
[2024-11-14T07:45:04.246+0000] {processor.py:208} INFO - Processing /home/ubuntu/airflow-venv/lib/python3.12/site-packages/airflow/example_dags/example_python_operator.py took 0.080 seconds
[2024-11-14T07:45:57.322+0000] {processor.py:186} INFO - Started process (PID=4001) to work on /home/ubuntu/airflow-venv/lib/python3.12/site-packages/airflow/example_dags/example_python_operator.py
[2024-11-14T07:45:57.330+0000] {processor.py:914} INFO - Processing file /home/ubuntu/airflow-venv/lib/python3.12/site-packages/airflow/example_dags/example_python_operator.py for tasks to queue
[2024-11-14T07:45:57.333+0000] {logging_mixin.py:190} INFO - [2024-11-14T07:45:57.333+0000] {dagbag.py:588} INFO - Filling up the DagBag from /home/ubuntu/airflow-venv/lib/python3.12/site-packages/airflow/example_dags/example_python_operator.py
[2024-11-14T07:45:57.341+0000] {logging_mixin.py:190} INFO - [2024-11-14T07:45:57.341+0000] {example_python_operator.py:93} WARNING - The virtalenv_python example task requires virtualenv, please install it.
[2024-11-14T07:45:57.344+0000] {processor.py:925} INFO - DAG(s) 'example_python_operator' retrieved from /home/ubuntu/airflow-venv/lib/python3.12/site-packages/airflow/example_dags/example_python_operator.py
[2024-11-14T07:45:57.363+0000] {logging_mixin.py:190} INFO - [2024-11-14T07:45:57.363+0000] {dag.py:3239} INFO - Sync 1 DAGs
[2024-11-14T07:45:57.392+0000] {logging_mixin.py:190} INFO - [2024-11-14T07:45:57.392+0000] {dag.py:4180} INFO - Setting next_dagrun for example_python_operator to None, run_after=None
[2024-11-14T07:45:57.433+0000] {processor.py:208} INFO - Processing /home/ubuntu/airflow-venv/lib/python3.12/site-packages/airflow/example_dags/example_python_operator.py took 0.126 seconds
[2024-11-14T07:46:51.452+0000] {processor.py:186} INFO - Started process (PID=4058) to work on /home/ubuntu/airflow-venv/lib/python3.12/site-packages/airflow/example_dags/example_python_operator.py
[2024-11-14T07:46:51.454+0000] {processor.py:914} INFO - Processing file /home/ubuntu/airflow-venv/lib/python3.12/site-packages/airflow/example_dags/example_python_operator.py for tasks to queue
[2024-11-14T07:46:51.457+0000] {logging_mixin.py:190} INFO - [2024-11-14T07:46:51.456+0000] {dagbag.py:588} INFO - Filling up the DagBag from /home/ubuntu/airflow-venv/lib/python3.12/site-packages/airflow/example_dags/example_python_operator.py
[2024-11-14T07:46:51.464+0000] {logging_mixin.py:190} INFO - [2024-11-14T07:46:51.464+0000] {example_python_operator.py:93} WARNING - The virtalenv_python example task requires virtualenv, please install it.
[2024-11-14T07:46:51.467+0000] {processor.py:925} INFO - DAG(s) 'example_python_operator' retrieved from /home/ubuntu/airflow-venv/lib/python3.12/site-packages/airflow/example_dags/example_python_operator.py
[2024-11-14T07:46:51.485+0000] {logging_mixin.py:190} INFO - [2024-11-14T07:46:51.485+0000] {dag.py:3239} INFO - Sync 1 DAGs
[2024-11-14T07:46:51.505+0000] {logging_mixin.py:190} INFO - [2024-11-14T07:46:51.504+0000] {dag.py:4180} INFO - Setting next_dagrun for example_python_operator to None, run_after=None
[2024-11-14T07:46:51.539+0000] {processor.py:208} INFO - Processing /home/ubuntu/airflow-venv/lib/python3.12/site-packages/airflow/example_dags/example_python_operator.py took 0.093 seconds
[2024-11-14T07:47:47.040+0000] {processor.py:186} INFO - Started process (PID=4273) to work on /home/ubuntu/airflow-venv/lib/python3.12/site-packages/airflow/example_dags/example_python_operator.py
[2024-11-14T07:47:47.041+0000] {processor.py:914} INFO - Processing file /home/ubuntu/airflow-venv/lib/python3.12/site-packages/airflow/example_dags/example_python_operator.py for tasks to queue
[2024-11-14T07:47:47.044+0000] {logging_mixin.py:190} INFO - [2024-11-14T07:47:47.043+0000] {dagbag.py:588} INFO - Filling up the DagBag from /home/ubuntu/airflow-venv/lib/python3.12/site-packages/airflow/example_dags/example_python_operator.py
[2024-11-14T07:47:47.052+0000] {logging_mixin.py:190} INFO - [2024-11-14T07:47:47.052+0000] {example_python_operator.py:93} WARNING - The virtalenv_python example task requires virtualenv, please install it.
[2024-11-14T07:47:47.055+0000] {processor.py:925} INFO - DAG(s) 'example_python_operator' retrieved from /home/ubuntu/airflow-venv/lib/python3.12/site-packages/airflow/example_dags/example_python_operator.py
[2024-11-14T07:47:47.075+0000] {logging_mixin.py:190} INFO - [2024-11-14T07:47:47.075+0000] {dag.py:3239} INFO - Sync 1 DAGs
[2024-11-14T07:47:47.092+0000] {logging_mixin.py:190} INFO - [2024-11-14T07:47:47.091+0000] {dag.py:4180} INFO - Setting next_dagrun for example_python_operator to None, run_after=None
[2024-11-14T07:47:47.118+0000] {processor.py:208} INFO - Processing /home/ubuntu/airflow-venv/lib/python3.12/site-packages/airflow/example_dags/example_python_operator.py took 0.084 seconds
[2024-11-14T07:48:52.902+0000] {processor.py:186} INFO - Started process (PID=4620) to work on /home/ubuntu/airflow-venv/lib/python3.12/site-packages/airflow/example_dags/example_python_operator.py
[2024-11-14T07:48:52.904+0000] {processor.py:914} INFO - Processing file /home/ubuntu/airflow-venv/lib/python3.12/site-packages/airflow/example_dags/example_python_operator.py for tasks to queue
[2024-11-14T07:48:52.908+0000] {logging_mixin.py:190} INFO - [2024-11-14T07:48:52.908+0000] {dagbag.py:588} INFO - Filling up the DagBag from /home/ubuntu/airflow-venv/lib/python3.12/site-packages/airflow/example_dags/example_python_operator.py
[2024-11-14T07:48:52.919+0000] {logging_mixin.py:190} INFO - [2024-11-14T07:48:52.919+0000] {example_python_operator.py:93} WARNING - The virtalenv_python example task requires virtualenv, please install it.
[2024-11-14T07:48:52.923+0000] {processor.py:925} INFO - DAG(s) 'example_python_operator' retrieved from /home/ubuntu/airflow-venv/lib/python3.12/site-packages/airflow/example_dags/example_python_operator.py
[2024-11-14T07:48:52.953+0000] {logging_mixin.py:190} INFO - [2024-11-14T07:48:52.952+0000] {dag.py:3239} INFO - Sync 1 DAGs
[2024-11-14T07:48:52.971+0000] {logging_mixin.py:190} INFO - [2024-11-14T07:48:52.971+0000] {dag.py:4180} INFO - Setting next_dagrun for example_python_operator to None, run_after=None
[2024-11-14T07:48:52.995+0000] {processor.py:208} INFO - Processing /home/ubuntu/airflow-venv/lib/python3.12/site-packages/airflow/example_dags/example_python_operator.py took 0.102 seconds
[2024-11-14T07:49:53.034+0000] {processor.py:186} INFO - Started process (PID=4678) to work on /home/ubuntu/airflow-venv/lib/python3.12/site-packages/airflow/example_dags/example_python_operator.py
[2024-11-14T07:49:53.038+0000] {processor.py:914} INFO - Processing file /home/ubuntu/airflow-venv/lib/python3.12/site-packages/airflow/example_dags/example_python_operator.py for tasks to queue
[2024-11-14T07:49:53.041+0000] {logging_mixin.py:190} INFO - [2024-11-14T07:49:53.041+0000] {dagbag.py:588} INFO - Filling up the DagBag from /home/ubuntu/airflow-venv/lib/python3.12/site-packages/airflow/example_dags/example_python_operator.py
[2024-11-14T07:49:53.061+0000] {logging_mixin.py:190} INFO - [2024-11-14T07:49:53.060+0000] {example_python_operator.py:93} WARNING - The virtalenv_python example task requires virtualenv, please install it.
[2024-11-14T07:49:53.067+0000] {processor.py:925} INFO - DAG(s) 'example_python_operator' retrieved from /home/ubuntu/airflow-venv/lib/python3.12/site-packages/airflow/example_dags/example_python_operator.py
[2024-11-14T07:49:53.095+0000] {logging_mixin.py:190} INFO - [2024-11-14T07:49:53.094+0000] {dag.py:3239} INFO - Sync 1 DAGs
[2024-11-14T07:49:53.114+0000] {logging_mixin.py:190} INFO - [2024-11-14T07:49:53.114+0000] {dag.py:4180} INFO - Setting next_dagrun for example_python_operator to None, run_after=None
[2024-11-14T07:49:53.161+0000] {processor.py:208} INFO - Processing /home/ubuntu/airflow-venv/lib/python3.12/site-packages/airflow/example_dags/example_python_operator.py took 0.137 seconds
[2024-11-14T07:50:58.381+0000] {processor.py:186} INFO - Started process (PID=4746) to work on /home/ubuntu/airflow-venv/lib/python3.12/site-packages/airflow/example_dags/example_python_operator.py
[2024-11-14T07:50:58.383+0000] {processor.py:914} INFO - Processing file /home/ubuntu/airflow-venv/lib/python3.12/site-packages/airflow/example_dags/example_python_operator.py for tasks to queue
[2024-11-14T07:50:58.385+0000] {logging_mixin.py:190} INFO - [2024-11-14T07:50:58.385+0000] {dagbag.py:588} INFO - Filling up the DagBag from /home/ubuntu/airflow-venv/lib/python3.12/site-packages/airflow/example_dags/example_python_operator.py
[2024-11-14T07:50:58.395+0000] {logging_mixin.py:190} INFO - [2024-11-14T07:50:58.395+0000] {example_python_operator.py:93} WARNING - The virtalenv_python example task requires virtualenv, please install it.
[2024-11-14T07:50:58.398+0000] {processor.py:925} INFO - DAG(s) 'example_python_operator' retrieved from /home/ubuntu/airflow-venv/lib/python3.12/site-packages/airflow/example_dags/example_python_operator.py
[2024-11-14T07:50:58.429+0000] {logging_mixin.py:190} INFO - [2024-11-14T07:50:58.428+0000] {dag.py:3239} INFO - Sync 1 DAGs
[2024-11-14T07:50:58.444+0000] {logging_mixin.py:190} INFO - [2024-11-14T07:50:58.444+0000] {dag.py:4180} INFO - Setting next_dagrun for example_python_operator to None, run_after=None
[2024-11-14T07:50:58.470+0000] {processor.py:208} INFO - Processing /home/ubuntu/airflow-venv/lib/python3.12/site-packages/airflow/example_dags/example_python_operator.py took 0.105 seconds
[2024-11-14T07:51:59.902+0000] {processor.py:186} INFO - Started process (PID=4806) to work on /home/ubuntu/airflow-venv/lib/python3.12/site-packages/airflow/example_dags/example_python_operator.py
[2024-11-14T07:51:59.903+0000] {processor.py:914} INFO - Processing file /home/ubuntu/airflow-venv/lib/python3.12/site-packages/airflow/example_dags/example_python_operator.py for tasks to queue
[2024-11-14T07:51:59.905+0000] {logging_mixin.py:190} INFO - [2024-11-14T07:51:59.904+0000] {dagbag.py:588} INFO - Filling up the DagBag from /home/ubuntu/airflow-venv/lib/python3.12/site-packages/airflow/example_dags/example_python_operator.py
[2024-11-14T07:51:59.913+0000] {logging_mixin.py:190} INFO - [2024-11-14T07:51:59.913+0000] {example_python_operator.py:93} WARNING - The virtalenv_python example task requires virtualenv, please install it.
[2024-11-14T07:51:59.915+0000] {processor.py:925} INFO - DAG(s) 'example_python_operator' retrieved from /home/ubuntu/airflow-venv/lib/python3.12/site-packages/airflow/example_dags/example_python_operator.py
[2024-11-14T07:51:59.935+0000] {logging_mixin.py:190} INFO - [2024-11-14T07:51:59.935+0000] {dag.py:3239} INFO - Sync 1 DAGs
[2024-11-14T07:51:59.949+0000] {logging_mixin.py:190} INFO - [2024-11-14T07:51:59.948+0000] {dag.py:4180} INFO - Setting next_dagrun for example_python_operator to None, run_after=None
[2024-11-14T07:51:59.972+0000] {processor.py:208} INFO - Processing /home/ubuntu/airflow-venv/lib/python3.12/site-packages/airflow/example_dags/example_python_operator.py took 0.076 seconds
[2024-11-14T07:52:58.290+0000] {processor.py:186} INFO - Started process (PID=4866) to work on /home/ubuntu/airflow-venv/lib/python3.12/site-packages/airflow/example_dags/example_python_operator.py
[2024-11-14T07:52:58.292+0000] {processor.py:914} INFO - Processing file /home/ubuntu/airflow-venv/lib/python3.12/site-packages/airflow/example_dags/example_python_operator.py for tasks to queue
[2024-11-14T07:52:58.293+0000] {logging_mixin.py:190} INFO - [2024-11-14T07:52:58.292+0000] {dagbag.py:588} INFO - Filling up the DagBag from /home/ubuntu/airflow-venv/lib/python3.12/site-packages/airflow/example_dags/example_python_operator.py
[2024-11-14T07:52:58.300+0000] {logging_mixin.py:190} INFO - [2024-11-14T07:52:58.300+0000] {example_python_operator.py:93} WARNING - The virtalenv_python example task requires virtualenv, please install it.
[2024-11-14T07:52:58.303+0000] {processor.py:925} INFO - DAG(s) 'example_python_operator' retrieved from /home/ubuntu/airflow-venv/lib/python3.12/site-packages/airflow/example_dags/example_python_operator.py
[2024-11-14T07:52:58.322+0000] {logging_mixin.py:190} INFO - [2024-11-14T07:52:58.322+0000] {dag.py:3239} INFO - Sync 1 DAGs
[2024-11-14T07:52:58.336+0000] {logging_mixin.py:190} INFO - [2024-11-14T07:52:58.335+0000] {dag.py:4180} INFO - Setting next_dagrun for example_python_operator to None, run_after=None
[2024-11-14T07:52:58.358+0000] {processor.py:208} INFO - Processing /home/ubuntu/airflow-venv/lib/python3.12/site-packages/airflow/example_dags/example_python_operator.py took 0.074 seconds
[2024-11-14T07:53:56.671+0000] {processor.py:186} INFO - Started process (PID=4927) to work on /home/ubuntu/airflow-venv/lib/python3.12/site-packages/airflow/example_dags/example_python_operator.py
[2024-11-14T07:53:56.673+0000] {processor.py:914} INFO - Processing file /home/ubuntu/airflow-venv/lib/python3.12/site-packages/airflow/example_dags/example_python_operator.py for tasks to queue
[2024-11-14T07:53:56.675+0000] {logging_mixin.py:190} INFO - [2024-11-14T07:53:56.674+0000] {dagbag.py:588} INFO - Filling up the DagBag from /home/ubuntu/airflow-venv/lib/python3.12/site-packages/airflow/example_dags/example_python_operator.py
[2024-11-14T07:53:56.683+0000] {logging_mixin.py:190} INFO - [2024-11-14T07:53:56.683+0000] {example_python_operator.py:93} WARNING - The virtalenv_python example task requires virtualenv, please install it.
[2024-11-14T07:53:56.686+0000] {processor.py:925} INFO - DAG(s) 'example_python_operator' retrieved from /home/ubuntu/airflow-venv/lib/python3.12/site-packages/airflow/example_dags/example_python_operator.py
[2024-11-14T07:53:56.706+0000] {logging_mixin.py:190} INFO - [2024-11-14T07:53:56.706+0000] {dag.py:3239} INFO - Sync 1 DAGs
[2024-11-14T07:53:56.722+0000] {logging_mixin.py:190} INFO - [2024-11-14T07:53:56.721+0000] {dag.py:4180} INFO - Setting next_dagrun for example_python_operator to None, run_after=None
[2024-11-14T07:53:56.747+0000] {processor.py:208} INFO - Processing /home/ubuntu/airflow-venv/lib/python3.12/site-packages/airflow/example_dags/example_python_operator.py took 0.082 seconds
[2024-11-14T07:54:57.513+0000] {processor.py:186} INFO - Started process (PID=4986) to work on /home/ubuntu/airflow-venv/lib/python3.12/site-packages/airflow/example_dags/example_python_operator.py
[2024-11-14T07:54:57.514+0000] {processor.py:914} INFO - Processing file /home/ubuntu/airflow-venv/lib/python3.12/site-packages/airflow/example_dags/example_python_operator.py for tasks to queue
[2024-11-14T07:54:57.516+0000] {logging_mixin.py:190} INFO - [2024-11-14T07:54:57.515+0000] {dagbag.py:588} INFO - Filling up the DagBag from /home/ubuntu/airflow-venv/lib/python3.12/site-packages/airflow/example_dags/example_python_operator.py
[2024-11-14T07:54:57.524+0000] {logging_mixin.py:190} INFO - [2024-11-14T07:54:57.524+0000] {example_python_operator.py:93} WARNING - The virtalenv_python example task requires virtualenv, please install it.
[2024-11-14T07:54:57.526+0000] {processor.py:925} INFO - DAG(s) 'example_python_operator' retrieved from /home/ubuntu/airflow-venv/lib/python3.12/site-packages/airflow/example_dags/example_python_operator.py
[2024-11-14T07:54:57.548+0000] {logging_mixin.py:190} INFO - [2024-11-14T07:54:57.548+0000] {dag.py:3239} INFO - Sync 1 DAGs
[2024-11-14T07:54:57.561+0000] {logging_mixin.py:190} INFO - [2024-11-14T07:54:57.561+0000] {dag.py:4180} INFO - Setting next_dagrun for example_python_operator to None, run_after=None
[2024-11-14T07:54:57.586+0000] {processor.py:208} INFO - Processing /home/ubuntu/airflow-venv/lib/python3.12/site-packages/airflow/example_dags/example_python_operator.py took 0.088 seconds
[2024-11-14T07:55:59.424+0000] {processor.py:186} INFO - Started process (PID=5050) to work on /home/ubuntu/airflow-venv/lib/python3.12/site-packages/airflow/example_dags/example_python_operator.py
[2024-11-14T07:55:59.426+0000] {processor.py:914} INFO - Processing file /home/ubuntu/airflow-venv/lib/python3.12/site-packages/airflow/example_dags/example_python_operator.py for tasks to queue
[2024-11-14T07:55:59.428+0000] {logging_mixin.py:190} INFO - [2024-11-14T07:55:59.427+0000] {dagbag.py:588} INFO - Filling up the DagBag from /home/ubuntu/airflow-venv/lib/python3.12/site-packages/airflow/example_dags/example_python_operator.py
[2024-11-14T07:55:59.440+0000] {logging_mixin.py:190} INFO - [2024-11-14T07:55:59.440+0000] {example_python_operator.py:93} WARNING - The virtalenv_python example task requires virtualenv, please install it.
[2024-11-14T07:55:59.444+0000] {processor.py:925} INFO - DAG(s) 'example_python_operator' retrieved from /home/ubuntu/airflow-venv/lib/python3.12/site-packages/airflow/example_dags/example_python_operator.py
[2024-11-14T07:55:59.472+0000] {logging_mixin.py:190} INFO - [2024-11-14T07:55:59.472+0000] {dag.py:3239} INFO - Sync 1 DAGs
[2024-11-14T07:55:59.496+0000] {logging_mixin.py:190} INFO - [2024-11-14T07:55:59.495+0000] {dag.py:4180} INFO - Setting next_dagrun for example_python_operator to None, run_after=None
[2024-11-14T07:55:59.524+0000] {processor.py:208} INFO - Processing /home/ubuntu/airflow-venv/lib/python3.12/site-packages/airflow/example_dags/example_python_operator.py took 0.110 seconds
[2024-11-14T07:56:58.245+0000] {processor.py:186} INFO - Started process (PID=5112) to work on /home/ubuntu/airflow-venv/lib/python3.12/site-packages/airflow/example_dags/example_python_operator.py
[2024-11-14T07:56:58.248+0000] {processor.py:914} INFO - Processing file /home/ubuntu/airflow-venv/lib/python3.12/site-packages/airflow/example_dags/example_python_operator.py for tasks to queue
[2024-11-14T07:56:58.250+0000] {logging_mixin.py:190} INFO - [2024-11-14T07:56:58.249+0000] {dagbag.py:588} INFO - Filling up the DagBag from /home/ubuntu/airflow-venv/lib/python3.12/site-packages/airflow/example_dags/example_python_operator.py
[2024-11-14T07:56:58.261+0000] {logging_mixin.py:190} INFO - [2024-11-14T07:56:58.260+0000] {example_python_operator.py:93} WARNING - The virtalenv_python example task requires virtualenv, please install it.
[2024-11-14T07:56:58.264+0000] {processor.py:925} INFO - DAG(s) 'example_python_operator' retrieved from /home/ubuntu/airflow-venv/lib/python3.12/site-packages/airflow/example_dags/example_python_operator.py
[2024-11-14T07:56:58.284+0000] {logging_mixin.py:190} INFO - [2024-11-14T07:56:58.284+0000] {dag.py:3239} INFO - Sync 1 DAGs
[2024-11-14T07:56:58.298+0000] {logging_mixin.py:190} INFO - [2024-11-14T07:56:58.298+0000] {dag.py:4180} INFO - Setting next_dagrun for example_python_operator to None, run_after=None
[2024-11-14T07:56:58.320+0000] {processor.py:208} INFO - Processing /home/ubuntu/airflow-venv/lib/python3.12/site-packages/airflow/example_dags/example_python_operator.py took 0.086 seconds
[2024-11-14T07:57:58.728+0000] {processor.py:186} INFO - Started process (PID=5173) to work on /home/ubuntu/airflow-venv/lib/python3.12/site-packages/airflow/example_dags/example_python_operator.py
[2024-11-14T07:57:58.730+0000] {processor.py:914} INFO - Processing file /home/ubuntu/airflow-venv/lib/python3.12/site-packages/airflow/example_dags/example_python_operator.py for tasks to queue
[2024-11-14T07:57:58.732+0000] {logging_mixin.py:190} INFO - [2024-11-14T07:57:58.731+0000] {dagbag.py:588} INFO - Filling up the DagBag from /home/ubuntu/airflow-venv/lib/python3.12/site-packages/airflow/example_dags/example_python_operator.py
[2024-11-14T07:57:58.747+0000] {logging_mixin.py:190} INFO - [2024-11-14T07:57:58.747+0000] {example_python_operator.py:93} WARNING - The virtalenv_python example task requires virtualenv, please install it.
[2024-11-14T07:57:58.750+0000] {processor.py:925} INFO - DAG(s) 'example_python_operator' retrieved from /home/ubuntu/airflow-venv/lib/python3.12/site-packages/airflow/example_dags/example_python_operator.py
[2024-11-14T07:57:58.790+0000] {logging_mixin.py:190} INFO - [2024-11-14T07:57:58.789+0000] {dag.py:3239} INFO - Sync 1 DAGs
[2024-11-14T07:57:58.809+0000] {logging_mixin.py:190} INFO - [2024-11-14T07:57:58.809+0000] {dag.py:4180} INFO - Setting next_dagrun for example_python_operator to None, run_after=None
[2024-11-14T07:57:58.852+0000] {processor.py:208} INFO - Processing /home/ubuntu/airflow-venv/lib/python3.12/site-packages/airflow/example_dags/example_python_operator.py took 0.134 seconds
[2024-11-14T07:58:58.543+0000] {processor.py:186} INFO - Started process (PID=5232) to work on /home/ubuntu/airflow-venv/lib/python3.12/site-packages/airflow/example_dags/example_python_operator.py
[2024-11-14T07:58:58.545+0000] {processor.py:914} INFO - Processing file /home/ubuntu/airflow-venv/lib/python3.12/site-packages/airflow/example_dags/example_python_operator.py for tasks to queue
[2024-11-14T07:58:58.546+0000] {logging_mixin.py:190} INFO - [2024-11-14T07:58:58.546+0000] {dagbag.py:588} INFO - Filling up the DagBag from /home/ubuntu/airflow-venv/lib/python3.12/site-packages/airflow/example_dags/example_python_operator.py
[2024-11-14T07:58:58.554+0000] {logging_mixin.py:190} INFO - [2024-11-14T07:58:58.554+0000] {example_python_operator.py:93} WARNING - The virtalenv_python example task requires virtualenv, please install it.
[2024-11-14T07:58:58.557+0000] {processor.py:925} INFO - DAG(s) 'example_python_operator' retrieved from /home/ubuntu/airflow-venv/lib/python3.12/site-packages/airflow/example_dags/example_python_operator.py
[2024-11-14T07:58:58.575+0000] {logging_mixin.py:190} INFO - [2024-11-14T07:58:58.575+0000] {dag.py:3239} INFO - Sync 1 DAGs
[2024-11-14T07:58:58.594+0000] {logging_mixin.py:190} INFO - [2024-11-14T07:58:58.594+0000] {dag.py:4180} INFO - Setting next_dagrun for example_python_operator to None, run_after=None
[2024-11-14T07:58:58.618+0000] {processor.py:208} INFO - Processing /home/ubuntu/airflow-venv/lib/python3.12/site-packages/airflow/example_dags/example_python_operator.py took 0.081 seconds
[2024-11-14T07:59:58.620+0000] {processor.py:186} INFO - Started process (PID=5292) to work on /home/ubuntu/airflow-venv/lib/python3.12/site-packages/airflow/example_dags/example_python_operator.py
[2024-11-14T07:59:58.622+0000] {processor.py:914} INFO - Processing file /home/ubuntu/airflow-venv/lib/python3.12/site-packages/airflow/example_dags/example_python_operator.py for tasks to queue
[2024-11-14T07:59:58.623+0000] {logging_mixin.py:190} INFO - [2024-11-14T07:59:58.623+0000] {dagbag.py:588} INFO - Filling up the DagBag from /home/ubuntu/airflow-venv/lib/python3.12/site-packages/airflow/example_dags/example_python_operator.py
[2024-11-14T07:59:58.637+0000] {logging_mixin.py:190} INFO - [2024-11-14T07:59:58.637+0000] {example_python_operator.py:93} WARNING - The virtalenv_python example task requires virtualenv, please install it.
[2024-11-14T07:59:58.642+0000] {processor.py:925} INFO - DAG(s) 'example_python_operator' retrieved from /home/ubuntu/airflow-venv/lib/python3.12/site-packages/airflow/example_dags/example_python_operator.py
[2024-11-14T07:59:58.660+0000] {logging_mixin.py:190} INFO - [2024-11-14T07:59:58.660+0000] {dag.py:3239} INFO - Sync 1 DAGs
[2024-11-14T07:59:58.678+0000] {logging_mixin.py:190} INFO - [2024-11-14T07:59:58.678+0000] {dag.py:4180} INFO - Setting next_dagrun for example_python_operator to None, run_after=None
[2024-11-14T07:59:58.701+0000] {processor.py:208} INFO - Processing /home/ubuntu/airflow-venv/lib/python3.12/site-packages/airflow/example_dags/example_python_operator.py took 0.096 seconds
[2024-11-14T08:00:58.142+0000] {processor.py:186} INFO - Started process (PID=5359) to work on /home/ubuntu/airflow-venv/lib/python3.12/site-packages/airflow/example_dags/example_python_operator.py
[2024-11-14T08:00:58.144+0000] {processor.py:914} INFO - Processing file /home/ubuntu/airflow-venv/lib/python3.12/site-packages/airflow/example_dags/example_python_operator.py for tasks to queue
[2024-11-14T08:00:58.145+0000] {logging_mixin.py:190} INFO - [2024-11-14T08:00:58.145+0000] {dagbag.py:588} INFO - Filling up the DagBag from /home/ubuntu/airflow-venv/lib/python3.12/site-packages/airflow/example_dags/example_python_operator.py
[2024-11-14T08:00:58.153+0000] {logging_mixin.py:190} INFO - [2024-11-14T08:00:58.153+0000] {example_python_operator.py:93} WARNING - The virtalenv_python example task requires virtualenv, please install it.
[2024-11-14T08:00:58.156+0000] {processor.py:925} INFO - DAG(s) 'example_python_operator' retrieved from /home/ubuntu/airflow-venv/lib/python3.12/site-packages/airflow/example_dags/example_python_operator.py
[2024-11-14T08:00:58.175+0000] {logging_mixin.py:190} INFO - [2024-11-14T08:00:58.175+0000] {dag.py:3239} INFO - Sync 1 DAGs
[2024-11-14T08:00:58.189+0000] {logging_mixin.py:190} INFO - [2024-11-14T08:00:58.189+0000] {dag.py:4180} INFO - Setting next_dagrun for example_python_operator to None, run_after=None
[2024-11-14T08:00:58.213+0000] {processor.py:208} INFO - Processing /home/ubuntu/airflow-venv/lib/python3.12/site-packages/airflow/example_dags/example_python_operator.py took 0.079 seconds
[2024-11-14T08:01:58.652+0000] {processor.py:186} INFO - Started process (PID=5418) to work on /home/ubuntu/airflow-venv/lib/python3.12/site-packages/airflow/example_dags/example_python_operator.py
[2024-11-14T08:01:58.653+0000] {processor.py:914} INFO - Processing file /home/ubuntu/airflow-venv/lib/python3.12/site-packages/airflow/example_dags/example_python_operator.py for tasks to queue
[2024-11-14T08:01:58.654+0000] {logging_mixin.py:190} INFO - [2024-11-14T08:01:58.654+0000] {dagbag.py:588} INFO - Filling up the DagBag from /home/ubuntu/airflow-venv/lib/python3.12/site-packages/airflow/example_dags/example_python_operator.py
[2024-11-14T08:01:58.663+0000] {logging_mixin.py:190} INFO - [2024-11-14T08:01:58.663+0000] {example_python_operator.py:93} WARNING - The virtalenv_python example task requires virtualenv, please install it.
[2024-11-14T08:01:58.666+0000] {processor.py:925} INFO - DAG(s) 'example_python_operator' retrieved from /home/ubuntu/airflow-venv/lib/python3.12/site-packages/airflow/example_dags/example_python_operator.py
[2024-11-14T08:01:58.686+0000] {logging_mixin.py:190} INFO - [2024-11-14T08:01:58.686+0000] {dag.py:3239} INFO - Sync 1 DAGs
[2024-11-14T08:01:58.699+0000] {logging_mixin.py:190} INFO - [2024-11-14T08:01:58.699+0000] {dag.py:4180} INFO - Setting next_dagrun for example_python_operator to None, run_after=None
[2024-11-14T08:01:58.723+0000] {processor.py:208} INFO - Processing /home/ubuntu/airflow-venv/lib/python3.12/site-packages/airflow/example_dags/example_python_operator.py took 0.077 seconds
[2024-11-14T08:03:00.123+0000] {processor.py:186} INFO - Started process (PID=5481) to work on /home/ubuntu/airflow-venv/lib/python3.12/site-packages/airflow/example_dags/example_python_operator.py
[2024-11-14T08:03:00.127+0000] {processor.py:914} INFO - Processing file /home/ubuntu/airflow-venv/lib/python3.12/site-packages/airflow/example_dags/example_python_operator.py for tasks to queue
[2024-11-14T08:03:00.128+0000] {logging_mixin.py:190} INFO - [2024-11-14T08:03:00.128+0000] {dagbag.py:588} INFO - Filling up the DagBag from /home/ubuntu/airflow-venv/lib/python3.12/site-packages/airflow/example_dags/example_python_operator.py
[2024-11-14T08:03:00.138+0000] {logging_mixin.py:190} INFO - [2024-11-14T08:03:00.138+0000] {example_python_operator.py:93} WARNING - The virtalenv_python example task requires virtualenv, please install it.
[2024-11-14T08:03:00.141+0000] {processor.py:925} INFO - DAG(s) 'example_python_operator' retrieved from /home/ubuntu/airflow-venv/lib/python3.12/site-packages/airflow/example_dags/example_python_operator.py
[2024-11-14T08:03:00.161+0000] {logging_mixin.py:190} INFO - [2024-11-14T08:03:00.161+0000] {dag.py:3239} INFO - Sync 1 DAGs
[2024-11-14T08:03:00.177+0000] {logging_mixin.py:190} INFO - [2024-11-14T08:03:00.177+0000] {dag.py:4180} INFO - Setting next_dagrun for example_python_operator to None, run_after=None
[2024-11-14T08:03:00.228+0000] {processor.py:208} INFO - Processing /home/ubuntu/airflow-venv/lib/python3.12/site-packages/airflow/example_dags/example_python_operator.py took 0.117 seconds
