[2024-11-14T07:40:40.829+0000] {processor.py:186} INFO - Started process (PID=3683) to work on /home/ubuntu/airflow-venv/lib/python3.12/site-packages/airflow/example_dags/example_trigger_controller_dag.py
[2024-11-14T07:40:40.829+0000] {processor.py:914} INFO - Processing file /home/ubuntu/airflow-venv/lib/python3.12/site-packages/airflow/example_dags/example_trigger_controller_dag.py for tasks to queue
[2024-11-14T07:40:40.832+0000] {logging_mixin.py:190} INFO - [2024-11-14T07:40:40.831+0000] {dagbag.py:588} INFO - Filling up the DagBag from /home/ubuntu/airflow-venv/lib/python3.12/site-packages/airflow/example_dags/example_trigger_controller_dag.py
[2024-11-14T07:40:40.840+0000] {processor.py:925} INFO - DAG(s) 'example_trigger_controller_dag' retrieved from /home/ubuntu/airflow-venv/lib/python3.12/site-packages/airflow/example_dags/example_trigger_controller_dag.py
[2024-11-14T07:40:40.960+0000] {logging_mixin.py:190} INFO - [2024-11-14T07:40:40.959+0000] {override.py:1911} INFO - Created Permission View: can delete on DAG:example_trigger_controller_dag
[2024-11-14T07:40:40.974+0000] {logging_mixin.py:190} INFO - [2024-11-14T07:40:40.973+0000] {override.py:1911} INFO - Created Permission View: can read on DAG:example_trigger_controller_dag
[2024-11-14T07:40:40.987+0000] {logging_mixin.py:190} INFO - [2024-11-14T07:40:40.985+0000] {override.py:1911} INFO - Created Permission View: can edit on DAG:example_trigger_controller_dag
[2024-11-14T07:40:41.016+0000] {logging_mixin.py:190} INFO - [2024-11-14T07:40:41.015+0000] {override.py:1911} INFO - Created Permission View: can delete on DAG Run:example_trigger_controller_dag
[2024-11-14T07:40:41.031+0000] {logging_mixin.py:190} INFO - [2024-11-14T07:40:41.030+0000] {override.py:1911} INFO - Created Permission View: can create on DAG Run:example_trigger_controller_dag
[2024-11-14T07:40:41.048+0000] {logging_mixin.py:190} INFO - [2024-11-14T07:40:41.047+0000] {override.py:1911} INFO - Created Permission View: can read on DAG Run:example_trigger_controller_dag
[2024-11-14T07:40:41.064+0000] {logging_mixin.py:190} INFO - [2024-11-14T07:40:41.063+0000] {override.py:1911} INFO - Created Permission View: menu access on DAG Run:example_trigger_controller_dag
[2024-11-14T07:40:41.064+0000] {logging_mixin.py:190} INFO - [2024-11-14T07:40:41.064+0000] {dag.py:3239} INFO - Sync 1 DAGs
[2024-11-14T07:40:41.079+0000] {logging_mixin.py:190} INFO - [2024-11-14T07:40:41.078+0000] {dag.py:3262} INFO - Creating ORM DAG for example_trigger_controller_dag
[2024-11-14T07:40:41.087+0000] {logging_mixin.py:190} INFO - [2024-11-14T07:40:41.087+0000] {dag.py:4180} INFO - Setting next_dagrun for example_trigger_controller_dag to 2021-01-01 00:00:00+00:00, run_after=2021-01-01 00:00:00+00:00
[2024-11-14T07:40:41.111+0000] {processor.py:208} INFO - Processing /home/ubuntu/airflow-venv/lib/python3.12/site-packages/airflow/example_dags/example_trigger_controller_dag.py took 0.289 seconds
[2024-11-14T07:41:49.218+0000] {processor.py:186} INFO - Started process (PID=3745) to work on /home/ubuntu/airflow-venv/lib/python3.12/site-packages/airflow/example_dags/example_trigger_controller_dag.py
[2024-11-14T07:41:49.222+0000] {processor.py:914} INFO - Processing file /home/ubuntu/airflow-venv/lib/python3.12/site-packages/airflow/example_dags/example_trigger_controller_dag.py for tasks to queue
[2024-11-14T07:41:49.224+0000] {logging_mixin.py:190} INFO - [2024-11-14T07:41:49.224+0000] {dagbag.py:588} INFO - Filling up the DagBag from /home/ubuntu/airflow-venv/lib/python3.12/site-packages/airflow/example_dags/example_trigger_controller_dag.py
[2024-11-14T07:41:49.233+0000] {processor.py:925} INFO - DAG(s) 'example_trigger_controller_dag' retrieved from /home/ubuntu/airflow-venv/lib/python3.12/site-packages/airflow/example_dags/example_trigger_controller_dag.py
[2024-11-14T07:41:49.252+0000] {logging_mixin.py:190} INFO - [2024-11-14T07:41:49.252+0000] {dag.py:3239} INFO - Sync 1 DAGs
[2024-11-14T07:41:49.274+0000] {logging_mixin.py:190} INFO - [2024-11-14T07:41:49.273+0000] {dag.py:4180} INFO - Setting next_dagrun for example_trigger_controller_dag to 2021-01-01 00:00:00+00:00, run_after=2021-01-01 00:00:00+00:00
[2024-11-14T07:41:49.298+0000] {processor.py:208} INFO - Processing /home/ubuntu/airflow-venv/lib/python3.12/site-packages/airflow/example_dags/example_trigger_controller_dag.py took 0.087 seconds
[2024-11-14T07:42:44.675+0000] {processor.py:186} INFO - Started process (PID=3802) to work on /home/ubuntu/airflow-venv/lib/python3.12/site-packages/airflow/example_dags/example_trigger_controller_dag.py
[2024-11-14T07:42:44.676+0000] {processor.py:914} INFO - Processing file /home/ubuntu/airflow-venv/lib/python3.12/site-packages/airflow/example_dags/example_trigger_controller_dag.py for tasks to queue
[2024-11-14T07:42:44.679+0000] {logging_mixin.py:190} INFO - [2024-11-14T07:42:44.679+0000] {dagbag.py:588} INFO - Filling up the DagBag from /home/ubuntu/airflow-venv/lib/python3.12/site-packages/airflow/example_dags/example_trigger_controller_dag.py
[2024-11-14T07:42:44.686+0000] {processor.py:925} INFO - DAG(s) 'example_trigger_controller_dag' retrieved from /home/ubuntu/airflow-venv/lib/python3.12/site-packages/airflow/example_dags/example_trigger_controller_dag.py
[2024-11-14T07:42:44.704+0000] {logging_mixin.py:190} INFO - [2024-11-14T07:42:44.704+0000] {dag.py:3239} INFO - Sync 1 DAGs
[2024-11-14T07:42:44.724+0000] {logging_mixin.py:190} INFO - [2024-11-14T07:42:44.724+0000] {dag.py:4180} INFO - Setting next_dagrun for example_trigger_controller_dag to 2021-01-01 00:00:00+00:00, run_after=2021-01-01 00:00:00+00:00
[2024-11-14T07:42:44.748+0000] {processor.py:208} INFO - Processing /home/ubuntu/airflow-venv/lib/python3.12/site-packages/airflow/example_dags/example_trigger_controller_dag.py took 0.079 seconds
[2024-11-14T07:43:38.686+0000] {processor.py:186} INFO - Started process (PID=3857) to work on /home/ubuntu/airflow-venv/lib/python3.12/site-packages/airflow/example_dags/example_trigger_controller_dag.py
[2024-11-14T07:43:38.688+0000] {processor.py:914} INFO - Processing file /home/ubuntu/airflow-venv/lib/python3.12/site-packages/airflow/example_dags/example_trigger_controller_dag.py for tasks to queue
[2024-11-14T07:43:38.690+0000] {logging_mixin.py:190} INFO - [2024-11-14T07:43:38.689+0000] {dagbag.py:588} INFO - Filling up the DagBag from /home/ubuntu/airflow-venv/lib/python3.12/site-packages/airflow/example_dags/example_trigger_controller_dag.py
[2024-11-14T07:43:38.698+0000] {processor.py:925} INFO - DAG(s) 'example_trigger_controller_dag' retrieved from /home/ubuntu/airflow-venv/lib/python3.12/site-packages/airflow/example_dags/example_trigger_controller_dag.py
[2024-11-14T07:43:38.717+0000] {logging_mixin.py:190} INFO - [2024-11-14T07:43:38.717+0000] {dag.py:3239} INFO - Sync 1 DAGs
[2024-11-14T07:43:38.740+0000] {logging_mixin.py:190} INFO - [2024-11-14T07:43:38.739+0000] {dag.py:4180} INFO - Setting next_dagrun for example_trigger_controller_dag to 2021-01-01 00:00:00+00:00, run_after=2021-01-01 00:00:00+00:00
[2024-11-14T07:43:38.770+0000] {processor.py:208} INFO - Processing /home/ubuntu/airflow-venv/lib/python3.12/site-packages/airflow/example_dags/example_trigger_controller_dag.py took 0.092 seconds
[2024-11-14T07:44:37.784+0000] {processor.py:186} INFO - Started process (PID=3913) to work on /home/ubuntu/airflow-venv/lib/python3.12/site-packages/airflow/example_dags/example_trigger_controller_dag.py
[2024-11-14T07:44:37.786+0000] {processor.py:914} INFO - Processing file /home/ubuntu/airflow-venv/lib/python3.12/site-packages/airflow/example_dags/example_trigger_controller_dag.py for tasks to queue
[2024-11-14T07:44:37.788+0000] {logging_mixin.py:190} INFO - [2024-11-14T07:44:37.788+0000] {dagbag.py:588} INFO - Filling up the DagBag from /home/ubuntu/airflow-venv/lib/python3.12/site-packages/airflow/example_dags/example_trigger_controller_dag.py
[2024-11-14T07:44:37.797+0000] {processor.py:925} INFO - DAG(s) 'example_trigger_controller_dag' retrieved from /home/ubuntu/airflow-venv/lib/python3.12/site-packages/airflow/example_dags/example_trigger_controller_dag.py
[2024-11-14T07:44:37.818+0000] {logging_mixin.py:190} INFO - [2024-11-14T07:44:37.818+0000] {dag.py:3239} INFO - Sync 1 DAGs
[2024-11-14T07:44:37.846+0000] {logging_mixin.py:190} INFO - [2024-11-14T07:44:37.846+0000] {dag.py:4180} INFO - Setting next_dagrun for example_trigger_controller_dag to 2021-01-01 00:00:00+00:00, run_after=2021-01-01 00:00:00+00:00
[2024-11-14T07:44:37.880+0000] {processor.py:208} INFO - Processing /home/ubuntu/airflow-venv/lib/python3.12/site-packages/airflow/example_dags/example_trigger_controller_dag.py took 0.103 seconds
[2024-11-14T07:45:33.530+0000] {processor.py:186} INFO - Started process (PID=3973) to work on /home/ubuntu/airflow-venv/lib/python3.12/site-packages/airflow/example_dags/example_trigger_controller_dag.py
[2024-11-14T07:45:33.532+0000] {processor.py:914} INFO - Processing file /home/ubuntu/airflow-venv/lib/python3.12/site-packages/airflow/example_dags/example_trigger_controller_dag.py for tasks to queue
[2024-11-14T07:45:33.534+0000] {logging_mixin.py:190} INFO - [2024-11-14T07:45:33.534+0000] {dagbag.py:588} INFO - Filling up the DagBag from /home/ubuntu/airflow-venv/lib/python3.12/site-packages/airflow/example_dags/example_trigger_controller_dag.py
[2024-11-14T07:45:33.544+0000] {processor.py:925} INFO - DAG(s) 'example_trigger_controller_dag' retrieved from /home/ubuntu/airflow-venv/lib/python3.12/site-packages/airflow/example_dags/example_trigger_controller_dag.py
[2024-11-14T07:45:33.562+0000] {logging_mixin.py:190} INFO - [2024-11-14T07:45:33.562+0000] {dag.py:3239} INFO - Sync 1 DAGs
[2024-11-14T07:45:33.593+0000] {logging_mixin.py:190} INFO - [2024-11-14T07:45:33.593+0000] {dag.py:4180} INFO - Setting next_dagrun for example_trigger_controller_dag to 2021-01-01 00:00:00+00:00, run_after=2021-01-01 00:00:00+00:00
[2024-11-14T07:45:33.620+0000] {processor.py:208} INFO - Processing /home/ubuntu/airflow-venv/lib/python3.12/site-packages/airflow/example_dags/example_trigger_controller_dag.py took 0.096 seconds
[2024-11-14T07:46:25.547+0000] {processor.py:186} INFO - Started process (PID=4032) to work on /home/ubuntu/airflow-venv/lib/python3.12/site-packages/airflow/example_dags/example_trigger_controller_dag.py
[2024-11-14T07:46:25.549+0000] {processor.py:914} INFO - Processing file /home/ubuntu/airflow-venv/lib/python3.12/site-packages/airflow/example_dags/example_trigger_controller_dag.py for tasks to queue
[2024-11-14T07:46:25.551+0000] {logging_mixin.py:190} INFO - [2024-11-14T07:46:25.551+0000] {dagbag.py:588} INFO - Filling up the DagBag from /home/ubuntu/airflow-venv/lib/python3.12/site-packages/airflow/example_dags/example_trigger_controller_dag.py
[2024-11-14T07:46:25.571+0000] {processor.py:925} INFO - DAG(s) 'example_trigger_controller_dag' retrieved from /home/ubuntu/airflow-venv/lib/python3.12/site-packages/airflow/example_dags/example_trigger_controller_dag.py
[2024-11-14T07:46:25.595+0000] {logging_mixin.py:190} INFO - [2024-11-14T07:46:25.594+0000] {dag.py:3239} INFO - Sync 1 DAGs
[2024-11-14T07:46:25.615+0000] {logging_mixin.py:190} INFO - [2024-11-14T07:46:25.615+0000] {dag.py:4180} INFO - Setting next_dagrun for example_trigger_controller_dag to 2021-01-01 00:00:00+00:00, run_after=2021-01-01 00:00:00+00:00
[2024-11-14T07:46:25.639+0000] {processor.py:208} INFO - Processing /home/ubuntu/airflow-venv/lib/python3.12/site-packages/airflow/example_dags/example_trigger_controller_dag.py took 0.099 seconds
[2024-11-14T07:47:20.776+0000] {processor.py:186} INFO - Started process (PID=4088) to work on /home/ubuntu/airflow-venv/lib/python3.12/site-packages/airflow/example_dags/example_trigger_controller_dag.py
[2024-11-14T07:47:20.777+0000] {processor.py:914} INFO - Processing file /home/ubuntu/airflow-venv/lib/python3.12/site-packages/airflow/example_dags/example_trigger_controller_dag.py for tasks to queue
[2024-11-14T07:47:20.780+0000] {logging_mixin.py:190} INFO - [2024-11-14T07:47:20.780+0000] {dagbag.py:588} INFO - Filling up the DagBag from /home/ubuntu/airflow-venv/lib/python3.12/site-packages/airflow/example_dags/example_trigger_controller_dag.py
[2024-11-14T07:47:20.788+0000] {processor.py:925} INFO - DAG(s) 'example_trigger_controller_dag' retrieved from /home/ubuntu/airflow-venv/lib/python3.12/site-packages/airflow/example_dags/example_trigger_controller_dag.py
[2024-11-14T07:47:20.812+0000] {logging_mixin.py:190} INFO - [2024-11-14T07:47:20.810+0000] {dag.py:3239} INFO - Sync 1 DAGs
[2024-11-14T07:47:20.859+0000] {logging_mixin.py:190} INFO - [2024-11-14T07:47:20.859+0000] {dag.py:4180} INFO - Setting next_dagrun for example_trigger_controller_dag to 2021-01-01 00:00:00+00:00, run_after=2021-01-01 00:00:00+00:00
[2024-11-14T07:47:20.917+0000] {processor.py:208} INFO - Processing /home/ubuntu/airflow-venv/lib/python3.12/site-packages/airflow/example_dags/example_trigger_controller_dag.py took 0.147 seconds
[2024-11-14T07:48:23.181+0000] {processor.py:186} INFO - Started process (PID=4586) to work on /home/ubuntu/airflow-venv/lib/python3.12/site-packages/airflow/example_dags/example_trigger_controller_dag.py
[2024-11-14T07:48:23.183+0000] {processor.py:914} INFO - Processing file /home/ubuntu/airflow-venv/lib/python3.12/site-packages/airflow/example_dags/example_trigger_controller_dag.py for tasks to queue
[2024-11-14T07:48:23.188+0000] {logging_mixin.py:190} INFO - [2024-11-14T07:48:23.187+0000] {dagbag.py:588} INFO - Filling up the DagBag from /home/ubuntu/airflow-venv/lib/python3.12/site-packages/airflow/example_dags/example_trigger_controller_dag.py
[2024-11-14T07:48:23.200+0000] {processor.py:925} INFO - DAG(s) 'example_trigger_controller_dag' retrieved from /home/ubuntu/airflow-venv/lib/python3.12/site-packages/airflow/example_dags/example_trigger_controller_dag.py
[2024-11-14T07:48:23.231+0000] {logging_mixin.py:190} INFO - [2024-11-14T07:48:23.230+0000] {dag.py:3239} INFO - Sync 1 DAGs
[2024-11-14T07:48:23.270+0000] {logging_mixin.py:190} INFO - [2024-11-14T07:48:23.270+0000] {dag.py:4180} INFO - Setting next_dagrun for example_trigger_controller_dag to 2021-01-01 00:00:00+00:00, run_after=2021-01-01 00:00:00+00:00
[2024-11-14T07:48:23.303+0000] {processor.py:208} INFO - Processing /home/ubuntu/airflow-venv/lib/python3.12/site-packages/airflow/example_dags/example_trigger_controller_dag.py took 0.135 seconds
[2024-11-14T07:49:27.800+0000] {processor.py:186} INFO - Started process (PID=4652) to work on /home/ubuntu/airflow-venv/lib/python3.12/site-packages/airflow/example_dags/example_trigger_controller_dag.py
[2024-11-14T07:49:27.803+0000] {processor.py:914} INFO - Processing file /home/ubuntu/airflow-venv/lib/python3.12/site-packages/airflow/example_dags/example_trigger_controller_dag.py for tasks to queue
[2024-11-14T07:49:27.807+0000] {logging_mixin.py:190} INFO - [2024-11-14T07:49:27.806+0000] {dagbag.py:588} INFO - Filling up the DagBag from /home/ubuntu/airflow-venv/lib/python3.12/site-packages/airflow/example_dags/example_trigger_controller_dag.py
[2024-11-14T07:49:27.815+0000] {processor.py:925} INFO - DAG(s) 'example_trigger_controller_dag' retrieved from /home/ubuntu/airflow-venv/lib/python3.12/site-packages/airflow/example_dags/example_trigger_controller_dag.py
[2024-11-14T07:49:27.835+0000] {logging_mixin.py:190} INFO - [2024-11-14T07:49:27.834+0000] {dag.py:3239} INFO - Sync 1 DAGs
[2024-11-14T07:49:27.860+0000] {logging_mixin.py:190} INFO - [2024-11-14T07:49:27.860+0000] {dag.py:4180} INFO - Setting next_dagrun for example_trigger_controller_dag to 2021-01-01 00:00:00+00:00, run_after=2021-01-01 00:00:00+00:00
[2024-11-14T07:49:27.896+0000] {processor.py:208} INFO - Processing /home/ubuntu/airflow-venv/lib/python3.12/site-packages/airflow/example_dags/example_trigger_controller_dag.py took 0.104 seconds
[2024-11-14T07:50:27.243+0000] {processor.py:186} INFO - Started process (PID=4714) to work on /home/ubuntu/airflow-venv/lib/python3.12/site-packages/airflow/example_dags/example_trigger_controller_dag.py
[2024-11-14T07:50:27.245+0000] {processor.py:914} INFO - Processing file /home/ubuntu/airflow-venv/lib/python3.12/site-packages/airflow/example_dags/example_trigger_controller_dag.py for tasks to queue
[2024-11-14T07:50:27.246+0000] {logging_mixin.py:190} INFO - [2024-11-14T07:50:27.246+0000] {dagbag.py:588} INFO - Filling up the DagBag from /home/ubuntu/airflow-venv/lib/python3.12/site-packages/airflow/example_dags/example_trigger_controller_dag.py
[2024-11-14T07:50:27.254+0000] {processor.py:925} INFO - DAG(s) 'example_trigger_controller_dag' retrieved from /home/ubuntu/airflow-venv/lib/python3.12/site-packages/airflow/example_dags/example_trigger_controller_dag.py
[2024-11-14T07:50:27.272+0000] {logging_mixin.py:190} INFO - [2024-11-14T07:50:27.271+0000] {dag.py:3239} INFO - Sync 1 DAGs
[2024-11-14T07:50:27.306+0000] {logging_mixin.py:190} INFO - [2024-11-14T07:50:27.306+0000] {dag.py:4180} INFO - Setting next_dagrun for example_trigger_controller_dag to 2021-01-01 00:00:00+00:00, run_after=2021-01-01 00:00:00+00:00
[2024-11-14T07:50:27.338+0000] {processor.py:208} INFO - Processing /home/ubuntu/airflow-venv/lib/python3.12/site-packages/airflow/example_dags/example_trigger_controller_dag.py took 0.101 seconds
[2024-11-14T07:51:31.981+0000] {processor.py:186} INFO - Started process (PID=4779) to work on /home/ubuntu/airflow-venv/lib/python3.12/site-packages/airflow/example_dags/example_trigger_controller_dag.py
[2024-11-14T07:51:31.983+0000] {processor.py:914} INFO - Processing file /home/ubuntu/airflow-venv/lib/python3.12/site-packages/airflow/example_dags/example_trigger_controller_dag.py for tasks to queue
[2024-11-14T07:51:31.985+0000] {logging_mixin.py:190} INFO - [2024-11-14T07:51:31.984+0000] {dagbag.py:588} INFO - Filling up the DagBag from /home/ubuntu/airflow-venv/lib/python3.12/site-packages/airflow/example_dags/example_trigger_controller_dag.py
[2024-11-14T07:51:31.993+0000] {processor.py:925} INFO - DAG(s) 'example_trigger_controller_dag' retrieved from /home/ubuntu/airflow-venv/lib/python3.12/site-packages/airflow/example_dags/example_trigger_controller_dag.py
[2024-11-14T07:51:32.012+0000] {logging_mixin.py:190} INFO - [2024-11-14T07:51:32.012+0000] {dag.py:3239} INFO - Sync 1 DAGs
[2024-11-14T07:51:32.033+0000] {logging_mixin.py:190} INFO - [2024-11-14T07:51:32.032+0000] {dag.py:4180} INFO - Setting next_dagrun for example_trigger_controller_dag to 2021-01-01 00:00:00+00:00, run_after=2021-01-01 00:00:00+00:00
[2024-11-14T07:51:32.065+0000] {processor.py:208} INFO - Processing /home/ubuntu/airflow-venv/lib/python3.12/site-packages/airflow/example_dags/example_trigger_controller_dag.py took 0.091 seconds
[2024-11-14T07:52:32.085+0000] {processor.py:186} INFO - Started process (PID=4839) to work on /home/ubuntu/airflow-venv/lib/python3.12/site-packages/airflow/example_dags/example_trigger_controller_dag.py
[2024-11-14T07:52:32.087+0000] {processor.py:914} INFO - Processing file /home/ubuntu/airflow-venv/lib/python3.12/site-packages/airflow/example_dags/example_trigger_controller_dag.py for tasks to queue
[2024-11-14T07:52:32.088+0000] {logging_mixin.py:190} INFO - [2024-11-14T07:52:32.088+0000] {dagbag.py:588} INFO - Filling up the DagBag from /home/ubuntu/airflow-venv/lib/python3.12/site-packages/airflow/example_dags/example_trigger_controller_dag.py
[2024-11-14T07:52:32.096+0000] {processor.py:925} INFO - DAG(s) 'example_trigger_controller_dag' retrieved from /home/ubuntu/airflow-venv/lib/python3.12/site-packages/airflow/example_dags/example_trigger_controller_dag.py
[2024-11-14T07:52:32.113+0000] {logging_mixin.py:190} INFO - [2024-11-14T07:52:32.113+0000] {dag.py:3239} INFO - Sync 1 DAGs
[2024-11-14T07:52:32.133+0000] {logging_mixin.py:190} INFO - [2024-11-14T07:52:32.133+0000] {dag.py:4180} INFO - Setting next_dagrun for example_trigger_controller_dag to 2021-01-01 00:00:00+00:00, run_after=2021-01-01 00:00:00+00:00
[2024-11-14T07:52:32.156+0000] {processor.py:208} INFO - Processing /home/ubuntu/airflow-venv/lib/python3.12/site-packages/airflow/example_dags/example_trigger_controller_dag.py took 0.077 seconds
[2024-11-14T07:53:29.419+0000] {processor.py:186} INFO - Started process (PID=4899) to work on /home/ubuntu/airflow-venv/lib/python3.12/site-packages/airflow/example_dags/example_trigger_controller_dag.py
[2024-11-14T07:53:29.421+0000] {processor.py:914} INFO - Processing file /home/ubuntu/airflow-venv/lib/python3.12/site-packages/airflow/example_dags/example_trigger_controller_dag.py for tasks to queue
[2024-11-14T07:53:29.422+0000] {logging_mixin.py:190} INFO - [2024-11-14T07:53:29.422+0000] {dagbag.py:588} INFO - Filling up the DagBag from /home/ubuntu/airflow-venv/lib/python3.12/site-packages/airflow/example_dags/example_trigger_controller_dag.py
[2024-11-14T07:53:29.430+0000] {processor.py:925} INFO - DAG(s) 'example_trigger_controller_dag' retrieved from /home/ubuntu/airflow-venv/lib/python3.12/site-packages/airflow/example_dags/example_trigger_controller_dag.py
[2024-11-14T07:53:29.449+0000] {logging_mixin.py:190} INFO - [2024-11-14T07:53:29.448+0000] {dag.py:3239} INFO - Sync 1 DAGs
[2024-11-14T07:53:29.469+0000] {logging_mixin.py:190} INFO - [2024-11-14T07:53:29.469+0000] {dag.py:4180} INFO - Setting next_dagrun for example_trigger_controller_dag to 2021-01-01 00:00:00+00:00, run_after=2021-01-01 00:00:00+00:00
[2024-11-14T07:53:29.492+0000] {processor.py:208} INFO - Processing /home/ubuntu/airflow-venv/lib/python3.12/site-packages/airflow/example_dags/example_trigger_controller_dag.py took 0.081 seconds
[2024-11-14T07:54:31.562+0000] {processor.py:186} INFO - Started process (PID=4961) to work on /home/ubuntu/airflow-venv/lib/python3.12/site-packages/airflow/example_dags/example_trigger_controller_dag.py
[2024-11-14T07:54:31.564+0000] {processor.py:914} INFO - Processing file /home/ubuntu/airflow-venv/lib/python3.12/site-packages/airflow/example_dags/example_trigger_controller_dag.py for tasks to queue
[2024-11-14T07:54:31.565+0000] {logging_mixin.py:190} INFO - [2024-11-14T07:54:31.565+0000] {dagbag.py:588} INFO - Filling up the DagBag from /home/ubuntu/airflow-venv/lib/python3.12/site-packages/airflow/example_dags/example_trigger_controller_dag.py
[2024-11-14T07:54:31.572+0000] {processor.py:925} INFO - DAG(s) 'example_trigger_controller_dag' retrieved from /home/ubuntu/airflow-venv/lib/python3.12/site-packages/airflow/example_dags/example_trigger_controller_dag.py
[2024-11-14T07:54:31.589+0000] {logging_mixin.py:190} INFO - [2024-11-14T07:54:31.588+0000] {dag.py:3239} INFO - Sync 1 DAGs
[2024-11-14T07:54:31.609+0000] {logging_mixin.py:190} INFO - [2024-11-14T07:54:31.608+0000] {dag.py:4180} INFO - Setting next_dagrun for example_trigger_controller_dag to 2021-01-01 00:00:00+00:00, run_after=2021-01-01 00:00:00+00:00
[2024-11-14T07:54:31.632+0000] {processor.py:208} INFO - Processing /home/ubuntu/airflow-venv/lib/python3.12/site-packages/airflow/example_dags/example_trigger_controller_dag.py took 0.076 seconds
[2024-11-14T07:55:30.090+0000] {processor.py:186} INFO - Started process (PID=5024) to work on /home/ubuntu/airflow-venv/lib/python3.12/site-packages/airflow/example_dags/example_trigger_controller_dag.py
[2024-11-14T07:55:30.093+0000] {processor.py:914} INFO - Processing file /home/ubuntu/airflow-venv/lib/python3.12/site-packages/airflow/example_dags/example_trigger_controller_dag.py for tasks to queue
[2024-11-14T07:55:30.094+0000] {logging_mixin.py:190} INFO - [2024-11-14T07:55:30.094+0000] {dagbag.py:588} INFO - Filling up the DagBag from /home/ubuntu/airflow-venv/lib/python3.12/site-packages/airflow/example_dags/example_trigger_controller_dag.py
[2024-11-14T07:55:30.119+0000] {processor.py:925} INFO - DAG(s) 'example_trigger_controller_dag' retrieved from /home/ubuntu/airflow-venv/lib/python3.12/site-packages/airflow/example_dags/example_trigger_controller_dag.py
[2024-11-14T07:55:30.161+0000] {logging_mixin.py:190} INFO - [2024-11-14T07:55:30.161+0000] {dag.py:3239} INFO - Sync 1 DAGs
[2024-11-14T07:55:30.195+0000] {logging_mixin.py:190} INFO - [2024-11-14T07:55:30.194+0000] {dag.py:4180} INFO - Setting next_dagrun for example_trigger_controller_dag to 2021-01-01 00:00:00+00:00, run_after=2021-01-01 00:00:00+00:00
[2024-11-14T07:55:30.225+0000] {processor.py:208} INFO - Processing /home/ubuntu/airflow-venv/lib/python3.12/site-packages/airflow/example_dags/example_trigger_controller_dag.py took 0.152 seconds
[2024-11-14T07:56:32.258+0000] {processor.py:186} INFO - Started process (PID=5085) to work on /home/ubuntu/airflow-venv/lib/python3.12/site-packages/airflow/example_dags/example_trigger_controller_dag.py
[2024-11-14T07:56:32.259+0000] {processor.py:914} INFO - Processing file /home/ubuntu/airflow-venv/lib/python3.12/site-packages/airflow/example_dags/example_trigger_controller_dag.py for tasks to queue
[2024-11-14T07:56:32.261+0000] {logging_mixin.py:190} INFO - [2024-11-14T07:56:32.260+0000] {dagbag.py:588} INFO - Filling up the DagBag from /home/ubuntu/airflow-venv/lib/python3.12/site-packages/airflow/example_dags/example_trigger_controller_dag.py
[2024-11-14T07:56:32.269+0000] {processor.py:925} INFO - DAG(s) 'example_trigger_controller_dag' retrieved from /home/ubuntu/airflow-venv/lib/python3.12/site-packages/airflow/example_dags/example_trigger_controller_dag.py
[2024-11-14T07:56:32.288+0000] {logging_mixin.py:190} INFO - [2024-11-14T07:56:32.288+0000] {dag.py:3239} INFO - Sync 1 DAGs
[2024-11-14T07:56:32.309+0000] {logging_mixin.py:190} INFO - [2024-11-14T07:56:32.309+0000] {dag.py:4180} INFO - Setting next_dagrun for example_trigger_controller_dag to 2021-01-01 00:00:00+00:00, run_after=2021-01-01 00:00:00+00:00
[2024-11-14T07:56:32.335+0000] {processor.py:208} INFO - Processing /home/ubuntu/airflow-venv/lib/python3.12/site-packages/airflow/example_dags/example_trigger_controller_dag.py took 0.084 seconds
[2024-11-14T07:57:32.431+0000] {processor.py:186} INFO - Started process (PID=5147) to work on /home/ubuntu/airflow-venv/lib/python3.12/site-packages/airflow/example_dags/example_trigger_controller_dag.py
[2024-11-14T07:57:32.433+0000] {processor.py:914} INFO - Processing file /home/ubuntu/airflow-venv/lib/python3.12/site-packages/airflow/example_dags/example_trigger_controller_dag.py for tasks to queue
[2024-11-14T07:57:32.434+0000] {logging_mixin.py:190} INFO - [2024-11-14T07:57:32.434+0000] {dagbag.py:588} INFO - Filling up the DagBag from /home/ubuntu/airflow-venv/lib/python3.12/site-packages/airflow/example_dags/example_trigger_controller_dag.py
[2024-11-14T07:57:32.445+0000] {processor.py:925} INFO - DAG(s) 'example_trigger_controller_dag' retrieved from /home/ubuntu/airflow-venv/lib/python3.12/site-packages/airflow/example_dags/example_trigger_controller_dag.py
[2024-11-14T07:57:32.475+0000] {logging_mixin.py:190} INFO - [2024-11-14T07:57:32.474+0000] {dag.py:3239} INFO - Sync 1 DAGs
[2024-11-14T07:57:32.499+0000] {logging_mixin.py:190} INFO - [2024-11-14T07:57:32.498+0000] {dag.py:4180} INFO - Setting next_dagrun for example_trigger_controller_dag to 2021-01-01 00:00:00+00:00, run_after=2021-01-01 00:00:00+00:00
[2024-11-14T07:57:32.525+0000] {processor.py:208} INFO - Processing /home/ubuntu/airflow-venv/lib/python3.12/site-packages/airflow/example_dags/example_trigger_controller_dag.py took 0.101 seconds
[2024-11-14T07:58:33.318+0000] {processor.py:186} INFO - Started process (PID=5207) to work on /home/ubuntu/airflow-venv/lib/python3.12/site-packages/airflow/example_dags/example_trigger_controller_dag.py
[2024-11-14T07:58:33.319+0000] {processor.py:914} INFO - Processing file /home/ubuntu/airflow-venv/lib/python3.12/site-packages/airflow/example_dags/example_trigger_controller_dag.py for tasks to queue
[2024-11-14T07:58:33.321+0000] {logging_mixin.py:190} INFO - [2024-11-14T07:58:33.320+0000] {dagbag.py:588} INFO - Filling up the DagBag from /home/ubuntu/airflow-venv/lib/python3.12/site-packages/airflow/example_dags/example_trigger_controller_dag.py
[2024-11-14T07:58:33.328+0000] {processor.py:925} INFO - DAG(s) 'example_trigger_controller_dag' retrieved from /home/ubuntu/airflow-venv/lib/python3.12/site-packages/airflow/example_dags/example_trigger_controller_dag.py
[2024-11-14T07:58:33.346+0000] {logging_mixin.py:190} INFO - [2024-11-14T07:58:33.346+0000] {dag.py:3239} INFO - Sync 1 DAGs
[2024-11-14T07:58:33.366+0000] {logging_mixin.py:190} INFO - [2024-11-14T07:58:33.366+0000] {dag.py:4180} INFO - Setting next_dagrun for example_trigger_controller_dag to 2021-01-01 00:00:00+00:00, run_after=2021-01-01 00:00:00+00:00
[2024-11-14T07:58:33.390+0000] {processor.py:208} INFO - Processing /home/ubuntu/airflow-venv/lib/python3.12/site-packages/airflow/example_dags/example_trigger_controller_dag.py took 0.079 seconds
[2024-11-14T07:59:32.699+0000] {processor.py:186} INFO - Started process (PID=5267) to work on /home/ubuntu/airflow-venv/lib/python3.12/site-packages/airflow/example_dags/example_trigger_controller_dag.py
[2024-11-14T07:59:32.700+0000] {processor.py:914} INFO - Processing file /home/ubuntu/airflow-venv/lib/python3.12/site-packages/airflow/example_dags/example_trigger_controller_dag.py for tasks to queue
[2024-11-14T07:59:32.701+0000] {logging_mixin.py:190} INFO - [2024-11-14T07:59:32.701+0000] {dagbag.py:588} INFO - Filling up the DagBag from /home/ubuntu/airflow-venv/lib/python3.12/site-packages/airflow/example_dags/example_trigger_controller_dag.py
[2024-11-14T07:59:32.709+0000] {processor.py:925} INFO - DAG(s) 'example_trigger_controller_dag' retrieved from /home/ubuntu/airflow-venv/lib/python3.12/site-packages/airflow/example_dags/example_trigger_controller_dag.py
[2024-11-14T07:59:32.726+0000] {logging_mixin.py:190} INFO - [2024-11-14T07:59:32.726+0000] {dag.py:3239} INFO - Sync 1 DAGs
[2024-11-14T07:59:32.747+0000] {logging_mixin.py:190} INFO - [2024-11-14T07:59:32.747+0000] {dag.py:4180} INFO - Setting next_dagrun for example_trigger_controller_dag to 2021-01-01 00:00:00+00:00, run_after=2021-01-01 00:00:00+00:00
[2024-11-14T07:59:32.770+0000] {processor.py:208} INFO - Processing /home/ubuntu/airflow-venv/lib/python3.12/site-packages/airflow/example_dags/example_trigger_controller_dag.py took 0.077 seconds
[2024-11-14T08:00:33.205+0000] {processor.py:186} INFO - Started process (PID=5329) to work on /home/ubuntu/airflow-venv/lib/python3.12/site-packages/airflow/example_dags/example_trigger_controller_dag.py
[2024-11-14T08:00:33.207+0000] {processor.py:914} INFO - Processing file /home/ubuntu/airflow-venv/lib/python3.12/site-packages/airflow/example_dags/example_trigger_controller_dag.py for tasks to queue
[2024-11-14T08:00:33.208+0000] {logging_mixin.py:190} INFO - [2024-11-14T08:00:33.208+0000] {dagbag.py:588} INFO - Filling up the DagBag from /home/ubuntu/airflow-venv/lib/python3.12/site-packages/airflow/example_dags/example_trigger_controller_dag.py
[2024-11-14T08:00:33.218+0000] {processor.py:925} INFO - DAG(s) 'example_trigger_controller_dag' retrieved from /home/ubuntu/airflow-venv/lib/python3.12/site-packages/airflow/example_dags/example_trigger_controller_dag.py
[2024-11-14T08:00:33.240+0000] {logging_mixin.py:190} INFO - [2024-11-14T08:00:33.239+0000] {dag.py:3239} INFO - Sync 1 DAGs
[2024-11-14T08:00:33.270+0000] {logging_mixin.py:190} INFO - [2024-11-14T08:00:33.270+0000] {dag.py:4180} INFO - Setting next_dagrun for example_trigger_controller_dag to 2021-01-01 00:00:00+00:00, run_after=2021-01-01 00:00:00+00:00
[2024-11-14T08:00:33.296+0000] {processor.py:208} INFO - Processing /home/ubuntu/airflow-venv/lib/python3.12/site-packages/airflow/example_dags/example_trigger_controller_dag.py took 0.098 seconds
[2024-11-14T08:01:32.519+0000] {processor.py:186} INFO - Started process (PID=5393) to work on /home/ubuntu/airflow-venv/lib/python3.12/site-packages/airflow/example_dags/example_trigger_controller_dag.py
[2024-11-14T08:01:32.521+0000] {processor.py:914} INFO - Processing file /home/ubuntu/airflow-venv/lib/python3.12/site-packages/airflow/example_dags/example_trigger_controller_dag.py for tasks to queue
[2024-11-14T08:01:32.523+0000] {logging_mixin.py:190} INFO - [2024-11-14T08:01:32.522+0000] {dagbag.py:588} INFO - Filling up the DagBag from /home/ubuntu/airflow-venv/lib/python3.12/site-packages/airflow/example_dags/example_trigger_controller_dag.py
[2024-11-14T08:01:32.533+0000] {processor.py:925} INFO - DAG(s) 'example_trigger_controller_dag' retrieved from /home/ubuntu/airflow-venv/lib/python3.12/site-packages/airflow/example_dags/example_trigger_controller_dag.py
[2024-11-14T08:01:32.558+0000] {logging_mixin.py:190} INFO - [2024-11-14T08:01:32.558+0000] {dag.py:3239} INFO - Sync 1 DAGs
[2024-11-14T08:01:32.587+0000] {logging_mixin.py:190} INFO - [2024-11-14T08:01:32.587+0000] {dag.py:4180} INFO - Setting next_dagrun for example_trigger_controller_dag to 2021-01-01 00:00:00+00:00, run_after=2021-01-01 00:00:00+00:00
[2024-11-14T08:01:32.626+0000] {processor.py:208} INFO - Processing /home/ubuntu/airflow-venv/lib/python3.12/site-packages/airflow/example_dags/example_trigger_controller_dag.py took 0.114 seconds
[2024-11-14T08:02:32.206+0000] {processor.py:186} INFO - Started process (PID=5455) to work on /home/ubuntu/airflow-venv/lib/python3.12/site-packages/airflow/example_dags/example_trigger_controller_dag.py
[2024-11-14T08:02:32.209+0000] {processor.py:914} INFO - Processing file /home/ubuntu/airflow-venv/lib/python3.12/site-packages/airflow/example_dags/example_trigger_controller_dag.py for tasks to queue
[2024-11-14T08:02:32.211+0000] {logging_mixin.py:190} INFO - [2024-11-14T08:02:32.210+0000] {dagbag.py:588} INFO - Filling up the DagBag from /home/ubuntu/airflow-venv/lib/python3.12/site-packages/airflow/example_dags/example_trigger_controller_dag.py
[2024-11-14T08:02:32.230+0000] {processor.py:925} INFO - DAG(s) 'example_trigger_controller_dag' retrieved from /home/ubuntu/airflow-venv/lib/python3.12/site-packages/airflow/example_dags/example_trigger_controller_dag.py
[2024-11-14T08:02:32.259+0000] {logging_mixin.py:190} INFO - [2024-11-14T08:02:32.259+0000] {dag.py:3239} INFO - Sync 1 DAGs
[2024-11-14T08:02:32.287+0000] {logging_mixin.py:190} INFO - [2024-11-14T08:02:32.287+0000] {dag.py:4180} INFO - Setting next_dagrun for example_trigger_controller_dag to 2021-01-01 00:00:00+00:00, run_after=2021-01-01 00:00:00+00:00
[2024-11-14T08:02:32.317+0000] {processor.py:208} INFO - Processing /home/ubuntu/airflow-venv/lib/python3.12/site-packages/airflow/example_dags/example_trigger_controller_dag.py took 0.121 seconds
