[2024-11-14T07:41:27.371+0000] {processor.py:186} INFO - Started process (PID=3725) to work on /home/ubuntu/airflow-venv/lib/python3.12/site-packages/airflow/example_dags/example_branch_labels.py
[2024-11-14T07:41:27.372+0000] {processor.py:914} INFO - Processing file /home/ubuntu/airflow-venv/lib/python3.12/site-packages/airflow/example_dags/example_branch_labels.py for tasks to queue
[2024-11-14T07:41:27.375+0000] {logging_mixin.py:190} INFO - [2024-11-14T07:41:27.374+0000] {dagbag.py:588} INFO - Filling up the DagBag from /home/ubuntu/airflow-venv/lib/python3.12/site-packages/airflow/example_dags/example_branch_labels.py
[2024-11-14T07:41:27.402+0000] {processor.py:925} INFO - DAG(s) 'example_branch_labels' retrieved from /home/ubuntu/airflow-venv/lib/python3.12/site-packages/airflow/example_dags/example_branch_labels.py
[2024-11-14T07:41:27.518+0000] {logging_mixin.py:190} INFO - [2024-11-14T07:41:27.517+0000] {override.py:1911} INFO - Created Permission View: can delete on DAG:example_branch_labels
[2024-11-14T07:41:27.531+0000] {logging_mixin.py:190} INFO - [2024-11-14T07:41:27.531+0000] {override.py:1911} INFO - Created Permission View: can read on DAG:example_branch_labels
[2024-11-14T07:41:27.542+0000] {logging_mixin.py:190} INFO - [2024-11-14T07:41:27.541+0000] {override.py:1911} INFO - Created Permission View: can edit on DAG:example_branch_labels
[2024-11-14T07:41:27.557+0000] {logging_mixin.py:190} INFO - [2024-11-14T07:41:27.557+0000] {override.py:1911} INFO - Created Permission View: can delete on DAG Run:example_branch_labels
[2024-11-14T07:41:27.567+0000] {logging_mixin.py:190} INFO - [2024-11-14T07:41:27.567+0000] {override.py:1911} INFO - Created Permission View: can create on DAG Run:example_branch_labels
[2024-11-14T07:41:27.577+0000] {logging_mixin.py:190} INFO - [2024-11-14T07:41:27.577+0000] {override.py:1911} INFO - Created Permission View: can read on DAG Run:example_branch_labels
[2024-11-14T07:41:27.590+0000] {logging_mixin.py:190} INFO - [2024-11-14T07:41:27.589+0000] {override.py:1911} INFO - Created Permission View: menu access on DAG Run:example_branch_labels
[2024-11-14T07:41:27.590+0000] {logging_mixin.py:190} INFO - [2024-11-14T07:41:27.590+0000] {dag.py:3239} INFO - Sync 1 DAGs
[2024-11-14T07:41:27.611+0000] {logging_mixin.py:190} INFO - [2024-11-14T07:41:27.611+0000] {dag.py:3262} INFO - Creating ORM DAG for example_branch_labels
[2024-11-14T07:41:27.621+0000] {logging_mixin.py:190} INFO - [2024-11-14T07:41:27.621+0000] {dag.py:4180} INFO - Setting next_dagrun for example_branch_labels to 2024-11-13 00:00:00+00:00, run_after=2024-11-14 00:00:00+00:00
[2024-11-14T07:41:27.645+0000] {processor.py:208} INFO - Processing /home/ubuntu/airflow-venv/lib/python3.12/site-packages/airflow/example_dags/example_branch_labels.py took 0.280 seconds
[2024-11-14T07:42:32.370+0000] {processor.py:186} INFO - Started process (PID=3788) to work on /home/ubuntu/airflow-venv/lib/python3.12/site-packages/airflow/example_dags/example_branch_labels.py
[2024-11-14T07:42:32.372+0000] {processor.py:914} INFO - Processing file /home/ubuntu/airflow-venv/lib/python3.12/site-packages/airflow/example_dags/example_branch_labels.py for tasks to queue
[2024-11-14T07:42:32.375+0000] {logging_mixin.py:190} INFO - [2024-11-14T07:42:32.374+0000] {dagbag.py:588} INFO - Filling up the DagBag from /home/ubuntu/airflow-venv/lib/python3.12/site-packages/airflow/example_dags/example_branch_labels.py
[2024-11-14T07:42:32.387+0000] {processor.py:925} INFO - DAG(s) 'example_branch_labels' retrieved from /home/ubuntu/airflow-venv/lib/python3.12/site-packages/airflow/example_dags/example_branch_labels.py
[2024-11-14T07:42:32.407+0000] {logging_mixin.py:190} INFO - [2024-11-14T07:42:32.407+0000] {dag.py:3239} INFO - Sync 1 DAGs
[2024-11-14T07:42:32.433+0000] {logging_mixin.py:190} INFO - [2024-11-14T07:42:32.433+0000] {dag.py:4180} INFO - Setting next_dagrun for example_branch_labels to 2024-11-13 00:00:00+00:00, run_after=2024-11-14 00:00:00+00:00
[2024-11-14T07:42:32.463+0000] {processor.py:208} INFO - Processing /home/ubuntu/airflow-venv/lib/python3.12/site-packages/airflow/example_dags/example_branch_labels.py took 0.101 seconds
[2024-11-14T07:43:28.143+0000] {processor.py:186} INFO - Started process (PID=3846) to work on /home/ubuntu/airflow-venv/lib/python3.12/site-packages/airflow/example_dags/example_branch_labels.py
[2024-11-14T07:43:28.150+0000] {processor.py:914} INFO - Processing file /home/ubuntu/airflow-venv/lib/python3.12/site-packages/airflow/example_dags/example_branch_labels.py for tasks to queue
[2024-11-14T07:43:28.153+0000] {logging_mixin.py:190} INFO - [2024-11-14T07:43:28.152+0000] {dagbag.py:588} INFO - Filling up the DagBag from /home/ubuntu/airflow-venv/lib/python3.12/site-packages/airflow/example_dags/example_branch_labels.py
[2024-11-14T07:43:28.170+0000] {processor.py:925} INFO - DAG(s) 'example_branch_labels' retrieved from /home/ubuntu/airflow-venv/lib/python3.12/site-packages/airflow/example_dags/example_branch_labels.py
[2024-11-14T07:43:28.196+0000] {logging_mixin.py:190} INFO - [2024-11-14T07:43:28.196+0000] {dag.py:3239} INFO - Sync 1 DAGs
[2024-11-14T07:43:28.228+0000] {logging_mixin.py:190} INFO - [2024-11-14T07:43:28.228+0000] {dag.py:4180} INFO - Setting next_dagrun for example_branch_labels to 2024-11-13 00:00:00+00:00, run_after=2024-11-14 00:00:00+00:00
[2024-11-14T07:43:28.258+0000] {processor.py:208} INFO - Processing /home/ubuntu/airflow-venv/lib/python3.12/site-packages/airflow/example_dags/example_branch_labels.py took 0.121 seconds
[2024-11-14T07:44:52.407+0000] {processor.py:186} INFO - Started process (PID=3927) to work on /home/ubuntu/airflow-venv/lib/python3.12/site-packages/airflow/example_dags/example_branch_labels.py
[2024-11-14T07:44:52.409+0000] {processor.py:914} INFO - Processing file /home/ubuntu/airflow-venv/lib/python3.12/site-packages/airflow/example_dags/example_branch_labels.py for tasks to queue
[2024-11-14T07:44:52.412+0000] {logging_mixin.py:190} INFO - [2024-11-14T07:44:52.411+0000] {dagbag.py:588} INFO - Filling up the DagBag from /home/ubuntu/airflow-venv/lib/python3.12/site-packages/airflow/example_dags/example_branch_labels.py
[2024-11-14T07:44:52.444+0000] {processor.py:925} INFO - DAG(s) 'example_branch_labels' retrieved from /home/ubuntu/airflow-venv/lib/python3.12/site-packages/airflow/example_dags/example_branch_labels.py
[2024-11-14T07:44:52.468+0000] {logging_mixin.py:190} INFO - [2024-11-14T07:44:52.467+0000] {dag.py:3239} INFO - Sync 1 DAGs
[2024-11-14T07:44:52.487+0000] {logging_mixin.py:190} INFO - [2024-11-14T07:44:52.487+0000] {dag.py:4180} INFO - Setting next_dagrun for example_branch_labels to 2024-11-13 00:00:00+00:00, run_after=2024-11-14 00:00:00+00:00
[2024-11-14T07:44:52.509+0000] {processor.py:208} INFO - Processing /home/ubuntu/airflow-venv/lib/python3.12/site-packages/airflow/example_dags/example_branch_labels.py took 0.111 seconds
[2024-11-14T07:45:47.809+0000] {processor.py:186} INFO - Started process (PID=3988) to work on /home/ubuntu/airflow-venv/lib/python3.12/site-packages/airflow/example_dags/example_branch_labels.py
[2024-11-14T07:45:47.810+0000] {processor.py:914} INFO - Processing file /home/ubuntu/airflow-venv/lib/python3.12/site-packages/airflow/example_dags/example_branch_labels.py for tasks to queue
[2024-11-14T07:45:47.813+0000] {logging_mixin.py:190} INFO - [2024-11-14T07:45:47.812+0000] {dagbag.py:588} INFO - Filling up the DagBag from /home/ubuntu/airflow-venv/lib/python3.12/site-packages/airflow/example_dags/example_branch_labels.py
[2024-11-14T07:45:47.824+0000] {processor.py:925} INFO - DAG(s) 'example_branch_labels' retrieved from /home/ubuntu/airflow-venv/lib/python3.12/site-packages/airflow/example_dags/example_branch_labels.py
[2024-11-14T07:45:47.843+0000] {logging_mixin.py:190} INFO - [2024-11-14T07:45:47.842+0000] {dag.py:3239} INFO - Sync 1 DAGs
[2024-11-14T07:45:47.863+0000] {logging_mixin.py:190} INFO - [2024-11-14T07:45:47.863+0000] {dag.py:4180} INFO - Setting next_dagrun for example_branch_labels to 2024-11-13 00:00:00+00:00, run_after=2024-11-14 00:00:00+00:00
[2024-11-14T07:45:47.891+0000] {processor.py:208} INFO - Processing /home/ubuntu/airflow-venv/lib/python3.12/site-packages/airflow/example_dags/example_branch_labels.py took 0.088 seconds
[2024-11-14T07:47:09.107+0000] {processor.py:186} INFO - Started process (PID=4076) to work on /home/ubuntu/airflow-venv/lib/python3.12/site-packages/airflow/example_dags/example_branch_labels.py
[2024-11-14T07:47:09.109+0000] {processor.py:914} INFO - Processing file /home/ubuntu/airflow-venv/lib/python3.12/site-packages/airflow/example_dags/example_branch_labels.py for tasks to queue
[2024-11-14T07:47:09.114+0000] {logging_mixin.py:190} INFO - [2024-11-14T07:47:09.114+0000] {dagbag.py:588} INFO - Filling up the DagBag from /home/ubuntu/airflow-venv/lib/python3.12/site-packages/airflow/example_dags/example_branch_labels.py
[2024-11-14T07:47:09.126+0000] {processor.py:925} INFO - DAG(s) 'example_branch_labels' retrieved from /home/ubuntu/airflow-venv/lib/python3.12/site-packages/airflow/example_dags/example_branch_labels.py
[2024-11-14T07:47:09.156+0000] {logging_mixin.py:190} INFO - [2024-11-14T07:47:09.155+0000] {dag.py:3239} INFO - Sync 1 DAGs
[2024-11-14T07:47:09.186+0000] {logging_mixin.py:190} INFO - [2024-11-14T07:47:09.186+0000] {dag.py:4180} INFO - Setting next_dagrun for example_branch_labels to 2024-11-13 00:00:00+00:00, run_after=2024-11-14 00:00:00+00:00
[2024-11-14T07:47:09.213+0000] {processor.py:208} INFO - Processing /home/ubuntu/airflow-venv/lib/python3.12/site-packages/airflow/example_dags/example_branch_labels.py took 0.118 seconds
[2024-11-14T07:48:39.489+0000] {processor.py:186} INFO - Started process (PID=4606) to work on /home/ubuntu/airflow-venv/lib/python3.12/site-packages/airflow/example_dags/example_branch_labels.py
[2024-11-14T07:48:39.492+0000] {processor.py:914} INFO - Processing file /home/ubuntu/airflow-venv/lib/python3.12/site-packages/airflow/example_dags/example_branch_labels.py for tasks to queue
[2024-11-14T07:48:39.495+0000] {logging_mixin.py:190} INFO - [2024-11-14T07:48:39.495+0000] {dagbag.py:588} INFO - Filling up the DagBag from /home/ubuntu/airflow-venv/lib/python3.12/site-packages/airflow/example_dags/example_branch_labels.py
[2024-11-14T07:48:39.520+0000] {processor.py:925} INFO - DAG(s) 'example_branch_labels' retrieved from /home/ubuntu/airflow-venv/lib/python3.12/site-packages/airflow/example_dags/example_branch_labels.py
[2024-11-14T07:48:39.555+0000] {logging_mixin.py:190} INFO - [2024-11-14T07:48:39.555+0000] {dag.py:3239} INFO - Sync 1 DAGs
[2024-11-14T07:48:39.596+0000] {logging_mixin.py:190} INFO - [2024-11-14T07:48:39.596+0000] {dag.py:4180} INFO - Setting next_dagrun for example_branch_labels to 2024-11-13 00:00:00+00:00, run_after=2024-11-14 00:00:00+00:00
[2024-11-14T07:48:39.632+0000] {processor.py:208} INFO - Processing /home/ubuntu/airflow-venv/lib/python3.12/site-packages/airflow/example_dags/example_branch_labels.py took 0.159 seconds
[2024-11-14T07:49:42.254+0000] {processor.py:186} INFO - Started process (PID=4666) to work on /home/ubuntu/airflow-venv/lib/python3.12/site-packages/airflow/example_dags/example_branch_labels.py
[2024-11-14T07:49:42.256+0000] {processor.py:914} INFO - Processing file /home/ubuntu/airflow-venv/lib/python3.12/site-packages/airflow/example_dags/example_branch_labels.py for tasks to queue
[2024-11-14T07:49:42.258+0000] {logging_mixin.py:190} INFO - [2024-11-14T07:49:42.258+0000] {dagbag.py:588} INFO - Filling up the DagBag from /home/ubuntu/airflow-venv/lib/python3.12/site-packages/airflow/example_dags/example_branch_labels.py
[2024-11-14T07:49:42.273+0000] {processor.py:925} INFO - DAG(s) 'example_branch_labels' retrieved from /home/ubuntu/airflow-venv/lib/python3.12/site-packages/airflow/example_dags/example_branch_labels.py
[2024-11-14T07:49:42.301+0000] {logging_mixin.py:190} INFO - [2024-11-14T07:49:42.301+0000] {dag.py:3239} INFO - Sync 1 DAGs
[2024-11-14T07:49:42.333+0000] {logging_mixin.py:190} INFO - [2024-11-14T07:49:42.332+0000] {dag.py:4180} INFO - Setting next_dagrun for example_branch_labels to 2024-11-13 00:00:00+00:00, run_after=2024-11-14 00:00:00+00:00
[2024-11-14T07:49:42.360+0000] {processor.py:208} INFO - Processing /home/ubuntu/airflow-venv/lib/python3.12/site-packages/airflow/example_dags/example_branch_labels.py took 0.114 seconds
[2024-11-14T07:50:42.680+0000] {processor.py:186} INFO - Started process (PID=4730) to work on /home/ubuntu/airflow-venv/lib/python3.12/site-packages/airflow/example_dags/example_branch_labels.py
[2024-11-14T07:50:42.682+0000] {processor.py:914} INFO - Processing file /home/ubuntu/airflow-venv/lib/python3.12/site-packages/airflow/example_dags/example_branch_labels.py for tasks to queue
[2024-11-14T07:50:42.683+0000] {logging_mixin.py:190} INFO - [2024-11-14T07:50:42.683+0000] {dagbag.py:588} INFO - Filling up the DagBag from /home/ubuntu/airflow-venv/lib/python3.12/site-packages/airflow/example_dags/example_branch_labels.py
[2024-11-14T07:50:42.694+0000] {processor.py:925} INFO - DAG(s) 'example_branch_labels' retrieved from /home/ubuntu/airflow-venv/lib/python3.12/site-packages/airflow/example_dags/example_branch_labels.py
[2024-11-14T07:50:42.713+0000] {logging_mixin.py:190} INFO - [2024-11-14T07:50:42.713+0000] {dag.py:3239} INFO - Sync 1 DAGs
[2024-11-14T07:50:42.736+0000] {logging_mixin.py:190} INFO - [2024-11-14T07:50:42.736+0000] {dag.py:4180} INFO - Setting next_dagrun for example_branch_labels to 2024-11-13 00:00:00+00:00, run_after=2024-11-14 00:00:00+00:00
[2024-11-14T07:50:42.783+0000] {processor.py:208} INFO - Processing /home/ubuntu/airflow-venv/lib/python3.12/site-packages/airflow/example_dags/example_branch_labels.py took 0.109 seconds
[2024-11-14T07:51:46.615+0000] {processor.py:186} INFO - Started process (PID=4793) to work on /home/ubuntu/airflow-venv/lib/python3.12/site-packages/airflow/example_dags/example_branch_labels.py
[2024-11-14T07:51:46.616+0000] {processor.py:914} INFO - Processing file /home/ubuntu/airflow-venv/lib/python3.12/site-packages/airflow/example_dags/example_branch_labels.py for tasks to queue
[2024-11-14T07:51:46.617+0000] {logging_mixin.py:190} INFO - [2024-11-14T07:51:46.617+0000] {dagbag.py:588} INFO - Filling up the DagBag from /home/ubuntu/airflow-venv/lib/python3.12/site-packages/airflow/example_dags/example_branch_labels.py
[2024-11-14T07:51:46.628+0000] {processor.py:925} INFO - DAG(s) 'example_branch_labels' retrieved from /home/ubuntu/airflow-venv/lib/python3.12/site-packages/airflow/example_dags/example_branch_labels.py
[2024-11-14T07:51:46.646+0000] {logging_mixin.py:190} INFO - [2024-11-14T07:51:46.646+0000] {dag.py:3239} INFO - Sync 1 DAGs
[2024-11-14T07:51:46.668+0000] {logging_mixin.py:190} INFO - [2024-11-14T07:51:46.668+0000] {dag.py:4180} INFO - Setting next_dagrun for example_branch_labels to 2024-11-13 00:00:00+00:00, run_after=2024-11-14 00:00:00+00:00
[2024-11-14T07:51:46.691+0000] {processor.py:208} INFO - Processing /home/ubuntu/airflow-venv/lib/python3.12/site-packages/airflow/example_dags/example_branch_labels.py took 0.082 seconds
[2024-11-14T07:52:45.899+0000] {processor.py:186} INFO - Started process (PID=4853) to work on /home/ubuntu/airflow-venv/lib/python3.12/site-packages/airflow/example_dags/example_branch_labels.py
[2024-11-14T07:52:45.900+0000] {processor.py:914} INFO - Processing file /home/ubuntu/airflow-venv/lib/python3.12/site-packages/airflow/example_dags/example_branch_labels.py for tasks to queue
[2024-11-14T07:52:45.902+0000] {logging_mixin.py:190} INFO - [2024-11-14T07:52:45.901+0000] {dagbag.py:588} INFO - Filling up the DagBag from /home/ubuntu/airflow-venv/lib/python3.12/site-packages/airflow/example_dags/example_branch_labels.py
[2024-11-14T07:52:45.913+0000] {processor.py:925} INFO - DAG(s) 'example_branch_labels' retrieved from /home/ubuntu/airflow-venv/lib/python3.12/site-packages/airflow/example_dags/example_branch_labels.py
[2024-11-14T07:52:45.932+0000] {logging_mixin.py:190} INFO - [2024-11-14T07:52:45.931+0000] {dag.py:3239} INFO - Sync 1 DAGs
[2024-11-14T07:52:45.959+0000] {logging_mixin.py:190} INFO - [2024-11-14T07:52:45.958+0000] {dag.py:4180} INFO - Setting next_dagrun for example_branch_labels to 2024-11-13 00:00:00+00:00, run_after=2024-11-14 00:00:00+00:00
[2024-11-14T07:52:46.001+0000] {processor.py:208} INFO - Processing /home/ubuntu/airflow-venv/lib/python3.12/site-packages/airflow/example_dags/example_branch_labels.py took 0.108 seconds
[2024-11-14T07:53:45.106+0000] {processor.py:186} INFO - Started process (PID=4916) to work on /home/ubuntu/airflow-venv/lib/python3.12/site-packages/airflow/example_dags/example_branch_labels.py
[2024-11-14T07:53:45.108+0000] {processor.py:914} INFO - Processing file /home/ubuntu/airflow-venv/lib/python3.12/site-packages/airflow/example_dags/example_branch_labels.py for tasks to queue
[2024-11-14T07:53:45.109+0000] {logging_mixin.py:190} INFO - [2024-11-14T07:53:45.109+0000] {dagbag.py:588} INFO - Filling up the DagBag from /home/ubuntu/airflow-venv/lib/python3.12/site-packages/airflow/example_dags/example_branch_labels.py
[2024-11-14T07:53:45.120+0000] {processor.py:925} INFO - DAG(s) 'example_branch_labels' retrieved from /home/ubuntu/airflow-venv/lib/python3.12/site-packages/airflow/example_dags/example_branch_labels.py
[2024-11-14T07:53:45.139+0000] {logging_mixin.py:190} INFO - [2024-11-14T07:53:45.138+0000] {dag.py:3239} INFO - Sync 1 DAGs
[2024-11-14T07:53:45.160+0000] {logging_mixin.py:190} INFO - [2024-11-14T07:53:45.160+0000] {dag.py:4180} INFO - Setting next_dagrun for example_branch_labels to 2024-11-13 00:00:00+00:00, run_after=2024-11-14 00:00:00+00:00
[2024-11-14T07:53:45.186+0000] {processor.py:208} INFO - Processing /home/ubuntu/airflow-venv/lib/python3.12/site-packages/airflow/example_dags/example_branch_labels.py took 0.087 seconds
[2024-11-14T07:54:47.181+0000] {processor.py:186} INFO - Started process (PID=4976) to work on /home/ubuntu/airflow-venv/lib/python3.12/site-packages/airflow/example_dags/example_branch_labels.py
[2024-11-14T07:54:47.183+0000] {processor.py:914} INFO - Processing file /home/ubuntu/airflow-venv/lib/python3.12/site-packages/airflow/example_dags/example_branch_labels.py for tasks to queue
[2024-11-14T07:54:47.184+0000] {logging_mixin.py:190} INFO - [2024-11-14T07:54:47.184+0000] {dagbag.py:588} INFO - Filling up the DagBag from /home/ubuntu/airflow-venv/lib/python3.12/site-packages/airflow/example_dags/example_branch_labels.py
[2024-11-14T07:54:47.196+0000] {processor.py:925} INFO - DAG(s) 'example_branch_labels' retrieved from /home/ubuntu/airflow-venv/lib/python3.12/site-packages/airflow/example_dags/example_branch_labels.py
[2024-11-14T07:54:47.215+0000] {logging_mixin.py:190} INFO - [2024-11-14T07:54:47.215+0000] {dag.py:3239} INFO - Sync 1 DAGs
[2024-11-14T07:54:47.239+0000] {logging_mixin.py:190} INFO - [2024-11-14T07:54:47.239+0000] {dag.py:4180} INFO - Setting next_dagrun for example_branch_labels to 2024-11-13 00:00:00+00:00, run_after=2024-11-14 00:00:00+00:00
[2024-11-14T07:54:47.262+0000] {processor.py:208} INFO - Processing /home/ubuntu/airflow-venv/lib/python3.12/site-packages/airflow/example_dags/example_branch_labels.py took 0.088 seconds
[2024-11-14T07:55:47.912+0000] {processor.py:186} INFO - Started process (PID=5039) to work on /home/ubuntu/airflow-venv/lib/python3.12/site-packages/airflow/example_dags/example_branch_labels.py
[2024-11-14T07:55:47.913+0000] {processor.py:914} INFO - Processing file /home/ubuntu/airflow-venv/lib/python3.12/site-packages/airflow/example_dags/example_branch_labels.py for tasks to queue
[2024-11-14T07:55:47.914+0000] {logging_mixin.py:190} INFO - [2024-11-14T07:55:47.914+0000] {dagbag.py:588} INFO - Filling up the DagBag from /home/ubuntu/airflow-venv/lib/python3.12/site-packages/airflow/example_dags/example_branch_labels.py
[2024-11-14T07:55:47.927+0000] {processor.py:925} INFO - DAG(s) 'example_branch_labels' retrieved from /home/ubuntu/airflow-venv/lib/python3.12/site-packages/airflow/example_dags/example_branch_labels.py
[2024-11-14T07:55:47.948+0000] {logging_mixin.py:190} INFO - [2024-11-14T07:55:47.948+0000] {dag.py:3239} INFO - Sync 1 DAGs
[2024-11-14T07:55:47.972+0000] {logging_mixin.py:190} INFO - [2024-11-14T07:55:47.972+0000] {dag.py:4180} INFO - Setting next_dagrun for example_branch_labels to 2024-11-13 00:00:00+00:00, run_after=2024-11-14 00:00:00+00:00
[2024-11-14T07:55:47.999+0000] {processor.py:208} INFO - Processing /home/ubuntu/airflow-venv/lib/python3.12/site-packages/airflow/example_dags/example_branch_labels.py took 0.095 seconds
[2024-11-14T07:56:47.815+0000] {processor.py:186} INFO - Started process (PID=5100) to work on /home/ubuntu/airflow-venv/lib/python3.12/site-packages/airflow/example_dags/example_branch_labels.py
[2024-11-14T07:56:47.816+0000] {processor.py:914} INFO - Processing file /home/ubuntu/airflow-venv/lib/python3.12/site-packages/airflow/example_dags/example_branch_labels.py for tasks to queue
[2024-11-14T07:56:47.818+0000] {logging_mixin.py:190} INFO - [2024-11-14T07:56:47.817+0000] {dagbag.py:588} INFO - Filling up the DagBag from /home/ubuntu/airflow-venv/lib/python3.12/site-packages/airflow/example_dags/example_branch_labels.py
[2024-11-14T07:56:47.829+0000] {processor.py:925} INFO - DAG(s) 'example_branch_labels' retrieved from /home/ubuntu/airflow-venv/lib/python3.12/site-packages/airflow/example_dags/example_branch_labels.py
[2024-11-14T07:56:47.847+0000] {logging_mixin.py:190} INFO - [2024-11-14T07:56:47.846+0000] {dag.py:3239} INFO - Sync 1 DAGs
[2024-11-14T07:56:47.869+0000] {logging_mixin.py:190} INFO - [2024-11-14T07:56:47.869+0000] {dag.py:4180} INFO - Setting next_dagrun for example_branch_labels to 2024-11-13 00:00:00+00:00, run_after=2024-11-14 00:00:00+00:00
[2024-11-14T07:56:47.896+0000] {processor.py:208} INFO - Processing /home/ubuntu/airflow-venv/lib/python3.12/site-packages/airflow/example_dags/example_branch_labels.py took 0.087 seconds
[2024-11-14T07:57:48.080+0000] {processor.py:186} INFO - Started process (PID=5162) to work on /home/ubuntu/airflow-venv/lib/python3.12/site-packages/airflow/example_dags/example_branch_labels.py
[2024-11-14T07:57:48.081+0000] {processor.py:914} INFO - Processing file /home/ubuntu/airflow-venv/lib/python3.12/site-packages/airflow/example_dags/example_branch_labels.py for tasks to queue
[2024-11-14T07:57:48.082+0000] {logging_mixin.py:190} INFO - [2024-11-14T07:57:48.082+0000] {dagbag.py:588} INFO - Filling up the DagBag from /home/ubuntu/airflow-venv/lib/python3.12/site-packages/airflow/example_dags/example_branch_labels.py
[2024-11-14T07:57:48.093+0000] {processor.py:925} INFO - DAG(s) 'example_branch_labels' retrieved from /home/ubuntu/airflow-venv/lib/python3.12/site-packages/airflow/example_dags/example_branch_labels.py
[2024-11-14T07:57:48.111+0000] {logging_mixin.py:190} INFO - [2024-11-14T07:57:48.110+0000] {dag.py:3239} INFO - Sync 1 DAGs
[2024-11-14T07:57:48.132+0000] {logging_mixin.py:190} INFO - [2024-11-14T07:57:48.131+0000] {dag.py:4180} INFO - Setting next_dagrun for example_branch_labels to 2024-11-13 00:00:00+00:00, run_after=2024-11-14 00:00:00+00:00
[2024-11-14T07:57:48.156+0000] {processor.py:208} INFO - Processing /home/ubuntu/airflow-venv/lib/python3.12/site-packages/airflow/example_dags/example_branch_labels.py took 0.082 seconds
[2024-11-14T07:58:48.141+0000] {processor.py:186} INFO - Started process (PID=5222) to work on /home/ubuntu/airflow-venv/lib/python3.12/site-packages/airflow/example_dags/example_branch_labels.py
[2024-11-14T07:58:48.143+0000] {processor.py:914} INFO - Processing file /home/ubuntu/airflow-venv/lib/python3.12/site-packages/airflow/example_dags/example_branch_labels.py for tasks to queue
[2024-11-14T07:58:48.144+0000] {logging_mixin.py:190} INFO - [2024-11-14T07:58:48.144+0000] {dagbag.py:588} INFO - Filling up the DagBag from /home/ubuntu/airflow-venv/lib/python3.12/site-packages/airflow/example_dags/example_branch_labels.py
[2024-11-14T07:58:48.155+0000] {processor.py:925} INFO - DAG(s) 'example_branch_labels' retrieved from /home/ubuntu/airflow-venv/lib/python3.12/site-packages/airflow/example_dags/example_branch_labels.py
[2024-11-14T07:58:48.175+0000] {logging_mixin.py:190} INFO - [2024-11-14T07:58:48.174+0000] {dag.py:3239} INFO - Sync 1 DAGs
[2024-11-14T07:58:48.197+0000] {logging_mixin.py:190} INFO - [2024-11-14T07:58:48.197+0000] {dag.py:4180} INFO - Setting next_dagrun for example_branch_labels to 2024-11-13 00:00:00+00:00, run_after=2024-11-14 00:00:00+00:00
[2024-11-14T07:58:48.223+0000] {processor.py:208} INFO - Processing /home/ubuntu/airflow-venv/lib/python3.12/site-packages/airflow/example_dags/example_branch_labels.py took 0.089 seconds
[2024-11-14T07:59:48.181+0000] {processor.py:186} INFO - Started process (PID=5282) to work on /home/ubuntu/airflow-venv/lib/python3.12/site-packages/airflow/example_dags/example_branch_labels.py
[2024-11-14T07:59:48.183+0000] {processor.py:914} INFO - Processing file /home/ubuntu/airflow-venv/lib/python3.12/site-packages/airflow/example_dags/example_branch_labels.py for tasks to queue
[2024-11-14T07:59:48.184+0000] {logging_mixin.py:190} INFO - [2024-11-14T07:59:48.184+0000] {dagbag.py:588} INFO - Filling up the DagBag from /home/ubuntu/airflow-venv/lib/python3.12/site-packages/airflow/example_dags/example_branch_labels.py
[2024-11-14T07:59:48.196+0000] {processor.py:925} INFO - DAG(s) 'example_branch_labels' retrieved from /home/ubuntu/airflow-venv/lib/python3.12/site-packages/airflow/example_dags/example_branch_labels.py
[2024-11-14T07:59:48.216+0000] {logging_mixin.py:190} INFO - [2024-11-14T07:59:48.215+0000] {dag.py:3239} INFO - Sync 1 DAGs
[2024-11-14T07:59:48.237+0000] {logging_mixin.py:190} INFO - [2024-11-14T07:59:48.237+0000] {dag.py:4180} INFO - Setting next_dagrun for example_branch_labels to 2024-11-13 00:00:00+00:00, run_after=2024-11-14 00:00:00+00:00
[2024-11-14T07:59:48.259+0000] {processor.py:208} INFO - Processing /home/ubuntu/airflow-venv/lib/python3.12/site-packages/airflow/example_dags/example_branch_labels.py took 0.084 seconds
[2024-11-14T08:00:48.971+0000] {processor.py:186} INFO - Started process (PID=5348) to work on /home/ubuntu/airflow-venv/lib/python3.12/site-packages/airflow/example_dags/example_branch_labels.py
[2024-11-14T08:00:48.973+0000] {processor.py:914} INFO - Processing file /home/ubuntu/airflow-venv/lib/python3.12/site-packages/airflow/example_dags/example_branch_labels.py for tasks to queue
[2024-11-14T08:00:48.975+0000] {logging_mixin.py:190} INFO - [2024-11-14T08:00:48.974+0000] {dagbag.py:588} INFO - Filling up the DagBag from /home/ubuntu/airflow-venv/lib/python3.12/site-packages/airflow/example_dags/example_branch_labels.py
[2024-11-14T08:00:48.986+0000] {processor.py:925} INFO - DAG(s) 'example_branch_labels' retrieved from /home/ubuntu/airflow-venv/lib/python3.12/site-packages/airflow/example_dags/example_branch_labels.py
[2024-11-14T08:00:49.004+0000] {logging_mixin.py:190} INFO - [2024-11-14T08:00:49.004+0000] {dag.py:3239} INFO - Sync 1 DAGs
[2024-11-14T08:00:49.026+0000] {logging_mixin.py:190} INFO - [2024-11-14T08:00:49.026+0000] {dag.py:4180} INFO - Setting next_dagrun for example_branch_labels to 2024-11-13 00:00:00+00:00, run_after=2024-11-14 00:00:00+00:00
[2024-11-14T08:00:49.049+0000] {processor.py:208} INFO - Processing /home/ubuntu/airflow-venv/lib/python3.12/site-packages/airflow/example_dags/example_branch_labels.py took 0.083 seconds
[2024-11-14T08:01:48.220+0000] {processor.py:186} INFO - Started process (PID=5408) to work on /home/ubuntu/airflow-venv/lib/python3.12/site-packages/airflow/example_dags/example_branch_labels.py
[2024-11-14T08:01:48.222+0000] {processor.py:914} INFO - Processing file /home/ubuntu/airflow-venv/lib/python3.12/site-packages/airflow/example_dags/example_branch_labels.py for tasks to queue
[2024-11-14T08:01:48.224+0000] {logging_mixin.py:190} INFO - [2024-11-14T08:01:48.223+0000] {dagbag.py:588} INFO - Filling up the DagBag from /home/ubuntu/airflow-venv/lib/python3.12/site-packages/airflow/example_dags/example_branch_labels.py
[2024-11-14T08:01:48.235+0000] {processor.py:925} INFO - DAG(s) 'example_branch_labels' retrieved from /home/ubuntu/airflow-venv/lib/python3.12/site-packages/airflow/example_dags/example_branch_labels.py
[2024-11-14T08:01:48.253+0000] {logging_mixin.py:190} INFO - [2024-11-14T08:01:48.253+0000] {dag.py:3239} INFO - Sync 1 DAGs
[2024-11-14T08:01:48.282+0000] {logging_mixin.py:190} INFO - [2024-11-14T08:01:48.281+0000] {dag.py:4180} INFO - Setting next_dagrun for example_branch_labels to 2024-11-13 00:00:00+00:00, run_after=2024-11-14 00:00:00+00:00
[2024-11-14T08:01:48.303+0000] {processor.py:208} INFO - Processing /home/ubuntu/airflow-venv/lib/python3.12/site-packages/airflow/example_dags/example_branch_labels.py took 0.088 seconds
[2024-11-14T08:02:48.692+0000] {processor.py:186} INFO - Started process (PID=5471) to work on /home/ubuntu/airflow-venv/lib/python3.12/site-packages/airflow/example_dags/example_branch_labels.py
[2024-11-14T08:02:48.693+0000] {processor.py:914} INFO - Processing file /home/ubuntu/airflow-venv/lib/python3.12/site-packages/airflow/example_dags/example_branch_labels.py for tasks to queue
[2024-11-14T08:02:48.695+0000] {logging_mixin.py:190} INFO - [2024-11-14T08:02:48.694+0000] {dagbag.py:588} INFO - Filling up the DagBag from /home/ubuntu/airflow-venv/lib/python3.12/site-packages/airflow/example_dags/example_branch_labels.py
[2024-11-14T08:02:48.709+0000] {processor.py:925} INFO - DAG(s) 'example_branch_labels' retrieved from /home/ubuntu/airflow-venv/lib/python3.12/site-packages/airflow/example_dags/example_branch_labels.py
[2024-11-14T08:02:48.730+0000] {logging_mixin.py:190} INFO - [2024-11-14T08:02:48.730+0000] {dag.py:3239} INFO - Sync 1 DAGs
[2024-11-14T08:02:48.756+0000] {logging_mixin.py:190} INFO - [2024-11-14T08:02:48.755+0000] {dag.py:4180} INFO - Setting next_dagrun for example_branch_labels to 2024-11-13 00:00:00+00:00, run_after=2024-11-14 00:00:00+00:00
[2024-11-14T08:02:48.782+0000] {processor.py:208} INFO - Processing /home/ubuntu/airflow-venv/lib/python3.12/site-packages/airflow/example_dags/example_branch_labels.py took 0.097 seconds
