[2024-11-14T07:41:12.653+0000] {processor.py:186} INFO - Started process (PID=3715) to work on /home/ubuntu/airflow-venv/lib/python3.12/site-packages/airflow/example_dags/example_external_task_marker_dag.py
[2024-11-14T07:41:12.654+0000] {processor.py:914} INFO - Processing file /home/ubuntu/airflow-venv/lib/python3.12/site-packages/airflow/example_dags/example_external_task_marker_dag.py for tasks to queue
[2024-11-14T07:41:12.657+0000] {logging_mixin.py:190} INFO - [2024-11-14T07:41:12.656+0000] {dagbag.py:588} INFO - Filling up the DagBag from /home/ubuntu/airflow-venv/lib/python3.12/site-packages/airflow/example_dags/example_external_task_marker_dag.py
[2024-11-14T07:41:12.666+0000] {processor.py:925} INFO - DAG(s) 'example_external_task_marker_child', 'example_external_task_marker_parent' retrieved from /home/ubuntu/airflow-venv/lib/python3.12/site-packages/airflow/example_dags/example_external_task_marker_dag.py
[2024-11-14T07:41:12.773+0000] {logging_mixin.py:190} INFO - [2024-11-14T07:41:12.772+0000] {override.py:1911} INFO - Created Permission View: can delete on DAG:example_external_task_marker_child
[2024-11-14T07:41:12.790+0000] {logging_mixin.py:190} INFO - [2024-11-14T07:41:12.789+0000] {override.py:1911} INFO - Created Permission View: can read on DAG:example_external_task_marker_child
[2024-11-14T07:41:12.801+0000] {logging_mixin.py:190} INFO - [2024-11-14T07:41:12.800+0000] {override.py:1911} INFO - Created Permission View: can edit on DAG:example_external_task_marker_child
[2024-11-14T07:41:12.817+0000] {logging_mixin.py:190} INFO - [2024-11-14T07:41:12.817+0000] {override.py:1911} INFO - Created Permission View: can delete on DAG Run:example_external_task_marker_child
[2024-11-14T07:41:12.828+0000] {logging_mixin.py:190} INFO - [2024-11-14T07:41:12.828+0000] {override.py:1911} INFO - Created Permission View: can create on DAG Run:example_external_task_marker_child
[2024-11-14T07:41:12.838+0000] {logging_mixin.py:190} INFO - [2024-11-14T07:41:12.838+0000] {override.py:1911} INFO - Created Permission View: can read on DAG Run:example_external_task_marker_child
[2024-11-14T07:41:12.849+0000] {logging_mixin.py:190} INFO - [2024-11-14T07:41:12.848+0000] {override.py:1911} INFO - Created Permission View: menu access on DAG Run:example_external_task_marker_child
[2024-11-14T07:41:12.871+0000] {logging_mixin.py:190} INFO - [2024-11-14T07:41:12.870+0000] {override.py:1911} INFO - Created Permission View: can delete on DAG:example_external_task_marker_parent
[2024-11-14T07:41:12.882+0000] {logging_mixin.py:190} INFO - [2024-11-14T07:41:12.882+0000] {override.py:1911} INFO - Created Permission View: can read on DAG:example_external_task_marker_parent
[2024-11-14T07:41:12.894+0000] {logging_mixin.py:190} INFO - [2024-11-14T07:41:12.894+0000] {override.py:1911} INFO - Created Permission View: can edit on DAG:example_external_task_marker_parent
[2024-11-14T07:41:12.912+0000] {logging_mixin.py:190} INFO - [2024-11-14T07:41:12.912+0000] {override.py:1911} INFO - Created Permission View: can delete on DAG Run:example_external_task_marker_parent
[2024-11-14T07:41:12.923+0000] {logging_mixin.py:190} INFO - [2024-11-14T07:41:12.923+0000] {override.py:1911} INFO - Created Permission View: can create on DAG Run:example_external_task_marker_parent
[2024-11-14T07:41:12.933+0000] {logging_mixin.py:190} INFO - [2024-11-14T07:41:12.932+0000] {override.py:1911} INFO - Created Permission View: can read on DAG Run:example_external_task_marker_parent
[2024-11-14T07:41:12.946+0000] {logging_mixin.py:190} INFO - [2024-11-14T07:41:12.945+0000] {override.py:1911} INFO - Created Permission View: menu access on DAG Run:example_external_task_marker_parent
[2024-11-14T07:41:12.946+0000] {logging_mixin.py:190} INFO - [2024-11-14T07:41:12.946+0000] {dag.py:3239} INFO - Sync 2 DAGs
[2024-11-14T07:41:12.957+0000] {logging_mixin.py:190} INFO - [2024-11-14T07:41:12.957+0000] {dag.py:3262} INFO - Creating ORM DAG for example_external_task_marker_child
[2024-11-14T07:41:12.958+0000] {logging_mixin.py:190} INFO - [2024-11-14T07:41:12.958+0000] {dag.py:3262} INFO - Creating ORM DAG for example_external_task_marker_parent
[2024-11-14T07:41:12.958+0000] {logging_mixin.py:190} INFO - [2024-11-14T07:41:12.958+0000] {dag.py:4180} INFO - Setting next_dagrun for example_external_task_marker_child to None, run_after=None
[2024-11-14T07:41:12.959+0000] {logging_mixin.py:190} INFO - [2024-11-14T07:41:12.959+0000] {dag.py:4180} INFO - Setting next_dagrun for example_external_task_marker_parent to None, run_after=None
[2024-11-14T07:41:12.980+0000] {processor.py:208} INFO - Processing /home/ubuntu/airflow-venv/lib/python3.12/site-packages/airflow/example_dags/example_external_task_marker_dag.py took 0.333 seconds
[2024-11-14T07:42:22.071+0000] {processor.py:186} INFO - Started process (PID=3778) to work on /home/ubuntu/airflow-venv/lib/python3.12/site-packages/airflow/example_dags/example_external_task_marker_dag.py
[2024-11-14T07:42:22.072+0000] {processor.py:914} INFO - Processing file /home/ubuntu/airflow-venv/lib/python3.12/site-packages/airflow/example_dags/example_external_task_marker_dag.py for tasks to queue
[2024-11-14T07:42:22.076+0000] {logging_mixin.py:190} INFO - [2024-11-14T07:42:22.076+0000] {dagbag.py:588} INFO - Filling up the DagBag from /home/ubuntu/airflow-venv/lib/python3.12/site-packages/airflow/example_dags/example_external_task_marker_dag.py
[2024-11-14T07:42:22.086+0000] {processor.py:925} INFO - DAG(s) 'example_external_task_marker_child', 'example_external_task_marker_parent' retrieved from /home/ubuntu/airflow-venv/lib/python3.12/site-packages/airflow/example_dags/example_external_task_marker_dag.py
[2024-11-14T07:42:22.113+0000] {logging_mixin.py:190} INFO - [2024-11-14T07:42:22.112+0000] {dag.py:3239} INFO - Sync 2 DAGs
[2024-11-14T07:42:22.125+0000] {logging_mixin.py:190} INFO - [2024-11-14T07:42:22.125+0000] {dag.py:4180} INFO - Setting next_dagrun for example_external_task_marker_child to None, run_after=None
[2024-11-14T07:42:22.129+0000] {logging_mixin.py:190} INFO - [2024-11-14T07:42:22.128+0000] {dag.py:4180} INFO - Setting next_dagrun for example_external_task_marker_parent to None, run_after=None
[2024-11-14T07:42:22.148+0000] {processor.py:208} INFO - Processing /home/ubuntu/airflow-venv/lib/python3.12/site-packages/airflow/example_dags/example_external_task_marker_dag.py took 0.083 seconds
[2024-11-14T07:43:18.632+0000] {processor.py:186} INFO - Started process (PID=3836) to work on /home/ubuntu/airflow-venv/lib/python3.12/site-packages/airflow/example_dags/example_external_task_marker_dag.py
[2024-11-14T07:43:18.634+0000] {processor.py:914} INFO - Processing file /home/ubuntu/airflow-venv/lib/python3.12/site-packages/airflow/example_dags/example_external_task_marker_dag.py for tasks to queue
[2024-11-14T07:43:18.636+0000] {logging_mixin.py:190} INFO - [2024-11-14T07:43:18.636+0000] {dagbag.py:588} INFO - Filling up the DagBag from /home/ubuntu/airflow-venv/lib/python3.12/site-packages/airflow/example_dags/example_external_task_marker_dag.py
[2024-11-14T07:43:18.647+0000] {processor.py:925} INFO - DAG(s) 'example_external_task_marker_child', 'example_external_task_marker_parent' retrieved from /home/ubuntu/airflow-venv/lib/python3.12/site-packages/airflow/example_dags/example_external_task_marker_dag.py
[2024-11-14T07:43:18.668+0000] {logging_mixin.py:190} INFO - [2024-11-14T07:43:18.668+0000] {dag.py:3239} INFO - Sync 2 DAGs
[2024-11-14T07:43:18.681+0000] {logging_mixin.py:190} INFO - [2024-11-14T07:43:18.681+0000] {dag.py:4180} INFO - Setting next_dagrun for example_external_task_marker_child to None, run_after=None
[2024-11-14T07:43:18.684+0000] {logging_mixin.py:190} INFO - [2024-11-14T07:43:18.684+0000] {dag.py:4180} INFO - Setting next_dagrun for example_external_task_marker_parent to None, run_after=None
[2024-11-14T07:43:18.711+0000] {processor.py:208} INFO - Processing /home/ubuntu/airflow-venv/lib/python3.12/site-packages/airflow/example_dags/example_external_task_marker_dag.py took 0.085 seconds
[2024-11-14T07:44:16.359+0000] {processor.py:186} INFO - Started process (PID=3893) to work on /home/ubuntu/airflow-venv/lib/python3.12/site-packages/airflow/example_dags/example_external_task_marker_dag.py
[2024-11-14T07:44:16.360+0000] {processor.py:914} INFO - Processing file /home/ubuntu/airflow-venv/lib/python3.12/site-packages/airflow/example_dags/example_external_task_marker_dag.py for tasks to queue
[2024-11-14T07:44:16.363+0000] {logging_mixin.py:190} INFO - [2024-11-14T07:44:16.362+0000] {dagbag.py:588} INFO - Filling up the DagBag from /home/ubuntu/airflow-venv/lib/python3.12/site-packages/airflow/example_dags/example_external_task_marker_dag.py
[2024-11-14T07:44:16.373+0000] {processor.py:925} INFO - DAG(s) 'example_external_task_marker_child', 'example_external_task_marker_parent' retrieved from /home/ubuntu/airflow-venv/lib/python3.12/site-packages/airflow/example_dags/example_external_task_marker_dag.py
[2024-11-14T07:44:16.394+0000] {logging_mixin.py:190} INFO - [2024-11-14T07:44:16.394+0000] {dag.py:3239} INFO - Sync 2 DAGs
[2024-11-14T07:44:16.408+0000] {logging_mixin.py:190} INFO - [2024-11-14T07:44:16.407+0000] {dag.py:4180} INFO - Setting next_dagrun for example_external_task_marker_child to None, run_after=None
[2024-11-14T07:44:16.413+0000] {logging_mixin.py:190} INFO - [2024-11-14T07:44:16.412+0000] {dag.py:4180} INFO - Setting next_dagrun for example_external_task_marker_parent to None, run_after=None
[2024-11-14T07:44:16.452+0000] {processor.py:208} INFO - Processing /home/ubuntu/airflow-venv/lib/python3.12/site-packages/airflow/example_dags/example_external_task_marker_dag.py took 0.101 seconds
[2024-11-14T07:45:14.729+0000] {processor.py:186} INFO - Started process (PID=3953) to work on /home/ubuntu/airflow-venv/lib/python3.12/site-packages/airflow/example_dags/example_external_task_marker_dag.py
[2024-11-14T07:45:14.730+0000] {processor.py:914} INFO - Processing file /home/ubuntu/airflow-venv/lib/python3.12/site-packages/airflow/example_dags/example_external_task_marker_dag.py for tasks to queue
[2024-11-14T07:45:14.732+0000] {logging_mixin.py:190} INFO - [2024-11-14T07:45:14.732+0000] {dagbag.py:588} INFO - Filling up the DagBag from /home/ubuntu/airflow-venv/lib/python3.12/site-packages/airflow/example_dags/example_external_task_marker_dag.py
[2024-11-14T07:45:14.742+0000] {processor.py:925} INFO - DAG(s) 'example_external_task_marker_parent', 'example_external_task_marker_child' retrieved from /home/ubuntu/airflow-venv/lib/python3.12/site-packages/airflow/example_dags/example_external_task_marker_dag.py
[2024-11-14T07:45:14.762+0000] {logging_mixin.py:190} INFO - [2024-11-14T07:45:14.762+0000] {dag.py:3239} INFO - Sync 2 DAGs
[2024-11-14T07:45:14.776+0000] {logging_mixin.py:190} INFO - [2024-11-14T07:45:14.776+0000] {dag.py:4180} INFO - Setting next_dagrun for example_external_task_marker_child to None, run_after=None
[2024-11-14T07:45:14.780+0000] {logging_mixin.py:190} INFO - [2024-11-14T07:45:14.779+0000] {dag.py:4180} INFO - Setting next_dagrun for example_external_task_marker_parent to None, run_after=None
[2024-11-14T07:45:14.801+0000] {processor.py:208} INFO - Processing /home/ubuntu/airflow-venv/lib/python3.12/site-packages/airflow/example_dags/example_external_task_marker_dag.py took 0.080 seconds
[2024-11-14T07:46:08.207+0000] {processor.py:186} INFO - Started process (PID=4012) to work on /home/ubuntu/airflow-venv/lib/python3.12/site-packages/airflow/example_dags/example_external_task_marker_dag.py
[2024-11-14T07:46:08.209+0000] {processor.py:914} INFO - Processing file /home/ubuntu/airflow-venv/lib/python3.12/site-packages/airflow/example_dags/example_external_task_marker_dag.py for tasks to queue
[2024-11-14T07:46:08.212+0000] {logging_mixin.py:190} INFO - [2024-11-14T07:46:08.211+0000] {dagbag.py:588} INFO - Filling up the DagBag from /home/ubuntu/airflow-venv/lib/python3.12/site-packages/airflow/example_dags/example_external_task_marker_dag.py
[2024-11-14T07:46:08.223+0000] {processor.py:925} INFO - DAG(s) 'example_external_task_marker_child', 'example_external_task_marker_parent' retrieved from /home/ubuntu/airflow-venv/lib/python3.12/site-packages/airflow/example_dags/example_external_task_marker_dag.py
[2024-11-14T07:46:08.251+0000] {logging_mixin.py:190} INFO - [2024-11-14T07:46:08.250+0000] {dag.py:3239} INFO - Sync 2 DAGs
[2024-11-14T07:46:08.274+0000] {logging_mixin.py:190} INFO - [2024-11-14T07:46:08.274+0000] {dag.py:4180} INFO - Setting next_dagrun for example_external_task_marker_child to None, run_after=None
[2024-11-14T07:46:08.279+0000] {logging_mixin.py:190} INFO - [2024-11-14T07:46:08.279+0000] {dag.py:4180} INFO - Setting next_dagrun for example_external_task_marker_parent to None, run_after=None
[2024-11-14T07:46:08.307+0000] {processor.py:208} INFO - Processing /home/ubuntu/airflow-venv/lib/python3.12/site-packages/airflow/example_dags/example_external_task_marker_dag.py took 0.108 seconds
[2024-11-14T07:47:02.890+0000] {processor.py:186} INFO - Started process (PID=4070) to work on /home/ubuntu/airflow-venv/lib/python3.12/site-packages/airflow/example_dags/example_external_task_marker_dag.py
[2024-11-14T07:47:02.891+0000] {processor.py:914} INFO - Processing file /home/ubuntu/airflow-venv/lib/python3.12/site-packages/airflow/example_dags/example_external_task_marker_dag.py for tasks to queue
[2024-11-14T07:47:02.894+0000] {logging_mixin.py:190} INFO - [2024-11-14T07:47:02.893+0000] {dagbag.py:588} INFO - Filling up the DagBag from /home/ubuntu/airflow-venv/lib/python3.12/site-packages/airflow/example_dags/example_external_task_marker_dag.py
[2024-11-14T07:47:02.903+0000] {processor.py:925} INFO - DAG(s) 'example_external_task_marker_child', 'example_external_task_marker_parent' retrieved from /home/ubuntu/airflow-venv/lib/python3.12/site-packages/airflow/example_dags/example_external_task_marker_dag.py
[2024-11-14T07:47:02.924+0000] {logging_mixin.py:190} INFO - [2024-11-14T07:47:02.924+0000] {dag.py:3239} INFO - Sync 2 DAGs
[2024-11-14T07:47:02.938+0000] {logging_mixin.py:190} INFO - [2024-11-14T07:47:02.938+0000] {dag.py:4180} INFO - Setting next_dagrun for example_external_task_marker_child to None, run_after=None
[2024-11-14T07:47:02.941+0000] {logging_mixin.py:190} INFO - [2024-11-14T07:47:02.941+0000] {dag.py:4180} INFO - Setting next_dagrun for example_external_task_marker_parent to None, run_after=None
[2024-11-14T07:47:02.962+0000] {processor.py:208} INFO - Processing /home/ubuntu/airflow-venv/lib/python3.12/site-packages/airflow/example_dags/example_external_task_marker_dag.py took 0.079 seconds
[2024-11-14T07:47:58.780+0000] {processor.py:186} INFO - Started process (PID=4304) to work on /home/ubuntu/airflow-venv/lib/python3.12/site-packages/airflow/example_dags/example_external_task_marker_dag.py
[2024-11-14T07:47:58.782+0000] {processor.py:914} INFO - Processing file /home/ubuntu/airflow-venv/lib/python3.12/site-packages/airflow/example_dags/example_external_task_marker_dag.py for tasks to queue
[2024-11-14T07:47:58.785+0000] {logging_mixin.py:190} INFO - [2024-11-14T07:47:58.785+0000] {dagbag.py:588} INFO - Filling up the DagBag from /home/ubuntu/airflow-venv/lib/python3.12/site-packages/airflow/example_dags/example_external_task_marker_dag.py
[2024-11-14T07:47:58.806+0000] {processor.py:925} INFO - DAG(s) 'example_external_task_marker_parent', 'example_external_task_marker_child' retrieved from /home/ubuntu/airflow-venv/lib/python3.12/site-packages/airflow/example_dags/example_external_task_marker_dag.py
[2024-11-14T07:47:58.845+0000] {logging_mixin.py:190} INFO - [2024-11-14T07:47:58.844+0000] {dag.py:3239} INFO - Sync 2 DAGs
[2024-11-14T07:47:58.870+0000] {logging_mixin.py:190} INFO - [2024-11-14T07:47:58.870+0000] {dag.py:4180} INFO - Setting next_dagrun for example_external_task_marker_child to None, run_after=None
[2024-11-14T07:47:58.878+0000] {logging_mixin.py:190} INFO - [2024-11-14T07:47:58.878+0000] {dag.py:4180} INFO - Setting next_dagrun for example_external_task_marker_parent to None, run_after=None
[2024-11-14T07:47:58.911+0000] {processor.py:208} INFO - Processing /home/ubuntu/airflow-venv/lib/python3.12/site-packages/airflow/example_dags/example_external_task_marker_dag.py took 0.144 seconds
[2024-11-14T07:49:04.237+0000] {processor.py:186} INFO - Started process (PID=4631) to work on /home/ubuntu/airflow-venv/lib/python3.12/site-packages/airflow/example_dags/example_external_task_marker_dag.py
[2024-11-14T07:49:04.240+0000] {processor.py:914} INFO - Processing file /home/ubuntu/airflow-venv/lib/python3.12/site-packages/airflow/example_dags/example_external_task_marker_dag.py for tasks to queue
[2024-11-14T07:49:04.243+0000] {logging_mixin.py:190} INFO - [2024-11-14T07:49:04.243+0000] {dagbag.py:588} INFO - Filling up the DagBag from /home/ubuntu/airflow-venv/lib/python3.12/site-packages/airflow/example_dags/example_external_task_marker_dag.py
[2024-11-14T07:49:04.268+0000] {processor.py:925} INFO - DAG(s) 'example_external_task_marker_child', 'example_external_task_marker_parent' retrieved from /home/ubuntu/airflow-venv/lib/python3.12/site-packages/airflow/example_dags/example_external_task_marker_dag.py
[2024-11-14T07:49:04.301+0000] {logging_mixin.py:190} INFO - [2024-11-14T07:49:04.301+0000] {dag.py:3239} INFO - Sync 2 DAGs
[2024-11-14T07:49:04.324+0000] {logging_mixin.py:190} INFO - [2024-11-14T07:49:04.324+0000] {dag.py:4180} INFO - Setting next_dagrun for example_external_task_marker_child to None, run_after=None
[2024-11-14T07:49:04.329+0000] {logging_mixin.py:190} INFO - [2024-11-14T07:49:04.329+0000] {dag.py:4180} INFO - Setting next_dagrun for example_external_task_marker_parent to None, run_after=None
[2024-11-14T07:49:04.368+0000] {processor.py:208} INFO - Processing /home/ubuntu/airflow-venv/lib/python3.12/site-packages/airflow/example_dags/example_external_task_marker_dag.py took 0.141 seconds
[2024-11-14T07:50:05.547+0000] {processor.py:186} INFO - Started process (PID=4691) to work on /home/ubuntu/airflow-venv/lib/python3.12/site-packages/airflow/example_dags/example_external_task_marker_dag.py
[2024-11-14T07:50:05.549+0000] {processor.py:914} INFO - Processing file /home/ubuntu/airflow-venv/lib/python3.12/site-packages/airflow/example_dags/example_external_task_marker_dag.py for tasks to queue
[2024-11-14T07:50:05.566+0000] {logging_mixin.py:190} INFO - [2024-11-14T07:50:05.566+0000] {dagbag.py:588} INFO - Filling up the DagBag from /home/ubuntu/airflow-venv/lib/python3.12/site-packages/airflow/example_dags/example_external_task_marker_dag.py
[2024-11-14T07:50:05.588+0000] {processor.py:925} INFO - DAG(s) 'example_external_task_marker_child', 'example_external_task_marker_parent' retrieved from /home/ubuntu/airflow-venv/lib/python3.12/site-packages/airflow/example_dags/example_external_task_marker_dag.py
[2024-11-14T07:50:05.647+0000] {logging_mixin.py:190} INFO - [2024-11-14T07:50:05.647+0000] {dag.py:3239} INFO - Sync 2 DAGs
[2024-11-14T07:50:05.694+0000] {logging_mixin.py:190} INFO - [2024-11-14T07:50:05.694+0000] {dag.py:4180} INFO - Setting next_dagrun for example_external_task_marker_child to None, run_after=None
[2024-11-14T07:50:05.700+0000] {logging_mixin.py:190} INFO - [2024-11-14T07:50:05.699+0000] {dag.py:4180} INFO - Setting next_dagrun for example_external_task_marker_parent to None, run_after=None
[2024-11-14T07:50:05.763+0000] {processor.py:208} INFO - Processing /home/ubuntu/airflow-venv/lib/python3.12/site-packages/airflow/example_dags/example_external_task_marker_dag.py took 0.223 seconds
[2024-11-14T07:51:10.203+0000] {processor.py:186} INFO - Started process (PID=4757) to work on /home/ubuntu/airflow-venv/lib/python3.12/site-packages/airflow/example_dags/example_external_task_marker_dag.py
[2024-11-14T07:51:10.205+0000] {processor.py:914} INFO - Processing file /home/ubuntu/airflow-venv/lib/python3.12/site-packages/airflow/example_dags/example_external_task_marker_dag.py for tasks to queue
[2024-11-14T07:51:10.206+0000] {logging_mixin.py:190} INFO - [2024-11-14T07:51:10.206+0000] {dagbag.py:588} INFO - Filling up the DagBag from /home/ubuntu/airflow-venv/lib/python3.12/site-packages/airflow/example_dags/example_external_task_marker_dag.py
[2024-11-14T07:51:10.216+0000] {processor.py:925} INFO - DAG(s) 'example_external_task_marker_parent', 'example_external_task_marker_child' retrieved from /home/ubuntu/airflow-venv/lib/python3.12/site-packages/airflow/example_dags/example_external_task_marker_dag.py
[2024-11-14T07:51:10.237+0000] {logging_mixin.py:190} INFO - [2024-11-14T07:51:10.236+0000] {dag.py:3239} INFO - Sync 2 DAGs
[2024-11-14T07:51:10.250+0000] {logging_mixin.py:190} INFO - [2024-11-14T07:51:10.250+0000] {dag.py:4180} INFO - Setting next_dagrun for example_external_task_marker_child to None, run_after=None
[2024-11-14T07:51:10.254+0000] {logging_mixin.py:190} INFO - [2024-11-14T07:51:10.253+0000] {dag.py:4180} INFO - Setting next_dagrun for example_external_task_marker_parent to None, run_after=None
[2024-11-14T07:51:10.277+0000] {processor.py:208} INFO - Processing /home/ubuntu/airflow-venv/lib/python3.12/site-packages/airflow/example_dags/example_external_task_marker_dag.py took 0.080 seconds
[2024-11-14T07:52:11.343+0000] {processor.py:186} INFO - Started process (PID=4817) to work on /home/ubuntu/airflow-venv/lib/python3.12/site-packages/airflow/example_dags/example_external_task_marker_dag.py
[2024-11-14T07:52:11.344+0000] {processor.py:914} INFO - Processing file /home/ubuntu/airflow-venv/lib/python3.12/site-packages/airflow/example_dags/example_external_task_marker_dag.py for tasks to queue
[2024-11-14T07:52:11.345+0000] {logging_mixin.py:190} INFO - [2024-11-14T07:52:11.345+0000] {dagbag.py:588} INFO - Filling up the DagBag from /home/ubuntu/airflow-venv/lib/python3.12/site-packages/airflow/example_dags/example_external_task_marker_dag.py
[2024-11-14T07:52:11.355+0000] {processor.py:925} INFO - DAG(s) 'example_external_task_marker_parent', 'example_external_task_marker_child' retrieved from /home/ubuntu/airflow-venv/lib/python3.12/site-packages/airflow/example_dags/example_external_task_marker_dag.py
[2024-11-14T07:52:11.375+0000] {logging_mixin.py:190} INFO - [2024-11-14T07:52:11.375+0000] {dag.py:3239} INFO - Sync 2 DAGs
[2024-11-14T07:52:11.389+0000] {logging_mixin.py:190} INFO - [2024-11-14T07:52:11.388+0000] {dag.py:4180} INFO - Setting next_dagrun for example_external_task_marker_child to None, run_after=None
[2024-11-14T07:52:11.393+0000] {logging_mixin.py:190} INFO - [2024-11-14T07:52:11.392+0000] {dag.py:4180} INFO - Setting next_dagrun for example_external_task_marker_parent to None, run_after=None
[2024-11-14T07:52:11.423+0000] {processor.py:208} INFO - Processing /home/ubuntu/airflow-venv/lib/python3.12/site-packages/airflow/example_dags/example_external_task_marker_dag.py took 0.086 seconds
[2024-11-14T07:53:09.740+0000] {processor.py:186} INFO - Started process (PID=4877) to work on /home/ubuntu/airflow-venv/lib/python3.12/site-packages/airflow/example_dags/example_external_task_marker_dag.py
[2024-11-14T07:53:09.742+0000] {processor.py:914} INFO - Processing file /home/ubuntu/airflow-venv/lib/python3.12/site-packages/airflow/example_dags/example_external_task_marker_dag.py for tasks to queue
[2024-11-14T07:53:09.743+0000] {logging_mixin.py:190} INFO - [2024-11-14T07:53:09.743+0000] {dagbag.py:588} INFO - Filling up the DagBag from /home/ubuntu/airflow-venv/lib/python3.12/site-packages/airflow/example_dags/example_external_task_marker_dag.py
[2024-11-14T07:53:09.752+0000] {processor.py:925} INFO - DAG(s) 'example_external_task_marker_parent', 'example_external_task_marker_child' retrieved from /home/ubuntu/airflow-venv/lib/python3.12/site-packages/airflow/example_dags/example_external_task_marker_dag.py
[2024-11-14T07:53:09.790+0000] {logging_mixin.py:190} INFO - [2024-11-14T07:53:09.790+0000] {dag.py:3239} INFO - Sync 2 DAGs
[2024-11-14T07:53:09.805+0000] {logging_mixin.py:190} INFO - [2024-11-14T07:53:09.805+0000] {dag.py:4180} INFO - Setting next_dagrun for example_external_task_marker_child to None, run_after=None
[2024-11-14T07:53:09.810+0000] {logging_mixin.py:190} INFO - [2024-11-14T07:53:09.810+0000] {dag.py:4180} INFO - Setting next_dagrun for example_external_task_marker_parent to None, run_after=None
[2024-11-14T07:53:09.832+0000] {processor.py:208} INFO - Processing /home/ubuntu/airflow-venv/lib/python3.12/site-packages/airflow/example_dags/example_external_task_marker_dag.py took 0.099 seconds
[2024-11-14T07:54:07.390+0000] {processor.py:186} INFO - Started process (PID=4938) to work on /home/ubuntu/airflow-venv/lib/python3.12/site-packages/airflow/example_dags/example_external_task_marker_dag.py
[2024-11-14T07:54:07.392+0000] {processor.py:914} INFO - Processing file /home/ubuntu/airflow-venv/lib/python3.12/site-packages/airflow/example_dags/example_external_task_marker_dag.py for tasks to queue
[2024-11-14T07:54:07.394+0000] {logging_mixin.py:190} INFO - [2024-11-14T07:54:07.393+0000] {dagbag.py:588} INFO - Filling up the DagBag from /home/ubuntu/airflow-venv/lib/python3.12/site-packages/airflow/example_dags/example_external_task_marker_dag.py
[2024-11-14T07:54:07.405+0000] {processor.py:925} INFO - DAG(s) 'example_external_task_marker_child', 'example_external_task_marker_parent' retrieved from /home/ubuntu/airflow-venv/lib/python3.12/site-packages/airflow/example_dags/example_external_task_marker_dag.py
[2024-11-14T07:54:07.439+0000] {logging_mixin.py:190} INFO - [2024-11-14T07:54:07.437+0000] {dag.py:3239} INFO - Sync 2 DAGs
[2024-11-14T07:54:07.458+0000] {logging_mixin.py:190} INFO - [2024-11-14T07:54:07.458+0000] {dag.py:4180} INFO - Setting next_dagrun for example_external_task_marker_child to None, run_after=None
[2024-11-14T07:54:07.467+0000] {logging_mixin.py:190} INFO - [2024-11-14T07:54:07.466+0000] {dag.py:4180} INFO - Setting next_dagrun for example_external_task_marker_parent to None, run_after=None
[2024-11-14T07:54:07.492+0000] {processor.py:208} INFO - Processing /home/ubuntu/airflow-venv/lib/python3.12/site-packages/airflow/example_dags/example_external_task_marker_dag.py took 0.112 seconds
[2024-11-14T07:55:07.857+0000] {processor.py:186} INFO - Started process (PID=5000) to work on /home/ubuntu/airflow-venv/lib/python3.12/site-packages/airflow/example_dags/example_external_task_marker_dag.py
[2024-11-14T07:55:07.859+0000] {processor.py:914} INFO - Processing file /home/ubuntu/airflow-venv/lib/python3.12/site-packages/airflow/example_dags/example_external_task_marker_dag.py for tasks to queue
[2024-11-14T07:55:07.860+0000] {logging_mixin.py:190} INFO - [2024-11-14T07:55:07.860+0000] {dagbag.py:588} INFO - Filling up the DagBag from /home/ubuntu/airflow-venv/lib/python3.12/site-packages/airflow/example_dags/example_external_task_marker_dag.py
[2024-11-14T07:55:07.871+0000] {processor.py:925} INFO - DAG(s) 'example_external_task_marker_child', 'example_external_task_marker_parent' retrieved from /home/ubuntu/airflow-venv/lib/python3.12/site-packages/airflow/example_dags/example_external_task_marker_dag.py
[2024-11-14T07:55:07.896+0000] {logging_mixin.py:190} INFO - [2024-11-14T07:55:07.895+0000] {dag.py:3239} INFO - Sync 2 DAGs
[2024-11-14T07:55:07.914+0000] {logging_mixin.py:190} INFO - [2024-11-14T07:55:07.914+0000] {dag.py:4180} INFO - Setting next_dagrun for example_external_task_marker_child to None, run_after=None
[2024-11-14T07:55:07.919+0000] {logging_mixin.py:190} INFO - [2024-11-14T07:55:07.918+0000] {dag.py:4180} INFO - Setting next_dagrun for example_external_task_marker_parent to None, run_after=None
[2024-11-14T07:55:07.948+0000] {processor.py:208} INFO - Processing /home/ubuntu/airflow-venv/lib/python3.12/site-packages/airflow/example_dags/example_external_task_marker_dag.py took 0.103 seconds
[2024-11-14T07:56:10.098+0000] {processor.py:186} INFO - Started process (PID=5061) to work on /home/ubuntu/airflow-venv/lib/python3.12/site-packages/airflow/example_dags/example_external_task_marker_dag.py
[2024-11-14T07:56:10.100+0000] {processor.py:914} INFO - Processing file /home/ubuntu/airflow-venv/lib/python3.12/site-packages/airflow/example_dags/example_external_task_marker_dag.py for tasks to queue
[2024-11-14T07:56:10.101+0000] {logging_mixin.py:190} INFO - [2024-11-14T07:56:10.101+0000] {dagbag.py:588} INFO - Filling up the DagBag from /home/ubuntu/airflow-venv/lib/python3.12/site-packages/airflow/example_dags/example_external_task_marker_dag.py
[2024-11-14T07:56:10.115+0000] {processor.py:925} INFO - DAG(s) 'example_external_task_marker_child', 'example_external_task_marker_parent' retrieved from /home/ubuntu/airflow-venv/lib/python3.12/site-packages/airflow/example_dags/example_external_task_marker_dag.py
[2024-11-14T07:56:10.142+0000] {logging_mixin.py:190} INFO - [2024-11-14T07:56:10.141+0000] {dag.py:3239} INFO - Sync 2 DAGs
[2024-11-14T07:56:10.159+0000] {logging_mixin.py:190} INFO - [2024-11-14T07:56:10.158+0000] {dag.py:4180} INFO - Setting next_dagrun for example_external_task_marker_child to None, run_after=None
[2024-11-14T07:56:10.163+0000] {logging_mixin.py:190} INFO - [2024-11-14T07:56:10.163+0000] {dag.py:4180} INFO - Setting next_dagrun for example_external_task_marker_parent to None, run_after=None
[2024-11-14T07:56:10.194+0000] {processor.py:208} INFO - Processing /home/ubuntu/airflow-venv/lib/python3.12/site-packages/airflow/example_dags/example_external_task_marker_dag.py took 0.102 seconds
[2024-11-14T07:57:09.713+0000] {processor.py:186} INFO - Started process (PID=5123) to work on /home/ubuntu/airflow-venv/lib/python3.12/site-packages/airflow/example_dags/example_external_task_marker_dag.py
[2024-11-14T07:57:09.715+0000] {processor.py:914} INFO - Processing file /home/ubuntu/airflow-venv/lib/python3.12/site-packages/airflow/example_dags/example_external_task_marker_dag.py for tasks to queue
[2024-11-14T07:57:09.716+0000] {logging_mixin.py:190} INFO - [2024-11-14T07:57:09.716+0000] {dagbag.py:588} INFO - Filling up the DagBag from /home/ubuntu/airflow-venv/lib/python3.12/site-packages/airflow/example_dags/example_external_task_marker_dag.py
[2024-11-14T07:57:09.727+0000] {processor.py:925} INFO - DAG(s) 'example_external_task_marker_parent', 'example_external_task_marker_child' retrieved from /home/ubuntu/airflow-venv/lib/python3.12/site-packages/airflow/example_dags/example_external_task_marker_dag.py
[2024-11-14T07:57:09.748+0000] {logging_mixin.py:190} INFO - [2024-11-14T07:57:09.748+0000] {dag.py:3239} INFO - Sync 2 DAGs
[2024-11-14T07:57:09.762+0000] {logging_mixin.py:190} INFO - [2024-11-14T07:57:09.762+0000] {dag.py:4180} INFO - Setting next_dagrun for example_external_task_marker_child to None, run_after=None
[2024-11-14T07:57:09.765+0000] {logging_mixin.py:190} INFO - [2024-11-14T07:57:09.765+0000] {dag.py:4180} INFO - Setting next_dagrun for example_external_task_marker_parent to None, run_after=None
[2024-11-14T07:57:09.786+0000] {processor.py:208} INFO - Processing /home/ubuntu/airflow-venv/lib/python3.12/site-packages/airflow/example_dags/example_external_task_marker_dag.py took 0.078 seconds
[2024-11-14T07:58:09.517+0000] {processor.py:186} INFO - Started process (PID=5184) to work on /home/ubuntu/airflow-venv/lib/python3.12/site-packages/airflow/example_dags/example_external_task_marker_dag.py
[2024-11-14T07:58:09.519+0000] {processor.py:914} INFO - Processing file /home/ubuntu/airflow-venv/lib/python3.12/site-packages/airflow/example_dags/example_external_task_marker_dag.py for tasks to queue
[2024-11-14T07:58:09.520+0000] {logging_mixin.py:190} INFO - [2024-11-14T07:58:09.520+0000] {dagbag.py:588} INFO - Filling up the DagBag from /home/ubuntu/airflow-venv/lib/python3.12/site-packages/airflow/example_dags/example_external_task_marker_dag.py
[2024-11-14T07:58:09.529+0000] {processor.py:925} INFO - DAG(s) 'example_external_task_marker_parent', 'example_external_task_marker_child' retrieved from /home/ubuntu/airflow-venv/lib/python3.12/site-packages/airflow/example_dags/example_external_task_marker_dag.py
[2024-11-14T07:58:09.549+0000] {logging_mixin.py:190} INFO - [2024-11-14T07:58:09.549+0000] {dag.py:3239} INFO - Sync 2 DAGs
[2024-11-14T07:58:09.562+0000] {logging_mixin.py:190} INFO - [2024-11-14T07:58:09.562+0000] {dag.py:4180} INFO - Setting next_dagrun for example_external_task_marker_child to None, run_after=None
[2024-11-14T07:58:09.566+0000] {logging_mixin.py:190} INFO - [2024-11-14T07:58:09.566+0000] {dag.py:4180} INFO - Setting next_dagrun for example_external_task_marker_parent to None, run_after=None
[2024-11-14T07:58:09.585+0000] {processor.py:208} INFO - Processing /home/ubuntu/airflow-venv/lib/python3.12/site-packages/airflow/example_dags/example_external_task_marker_dag.py took 0.074 seconds
[2024-11-14T07:59:10.120+0000] {processor.py:186} INFO - Started process (PID=5243) to work on /home/ubuntu/airflow-venv/lib/python3.12/site-packages/airflow/example_dags/example_external_task_marker_dag.py
[2024-11-14T07:59:10.121+0000] {processor.py:914} INFO - Processing file /home/ubuntu/airflow-venv/lib/python3.12/site-packages/airflow/example_dags/example_external_task_marker_dag.py for tasks to queue
[2024-11-14T07:59:10.122+0000] {logging_mixin.py:190} INFO - [2024-11-14T07:59:10.122+0000] {dagbag.py:588} INFO - Filling up the DagBag from /home/ubuntu/airflow-venv/lib/python3.12/site-packages/airflow/example_dags/example_external_task_marker_dag.py
[2024-11-14T07:59:10.133+0000] {processor.py:925} INFO - DAG(s) 'example_external_task_marker_child', 'example_external_task_marker_parent' retrieved from /home/ubuntu/airflow-venv/lib/python3.12/site-packages/airflow/example_dags/example_external_task_marker_dag.py
[2024-11-14T07:59:10.164+0000] {logging_mixin.py:190} INFO - [2024-11-14T07:59:10.164+0000] {dag.py:3239} INFO - Sync 2 DAGs
[2024-11-14T07:59:10.179+0000] {logging_mixin.py:190} INFO - [2024-11-14T07:59:10.179+0000] {dag.py:4180} INFO - Setting next_dagrun for example_external_task_marker_child to None, run_after=None
[2024-11-14T07:59:10.183+0000] {logging_mixin.py:190} INFO - [2024-11-14T07:59:10.183+0000] {dag.py:4180} INFO - Setting next_dagrun for example_external_task_marker_parent to None, run_after=None
[2024-11-14T07:59:10.208+0000] {processor.py:208} INFO - Processing /home/ubuntu/airflow-venv/lib/python3.12/site-packages/airflow/example_dags/example_external_task_marker_dag.py took 0.094 seconds
[2024-11-14T08:00:10.167+0000] {processor.py:186} INFO - Started process (PID=5305) to work on /home/ubuntu/airflow-venv/lib/python3.12/site-packages/airflow/example_dags/example_external_task_marker_dag.py
[2024-11-14T08:00:10.169+0000] {processor.py:914} INFO - Processing file /home/ubuntu/airflow-venv/lib/python3.12/site-packages/airflow/example_dags/example_external_task_marker_dag.py for tasks to queue
[2024-11-14T08:00:10.170+0000] {logging_mixin.py:190} INFO - [2024-11-14T08:00:10.170+0000] {dagbag.py:588} INFO - Filling up the DagBag from /home/ubuntu/airflow-venv/lib/python3.12/site-packages/airflow/example_dags/example_external_task_marker_dag.py
[2024-11-14T08:00:10.192+0000] {processor.py:925} INFO - DAG(s) 'example_external_task_marker_child', 'example_external_task_marker_parent' retrieved from /home/ubuntu/airflow-venv/lib/python3.12/site-packages/airflow/example_dags/example_external_task_marker_dag.py
[2024-11-14T08:00:10.230+0000] {logging_mixin.py:190} INFO - [2024-11-14T08:00:10.230+0000] {dag.py:3239} INFO - Sync 2 DAGs
[2024-11-14T08:00:10.251+0000] {logging_mixin.py:190} INFO - [2024-11-14T08:00:10.251+0000] {dag.py:4180} INFO - Setting next_dagrun for example_external_task_marker_child to None, run_after=None
[2024-11-14T08:00:10.257+0000] {logging_mixin.py:190} INFO - [2024-11-14T08:00:10.257+0000] {dag.py:4180} INFO - Setting next_dagrun for example_external_task_marker_parent to None, run_after=None
[2024-11-14T08:00:10.351+0000] {processor.py:208} INFO - Processing /home/ubuntu/airflow-venv/lib/python3.12/site-packages/airflow/example_dags/example_external_task_marker_dag.py took 0.190 seconds
[2024-11-14T08:01:09.932+0000] {processor.py:186} INFO - Started process (PID=5370) to work on /home/ubuntu/airflow-venv/lib/python3.12/site-packages/airflow/example_dags/example_external_task_marker_dag.py
[2024-11-14T08:01:09.934+0000] {processor.py:914} INFO - Processing file /home/ubuntu/airflow-venv/lib/python3.12/site-packages/airflow/example_dags/example_external_task_marker_dag.py for tasks to queue
[2024-11-14T08:01:09.935+0000] {logging_mixin.py:190} INFO - [2024-11-14T08:01:09.935+0000] {dagbag.py:588} INFO - Filling up the DagBag from /home/ubuntu/airflow-venv/lib/python3.12/site-packages/airflow/example_dags/example_external_task_marker_dag.py
[2024-11-14T08:01:09.952+0000] {processor.py:925} INFO - DAG(s) 'example_external_task_marker_parent', 'example_external_task_marker_child' retrieved from /home/ubuntu/airflow-venv/lib/python3.12/site-packages/airflow/example_dags/example_external_task_marker_dag.py
[2024-11-14T08:01:09.976+0000] {logging_mixin.py:190} INFO - [2024-11-14T08:01:09.976+0000] {dag.py:3239} INFO - Sync 2 DAGs
[2024-11-14T08:01:09.994+0000] {logging_mixin.py:190} INFO - [2024-11-14T08:01:09.993+0000] {dag.py:4180} INFO - Setting next_dagrun for example_external_task_marker_child to None, run_after=None
[2024-11-14T08:01:09.998+0000] {logging_mixin.py:190} INFO - [2024-11-14T08:01:09.997+0000] {dag.py:4180} INFO - Setting next_dagrun for example_external_task_marker_parent to None, run_after=None
[2024-11-14T08:01:10.040+0000] {processor.py:208} INFO - Processing /home/ubuntu/airflow-venv/lib/python3.12/site-packages/airflow/example_dags/example_external_task_marker_dag.py took 0.114 seconds
[2024-11-14T08:02:10.120+0000] {processor.py:186} INFO - Started process (PID=5429) to work on /home/ubuntu/airflow-venv/lib/python3.12/site-packages/airflow/example_dags/example_external_task_marker_dag.py
[2024-11-14T08:02:10.122+0000] {processor.py:914} INFO - Processing file /home/ubuntu/airflow-venv/lib/python3.12/site-packages/airflow/example_dags/example_external_task_marker_dag.py for tasks to queue
[2024-11-14T08:02:10.123+0000] {logging_mixin.py:190} INFO - [2024-11-14T08:02:10.123+0000] {dagbag.py:588} INFO - Filling up the DagBag from /home/ubuntu/airflow-venv/lib/python3.12/site-packages/airflow/example_dags/example_external_task_marker_dag.py
[2024-11-14T08:02:10.132+0000] {processor.py:925} INFO - DAG(s) 'example_external_task_marker_child', 'example_external_task_marker_parent' retrieved from /home/ubuntu/airflow-venv/lib/python3.12/site-packages/airflow/example_dags/example_external_task_marker_dag.py
[2024-11-14T08:02:10.152+0000] {logging_mixin.py:190} INFO - [2024-11-14T08:02:10.152+0000] {dag.py:3239} INFO - Sync 2 DAGs
[2024-11-14T08:02:10.166+0000] {logging_mixin.py:190} INFO - [2024-11-14T08:02:10.166+0000] {dag.py:4180} INFO - Setting next_dagrun for example_external_task_marker_child to None, run_after=None
[2024-11-14T08:02:10.170+0000] {logging_mixin.py:190} INFO - [2024-11-14T08:02:10.170+0000] {dag.py:4180} INFO - Setting next_dagrun for example_external_task_marker_parent to None, run_after=None
[2024-11-14T08:02:10.192+0000] {processor.py:208} INFO - Processing /home/ubuntu/airflow-venv/lib/python3.12/site-packages/airflow/example_dags/example_external_task_marker_dag.py took 0.077 seconds
[2024-11-14T08:03:11.880+0000] {processor.py:186} INFO - Started process (PID=5492) to work on /home/ubuntu/airflow-venv/lib/python3.12/site-packages/airflow/example_dags/example_external_task_marker_dag.py
[2024-11-14T08:03:11.881+0000] {processor.py:914} INFO - Processing file /home/ubuntu/airflow-venv/lib/python3.12/site-packages/airflow/example_dags/example_external_task_marker_dag.py for tasks to queue
[2024-11-14T08:03:11.883+0000] {logging_mixin.py:190} INFO - [2024-11-14T08:03:11.882+0000] {dagbag.py:588} INFO - Filling up the DagBag from /home/ubuntu/airflow-venv/lib/python3.12/site-packages/airflow/example_dags/example_external_task_marker_dag.py
[2024-11-14T08:03:11.892+0000] {processor.py:925} INFO - DAG(s) 'example_external_task_marker_parent', 'example_external_task_marker_child' retrieved from /home/ubuntu/airflow-venv/lib/python3.12/site-packages/airflow/example_dags/example_external_task_marker_dag.py
[2024-11-14T08:03:11.915+0000] {logging_mixin.py:190} INFO - [2024-11-14T08:03:11.915+0000] {dag.py:3239} INFO - Sync 2 DAGs
[2024-11-14T08:03:11.934+0000] {logging_mixin.py:190} INFO - [2024-11-14T08:03:11.933+0000] {dag.py:4180} INFO - Setting next_dagrun for example_external_task_marker_child to None, run_after=None
[2024-11-14T08:03:11.938+0000] {logging_mixin.py:190} INFO - [2024-11-14T08:03:11.938+0000] {dag.py:4180} INFO - Setting next_dagrun for example_external_task_marker_parent to None, run_after=None
[2024-11-14T08:03:11.968+0000] {processor.py:208} INFO - Processing /home/ubuntu/airflow-venv/lib/python3.12/site-packages/airflow/example_dags/example_external_task_marker_dag.py took 0.094 seconds
