[2024-11-14T07:40:43.134+0000] {processor.py:186} INFO - Started process (PID=3685) to work on /home/ubuntu/airflow-venv/lib/python3.12/site-packages/airflow/example_dags/example_task_group_decorator.py
[2024-11-14T07:40:43.135+0000] {processor.py:914} INFO - Processing file /home/ubuntu/airflow-venv/lib/python3.12/site-packages/airflow/example_dags/example_task_group_decorator.py for tasks to queue
[2024-11-14T07:40:43.138+0000] {logging_mixin.py:190} INFO - [2024-11-14T07:40:43.137+0000] {dagbag.py:588} INFO - Filling up the DagBag from /home/ubuntu/airflow-venv/lib/python3.12/site-packages/airflow/example_dags/example_task_group_decorator.py
[2024-11-14T07:40:43.154+0000] {processor.py:925} INFO - DAG(s) 'example_task_group_decorator' retrieved from /home/ubuntu/airflow-venv/lib/python3.12/site-packages/airflow/example_dags/example_task_group_decorator.py
[2024-11-14T07:40:43.328+0000] {logging_mixin.py:190} INFO - [2024-11-14T07:40:43.327+0000] {override.py:1911} INFO - Created Permission View: can delete on DAG:example_task_group_decorator
[2024-11-14T07:40:43.348+0000] {logging_mixin.py:190} INFO - [2024-11-14T07:40:43.348+0000] {override.py:1911} INFO - Created Permission View: can read on DAG:example_task_group_decorator
[2024-11-14T07:40:43.362+0000] {logging_mixin.py:190} INFO - [2024-11-14T07:40:43.361+0000] {override.py:1911} INFO - Created Permission View: can edit on DAG:example_task_group_decorator
[2024-11-14T07:40:43.379+0000] {logging_mixin.py:190} INFO - [2024-11-14T07:40:43.378+0000] {override.py:1911} INFO - Created Permission View: can delete on DAG Run:example_task_group_decorator
[2024-11-14T07:40:43.388+0000] {logging_mixin.py:190} INFO - [2024-11-14T07:40:43.388+0000] {override.py:1911} INFO - Created Permission View: can create on DAG Run:example_task_group_decorator
[2024-11-14T07:40:43.398+0000] {logging_mixin.py:190} INFO - [2024-11-14T07:40:43.398+0000] {override.py:1911} INFO - Created Permission View: can read on DAG Run:example_task_group_decorator
[2024-11-14T07:40:43.408+0000] {logging_mixin.py:190} INFO - [2024-11-14T07:40:43.407+0000] {override.py:1911} INFO - Created Permission View: menu access on DAG Run:example_task_group_decorator
[2024-11-14T07:40:43.408+0000] {logging_mixin.py:190} INFO - [2024-11-14T07:40:43.408+0000] {dag.py:3239} INFO - Sync 1 DAGs
[2024-11-14T07:40:43.420+0000] {logging_mixin.py:190} INFO - [2024-11-14T07:40:43.419+0000] {dag.py:3262} INFO - Creating ORM DAG for example_task_group_decorator
[2024-11-14T07:40:43.420+0000] {logging_mixin.py:190} INFO - [2024-11-14T07:40:43.420+0000] {dag.py:4180} INFO - Setting next_dagrun for example_task_group_decorator to None, run_after=None
[2024-11-14T07:40:43.441+0000] {processor.py:208} INFO - Processing /home/ubuntu/airflow-venv/lib/python3.12/site-packages/airflow/example_dags/example_task_group_decorator.py took 0.314 seconds
[2024-11-14T07:41:51.608+0000] {processor.py:186} INFO - Started process (PID=3747) to work on /home/ubuntu/airflow-venv/lib/python3.12/site-packages/airflow/example_dags/example_task_group_decorator.py
[2024-11-14T07:41:51.610+0000] {processor.py:914} INFO - Processing file /home/ubuntu/airflow-venv/lib/python3.12/site-packages/airflow/example_dags/example_task_group_decorator.py for tasks to queue
[2024-11-14T07:41:51.612+0000] {logging_mixin.py:190} INFO - [2024-11-14T07:41:51.612+0000] {dagbag.py:588} INFO - Filling up the DagBag from /home/ubuntu/airflow-venv/lib/python3.12/site-packages/airflow/example_dags/example_task_group_decorator.py
[2024-11-14T07:41:51.629+0000] {processor.py:925} INFO - DAG(s) 'example_task_group_decorator' retrieved from /home/ubuntu/airflow-venv/lib/python3.12/site-packages/airflow/example_dags/example_task_group_decorator.py
[2024-11-14T07:41:51.660+0000] {logging_mixin.py:190} INFO - [2024-11-14T07:41:51.660+0000] {dag.py:3239} INFO - Sync 1 DAGs
[2024-11-14T07:41:51.673+0000] {logging_mixin.py:190} INFO - [2024-11-14T07:41:51.673+0000] {dag.py:4180} INFO - Setting next_dagrun for example_task_group_decorator to None, run_after=None
[2024-11-14T07:41:51.696+0000] {processor.py:208} INFO - Processing /home/ubuntu/airflow-venv/lib/python3.12/site-packages/airflow/example_dags/example_task_group_decorator.py took 0.095 seconds
[2024-11-14T07:42:47.055+0000] {processor.py:186} INFO - Started process (PID=3805) to work on /home/ubuntu/airflow-venv/lib/python3.12/site-packages/airflow/example_dags/example_task_group_decorator.py
[2024-11-14T07:42:47.057+0000] {processor.py:914} INFO - Processing file /home/ubuntu/airflow-venv/lib/python3.12/site-packages/airflow/example_dags/example_task_group_decorator.py for tasks to queue
[2024-11-14T07:42:47.060+0000] {logging_mixin.py:190} INFO - [2024-11-14T07:42:47.060+0000] {dagbag.py:588} INFO - Filling up the DagBag from /home/ubuntu/airflow-venv/lib/python3.12/site-packages/airflow/example_dags/example_task_group_decorator.py
[2024-11-14T07:42:47.081+0000] {processor.py:925} INFO - DAG(s) 'example_task_group_decorator' retrieved from /home/ubuntu/airflow-venv/lib/python3.12/site-packages/airflow/example_dags/example_task_group_decorator.py
[2024-11-14T07:42:47.106+0000] {logging_mixin.py:190} INFO - [2024-11-14T07:42:47.106+0000] {dag.py:3239} INFO - Sync 1 DAGs
[2024-11-14T07:42:47.124+0000] {logging_mixin.py:190} INFO - [2024-11-14T07:42:47.124+0000] {dag.py:4180} INFO - Setting next_dagrun for example_task_group_decorator to None, run_after=None
[2024-11-14T07:42:47.165+0000] {processor.py:208} INFO - Processing /home/ubuntu/airflow-venv/lib/python3.12/site-packages/airflow/example_dags/example_task_group_decorator.py took 0.116 seconds
[2024-11-14T07:43:41.087+0000] {processor.py:186} INFO - Started process (PID=3859) to work on /home/ubuntu/airflow-venv/lib/python3.12/site-packages/airflow/example_dags/example_task_group_decorator.py
[2024-11-14T07:43:41.089+0000] {processor.py:914} INFO - Processing file /home/ubuntu/airflow-venv/lib/python3.12/site-packages/airflow/example_dags/example_task_group_decorator.py for tasks to queue
[2024-11-14T07:43:41.091+0000] {logging_mixin.py:190} INFO - [2024-11-14T07:43:41.091+0000] {dagbag.py:588} INFO - Filling up the DagBag from /home/ubuntu/airflow-venv/lib/python3.12/site-packages/airflow/example_dags/example_task_group_decorator.py
[2024-11-14T07:43:41.108+0000] {processor.py:925} INFO - DAG(s) 'example_task_group_decorator' retrieved from /home/ubuntu/airflow-venv/lib/python3.12/site-packages/airflow/example_dags/example_task_group_decorator.py
[2024-11-14T07:43:41.130+0000] {logging_mixin.py:190} INFO - [2024-11-14T07:43:41.130+0000] {dag.py:3239} INFO - Sync 1 DAGs
[2024-11-14T07:43:41.144+0000] {logging_mixin.py:190} INFO - [2024-11-14T07:43:41.144+0000] {dag.py:4180} INFO - Setting next_dagrun for example_task_group_decorator to None, run_after=None
[2024-11-14T07:43:41.177+0000] {processor.py:208} INFO - Processing /home/ubuntu/airflow-venv/lib/python3.12/site-packages/airflow/example_dags/example_task_group_decorator.py took 0.096 seconds
[2024-11-14T07:44:39.266+0000] {processor.py:186} INFO - Started process (PID=3915) to work on /home/ubuntu/airflow-venv/lib/python3.12/site-packages/airflow/example_dags/example_task_group_decorator.py
[2024-11-14T07:44:39.268+0000] {processor.py:914} INFO - Processing file /home/ubuntu/airflow-venv/lib/python3.12/site-packages/airflow/example_dags/example_task_group_decorator.py for tasks to queue
[2024-11-14T07:44:39.270+0000] {logging_mixin.py:190} INFO - [2024-11-14T07:44:39.270+0000] {dagbag.py:588} INFO - Filling up the DagBag from /home/ubuntu/airflow-venv/lib/python3.12/site-packages/airflow/example_dags/example_task_group_decorator.py
[2024-11-14T07:44:39.289+0000] {processor.py:925} INFO - DAG(s) 'example_task_group_decorator' retrieved from /home/ubuntu/airflow-venv/lib/python3.12/site-packages/airflow/example_dags/example_task_group_decorator.py
[2024-11-14T07:44:39.313+0000] {logging_mixin.py:190} INFO - [2024-11-14T07:44:39.312+0000] {dag.py:3239} INFO - Sync 1 DAGs
[2024-11-14T07:44:39.326+0000] {logging_mixin.py:190} INFO - [2024-11-14T07:44:39.325+0000] {dag.py:4180} INFO - Setting next_dagrun for example_task_group_decorator to None, run_after=None
[2024-11-14T07:44:39.350+0000] {processor.py:208} INFO - Processing /home/ubuntu/airflow-venv/lib/python3.12/site-packages/airflow/example_dags/example_task_group_decorator.py took 0.091 seconds
[2024-11-14T07:45:35.252+0000] {processor.py:186} INFO - Started process (PID=3975) to work on /home/ubuntu/airflow-venv/lib/python3.12/site-packages/airflow/example_dags/example_task_group_decorator.py
[2024-11-14T07:45:35.254+0000] {processor.py:914} INFO - Processing file /home/ubuntu/airflow-venv/lib/python3.12/site-packages/airflow/example_dags/example_task_group_decorator.py for tasks to queue
[2024-11-14T07:45:35.258+0000] {logging_mixin.py:190} INFO - [2024-11-14T07:45:35.257+0000] {dagbag.py:588} INFO - Filling up the DagBag from /home/ubuntu/airflow-venv/lib/python3.12/site-packages/airflow/example_dags/example_task_group_decorator.py
[2024-11-14T07:45:35.275+0000] {processor.py:925} INFO - DAG(s) 'example_task_group_decorator' retrieved from /home/ubuntu/airflow-venv/lib/python3.12/site-packages/airflow/example_dags/example_task_group_decorator.py
[2024-11-14T07:45:35.300+0000] {logging_mixin.py:190} INFO - [2024-11-14T07:45:35.299+0000] {dag.py:3239} INFO - Sync 1 DAGs
[2024-11-14T07:45:35.314+0000] {logging_mixin.py:190} INFO - [2024-11-14T07:45:35.313+0000] {dag.py:4180} INFO - Setting next_dagrun for example_task_group_decorator to None, run_after=None
[2024-11-14T07:45:35.337+0000] {processor.py:208} INFO - Processing /home/ubuntu/airflow-venv/lib/python3.12/site-packages/airflow/example_dags/example_task_group_decorator.py took 0.092 seconds
[2024-11-14T07:46:27.410+0000] {processor.py:186} INFO - Started process (PID=4035) to work on /home/ubuntu/airflow-venv/lib/python3.12/site-packages/airflow/example_dags/example_task_group_decorator.py
[2024-11-14T07:46:27.412+0000] {processor.py:914} INFO - Processing file /home/ubuntu/airflow-venv/lib/python3.12/site-packages/airflow/example_dags/example_task_group_decorator.py for tasks to queue
[2024-11-14T07:46:27.415+0000] {logging_mixin.py:190} INFO - [2024-11-14T07:46:27.414+0000] {dagbag.py:588} INFO - Filling up the DagBag from /home/ubuntu/airflow-venv/lib/python3.12/site-packages/airflow/example_dags/example_task_group_decorator.py
[2024-11-14T07:46:27.431+0000] {processor.py:925} INFO - DAG(s) 'example_task_group_decorator' retrieved from /home/ubuntu/airflow-venv/lib/python3.12/site-packages/airflow/example_dags/example_task_group_decorator.py
[2024-11-14T07:46:27.453+0000] {logging_mixin.py:190} INFO - [2024-11-14T07:46:27.453+0000] {dag.py:3239} INFO - Sync 1 DAGs
[2024-11-14T07:46:27.466+0000] {logging_mixin.py:190} INFO - [2024-11-14T07:46:27.466+0000] {dag.py:4180} INFO - Setting next_dagrun for example_task_group_decorator to None, run_after=None
[2024-11-14T07:46:27.488+0000] {processor.py:208} INFO - Processing /home/ubuntu/airflow-venv/lib/python3.12/site-packages/airflow/example_dags/example_task_group_decorator.py took 0.083 seconds
[2024-11-14T07:47:23.020+0000] {processor.py:186} INFO - Started process (PID=4195) to work on /home/ubuntu/airflow-venv/lib/python3.12/site-packages/airflow/example_dags/example_task_group_decorator.py
[2024-11-14T07:47:23.022+0000] {processor.py:914} INFO - Processing file /home/ubuntu/airflow-venv/lib/python3.12/site-packages/airflow/example_dags/example_task_group_decorator.py for tasks to queue
[2024-11-14T07:47:23.024+0000] {logging_mixin.py:190} INFO - [2024-11-14T07:47:23.024+0000] {dagbag.py:588} INFO - Filling up the DagBag from /home/ubuntu/airflow-venv/lib/python3.12/site-packages/airflow/example_dags/example_task_group_decorator.py
[2024-11-14T07:47:23.042+0000] {processor.py:925} INFO - DAG(s) 'example_task_group_decorator' retrieved from /home/ubuntu/airflow-venv/lib/python3.12/site-packages/airflow/example_dags/example_task_group_decorator.py
[2024-11-14T07:47:23.066+0000] {logging_mixin.py:190} INFO - [2024-11-14T07:47:23.066+0000] {dag.py:3239} INFO - Sync 1 DAGs
[2024-11-14T07:47:23.078+0000] {logging_mixin.py:190} INFO - [2024-11-14T07:47:23.078+0000] {dag.py:4180} INFO - Setting next_dagrun for example_task_group_decorator to None, run_after=None
[2024-11-14T07:47:23.102+0000] {processor.py:208} INFO - Processing /home/ubuntu/airflow-venv/lib/python3.12/site-packages/airflow/example_dags/example_task_group_decorator.py took 0.089 seconds
[2024-11-14T07:48:25.736+0000] {processor.py:186} INFO - Started process (PID=4594) to work on /home/ubuntu/airflow-venv/lib/python3.12/site-packages/airflow/example_dags/example_task_group_decorator.py
[2024-11-14T07:48:25.738+0000] {processor.py:914} INFO - Processing file /home/ubuntu/airflow-venv/lib/python3.12/site-packages/airflow/example_dags/example_task_group_decorator.py for tasks to queue
[2024-11-14T07:48:25.743+0000] {logging_mixin.py:190} INFO - [2024-11-14T07:48:25.743+0000] {dagbag.py:588} INFO - Filling up the DagBag from /home/ubuntu/airflow-venv/lib/python3.12/site-packages/airflow/example_dags/example_task_group_decorator.py
[2024-11-14T07:48:25.770+0000] {processor.py:925} INFO - DAG(s) 'example_task_group_decorator' retrieved from /home/ubuntu/airflow-venv/lib/python3.12/site-packages/airflow/example_dags/example_task_group_decorator.py
[2024-11-14T07:48:25.809+0000] {logging_mixin.py:190} INFO - [2024-11-14T07:48:25.809+0000] {dag.py:3239} INFO - Sync 1 DAGs
[2024-11-14T07:48:25.829+0000] {logging_mixin.py:190} INFO - [2024-11-14T07:48:25.828+0000] {dag.py:4180} INFO - Setting next_dagrun for example_task_group_decorator to None, run_after=None
[2024-11-14T07:48:25.868+0000] {processor.py:208} INFO - Processing /home/ubuntu/airflow-venv/lib/python3.12/site-packages/airflow/example_dags/example_task_group_decorator.py took 0.146 seconds
[2024-11-14T07:49:30.296+0000] {processor.py:186} INFO - Started process (PID=4654) to work on /home/ubuntu/airflow-venv/lib/python3.12/site-packages/airflow/example_dags/example_task_group_decorator.py
[2024-11-14T07:49:30.298+0000] {processor.py:914} INFO - Processing file /home/ubuntu/airflow-venv/lib/python3.12/site-packages/airflow/example_dags/example_task_group_decorator.py for tasks to queue
[2024-11-14T07:49:30.301+0000] {logging_mixin.py:190} INFO - [2024-11-14T07:49:30.301+0000] {dagbag.py:588} INFO - Filling up the DagBag from /home/ubuntu/airflow-venv/lib/python3.12/site-packages/airflow/example_dags/example_task_group_decorator.py
[2024-11-14T07:49:30.318+0000] {processor.py:925} INFO - DAG(s) 'example_task_group_decorator' retrieved from /home/ubuntu/airflow-venv/lib/python3.12/site-packages/airflow/example_dags/example_task_group_decorator.py
[2024-11-14T07:49:30.342+0000] {logging_mixin.py:190} INFO - [2024-11-14T07:49:30.341+0000] {dag.py:3239} INFO - Sync 1 DAGs
[2024-11-14T07:49:30.355+0000] {logging_mixin.py:190} INFO - [2024-11-14T07:49:30.355+0000] {dag.py:4180} INFO - Setting next_dagrun for example_task_group_decorator to None, run_after=None
[2024-11-14T07:49:30.380+0000] {processor.py:208} INFO - Processing /home/ubuntu/airflow-venv/lib/python3.12/site-packages/airflow/example_dags/example_task_group_decorator.py took 0.091 seconds
[2024-11-14T07:50:29.789+0000] {processor.py:186} INFO - Started process (PID=4718) to work on /home/ubuntu/airflow-venv/lib/python3.12/site-packages/airflow/example_dags/example_task_group_decorator.py
[2024-11-14T07:50:29.790+0000] {processor.py:914} INFO - Processing file /home/ubuntu/airflow-venv/lib/python3.12/site-packages/airflow/example_dags/example_task_group_decorator.py for tasks to queue
[2024-11-14T07:50:29.792+0000] {logging_mixin.py:190} INFO - [2024-11-14T07:50:29.792+0000] {dagbag.py:588} INFO - Filling up the DagBag from /home/ubuntu/airflow-venv/lib/python3.12/site-packages/airflow/example_dags/example_task_group_decorator.py
[2024-11-14T07:50:29.809+0000] {processor.py:925} INFO - DAG(s) 'example_task_group_decorator' retrieved from /home/ubuntu/airflow-venv/lib/python3.12/site-packages/airflow/example_dags/example_task_group_decorator.py
[2024-11-14T07:50:29.831+0000] {logging_mixin.py:190} INFO - [2024-11-14T07:50:29.831+0000] {dag.py:3239} INFO - Sync 1 DAGs
[2024-11-14T07:50:29.858+0000] {logging_mixin.py:190} INFO - [2024-11-14T07:50:29.858+0000] {dag.py:4180} INFO - Setting next_dagrun for example_task_group_decorator to None, run_after=None
[2024-11-14T07:50:29.883+0000] {processor.py:208} INFO - Processing /home/ubuntu/airflow-venv/lib/python3.12/site-packages/airflow/example_dags/example_task_group_decorator.py took 0.100 seconds
[2024-11-14T07:51:34.376+0000] {processor.py:186} INFO - Started process (PID=4781) to work on /home/ubuntu/airflow-venv/lib/python3.12/site-packages/airflow/example_dags/example_task_group_decorator.py
[2024-11-14T07:51:34.377+0000] {processor.py:914} INFO - Processing file /home/ubuntu/airflow-venv/lib/python3.12/site-packages/airflow/example_dags/example_task_group_decorator.py for tasks to queue
[2024-11-14T07:51:34.381+0000] {logging_mixin.py:190} INFO - [2024-11-14T07:51:34.381+0000] {dagbag.py:588} INFO - Filling up the DagBag from /home/ubuntu/airflow-venv/lib/python3.12/site-packages/airflow/example_dags/example_task_group_decorator.py
[2024-11-14T07:51:34.434+0000] {processor.py:925} INFO - DAG(s) 'example_task_group_decorator' retrieved from /home/ubuntu/airflow-venv/lib/python3.12/site-packages/airflow/example_dags/example_task_group_decorator.py
[2024-11-14T07:51:34.526+0000] {logging_mixin.py:190} INFO - [2024-11-14T07:51:34.526+0000] {dag.py:3239} INFO - Sync 1 DAGs
[2024-11-14T07:51:34.551+0000] {logging_mixin.py:190} INFO - [2024-11-14T07:51:34.550+0000] {dag.py:4180} INFO - Setting next_dagrun for example_task_group_decorator to None, run_after=None
[2024-11-14T07:51:34.586+0000] {processor.py:208} INFO - Processing /home/ubuntu/airflow-venv/lib/python3.12/site-packages/airflow/example_dags/example_task_group_decorator.py took 0.221 seconds
[2024-11-14T07:52:34.510+0000] {processor.py:186} INFO - Started process (PID=4841) to work on /home/ubuntu/airflow-venv/lib/python3.12/site-packages/airflow/example_dags/example_task_group_decorator.py
[2024-11-14T07:52:34.512+0000] {processor.py:914} INFO - Processing file /home/ubuntu/airflow-venv/lib/python3.12/site-packages/airflow/example_dags/example_task_group_decorator.py for tasks to queue
[2024-11-14T07:52:34.513+0000] {logging_mixin.py:190} INFO - [2024-11-14T07:52:34.513+0000] {dagbag.py:588} INFO - Filling up the DagBag from /home/ubuntu/airflow-venv/lib/python3.12/site-packages/airflow/example_dags/example_task_group_decorator.py
[2024-11-14T07:52:34.531+0000] {processor.py:925} INFO - DAG(s) 'example_task_group_decorator' retrieved from /home/ubuntu/airflow-venv/lib/python3.12/site-packages/airflow/example_dags/example_task_group_decorator.py
[2024-11-14T07:52:34.553+0000] {logging_mixin.py:190} INFO - [2024-11-14T07:52:34.553+0000] {dag.py:3239} INFO - Sync 1 DAGs
[2024-11-14T07:52:34.566+0000] {logging_mixin.py:190} INFO - [2024-11-14T07:52:34.566+0000] {dag.py:4180} INFO - Setting next_dagrun for example_task_group_decorator to None, run_after=None
[2024-11-14T07:52:34.587+0000] {processor.py:208} INFO - Processing /home/ubuntu/airflow-venv/lib/python3.12/site-packages/airflow/example_dags/example_task_group_decorator.py took 0.083 seconds
[2024-11-14T07:53:30.934+0000] {processor.py:186} INFO - Started process (PID=4901) to work on /home/ubuntu/airflow-venv/lib/python3.12/site-packages/airflow/example_dags/example_task_group_decorator.py
[2024-11-14T07:53:30.936+0000] {processor.py:914} INFO - Processing file /home/ubuntu/airflow-venv/lib/python3.12/site-packages/airflow/example_dags/example_task_group_decorator.py for tasks to queue
[2024-11-14T07:53:30.942+0000] {logging_mixin.py:190} INFO - [2024-11-14T07:53:30.940+0000] {dagbag.py:588} INFO - Filling up the DagBag from /home/ubuntu/airflow-venv/lib/python3.12/site-packages/airflow/example_dags/example_task_group_decorator.py
[2024-11-14T07:53:30.959+0000] {processor.py:925} INFO - DAG(s) 'example_task_group_decorator' retrieved from /home/ubuntu/airflow-venv/lib/python3.12/site-packages/airflow/example_dags/example_task_group_decorator.py
[2024-11-14T07:53:30.981+0000] {logging_mixin.py:190} INFO - [2024-11-14T07:53:30.980+0000] {dag.py:3239} INFO - Sync 1 DAGs
[2024-11-14T07:53:30.993+0000] {logging_mixin.py:190} INFO - [2024-11-14T07:53:30.993+0000] {dag.py:4180} INFO - Setting next_dagrun for example_task_group_decorator to None, run_after=None
[2024-11-14T07:53:31.022+0000] {processor.py:208} INFO - Processing /home/ubuntu/airflow-venv/lib/python3.12/site-packages/airflow/example_dags/example_task_group_decorator.py took 0.096 seconds
[2024-11-14T07:54:33.181+0000] {processor.py:186} INFO - Started process (PID=4963) to work on /home/ubuntu/airflow-venv/lib/python3.12/site-packages/airflow/example_dags/example_task_group_decorator.py
[2024-11-14T07:54:33.182+0000] {processor.py:914} INFO - Processing file /home/ubuntu/airflow-venv/lib/python3.12/site-packages/airflow/example_dags/example_task_group_decorator.py for tasks to queue
[2024-11-14T07:54:33.184+0000] {logging_mixin.py:190} INFO - [2024-11-14T07:54:33.183+0000] {dagbag.py:588} INFO - Filling up the DagBag from /home/ubuntu/airflow-venv/lib/python3.12/site-packages/airflow/example_dags/example_task_group_decorator.py
[2024-11-14T07:54:33.201+0000] {processor.py:925} INFO - DAG(s) 'example_task_group_decorator' retrieved from /home/ubuntu/airflow-venv/lib/python3.12/site-packages/airflow/example_dags/example_task_group_decorator.py
[2024-11-14T07:54:33.225+0000] {logging_mixin.py:190} INFO - [2024-11-14T07:54:33.225+0000] {dag.py:3239} INFO - Sync 1 DAGs
[2024-11-14T07:54:33.240+0000] {logging_mixin.py:190} INFO - [2024-11-14T07:54:33.240+0000] {dag.py:4180} INFO - Setting next_dagrun for example_task_group_decorator to None, run_after=None
[2024-11-14T07:54:33.264+0000] {processor.py:208} INFO - Processing /home/ubuntu/airflow-venv/lib/python3.12/site-packages/airflow/example_dags/example_task_group_decorator.py took 0.089 seconds
[2024-11-14T07:55:32.664+0000] {processor.py:186} INFO - Started process (PID=5026) to work on /home/ubuntu/airflow-venv/lib/python3.12/site-packages/airflow/example_dags/example_task_group_decorator.py
[2024-11-14T07:55:32.666+0000] {processor.py:914} INFO - Processing file /home/ubuntu/airflow-venv/lib/python3.12/site-packages/airflow/example_dags/example_task_group_decorator.py for tasks to queue
[2024-11-14T07:55:32.668+0000] {logging_mixin.py:190} INFO - [2024-11-14T07:55:32.667+0000] {dagbag.py:588} INFO - Filling up the DagBag from /home/ubuntu/airflow-venv/lib/python3.12/site-packages/airflow/example_dags/example_task_group_decorator.py
[2024-11-14T07:55:32.700+0000] {processor.py:925} INFO - DAG(s) 'example_task_group_decorator' retrieved from /home/ubuntu/airflow-venv/lib/python3.12/site-packages/airflow/example_dags/example_task_group_decorator.py
[2024-11-14T07:55:32.735+0000] {logging_mixin.py:190} INFO - [2024-11-14T07:55:32.735+0000] {dag.py:3239} INFO - Sync 1 DAGs
[2024-11-14T07:55:32.750+0000] {logging_mixin.py:190} INFO - [2024-11-14T07:55:32.750+0000] {dag.py:4180} INFO - Setting next_dagrun for example_task_group_decorator to None, run_after=None
[2024-11-14T07:55:32.773+0000] {processor.py:208} INFO - Processing /home/ubuntu/airflow-venv/lib/python3.12/site-packages/airflow/example_dags/example_task_group_decorator.py took 0.117 seconds
[2024-11-14T07:56:34.649+0000] {processor.py:186} INFO - Started process (PID=5087) to work on /home/ubuntu/airflow-venv/lib/python3.12/site-packages/airflow/example_dags/example_task_group_decorator.py
[2024-11-14T07:56:34.651+0000] {processor.py:914} INFO - Processing file /home/ubuntu/airflow-venv/lib/python3.12/site-packages/airflow/example_dags/example_task_group_decorator.py for tasks to queue
[2024-11-14T07:56:34.653+0000] {logging_mixin.py:190} INFO - [2024-11-14T07:56:34.652+0000] {dagbag.py:588} INFO - Filling up the DagBag from /home/ubuntu/airflow-venv/lib/python3.12/site-packages/airflow/example_dags/example_task_group_decorator.py
[2024-11-14T07:56:34.676+0000] {processor.py:925} INFO - DAG(s) 'example_task_group_decorator' retrieved from /home/ubuntu/airflow-venv/lib/python3.12/site-packages/airflow/example_dags/example_task_group_decorator.py
[2024-11-14T07:56:34.701+0000] {logging_mixin.py:190} INFO - [2024-11-14T07:56:34.701+0000] {dag.py:3239} INFO - Sync 1 DAGs
[2024-11-14T07:56:34.716+0000] {logging_mixin.py:190} INFO - [2024-11-14T07:56:34.716+0000] {dag.py:4180} INFO - Setting next_dagrun for example_task_group_decorator to None, run_after=None
[2024-11-14T07:56:34.743+0000] {processor.py:208} INFO - Processing /home/ubuntu/airflow-venv/lib/python3.12/site-packages/airflow/example_dags/example_task_group_decorator.py took 0.100 seconds
[2024-11-14T07:57:34.237+0000] {processor.py:186} INFO - Started process (PID=5149) to work on /home/ubuntu/airflow-venv/lib/python3.12/site-packages/airflow/example_dags/example_task_group_decorator.py
[2024-11-14T07:57:34.238+0000] {processor.py:914} INFO - Processing file /home/ubuntu/airflow-venv/lib/python3.12/site-packages/airflow/example_dags/example_task_group_decorator.py for tasks to queue
[2024-11-14T07:57:34.240+0000] {logging_mixin.py:190} INFO - [2024-11-14T07:57:34.239+0000] {dagbag.py:588} INFO - Filling up the DagBag from /home/ubuntu/airflow-venv/lib/python3.12/site-packages/airflow/example_dags/example_task_group_decorator.py
[2024-11-14T07:57:34.256+0000] {processor.py:925} INFO - DAG(s) 'example_task_group_decorator' retrieved from /home/ubuntu/airflow-venv/lib/python3.12/site-packages/airflow/example_dags/example_task_group_decorator.py
[2024-11-14T07:57:34.278+0000] {logging_mixin.py:190} INFO - [2024-11-14T07:57:34.278+0000] {dag.py:3239} INFO - Sync 1 DAGs
[2024-11-14T07:57:34.291+0000] {logging_mixin.py:190} INFO - [2024-11-14T07:57:34.290+0000] {dag.py:4180} INFO - Setting next_dagrun for example_task_group_decorator to None, run_after=None
[2024-11-14T07:57:34.313+0000] {processor.py:208} INFO - Processing /home/ubuntu/airflow-venv/lib/python3.12/site-packages/airflow/example_dags/example_task_group_decorator.py took 0.082 seconds
[2024-11-14T07:58:34.824+0000] {processor.py:186} INFO - Started process (PID=5209) to work on /home/ubuntu/airflow-venv/lib/python3.12/site-packages/airflow/example_dags/example_task_group_decorator.py
[2024-11-14T07:58:34.825+0000] {processor.py:914} INFO - Processing file /home/ubuntu/airflow-venv/lib/python3.12/site-packages/airflow/example_dags/example_task_group_decorator.py for tasks to queue
[2024-11-14T07:58:34.827+0000] {logging_mixin.py:190} INFO - [2024-11-14T07:58:34.826+0000] {dagbag.py:588} INFO - Filling up the DagBag from /home/ubuntu/airflow-venv/lib/python3.12/site-packages/airflow/example_dags/example_task_group_decorator.py
[2024-11-14T07:58:34.847+0000] {processor.py:925} INFO - DAG(s) 'example_task_group_decorator' retrieved from /home/ubuntu/airflow-venv/lib/python3.12/site-packages/airflow/example_dags/example_task_group_decorator.py
[2024-11-14T07:58:34.876+0000] {logging_mixin.py:190} INFO - [2024-11-14T07:58:34.875+0000] {dag.py:3239} INFO - Sync 1 DAGs
[2024-11-14T07:58:34.889+0000] {logging_mixin.py:190} INFO - [2024-11-14T07:58:34.889+0000] {dag.py:4180} INFO - Setting next_dagrun for example_task_group_decorator to None, run_after=None
[2024-11-14T07:58:34.913+0000] {processor.py:208} INFO - Processing /home/ubuntu/airflow-venv/lib/python3.12/site-packages/airflow/example_dags/example_task_group_decorator.py took 0.095 seconds
[2024-11-14T07:59:34.381+0000] {processor.py:186} INFO - Started process (PID=5269) to work on /home/ubuntu/airflow-venv/lib/python3.12/site-packages/airflow/example_dags/example_task_group_decorator.py
[2024-11-14T07:59:34.383+0000] {processor.py:914} INFO - Processing file /home/ubuntu/airflow-venv/lib/python3.12/site-packages/airflow/example_dags/example_task_group_decorator.py for tasks to queue
[2024-11-14T07:59:34.384+0000] {logging_mixin.py:190} INFO - [2024-11-14T07:59:34.384+0000] {dagbag.py:588} INFO - Filling up the DagBag from /home/ubuntu/airflow-venv/lib/python3.12/site-packages/airflow/example_dags/example_task_group_decorator.py
[2024-11-14T07:59:34.401+0000] {processor.py:925} INFO - DAG(s) 'example_task_group_decorator' retrieved from /home/ubuntu/airflow-venv/lib/python3.12/site-packages/airflow/example_dags/example_task_group_decorator.py
[2024-11-14T07:59:34.423+0000] {logging_mixin.py:190} INFO - [2024-11-14T07:59:34.423+0000] {dag.py:3239} INFO - Sync 1 DAGs
[2024-11-14T07:59:34.437+0000] {logging_mixin.py:190} INFO - [2024-11-14T07:59:34.437+0000] {dag.py:4180} INFO - Setting next_dagrun for example_task_group_decorator to None, run_after=None
[2024-11-14T07:59:34.458+0000] {processor.py:208} INFO - Processing /home/ubuntu/airflow-venv/lib/python3.12/site-packages/airflow/example_dags/example_task_group_decorator.py took 0.082 seconds
[2024-11-14T08:00:34.922+0000] {processor.py:186} INFO - Started process (PID=5331) to work on /home/ubuntu/airflow-venv/lib/python3.12/site-packages/airflow/example_dags/example_task_group_decorator.py
[2024-11-14T08:00:34.924+0000] {processor.py:914} INFO - Processing file /home/ubuntu/airflow-venv/lib/python3.12/site-packages/airflow/example_dags/example_task_group_decorator.py for tasks to queue
[2024-11-14T08:00:34.925+0000] {logging_mixin.py:190} INFO - [2024-11-14T08:00:34.925+0000] {dagbag.py:588} INFO - Filling up the DagBag from /home/ubuntu/airflow-venv/lib/python3.12/site-packages/airflow/example_dags/example_task_group_decorator.py
[2024-11-14T08:00:34.944+0000] {processor.py:925} INFO - DAG(s) 'example_task_group_decorator' retrieved from /home/ubuntu/airflow-venv/lib/python3.12/site-packages/airflow/example_dags/example_task_group_decorator.py
[2024-11-14T08:00:34.968+0000] {logging_mixin.py:190} INFO - [2024-11-14T08:00:34.967+0000] {dag.py:3239} INFO - Sync 1 DAGs
[2024-11-14T08:00:34.981+0000] {logging_mixin.py:190} INFO - [2024-11-14T08:00:34.981+0000] {dag.py:4180} INFO - Setting next_dagrun for example_task_group_decorator to None, run_after=None
[2024-11-14T08:00:35.024+0000] {processor.py:208} INFO - Processing /home/ubuntu/airflow-venv/lib/python3.12/site-packages/airflow/example_dags/example_task_group_decorator.py took 0.110 seconds
[2024-11-14T08:01:35.091+0000] {processor.py:186} INFO - Started process (PID=5395) to work on /home/ubuntu/airflow-venv/lib/python3.12/site-packages/airflow/example_dags/example_task_group_decorator.py
[2024-11-14T08:01:35.093+0000] {processor.py:914} INFO - Processing file /home/ubuntu/airflow-venv/lib/python3.12/site-packages/airflow/example_dags/example_task_group_decorator.py for tasks to queue
[2024-11-14T08:01:35.096+0000] {logging_mixin.py:190} INFO - [2024-11-14T08:01:35.094+0000] {dagbag.py:588} INFO - Filling up the DagBag from /home/ubuntu/airflow-venv/lib/python3.12/site-packages/airflow/example_dags/example_task_group_decorator.py
[2024-11-14T08:01:35.132+0000] {processor.py:925} INFO - DAG(s) 'example_task_group_decorator' retrieved from /home/ubuntu/airflow-venv/lib/python3.12/site-packages/airflow/example_dags/example_task_group_decorator.py
[2024-11-14T08:01:35.165+0000] {logging_mixin.py:190} INFO - [2024-11-14T08:01:35.164+0000] {dag.py:3239} INFO - Sync 1 DAGs
[2024-11-14T08:01:35.184+0000] {logging_mixin.py:190} INFO - [2024-11-14T08:01:35.184+0000] {dag.py:4180} INFO - Setting next_dagrun for example_task_group_decorator to None, run_after=None
[2024-11-14T08:01:35.227+0000] {processor.py:208} INFO - Processing /home/ubuntu/airflow-venv/lib/python3.12/site-packages/airflow/example_dags/example_task_group_decorator.py took 0.146 seconds
[2024-11-14T08:02:34.714+0000] {processor.py:186} INFO - Started process (PID=5457) to work on /home/ubuntu/airflow-venv/lib/python3.12/site-packages/airflow/example_dags/example_task_group_decorator.py
[2024-11-14T08:02:34.716+0000] {processor.py:914} INFO - Processing file /home/ubuntu/airflow-venv/lib/python3.12/site-packages/airflow/example_dags/example_task_group_decorator.py for tasks to queue
[2024-11-14T08:02:34.718+0000] {logging_mixin.py:190} INFO - [2024-11-14T08:02:34.717+0000] {dagbag.py:588} INFO - Filling up the DagBag from /home/ubuntu/airflow-venv/lib/python3.12/site-packages/airflow/example_dags/example_task_group_decorator.py
[2024-11-14T08:02:34.741+0000] {processor.py:925} INFO - DAG(s) 'example_task_group_decorator' retrieved from /home/ubuntu/airflow-venv/lib/python3.12/site-packages/airflow/example_dags/example_task_group_decorator.py
[2024-11-14T08:02:34.766+0000] {logging_mixin.py:190} INFO - [2024-11-14T08:02:34.765+0000] {dag.py:3239} INFO - Sync 1 DAGs
[2024-11-14T08:02:34.782+0000] {logging_mixin.py:190} INFO - [2024-11-14T08:02:34.781+0000] {dag.py:4180} INFO - Setting next_dagrun for example_task_group_decorator to None, run_after=None
[2024-11-14T08:02:34.822+0000] {processor.py:208} INFO - Processing /home/ubuntu/airflow-venv/lib/python3.12/site-packages/airflow/example_dags/example_task_group_decorator.py took 0.116 seconds
