[2024-11-14T07:41:24.546+0000] {processor.py:186} INFO - Started process (PID=3723) to work on /home/ubuntu/airflow-venv/lib/python3.12/site-packages/airflow/example_dags/example_branch_day_of_week_operator.py
[2024-11-14T07:41:24.547+0000] {processor.py:914} INFO - Processing file /home/ubuntu/airflow-venv/lib/python3.12/site-packages/airflow/example_dags/example_branch_day_of_week_operator.py for tasks to queue
[2024-11-14T07:41:24.550+0000] {logging_mixin.py:190} INFO - [2024-11-14T07:41:24.549+0000] {dagbag.py:588} INFO - Filling up the DagBag from /home/ubuntu/airflow-venv/lib/python3.12/site-packages/airflow/example_dags/example_branch_day_of_week_operator.py
[2024-11-14T07:41:24.560+0000] {processor.py:925} INFO - DAG(s) 'example_weekday_branch_operator' retrieved from /home/ubuntu/airflow-venv/lib/python3.12/site-packages/airflow/example_dags/example_branch_day_of_week_operator.py
[2024-11-14T07:41:24.680+0000] {logging_mixin.py:190} INFO - [2024-11-14T07:41:24.679+0000] {override.py:1911} INFO - Created Permission View: can delete on DAG:example_weekday_branch_operator
[2024-11-14T07:41:24.692+0000] {logging_mixin.py:190} INFO - [2024-11-14T07:41:24.692+0000] {override.py:1911} INFO - Created Permission View: can read on DAG:example_weekday_branch_operator
[2024-11-14T07:41:24.702+0000] {logging_mixin.py:190} INFO - [2024-11-14T07:41:24.702+0000] {override.py:1911} INFO - Created Permission View: can edit on DAG:example_weekday_branch_operator
[2024-11-14T07:41:24.718+0000] {logging_mixin.py:190} INFO - [2024-11-14T07:41:24.717+0000] {override.py:1911} INFO - Created Permission View: can delete on DAG Run:example_weekday_branch_operator
[2024-11-14T07:41:24.727+0000] {logging_mixin.py:190} INFO - [2024-11-14T07:41:24.727+0000] {override.py:1911} INFO - Created Permission View: can create on DAG Run:example_weekday_branch_operator
[2024-11-14T07:41:24.736+0000] {logging_mixin.py:190} INFO - [2024-11-14T07:41:24.736+0000] {override.py:1911} INFO - Created Permission View: can read on DAG Run:example_weekday_branch_operator
[2024-11-14T07:41:24.747+0000] {logging_mixin.py:190} INFO - [2024-11-14T07:41:24.747+0000] {override.py:1911} INFO - Created Permission View: menu access on DAG Run:example_weekday_branch_operator
[2024-11-14T07:41:24.747+0000] {logging_mixin.py:190} INFO - [2024-11-14T07:41:24.747+0000] {dag.py:3239} INFO - Sync 1 DAGs
[2024-11-14T07:41:24.760+0000] {logging_mixin.py:190} INFO - [2024-11-14T07:41:24.760+0000] {dag.py:3262} INFO - Creating ORM DAG for example_weekday_branch_operator
[2024-11-14T07:41:24.770+0000] {logging_mixin.py:190} INFO - [2024-11-14T07:41:24.770+0000] {dag.py:4180} INFO - Setting next_dagrun for example_weekday_branch_operator to 2024-11-13 00:00:00+00:00, run_after=2024-11-14 00:00:00+00:00
[2024-11-14T07:41:24.794+0000] {processor.py:208} INFO - Processing /home/ubuntu/airflow-venv/lib/python3.12/site-packages/airflow/example_dags/example_branch_day_of_week_operator.py took 0.254 seconds
[2024-11-14T07:42:29.937+0000] {processor.py:186} INFO - Started process (PID=3786) to work on /home/ubuntu/airflow-venv/lib/python3.12/site-packages/airflow/example_dags/example_branch_day_of_week_operator.py
[2024-11-14T07:42:29.938+0000] {processor.py:914} INFO - Processing file /home/ubuntu/airflow-venv/lib/python3.12/site-packages/airflow/example_dags/example_branch_day_of_week_operator.py for tasks to queue
[2024-11-14T07:42:29.941+0000] {logging_mixin.py:190} INFO - [2024-11-14T07:42:29.941+0000] {dagbag.py:588} INFO - Filling up the DagBag from /home/ubuntu/airflow-venv/lib/python3.12/site-packages/airflow/example_dags/example_branch_day_of_week_operator.py
[2024-11-14T07:42:29.953+0000] {processor.py:925} INFO - DAG(s) 'example_weekday_branch_operator' retrieved from /home/ubuntu/airflow-venv/lib/python3.12/site-packages/airflow/example_dags/example_branch_day_of_week_operator.py
[2024-11-14T07:42:29.976+0000] {logging_mixin.py:190} INFO - [2024-11-14T07:42:29.976+0000] {dag.py:3239} INFO - Sync 1 DAGs
[2024-11-14T07:42:29.999+0000] {logging_mixin.py:190} INFO - [2024-11-14T07:42:29.999+0000] {dag.py:4180} INFO - Setting next_dagrun for example_weekday_branch_operator to 2024-11-13 00:00:00+00:00, run_after=2024-11-14 00:00:00+00:00
[2024-11-14T07:42:30.026+0000] {processor.py:208} INFO - Processing /home/ubuntu/airflow-venv/lib/python3.12/site-packages/airflow/example_dags/example_branch_day_of_week_operator.py took 0.096 seconds
[2024-11-14T07:43:25.612+0000] {processor.py:186} INFO - Started process (PID=3844) to work on /home/ubuntu/airflow-venv/lib/python3.12/site-packages/airflow/example_dags/example_branch_day_of_week_operator.py
[2024-11-14T07:43:25.615+0000] {processor.py:914} INFO - Processing file /home/ubuntu/airflow-venv/lib/python3.12/site-packages/airflow/example_dags/example_branch_day_of_week_operator.py for tasks to queue
[2024-11-14T07:43:25.617+0000] {logging_mixin.py:190} INFO - [2024-11-14T07:43:25.617+0000] {dagbag.py:588} INFO - Filling up the DagBag from /home/ubuntu/airflow-venv/lib/python3.12/site-packages/airflow/example_dags/example_branch_day_of_week_operator.py
[2024-11-14T07:43:25.630+0000] {processor.py:925} INFO - DAG(s) 'example_weekday_branch_operator' retrieved from /home/ubuntu/airflow-venv/lib/python3.12/site-packages/airflow/example_dags/example_branch_day_of_week_operator.py
[2024-11-14T07:43:25.653+0000] {logging_mixin.py:190} INFO - [2024-11-14T07:43:25.653+0000] {dag.py:3239} INFO - Sync 1 DAGs
[2024-11-14T07:43:25.681+0000] {logging_mixin.py:190} INFO - [2024-11-14T07:43:25.681+0000] {dag.py:4180} INFO - Setting next_dagrun for example_weekday_branch_operator to 2024-11-13 00:00:00+00:00, run_after=2024-11-14 00:00:00+00:00
[2024-11-14T07:43:25.716+0000] {processor.py:208} INFO - Processing /home/ubuntu/airflow-venv/lib/python3.12/site-packages/airflow/example_dags/example_branch_day_of_week_operator.py took 0.115 seconds
[2024-11-14T07:44:25.265+0000] {processor.py:186} INFO - Started process (PID=3901) to work on /home/ubuntu/airflow-venv/lib/python3.12/site-packages/airflow/example_dags/example_branch_day_of_week_operator.py
[2024-11-14T07:44:25.267+0000] {processor.py:914} INFO - Processing file /home/ubuntu/airflow-venv/lib/python3.12/site-packages/airflow/example_dags/example_branch_day_of_week_operator.py for tasks to queue
[2024-11-14T07:44:25.270+0000] {logging_mixin.py:190} INFO - [2024-11-14T07:44:25.269+0000] {dagbag.py:588} INFO - Filling up the DagBag from /home/ubuntu/airflow-venv/lib/python3.12/site-packages/airflow/example_dags/example_branch_day_of_week_operator.py
[2024-11-14T07:44:25.283+0000] {processor.py:925} INFO - DAG(s) 'example_weekday_branch_operator' retrieved from /home/ubuntu/airflow-venv/lib/python3.12/site-packages/airflow/example_dags/example_branch_day_of_week_operator.py
[2024-11-14T07:44:25.303+0000] {logging_mixin.py:190} INFO - [2024-11-14T07:44:25.303+0000] {dag.py:3239} INFO - Sync 1 DAGs
[2024-11-14T07:44:25.327+0000] {logging_mixin.py:190} INFO - [2024-11-14T07:44:25.327+0000] {dag.py:4180} INFO - Setting next_dagrun for example_weekday_branch_operator to 2024-11-13 00:00:00+00:00, run_after=2024-11-14 00:00:00+00:00
[2024-11-14T07:44:25.353+0000] {processor.py:208} INFO - Processing /home/ubuntu/airflow-venv/lib/python3.12/site-packages/airflow/example_dags/example_branch_day_of_week_operator.py took 0.095 seconds
[2024-11-14T07:45:22.367+0000] {processor.py:186} INFO - Started process (PID=3961) to work on /home/ubuntu/airflow-venv/lib/python3.12/site-packages/airflow/example_dags/example_branch_day_of_week_operator.py
[2024-11-14T07:45:22.368+0000] {processor.py:914} INFO - Processing file /home/ubuntu/airflow-venv/lib/python3.12/site-packages/airflow/example_dags/example_branch_day_of_week_operator.py for tasks to queue
[2024-11-14T07:45:22.370+0000] {logging_mixin.py:190} INFO - [2024-11-14T07:45:22.370+0000] {dagbag.py:588} INFO - Filling up the DagBag from /home/ubuntu/airflow-venv/lib/python3.12/site-packages/airflow/example_dags/example_branch_day_of_week_operator.py
[2024-11-14T07:45:22.381+0000] {processor.py:925} INFO - DAG(s) 'example_weekday_branch_operator' retrieved from /home/ubuntu/airflow-venv/lib/python3.12/site-packages/airflow/example_dags/example_branch_day_of_week_operator.py
[2024-11-14T07:45:22.402+0000] {logging_mixin.py:190} INFO - [2024-11-14T07:45:22.401+0000] {dag.py:3239} INFO - Sync 1 DAGs
[2024-11-14T07:45:22.423+0000] {logging_mixin.py:190} INFO - [2024-11-14T07:45:22.423+0000] {dag.py:4180} INFO - Setting next_dagrun for example_weekday_branch_operator to 2024-11-13 00:00:00+00:00, run_after=2024-11-14 00:00:00+00:00
[2024-11-14T07:45:22.456+0000] {processor.py:208} INFO - Processing /home/ubuntu/airflow-venv/lib/python3.12/site-packages/airflow/example_dags/example_branch_day_of_week_operator.py took 0.095 seconds
[2024-11-14T07:46:42.078+0000] {processor.py:186} INFO - Started process (PID=4049) to work on /home/ubuntu/airflow-venv/lib/python3.12/site-packages/airflow/example_dags/example_branch_day_of_week_operator.py
[2024-11-14T07:46:42.080+0000] {processor.py:914} INFO - Processing file /home/ubuntu/airflow-venv/lib/python3.12/site-packages/airflow/example_dags/example_branch_day_of_week_operator.py for tasks to queue
[2024-11-14T07:46:42.083+0000] {logging_mixin.py:190} INFO - [2024-11-14T07:46:42.083+0000] {dagbag.py:588} INFO - Filling up the DagBag from /home/ubuntu/airflow-venv/lib/python3.12/site-packages/airflow/example_dags/example_branch_day_of_week_operator.py
[2024-11-14T07:46:42.121+0000] {processor.py:925} INFO - DAG(s) 'example_weekday_branch_operator' retrieved from /home/ubuntu/airflow-venv/lib/python3.12/site-packages/airflow/example_dags/example_branch_day_of_week_operator.py
[2024-11-14T07:46:42.139+0000] {logging_mixin.py:190} INFO - [2024-11-14T07:46:42.138+0000] {dag.py:3239} INFO - Sync 1 DAGs
[2024-11-14T07:46:42.221+0000] {logging_mixin.py:190} INFO - [2024-11-14T07:46:42.220+0000] {dag.py:4180} INFO - Setting next_dagrun for example_weekday_branch_operator to 2024-11-13 00:00:00+00:00, run_after=2024-11-14 00:00:00+00:00
[2024-11-14T07:46:42.269+0000] {processor.py:208} INFO - Processing /home/ubuntu/airflow-venv/lib/python3.12/site-packages/airflow/example_dags/example_branch_day_of_week_operator.py took 0.197 seconds
[2024-11-14T07:48:08.022+0000] {processor.py:186} INFO - Started process (PID=4334) to work on /home/ubuntu/airflow-venv/lib/python3.12/site-packages/airflow/example_dags/example_branch_day_of_week_operator.py
[2024-11-14T07:48:08.024+0000] {processor.py:914} INFO - Processing file /home/ubuntu/airflow-venv/lib/python3.12/site-packages/airflow/example_dags/example_branch_day_of_week_operator.py for tasks to queue
[2024-11-14T07:48:08.029+0000] {logging_mixin.py:190} INFO - [2024-11-14T07:48:08.028+0000] {dagbag.py:588} INFO - Filling up the DagBag from /home/ubuntu/airflow-venv/lib/python3.12/site-packages/airflow/example_dags/example_branch_day_of_week_operator.py
[2024-11-14T07:48:08.051+0000] {processor.py:925} INFO - DAG(s) 'example_weekday_branch_operator' retrieved from /home/ubuntu/airflow-venv/lib/python3.12/site-packages/airflow/example_dags/example_branch_day_of_week_operator.py
[2024-11-14T07:48:08.094+0000] {logging_mixin.py:190} INFO - [2024-11-14T07:48:08.094+0000] {dag.py:3239} INFO - Sync 1 DAGs
[2024-11-14T07:48:08.127+0000] {logging_mixin.py:190} INFO - [2024-11-14T07:48:08.127+0000] {dag.py:4180} INFO - Setting next_dagrun for example_weekday_branch_operator to 2024-11-13 00:00:00+00:00, run_after=2024-11-14 00:00:00+00:00
[2024-11-14T07:48:08.161+0000] {processor.py:208} INFO - Processing /home/ubuntu/airflow-venv/lib/python3.12/site-packages/airflow/example_dags/example_branch_day_of_week_operator.py took 0.151 seconds
[2024-11-14T07:49:12.579+0000] {processor.py:186} INFO - Started process (PID=4638) to work on /home/ubuntu/airflow-venv/lib/python3.12/site-packages/airflow/example_dags/example_branch_day_of_week_operator.py
[2024-11-14T07:49:12.582+0000] {processor.py:914} INFO - Processing file /home/ubuntu/airflow-venv/lib/python3.12/site-packages/airflow/example_dags/example_branch_day_of_week_operator.py for tasks to queue
[2024-11-14T07:49:12.586+0000] {logging_mixin.py:190} INFO - [2024-11-14T07:49:12.585+0000] {dagbag.py:588} INFO - Filling up the DagBag from /home/ubuntu/airflow-venv/lib/python3.12/site-packages/airflow/example_dags/example_branch_day_of_week_operator.py
[2024-11-14T07:49:12.603+0000] {processor.py:925} INFO - DAG(s) 'example_weekday_branch_operator' retrieved from /home/ubuntu/airflow-venv/lib/python3.12/site-packages/airflow/example_dags/example_branch_day_of_week_operator.py
[2024-11-14T07:49:12.629+0000] {logging_mixin.py:190} INFO - [2024-11-14T07:49:12.629+0000] {dag.py:3239} INFO - Sync 1 DAGs
[2024-11-14T07:49:12.667+0000] {logging_mixin.py:190} INFO - [2024-11-14T07:49:12.666+0000] {dag.py:4180} INFO - Setting next_dagrun for example_weekday_branch_operator to 2024-11-13 00:00:00+00:00, run_after=2024-11-14 00:00:00+00:00
[2024-11-14T07:49:12.704+0000] {processor.py:208} INFO - Processing /home/ubuntu/airflow-venv/lib/python3.12/site-packages/airflow/example_dags/example_branch_day_of_week_operator.py took 0.137 seconds
[2024-11-14T07:50:13.398+0000] {processor.py:186} INFO - Started process (PID=4698) to work on /home/ubuntu/airflow-venv/lib/python3.12/site-packages/airflow/example_dags/example_branch_day_of_week_operator.py
[2024-11-14T07:50:13.400+0000] {processor.py:914} INFO - Processing file /home/ubuntu/airflow-venv/lib/python3.12/site-packages/airflow/example_dags/example_branch_day_of_week_operator.py for tasks to queue
[2024-11-14T07:50:13.403+0000] {logging_mixin.py:190} INFO - [2024-11-14T07:50:13.402+0000] {dagbag.py:588} INFO - Filling up the DagBag from /home/ubuntu/airflow-venv/lib/python3.12/site-packages/airflow/example_dags/example_branch_day_of_week_operator.py
[2024-11-14T07:50:13.414+0000] {processor.py:925} INFO - DAG(s) 'example_weekday_branch_operator' retrieved from /home/ubuntu/airflow-venv/lib/python3.12/site-packages/airflow/example_dags/example_branch_day_of_week_operator.py
[2024-11-14T07:50:13.435+0000] {logging_mixin.py:190} INFO - [2024-11-14T07:50:13.434+0000] {dag.py:3239} INFO - Sync 1 DAGs
[2024-11-14T07:50:13.456+0000] {logging_mixin.py:190} INFO - [2024-11-14T07:50:13.455+0000] {dag.py:4180} INFO - Setting next_dagrun for example_weekday_branch_operator to 2024-11-13 00:00:00+00:00, run_after=2024-11-14 00:00:00+00:00
[2024-11-14T07:50:13.478+0000] {processor.py:208} INFO - Processing /home/ubuntu/airflow-venv/lib/python3.12/site-packages/airflow/example_dags/example_branch_day_of_week_operator.py took 0.086 seconds
[2024-11-14T07:51:17.973+0000] {processor.py:186} INFO - Started process (PID=4764) to work on /home/ubuntu/airflow-venv/lib/python3.12/site-packages/airflow/example_dags/example_branch_day_of_week_operator.py
[2024-11-14T07:51:17.975+0000] {processor.py:914} INFO - Processing file /home/ubuntu/airflow-venv/lib/python3.12/site-packages/airflow/example_dags/example_branch_day_of_week_operator.py for tasks to queue
[2024-11-14T07:51:17.977+0000] {logging_mixin.py:190} INFO - [2024-11-14T07:51:17.976+0000] {dagbag.py:588} INFO - Filling up the DagBag from /home/ubuntu/airflow-venv/lib/python3.12/site-packages/airflow/example_dags/example_branch_day_of_week_operator.py
[2024-11-14T07:51:17.991+0000] {processor.py:925} INFO - DAG(s) 'example_weekday_branch_operator' retrieved from /home/ubuntu/airflow-venv/lib/python3.12/site-packages/airflow/example_dags/example_branch_day_of_week_operator.py
[2024-11-14T07:51:18.015+0000] {logging_mixin.py:190} INFO - [2024-11-14T07:51:18.015+0000] {dag.py:3239} INFO - Sync 1 DAGs
[2024-11-14T07:51:18.040+0000] {logging_mixin.py:190} INFO - [2024-11-14T07:51:18.039+0000] {dag.py:4180} INFO - Setting next_dagrun for example_weekday_branch_operator to 2024-11-13 00:00:00+00:00, run_after=2024-11-14 00:00:00+00:00
[2024-11-14T07:51:18.063+0000] {processor.py:208} INFO - Processing /home/ubuntu/airflow-venv/lib/python3.12/site-packages/airflow/example_dags/example_branch_day_of_week_operator.py took 0.096 seconds
[2024-11-14T07:52:18.933+0000] {processor.py:186} INFO - Started process (PID=4824) to work on /home/ubuntu/airflow-venv/lib/python3.12/site-packages/airflow/example_dags/example_branch_day_of_week_operator.py
[2024-11-14T07:52:18.935+0000] {processor.py:914} INFO - Processing file /home/ubuntu/airflow-venv/lib/python3.12/site-packages/airflow/example_dags/example_branch_day_of_week_operator.py for tasks to queue
[2024-11-14T07:52:18.936+0000] {logging_mixin.py:190} INFO - [2024-11-14T07:52:18.936+0000] {dagbag.py:588} INFO - Filling up the DagBag from /home/ubuntu/airflow-venv/lib/python3.12/site-packages/airflow/example_dags/example_branch_day_of_week_operator.py
[2024-11-14T07:52:18.947+0000] {processor.py:925} INFO - DAG(s) 'example_weekday_branch_operator' retrieved from /home/ubuntu/airflow-venv/lib/python3.12/site-packages/airflow/example_dags/example_branch_day_of_week_operator.py
[2024-11-14T07:52:18.966+0000] {logging_mixin.py:190} INFO - [2024-11-14T07:52:18.966+0000] {dag.py:3239} INFO - Sync 1 DAGs
[2024-11-14T07:52:18.987+0000] {logging_mixin.py:190} INFO - [2024-11-14T07:52:18.987+0000] {dag.py:4180} INFO - Setting next_dagrun for example_weekday_branch_operator to 2024-11-13 00:00:00+00:00, run_after=2024-11-14 00:00:00+00:00
[2024-11-14T07:52:19.010+0000] {processor.py:208} INFO - Processing /home/ubuntu/airflow-venv/lib/python3.12/site-packages/airflow/example_dags/example_branch_day_of_week_operator.py took 0.083 seconds
[2024-11-14T07:53:16.443+0000] {processor.py:186} INFO - Started process (PID=4884) to work on /home/ubuntu/airflow-venv/lib/python3.12/site-packages/airflow/example_dags/example_branch_day_of_week_operator.py
[2024-11-14T07:53:16.445+0000] {processor.py:914} INFO - Processing file /home/ubuntu/airflow-venv/lib/python3.12/site-packages/airflow/example_dags/example_branch_day_of_week_operator.py for tasks to queue
[2024-11-14T07:53:16.447+0000] {logging_mixin.py:190} INFO - [2024-11-14T07:53:16.446+0000] {dagbag.py:588} INFO - Filling up the DagBag from /home/ubuntu/airflow-venv/lib/python3.12/site-packages/airflow/example_dags/example_branch_day_of_week_operator.py
[2024-11-14T07:53:16.458+0000] {processor.py:925} INFO - DAG(s) 'example_weekday_branch_operator' retrieved from /home/ubuntu/airflow-venv/lib/python3.12/site-packages/airflow/example_dags/example_branch_day_of_week_operator.py
[2024-11-14T07:53:16.481+0000] {logging_mixin.py:190} INFO - [2024-11-14T07:53:16.481+0000] {dag.py:3239} INFO - Sync 1 DAGs
[2024-11-14T07:53:16.506+0000] {logging_mixin.py:190} INFO - [2024-11-14T07:53:16.505+0000] {dag.py:4180} INFO - Setting next_dagrun for example_weekday_branch_operator to 2024-11-13 00:00:00+00:00, run_after=2024-11-14 00:00:00+00:00
[2024-11-14T07:53:16.531+0000] {processor.py:208} INFO - Processing /home/ubuntu/airflow-venv/lib/python3.12/site-packages/airflow/example_dags/example_branch_day_of_week_operator.py took 0.094 seconds
[2024-11-14T07:54:15.945+0000] {processor.py:186} INFO - Started process (PID=4945) to work on /home/ubuntu/airflow-venv/lib/python3.12/site-packages/airflow/example_dags/example_branch_day_of_week_operator.py
[2024-11-14T07:54:15.946+0000] {processor.py:914} INFO - Processing file /home/ubuntu/airflow-venv/lib/python3.12/site-packages/airflow/example_dags/example_branch_day_of_week_operator.py for tasks to queue
[2024-11-14T07:54:15.948+0000] {logging_mixin.py:190} INFO - [2024-11-14T07:54:15.947+0000] {dagbag.py:588} INFO - Filling up the DagBag from /home/ubuntu/airflow-venv/lib/python3.12/site-packages/airflow/example_dags/example_branch_day_of_week_operator.py
[2024-11-14T07:54:15.963+0000] {processor.py:925} INFO - DAG(s) 'example_weekday_branch_operator' retrieved from /home/ubuntu/airflow-venv/lib/python3.12/site-packages/airflow/example_dags/example_branch_day_of_week_operator.py
[2024-11-14T07:54:15.987+0000] {logging_mixin.py:190} INFO - [2024-11-14T07:54:15.987+0000] {dag.py:3239} INFO - Sync 1 DAGs
[2024-11-14T07:54:16.014+0000] {logging_mixin.py:190} INFO - [2024-11-14T07:54:16.013+0000] {dag.py:4180} INFO - Setting next_dagrun for example_weekday_branch_operator to 2024-11-13 00:00:00+00:00, run_after=2024-11-14 00:00:00+00:00
[2024-11-14T07:54:16.039+0000] {processor.py:208} INFO - Processing /home/ubuntu/airflow-venv/lib/python3.12/site-packages/airflow/example_dags/example_branch_day_of_week_operator.py took 0.112 seconds
[2024-11-14T07:55:15.619+0000] {processor.py:186} INFO - Started process (PID=5007) to work on /home/ubuntu/airflow-venv/lib/python3.12/site-packages/airflow/example_dags/example_branch_day_of_week_operator.py
[2024-11-14T07:55:15.621+0000] {processor.py:914} INFO - Processing file /home/ubuntu/airflow-venv/lib/python3.12/site-packages/airflow/example_dags/example_branch_day_of_week_operator.py for tasks to queue
[2024-11-14T07:55:15.623+0000] {logging_mixin.py:190} INFO - [2024-11-14T07:55:15.622+0000] {dagbag.py:588} INFO - Filling up the DagBag from /home/ubuntu/airflow-venv/lib/python3.12/site-packages/airflow/example_dags/example_branch_day_of_week_operator.py
[2024-11-14T07:55:15.647+0000] {processor.py:925} INFO - DAG(s) 'example_weekday_branch_operator' retrieved from /home/ubuntu/airflow-venv/lib/python3.12/site-packages/airflow/example_dags/example_branch_day_of_week_operator.py
[2024-11-14T07:55:15.674+0000] {logging_mixin.py:190} INFO - [2024-11-14T07:55:15.674+0000] {dag.py:3239} INFO - Sync 1 DAGs
[2024-11-14T07:55:15.702+0000] {logging_mixin.py:190} INFO - [2024-11-14T07:55:15.702+0000] {dag.py:4180} INFO - Setting next_dagrun for example_weekday_branch_operator to 2024-11-13 00:00:00+00:00, run_after=2024-11-14 00:00:00+00:00
[2024-11-14T07:55:15.751+0000] {processor.py:208} INFO - Processing /home/ubuntu/airflow-venv/lib/python3.12/site-packages/airflow/example_dags/example_branch_day_of_week_operator.py took 0.140 seconds
[2024-11-14T07:56:17.771+0000] {processor.py:186} INFO - Started process (PID=5068) to work on /home/ubuntu/airflow-venv/lib/python3.12/site-packages/airflow/example_dags/example_branch_day_of_week_operator.py
[2024-11-14T07:56:17.773+0000] {processor.py:914} INFO - Processing file /home/ubuntu/airflow-venv/lib/python3.12/site-packages/airflow/example_dags/example_branch_day_of_week_operator.py for tasks to queue
[2024-11-14T07:56:17.774+0000] {logging_mixin.py:190} INFO - [2024-11-14T07:56:17.774+0000] {dagbag.py:588} INFO - Filling up the DagBag from /home/ubuntu/airflow-venv/lib/python3.12/site-packages/airflow/example_dags/example_branch_day_of_week_operator.py
[2024-11-14T07:56:17.786+0000] {processor.py:925} INFO - DAG(s) 'example_weekday_branch_operator' retrieved from /home/ubuntu/airflow-venv/lib/python3.12/site-packages/airflow/example_dags/example_branch_day_of_week_operator.py
[2024-11-14T07:56:17.813+0000] {logging_mixin.py:190} INFO - [2024-11-14T07:56:17.813+0000] {dag.py:3239} INFO - Sync 1 DAGs
[2024-11-14T07:56:17.849+0000] {logging_mixin.py:190} INFO - [2024-11-14T07:56:17.848+0000] {dag.py:4180} INFO - Setting next_dagrun for example_weekday_branch_operator to 2024-11-13 00:00:00+00:00, run_after=2024-11-14 00:00:00+00:00
[2024-11-14T07:56:17.878+0000] {processor.py:208} INFO - Processing /home/ubuntu/airflow-venv/lib/python3.12/site-packages/airflow/example_dags/example_branch_day_of_week_operator.py took 0.113 seconds
[2024-11-14T07:57:17.501+0000] {processor.py:186} INFO - Started process (PID=5130) to work on /home/ubuntu/airflow-venv/lib/python3.12/site-packages/airflow/example_dags/example_branch_day_of_week_operator.py
[2024-11-14T07:57:17.503+0000] {processor.py:914} INFO - Processing file /home/ubuntu/airflow-venv/lib/python3.12/site-packages/airflow/example_dags/example_branch_day_of_week_operator.py for tasks to queue
[2024-11-14T07:57:17.507+0000] {logging_mixin.py:190} INFO - [2024-11-14T07:57:17.506+0000] {dagbag.py:588} INFO - Filling up the DagBag from /home/ubuntu/airflow-venv/lib/python3.12/site-packages/airflow/example_dags/example_branch_day_of_week_operator.py
[2024-11-14T07:57:17.519+0000] {processor.py:925} INFO - DAG(s) 'example_weekday_branch_operator' retrieved from /home/ubuntu/airflow-venv/lib/python3.12/site-packages/airflow/example_dags/example_branch_day_of_week_operator.py
[2024-11-14T07:57:17.542+0000] {logging_mixin.py:190} INFO - [2024-11-14T07:57:17.542+0000] {dag.py:3239} INFO - Sync 1 DAGs
[2024-11-14T07:57:17.572+0000] {logging_mixin.py:190} INFO - [2024-11-14T07:57:17.572+0000] {dag.py:4180} INFO - Setting next_dagrun for example_weekday_branch_operator to 2024-11-13 00:00:00+00:00, run_after=2024-11-14 00:00:00+00:00
[2024-11-14T07:57:17.596+0000] {processor.py:208} INFO - Processing /home/ubuntu/airflow-venv/lib/python3.12/site-packages/airflow/example_dags/example_branch_day_of_week_operator.py took 0.107 seconds
[2024-11-14T07:58:17.201+0000] {processor.py:186} INFO - Started process (PID=5191) to work on /home/ubuntu/airflow-venv/lib/python3.12/site-packages/airflow/example_dags/example_branch_day_of_week_operator.py
[2024-11-14T07:58:17.203+0000] {processor.py:914} INFO - Processing file /home/ubuntu/airflow-venv/lib/python3.12/site-packages/airflow/example_dags/example_branch_day_of_week_operator.py for tasks to queue
[2024-11-14T07:58:17.205+0000] {logging_mixin.py:190} INFO - [2024-11-14T07:58:17.205+0000] {dagbag.py:588} INFO - Filling up the DagBag from /home/ubuntu/airflow-venv/lib/python3.12/site-packages/airflow/example_dags/example_branch_day_of_week_operator.py
[2024-11-14T07:58:17.229+0000] {processor.py:925} INFO - DAG(s) 'example_weekday_branch_operator' retrieved from /home/ubuntu/airflow-venv/lib/python3.12/site-packages/airflow/example_dags/example_branch_day_of_week_operator.py
[2024-11-14T07:58:17.269+0000] {logging_mixin.py:190} INFO - [2024-11-14T07:58:17.269+0000] {dag.py:3239} INFO - Sync 1 DAGs
[2024-11-14T07:58:17.312+0000] {logging_mixin.py:190} INFO - [2024-11-14T07:58:17.312+0000] {dag.py:4180} INFO - Setting next_dagrun for example_weekday_branch_operator to 2024-11-13 00:00:00+00:00, run_after=2024-11-14 00:00:00+00:00
[2024-11-14T07:58:17.351+0000] {processor.py:208} INFO - Processing /home/ubuntu/airflow-venv/lib/python3.12/site-packages/airflow/example_dags/example_branch_day_of_week_operator.py took 0.161 seconds
[2024-11-14T07:59:16.999+0000] {processor.py:186} INFO - Started process (PID=5250) to work on /home/ubuntu/airflow-venv/lib/python3.12/site-packages/airflow/example_dags/example_branch_day_of_week_operator.py
[2024-11-14T07:59:17.002+0000] {processor.py:914} INFO - Processing file /home/ubuntu/airflow-venv/lib/python3.12/site-packages/airflow/example_dags/example_branch_day_of_week_operator.py for tasks to queue
[2024-11-14T07:59:17.004+0000] {logging_mixin.py:190} INFO - [2024-11-14T07:59:17.004+0000] {dagbag.py:588} INFO - Filling up the DagBag from /home/ubuntu/airflow-venv/lib/python3.12/site-packages/airflow/example_dags/example_branch_day_of_week_operator.py
[2024-11-14T07:59:17.018+0000] {processor.py:925} INFO - DAG(s) 'example_weekday_branch_operator' retrieved from /home/ubuntu/airflow-venv/lib/python3.12/site-packages/airflow/example_dags/example_branch_day_of_week_operator.py
[2024-11-14T07:59:17.041+0000] {logging_mixin.py:190} INFO - [2024-11-14T07:59:17.041+0000] {dag.py:3239} INFO - Sync 1 DAGs
[2024-11-14T07:59:17.076+0000] {logging_mixin.py:190} INFO - [2024-11-14T07:59:17.076+0000] {dag.py:4180} INFO - Setting next_dagrun for example_weekday_branch_operator to 2024-11-13 00:00:00+00:00, run_after=2024-11-14 00:00:00+00:00
[2024-11-14T07:59:17.128+0000] {processor.py:208} INFO - Processing /home/ubuntu/airflow-venv/lib/python3.12/site-packages/airflow/example_dags/example_branch_day_of_week_operator.py took 0.137 seconds
[2024-11-14T08:00:17.954+0000] {processor.py:186} INFO - Started process (PID=5312) to work on /home/ubuntu/airflow-venv/lib/python3.12/site-packages/airflow/example_dags/example_branch_day_of_week_operator.py
[2024-11-14T08:00:17.956+0000] {processor.py:914} INFO - Processing file /home/ubuntu/airflow-venv/lib/python3.12/site-packages/airflow/example_dags/example_branch_day_of_week_operator.py for tasks to queue
[2024-11-14T08:00:17.957+0000] {logging_mixin.py:190} INFO - [2024-11-14T08:00:17.957+0000] {dagbag.py:588} INFO - Filling up the DagBag from /home/ubuntu/airflow-venv/lib/python3.12/site-packages/airflow/example_dags/example_branch_day_of_week_operator.py
[2024-11-14T08:00:17.969+0000] {processor.py:925} INFO - DAG(s) 'example_weekday_branch_operator' retrieved from /home/ubuntu/airflow-venv/lib/python3.12/site-packages/airflow/example_dags/example_branch_day_of_week_operator.py
[2024-11-14T08:00:17.996+0000] {logging_mixin.py:190} INFO - [2024-11-14T08:00:17.992+0000] {dag.py:3239} INFO - Sync 1 DAGs
[2024-11-14T08:00:18.030+0000] {logging_mixin.py:190} INFO - [2024-11-14T08:00:18.030+0000] {dag.py:4180} INFO - Setting next_dagrun for example_weekday_branch_operator to 2024-11-13 00:00:00+00:00, run_after=2024-11-14 00:00:00+00:00
[2024-11-14T08:00:18.058+0000] {processor.py:208} INFO - Processing /home/ubuntu/airflow-venv/lib/python3.12/site-packages/airflow/example_dags/example_branch_day_of_week_operator.py took 0.110 seconds
[2024-11-14T08:01:16.808+0000] {processor.py:186} INFO - Started process (PID=5377) to work on /home/ubuntu/airflow-venv/lib/python3.12/site-packages/airflow/example_dags/example_branch_day_of_week_operator.py
[2024-11-14T08:01:16.810+0000] {processor.py:914} INFO - Processing file /home/ubuntu/airflow-venv/lib/python3.12/site-packages/airflow/example_dags/example_branch_day_of_week_operator.py for tasks to queue
[2024-11-14T08:01:16.811+0000] {logging_mixin.py:190} INFO - [2024-11-14T08:01:16.811+0000] {dagbag.py:588} INFO - Filling up the DagBag from /home/ubuntu/airflow-venv/lib/python3.12/site-packages/airflow/example_dags/example_branch_day_of_week_operator.py
[2024-11-14T08:01:16.825+0000] {processor.py:925} INFO - DAG(s) 'example_weekday_branch_operator' retrieved from /home/ubuntu/airflow-venv/lib/python3.12/site-packages/airflow/example_dags/example_branch_day_of_week_operator.py
[2024-11-14T08:01:16.857+0000] {logging_mixin.py:190} INFO - [2024-11-14T08:01:16.857+0000] {dag.py:3239} INFO - Sync 1 DAGs
[2024-11-14T08:01:16.889+0000] {logging_mixin.py:190} INFO - [2024-11-14T08:01:16.888+0000] {dag.py:4180} INFO - Setting next_dagrun for example_weekday_branch_operator to 2024-11-13 00:00:00+00:00, run_after=2024-11-14 00:00:00+00:00
[2024-11-14T08:01:16.922+0000] {processor.py:208} INFO - Processing /home/ubuntu/airflow-venv/lib/python3.12/site-packages/airflow/example_dags/example_branch_day_of_week_operator.py took 0.121 seconds
[2024-11-14T08:02:17.148+0000] {processor.py:186} INFO - Started process (PID=5437) to work on /home/ubuntu/airflow-venv/lib/python3.12/site-packages/airflow/example_dags/example_branch_day_of_week_operator.py
[2024-11-14T08:02:17.153+0000] {processor.py:914} INFO - Processing file /home/ubuntu/airflow-venv/lib/python3.12/site-packages/airflow/example_dags/example_branch_day_of_week_operator.py for tasks to queue
[2024-11-14T08:02:17.154+0000] {logging_mixin.py:190} INFO - [2024-11-14T08:02:17.154+0000] {dagbag.py:588} INFO - Filling up the DagBag from /home/ubuntu/airflow-venv/lib/python3.12/site-packages/airflow/example_dags/example_branch_day_of_week_operator.py
[2024-11-14T08:02:17.168+0000] {processor.py:925} INFO - DAG(s) 'example_weekday_branch_operator' retrieved from /home/ubuntu/airflow-venv/lib/python3.12/site-packages/airflow/example_dags/example_branch_day_of_week_operator.py
[2024-11-14T08:02:17.189+0000] {logging_mixin.py:190} INFO - [2024-11-14T08:02:17.188+0000] {dag.py:3239} INFO - Sync 1 DAGs
[2024-11-14T08:02:17.214+0000] {logging_mixin.py:190} INFO - [2024-11-14T08:02:17.213+0000] {dag.py:4180} INFO - Setting next_dagrun for example_weekday_branch_operator to 2024-11-13 00:00:00+00:00, run_after=2024-11-14 00:00:00+00:00
[2024-11-14T08:02:17.236+0000] {processor.py:208} INFO - Processing /home/ubuntu/airflow-venv/lib/python3.12/site-packages/airflow/example_dags/example_branch_day_of_week_operator.py took 0.095 seconds
