[2024-11-14T07:41:07.798+0000] {processor.py:186} INFO - Started process (PID=3711) to work on /home/ubuntu/airflow-venv/lib/python3.12/site-packages/airflow/example_dags/example_inlet_event_extra.py
[2024-11-14T07:41:07.799+0000] {processor.py:914} INFO - Processing file /home/ubuntu/airflow-venv/lib/python3.12/site-packages/airflow/example_dags/example_inlet_event_extra.py for tasks to queue
[2024-11-14T07:41:07.801+0000] {logging_mixin.py:190} INFO - [2024-11-14T07:41:07.801+0000] {dagbag.py:588} INFO - Filling up the DagBag from /home/ubuntu/airflow-venv/lib/python3.12/site-packages/airflow/example_dags/example_inlet_event_extra.py
[2024-11-14T07:41:07.815+0000] {processor.py:925} INFO - DAG(s) 'read_dataset_event', 'read_dataset_event_from_classic' retrieved from /home/ubuntu/airflow-venv/lib/python3.12/site-packages/airflow/example_dags/example_inlet_event_extra.py
[2024-11-14T07:41:07.927+0000] {logging_mixin.py:190} INFO - [2024-11-14T07:41:07.926+0000] {override.py:1911} INFO - Created Permission View: can delete on DAG:read_dataset_event
[2024-11-14T07:41:07.941+0000] {logging_mixin.py:190} INFO - [2024-11-14T07:41:07.940+0000] {override.py:1911} INFO - Created Permission View: can read on DAG:read_dataset_event
[2024-11-14T07:41:07.952+0000] {logging_mixin.py:190} INFO - [2024-11-14T07:41:07.952+0000] {override.py:1911} INFO - Created Permission View: can edit on DAG:read_dataset_event
[2024-11-14T07:41:07.970+0000] {logging_mixin.py:190} INFO - [2024-11-14T07:41:07.969+0000] {override.py:1911} INFO - Created Permission View: can delete on DAG Run:read_dataset_event
[2024-11-14T07:41:07.987+0000] {logging_mixin.py:190} INFO - [2024-11-14T07:41:07.986+0000] {override.py:1911} INFO - Created Permission View: can create on DAG Run:read_dataset_event
[2024-11-14T07:41:07.999+0000] {logging_mixin.py:190} INFO - [2024-11-14T07:41:07.998+0000] {override.py:1911} INFO - Created Permission View: can read on DAG Run:read_dataset_event
[2024-11-14T07:41:08.010+0000] {logging_mixin.py:190} INFO - [2024-11-14T07:41:08.009+0000] {override.py:1911} INFO - Created Permission View: menu access on DAG Run:read_dataset_event
[2024-11-14T07:41:08.030+0000] {logging_mixin.py:190} INFO - [2024-11-14T07:41:08.030+0000] {override.py:1911} INFO - Created Permission View: can delete on DAG:read_dataset_event_from_classic
[2024-11-14T07:41:08.040+0000] {logging_mixin.py:190} INFO - [2024-11-14T07:41:08.040+0000] {override.py:1911} INFO - Created Permission View: can read on DAG:read_dataset_event_from_classic
[2024-11-14T07:41:08.050+0000] {logging_mixin.py:190} INFO - [2024-11-14T07:41:08.049+0000] {override.py:1911} INFO - Created Permission View: can edit on DAG:read_dataset_event_from_classic
[2024-11-14T07:41:08.065+0000] {logging_mixin.py:190} INFO - [2024-11-14T07:41:08.065+0000] {override.py:1911} INFO - Created Permission View: can delete on DAG Run:read_dataset_event_from_classic
[2024-11-14T07:41:08.075+0000] {logging_mixin.py:190} INFO - [2024-11-14T07:41:08.075+0000] {override.py:1911} INFO - Created Permission View: can create on DAG Run:read_dataset_event_from_classic
[2024-11-14T07:41:08.085+0000] {logging_mixin.py:190} INFO - [2024-11-14T07:41:08.085+0000] {override.py:1911} INFO - Created Permission View: can read on DAG Run:read_dataset_event_from_classic
[2024-11-14T07:41:08.096+0000] {logging_mixin.py:190} INFO - [2024-11-14T07:41:08.095+0000] {override.py:1911} INFO - Created Permission View: menu access on DAG Run:read_dataset_event_from_classic
[2024-11-14T07:41:08.096+0000] {logging_mixin.py:190} INFO - [2024-11-14T07:41:08.096+0000] {dag.py:3239} INFO - Sync 2 DAGs
[2024-11-14T07:41:08.110+0000] {logging_mixin.py:190} INFO - [2024-11-14T07:41:08.110+0000] {dag.py:3262} INFO - Creating ORM DAG for read_dataset_event
[2024-11-14T07:41:08.111+0000] {logging_mixin.py:190} INFO - [2024-11-14T07:41:08.111+0000] {dag.py:3262} INFO - Creating ORM DAG for read_dataset_event_from_classic
[2024-11-14T07:41:08.121+0000] {logging_mixin.py:190} INFO - [2024-11-14T07:41:08.120+0000] {dag.py:4180} INFO - Setting next_dagrun for read_dataset_event to 2024-11-13 00:00:00+00:00, run_after=2024-11-14 00:00:00+00:00
[2024-11-14T07:41:08.123+0000] {logging_mixin.py:190} INFO - [2024-11-14T07:41:08.123+0000] {dag.py:4180} INFO - Setting next_dagrun for read_dataset_event_from_classic to 2024-11-13 00:00:00+00:00, run_after=2024-11-14 00:00:00+00:00
[2024-11-14T07:41:08.148+0000] {processor.py:208} INFO - Processing /home/ubuntu/airflow-venv/lib/python3.12/site-packages/airflow/example_dags/example_inlet_event_extra.py took 0.357 seconds
[2024-11-14T07:42:18.135+0000] {processor.py:186} INFO - Started process (PID=3774) to work on /home/ubuntu/airflow-venv/lib/python3.12/site-packages/airflow/example_dags/example_inlet_event_extra.py
[2024-11-14T07:42:18.137+0000] {processor.py:914} INFO - Processing file /home/ubuntu/airflow-venv/lib/python3.12/site-packages/airflow/example_dags/example_inlet_event_extra.py for tasks to queue
[2024-11-14T07:42:18.139+0000] {logging_mixin.py:190} INFO - [2024-11-14T07:42:18.139+0000] {dagbag.py:588} INFO - Filling up the DagBag from /home/ubuntu/airflow-venv/lib/python3.12/site-packages/airflow/example_dags/example_inlet_event_extra.py
[2024-11-14T07:42:18.159+0000] {processor.py:925} INFO - DAG(s) 'read_dataset_event', 'read_dataset_event_from_classic' retrieved from /home/ubuntu/airflow-venv/lib/python3.12/site-packages/airflow/example_dags/example_inlet_event_extra.py
[2024-11-14T07:42:18.179+0000] {logging_mixin.py:190} INFO - [2024-11-14T07:42:18.179+0000] {dag.py:3239} INFO - Sync 2 DAGs
[2024-11-14T07:42:18.201+0000] {logging_mixin.py:190} INFO - [2024-11-14T07:42:18.200+0000] {dag.py:4180} INFO - Setting next_dagrun for read_dataset_event to 2024-11-13 00:00:00+00:00, run_after=2024-11-14 00:00:00+00:00
[2024-11-14T07:42:18.205+0000] {logging_mixin.py:190} INFO - [2024-11-14T07:42:18.205+0000] {dag.py:4180} INFO - Setting next_dagrun for read_dataset_event_from_classic to 2024-11-13 00:00:00+00:00, run_after=2024-11-14 00:00:00+00:00
[2024-11-14T07:42:18.239+0000] {processor.py:208} INFO - Processing /home/ubuntu/airflow-venv/lib/python3.12/site-packages/airflow/example_dags/example_inlet_event_extra.py took 0.111 seconds
[2024-11-14T07:43:15.004+0000] {processor.py:186} INFO - Started process (PID=3832) to work on /home/ubuntu/airflow-venv/lib/python3.12/site-packages/airflow/example_dags/example_inlet_event_extra.py
[2024-11-14T07:43:15.005+0000] {processor.py:914} INFO - Processing file /home/ubuntu/airflow-venv/lib/python3.12/site-packages/airflow/example_dags/example_inlet_event_extra.py for tasks to queue
[2024-11-14T07:43:15.008+0000] {logging_mixin.py:190} INFO - [2024-11-14T07:43:15.007+0000] {dagbag.py:588} INFO - Filling up the DagBag from /home/ubuntu/airflow-venv/lib/python3.12/site-packages/airflow/example_dags/example_inlet_event_extra.py
[2024-11-14T07:43:15.022+0000] {processor.py:925} INFO - DAG(s) 'read_dataset_event_from_classic', 'read_dataset_event' retrieved from /home/ubuntu/airflow-venv/lib/python3.12/site-packages/airflow/example_dags/example_inlet_event_extra.py
[2024-11-14T07:43:15.042+0000] {logging_mixin.py:190} INFO - [2024-11-14T07:43:15.042+0000] {dag.py:3239} INFO - Sync 2 DAGs
[2024-11-14T07:43:15.063+0000] {logging_mixin.py:190} INFO - [2024-11-14T07:43:15.063+0000] {dag.py:4180} INFO - Setting next_dagrun for read_dataset_event to 2024-11-13 00:00:00+00:00, run_after=2024-11-14 00:00:00+00:00
[2024-11-14T07:43:15.068+0000] {logging_mixin.py:190} INFO - [2024-11-14T07:43:15.067+0000] {dag.py:4180} INFO - Setting next_dagrun for read_dataset_event_from_classic to 2024-11-13 00:00:00+00:00, run_after=2024-11-14 00:00:00+00:00
[2024-11-14T07:43:15.089+0000] {processor.py:208} INFO - Processing /home/ubuntu/airflow-venv/lib/python3.12/site-packages/airflow/example_dags/example_inlet_event_extra.py took 0.091 seconds
[2024-11-14T07:44:12.419+0000] {processor.py:186} INFO - Started process (PID=3889) to work on /home/ubuntu/airflow-venv/lib/python3.12/site-packages/airflow/example_dags/example_inlet_event_extra.py
[2024-11-14T07:44:12.423+0000] {processor.py:914} INFO - Processing file /home/ubuntu/airflow-venv/lib/python3.12/site-packages/airflow/example_dags/example_inlet_event_extra.py for tasks to queue
[2024-11-14T07:44:12.425+0000] {logging_mixin.py:190} INFO - [2024-11-14T07:44:12.425+0000] {dagbag.py:588} INFO - Filling up the DagBag from /home/ubuntu/airflow-venv/lib/python3.12/site-packages/airflow/example_dags/example_inlet_event_extra.py
[2024-11-14T07:44:12.445+0000] {processor.py:925} INFO - DAG(s) 'read_dataset_event_from_classic', 'read_dataset_event' retrieved from /home/ubuntu/airflow-venv/lib/python3.12/site-packages/airflow/example_dags/example_inlet_event_extra.py
[2024-11-14T07:44:12.483+0000] {logging_mixin.py:190} INFO - [2024-11-14T07:44:12.482+0000] {dag.py:3239} INFO - Sync 2 DAGs
[2024-11-14T07:44:12.521+0000] {logging_mixin.py:190} INFO - [2024-11-14T07:44:12.521+0000] {dag.py:4180} INFO - Setting next_dagrun for read_dataset_event to 2024-11-13 00:00:00+00:00, run_after=2024-11-14 00:00:00+00:00
[2024-11-14T07:44:12.526+0000] {logging_mixin.py:190} INFO - [2024-11-14T07:44:12.526+0000] {dag.py:4180} INFO - Setting next_dagrun for read_dataset_event_from_classic to 2024-11-13 00:00:00+00:00, run_after=2024-11-14 00:00:00+00:00
[2024-11-14T07:44:12.554+0000] {processor.py:208} INFO - Processing /home/ubuntu/airflow-venv/lib/python3.12/site-packages/airflow/example_dags/example_inlet_event_extra.py took 0.156 seconds
[2024-11-14T07:45:10.739+0000] {processor.py:186} INFO - Started process (PID=3949) to work on /home/ubuntu/airflow-venv/lib/python3.12/site-packages/airflow/example_dags/example_inlet_event_extra.py
[2024-11-14T07:45:10.741+0000] {processor.py:914} INFO - Processing file /home/ubuntu/airflow-venv/lib/python3.12/site-packages/airflow/example_dags/example_inlet_event_extra.py for tasks to queue
[2024-11-14T07:45:10.744+0000] {logging_mixin.py:190} INFO - [2024-11-14T07:45:10.744+0000] {dagbag.py:588} INFO - Filling up the DagBag from /home/ubuntu/airflow-venv/lib/python3.12/site-packages/airflow/example_dags/example_inlet_event_extra.py
[2024-11-14T07:45:10.762+0000] {processor.py:925} INFO - DAG(s) 'read_dataset_event', 'read_dataset_event_from_classic' retrieved from /home/ubuntu/airflow-venv/lib/python3.12/site-packages/airflow/example_dags/example_inlet_event_extra.py
[2024-11-14T07:45:10.785+0000] {logging_mixin.py:190} INFO - [2024-11-14T07:45:10.785+0000] {dag.py:3239} INFO - Sync 2 DAGs
[2024-11-14T07:45:10.812+0000] {logging_mixin.py:190} INFO - [2024-11-14T07:45:10.812+0000] {dag.py:4180} INFO - Setting next_dagrun for read_dataset_event to 2024-11-13 00:00:00+00:00, run_after=2024-11-14 00:00:00+00:00
[2024-11-14T07:45:10.817+0000] {logging_mixin.py:190} INFO - [2024-11-14T07:45:10.816+0000] {dag.py:4180} INFO - Setting next_dagrun for read_dataset_event_from_classic to 2024-11-13 00:00:00+00:00, run_after=2024-11-14 00:00:00+00:00
[2024-11-14T07:45:10.841+0000] {processor.py:208} INFO - Processing /home/ubuntu/airflow-venv/lib/python3.12/site-packages/airflow/example_dags/example_inlet_event_extra.py took 0.114 seconds
[2024-11-14T07:46:05.002+0000] {processor.py:186} INFO - Started process (PID=4008) to work on /home/ubuntu/airflow-venv/lib/python3.12/site-packages/airflow/example_dags/example_inlet_event_extra.py
[2024-11-14T07:46:05.004+0000] {processor.py:914} INFO - Processing file /home/ubuntu/airflow-venv/lib/python3.12/site-packages/airflow/example_dags/example_inlet_event_extra.py for tasks to queue
[2024-11-14T07:46:05.007+0000] {logging_mixin.py:190} INFO - [2024-11-14T07:46:05.006+0000] {dagbag.py:588} INFO - Filling up the DagBag from /home/ubuntu/airflow-venv/lib/python3.12/site-packages/airflow/example_dags/example_inlet_event_extra.py
[2024-11-14T07:46:05.021+0000] {processor.py:925} INFO - DAG(s) 'read_dataset_event_from_classic', 'read_dataset_event' retrieved from /home/ubuntu/airflow-venv/lib/python3.12/site-packages/airflow/example_dags/example_inlet_event_extra.py
[2024-11-14T07:46:05.040+0000] {logging_mixin.py:190} INFO - [2024-11-14T07:46:05.040+0000] {dag.py:3239} INFO - Sync 2 DAGs
[2024-11-14T07:46:05.063+0000] {logging_mixin.py:190} INFO - [2024-11-14T07:46:05.062+0000] {dag.py:4180} INFO - Setting next_dagrun for read_dataset_event to 2024-11-13 00:00:00+00:00, run_after=2024-11-14 00:00:00+00:00
[2024-11-14T07:46:05.067+0000] {logging_mixin.py:190} INFO - [2024-11-14T07:46:05.067+0000] {dag.py:4180} INFO - Setting next_dagrun for read_dataset_event_from_classic to 2024-11-13 00:00:00+00:00, run_after=2024-11-14 00:00:00+00:00
[2024-11-14T07:46:05.089+0000] {processor.py:208} INFO - Processing /home/ubuntu/airflow-venv/lib/python3.12/site-packages/airflow/example_dags/example_inlet_event_extra.py took 0.093 seconds
[2024-11-14T07:46:58.568+0000] {processor.py:186} INFO - Started process (PID=4066) to work on /home/ubuntu/airflow-venv/lib/python3.12/site-packages/airflow/example_dags/example_inlet_event_extra.py
[2024-11-14T07:46:58.570+0000] {processor.py:914} INFO - Processing file /home/ubuntu/airflow-venv/lib/python3.12/site-packages/airflow/example_dags/example_inlet_event_extra.py for tasks to queue
[2024-11-14T07:46:58.574+0000] {logging_mixin.py:190} INFO - [2024-11-14T07:46:58.574+0000] {dagbag.py:588} INFO - Filling up the DagBag from /home/ubuntu/airflow-venv/lib/python3.12/site-packages/airflow/example_dags/example_inlet_event_extra.py
[2024-11-14T07:46:58.598+0000] {processor.py:925} INFO - DAG(s) 'read_dataset_event', 'read_dataset_event_from_classic' retrieved from /home/ubuntu/airflow-venv/lib/python3.12/site-packages/airflow/example_dags/example_inlet_event_extra.py
[2024-11-14T07:46:58.624+0000] {logging_mixin.py:190} INFO - [2024-11-14T07:46:58.624+0000] {dag.py:3239} INFO - Sync 2 DAGs
[2024-11-14T07:46:58.656+0000] {logging_mixin.py:190} INFO - [2024-11-14T07:46:58.656+0000] {dag.py:4180} INFO - Setting next_dagrun for read_dataset_event to 2024-11-13 00:00:00+00:00, run_after=2024-11-14 00:00:00+00:00
[2024-11-14T07:46:58.662+0000] {logging_mixin.py:190} INFO - [2024-11-14T07:46:58.661+0000] {dag.py:4180} INFO - Setting next_dagrun for read_dataset_event_from_classic to 2024-11-13 00:00:00+00:00, run_after=2024-11-14 00:00:00+00:00
[2024-11-14T07:46:58.688+0000] {processor.py:208} INFO - Processing /home/ubuntu/airflow-venv/lib/python3.12/site-packages/airflow/example_dags/example_inlet_event_extra.py took 0.130 seconds
[2024-11-14T07:47:54.595+0000] {processor.py:186} INFO - Started process (PID=4281) to work on /home/ubuntu/airflow-venv/lib/python3.12/site-packages/airflow/example_dags/example_inlet_event_extra.py
[2024-11-14T07:47:54.596+0000] {processor.py:914} INFO - Processing file /home/ubuntu/airflow-venv/lib/python3.12/site-packages/airflow/example_dags/example_inlet_event_extra.py for tasks to queue
[2024-11-14T07:47:54.600+0000] {logging_mixin.py:190} INFO - [2024-11-14T07:47:54.599+0000] {dagbag.py:588} INFO - Filling up the DagBag from /home/ubuntu/airflow-venv/lib/python3.12/site-packages/airflow/example_dags/example_inlet_event_extra.py
[2024-11-14T07:47:54.629+0000] {processor.py:925} INFO - DAG(s) 'read_dataset_event_from_classic', 'read_dataset_event' retrieved from /home/ubuntu/airflow-venv/lib/python3.12/site-packages/airflow/example_dags/example_inlet_event_extra.py
[2024-11-14T07:47:54.654+0000] {logging_mixin.py:190} INFO - [2024-11-14T07:47:54.654+0000] {dag.py:3239} INFO - Sync 2 DAGs
[2024-11-14T07:47:54.677+0000] {logging_mixin.py:190} INFO - [2024-11-14T07:47:54.677+0000] {dag.py:4180} INFO - Setting next_dagrun for read_dataset_event to 2024-11-13 00:00:00+00:00, run_after=2024-11-14 00:00:00+00:00
[2024-11-14T07:47:54.682+0000] {logging_mixin.py:190} INFO - [2024-11-14T07:47:54.682+0000] {dag.py:4180} INFO - Setting next_dagrun for read_dataset_event_from_classic to 2024-11-13 00:00:00+00:00, run_after=2024-11-14 00:00:00+00:00
[2024-11-14T07:47:54.704+0000] {processor.py:208} INFO - Processing /home/ubuntu/airflow-venv/lib/python3.12/site-packages/airflow/example_dags/example_inlet_event_extra.py took 0.122 seconds
[2024-11-14T07:49:00.237+0000] {processor.py:186} INFO - Started process (PID=4627) to work on /home/ubuntu/airflow-venv/lib/python3.12/site-packages/airflow/example_dags/example_inlet_event_extra.py
[2024-11-14T07:49:00.240+0000] {processor.py:914} INFO - Processing file /home/ubuntu/airflow-venv/lib/python3.12/site-packages/airflow/example_dags/example_inlet_event_extra.py for tasks to queue
[2024-11-14T07:49:00.247+0000] {logging_mixin.py:190} INFO - [2024-11-14T07:49:00.246+0000] {dagbag.py:588} INFO - Filling up the DagBag from /home/ubuntu/airflow-venv/lib/python3.12/site-packages/airflow/example_dags/example_inlet_event_extra.py
[2024-11-14T07:49:00.280+0000] {processor.py:925} INFO - DAG(s) 'read_dataset_event', 'read_dataset_event_from_classic' retrieved from /home/ubuntu/airflow-venv/lib/python3.12/site-packages/airflow/example_dags/example_inlet_event_extra.py
[2024-11-14T07:49:00.313+0000] {logging_mixin.py:190} INFO - [2024-11-14T07:49:00.312+0000] {dag.py:3239} INFO - Sync 2 DAGs
[2024-11-14T07:49:00.367+0000] {logging_mixin.py:190} INFO - [2024-11-14T07:49:00.366+0000] {dag.py:4180} INFO - Setting next_dagrun for read_dataset_event to 2024-11-13 00:00:00+00:00, run_after=2024-11-14 00:00:00+00:00
[2024-11-14T07:49:00.374+0000] {logging_mixin.py:190} INFO - [2024-11-14T07:49:00.374+0000] {dag.py:4180} INFO - Setting next_dagrun for read_dataset_event_from_classic to 2024-11-13 00:00:00+00:00, run_after=2024-11-14 00:00:00+00:00
[2024-11-14T07:49:00.413+0000] {processor.py:208} INFO - Processing /home/ubuntu/airflow-venv/lib/python3.12/site-packages/airflow/example_dags/example_inlet_event_extra.py took 0.191 seconds
[2024-11-14T07:50:00.601+0000] {processor.py:186} INFO - Started process (PID=4685) to work on /home/ubuntu/airflow-venv/lib/python3.12/site-packages/airflow/example_dags/example_inlet_event_extra.py
[2024-11-14T07:50:00.603+0000] {processor.py:914} INFO - Processing file /home/ubuntu/airflow-venv/lib/python3.12/site-packages/airflow/example_dags/example_inlet_event_extra.py for tasks to queue
[2024-11-14T07:50:00.608+0000] {logging_mixin.py:190} INFO - [2024-11-14T07:50:00.607+0000] {dagbag.py:588} INFO - Filling up the DagBag from /home/ubuntu/airflow-venv/lib/python3.12/site-packages/airflow/example_dags/example_inlet_event_extra.py
[2024-11-14T07:50:00.632+0000] {processor.py:925} INFO - DAG(s) 'read_dataset_event_from_classic', 'read_dataset_event' retrieved from /home/ubuntu/airflow-venv/lib/python3.12/site-packages/airflow/example_dags/example_inlet_event_extra.py
[2024-11-14T07:50:00.657+0000] {logging_mixin.py:190} INFO - [2024-11-14T07:50:00.657+0000] {dag.py:3239} INFO - Sync 2 DAGs
[2024-11-14T07:50:00.682+0000] {logging_mixin.py:190} INFO - [2024-11-14T07:50:00.682+0000] {dag.py:4180} INFO - Setting next_dagrun for read_dataset_event to 2024-11-13 00:00:00+00:00, run_after=2024-11-14 00:00:00+00:00
[2024-11-14T07:50:00.687+0000] {logging_mixin.py:190} INFO - [2024-11-14T07:50:00.687+0000] {dag.py:4180} INFO - Setting next_dagrun for read_dataset_event_from_classic to 2024-11-13 00:00:00+00:00, run_after=2024-11-14 00:00:00+00:00
[2024-11-14T07:50:00.725+0000] {processor.py:208} INFO - Processing /home/ubuntu/airflow-venv/lib/python3.12/site-packages/airflow/example_dags/example_inlet_event_extra.py took 0.133 seconds
[2024-11-14T07:51:05.378+0000] {processor.py:186} INFO - Started process (PID=4753) to work on /home/ubuntu/airflow-venv/lib/python3.12/site-packages/airflow/example_dags/example_inlet_event_extra.py
[2024-11-14T07:51:05.381+0000] {processor.py:914} INFO - Processing file /home/ubuntu/airflow-venv/lib/python3.12/site-packages/airflow/example_dags/example_inlet_event_extra.py for tasks to queue
[2024-11-14T07:51:05.383+0000] {logging_mixin.py:190} INFO - [2024-11-14T07:51:05.382+0000] {dagbag.py:588} INFO - Filling up the DagBag from /home/ubuntu/airflow-venv/lib/python3.12/site-packages/airflow/example_dags/example_inlet_event_extra.py
[2024-11-14T07:51:05.406+0000] {processor.py:925} INFO - DAG(s) 'read_dataset_event_from_classic', 'read_dataset_event' retrieved from /home/ubuntu/airflow-venv/lib/python3.12/site-packages/airflow/example_dags/example_inlet_event_extra.py
[2024-11-14T07:51:05.433+0000] {logging_mixin.py:190} INFO - [2024-11-14T07:51:05.432+0000] {dag.py:3239} INFO - Sync 2 DAGs
[2024-11-14T07:51:05.471+0000] {logging_mixin.py:190} INFO - [2024-11-14T07:51:05.470+0000] {dag.py:4180} INFO - Setting next_dagrun for read_dataset_event to 2024-11-13 00:00:00+00:00, run_after=2024-11-14 00:00:00+00:00
[2024-11-14T07:51:05.479+0000] {logging_mixin.py:190} INFO - [2024-11-14T07:51:05.479+0000] {dag.py:4180} INFO - Setting next_dagrun for read_dataset_event_from_classic to 2024-11-13 00:00:00+00:00, run_after=2024-11-14 00:00:00+00:00
[2024-11-14T07:51:05.514+0000] {processor.py:208} INFO - Processing /home/ubuntu/airflow-venv/lib/python3.12/site-packages/airflow/example_dags/example_inlet_event_extra.py took 0.145 seconds
[2024-11-14T07:52:07.339+0000] {processor.py:186} INFO - Started process (PID=4813) to work on /home/ubuntu/airflow-venv/lib/python3.12/site-packages/airflow/example_dags/example_inlet_event_extra.py
[2024-11-14T07:52:07.341+0000] {processor.py:914} INFO - Processing file /home/ubuntu/airflow-venv/lib/python3.12/site-packages/airflow/example_dags/example_inlet_event_extra.py for tasks to queue
[2024-11-14T07:52:07.342+0000] {logging_mixin.py:190} INFO - [2024-11-14T07:52:07.342+0000] {dagbag.py:588} INFO - Filling up the DagBag from /home/ubuntu/airflow-venv/lib/python3.12/site-packages/airflow/example_dags/example_inlet_event_extra.py
[2024-11-14T07:52:07.357+0000] {processor.py:925} INFO - DAG(s) 'read_dataset_event', 'read_dataset_event_from_classic' retrieved from /home/ubuntu/airflow-venv/lib/python3.12/site-packages/airflow/example_dags/example_inlet_event_extra.py
[2024-11-14T07:52:07.377+0000] {logging_mixin.py:190} INFO - [2024-11-14T07:52:07.377+0000] {dag.py:3239} INFO - Sync 2 DAGs
[2024-11-14T07:52:07.405+0000] {logging_mixin.py:190} INFO - [2024-11-14T07:52:07.405+0000] {dag.py:4180} INFO - Setting next_dagrun for read_dataset_event to 2024-11-13 00:00:00+00:00, run_after=2024-11-14 00:00:00+00:00
[2024-11-14T07:52:07.410+0000] {logging_mixin.py:190} INFO - [2024-11-14T07:52:07.410+0000] {dag.py:4180} INFO - Setting next_dagrun for read_dataset_event_from_classic to 2024-11-13 00:00:00+00:00, run_after=2024-11-14 00:00:00+00:00
[2024-11-14T07:52:07.432+0000] {processor.py:208} INFO - Processing /home/ubuntu/airflow-venv/lib/python3.12/site-packages/airflow/example_dags/example_inlet_event_extra.py took 0.099 seconds
[2024-11-14T07:53:05.731+0000] {processor.py:186} INFO - Started process (PID=4873) to work on /home/ubuntu/airflow-venv/lib/python3.12/site-packages/airflow/example_dags/example_inlet_event_extra.py
[2024-11-14T07:53:05.732+0000] {processor.py:914} INFO - Processing file /home/ubuntu/airflow-venv/lib/python3.12/site-packages/airflow/example_dags/example_inlet_event_extra.py for tasks to queue
[2024-11-14T07:53:05.734+0000] {logging_mixin.py:190} INFO - [2024-11-14T07:53:05.733+0000] {dagbag.py:588} INFO - Filling up the DagBag from /home/ubuntu/airflow-venv/lib/python3.12/site-packages/airflow/example_dags/example_inlet_event_extra.py
[2024-11-14T07:53:05.749+0000] {processor.py:925} INFO - DAG(s) 'read_dataset_event_from_classic', 'read_dataset_event' retrieved from /home/ubuntu/airflow-venv/lib/python3.12/site-packages/airflow/example_dags/example_inlet_event_extra.py
[2024-11-14T07:53:05.768+0000] {logging_mixin.py:190} INFO - [2024-11-14T07:53:05.767+0000] {dag.py:3239} INFO - Sync 2 DAGs
[2024-11-14T07:53:05.790+0000] {logging_mixin.py:190} INFO - [2024-11-14T07:53:05.790+0000] {dag.py:4180} INFO - Setting next_dagrun for read_dataset_event to 2024-11-13 00:00:00+00:00, run_after=2024-11-14 00:00:00+00:00
[2024-11-14T07:53:05.795+0000] {logging_mixin.py:190} INFO - [2024-11-14T07:53:05.795+0000] {dag.py:4180} INFO - Setting next_dagrun for read_dataset_event_from_classic to 2024-11-13 00:00:00+00:00, run_after=2024-11-14 00:00:00+00:00
[2024-11-14T07:53:05.816+0000] {processor.py:208} INFO - Processing /home/ubuntu/airflow-venv/lib/python3.12/site-packages/airflow/example_dags/example_inlet_event_extra.py took 0.092 seconds
[2024-11-14T07:54:03.831+0000] {processor.py:186} INFO - Started process (PID=4934) to work on /home/ubuntu/airflow-venv/lib/python3.12/site-packages/airflow/example_dags/example_inlet_event_extra.py
[2024-11-14T07:54:03.832+0000] {processor.py:914} INFO - Processing file /home/ubuntu/airflow-venv/lib/python3.12/site-packages/airflow/example_dags/example_inlet_event_extra.py for tasks to queue
[2024-11-14T07:54:03.833+0000] {logging_mixin.py:190} INFO - [2024-11-14T07:54:03.833+0000] {dagbag.py:588} INFO - Filling up the DagBag from /home/ubuntu/airflow-venv/lib/python3.12/site-packages/airflow/example_dags/example_inlet_event_extra.py
[2024-11-14T07:54:03.847+0000] {processor.py:925} INFO - DAG(s) 'read_dataset_event_from_classic', 'read_dataset_event' retrieved from /home/ubuntu/airflow-venv/lib/python3.12/site-packages/airflow/example_dags/example_inlet_event_extra.py
[2024-11-14T07:54:03.866+0000] {logging_mixin.py:190} INFO - [2024-11-14T07:54:03.866+0000] {dag.py:3239} INFO - Sync 2 DAGs
[2024-11-14T07:54:03.888+0000] {logging_mixin.py:190} INFO - [2024-11-14T07:54:03.888+0000] {dag.py:4180} INFO - Setting next_dagrun for read_dataset_event to 2024-11-13 00:00:00+00:00, run_after=2024-11-14 00:00:00+00:00
[2024-11-14T07:54:03.892+0000] {logging_mixin.py:190} INFO - [2024-11-14T07:54:03.892+0000] {dag.py:4180} INFO - Setting next_dagrun for read_dataset_event_from_classic to 2024-11-13 00:00:00+00:00, run_after=2024-11-14 00:00:00+00:00
[2024-11-14T07:54:03.914+0000] {processor.py:208} INFO - Processing /home/ubuntu/airflow-venv/lib/python3.12/site-packages/airflow/example_dags/example_inlet_event_extra.py took 0.090 seconds
[2024-11-14T07:55:03.834+0000] {processor.py:186} INFO - Started process (PID=4996) to work on /home/ubuntu/airflow-venv/lib/python3.12/site-packages/airflow/example_dags/example_inlet_event_extra.py
[2024-11-14T07:55:03.836+0000] {processor.py:914} INFO - Processing file /home/ubuntu/airflow-venv/lib/python3.12/site-packages/airflow/example_dags/example_inlet_event_extra.py for tasks to queue
[2024-11-14T07:55:03.837+0000] {logging_mixin.py:190} INFO - [2024-11-14T07:55:03.837+0000] {dagbag.py:588} INFO - Filling up the DagBag from /home/ubuntu/airflow-venv/lib/python3.12/site-packages/airflow/example_dags/example_inlet_event_extra.py
[2024-11-14T07:55:03.851+0000] {processor.py:925} INFO - DAG(s) 'read_dataset_event', 'read_dataset_event_from_classic' retrieved from /home/ubuntu/airflow-venv/lib/python3.12/site-packages/airflow/example_dags/example_inlet_event_extra.py
[2024-11-14T07:55:03.871+0000] {logging_mixin.py:190} INFO - [2024-11-14T07:55:03.870+0000] {dag.py:3239} INFO - Sync 2 DAGs
[2024-11-14T07:55:03.892+0000] {logging_mixin.py:190} INFO - [2024-11-14T07:55:03.892+0000] {dag.py:4180} INFO - Setting next_dagrun for read_dataset_event to 2024-11-13 00:00:00+00:00, run_after=2024-11-14 00:00:00+00:00
[2024-11-14T07:55:03.897+0000] {logging_mixin.py:190} INFO - [2024-11-14T07:55:03.897+0000] {dag.py:4180} INFO - Setting next_dagrun for read_dataset_event_from_classic to 2024-11-13 00:00:00+00:00, run_after=2024-11-14 00:00:00+00:00
[2024-11-14T07:55:03.918+0000] {processor.py:208} INFO - Processing /home/ubuntu/airflow-venv/lib/python3.12/site-packages/airflow/example_dags/example_inlet_event_extra.py took 0.090 seconds
[2024-11-14T07:56:06.102+0000] {processor.py:186} INFO - Started process (PID=5057) to work on /home/ubuntu/airflow-venv/lib/python3.12/site-packages/airflow/example_dags/example_inlet_event_extra.py
[2024-11-14T07:56:06.103+0000] {processor.py:914} INFO - Processing file /home/ubuntu/airflow-venv/lib/python3.12/site-packages/airflow/example_dags/example_inlet_event_extra.py for tasks to queue
[2024-11-14T07:56:06.106+0000] {logging_mixin.py:190} INFO - [2024-11-14T07:56:06.104+0000] {dagbag.py:588} INFO - Filling up the DagBag from /home/ubuntu/airflow-venv/lib/python3.12/site-packages/airflow/example_dags/example_inlet_event_extra.py
[2024-11-14T07:56:06.123+0000] {processor.py:925} INFO - DAG(s) 'read_dataset_event_from_classic', 'read_dataset_event' retrieved from /home/ubuntu/airflow-venv/lib/python3.12/site-packages/airflow/example_dags/example_inlet_event_extra.py
[2024-11-14T07:56:06.145+0000] {logging_mixin.py:190} INFO - [2024-11-14T07:56:06.145+0000] {dag.py:3239} INFO - Sync 2 DAGs
[2024-11-14T07:56:06.171+0000] {logging_mixin.py:190} INFO - [2024-11-14T07:56:06.170+0000] {dag.py:4180} INFO - Setting next_dagrun for read_dataset_event to 2024-11-13 00:00:00+00:00, run_after=2024-11-14 00:00:00+00:00
[2024-11-14T07:56:06.176+0000] {logging_mixin.py:190} INFO - [2024-11-14T07:56:06.176+0000] {dag.py:4180} INFO - Setting next_dagrun for read_dataset_event_from_classic to 2024-11-13 00:00:00+00:00, run_after=2024-11-14 00:00:00+00:00
[2024-11-14T07:56:06.199+0000] {processor.py:208} INFO - Processing /home/ubuntu/airflow-venv/lib/python3.12/site-packages/airflow/example_dags/example_inlet_event_extra.py took 0.106 seconds
[2024-11-14T07:57:05.062+0000] {processor.py:186} INFO - Started process (PID=5119) to work on /home/ubuntu/airflow-venv/lib/python3.12/site-packages/airflow/example_dags/example_inlet_event_extra.py
[2024-11-14T07:57:05.065+0000] {processor.py:914} INFO - Processing file /home/ubuntu/airflow-venv/lib/python3.12/site-packages/airflow/example_dags/example_inlet_event_extra.py for tasks to queue
[2024-11-14T07:57:05.066+0000] {logging_mixin.py:190} INFO - [2024-11-14T07:57:05.066+0000] {dagbag.py:588} INFO - Filling up the DagBag from /home/ubuntu/airflow-venv/lib/python3.12/site-packages/airflow/example_dags/example_inlet_event_extra.py
[2024-11-14T07:57:05.083+0000] {processor.py:925} INFO - DAG(s) 'read_dataset_event', 'read_dataset_event_from_classic' retrieved from /home/ubuntu/airflow-venv/lib/python3.12/site-packages/airflow/example_dags/example_inlet_event_extra.py
[2024-11-14T07:57:05.103+0000] {logging_mixin.py:190} INFO - [2024-11-14T07:57:05.103+0000] {dag.py:3239} INFO - Sync 2 DAGs
[2024-11-14T07:57:05.127+0000] {logging_mixin.py:190} INFO - [2024-11-14T07:57:05.126+0000] {dag.py:4180} INFO - Setting next_dagrun for read_dataset_event to 2024-11-13 00:00:00+00:00, run_after=2024-11-14 00:00:00+00:00
[2024-11-14T07:57:05.133+0000] {logging_mixin.py:190} INFO - [2024-11-14T07:57:05.133+0000] {dag.py:4180} INFO - Setting next_dagrun for read_dataset_event_from_classic to 2024-11-13 00:00:00+00:00, run_after=2024-11-14 00:00:00+00:00
[2024-11-14T07:57:05.156+0000] {processor.py:208} INFO - Processing /home/ubuntu/airflow-venv/lib/python3.12/site-packages/airflow/example_dags/example_inlet_event_extra.py took 0.101 seconds
[2024-11-14T07:58:04.523+0000] {processor.py:186} INFO - Started process (PID=5180) to work on /home/ubuntu/airflow-venv/lib/python3.12/site-packages/airflow/example_dags/example_inlet_event_extra.py
[2024-11-14T07:58:04.524+0000] {processor.py:914} INFO - Processing file /home/ubuntu/airflow-venv/lib/python3.12/site-packages/airflow/example_dags/example_inlet_event_extra.py for tasks to queue
[2024-11-14T07:58:04.526+0000] {logging_mixin.py:190} INFO - [2024-11-14T07:58:04.525+0000] {dagbag.py:588} INFO - Filling up the DagBag from /home/ubuntu/airflow-venv/lib/python3.12/site-packages/airflow/example_dags/example_inlet_event_extra.py
[2024-11-14T07:58:04.539+0000] {processor.py:925} INFO - DAG(s) 'read_dataset_event', 'read_dataset_event_from_classic' retrieved from /home/ubuntu/airflow-venv/lib/python3.12/site-packages/airflow/example_dags/example_inlet_event_extra.py
[2024-11-14T07:58:04.558+0000] {logging_mixin.py:190} INFO - [2024-11-14T07:58:04.558+0000] {dag.py:3239} INFO - Sync 2 DAGs
[2024-11-14T07:58:04.581+0000] {logging_mixin.py:190} INFO - [2024-11-14T07:58:04.581+0000] {dag.py:4180} INFO - Setting next_dagrun for read_dataset_event to 2024-11-13 00:00:00+00:00, run_after=2024-11-14 00:00:00+00:00
[2024-11-14T07:58:04.585+0000] {logging_mixin.py:190} INFO - [2024-11-14T07:58:04.585+0000] {dag.py:4180} INFO - Setting next_dagrun for read_dataset_event_from_classic to 2024-11-13 00:00:00+00:00, run_after=2024-11-14 00:00:00+00:00
[2024-11-14T07:58:04.642+0000] {processor.py:208} INFO - Processing /home/ubuntu/airflow-venv/lib/python3.12/site-packages/airflow/example_dags/example_inlet_event_extra.py took 0.125 seconds
[2024-11-14T07:59:06.273+0000] {processor.py:186} INFO - Started process (PID=5239) to work on /home/ubuntu/airflow-venv/lib/python3.12/site-packages/airflow/example_dags/example_inlet_event_extra.py
[2024-11-14T07:59:06.278+0000] {processor.py:914} INFO - Processing file /home/ubuntu/airflow-venv/lib/python3.12/site-packages/airflow/example_dags/example_inlet_event_extra.py for tasks to queue
[2024-11-14T07:59:06.284+0000] {logging_mixin.py:190} INFO - [2024-11-14T07:59:06.279+0000] {dagbag.py:588} INFO - Filling up the DagBag from /home/ubuntu/airflow-venv/lib/python3.12/site-packages/airflow/example_dags/example_inlet_event_extra.py
[2024-11-14T07:59:06.310+0000] {processor.py:925} INFO - DAG(s) 'read_dataset_event_from_classic', 'read_dataset_event' retrieved from /home/ubuntu/airflow-venv/lib/python3.12/site-packages/airflow/example_dags/example_inlet_event_extra.py
[2024-11-14T07:59:06.334+0000] {logging_mixin.py:190} INFO - [2024-11-14T07:59:06.334+0000] {dag.py:3239} INFO - Sync 2 DAGs
[2024-11-14T07:59:06.366+0000] {logging_mixin.py:190} INFO - [2024-11-14T07:59:06.365+0000] {dag.py:4180} INFO - Setting next_dagrun for read_dataset_event to 2024-11-13 00:00:00+00:00, run_after=2024-11-14 00:00:00+00:00
[2024-11-14T07:59:06.376+0000] {logging_mixin.py:190} INFO - [2024-11-14T07:59:06.375+0000] {dag.py:4180} INFO - Setting next_dagrun for read_dataset_event_from_classic to 2024-11-13 00:00:00+00:00, run_after=2024-11-14 00:00:00+00:00
[2024-11-14T07:59:06.415+0000] {processor.py:208} INFO - Processing /home/ubuntu/airflow-venv/lib/python3.12/site-packages/airflow/example_dags/example_inlet_event_extra.py took 0.156 seconds
[2024-11-14T08:00:05.727+0000] {processor.py:186} INFO - Started process (PID=5301) to work on /home/ubuntu/airflow-venv/lib/python3.12/site-packages/airflow/example_dags/example_inlet_event_extra.py
[2024-11-14T08:00:05.729+0000] {processor.py:914} INFO - Processing file /home/ubuntu/airflow-venv/lib/python3.12/site-packages/airflow/example_dags/example_inlet_event_extra.py for tasks to queue
[2024-11-14T08:00:05.730+0000] {logging_mixin.py:190} INFO - [2024-11-14T08:00:05.730+0000] {dagbag.py:588} INFO - Filling up the DagBag from /home/ubuntu/airflow-venv/lib/python3.12/site-packages/airflow/example_dags/example_inlet_event_extra.py
[2024-11-14T08:00:05.748+0000] {processor.py:925} INFO - DAG(s) 'read_dataset_event_from_classic', 'read_dataset_event' retrieved from /home/ubuntu/airflow-venv/lib/python3.12/site-packages/airflow/example_dags/example_inlet_event_extra.py
[2024-11-14T08:00:05.769+0000] {logging_mixin.py:190} INFO - [2024-11-14T08:00:05.768+0000] {dag.py:3239} INFO - Sync 2 DAGs
[2024-11-14T08:00:05.791+0000] {logging_mixin.py:190} INFO - [2024-11-14T08:00:05.791+0000] {dag.py:4180} INFO - Setting next_dagrun for read_dataset_event to 2024-11-13 00:00:00+00:00, run_after=2024-11-14 00:00:00+00:00
[2024-11-14T08:00:05.796+0000] {logging_mixin.py:190} INFO - [2024-11-14T08:00:05.795+0000] {dag.py:4180} INFO - Setting next_dagrun for read_dataset_event_from_classic to 2024-11-13 00:00:00+00:00, run_after=2024-11-14 00:00:00+00:00
[2024-11-14T08:00:05.819+0000] {processor.py:208} INFO - Processing /home/ubuntu/airflow-venv/lib/python3.12/site-packages/airflow/example_dags/example_inlet_event_extra.py took 0.102 seconds
[2024-11-14T08:01:05.798+0000] {processor.py:186} INFO - Started process (PID=5366) to work on /home/ubuntu/airflow-venv/lib/python3.12/site-packages/airflow/example_dags/example_inlet_event_extra.py
[2024-11-14T08:01:05.799+0000] {processor.py:914} INFO - Processing file /home/ubuntu/airflow-venv/lib/python3.12/site-packages/airflow/example_dags/example_inlet_event_extra.py for tasks to queue
[2024-11-14T08:01:05.800+0000] {logging_mixin.py:190} INFO - [2024-11-14T08:01:05.800+0000] {dagbag.py:588} INFO - Filling up the DagBag from /home/ubuntu/airflow-venv/lib/python3.12/site-packages/airflow/example_dags/example_inlet_event_extra.py
[2024-11-14T08:01:05.815+0000] {processor.py:925} INFO - DAG(s) 'read_dataset_event_from_classic', 'read_dataset_event' retrieved from /home/ubuntu/airflow-venv/lib/python3.12/site-packages/airflow/example_dags/example_inlet_event_extra.py
[2024-11-14T08:01:05.835+0000] {logging_mixin.py:190} INFO - [2024-11-14T08:01:05.834+0000] {dag.py:3239} INFO - Sync 2 DAGs
[2024-11-14T08:01:05.859+0000] {logging_mixin.py:190} INFO - [2024-11-14T08:01:05.858+0000] {dag.py:4180} INFO - Setting next_dagrun for read_dataset_event to 2024-11-13 00:00:00+00:00, run_after=2024-11-14 00:00:00+00:00
[2024-11-14T08:01:05.867+0000] {logging_mixin.py:190} INFO - [2024-11-14T08:01:05.864+0000] {dag.py:4180} INFO - Setting next_dagrun for read_dataset_event_from_classic to 2024-11-13 00:00:00+00:00, run_after=2024-11-14 00:00:00+00:00
[2024-11-14T08:01:05.893+0000] {processor.py:208} INFO - Processing /home/ubuntu/airflow-venv/lib/python3.12/site-packages/airflow/example_dags/example_inlet_event_extra.py took 0.102 seconds
[2024-11-14T08:02:05.773+0000] {processor.py:186} INFO - Started process (PID=5425) to work on /home/ubuntu/airflow-venv/lib/python3.12/site-packages/airflow/example_dags/example_inlet_event_extra.py
[2024-11-14T08:02:05.775+0000] {processor.py:914} INFO - Processing file /home/ubuntu/airflow-venv/lib/python3.12/site-packages/airflow/example_dags/example_inlet_event_extra.py for tasks to queue
[2024-11-14T08:02:05.777+0000] {logging_mixin.py:190} INFO - [2024-11-14T08:02:05.776+0000] {dagbag.py:588} INFO - Filling up the DagBag from /home/ubuntu/airflow-venv/lib/python3.12/site-packages/airflow/example_dags/example_inlet_event_extra.py
[2024-11-14T08:02:05.810+0000] {processor.py:925} INFO - DAG(s) 'read_dataset_event', 'read_dataset_event_from_classic' retrieved from /home/ubuntu/airflow-venv/lib/python3.12/site-packages/airflow/example_dags/example_inlet_event_extra.py
[2024-11-14T08:02:05.842+0000] {logging_mixin.py:190} INFO - [2024-11-14T08:02:05.842+0000] {dag.py:3239} INFO - Sync 2 DAGs
[2024-11-14T08:02:05.865+0000] {logging_mixin.py:190} INFO - [2024-11-14T08:02:05.865+0000] {dag.py:4180} INFO - Setting next_dagrun for read_dataset_event to 2024-11-13 00:00:00+00:00, run_after=2024-11-14 00:00:00+00:00
[2024-11-14T08:02:05.870+0000] {logging_mixin.py:190} INFO - [2024-11-14T08:02:05.870+0000] {dag.py:4180} INFO - Setting next_dagrun for read_dataset_event_from_classic to 2024-11-13 00:00:00+00:00, run_after=2024-11-14 00:00:00+00:00
[2024-11-14T08:02:05.893+0000] {processor.py:208} INFO - Processing /home/ubuntu/airflow-venv/lib/python3.12/site-packages/airflow/example_dags/example_inlet_event_extra.py took 0.139 seconds
[2024-11-14T08:03:07.503+0000] {processor.py:186} INFO - Started process (PID=5488) to work on /home/ubuntu/airflow-venv/lib/python3.12/site-packages/airflow/example_dags/example_inlet_event_extra.py
[2024-11-14T08:03:07.505+0000] {processor.py:914} INFO - Processing file /home/ubuntu/airflow-venv/lib/python3.12/site-packages/airflow/example_dags/example_inlet_event_extra.py for tasks to queue
[2024-11-14T08:03:07.507+0000] {logging_mixin.py:190} INFO - [2024-11-14T08:03:07.506+0000] {dagbag.py:588} INFO - Filling up the DagBag from /home/ubuntu/airflow-venv/lib/python3.12/site-packages/airflow/example_dags/example_inlet_event_extra.py
[2024-11-14T08:03:07.523+0000] {processor.py:925} INFO - DAG(s) 'read_dataset_event_from_classic', 'read_dataset_event' retrieved from /home/ubuntu/airflow-venv/lib/python3.12/site-packages/airflow/example_dags/example_inlet_event_extra.py
[2024-11-14T08:03:07.547+0000] {logging_mixin.py:190} INFO - [2024-11-14T08:03:07.546+0000] {dag.py:3239} INFO - Sync 2 DAGs
[2024-11-14T08:03:07.576+0000] {logging_mixin.py:190} INFO - [2024-11-14T08:03:07.576+0000] {dag.py:4180} INFO - Setting next_dagrun for read_dataset_event to 2024-11-13 00:00:00+00:00, run_after=2024-11-14 00:00:00+00:00
[2024-11-14T08:03:07.583+0000] {logging_mixin.py:190} INFO - [2024-11-14T08:03:07.583+0000] {dag.py:4180} INFO - Setting next_dagrun for read_dataset_event_from_classic to 2024-11-13 00:00:00+00:00, run_after=2024-11-14 00:00:00+00:00
[2024-11-14T08:03:07.610+0000] {processor.py:208} INFO - Processing /home/ubuntu/airflow-venv/lib/python3.12/site-packages/airflow/example_dags/example_inlet_event_extra.py took 0.114 seconds
