[2024-11-14T07:41:10.276+0000] {processor.py:186} INFO - Started process (PID=3713) to work on /home/ubuntu/airflow-venv/lib/python3.12/site-packages/airflow/example_dags/example_dynamic_task_mapping.py
[2024-11-14T07:41:10.277+0000] {processor.py:914} INFO - Processing file /home/ubuntu/airflow-venv/lib/python3.12/site-packages/airflow/example_dags/example_dynamic_task_mapping.py for tasks to queue
[2024-11-14T07:41:10.280+0000] {logging_mixin.py:190} INFO - [2024-11-14T07:41:10.280+0000] {dagbag.py:588} INFO - Filling up the DagBag from /home/ubuntu/airflow-venv/lib/python3.12/site-packages/airflow/example_dags/example_dynamic_task_mapping.py
[2024-11-14T07:41:10.296+0000] {processor.py:925} INFO - DAG(s) 'example_dynamic_task_mapping' retrieved from /home/ubuntu/airflow-venv/lib/python3.12/site-packages/airflow/example_dags/example_dynamic_task_mapping.py
[2024-11-14T07:41:10.446+0000] {logging_mixin.py:190} INFO - [2024-11-14T07:41:10.445+0000] {override.py:1911} INFO - Created Permission View: can delete on DAG:example_dynamic_task_mapping
[2024-11-14T07:41:10.461+0000] {logging_mixin.py:190} INFO - [2024-11-14T07:41:10.461+0000] {override.py:1911} INFO - Created Permission View: can read on DAG:example_dynamic_task_mapping
[2024-11-14T07:41:10.472+0000] {logging_mixin.py:190} INFO - [2024-11-14T07:41:10.472+0000] {override.py:1911} INFO - Created Permission View: can edit on DAG:example_dynamic_task_mapping
[2024-11-14T07:41:10.494+0000] {logging_mixin.py:190} INFO - [2024-11-14T07:41:10.492+0000] {override.py:1911} INFO - Created Permission View: can delete on DAG Run:example_dynamic_task_mapping
[2024-11-14T07:41:10.505+0000] {logging_mixin.py:190} INFO - [2024-11-14T07:41:10.505+0000] {override.py:1911} INFO - Created Permission View: can create on DAG Run:example_dynamic_task_mapping
[2024-11-14T07:41:10.521+0000] {logging_mixin.py:190} INFO - [2024-11-14T07:41:10.520+0000] {override.py:1911} INFO - Created Permission View: can read on DAG Run:example_dynamic_task_mapping
[2024-11-14T07:41:10.536+0000] {logging_mixin.py:190} INFO - [2024-11-14T07:41:10.535+0000] {override.py:1911} INFO - Created Permission View: menu access on DAG Run:example_dynamic_task_mapping
[2024-11-14T07:41:10.536+0000] {logging_mixin.py:190} INFO - [2024-11-14T07:41:10.536+0000] {dag.py:3239} INFO - Sync 1 DAGs
[2024-11-14T07:41:10.554+0000] {logging_mixin.py:190} INFO - [2024-11-14T07:41:10.553+0000] {dag.py:3262} INFO - Creating ORM DAG for example_dynamic_task_mapping
[2024-11-14T07:41:10.554+0000] {logging_mixin.py:190} INFO - [2024-11-14T07:41:10.554+0000] {dag.py:4180} INFO - Setting next_dagrun for example_dynamic_task_mapping to None, run_after=None
[2024-11-14T07:41:10.582+0000] {processor.py:208} INFO - Processing /home/ubuntu/airflow-venv/lib/python3.12/site-packages/airflow/example_dags/example_dynamic_task_mapping.py took 0.313 seconds
[2024-11-14T07:42:20.533+0000] {processor.py:186} INFO - Started process (PID=3776) to work on /home/ubuntu/airflow-venv/lib/python3.12/site-packages/airflow/example_dags/example_dynamic_task_mapping.py
[2024-11-14T07:42:20.535+0000] {processor.py:914} INFO - Processing file /home/ubuntu/airflow-venv/lib/python3.12/site-packages/airflow/example_dags/example_dynamic_task_mapping.py for tasks to queue
[2024-11-14T07:42:20.537+0000] {logging_mixin.py:190} INFO - [2024-11-14T07:42:20.537+0000] {dagbag.py:588} INFO - Filling up the DagBag from /home/ubuntu/airflow-venv/lib/python3.12/site-packages/airflow/example_dags/example_dynamic_task_mapping.py
[2024-11-14T07:42:20.550+0000] {processor.py:925} INFO - DAG(s) 'example_dynamic_task_mapping' retrieved from /home/ubuntu/airflow-venv/lib/python3.12/site-packages/airflow/example_dags/example_dynamic_task_mapping.py
[2024-11-14T07:42:20.573+0000] {logging_mixin.py:190} INFO - [2024-11-14T07:42:20.572+0000] {dag.py:3239} INFO - Sync 1 DAGs
[2024-11-14T07:42:20.588+0000] {logging_mixin.py:190} INFO - [2024-11-14T07:42:20.588+0000] {dag.py:4180} INFO - Setting next_dagrun for example_dynamic_task_mapping to None, run_after=None
[2024-11-14T07:42:20.613+0000] {processor.py:208} INFO - Processing /home/ubuntu/airflow-venv/lib/python3.12/site-packages/airflow/example_dags/example_dynamic_task_mapping.py took 0.093 seconds
[2024-11-14T07:43:16.330+0000] {processor.py:186} INFO - Started process (PID=3834) to work on /home/ubuntu/airflow-venv/lib/python3.12/site-packages/airflow/example_dags/example_dynamic_task_mapping.py
[2024-11-14T07:43:16.331+0000] {processor.py:914} INFO - Processing file /home/ubuntu/airflow-venv/lib/python3.12/site-packages/airflow/example_dags/example_dynamic_task_mapping.py for tasks to queue
[2024-11-14T07:43:16.333+0000] {logging_mixin.py:190} INFO - [2024-11-14T07:43:16.333+0000] {dagbag.py:588} INFO - Filling up the DagBag from /home/ubuntu/airflow-venv/lib/python3.12/site-packages/airflow/example_dags/example_dynamic_task_mapping.py
[2024-11-14T07:43:16.343+0000] {processor.py:925} INFO - DAG(s) 'example_dynamic_task_mapping' retrieved from /home/ubuntu/airflow-venv/lib/python3.12/site-packages/airflow/example_dags/example_dynamic_task_mapping.py
[2024-11-14T07:43:16.364+0000] {logging_mixin.py:190} INFO - [2024-11-14T07:43:16.363+0000] {dag.py:3239} INFO - Sync 1 DAGs
[2024-11-14T07:43:16.376+0000] {logging_mixin.py:190} INFO - [2024-11-14T07:43:16.376+0000] {dag.py:4180} INFO - Setting next_dagrun for example_dynamic_task_mapping to None, run_after=None
[2024-11-14T07:43:16.400+0000] {processor.py:208} INFO - Processing /home/ubuntu/airflow-venv/lib/python3.12/site-packages/airflow/example_dags/example_dynamic_task_mapping.py took 0.077 seconds
[2024-11-14T07:44:14.814+0000] {processor.py:186} INFO - Started process (PID=3891) to work on /home/ubuntu/airflow-venv/lib/python3.12/site-packages/airflow/example_dags/example_dynamic_task_mapping.py
[2024-11-14T07:44:14.815+0000] {processor.py:914} INFO - Processing file /home/ubuntu/airflow-venv/lib/python3.12/site-packages/airflow/example_dags/example_dynamic_task_mapping.py for tasks to queue
[2024-11-14T07:44:14.819+0000] {logging_mixin.py:190} INFO - [2024-11-14T07:44:14.819+0000] {dagbag.py:588} INFO - Filling up the DagBag from /home/ubuntu/airflow-venv/lib/python3.12/site-packages/airflow/example_dags/example_dynamic_task_mapping.py
[2024-11-14T07:44:14.832+0000] {processor.py:925} INFO - DAG(s) 'example_dynamic_task_mapping' retrieved from /home/ubuntu/airflow-venv/lib/python3.12/site-packages/airflow/example_dags/example_dynamic_task_mapping.py
[2024-11-14T07:44:14.853+0000] {logging_mixin.py:190} INFO - [2024-11-14T07:44:14.853+0000] {dag.py:3239} INFO - Sync 1 DAGs
[2024-11-14T07:44:14.871+0000] {logging_mixin.py:190} INFO - [2024-11-14T07:44:14.870+0000] {dag.py:4180} INFO - Setting next_dagrun for example_dynamic_task_mapping to None, run_after=None
[2024-11-14T07:44:14.897+0000] {processor.py:208} INFO - Processing /home/ubuntu/airflow-venv/lib/python3.12/site-packages/airflow/example_dags/example_dynamic_task_mapping.py took 0.090 seconds
[2024-11-14T07:45:13.120+0000] {processor.py:186} INFO - Started process (PID=3951) to work on /home/ubuntu/airflow-venv/lib/python3.12/site-packages/airflow/example_dags/example_dynamic_task_mapping.py
[2024-11-14T07:45:13.122+0000] {processor.py:914} INFO - Processing file /home/ubuntu/airflow-venv/lib/python3.12/site-packages/airflow/example_dags/example_dynamic_task_mapping.py for tasks to queue
[2024-11-14T07:45:13.125+0000] {logging_mixin.py:190} INFO - [2024-11-14T07:45:13.125+0000] {dagbag.py:588} INFO - Filling up the DagBag from /home/ubuntu/airflow-venv/lib/python3.12/site-packages/airflow/example_dags/example_dynamic_task_mapping.py
[2024-11-14T07:45:13.140+0000] {processor.py:925} INFO - DAG(s) 'example_dynamic_task_mapping' retrieved from /home/ubuntu/airflow-venv/lib/python3.12/site-packages/airflow/example_dags/example_dynamic_task_mapping.py
[2024-11-14T07:45:13.160+0000] {logging_mixin.py:190} INFO - [2024-11-14T07:45:13.160+0000] {dag.py:3239} INFO - Sync 1 DAGs
[2024-11-14T07:45:13.174+0000] {logging_mixin.py:190} INFO - [2024-11-14T07:45:13.173+0000] {dag.py:4180} INFO - Setting next_dagrun for example_dynamic_task_mapping to None, run_after=None
[2024-11-14T07:45:13.199+0000] {processor.py:208} INFO - Processing /home/ubuntu/airflow-venv/lib/python3.12/site-packages/airflow/example_dags/example_dynamic_task_mapping.py took 0.085 seconds
[2024-11-14T07:46:06.582+0000] {processor.py:186} INFO - Started process (PID=4010) to work on /home/ubuntu/airflow-venv/lib/python3.12/site-packages/airflow/example_dags/example_dynamic_task_mapping.py
[2024-11-14T07:46:06.583+0000] {processor.py:914} INFO - Processing file /home/ubuntu/airflow-venv/lib/python3.12/site-packages/airflow/example_dags/example_dynamic_task_mapping.py for tasks to queue
[2024-11-14T07:46:06.586+0000] {logging_mixin.py:190} INFO - [2024-11-14T07:46:06.585+0000] {dagbag.py:588} INFO - Filling up the DagBag from /home/ubuntu/airflow-venv/lib/python3.12/site-packages/airflow/example_dags/example_dynamic_task_mapping.py
[2024-11-14T07:46:06.595+0000] {processor.py:925} INFO - DAG(s) 'example_dynamic_task_mapping' retrieved from /home/ubuntu/airflow-venv/lib/python3.12/site-packages/airflow/example_dags/example_dynamic_task_mapping.py
[2024-11-14T07:46:06.613+0000] {logging_mixin.py:190} INFO - [2024-11-14T07:46:06.612+0000] {dag.py:3239} INFO - Sync 1 DAGs
[2024-11-14T07:46:06.625+0000] {logging_mixin.py:190} INFO - [2024-11-14T07:46:06.625+0000] {dag.py:4180} INFO - Setting next_dagrun for example_dynamic_task_mapping to None, run_after=None
[2024-11-14T07:46:06.661+0000] {processor.py:208} INFO - Processing /home/ubuntu/airflow-venv/lib/python3.12/site-packages/airflow/example_dags/example_dynamic_task_mapping.py took 0.086 seconds
[2024-11-14T07:47:00.488+0000] {processor.py:186} INFO - Started process (PID=4068) to work on /home/ubuntu/airflow-venv/lib/python3.12/site-packages/airflow/example_dags/example_dynamic_task_mapping.py
[2024-11-14T07:47:00.489+0000] {processor.py:914} INFO - Processing file /home/ubuntu/airflow-venv/lib/python3.12/site-packages/airflow/example_dags/example_dynamic_task_mapping.py for tasks to queue
[2024-11-14T07:47:00.492+0000] {logging_mixin.py:190} INFO - [2024-11-14T07:47:00.492+0000] {dagbag.py:588} INFO - Filling up the DagBag from /home/ubuntu/airflow-venv/lib/python3.12/site-packages/airflow/example_dags/example_dynamic_task_mapping.py
[2024-11-14T07:47:00.502+0000] {processor.py:925} INFO - DAG(s) 'example_dynamic_task_mapping' retrieved from /home/ubuntu/airflow-venv/lib/python3.12/site-packages/airflow/example_dags/example_dynamic_task_mapping.py
[2024-11-14T07:47:00.521+0000] {logging_mixin.py:190} INFO - [2024-11-14T07:47:00.521+0000] {dag.py:3239} INFO - Sync 1 DAGs
[2024-11-14T07:47:00.535+0000] {logging_mixin.py:190} INFO - [2024-11-14T07:47:00.535+0000] {dag.py:4180} INFO - Setting next_dagrun for example_dynamic_task_mapping to None, run_after=None
[2024-11-14T07:47:00.559+0000] {processor.py:208} INFO - Processing /home/ubuntu/airflow-venv/lib/python3.12/site-packages/airflow/example_dags/example_dynamic_task_mapping.py took 0.078 seconds
[2024-11-14T07:47:56.225+0000] {processor.py:186} INFO - Started process (PID=4283) to work on /home/ubuntu/airflow-venv/lib/python3.12/site-packages/airflow/example_dags/example_dynamic_task_mapping.py
[2024-11-14T07:47:56.226+0000] {processor.py:914} INFO - Processing file /home/ubuntu/airflow-venv/lib/python3.12/site-packages/airflow/example_dags/example_dynamic_task_mapping.py for tasks to queue
[2024-11-14T07:47:56.230+0000] {logging_mixin.py:190} INFO - [2024-11-14T07:47:56.230+0000] {dagbag.py:588} INFO - Filling up the DagBag from /home/ubuntu/airflow-venv/lib/python3.12/site-packages/airflow/example_dags/example_dynamic_task_mapping.py
[2024-11-14T07:47:56.244+0000] {processor.py:925} INFO - DAG(s) 'example_dynamic_task_mapping' retrieved from /home/ubuntu/airflow-venv/lib/python3.12/site-packages/airflow/example_dags/example_dynamic_task_mapping.py
[2024-11-14T07:47:56.268+0000] {logging_mixin.py:190} INFO - [2024-11-14T07:47:56.268+0000] {dag.py:3239} INFO - Sync 1 DAGs
[2024-11-14T07:47:56.291+0000] {logging_mixin.py:190} INFO - [2024-11-14T07:47:56.291+0000] {dag.py:4180} INFO - Setting next_dagrun for example_dynamic_task_mapping to None, run_after=None
[2024-11-14T07:47:56.328+0000] {processor.py:208} INFO - Processing /home/ubuntu/airflow-venv/lib/python3.12/site-packages/airflow/example_dags/example_dynamic_task_mapping.py took 0.114 seconds
[2024-11-14T07:49:01.909+0000] {processor.py:186} INFO - Started process (PID=4629) to work on /home/ubuntu/airflow-venv/lib/python3.12/site-packages/airflow/example_dags/example_dynamic_task_mapping.py
[2024-11-14T07:49:01.912+0000] {processor.py:914} INFO - Processing file /home/ubuntu/airflow-venv/lib/python3.12/site-packages/airflow/example_dags/example_dynamic_task_mapping.py for tasks to queue
[2024-11-14T07:49:01.917+0000] {logging_mixin.py:190} INFO - [2024-11-14T07:49:01.917+0000] {dagbag.py:588} INFO - Filling up the DagBag from /home/ubuntu/airflow-venv/lib/python3.12/site-packages/airflow/example_dags/example_dynamic_task_mapping.py
[2024-11-14T07:49:01.941+0000] {processor.py:925} INFO - DAG(s) 'example_dynamic_task_mapping' retrieved from /home/ubuntu/airflow-venv/lib/python3.12/site-packages/airflow/example_dags/example_dynamic_task_mapping.py
[2024-11-14T07:49:01.975+0000] {logging_mixin.py:190} INFO - [2024-11-14T07:49:01.974+0000] {dag.py:3239} INFO - Sync 1 DAGs
[2024-11-14T07:49:02.007+0000] {logging_mixin.py:190} INFO - [2024-11-14T07:49:02.006+0000] {dag.py:4180} INFO - Setting next_dagrun for example_dynamic_task_mapping to None, run_after=None
[2024-11-14T07:49:02.050+0000] {processor.py:208} INFO - Processing /home/ubuntu/airflow-venv/lib/python3.12/site-packages/airflow/example_dags/example_dynamic_task_mapping.py took 0.157 seconds
[2024-11-14T07:50:03.142+0000] {processor.py:186} INFO - Started process (PID=4689) to work on /home/ubuntu/airflow-venv/lib/python3.12/site-packages/airflow/example_dags/example_dynamic_task_mapping.py
[2024-11-14T07:50:03.144+0000] {processor.py:914} INFO - Processing file /home/ubuntu/airflow-venv/lib/python3.12/site-packages/airflow/example_dags/example_dynamic_task_mapping.py for tasks to queue
[2024-11-14T07:50:03.147+0000] {logging_mixin.py:190} INFO - [2024-11-14T07:50:03.146+0000] {dagbag.py:588} INFO - Filling up the DagBag from /home/ubuntu/airflow-venv/lib/python3.12/site-packages/airflow/example_dags/example_dynamic_task_mapping.py
[2024-11-14T07:50:03.174+0000] {processor.py:925} INFO - DAG(s) 'example_dynamic_task_mapping' retrieved from /home/ubuntu/airflow-venv/lib/python3.12/site-packages/airflow/example_dags/example_dynamic_task_mapping.py
[2024-11-14T07:50:03.200+0000] {logging_mixin.py:190} INFO - [2024-11-14T07:50:03.199+0000] {dag.py:3239} INFO - Sync 1 DAGs
[2024-11-14T07:50:03.213+0000] {logging_mixin.py:190} INFO - [2024-11-14T07:50:03.213+0000] {dag.py:4180} INFO - Setting next_dagrun for example_dynamic_task_mapping to None, run_after=None
[2024-11-14T07:50:03.246+0000] {processor.py:208} INFO - Processing /home/ubuntu/airflow-venv/lib/python3.12/site-packages/airflow/example_dags/example_dynamic_task_mapping.py took 0.110 seconds
[2024-11-14T07:51:07.925+0000] {processor.py:186} INFO - Started process (PID=4755) to work on /home/ubuntu/airflow-venv/lib/python3.12/site-packages/airflow/example_dags/example_dynamic_task_mapping.py
[2024-11-14T07:51:07.926+0000] {processor.py:914} INFO - Processing file /home/ubuntu/airflow-venv/lib/python3.12/site-packages/airflow/example_dags/example_dynamic_task_mapping.py for tasks to queue
[2024-11-14T07:51:07.927+0000] {logging_mixin.py:190} INFO - [2024-11-14T07:51:07.927+0000] {dagbag.py:588} INFO - Filling up the DagBag from /home/ubuntu/airflow-venv/lib/python3.12/site-packages/airflow/example_dags/example_dynamic_task_mapping.py
[2024-11-14T07:51:07.938+0000] {processor.py:925} INFO - DAG(s) 'example_dynamic_task_mapping' retrieved from /home/ubuntu/airflow-venv/lib/python3.12/site-packages/airflow/example_dags/example_dynamic_task_mapping.py
[2024-11-14T07:51:07.959+0000] {logging_mixin.py:190} INFO - [2024-11-14T07:51:07.959+0000] {dag.py:3239} INFO - Sync 1 DAGs
[2024-11-14T07:51:07.972+0000] {logging_mixin.py:190} INFO - [2024-11-14T07:51:07.972+0000] {dag.py:4180} INFO - Setting next_dagrun for example_dynamic_task_mapping to None, run_after=None
[2024-11-14T07:51:07.997+0000] {processor.py:208} INFO - Processing /home/ubuntu/airflow-venv/lib/python3.12/site-packages/airflow/example_dags/example_dynamic_task_mapping.py took 0.085 seconds
[2024-11-14T07:52:09.752+0000] {processor.py:186} INFO - Started process (PID=4815) to work on /home/ubuntu/airflow-venv/lib/python3.12/site-packages/airflow/example_dags/example_dynamic_task_mapping.py
[2024-11-14T07:52:09.755+0000] {processor.py:914} INFO - Processing file /home/ubuntu/airflow-venv/lib/python3.12/site-packages/airflow/example_dags/example_dynamic_task_mapping.py for tasks to queue
[2024-11-14T07:52:09.760+0000] {logging_mixin.py:190} INFO - [2024-11-14T07:52:09.759+0000] {dagbag.py:588} INFO - Filling up the DagBag from /home/ubuntu/airflow-venv/lib/python3.12/site-packages/airflow/example_dags/example_dynamic_task_mapping.py
[2024-11-14T07:52:09.784+0000] {processor.py:925} INFO - DAG(s) 'example_dynamic_task_mapping' retrieved from /home/ubuntu/airflow-venv/lib/python3.12/site-packages/airflow/example_dags/example_dynamic_task_mapping.py
[2024-11-14T07:52:09.809+0000] {logging_mixin.py:190} INFO - [2024-11-14T07:52:09.809+0000] {dag.py:3239} INFO - Sync 1 DAGs
[2024-11-14T07:52:09.828+0000] {logging_mixin.py:190} INFO - [2024-11-14T07:52:09.828+0000] {dag.py:4180} INFO - Setting next_dagrun for example_dynamic_task_mapping to None, run_after=None
[2024-11-14T07:52:09.876+0000] {processor.py:208} INFO - Processing /home/ubuntu/airflow-venv/lib/python3.12/site-packages/airflow/example_dags/example_dynamic_task_mapping.py took 0.147 seconds
[2024-11-14T07:53:07.445+0000] {processor.py:186} INFO - Started process (PID=4875) to work on /home/ubuntu/airflow-venv/lib/python3.12/site-packages/airflow/example_dags/example_dynamic_task_mapping.py
[2024-11-14T07:53:07.447+0000] {processor.py:914} INFO - Processing file /home/ubuntu/airflow-venv/lib/python3.12/site-packages/airflow/example_dags/example_dynamic_task_mapping.py for tasks to queue
[2024-11-14T07:53:07.450+0000] {logging_mixin.py:190} INFO - [2024-11-14T07:53:07.448+0000] {dagbag.py:588} INFO - Filling up the DagBag from /home/ubuntu/airflow-venv/lib/python3.12/site-packages/airflow/example_dags/example_dynamic_task_mapping.py
[2024-11-14T07:53:07.464+0000] {processor.py:925} INFO - DAG(s) 'example_dynamic_task_mapping' retrieved from /home/ubuntu/airflow-venv/lib/python3.12/site-packages/airflow/example_dags/example_dynamic_task_mapping.py
[2024-11-14T07:53:07.484+0000] {logging_mixin.py:190} INFO - [2024-11-14T07:53:07.484+0000] {dag.py:3239} INFO - Sync 1 DAGs
[2024-11-14T07:53:07.502+0000] {logging_mixin.py:190} INFO - [2024-11-14T07:53:07.502+0000] {dag.py:4180} INFO - Setting next_dagrun for example_dynamic_task_mapping to None, run_after=None
[2024-11-14T07:53:07.530+0000] {processor.py:208} INFO - Processing /home/ubuntu/airflow-venv/lib/python3.12/site-packages/airflow/example_dags/example_dynamic_task_mapping.py took 0.093 seconds
[2024-11-14T07:54:05.835+0000] {processor.py:186} INFO - Started process (PID=4936) to work on /home/ubuntu/airflow-venv/lib/python3.12/site-packages/airflow/example_dags/example_dynamic_task_mapping.py
[2024-11-14T07:54:05.839+0000] {processor.py:914} INFO - Processing file /home/ubuntu/airflow-venv/lib/python3.12/site-packages/airflow/example_dags/example_dynamic_task_mapping.py for tasks to queue
[2024-11-14T07:54:05.840+0000] {logging_mixin.py:190} INFO - [2024-11-14T07:54:05.840+0000] {dagbag.py:588} INFO - Filling up the DagBag from /home/ubuntu/airflow-venv/lib/python3.12/site-packages/airflow/example_dags/example_dynamic_task_mapping.py
[2024-11-14T07:54:05.852+0000] {processor.py:925} INFO - DAG(s) 'example_dynamic_task_mapping' retrieved from /home/ubuntu/airflow-venv/lib/python3.12/site-packages/airflow/example_dags/example_dynamic_task_mapping.py
[2024-11-14T07:54:05.873+0000] {logging_mixin.py:190} INFO - [2024-11-14T07:54:05.872+0000] {dag.py:3239} INFO - Sync 1 DAGs
[2024-11-14T07:54:05.888+0000] {logging_mixin.py:190} INFO - [2024-11-14T07:54:05.888+0000] {dag.py:4180} INFO - Setting next_dagrun for example_dynamic_task_mapping to None, run_after=None
[2024-11-14T07:54:05.921+0000] {processor.py:208} INFO - Processing /home/ubuntu/airflow-venv/lib/python3.12/site-packages/airflow/example_dags/example_dynamic_task_mapping.py took 0.092 seconds
[2024-11-14T07:55:06.238+0000] {processor.py:186} INFO - Started process (PID=4998) to work on /home/ubuntu/airflow-venv/lib/python3.12/site-packages/airflow/example_dags/example_dynamic_task_mapping.py
[2024-11-14T07:55:06.240+0000] {processor.py:914} INFO - Processing file /home/ubuntu/airflow-venv/lib/python3.12/site-packages/airflow/example_dags/example_dynamic_task_mapping.py for tasks to queue
[2024-11-14T07:55:06.241+0000] {logging_mixin.py:190} INFO - [2024-11-14T07:55:06.241+0000] {dagbag.py:588} INFO - Filling up the DagBag from /home/ubuntu/airflow-venv/lib/python3.12/site-packages/airflow/example_dags/example_dynamic_task_mapping.py
[2024-11-14T07:55:06.255+0000] {processor.py:925} INFO - DAG(s) 'example_dynamic_task_mapping' retrieved from /home/ubuntu/airflow-venv/lib/python3.12/site-packages/airflow/example_dags/example_dynamic_task_mapping.py
[2024-11-14T07:55:06.287+0000] {logging_mixin.py:190} INFO - [2024-11-14T07:55:06.287+0000] {dag.py:3239} INFO - Sync 1 DAGs
[2024-11-14T07:55:06.311+0000] {logging_mixin.py:190} INFO - [2024-11-14T07:55:06.311+0000] {dag.py:4180} INFO - Setting next_dagrun for example_dynamic_task_mapping to None, run_after=None
[2024-11-14T07:55:06.351+0000] {processor.py:208} INFO - Processing /home/ubuntu/airflow-venv/lib/python3.12/site-packages/airflow/example_dags/example_dynamic_task_mapping.py took 0.120 seconds
[2024-11-14T07:56:08.486+0000] {processor.py:186} INFO - Started process (PID=5059) to work on /home/ubuntu/airflow-venv/lib/python3.12/site-packages/airflow/example_dags/example_dynamic_task_mapping.py
[2024-11-14T07:56:08.488+0000] {processor.py:914} INFO - Processing file /home/ubuntu/airflow-venv/lib/python3.12/site-packages/airflow/example_dags/example_dynamic_task_mapping.py for tasks to queue
[2024-11-14T07:56:08.490+0000] {logging_mixin.py:190} INFO - [2024-11-14T07:56:08.489+0000] {dagbag.py:588} INFO - Filling up the DagBag from /home/ubuntu/airflow-venv/lib/python3.12/site-packages/airflow/example_dags/example_dynamic_task_mapping.py
[2024-11-14T07:56:08.501+0000] {processor.py:925} INFO - DAG(s) 'example_dynamic_task_mapping' retrieved from /home/ubuntu/airflow-venv/lib/python3.12/site-packages/airflow/example_dags/example_dynamic_task_mapping.py
[2024-11-14T07:56:08.519+0000] {logging_mixin.py:190} INFO - [2024-11-14T07:56:08.519+0000] {dag.py:3239} INFO - Sync 1 DAGs
[2024-11-14T07:56:08.532+0000] {logging_mixin.py:190} INFO - [2024-11-14T07:56:08.532+0000] {dag.py:4180} INFO - Setting next_dagrun for example_dynamic_task_mapping to None, run_after=None
[2024-11-14T07:56:08.559+0000] {processor.py:208} INFO - Processing /home/ubuntu/airflow-venv/lib/python3.12/site-packages/airflow/example_dags/example_dynamic_task_mapping.py took 0.079 seconds
[2024-11-14T07:57:07.404+0000] {processor.py:186} INFO - Started process (PID=5121) to work on /home/ubuntu/airflow-venv/lib/python3.12/site-packages/airflow/example_dags/example_dynamic_task_mapping.py
[2024-11-14T07:57:07.406+0000] {processor.py:914} INFO - Processing file /home/ubuntu/airflow-venv/lib/python3.12/site-packages/airflow/example_dags/example_dynamic_task_mapping.py for tasks to queue
[2024-11-14T07:57:07.407+0000] {logging_mixin.py:190} INFO - [2024-11-14T07:57:07.407+0000] {dagbag.py:588} INFO - Filling up the DagBag from /home/ubuntu/airflow-venv/lib/python3.12/site-packages/airflow/example_dags/example_dynamic_task_mapping.py
[2024-11-14T07:57:07.426+0000] {processor.py:925} INFO - DAG(s) 'example_dynamic_task_mapping' retrieved from /home/ubuntu/airflow-venv/lib/python3.12/site-packages/airflow/example_dags/example_dynamic_task_mapping.py
[2024-11-14T07:57:07.448+0000] {logging_mixin.py:190} INFO - [2024-11-14T07:57:07.448+0000] {dag.py:3239} INFO - Sync 1 DAGs
[2024-11-14T07:57:07.467+0000] {logging_mixin.py:190} INFO - [2024-11-14T07:57:07.466+0000] {dag.py:4180} INFO - Setting next_dagrun for example_dynamic_task_mapping to None, run_after=None
[2024-11-14T07:57:07.491+0000] {processor.py:208} INFO - Processing /home/ubuntu/airflow-venv/lib/python3.12/site-packages/airflow/example_dags/example_dynamic_task_mapping.py took 0.095 seconds
[2024-11-14T07:58:07.051+0000] {processor.py:186} INFO - Started process (PID=5182) to work on /home/ubuntu/airflow-venv/lib/python3.12/site-packages/airflow/example_dags/example_dynamic_task_mapping.py
[2024-11-14T07:58:07.053+0000] {processor.py:914} INFO - Processing file /home/ubuntu/airflow-venv/lib/python3.12/site-packages/airflow/example_dags/example_dynamic_task_mapping.py for tasks to queue
[2024-11-14T07:58:07.056+0000] {logging_mixin.py:190} INFO - [2024-11-14T07:58:07.054+0000] {dagbag.py:588} INFO - Filling up the DagBag from /home/ubuntu/airflow-venv/lib/python3.12/site-packages/airflow/example_dags/example_dynamic_task_mapping.py
[2024-11-14T07:58:07.078+0000] {processor.py:925} INFO - DAG(s) 'example_dynamic_task_mapping' retrieved from /home/ubuntu/airflow-venv/lib/python3.12/site-packages/airflow/example_dags/example_dynamic_task_mapping.py
[2024-11-14T07:58:07.114+0000] {logging_mixin.py:190} INFO - [2024-11-14T07:58:07.114+0000] {dag.py:3239} INFO - Sync 1 DAGs
[2024-11-14T07:58:07.134+0000] {logging_mixin.py:190} INFO - [2024-11-14T07:58:07.133+0000] {dag.py:4180} INFO - Setting next_dagrun for example_dynamic_task_mapping to None, run_after=None
[2024-11-14T07:58:07.171+0000] {processor.py:208} INFO - Processing /home/ubuntu/airflow-venv/lib/python3.12/site-packages/airflow/example_dags/example_dynamic_task_mapping.py took 0.128 seconds
[2024-11-14T07:59:07.728+0000] {processor.py:186} INFO - Started process (PID=5241) to work on /home/ubuntu/airflow-venv/lib/python3.12/site-packages/airflow/example_dags/example_dynamic_task_mapping.py
[2024-11-14T07:59:07.730+0000] {processor.py:914} INFO - Processing file /home/ubuntu/airflow-venv/lib/python3.12/site-packages/airflow/example_dags/example_dynamic_task_mapping.py for tasks to queue
[2024-11-14T07:59:07.732+0000] {logging_mixin.py:190} INFO - [2024-11-14T07:59:07.731+0000] {dagbag.py:588} INFO - Filling up the DagBag from /home/ubuntu/airflow-venv/lib/python3.12/site-packages/airflow/example_dags/example_dynamic_task_mapping.py
[2024-11-14T07:59:07.746+0000] {processor.py:925} INFO - DAG(s) 'example_dynamic_task_mapping' retrieved from /home/ubuntu/airflow-venv/lib/python3.12/site-packages/airflow/example_dags/example_dynamic_task_mapping.py
[2024-11-14T07:59:07.765+0000] {logging_mixin.py:190} INFO - [2024-11-14T07:59:07.764+0000] {dag.py:3239} INFO - Sync 1 DAGs
[2024-11-14T07:59:07.778+0000] {logging_mixin.py:190} INFO - [2024-11-14T07:59:07.778+0000] {dag.py:4180} INFO - Setting next_dagrun for example_dynamic_task_mapping to None, run_after=None
[2024-11-14T07:59:07.800+0000] {processor.py:208} INFO - Processing /home/ubuntu/airflow-venv/lib/python3.12/site-packages/airflow/example_dags/example_dynamic_task_mapping.py took 0.083 seconds
[2024-11-14T08:00:08.117+0000] {processor.py:186} INFO - Started process (PID=5303) to work on /home/ubuntu/airflow-venv/lib/python3.12/site-packages/airflow/example_dags/example_dynamic_task_mapping.py
[2024-11-14T08:00:08.118+0000] {processor.py:914} INFO - Processing file /home/ubuntu/airflow-venv/lib/python3.12/site-packages/airflow/example_dags/example_dynamic_task_mapping.py for tasks to queue
[2024-11-14T08:00:08.120+0000] {logging_mixin.py:190} INFO - [2024-11-14T08:00:08.119+0000] {dagbag.py:588} INFO - Filling up the DagBag from /home/ubuntu/airflow-venv/lib/python3.12/site-packages/airflow/example_dags/example_dynamic_task_mapping.py
[2024-11-14T08:00:08.130+0000] {processor.py:925} INFO - DAG(s) 'example_dynamic_task_mapping' retrieved from /home/ubuntu/airflow-venv/lib/python3.12/site-packages/airflow/example_dags/example_dynamic_task_mapping.py
[2024-11-14T08:00:08.147+0000] {logging_mixin.py:190} INFO - [2024-11-14T08:00:08.147+0000] {dag.py:3239} INFO - Sync 1 DAGs
[2024-11-14T08:00:08.159+0000] {logging_mixin.py:190} INFO - [2024-11-14T08:00:08.159+0000] {dag.py:4180} INFO - Setting next_dagrun for example_dynamic_task_mapping to None, run_after=None
[2024-11-14T08:00:08.183+0000] {processor.py:208} INFO - Processing /home/ubuntu/airflow-venv/lib/python3.12/site-packages/airflow/example_dags/example_dynamic_task_mapping.py took 0.072 seconds
[2024-11-14T08:01:07.567+0000] {processor.py:186} INFO - Started process (PID=5368) to work on /home/ubuntu/airflow-venv/lib/python3.12/site-packages/airflow/example_dags/example_dynamic_task_mapping.py
[2024-11-14T08:01:07.569+0000] {processor.py:914} INFO - Processing file /home/ubuntu/airflow-venv/lib/python3.12/site-packages/airflow/example_dags/example_dynamic_task_mapping.py for tasks to queue
[2024-11-14T08:01:07.577+0000] {logging_mixin.py:190} INFO - [2024-11-14T08:01:07.575+0000] {dagbag.py:588} INFO - Filling up the DagBag from /home/ubuntu/airflow-venv/lib/python3.12/site-packages/airflow/example_dags/example_dynamic_task_mapping.py
[2024-11-14T08:01:07.594+0000] {processor.py:925} INFO - DAG(s) 'example_dynamic_task_mapping' retrieved from /home/ubuntu/airflow-venv/lib/python3.12/site-packages/airflow/example_dags/example_dynamic_task_mapping.py
[2024-11-14T08:01:07.623+0000] {logging_mixin.py:190} INFO - [2024-11-14T08:01:07.623+0000] {dag.py:3239} INFO - Sync 1 DAGs
[2024-11-14T08:01:07.636+0000] {logging_mixin.py:190} INFO - [2024-11-14T08:01:07.636+0000] {dag.py:4180} INFO - Setting next_dagrun for example_dynamic_task_mapping to None, run_after=None
[2024-11-14T08:01:07.659+0000] {processor.py:208} INFO - Processing /home/ubuntu/airflow-venv/lib/python3.12/site-packages/airflow/example_dags/example_dynamic_task_mapping.py took 0.114 seconds
[2024-11-14T08:02:08.054+0000] {processor.py:186} INFO - Started process (PID=5427) to work on /home/ubuntu/airflow-venv/lib/python3.12/site-packages/airflow/example_dags/example_dynamic_task_mapping.py
[2024-11-14T08:02:08.055+0000] {processor.py:914} INFO - Processing file /home/ubuntu/airflow-venv/lib/python3.12/site-packages/airflow/example_dags/example_dynamic_task_mapping.py for tasks to queue
[2024-11-14T08:02:08.057+0000] {logging_mixin.py:190} INFO - [2024-11-14T08:02:08.056+0000] {dagbag.py:588} INFO - Filling up the DagBag from /home/ubuntu/airflow-venv/lib/python3.12/site-packages/airflow/example_dags/example_dynamic_task_mapping.py
[2024-11-14T08:02:08.067+0000] {processor.py:925} INFO - DAG(s) 'example_dynamic_task_mapping' retrieved from /home/ubuntu/airflow-venv/lib/python3.12/site-packages/airflow/example_dags/example_dynamic_task_mapping.py
[2024-11-14T08:02:08.084+0000] {logging_mixin.py:190} INFO - [2024-11-14T08:02:08.084+0000] {dag.py:3239} INFO - Sync 1 DAGs
[2024-11-14T08:02:08.098+0000] {logging_mixin.py:190} INFO - [2024-11-14T08:02:08.098+0000] {dag.py:4180} INFO - Setting next_dagrun for example_dynamic_task_mapping to None, run_after=None
[2024-11-14T08:02:08.122+0000] {processor.py:208} INFO - Processing /home/ubuntu/airflow-venv/lib/python3.12/site-packages/airflow/example_dags/example_dynamic_task_mapping.py took 0.074 seconds
[2024-11-14T08:03:09.901+0000] {processor.py:186} INFO - Started process (PID=5490) to work on /home/ubuntu/airflow-venv/lib/python3.12/site-packages/airflow/example_dags/example_dynamic_task_mapping.py
[2024-11-14T08:03:09.903+0000] {processor.py:914} INFO - Processing file /home/ubuntu/airflow-venv/lib/python3.12/site-packages/airflow/example_dags/example_dynamic_task_mapping.py for tasks to queue
[2024-11-14T08:03:09.904+0000] {logging_mixin.py:190} INFO - [2024-11-14T08:03:09.904+0000] {dagbag.py:588} INFO - Filling up the DagBag from /home/ubuntu/airflow-venv/lib/python3.12/site-packages/airflow/example_dags/example_dynamic_task_mapping.py
[2024-11-14T08:03:09.915+0000] {processor.py:925} INFO - DAG(s) 'example_dynamic_task_mapping' retrieved from /home/ubuntu/airflow-venv/lib/python3.12/site-packages/airflow/example_dags/example_dynamic_task_mapping.py
[2024-11-14T08:03:09.931+0000] {logging_mixin.py:190} INFO - [2024-11-14T08:03:09.931+0000] {dag.py:3239} INFO - Sync 1 DAGs
[2024-11-14T08:03:09.944+0000] {logging_mixin.py:190} INFO - [2024-11-14T08:03:09.944+0000] {dag.py:4180} INFO - Setting next_dagrun for example_dynamic_task_mapping to None, run_after=None
[2024-11-14T08:03:09.966+0000] {processor.py:208} INFO - Processing /home/ubuntu/airflow-venv/lib/python3.12/site-packages/airflow/example_dags/example_dynamic_task_mapping.py took 0.071 seconds
