[2024-11-14T07:41:03.233+0000] {processor.py:186} INFO - Started process (PID=3707) to work on /home/ubuntu/airflow-venv/lib/python3.12/site-packages/airflow/example_dags/example_outlet_event_extra.py
[2024-11-14T07:41:03.234+0000] {processor.py:914} INFO - Processing file /home/ubuntu/airflow-venv/lib/python3.12/site-packages/airflow/example_dags/example_outlet_event_extra.py for tasks to queue
[2024-11-14T07:41:03.237+0000] {logging_mixin.py:190} INFO - [2024-11-14T07:41:03.237+0000] {dagbag.py:588} INFO - Filling up the DagBag from /home/ubuntu/airflow-venv/lib/python3.12/site-packages/airflow/example_dags/example_outlet_event_extra.py
[2024-11-14T07:41:03.257+0000] {processor.py:925} INFO - DAG(s) 'dataset_with_extra_by_context', 'dataset_with_extra_from_classic_operator', 'dataset_with_extra_by_yield' retrieved from /home/ubuntu/airflow-venv/lib/python3.12/site-packages/airflow/example_dags/example_outlet_event_extra.py
[2024-11-14T07:41:03.414+0000] {logging_mixin.py:190} INFO - [2024-11-14T07:41:03.414+0000] {override.py:1911} INFO - Created Permission View: can delete on DAG:dataset_with_extra_by_context
[2024-11-14T07:41:03.442+0000] {logging_mixin.py:190} INFO - [2024-11-14T07:41:03.442+0000] {override.py:1911} INFO - Created Permission View: can read on DAG:dataset_with_extra_by_context
[2024-11-14T07:41:03.468+0000] {logging_mixin.py:190} INFO - [2024-11-14T07:41:03.467+0000] {override.py:1911} INFO - Created Permission View: can edit on DAG:dataset_with_extra_by_context
[2024-11-14T07:41:03.482+0000] {logging_mixin.py:190} INFO - [2024-11-14T07:41:03.481+0000] {override.py:1911} INFO - Created Permission View: can delete on DAG Run:dataset_with_extra_by_context
[2024-11-14T07:41:03.489+0000] {logging_mixin.py:190} INFO - [2024-11-14T07:41:03.489+0000] {override.py:1911} INFO - Created Permission View: can create on DAG Run:dataset_with_extra_by_context
[2024-11-14T07:41:03.497+0000] {logging_mixin.py:190} INFO - [2024-11-14T07:41:03.496+0000] {override.py:1911} INFO - Created Permission View: can read on DAG Run:dataset_with_extra_by_context
[2024-11-14T07:41:03.504+0000] {logging_mixin.py:190} INFO - [2024-11-14T07:41:03.504+0000] {override.py:1911} INFO - Created Permission View: menu access on DAG Run:dataset_with_extra_by_context
[2024-11-14T07:41:03.523+0000] {logging_mixin.py:190} INFO - [2024-11-14T07:41:03.522+0000] {override.py:1911} INFO - Created Permission View: can delete on DAG:dataset_with_extra_from_classic_operator
[2024-11-14T07:41:03.531+0000] {logging_mixin.py:190} INFO - [2024-11-14T07:41:03.530+0000] {override.py:1911} INFO - Created Permission View: can read on DAG:dataset_with_extra_from_classic_operator
[2024-11-14T07:41:03.539+0000] {logging_mixin.py:190} INFO - [2024-11-14T07:41:03.539+0000] {override.py:1911} INFO - Created Permission View: can edit on DAG:dataset_with_extra_from_classic_operator
[2024-11-14T07:41:03.557+0000] {logging_mixin.py:190} INFO - [2024-11-14T07:41:03.557+0000] {override.py:1911} INFO - Created Permission View: can delete on DAG Run:dataset_with_extra_from_classic_operator
[2024-11-14T07:41:03.565+0000] {logging_mixin.py:190} INFO - [2024-11-14T07:41:03.565+0000] {override.py:1911} INFO - Created Permission View: can create on DAG Run:dataset_with_extra_from_classic_operator
[2024-11-14T07:41:03.573+0000] {logging_mixin.py:190} INFO - [2024-11-14T07:41:03.572+0000] {override.py:1911} INFO - Created Permission View: can read on DAG Run:dataset_with_extra_from_classic_operator
[2024-11-14T07:41:03.580+0000] {logging_mixin.py:190} INFO - [2024-11-14T07:41:03.580+0000] {override.py:1911} INFO - Created Permission View: menu access on DAG Run:dataset_with_extra_from_classic_operator
[2024-11-14T07:41:03.604+0000] {logging_mixin.py:190} INFO - [2024-11-14T07:41:03.603+0000] {override.py:1911} INFO - Created Permission View: can delete on DAG:dataset_with_extra_by_yield
[2024-11-14T07:41:03.613+0000] {logging_mixin.py:190} INFO - [2024-11-14T07:41:03.612+0000] {override.py:1911} INFO - Created Permission View: can read on DAG:dataset_with_extra_by_yield
[2024-11-14T07:41:03.624+0000] {logging_mixin.py:190} INFO - [2024-11-14T07:41:03.623+0000] {override.py:1911} INFO - Created Permission View: can edit on DAG:dataset_with_extra_by_yield
[2024-11-14T07:41:03.642+0000] {logging_mixin.py:190} INFO - [2024-11-14T07:41:03.641+0000] {override.py:1911} INFO - Created Permission View: can delete on DAG Run:dataset_with_extra_by_yield
[2024-11-14T07:41:03.653+0000] {logging_mixin.py:190} INFO - [2024-11-14T07:41:03.653+0000] {override.py:1911} INFO - Created Permission View: can create on DAG Run:dataset_with_extra_by_yield
[2024-11-14T07:41:03.664+0000] {logging_mixin.py:190} INFO - [2024-11-14T07:41:03.664+0000] {override.py:1911} INFO - Created Permission View: can read on DAG Run:dataset_with_extra_by_yield
[2024-11-14T07:41:03.674+0000] {logging_mixin.py:190} INFO - [2024-11-14T07:41:03.674+0000] {override.py:1911} INFO - Created Permission View: menu access on DAG Run:dataset_with_extra_by_yield
[2024-11-14T07:41:03.675+0000] {logging_mixin.py:190} INFO - [2024-11-14T07:41:03.675+0000] {dag.py:3239} INFO - Sync 3 DAGs
[2024-11-14T07:41:03.687+0000] {logging_mixin.py:190} INFO - [2024-11-14T07:41:03.687+0000] {dag.py:3262} INFO - Creating ORM DAG for dataset_with_extra_by_context
[2024-11-14T07:41:03.688+0000] {logging_mixin.py:190} INFO - [2024-11-14T07:41:03.688+0000] {dag.py:3262} INFO - Creating ORM DAG for dataset_with_extra_by_yield
[2024-11-14T07:41:03.688+0000] {logging_mixin.py:190} INFO - [2024-11-14T07:41:03.688+0000] {dag.py:3262} INFO - Creating ORM DAG for dataset_with_extra_from_classic_operator
[2024-11-14T07:41:03.700+0000] {logging_mixin.py:190} INFO - [2024-11-14T07:41:03.699+0000] {dag.py:4180} INFO - Setting next_dagrun for dataset_with_extra_by_context to 2024-11-13 00:00:00+00:00, run_after=2024-11-14 00:00:00+00:00
[2024-11-14T07:41:03.702+0000] {logging_mixin.py:190} INFO - [2024-11-14T07:41:03.701+0000] {dag.py:4180} INFO - Setting next_dagrun for dataset_with_extra_by_yield to 2024-11-13 00:00:00+00:00, run_after=2024-11-14 00:00:00+00:00
[2024-11-14T07:41:03.703+0000] {logging_mixin.py:190} INFO - [2024-11-14T07:41:03.703+0000] {dag.py:4180} INFO - Setting next_dagrun for dataset_with_extra_from_classic_operator to 2024-11-13 00:00:00+00:00, run_after=2024-11-14 00:00:00+00:00
[2024-11-14T07:41:03.734+0000] {processor.py:208} INFO - Processing /home/ubuntu/airflow-venv/lib/python3.12/site-packages/airflow/example_dags/example_outlet_event_extra.py took 0.511 seconds
[2024-11-14T07:42:14.133+0000] {processor.py:186} INFO - Started process (PID=3770) to work on /home/ubuntu/airflow-venv/lib/python3.12/site-packages/airflow/example_dags/example_outlet_event_extra.py
[2024-11-14T07:42:14.134+0000] {processor.py:914} INFO - Processing file /home/ubuntu/airflow-venv/lib/python3.12/site-packages/airflow/example_dags/example_outlet_event_extra.py for tasks to queue
[2024-11-14T07:42:14.137+0000] {logging_mixin.py:190} INFO - [2024-11-14T07:42:14.136+0000] {dagbag.py:588} INFO - Filling up the DagBag from /home/ubuntu/airflow-venv/lib/python3.12/site-packages/airflow/example_dags/example_outlet_event_extra.py
[2024-11-14T07:42:14.152+0000] {processor.py:925} INFO - DAG(s) 'dataset_with_extra_from_classic_operator', 'dataset_with_extra_by_context', 'dataset_with_extra_by_yield' retrieved from /home/ubuntu/airflow-venv/lib/python3.12/site-packages/airflow/example_dags/example_outlet_event_extra.py
[2024-11-14T07:42:14.177+0000] {logging_mixin.py:190} INFO - [2024-11-14T07:42:14.177+0000] {dag.py:3239} INFO - Sync 3 DAGs
[2024-11-14T07:42:14.198+0000] {logging_mixin.py:190} INFO - [2024-11-14T07:42:14.198+0000] {dag.py:4180} INFO - Setting next_dagrun for dataset_with_extra_by_context to 2024-11-13 00:00:00+00:00, run_after=2024-11-14 00:00:00+00:00
[2024-11-14T07:42:14.203+0000] {logging_mixin.py:190} INFO - [2024-11-14T07:42:14.202+0000] {dag.py:4180} INFO - Setting next_dagrun for dataset_with_extra_by_yield to 2024-11-13 00:00:00+00:00, run_after=2024-11-14 00:00:00+00:00
[2024-11-14T07:42:14.205+0000] {logging_mixin.py:190} INFO - [2024-11-14T07:42:14.205+0000] {dag.py:4180} INFO - Setting next_dagrun for dataset_with_extra_from_classic_operator to 2024-11-13 00:00:00+00:00, run_after=2024-11-14 00:00:00+00:00
[2024-11-14T07:42:14.228+0000] {processor.py:208} INFO - Processing /home/ubuntu/airflow-venv/lib/python3.12/site-packages/airflow/example_dags/example_outlet_event_extra.py took 0.101 seconds
[2024-11-14T07:43:11.189+0000] {processor.py:186} INFO - Started process (PID=3828) to work on /home/ubuntu/airflow-venv/lib/python3.12/site-packages/airflow/example_dags/example_outlet_event_extra.py
[2024-11-14T07:43:11.192+0000] {processor.py:914} INFO - Processing file /home/ubuntu/airflow-venv/lib/python3.12/site-packages/airflow/example_dags/example_outlet_event_extra.py for tasks to queue
[2024-11-14T07:43:11.194+0000] {logging_mixin.py:190} INFO - [2024-11-14T07:43:11.194+0000] {dagbag.py:588} INFO - Filling up the DagBag from /home/ubuntu/airflow-venv/lib/python3.12/site-packages/airflow/example_dags/example_outlet_event_extra.py
[2024-11-14T07:43:11.226+0000] {processor.py:925} INFO - DAG(s) 'dataset_with_extra_by_context', 'dataset_with_extra_by_yield', 'dataset_with_extra_from_classic_operator' retrieved from /home/ubuntu/airflow-venv/lib/python3.12/site-packages/airflow/example_dags/example_outlet_event_extra.py
[2024-11-14T07:43:11.248+0000] {logging_mixin.py:190} INFO - [2024-11-14T07:43:11.248+0000] {dag.py:3239} INFO - Sync 3 DAGs
[2024-11-14T07:43:11.270+0000] {logging_mixin.py:190} INFO - [2024-11-14T07:43:11.270+0000] {dag.py:4180} INFO - Setting next_dagrun for dataset_with_extra_by_context to 2024-11-13 00:00:00+00:00, run_after=2024-11-14 00:00:00+00:00
[2024-11-14T07:43:11.274+0000] {logging_mixin.py:190} INFO - [2024-11-14T07:43:11.274+0000] {dag.py:4180} INFO - Setting next_dagrun for dataset_with_extra_by_yield to 2024-11-13 00:00:00+00:00, run_after=2024-11-14 00:00:00+00:00
[2024-11-14T07:43:11.276+0000] {logging_mixin.py:190} INFO - [2024-11-14T07:43:11.276+0000] {dag.py:4180} INFO - Setting next_dagrun for dataset_with_extra_from_classic_operator to 2024-11-13 00:00:00+00:00, run_after=2024-11-14 00:00:00+00:00
[2024-11-14T07:43:11.321+0000] {processor.py:208} INFO - Processing /home/ubuntu/airflow-venv/lib/python3.12/site-packages/airflow/example_dags/example_outlet_event_extra.py took 0.141 seconds
[2024-11-14T07:44:08.387+0000] {processor.py:186} INFO - Started process (PID=3885) to work on /home/ubuntu/airflow-venv/lib/python3.12/site-packages/airflow/example_dags/example_outlet_event_extra.py
[2024-11-14T07:44:08.389+0000] {processor.py:914} INFO - Processing file /home/ubuntu/airflow-venv/lib/python3.12/site-packages/airflow/example_dags/example_outlet_event_extra.py for tasks to queue
[2024-11-14T07:44:08.391+0000] {logging_mixin.py:190} INFO - [2024-11-14T07:44:08.391+0000] {dagbag.py:588} INFO - Filling up the DagBag from /home/ubuntu/airflow-venv/lib/python3.12/site-packages/airflow/example_dags/example_outlet_event_extra.py
[2024-11-14T07:44:08.406+0000] {processor.py:925} INFO - DAG(s) 'dataset_with_extra_by_yield', 'dataset_with_extra_by_context', 'dataset_with_extra_from_classic_operator' retrieved from /home/ubuntu/airflow-venv/lib/python3.12/site-packages/airflow/example_dags/example_outlet_event_extra.py
[2024-11-14T07:44:08.429+0000] {logging_mixin.py:190} INFO - [2024-11-14T07:44:08.429+0000] {dag.py:3239} INFO - Sync 3 DAGs
[2024-11-14T07:44:08.451+0000] {logging_mixin.py:190} INFO - [2024-11-14T07:44:08.451+0000] {dag.py:4180} INFO - Setting next_dagrun for dataset_with_extra_by_context to 2024-11-13 00:00:00+00:00, run_after=2024-11-14 00:00:00+00:00
[2024-11-14T07:44:08.455+0000] {logging_mixin.py:190} INFO - [2024-11-14T07:44:08.455+0000] {dag.py:4180} INFO - Setting next_dagrun for dataset_with_extra_by_yield to 2024-11-13 00:00:00+00:00, run_after=2024-11-14 00:00:00+00:00
[2024-11-14T07:44:08.458+0000] {logging_mixin.py:190} INFO - [2024-11-14T07:44:08.457+0000] {dag.py:4180} INFO - Setting next_dagrun for dataset_with_extra_from_classic_operator to 2024-11-13 00:00:00+00:00, run_after=2024-11-14 00:00:00+00:00
[2024-11-14T07:44:08.484+0000] {processor.py:208} INFO - Processing /home/ubuntu/airflow-venv/lib/python3.12/site-packages/airflow/example_dags/example_outlet_event_extra.py took 0.102 seconds
[2024-11-14T07:45:06.852+0000] {processor.py:186} INFO - Started process (PID=3945) to work on /home/ubuntu/airflow-venv/lib/python3.12/site-packages/airflow/example_dags/example_outlet_event_extra.py
[2024-11-14T07:45:06.853+0000] {processor.py:914} INFO - Processing file /home/ubuntu/airflow-venv/lib/python3.12/site-packages/airflow/example_dags/example_outlet_event_extra.py for tasks to queue
[2024-11-14T07:45:06.857+0000] {logging_mixin.py:190} INFO - [2024-11-14T07:45:06.856+0000] {dagbag.py:588} INFO - Filling up the DagBag from /home/ubuntu/airflow-venv/lib/python3.12/site-packages/airflow/example_dags/example_outlet_event_extra.py
[2024-11-14T07:45:06.898+0000] {processor.py:925} INFO - DAG(s) 'dataset_with_extra_by_context', 'dataset_with_extra_by_yield', 'dataset_with_extra_from_classic_operator' retrieved from /home/ubuntu/airflow-venv/lib/python3.12/site-packages/airflow/example_dags/example_outlet_event_extra.py
[2024-11-14T07:45:06.923+0000] {logging_mixin.py:190} INFO - [2024-11-14T07:45:06.922+0000] {dag.py:3239} INFO - Sync 3 DAGs
[2024-11-14T07:45:06.945+0000] {logging_mixin.py:190} INFO - [2024-11-14T07:45:06.945+0000] {dag.py:4180} INFO - Setting next_dagrun for dataset_with_extra_by_context to 2024-11-13 00:00:00+00:00, run_after=2024-11-14 00:00:00+00:00
[2024-11-14T07:45:06.949+0000] {logging_mixin.py:190} INFO - [2024-11-14T07:45:06.949+0000] {dag.py:4180} INFO - Setting next_dagrun for dataset_with_extra_by_yield to 2024-11-13 00:00:00+00:00, run_after=2024-11-14 00:00:00+00:00
[2024-11-14T07:45:06.951+0000] {logging_mixin.py:190} INFO - [2024-11-14T07:45:06.951+0000] {dag.py:4180} INFO - Setting next_dagrun for dataset_with_extra_from_classic_operator to 2024-11-13 00:00:00+00:00, run_after=2024-11-14 00:00:00+00:00
[2024-11-14T07:45:06.975+0000] {processor.py:208} INFO - Processing /home/ubuntu/airflow-venv/lib/python3.12/site-packages/airflow/example_dags/example_outlet_event_extra.py took 0.146 seconds
[2024-11-14T07:46:00.344+0000] {processor.py:186} INFO - Started process (PID=4004) to work on /home/ubuntu/airflow-venv/lib/python3.12/site-packages/airflow/example_dags/example_outlet_event_extra.py
[2024-11-14T07:46:00.345+0000] {processor.py:914} INFO - Processing file /home/ubuntu/airflow-venv/lib/python3.12/site-packages/airflow/example_dags/example_outlet_event_extra.py for tasks to queue
[2024-11-14T07:46:00.348+0000] {logging_mixin.py:190} INFO - [2024-11-14T07:46:00.347+0000] {dagbag.py:588} INFO - Filling up the DagBag from /home/ubuntu/airflow-venv/lib/python3.12/site-packages/airflow/example_dags/example_outlet_event_extra.py
[2024-11-14T07:46:00.365+0000] {processor.py:925} INFO - DAG(s) 'dataset_with_extra_from_classic_operator', 'dataset_with_extra_by_context', 'dataset_with_extra_by_yield' retrieved from /home/ubuntu/airflow-venv/lib/python3.12/site-packages/airflow/example_dags/example_outlet_event_extra.py
[2024-11-14T07:46:00.387+0000] {logging_mixin.py:190} INFO - [2024-11-14T07:46:00.387+0000] {dag.py:3239} INFO - Sync 3 DAGs
[2024-11-14T07:46:00.418+0000] {logging_mixin.py:190} INFO - [2024-11-14T07:46:00.418+0000] {dag.py:4180} INFO - Setting next_dagrun for dataset_with_extra_by_context to 2024-11-13 00:00:00+00:00, run_after=2024-11-14 00:00:00+00:00
[2024-11-14T07:46:00.427+0000] {logging_mixin.py:190} INFO - [2024-11-14T07:46:00.427+0000] {dag.py:4180} INFO - Setting next_dagrun for dataset_with_extra_by_yield to 2024-11-13 00:00:00+00:00, run_after=2024-11-14 00:00:00+00:00
[2024-11-14T07:46:00.430+0000] {logging_mixin.py:190} INFO - [2024-11-14T07:46:00.430+0000] {dag.py:4180} INFO - Setting next_dagrun for dataset_with_extra_from_classic_operator to 2024-11-13 00:00:00+00:00, run_after=2024-11-14 00:00:00+00:00
[2024-11-14T07:46:00.457+0000] {processor.py:208} INFO - Processing /home/ubuntu/airflow-venv/lib/python3.12/site-packages/airflow/example_dags/example_outlet_event_extra.py took 0.121 seconds
[2024-11-14T07:46:54.566+0000] {processor.py:186} INFO - Started process (PID=4061) to work on /home/ubuntu/airflow-venv/lib/python3.12/site-packages/airflow/example_dags/example_outlet_event_extra.py
[2024-11-14T07:46:54.568+0000] {processor.py:914} INFO - Processing file /home/ubuntu/airflow-venv/lib/python3.12/site-packages/airflow/example_dags/example_outlet_event_extra.py for tasks to queue
[2024-11-14T07:46:54.570+0000] {logging_mixin.py:190} INFO - [2024-11-14T07:46:54.570+0000] {dagbag.py:588} INFO - Filling up the DagBag from /home/ubuntu/airflow-venv/lib/python3.12/site-packages/airflow/example_dags/example_outlet_event_extra.py
[2024-11-14T07:46:54.587+0000] {processor.py:925} INFO - DAG(s) 'dataset_with_extra_by_context', 'dataset_with_extra_from_classic_operator', 'dataset_with_extra_by_yield' retrieved from /home/ubuntu/airflow-venv/lib/python3.12/site-packages/airflow/example_dags/example_outlet_event_extra.py
[2024-11-14T07:46:54.620+0000] {logging_mixin.py:190} INFO - [2024-11-14T07:46:54.620+0000] {dag.py:3239} INFO - Sync 3 DAGs
[2024-11-14T07:46:54.646+0000] {logging_mixin.py:190} INFO - [2024-11-14T07:46:54.646+0000] {dag.py:4180} INFO - Setting next_dagrun for dataset_with_extra_by_context to 2024-11-13 00:00:00+00:00, run_after=2024-11-14 00:00:00+00:00
[2024-11-14T07:46:54.653+0000] {logging_mixin.py:190} INFO - [2024-11-14T07:46:54.653+0000] {dag.py:4180} INFO - Setting next_dagrun for dataset_with_extra_by_yield to 2024-11-13 00:00:00+00:00, run_after=2024-11-14 00:00:00+00:00
[2024-11-14T07:46:54.656+0000] {logging_mixin.py:190} INFO - [2024-11-14T07:46:54.656+0000] {dag.py:4180} INFO - Setting next_dagrun for dataset_with_extra_from_classic_operator to 2024-11-13 00:00:00+00:00, run_after=2024-11-14 00:00:00+00:00
[2024-11-14T07:46:54.684+0000] {processor.py:208} INFO - Processing /home/ubuntu/airflow-venv/lib/python3.12/site-packages/airflow/example_dags/example_outlet_event_extra.py took 0.125 seconds
[2024-11-14T07:47:50.065+0000] {processor.py:186} INFO - Started process (PID=4276) to work on /home/ubuntu/airflow-venv/lib/python3.12/site-packages/airflow/example_dags/example_outlet_event_extra.py
[2024-11-14T07:47:50.066+0000] {processor.py:914} INFO - Processing file /home/ubuntu/airflow-venv/lib/python3.12/site-packages/airflow/example_dags/example_outlet_event_extra.py for tasks to queue
[2024-11-14T07:47:50.069+0000] {logging_mixin.py:190} INFO - [2024-11-14T07:47:50.069+0000] {dagbag.py:588} INFO - Filling up the DagBag from /home/ubuntu/airflow-venv/lib/python3.12/site-packages/airflow/example_dags/example_outlet_event_extra.py
[2024-11-14T07:47:50.086+0000] {processor.py:925} INFO - DAG(s) 'dataset_with_extra_by_context', 'dataset_with_extra_by_yield', 'dataset_with_extra_from_classic_operator' retrieved from /home/ubuntu/airflow-venv/lib/python3.12/site-packages/airflow/example_dags/example_outlet_event_extra.py
[2024-11-14T07:47:50.112+0000] {logging_mixin.py:190} INFO - [2024-11-14T07:47:50.111+0000] {dag.py:3239} INFO - Sync 3 DAGs
[2024-11-14T07:47:50.138+0000] {logging_mixin.py:190} INFO - [2024-11-14T07:47:50.137+0000] {dag.py:4180} INFO - Setting next_dagrun for dataset_with_extra_by_context to 2024-11-13 00:00:00+00:00, run_after=2024-11-14 00:00:00+00:00
[2024-11-14T07:47:50.143+0000] {logging_mixin.py:190} INFO - [2024-11-14T07:47:50.143+0000] {dag.py:4180} INFO - Setting next_dagrun for dataset_with_extra_by_yield to 2024-11-13 00:00:00+00:00, run_after=2024-11-14 00:00:00+00:00
[2024-11-14T07:47:50.145+0000] {logging_mixin.py:190} INFO - [2024-11-14T07:47:50.145+0000] {dag.py:4180} INFO - Setting next_dagrun for dataset_with_extra_from_classic_operator to 2024-11-13 00:00:00+00:00, run_after=2024-11-14 00:00:00+00:00
[2024-11-14T07:47:50.173+0000] {processor.py:208} INFO - Processing /home/ubuntu/airflow-venv/lib/python3.12/site-packages/airflow/example_dags/example_outlet_event_extra.py took 0.116 seconds
[2024-11-14T07:48:56.189+0000] {processor.py:186} INFO - Started process (PID=4623) to work on /home/ubuntu/airflow-venv/lib/python3.12/site-packages/airflow/example_dags/example_outlet_event_extra.py
[2024-11-14T07:48:56.190+0000] {processor.py:914} INFO - Processing file /home/ubuntu/airflow-venv/lib/python3.12/site-packages/airflow/example_dags/example_outlet_event_extra.py for tasks to queue
[2024-11-14T07:48:56.193+0000] {logging_mixin.py:190} INFO - [2024-11-14T07:48:56.192+0000] {dagbag.py:588} INFO - Filling up the DagBag from /home/ubuntu/airflow-venv/lib/python3.12/site-packages/airflow/example_dags/example_outlet_event_extra.py
[2024-11-14T07:48:56.208+0000] {processor.py:925} INFO - DAG(s) 'dataset_with_extra_by_context', 'dataset_with_extra_by_yield', 'dataset_with_extra_from_classic_operator' retrieved from /home/ubuntu/airflow-venv/lib/python3.12/site-packages/airflow/example_dags/example_outlet_event_extra.py
[2024-11-14T07:48:56.229+0000] {logging_mixin.py:190} INFO - [2024-11-14T07:48:56.229+0000] {dag.py:3239} INFO - Sync 3 DAGs
[2024-11-14T07:48:56.251+0000] {logging_mixin.py:190} INFO - [2024-11-14T07:48:56.251+0000] {dag.py:4180} INFO - Setting next_dagrun for dataset_with_extra_by_context to 2024-11-13 00:00:00+00:00, run_after=2024-11-14 00:00:00+00:00
[2024-11-14T07:48:56.255+0000] {logging_mixin.py:190} INFO - [2024-11-14T07:48:56.255+0000] {dag.py:4180} INFO - Setting next_dagrun for dataset_with_extra_by_yield to 2024-11-13 00:00:00+00:00, run_after=2024-11-14 00:00:00+00:00
[2024-11-14T07:48:56.257+0000] {logging_mixin.py:190} INFO - [2024-11-14T07:48:56.257+0000] {dag.py:4180} INFO - Setting next_dagrun for dataset_with_extra_from_classic_operator to 2024-11-13 00:00:00+00:00, run_after=2024-11-14 00:00:00+00:00
[2024-11-14T07:48:56.281+0000] {processor.py:208} INFO - Processing /home/ubuntu/airflow-venv/lib/python3.12/site-packages/airflow/example_dags/example_outlet_event_extra.py took 0.099 seconds
[2024-11-14T07:49:56.591+0000] {processor.py:186} INFO - Started process (PID=4681) to work on /home/ubuntu/airflow-venv/lib/python3.12/site-packages/airflow/example_dags/example_outlet_event_extra.py
[2024-11-14T07:49:56.592+0000] {processor.py:914} INFO - Processing file /home/ubuntu/airflow-venv/lib/python3.12/site-packages/airflow/example_dags/example_outlet_event_extra.py for tasks to queue
[2024-11-14T07:49:56.595+0000] {logging_mixin.py:190} INFO - [2024-11-14T07:49:56.594+0000] {dagbag.py:588} INFO - Filling up the DagBag from /home/ubuntu/airflow-venv/lib/python3.12/site-packages/airflow/example_dags/example_outlet_event_extra.py
[2024-11-14T07:49:56.611+0000] {processor.py:925} INFO - DAG(s) 'dataset_with_extra_by_context', 'dataset_with_extra_by_yield', 'dataset_with_extra_from_classic_operator' retrieved from /home/ubuntu/airflow-venv/lib/python3.12/site-packages/airflow/example_dags/example_outlet_event_extra.py
[2024-11-14T07:49:56.641+0000] {logging_mixin.py:190} INFO - [2024-11-14T07:49:56.638+0000] {dag.py:3239} INFO - Sync 3 DAGs
[2024-11-14T07:49:56.680+0000] {logging_mixin.py:190} INFO - [2024-11-14T07:49:56.680+0000] {dag.py:4180} INFO - Setting next_dagrun for dataset_with_extra_by_context to 2024-11-13 00:00:00+00:00, run_after=2024-11-14 00:00:00+00:00
[2024-11-14T07:49:56.685+0000] {logging_mixin.py:190} INFO - [2024-11-14T07:49:56.685+0000] {dag.py:4180} INFO - Setting next_dagrun for dataset_with_extra_by_yield to 2024-11-13 00:00:00+00:00, run_after=2024-11-14 00:00:00+00:00
[2024-11-14T07:49:56.688+0000] {logging_mixin.py:190} INFO - [2024-11-14T07:49:56.687+0000] {dag.py:4180} INFO - Setting next_dagrun for dataset_with_extra_from_classic_operator to 2024-11-13 00:00:00+00:00, run_after=2024-11-14 00:00:00+00:00
[2024-11-14T07:49:56.714+0000] {processor.py:208} INFO - Processing /home/ubuntu/airflow-venv/lib/python3.12/site-packages/airflow/example_dags/example_outlet_event_extra.py took 0.129 seconds
[2024-11-14T07:51:01.488+0000] {processor.py:186} INFO - Started process (PID=4749) to work on /home/ubuntu/airflow-venv/lib/python3.12/site-packages/airflow/example_dags/example_outlet_event_extra.py
[2024-11-14T07:51:01.491+0000] {processor.py:914} INFO - Processing file /home/ubuntu/airflow-venv/lib/python3.12/site-packages/airflow/example_dags/example_outlet_event_extra.py for tasks to queue
[2024-11-14T07:51:01.494+0000] {logging_mixin.py:190} INFO - [2024-11-14T07:51:01.493+0000] {dagbag.py:588} INFO - Filling up the DagBag from /home/ubuntu/airflow-venv/lib/python3.12/site-packages/airflow/example_dags/example_outlet_event_extra.py
[2024-11-14T07:51:01.520+0000] {processor.py:925} INFO - DAG(s) 'dataset_with_extra_by_yield', 'dataset_with_extra_from_classic_operator', 'dataset_with_extra_by_context' retrieved from /home/ubuntu/airflow-venv/lib/python3.12/site-packages/airflow/example_dags/example_outlet_event_extra.py
[2024-11-14T07:51:01.555+0000] {logging_mixin.py:190} INFO - [2024-11-14T07:51:01.555+0000] {dag.py:3239} INFO - Sync 3 DAGs
[2024-11-14T07:51:01.592+0000] {logging_mixin.py:190} INFO - [2024-11-14T07:51:01.592+0000] {dag.py:4180} INFO - Setting next_dagrun for dataset_with_extra_by_context to 2024-11-13 00:00:00+00:00, run_after=2024-11-14 00:00:00+00:00
[2024-11-14T07:51:01.605+0000] {logging_mixin.py:190} INFO - [2024-11-14T07:51:01.604+0000] {dag.py:4180} INFO - Setting next_dagrun for dataset_with_extra_by_yield to 2024-11-13 00:00:00+00:00, run_after=2024-11-14 00:00:00+00:00
[2024-11-14T07:51:01.609+0000] {logging_mixin.py:190} INFO - [2024-11-14T07:51:01.608+0000] {dag.py:4180} INFO - Setting next_dagrun for dataset_with_extra_from_classic_operator to 2024-11-13 00:00:00+00:00, run_after=2024-11-14 00:00:00+00:00
[2024-11-14T07:51:01.646+0000] {processor.py:208} INFO - Processing /home/ubuntu/airflow-venv/lib/python3.12/site-packages/airflow/example_dags/example_outlet_event_extra.py took 0.166 seconds
[2024-11-14T07:52:03.352+0000] {processor.py:186} INFO - Started process (PID=4809) to work on /home/ubuntu/airflow-venv/lib/python3.12/site-packages/airflow/example_dags/example_outlet_event_extra.py
[2024-11-14T07:52:03.353+0000] {processor.py:914} INFO - Processing file /home/ubuntu/airflow-venv/lib/python3.12/site-packages/airflow/example_dags/example_outlet_event_extra.py for tasks to queue
[2024-11-14T07:52:03.354+0000] {logging_mixin.py:190} INFO - [2024-11-14T07:52:03.354+0000] {dagbag.py:588} INFO - Filling up the DagBag from /home/ubuntu/airflow-venv/lib/python3.12/site-packages/airflow/example_dags/example_outlet_event_extra.py
[2024-11-14T07:52:03.369+0000] {processor.py:925} INFO - DAG(s) 'dataset_with_extra_by_context', 'dataset_with_extra_from_classic_operator', 'dataset_with_extra_by_yield' retrieved from /home/ubuntu/airflow-venv/lib/python3.12/site-packages/airflow/example_dags/example_outlet_event_extra.py
[2024-11-14T07:52:03.391+0000] {logging_mixin.py:190} INFO - [2024-11-14T07:52:03.390+0000] {dag.py:3239} INFO - Sync 3 DAGs
[2024-11-14T07:52:03.418+0000] {logging_mixin.py:190} INFO - [2024-11-14T07:52:03.418+0000] {dag.py:4180} INFO - Setting next_dagrun for dataset_with_extra_by_context to 2024-11-13 00:00:00+00:00, run_after=2024-11-14 00:00:00+00:00
[2024-11-14T07:52:03.422+0000] {logging_mixin.py:190} INFO - [2024-11-14T07:52:03.422+0000] {dag.py:4180} INFO - Setting next_dagrun for dataset_with_extra_by_yield to 2024-11-13 00:00:00+00:00, run_after=2024-11-14 00:00:00+00:00
[2024-11-14T07:52:03.425+0000] {logging_mixin.py:190} INFO - [2024-11-14T07:52:03.424+0000] {dag.py:4180} INFO - Setting next_dagrun for dataset_with_extra_from_classic_operator to 2024-11-13 00:00:00+00:00, run_after=2024-11-14 00:00:00+00:00
[2024-11-14T07:52:03.449+0000] {processor.py:208} INFO - Processing /home/ubuntu/airflow-venv/lib/python3.12/site-packages/airflow/example_dags/example_outlet_event_extra.py took 0.104 seconds
[2024-11-14T07:53:01.755+0000] {processor.py:186} INFO - Started process (PID=4869) to work on /home/ubuntu/airflow-venv/lib/python3.12/site-packages/airflow/example_dags/example_outlet_event_extra.py
[2024-11-14T07:53:01.758+0000] {processor.py:914} INFO - Processing file /home/ubuntu/airflow-venv/lib/python3.12/site-packages/airflow/example_dags/example_outlet_event_extra.py for tasks to queue
[2024-11-14T07:53:01.760+0000] {logging_mixin.py:190} INFO - [2024-11-14T07:53:01.760+0000] {dagbag.py:588} INFO - Filling up the DagBag from /home/ubuntu/airflow-venv/lib/python3.12/site-packages/airflow/example_dags/example_outlet_event_extra.py
[2024-11-14T07:53:01.788+0000] {processor.py:925} INFO - DAG(s) 'dataset_with_extra_by_yield', 'dataset_with_extra_by_context', 'dataset_with_extra_from_classic_operator' retrieved from /home/ubuntu/airflow-venv/lib/python3.12/site-packages/airflow/example_dags/example_outlet_event_extra.py
[2024-11-14T07:53:01.834+0000] {logging_mixin.py:190} INFO - [2024-11-14T07:53:01.833+0000] {dag.py:3239} INFO - Sync 3 DAGs
[2024-11-14T07:53:01.879+0000] {logging_mixin.py:190} INFO - [2024-11-14T07:53:01.879+0000] {dag.py:4180} INFO - Setting next_dagrun for dataset_with_extra_by_context to 2024-11-13 00:00:00+00:00, run_after=2024-11-14 00:00:00+00:00
[2024-11-14T07:53:01.889+0000] {logging_mixin.py:190} INFO - [2024-11-14T07:53:01.888+0000] {dag.py:4180} INFO - Setting next_dagrun for dataset_with_extra_by_yield to 2024-11-13 00:00:00+00:00, run_after=2024-11-14 00:00:00+00:00
[2024-11-14T07:53:01.892+0000] {logging_mixin.py:190} INFO - [2024-11-14T07:53:01.891+0000] {dag.py:4180} INFO - Setting next_dagrun for dataset_with_extra_from_classic_operator to 2024-11-13 00:00:00+00:00, run_after=2024-11-14 00:00:00+00:00
[2024-11-14T07:53:01.926+0000] {processor.py:208} INFO - Processing /home/ubuntu/airflow-venv/lib/python3.12/site-packages/airflow/example_dags/example_outlet_event_extra.py took 0.178 seconds
[2024-11-14T07:53:59.547+0000] {processor.py:186} INFO - Started process (PID=4930) to work on /home/ubuntu/airflow-venv/lib/python3.12/site-packages/airflow/example_dags/example_outlet_event_extra.py
[2024-11-14T07:53:59.549+0000] {processor.py:914} INFO - Processing file /home/ubuntu/airflow-venv/lib/python3.12/site-packages/airflow/example_dags/example_outlet_event_extra.py for tasks to queue
[2024-11-14T07:53:59.550+0000] {logging_mixin.py:190} INFO - [2024-11-14T07:53:59.550+0000] {dagbag.py:588} INFO - Filling up the DagBag from /home/ubuntu/airflow-venv/lib/python3.12/site-packages/airflow/example_dags/example_outlet_event_extra.py
[2024-11-14T07:53:59.568+0000] {processor.py:925} INFO - DAG(s) 'dataset_with_extra_from_classic_operator', 'dataset_with_extra_by_context', 'dataset_with_extra_by_yield' retrieved from /home/ubuntu/airflow-venv/lib/python3.12/site-packages/airflow/example_dags/example_outlet_event_extra.py
[2024-11-14T07:53:59.590+0000] {logging_mixin.py:190} INFO - [2024-11-14T07:53:59.590+0000] {dag.py:3239} INFO - Sync 3 DAGs
[2024-11-14T07:53:59.613+0000] {logging_mixin.py:190} INFO - [2024-11-14T07:53:59.613+0000] {dag.py:4180} INFO - Setting next_dagrun for dataset_with_extra_by_context to 2024-11-13 00:00:00+00:00, run_after=2024-11-14 00:00:00+00:00
[2024-11-14T07:53:59.618+0000] {logging_mixin.py:190} INFO - [2024-11-14T07:53:59.618+0000] {dag.py:4180} INFO - Setting next_dagrun for dataset_with_extra_by_yield to 2024-11-13 00:00:00+00:00, run_after=2024-11-14 00:00:00+00:00
[2024-11-14T07:53:59.620+0000] {logging_mixin.py:190} INFO - [2024-11-14T07:53:59.620+0000] {dag.py:4180} INFO - Setting next_dagrun for dataset_with_extra_from_classic_operator to 2024-11-13 00:00:00+00:00, run_after=2024-11-14 00:00:00+00:00
[2024-11-14T07:53:59.647+0000] {processor.py:208} INFO - Processing /home/ubuntu/airflow-venv/lib/python3.12/site-packages/airflow/example_dags/example_outlet_event_extra.py took 0.113 seconds
[2024-11-14T07:55:00.663+0000] {processor.py:186} INFO - Started process (PID=4989) to work on /home/ubuntu/airflow-venv/lib/python3.12/site-packages/airflow/example_dags/example_outlet_event_extra.py
[2024-11-14T07:55:00.666+0000] {processor.py:914} INFO - Processing file /home/ubuntu/airflow-venv/lib/python3.12/site-packages/airflow/example_dags/example_outlet_event_extra.py for tasks to queue
[2024-11-14T07:55:00.668+0000] {logging_mixin.py:190} INFO - [2024-11-14T07:55:00.667+0000] {dagbag.py:588} INFO - Filling up the DagBag from /home/ubuntu/airflow-venv/lib/python3.12/site-packages/airflow/example_dags/example_outlet_event_extra.py
[2024-11-14T07:55:00.703+0000] {processor.py:925} INFO - DAG(s) 'dataset_with_extra_from_classic_operator', 'dataset_with_extra_by_context', 'dataset_with_extra_by_yield' retrieved from /home/ubuntu/airflow-venv/lib/python3.12/site-packages/airflow/example_dags/example_outlet_event_extra.py
[2024-11-14T07:55:00.745+0000] {logging_mixin.py:190} INFO - [2024-11-14T07:55:00.745+0000] {dag.py:3239} INFO - Sync 3 DAGs
[2024-11-14T07:55:00.790+0000] {logging_mixin.py:190} INFO - [2024-11-14T07:55:00.789+0000] {dag.py:4180} INFO - Setting next_dagrun for dataset_with_extra_by_context to 2024-11-13 00:00:00+00:00, run_after=2024-11-14 00:00:00+00:00
[2024-11-14T07:55:00.800+0000] {logging_mixin.py:190} INFO - [2024-11-14T07:55:00.800+0000] {dag.py:4180} INFO - Setting next_dagrun for dataset_with_extra_by_yield to 2024-11-13 00:00:00+00:00, run_after=2024-11-14 00:00:00+00:00
[2024-11-14T07:55:00.803+0000] {logging_mixin.py:190} INFO - [2024-11-14T07:55:00.803+0000] {dag.py:4180} INFO - Setting next_dagrun for dataset_with_extra_from_classic_operator to 2024-11-13 00:00:00+00:00, run_after=2024-11-14 00:00:00+00:00
[2024-11-14T07:55:00.846+0000] {processor.py:208} INFO - Processing /home/ubuntu/airflow-venv/lib/python3.12/site-packages/airflow/example_dags/example_outlet_event_extra.py took 0.191 seconds
[2024-11-14T07:56:02.102+0000] {processor.py:186} INFO - Started process (PID=5053) to work on /home/ubuntu/airflow-venv/lib/python3.12/site-packages/airflow/example_dags/example_outlet_event_extra.py
[2024-11-14T07:56:02.104+0000] {processor.py:914} INFO - Processing file /home/ubuntu/airflow-venv/lib/python3.12/site-packages/airflow/example_dags/example_outlet_event_extra.py for tasks to queue
[2024-11-14T07:56:02.105+0000] {logging_mixin.py:190} INFO - [2024-11-14T07:56:02.105+0000] {dagbag.py:588} INFO - Filling up the DagBag from /home/ubuntu/airflow-venv/lib/python3.12/site-packages/airflow/example_dags/example_outlet_event_extra.py
[2024-11-14T07:56:02.121+0000] {processor.py:925} INFO - DAG(s) 'dataset_with_extra_by_yield', 'dataset_with_extra_by_context', 'dataset_with_extra_from_classic_operator' retrieved from /home/ubuntu/airflow-venv/lib/python3.12/site-packages/airflow/example_dags/example_outlet_event_extra.py
[2024-11-14T07:56:02.145+0000] {logging_mixin.py:190} INFO - [2024-11-14T07:56:02.145+0000] {dag.py:3239} INFO - Sync 3 DAGs
[2024-11-14T07:56:02.175+0000] {logging_mixin.py:190} INFO - [2024-11-14T07:56:02.175+0000] {dag.py:4180} INFO - Setting next_dagrun for dataset_with_extra_by_context to 2024-11-13 00:00:00+00:00, run_after=2024-11-14 00:00:00+00:00
[2024-11-14T07:56:02.182+0000] {logging_mixin.py:190} INFO - [2024-11-14T07:56:02.182+0000] {dag.py:4180} INFO - Setting next_dagrun for dataset_with_extra_by_yield to 2024-11-13 00:00:00+00:00, run_after=2024-11-14 00:00:00+00:00
[2024-11-14T07:56:02.185+0000] {logging_mixin.py:190} INFO - [2024-11-14T07:56:02.185+0000] {dag.py:4180} INFO - Setting next_dagrun for dataset_with_extra_from_classic_operator to 2024-11-13 00:00:00+00:00, run_after=2024-11-14 00:00:00+00:00
[2024-11-14T07:56:02.221+0000] {processor.py:208} INFO - Processing /home/ubuntu/airflow-venv/lib/python3.12/site-packages/airflow/example_dags/example_outlet_event_extra.py took 0.132 seconds
[2024-11-14T07:57:01.696+0000] {processor.py:186} INFO - Started process (PID=5115) to work on /home/ubuntu/airflow-venv/lib/python3.12/site-packages/airflow/example_dags/example_outlet_event_extra.py
[2024-11-14T07:57:01.697+0000] {processor.py:914} INFO - Processing file /home/ubuntu/airflow-venv/lib/python3.12/site-packages/airflow/example_dags/example_outlet_event_extra.py for tasks to queue
[2024-11-14T07:57:01.699+0000] {logging_mixin.py:190} INFO - [2024-11-14T07:57:01.698+0000] {dagbag.py:588} INFO - Filling up the DagBag from /home/ubuntu/airflow-venv/lib/python3.12/site-packages/airflow/example_dags/example_outlet_event_extra.py
[2024-11-14T07:57:01.728+0000] {processor.py:925} INFO - DAG(s) 'dataset_with_extra_by_context', 'dataset_with_extra_by_yield', 'dataset_with_extra_from_classic_operator' retrieved from /home/ubuntu/airflow-venv/lib/python3.12/site-packages/airflow/example_dags/example_outlet_event_extra.py
[2024-11-14T07:57:01.756+0000] {logging_mixin.py:190} INFO - [2024-11-14T07:57:01.756+0000] {dag.py:3239} INFO - Sync 3 DAGs
[2024-11-14T07:57:01.783+0000] {logging_mixin.py:190} INFO - [2024-11-14T07:57:01.783+0000] {dag.py:4180} INFO - Setting next_dagrun for dataset_with_extra_by_context to 2024-11-13 00:00:00+00:00, run_after=2024-11-14 00:00:00+00:00
[2024-11-14T07:57:01.790+0000] {logging_mixin.py:190} INFO - [2024-11-14T07:57:01.789+0000] {dag.py:4180} INFO - Setting next_dagrun for dataset_with_extra_by_yield to 2024-11-13 00:00:00+00:00, run_after=2024-11-14 00:00:00+00:00
[2024-11-14T07:57:01.792+0000] {logging_mixin.py:190} INFO - [2024-11-14T07:57:01.792+0000] {dag.py:4180} INFO - Setting next_dagrun for dataset_with_extra_from_classic_operator to 2024-11-13 00:00:00+00:00, run_after=2024-11-14 00:00:00+00:00
[2024-11-14T07:57:01.824+0000] {processor.py:208} INFO - Processing /home/ubuntu/airflow-venv/lib/python3.12/site-packages/airflow/example_dags/example_outlet_event_extra.py took 0.144 seconds
[2024-11-14T07:58:01.543+0000] {processor.py:186} INFO - Started process (PID=5176) to work on /home/ubuntu/airflow-venv/lib/python3.12/site-packages/airflow/example_dags/example_outlet_event_extra.py
[2024-11-14T07:58:01.546+0000] {processor.py:914} INFO - Processing file /home/ubuntu/airflow-venv/lib/python3.12/site-packages/airflow/example_dags/example_outlet_event_extra.py for tasks to queue
[2024-11-14T07:58:01.549+0000] {logging_mixin.py:190} INFO - [2024-11-14T07:58:01.547+0000] {dagbag.py:588} INFO - Filling up the DagBag from /home/ubuntu/airflow-venv/lib/python3.12/site-packages/airflow/example_dags/example_outlet_event_extra.py
[2024-11-14T07:58:01.578+0000] {processor.py:925} INFO - DAG(s) 'dataset_with_extra_by_context', 'dataset_with_extra_from_classic_operator', 'dataset_with_extra_by_yield' retrieved from /home/ubuntu/airflow-venv/lib/python3.12/site-packages/airflow/example_dags/example_outlet_event_extra.py
[2024-11-14T07:58:01.611+0000] {logging_mixin.py:190} INFO - [2024-11-14T07:58:01.611+0000] {dag.py:3239} INFO - Sync 3 DAGs
[2024-11-14T07:58:01.650+0000] {logging_mixin.py:190} INFO - [2024-11-14T07:58:01.650+0000] {dag.py:4180} INFO - Setting next_dagrun for dataset_with_extra_by_context to 2024-11-13 00:00:00+00:00, run_after=2024-11-14 00:00:00+00:00
[2024-11-14T07:58:01.657+0000] {logging_mixin.py:190} INFO - [2024-11-14T07:58:01.657+0000] {dag.py:4180} INFO - Setting next_dagrun for dataset_with_extra_by_yield to 2024-11-13 00:00:00+00:00, run_after=2024-11-14 00:00:00+00:00
[2024-11-14T07:58:01.661+0000] {logging_mixin.py:190} INFO - [2024-11-14T07:58:01.661+0000] {dag.py:4180} INFO - Setting next_dagrun for dataset_with_extra_from_classic_operator to 2024-11-13 00:00:00+00:00, run_after=2024-11-14 00:00:00+00:00
[2024-11-14T07:58:01.701+0000] {processor.py:208} INFO - Processing /home/ubuntu/airflow-venv/lib/python3.12/site-packages/airflow/example_dags/example_outlet_event_extra.py took 0.170 seconds
[2024-11-14T07:59:01.290+0000] {processor.py:186} INFO - Started process (PID=5235) to work on /home/ubuntu/airflow-venv/lib/python3.12/site-packages/airflow/example_dags/example_outlet_event_extra.py
[2024-11-14T07:59:01.292+0000] {processor.py:914} INFO - Processing file /home/ubuntu/airflow-venv/lib/python3.12/site-packages/airflow/example_dags/example_outlet_event_extra.py for tasks to queue
[2024-11-14T07:59:01.294+0000] {logging_mixin.py:190} INFO - [2024-11-14T07:59:01.293+0000] {dagbag.py:588} INFO - Filling up the DagBag from /home/ubuntu/airflow-venv/lib/python3.12/site-packages/airflow/example_dags/example_outlet_event_extra.py
[2024-11-14T07:59:01.313+0000] {processor.py:925} INFO - DAG(s) 'dataset_with_extra_from_classic_operator', 'dataset_with_extra_by_yield', 'dataset_with_extra_by_context' retrieved from /home/ubuntu/airflow-venv/lib/python3.12/site-packages/airflow/example_dags/example_outlet_event_extra.py
[2024-11-14T07:59:01.338+0000] {logging_mixin.py:190} INFO - [2024-11-14T07:59:01.337+0000] {dag.py:3239} INFO - Sync 3 DAGs
[2024-11-14T07:59:01.363+0000] {logging_mixin.py:190} INFO - [2024-11-14T07:59:01.363+0000] {dag.py:4180} INFO - Setting next_dagrun for dataset_with_extra_by_context to 2024-11-13 00:00:00+00:00, run_after=2024-11-14 00:00:00+00:00
[2024-11-14T07:59:01.369+0000] {logging_mixin.py:190} INFO - [2024-11-14T07:59:01.369+0000] {dag.py:4180} INFO - Setting next_dagrun for dataset_with_extra_by_yield to 2024-11-13 00:00:00+00:00, run_after=2024-11-14 00:00:00+00:00
[2024-11-14T07:59:01.372+0000] {logging_mixin.py:190} INFO - [2024-11-14T07:59:01.372+0000] {dag.py:4180} INFO - Setting next_dagrun for dataset_with_extra_from_classic_operator to 2024-11-13 00:00:00+00:00, run_after=2024-11-14 00:00:00+00:00
[2024-11-14T07:59:01.406+0000] {processor.py:208} INFO - Processing /home/ubuntu/airflow-venv/lib/python3.12/site-packages/airflow/example_dags/example_outlet_event_extra.py took 0.123 seconds
[2024-11-14T08:00:02.192+0000] {processor.py:186} INFO - Started process (PID=5296) to work on /home/ubuntu/airflow-venv/lib/python3.12/site-packages/airflow/example_dags/example_outlet_event_extra.py
[2024-11-14T08:00:02.194+0000] {processor.py:914} INFO - Processing file /home/ubuntu/airflow-venv/lib/python3.12/site-packages/airflow/example_dags/example_outlet_event_extra.py for tasks to queue
[2024-11-14T08:00:02.196+0000] {logging_mixin.py:190} INFO - [2024-11-14T08:00:02.195+0000] {dagbag.py:588} INFO - Filling up the DagBag from /home/ubuntu/airflow-venv/lib/python3.12/site-packages/airflow/example_dags/example_outlet_event_extra.py
[2024-11-14T08:00:02.215+0000] {processor.py:925} INFO - DAG(s) 'dataset_with_extra_by_context', 'dataset_with_extra_by_yield', 'dataset_with_extra_from_classic_operator' retrieved from /home/ubuntu/airflow-venv/lib/python3.12/site-packages/airflow/example_dags/example_outlet_event_extra.py
[2024-11-14T08:00:02.240+0000] {logging_mixin.py:190} INFO - [2024-11-14T08:00:02.240+0000] {dag.py:3239} INFO - Sync 3 DAGs
[2024-11-14T08:00:02.311+0000] {logging_mixin.py:190} INFO - [2024-11-14T08:00:02.310+0000] {dag.py:4180} INFO - Setting next_dagrun for dataset_with_extra_by_context to 2024-11-13 00:00:00+00:00, run_after=2024-11-14 00:00:00+00:00
[2024-11-14T08:00:02.318+0000] {logging_mixin.py:190} INFO - [2024-11-14T08:00:02.317+0000] {dag.py:4180} INFO - Setting next_dagrun for dataset_with_extra_by_yield to 2024-11-13 00:00:00+00:00, run_after=2024-11-14 00:00:00+00:00
[2024-11-14T08:00:02.320+0000] {logging_mixin.py:190} INFO - [2024-11-14T08:00:02.320+0000] {dag.py:4180} INFO - Setting next_dagrun for dataset_with_extra_from_classic_operator to 2024-11-13 00:00:00+00:00, run_after=2024-11-14 00:00:00+00:00
[2024-11-14T08:00:02.369+0000] {processor.py:208} INFO - Processing /home/ubuntu/airflow-venv/lib/python3.12/site-packages/airflow/example_dags/example_outlet_event_extra.py took 0.186 seconds
[2024-11-14T08:01:00.887+0000] {processor.py:186} INFO - Started process (PID=5362) to work on /home/ubuntu/airflow-venv/lib/python3.12/site-packages/airflow/example_dags/example_outlet_event_extra.py
[2024-11-14T08:01:00.892+0000] {processor.py:914} INFO - Processing file /home/ubuntu/airflow-venv/lib/python3.12/site-packages/airflow/example_dags/example_outlet_event_extra.py for tasks to queue
[2024-11-14T08:01:00.895+0000] {logging_mixin.py:190} INFO - [2024-11-14T08:01:00.894+0000] {dagbag.py:588} INFO - Filling up the DagBag from /home/ubuntu/airflow-venv/lib/python3.12/site-packages/airflow/example_dags/example_outlet_event_extra.py
[2024-11-14T08:01:00.924+0000] {processor.py:925} INFO - DAG(s) 'dataset_with_extra_from_classic_operator', 'dataset_with_extra_by_yield', 'dataset_with_extra_by_context' retrieved from /home/ubuntu/airflow-venv/lib/python3.12/site-packages/airflow/example_dags/example_outlet_event_extra.py
[2024-11-14T08:01:00.967+0000] {logging_mixin.py:190} INFO - [2024-11-14T08:01:00.966+0000] {dag.py:3239} INFO - Sync 3 DAGs
[2024-11-14T08:01:01.036+0000] {logging_mixin.py:190} INFO - [2024-11-14T08:01:01.034+0000] {dag.py:4180} INFO - Setting next_dagrun for dataset_with_extra_by_context to 2024-11-13 00:00:00+00:00, run_after=2024-11-14 00:00:00+00:00
[2024-11-14T08:01:01.043+0000] {logging_mixin.py:190} INFO - [2024-11-14T08:01:01.043+0000] {dag.py:4180} INFO - Setting next_dagrun for dataset_with_extra_by_yield to 2024-11-13 00:00:00+00:00, run_after=2024-11-14 00:00:00+00:00
[2024-11-14T08:01:01.050+0000] {logging_mixin.py:190} INFO - [2024-11-14T08:01:01.050+0000] {dag.py:4180} INFO - Setting next_dagrun for dataset_with_extra_from_classic_operator to 2024-11-13 00:00:00+00:00, run_after=2024-11-14 00:00:00+00:00
[2024-11-14T08:01:01.100+0000] {processor.py:208} INFO - Processing /home/ubuntu/airflow-venv/lib/python3.12/site-packages/airflow/example_dags/example_outlet_event_extra.py took 0.224 seconds
[2024-11-14T08:02:02.091+0000] {processor.py:186} INFO - Started process (PID=5421) to work on /home/ubuntu/airflow-venv/lib/python3.12/site-packages/airflow/example_dags/example_outlet_event_extra.py
[2024-11-14T08:02:02.093+0000] {processor.py:914} INFO - Processing file /home/ubuntu/airflow-venv/lib/python3.12/site-packages/airflow/example_dags/example_outlet_event_extra.py for tasks to queue
[2024-11-14T08:02:02.094+0000] {logging_mixin.py:190} INFO - [2024-11-14T08:02:02.094+0000] {dagbag.py:588} INFO - Filling up the DagBag from /home/ubuntu/airflow-venv/lib/python3.12/site-packages/airflow/example_dags/example_outlet_event_extra.py
[2024-11-14T08:02:02.112+0000] {processor.py:925} INFO - DAG(s) 'dataset_with_extra_from_classic_operator', 'dataset_with_extra_by_context', 'dataset_with_extra_by_yield' retrieved from /home/ubuntu/airflow-venv/lib/python3.12/site-packages/airflow/example_dags/example_outlet_event_extra.py
[2024-11-14T08:02:02.139+0000] {logging_mixin.py:190} INFO - [2024-11-14T08:02:02.139+0000] {dag.py:3239} INFO - Sync 3 DAGs
[2024-11-14T08:02:02.167+0000] {logging_mixin.py:190} INFO - [2024-11-14T08:02:02.166+0000] {dag.py:4180} INFO - Setting next_dagrun for dataset_with_extra_by_context to 2024-11-13 00:00:00+00:00, run_after=2024-11-14 00:00:00+00:00
[2024-11-14T08:02:02.172+0000] {logging_mixin.py:190} INFO - [2024-11-14T08:02:02.171+0000] {dag.py:4180} INFO - Setting next_dagrun for dataset_with_extra_by_yield to 2024-11-13 00:00:00+00:00, run_after=2024-11-14 00:00:00+00:00
[2024-11-14T08:02:02.174+0000] {logging_mixin.py:190} INFO - [2024-11-14T08:02:02.174+0000] {dag.py:4180} INFO - Setting next_dagrun for dataset_with_extra_from_classic_operator to 2024-11-13 00:00:00+00:00, run_after=2024-11-14 00:00:00+00:00
[2024-11-14T08:02:02.201+0000] {processor.py:208} INFO - Processing /home/ubuntu/airflow-venv/lib/python3.12/site-packages/airflow/example_dags/example_outlet_event_extra.py took 0.117 seconds
[2024-11-14T08:03:03.004+0000] {processor.py:186} INFO - Started process (PID=5484) to work on /home/ubuntu/airflow-venv/lib/python3.12/site-packages/airflow/example_dags/example_outlet_event_extra.py
[2024-11-14T08:03:03.010+0000] {processor.py:914} INFO - Processing file /home/ubuntu/airflow-venv/lib/python3.12/site-packages/airflow/example_dags/example_outlet_event_extra.py for tasks to queue
[2024-11-14T08:03:03.013+0000] {logging_mixin.py:190} INFO - [2024-11-14T08:03:03.013+0000] {dagbag.py:588} INFO - Filling up the DagBag from /home/ubuntu/airflow-venv/lib/python3.12/site-packages/airflow/example_dags/example_outlet_event_extra.py
[2024-11-14T08:03:03.044+0000] {processor.py:925} INFO - DAG(s) 'dataset_with_extra_by_context', 'dataset_with_extra_by_yield', 'dataset_with_extra_from_classic_operator' retrieved from /home/ubuntu/airflow-venv/lib/python3.12/site-packages/airflow/example_dags/example_outlet_event_extra.py
[2024-11-14T08:03:03.081+0000] {logging_mixin.py:190} INFO - [2024-11-14T08:03:03.080+0000] {dag.py:3239} INFO - Sync 3 DAGs
[2024-11-14T08:03:03.106+0000] {logging_mixin.py:190} INFO - [2024-11-14T08:03:03.106+0000] {dag.py:4180} INFO - Setting next_dagrun for dataset_with_extra_by_context to 2024-11-13 00:00:00+00:00, run_after=2024-11-14 00:00:00+00:00
[2024-11-14T08:03:03.111+0000] {logging_mixin.py:190} INFO - [2024-11-14T08:03:03.111+0000] {dag.py:4180} INFO - Setting next_dagrun for dataset_with_extra_by_yield to 2024-11-13 00:00:00+00:00, run_after=2024-11-14 00:00:00+00:00
[2024-11-14T08:03:03.113+0000] {logging_mixin.py:190} INFO - [2024-11-14T08:03:03.113+0000] {dag.py:4180} INFO - Setting next_dagrun for dataset_with_extra_from_classic_operator to 2024-11-13 00:00:00+00:00, run_after=2024-11-14 00:00:00+00:00
[2024-11-14T08:03:03.142+0000] {processor.py:208} INFO - Processing /home/ubuntu/airflow-venv/lib/python3.12/site-packages/airflow/example_dags/example_outlet_event_extra.py took 0.145 seconds
