[2024-11-14T07:40:46.023+0000] {processor.py:186} INFO - Started process (PID=3688) to work on /home/ubuntu/airflow-venv/lib/python3.12/site-packages/airflow/example_dags/example_short_circuit_operator.py
[2024-11-14T07:40:46.024+0000] {processor.py:914} INFO - Processing file /home/ubuntu/airflow-venv/lib/python3.12/site-packages/airflow/example_dags/example_short_circuit_operator.py for tasks to queue
[2024-11-14T07:40:46.028+0000] {logging_mixin.py:190} INFO - [2024-11-14T07:40:46.027+0000] {dagbag.py:588} INFO - Filling up the DagBag from /home/ubuntu/airflow-venv/lib/python3.12/site-packages/airflow/example_dags/example_short_circuit_operator.py
[2024-11-14T07:40:46.042+0000] {processor.py:925} INFO - DAG(s) 'example_short_circuit_operator' retrieved from /home/ubuntu/airflow-venv/lib/python3.12/site-packages/airflow/example_dags/example_short_circuit_operator.py
[2024-11-14T07:40:46.169+0000] {logging_mixin.py:190} INFO - [2024-11-14T07:40:46.168+0000] {override.py:1911} INFO - Created Permission View: can delete on DAG:example_short_circuit_operator
[2024-11-14T07:40:46.185+0000] {logging_mixin.py:190} INFO - [2024-11-14T07:40:46.185+0000] {override.py:1911} INFO - Created Permission View: can read on DAG:example_short_circuit_operator
[2024-11-14T07:40:46.196+0000] {logging_mixin.py:190} INFO - [2024-11-14T07:40:46.196+0000] {override.py:1911} INFO - Created Permission View: can edit on DAG:example_short_circuit_operator
[2024-11-14T07:40:46.213+0000] {logging_mixin.py:190} INFO - [2024-11-14T07:40:46.213+0000] {override.py:1911} INFO - Created Permission View: can delete on DAG Run:example_short_circuit_operator
[2024-11-14T07:40:46.225+0000] {logging_mixin.py:190} INFO - [2024-11-14T07:40:46.224+0000] {override.py:1911} INFO - Created Permission View: can create on DAG Run:example_short_circuit_operator
[2024-11-14T07:40:46.237+0000] {logging_mixin.py:190} INFO - [2024-11-14T07:40:46.237+0000] {override.py:1911} INFO - Created Permission View: can read on DAG Run:example_short_circuit_operator
[2024-11-14T07:40:46.250+0000] {logging_mixin.py:190} INFO - [2024-11-14T07:40:46.250+0000] {override.py:1911} INFO - Created Permission View: menu access on DAG Run:example_short_circuit_operator
[2024-11-14T07:40:46.251+0000] {logging_mixin.py:190} INFO - [2024-11-14T07:40:46.251+0000] {dag.py:3239} INFO - Sync 1 DAGs
[2024-11-14T07:40:46.274+0000] {logging_mixin.py:190} INFO - [2024-11-14T07:40:46.274+0000] {dag.py:3262} INFO - Creating ORM DAG for example_short_circuit_operator
[2024-11-14T07:40:46.275+0000] {logging_mixin.py:190} INFO - [2024-11-14T07:40:46.275+0000] {dag.py:4180} INFO - Setting next_dagrun for example_short_circuit_operator to None, run_after=None
[2024-11-14T07:40:46.311+0000] {processor.py:208} INFO - Processing /home/ubuntu/airflow-venv/lib/python3.12/site-packages/airflow/example_dags/example_short_circuit_operator.py took 0.297 seconds
[2024-11-14T07:41:53.356+0000] {processor.py:186} INFO - Started process (PID=3749) to work on /home/ubuntu/airflow-venv/lib/python3.12/site-packages/airflow/example_dags/example_short_circuit_operator.py
[2024-11-14T07:41:53.357+0000] {processor.py:914} INFO - Processing file /home/ubuntu/airflow-venv/lib/python3.12/site-packages/airflow/example_dags/example_short_circuit_operator.py for tasks to queue
[2024-11-14T07:41:53.360+0000] {logging_mixin.py:190} INFO - [2024-11-14T07:41:53.360+0000] {dagbag.py:588} INFO - Filling up the DagBag from /home/ubuntu/airflow-venv/lib/python3.12/site-packages/airflow/example_dags/example_short_circuit_operator.py
[2024-11-14T07:41:53.369+0000] {processor.py:925} INFO - DAG(s) 'example_short_circuit_operator' retrieved from /home/ubuntu/airflow-venv/lib/python3.12/site-packages/airflow/example_dags/example_short_circuit_operator.py
[2024-11-14T07:41:53.389+0000] {logging_mixin.py:190} INFO - [2024-11-14T07:41:53.389+0000] {dag.py:3239} INFO - Sync 1 DAGs
[2024-11-14T07:41:53.402+0000] {logging_mixin.py:190} INFO - [2024-11-14T07:41:53.402+0000] {dag.py:4180} INFO - Setting next_dagrun for example_short_circuit_operator to None, run_after=None
[2024-11-14T07:41:53.425+0000] {processor.py:208} INFO - Processing /home/ubuntu/airflow-venv/lib/python3.12/site-packages/airflow/example_dags/example_short_circuit_operator.py took 0.074 seconds
[2024-11-14T07:42:49.536+0000] {processor.py:186} INFO - Started process (PID=3807) to work on /home/ubuntu/airflow-venv/lib/python3.12/site-packages/airflow/example_dags/example_short_circuit_operator.py
[2024-11-14T07:42:49.538+0000] {processor.py:914} INFO - Processing file /home/ubuntu/airflow-venv/lib/python3.12/site-packages/airflow/example_dags/example_short_circuit_operator.py for tasks to queue
[2024-11-14T07:42:49.540+0000] {logging_mixin.py:190} INFO - [2024-11-14T07:42:49.540+0000] {dagbag.py:588} INFO - Filling up the DagBag from /home/ubuntu/airflow-venv/lib/python3.12/site-packages/airflow/example_dags/example_short_circuit_operator.py
[2024-11-14T07:42:49.550+0000] {processor.py:925} INFO - DAG(s) 'example_short_circuit_operator' retrieved from /home/ubuntu/airflow-venv/lib/python3.12/site-packages/airflow/example_dags/example_short_circuit_operator.py
[2024-11-14T07:42:49.574+0000] {logging_mixin.py:190} INFO - [2024-11-14T07:42:49.573+0000] {dag.py:3239} INFO - Sync 1 DAGs
[2024-11-14T07:42:49.588+0000] {logging_mixin.py:190} INFO - [2024-11-14T07:42:49.588+0000] {dag.py:4180} INFO - Setting next_dagrun for example_short_circuit_operator to None, run_after=None
[2024-11-14T07:42:49.615+0000] {processor.py:208} INFO - Processing /home/ubuntu/airflow-venv/lib/python3.12/site-packages/airflow/example_dags/example_short_circuit_operator.py took 0.085 seconds
[2024-11-14T07:43:43.504+0000] {processor.py:186} INFO - Started process (PID=3861) to work on /home/ubuntu/airflow-venv/lib/python3.12/site-packages/airflow/example_dags/example_short_circuit_operator.py
[2024-11-14T07:43:43.506+0000] {processor.py:914} INFO - Processing file /home/ubuntu/airflow-venv/lib/python3.12/site-packages/airflow/example_dags/example_short_circuit_operator.py for tasks to queue
[2024-11-14T07:43:43.508+0000] {logging_mixin.py:190} INFO - [2024-11-14T07:43:43.508+0000] {dagbag.py:588} INFO - Filling up the DagBag from /home/ubuntu/airflow-venv/lib/python3.12/site-packages/airflow/example_dags/example_short_circuit_operator.py
[2024-11-14T07:43:43.518+0000] {processor.py:925} INFO - DAG(s) 'example_short_circuit_operator' retrieved from /home/ubuntu/airflow-venv/lib/python3.12/site-packages/airflow/example_dags/example_short_circuit_operator.py
[2024-11-14T07:43:43.539+0000] {logging_mixin.py:190} INFO - [2024-11-14T07:43:43.538+0000] {dag.py:3239} INFO - Sync 1 DAGs
[2024-11-14T07:43:43.552+0000] {logging_mixin.py:190} INFO - [2024-11-14T07:43:43.551+0000] {dag.py:4180} INFO - Setting next_dagrun for example_short_circuit_operator to None, run_after=None
[2024-11-14T07:43:43.573+0000] {processor.py:208} INFO - Processing /home/ubuntu/airflow-venv/lib/python3.12/site-packages/airflow/example_dags/example_short_circuit_operator.py took 0.075 seconds
[2024-11-14T07:44:41.782+0000] {processor.py:186} INFO - Started process (PID=3917) to work on /home/ubuntu/airflow-venv/lib/python3.12/site-packages/airflow/example_dags/example_short_circuit_operator.py
[2024-11-14T07:44:41.784+0000] {processor.py:914} INFO - Processing file /home/ubuntu/airflow-venv/lib/python3.12/site-packages/airflow/example_dags/example_short_circuit_operator.py for tasks to queue
[2024-11-14T07:44:41.790+0000] {logging_mixin.py:190} INFO - [2024-11-14T07:44:41.789+0000] {dagbag.py:588} INFO - Filling up the DagBag from /home/ubuntu/airflow-venv/lib/python3.12/site-packages/airflow/example_dags/example_short_circuit_operator.py
[2024-11-14T07:44:41.803+0000] {processor.py:925} INFO - DAG(s) 'example_short_circuit_operator' retrieved from /home/ubuntu/airflow-venv/lib/python3.12/site-packages/airflow/example_dags/example_short_circuit_operator.py
[2024-11-14T07:44:41.827+0000] {logging_mixin.py:190} INFO - [2024-11-14T07:44:41.827+0000] {dag.py:3239} INFO - Sync 1 DAGs
[2024-11-14T07:44:41.845+0000] {logging_mixin.py:190} INFO - [2024-11-14T07:44:41.845+0000] {dag.py:4180} INFO - Setting next_dagrun for example_short_circuit_operator to None, run_after=None
[2024-11-14T07:44:41.874+0000] {processor.py:208} INFO - Processing /home/ubuntu/airflow-venv/lib/python3.12/site-packages/airflow/example_dags/example_short_circuit_operator.py took 0.101 seconds
[2024-11-14T07:45:37.652+0000] {processor.py:186} INFO - Started process (PID=3977) to work on /home/ubuntu/airflow-venv/lib/python3.12/site-packages/airflow/example_dags/example_short_circuit_operator.py
[2024-11-14T07:45:37.653+0000] {processor.py:914} INFO - Processing file /home/ubuntu/airflow-venv/lib/python3.12/site-packages/airflow/example_dags/example_short_circuit_operator.py for tasks to queue
[2024-11-14T07:45:37.656+0000] {logging_mixin.py:190} INFO - [2024-11-14T07:45:37.655+0000] {dagbag.py:588} INFO - Filling up the DagBag from /home/ubuntu/airflow-venv/lib/python3.12/site-packages/airflow/example_dags/example_short_circuit_operator.py
[2024-11-14T07:45:37.666+0000] {processor.py:925} INFO - DAG(s) 'example_short_circuit_operator' retrieved from /home/ubuntu/airflow-venv/lib/python3.12/site-packages/airflow/example_dags/example_short_circuit_operator.py
[2024-11-14T07:45:37.689+0000] {logging_mixin.py:190} INFO - [2024-11-14T07:45:37.688+0000] {dag.py:3239} INFO - Sync 1 DAGs
[2024-11-14T07:45:37.702+0000] {logging_mixin.py:190} INFO - [2024-11-14T07:45:37.702+0000] {dag.py:4180} INFO - Setting next_dagrun for example_short_circuit_operator to None, run_after=None
[2024-11-14T07:45:37.730+0000] {processor.py:208} INFO - Processing /home/ubuntu/airflow-venv/lib/python3.12/site-packages/airflow/example_dags/example_short_circuit_operator.py took 0.085 seconds
[2024-11-14T07:46:29.800+0000] {processor.py:186} INFO - Started process (PID=4037) to work on /home/ubuntu/airflow-venv/lib/python3.12/site-packages/airflow/example_dags/example_short_circuit_operator.py
[2024-11-14T07:46:29.805+0000] {processor.py:914} INFO - Processing file /home/ubuntu/airflow-venv/lib/python3.12/site-packages/airflow/example_dags/example_short_circuit_operator.py for tasks to queue
[2024-11-14T07:46:29.809+0000] {logging_mixin.py:190} INFO - [2024-11-14T07:46:29.808+0000] {dagbag.py:588} INFO - Filling up the DagBag from /home/ubuntu/airflow-venv/lib/python3.12/site-packages/airflow/example_dags/example_short_circuit_operator.py
[2024-11-14T07:46:29.819+0000] {processor.py:925} INFO - DAG(s) 'example_short_circuit_operator' retrieved from /home/ubuntu/airflow-venv/lib/python3.12/site-packages/airflow/example_dags/example_short_circuit_operator.py
[2024-11-14T07:46:29.844+0000] {logging_mixin.py:190} INFO - [2024-11-14T07:46:29.843+0000] {dag.py:3239} INFO - Sync 1 DAGs
[2024-11-14T07:46:29.858+0000] {logging_mixin.py:190} INFO - [2024-11-14T07:46:29.858+0000] {dag.py:4180} INFO - Setting next_dagrun for example_short_circuit_operator to None, run_after=None
[2024-11-14T07:46:29.882+0000] {processor.py:208} INFO - Processing /home/ubuntu/airflow-venv/lib/python3.12/site-packages/airflow/example_dags/example_short_circuit_operator.py took 0.089 seconds
[2024-11-14T07:47:24.787+0000] {processor.py:186} INFO - Started process (PID=4219) to work on /home/ubuntu/airflow-venv/lib/python3.12/site-packages/airflow/example_dags/example_short_circuit_operator.py
[2024-11-14T07:47:24.790+0000] {processor.py:914} INFO - Processing file /home/ubuntu/airflow-venv/lib/python3.12/site-packages/airflow/example_dags/example_short_circuit_operator.py for tasks to queue
[2024-11-14T07:47:24.795+0000] {logging_mixin.py:190} INFO - [2024-11-14T07:47:24.794+0000] {dagbag.py:588} INFO - Filling up the DagBag from /home/ubuntu/airflow-venv/lib/python3.12/site-packages/airflow/example_dags/example_short_circuit_operator.py
[2024-11-14T07:47:24.815+0000] {processor.py:925} INFO - DAG(s) 'example_short_circuit_operator' retrieved from /home/ubuntu/airflow-venv/lib/python3.12/site-packages/airflow/example_dags/example_short_circuit_operator.py
[2024-11-14T07:47:24.856+0000] {logging_mixin.py:190} INFO - [2024-11-14T07:47:24.856+0000] {dag.py:3239} INFO - Sync 1 DAGs
[2024-11-14T07:47:24.876+0000] {logging_mixin.py:190} INFO - [2024-11-14T07:47:24.876+0000] {dag.py:4180} INFO - Setting next_dagrun for example_short_circuit_operator to None, run_after=None
[2024-11-14T07:47:24.907+0000] {processor.py:208} INFO - Processing /home/ubuntu/airflow-venv/lib/python3.12/site-packages/airflow/example_dags/example_short_circuit_operator.py took 0.133 seconds
[2024-11-14T07:48:27.762+0000] {processor.py:186} INFO - Started process (PID=4596) to work on /home/ubuntu/airflow-venv/lib/python3.12/site-packages/airflow/example_dags/example_short_circuit_operator.py
[2024-11-14T07:48:27.765+0000] {processor.py:914} INFO - Processing file /home/ubuntu/airflow-venv/lib/python3.12/site-packages/airflow/example_dags/example_short_circuit_operator.py for tasks to queue
[2024-11-14T07:48:27.771+0000] {logging_mixin.py:190} INFO - [2024-11-14T07:48:27.770+0000] {dagbag.py:588} INFO - Filling up the DagBag from /home/ubuntu/airflow-venv/lib/python3.12/site-packages/airflow/example_dags/example_short_circuit_operator.py
[2024-11-14T07:48:27.792+0000] {processor.py:925} INFO - DAG(s) 'example_short_circuit_operator' retrieved from /home/ubuntu/airflow-venv/lib/python3.12/site-packages/airflow/example_dags/example_short_circuit_operator.py
[2024-11-14T07:48:27.830+0000] {logging_mixin.py:190} INFO - [2024-11-14T07:48:27.830+0000] {dag.py:3239} INFO - Sync 1 DAGs
[2024-11-14T07:48:27.855+0000] {logging_mixin.py:190} INFO - [2024-11-14T07:48:27.855+0000] {dag.py:4180} INFO - Setting next_dagrun for example_short_circuit_operator to None, run_after=None
[2024-11-14T07:48:27.891+0000] {processor.py:208} INFO - Processing /home/ubuntu/airflow-venv/lib/python3.12/site-packages/airflow/example_dags/example_short_circuit_operator.py took 0.143 seconds
[2024-11-14T07:49:31.823+0000] {processor.py:186} INFO - Started process (PID=4656) to work on /home/ubuntu/airflow-venv/lib/python3.12/site-packages/airflow/example_dags/example_short_circuit_operator.py
[2024-11-14T07:49:31.826+0000] {processor.py:914} INFO - Processing file /home/ubuntu/airflow-venv/lib/python3.12/site-packages/airflow/example_dags/example_short_circuit_operator.py for tasks to queue
[2024-11-14T07:49:31.829+0000] {logging_mixin.py:190} INFO - [2024-11-14T07:49:31.829+0000] {dagbag.py:588} INFO - Filling up the DagBag from /home/ubuntu/airflow-venv/lib/python3.12/site-packages/airflow/example_dags/example_short_circuit_operator.py
[2024-11-14T07:49:31.841+0000] {processor.py:925} INFO - DAG(s) 'example_short_circuit_operator' retrieved from /home/ubuntu/airflow-venv/lib/python3.12/site-packages/airflow/example_dags/example_short_circuit_operator.py
[2024-11-14T07:49:31.873+0000] {logging_mixin.py:190} INFO - [2024-11-14T07:49:31.873+0000] {dag.py:3239} INFO - Sync 1 DAGs
[2024-11-14T07:49:31.889+0000] {logging_mixin.py:190} INFO - [2024-11-14T07:49:31.889+0000] {dag.py:4180} INFO - Setting next_dagrun for example_short_circuit_operator to None, run_after=None
[2024-11-14T07:49:31.922+0000] {processor.py:208} INFO - Processing /home/ubuntu/airflow-venv/lib/python3.12/site-packages/airflow/example_dags/example_short_circuit_operator.py took 0.115 seconds
[2024-11-14T07:50:32.281+0000] {processor.py:186} INFO - Started process (PID=4720) to work on /home/ubuntu/airflow-venv/lib/python3.12/site-packages/airflow/example_dags/example_short_circuit_operator.py
[2024-11-14T07:50:32.283+0000] {processor.py:914} INFO - Processing file /home/ubuntu/airflow-venv/lib/python3.12/site-packages/airflow/example_dags/example_short_circuit_operator.py for tasks to queue
[2024-11-14T07:50:32.284+0000] {logging_mixin.py:190} INFO - [2024-11-14T07:50:32.284+0000] {dagbag.py:588} INFO - Filling up the DagBag from /home/ubuntu/airflow-venv/lib/python3.12/site-packages/airflow/example_dags/example_short_circuit_operator.py
[2024-11-14T07:50:32.294+0000] {processor.py:925} INFO - DAG(s) 'example_short_circuit_operator' retrieved from /home/ubuntu/airflow-venv/lib/python3.12/site-packages/airflow/example_dags/example_short_circuit_operator.py
[2024-11-14T07:50:32.314+0000] {logging_mixin.py:190} INFO - [2024-11-14T07:50:32.314+0000] {dag.py:3239} INFO - Sync 1 DAGs
[2024-11-14T07:50:32.328+0000] {logging_mixin.py:190} INFO - [2024-11-14T07:50:32.328+0000] {dag.py:4180} INFO - Setting next_dagrun for example_short_circuit_operator to None, run_after=None
[2024-11-14T07:50:32.359+0000] {processor.py:208} INFO - Processing /home/ubuntu/airflow-venv/lib/python3.12/site-packages/airflow/example_dags/example_short_circuit_operator.py took 0.085 seconds
[2024-11-14T07:51:36.110+0000] {processor.py:186} INFO - Started process (PID=4783) to work on /home/ubuntu/airflow-venv/lib/python3.12/site-packages/airflow/example_dags/example_short_circuit_operator.py
[2024-11-14T07:51:36.113+0000] {processor.py:914} INFO - Processing file /home/ubuntu/airflow-venv/lib/python3.12/site-packages/airflow/example_dags/example_short_circuit_operator.py for tasks to queue
[2024-11-14T07:51:36.116+0000] {logging_mixin.py:190} INFO - [2024-11-14T07:51:36.115+0000] {dagbag.py:588} INFO - Filling up the DagBag from /home/ubuntu/airflow-venv/lib/python3.12/site-packages/airflow/example_dags/example_short_circuit_operator.py
[2024-11-14T07:51:36.132+0000] {processor.py:925} INFO - DAG(s) 'example_short_circuit_operator' retrieved from /home/ubuntu/airflow-venv/lib/python3.12/site-packages/airflow/example_dags/example_short_circuit_operator.py
[2024-11-14T07:51:36.168+0000] {logging_mixin.py:190} INFO - [2024-11-14T07:51:36.168+0000] {dag.py:3239} INFO - Sync 1 DAGs
[2024-11-14T07:51:36.184+0000] {logging_mixin.py:190} INFO - [2024-11-14T07:51:36.184+0000] {dag.py:4180} INFO - Setting next_dagrun for example_short_circuit_operator to None, run_after=None
[2024-11-14T07:51:36.213+0000] {processor.py:208} INFO - Processing /home/ubuntu/airflow-venv/lib/python3.12/site-packages/airflow/example_dags/example_short_circuit_operator.py took 0.113 seconds
[2024-11-14T07:52:36.905+0000] {processor.py:186} INFO - Started process (PID=4843) to work on /home/ubuntu/airflow-venv/lib/python3.12/site-packages/airflow/example_dags/example_short_circuit_operator.py
[2024-11-14T07:52:36.907+0000] {processor.py:914} INFO - Processing file /home/ubuntu/airflow-venv/lib/python3.12/site-packages/airflow/example_dags/example_short_circuit_operator.py for tasks to queue
[2024-11-14T07:52:36.909+0000] {logging_mixin.py:190} INFO - [2024-11-14T07:52:36.908+0000] {dagbag.py:588} INFO - Filling up the DagBag from /home/ubuntu/airflow-venv/lib/python3.12/site-packages/airflow/example_dags/example_short_circuit_operator.py
[2024-11-14T07:52:36.919+0000] {processor.py:925} INFO - DAG(s) 'example_short_circuit_operator' retrieved from /home/ubuntu/airflow-venv/lib/python3.12/site-packages/airflow/example_dags/example_short_circuit_operator.py
[2024-11-14T07:52:36.941+0000] {logging_mixin.py:190} INFO - [2024-11-14T07:52:36.940+0000] {dag.py:3239} INFO - Sync 1 DAGs
[2024-11-14T07:52:36.954+0000] {logging_mixin.py:190} INFO - [2024-11-14T07:52:36.954+0000] {dag.py:4180} INFO - Setting next_dagrun for example_short_circuit_operator to None, run_after=None
[2024-11-14T07:52:36.980+0000] {processor.py:208} INFO - Processing /home/ubuntu/airflow-venv/lib/python3.12/site-packages/airflow/example_dags/example_short_circuit_operator.py took 0.081 seconds
[2024-11-14T07:53:33.405+0000] {processor.py:186} INFO - Started process (PID=4903) to work on /home/ubuntu/airflow-venv/lib/python3.12/site-packages/airflow/example_dags/example_short_circuit_operator.py
[2024-11-14T07:53:33.407+0000] {processor.py:914} INFO - Processing file /home/ubuntu/airflow-venv/lib/python3.12/site-packages/airflow/example_dags/example_short_circuit_operator.py for tasks to queue
[2024-11-14T07:53:33.409+0000] {logging_mixin.py:190} INFO - [2024-11-14T07:53:33.408+0000] {dagbag.py:588} INFO - Filling up the DagBag from /home/ubuntu/airflow-venv/lib/python3.12/site-packages/airflow/example_dags/example_short_circuit_operator.py
[2024-11-14T07:53:33.419+0000] {processor.py:925} INFO - DAG(s) 'example_short_circuit_operator' retrieved from /home/ubuntu/airflow-venv/lib/python3.12/site-packages/airflow/example_dags/example_short_circuit_operator.py
[2024-11-14T07:53:33.441+0000] {logging_mixin.py:190} INFO - [2024-11-14T07:53:33.441+0000] {dag.py:3239} INFO - Sync 1 DAGs
[2024-11-14T07:53:33.455+0000] {logging_mixin.py:190} INFO - [2024-11-14T07:53:33.454+0000] {dag.py:4180} INFO - Setting next_dagrun for example_short_circuit_operator to None, run_after=None
[2024-11-14T07:53:33.492+0000] {processor.py:208} INFO - Processing /home/ubuntu/airflow-venv/lib/python3.12/site-packages/airflow/example_dags/example_short_circuit_operator.py took 0.094 seconds
[2024-11-14T07:54:35.574+0000] {processor.py:186} INFO - Started process (PID=4965) to work on /home/ubuntu/airflow-venv/lib/python3.12/site-packages/airflow/example_dags/example_short_circuit_operator.py
[2024-11-14T07:54:35.576+0000] {processor.py:914} INFO - Processing file /home/ubuntu/airflow-venv/lib/python3.12/site-packages/airflow/example_dags/example_short_circuit_operator.py for tasks to queue
[2024-11-14T07:54:35.579+0000] {logging_mixin.py:190} INFO - [2024-11-14T07:54:35.578+0000] {dagbag.py:588} INFO - Filling up the DagBag from /home/ubuntu/airflow-venv/lib/python3.12/site-packages/airflow/example_dags/example_short_circuit_operator.py
[2024-11-14T07:54:35.594+0000] {processor.py:925} INFO - DAG(s) 'example_short_circuit_operator' retrieved from /home/ubuntu/airflow-venv/lib/python3.12/site-packages/airflow/example_dags/example_short_circuit_operator.py
[2024-11-14T07:54:35.619+0000] {logging_mixin.py:190} INFO - [2024-11-14T07:54:35.618+0000] {dag.py:3239} INFO - Sync 1 DAGs
[2024-11-14T07:54:35.641+0000] {logging_mixin.py:190} INFO - [2024-11-14T07:54:35.640+0000] {dag.py:4180} INFO - Setting next_dagrun for example_short_circuit_operator to None, run_after=None
[2024-11-14T07:54:35.674+0000] {processor.py:208} INFO - Processing /home/ubuntu/airflow-venv/lib/python3.12/site-packages/airflow/example_dags/example_short_circuit_operator.py took 0.108 seconds
[2024-11-14T07:55:35.171+0000] {processor.py:186} INFO - Started process (PID=5028) to work on /home/ubuntu/airflow-venv/lib/python3.12/site-packages/airflow/example_dags/example_short_circuit_operator.py
[2024-11-14T07:55:35.174+0000] {processor.py:914} INFO - Processing file /home/ubuntu/airflow-venv/lib/python3.12/site-packages/airflow/example_dags/example_short_circuit_operator.py for tasks to queue
[2024-11-14T07:55:35.176+0000] {logging_mixin.py:190} INFO - [2024-11-14T07:55:35.175+0000] {dagbag.py:588} INFO - Filling up the DagBag from /home/ubuntu/airflow-venv/lib/python3.12/site-packages/airflow/example_dags/example_short_circuit_operator.py
[2024-11-14T07:55:35.201+0000] {processor.py:925} INFO - DAG(s) 'example_short_circuit_operator' retrieved from /home/ubuntu/airflow-venv/lib/python3.12/site-packages/airflow/example_dags/example_short_circuit_operator.py
[2024-11-14T07:55:35.237+0000] {logging_mixin.py:190} INFO - [2024-11-14T07:55:35.237+0000] {dag.py:3239} INFO - Sync 1 DAGs
[2024-11-14T07:55:35.261+0000] {logging_mixin.py:190} INFO - [2024-11-14T07:55:35.260+0000] {dag.py:4180} INFO - Setting next_dagrun for example_short_circuit_operator to None, run_after=None
[2024-11-14T07:55:35.298+0000] {processor.py:208} INFO - Processing /home/ubuntu/airflow-venv/lib/python3.12/site-packages/airflow/example_dags/example_short_circuit_operator.py took 0.144 seconds
[2024-11-14T07:56:36.250+0000] {processor.py:186} INFO - Started process (PID=5089) to work on /home/ubuntu/airflow-venv/lib/python3.12/site-packages/airflow/example_dags/example_short_circuit_operator.py
[2024-11-14T07:56:36.252+0000] {processor.py:914} INFO - Processing file /home/ubuntu/airflow-venv/lib/python3.12/site-packages/airflow/example_dags/example_short_circuit_operator.py for tasks to queue
[2024-11-14T07:56:36.253+0000] {logging_mixin.py:190} INFO - [2024-11-14T07:56:36.253+0000] {dagbag.py:588} INFO - Filling up the DagBag from /home/ubuntu/airflow-venv/lib/python3.12/site-packages/airflow/example_dags/example_short_circuit_operator.py
[2024-11-14T07:56:36.266+0000] {processor.py:925} INFO - DAG(s) 'example_short_circuit_operator' retrieved from /home/ubuntu/airflow-venv/lib/python3.12/site-packages/airflow/example_dags/example_short_circuit_operator.py
[2024-11-14T07:56:36.292+0000] {logging_mixin.py:190} INFO - [2024-11-14T07:56:36.291+0000] {dag.py:3239} INFO - Sync 1 DAGs
[2024-11-14T07:56:36.309+0000] {logging_mixin.py:190} INFO - [2024-11-14T07:56:36.308+0000] {dag.py:4180} INFO - Setting next_dagrun for example_short_circuit_operator to None, run_after=None
[2024-11-14T07:56:36.347+0000] {processor.py:208} INFO - Processing /home/ubuntu/airflow-venv/lib/python3.12/site-packages/airflow/example_dags/example_short_circuit_operator.py took 0.105 seconds
[2024-11-14T07:57:36.626+0000] {processor.py:186} INFO - Started process (PID=5151) to work on /home/ubuntu/airflow-venv/lib/python3.12/site-packages/airflow/example_dags/example_short_circuit_operator.py
[2024-11-14T07:57:36.628+0000] {processor.py:914} INFO - Processing file /home/ubuntu/airflow-venv/lib/python3.12/site-packages/airflow/example_dags/example_short_circuit_operator.py for tasks to queue
[2024-11-14T07:57:36.630+0000] {logging_mixin.py:190} INFO - [2024-11-14T07:57:36.630+0000] {dagbag.py:588} INFO - Filling up the DagBag from /home/ubuntu/airflow-venv/lib/python3.12/site-packages/airflow/example_dags/example_short_circuit_operator.py
[2024-11-14T07:57:36.641+0000] {processor.py:925} INFO - DAG(s) 'example_short_circuit_operator' retrieved from /home/ubuntu/airflow-venv/lib/python3.12/site-packages/airflow/example_dags/example_short_circuit_operator.py
[2024-11-14T07:57:36.663+0000] {logging_mixin.py:190} INFO - [2024-11-14T07:57:36.662+0000] {dag.py:3239} INFO - Sync 1 DAGs
[2024-11-14T07:57:36.678+0000] {logging_mixin.py:190} INFO - [2024-11-14T07:57:36.678+0000] {dag.py:4180} INFO - Setting next_dagrun for example_short_circuit_operator to None, run_after=None
[2024-11-14T07:57:36.702+0000] {processor.py:208} INFO - Processing /home/ubuntu/airflow-venv/lib/python3.12/site-packages/airflow/example_dags/example_short_circuit_operator.py took 0.082 seconds
[2024-11-14T07:58:36.502+0000] {processor.py:186} INFO - Started process (PID=5211) to work on /home/ubuntu/airflow-venv/lib/python3.12/site-packages/airflow/example_dags/example_short_circuit_operator.py
[2024-11-14T07:58:36.507+0000] {processor.py:914} INFO - Processing file /home/ubuntu/airflow-venv/lib/python3.12/site-packages/airflow/example_dags/example_short_circuit_operator.py for tasks to queue
[2024-11-14T07:58:36.515+0000] {logging_mixin.py:190} INFO - [2024-11-14T07:58:36.514+0000] {dagbag.py:588} INFO - Filling up the DagBag from /home/ubuntu/airflow-venv/lib/python3.12/site-packages/airflow/example_dags/example_short_circuit_operator.py
[2024-11-14T07:58:36.531+0000] {processor.py:925} INFO - DAG(s) 'example_short_circuit_operator' retrieved from /home/ubuntu/airflow-venv/lib/python3.12/site-packages/airflow/example_dags/example_short_circuit_operator.py
[2024-11-14T07:58:36.574+0000] {logging_mixin.py:190} INFO - [2024-11-14T07:58:36.574+0000] {dag.py:3239} INFO - Sync 1 DAGs
[2024-11-14T07:58:36.592+0000] {logging_mixin.py:190} INFO - [2024-11-14T07:58:36.592+0000] {dag.py:4180} INFO - Setting next_dagrun for example_short_circuit_operator to None, run_after=None
[2024-11-14T07:58:36.635+0000] {processor.py:208} INFO - Processing /home/ubuntu/airflow-venv/lib/python3.12/site-packages/airflow/example_dags/example_short_circuit_operator.py took 0.147 seconds
[2024-11-14T07:59:36.719+0000] {processor.py:186} INFO - Started process (PID=5271) to work on /home/ubuntu/airflow-venv/lib/python3.12/site-packages/airflow/example_dags/example_short_circuit_operator.py
[2024-11-14T07:59:36.720+0000] {processor.py:914} INFO - Processing file /home/ubuntu/airflow-venv/lib/python3.12/site-packages/airflow/example_dags/example_short_circuit_operator.py for tasks to queue
[2024-11-14T07:59:36.723+0000] {logging_mixin.py:190} INFO - [2024-11-14T07:59:36.722+0000] {dagbag.py:588} INFO - Filling up the DagBag from /home/ubuntu/airflow-venv/lib/python3.12/site-packages/airflow/example_dags/example_short_circuit_operator.py
[2024-11-14T07:59:36.734+0000] {processor.py:925} INFO - DAG(s) 'example_short_circuit_operator' retrieved from /home/ubuntu/airflow-venv/lib/python3.12/site-packages/airflow/example_dags/example_short_circuit_operator.py
[2024-11-14T07:59:36.755+0000] {logging_mixin.py:190} INFO - [2024-11-14T07:59:36.754+0000] {dag.py:3239} INFO - Sync 1 DAGs
[2024-11-14T07:59:36.769+0000] {logging_mixin.py:190} INFO - [2024-11-14T07:59:36.769+0000] {dag.py:4180} INFO - Setting next_dagrun for example_short_circuit_operator to None, run_after=None
[2024-11-14T07:59:36.791+0000] {processor.py:208} INFO - Processing /home/ubuntu/airflow-venv/lib/python3.12/site-packages/airflow/example_dags/example_short_circuit_operator.py took 0.078 seconds
[2024-11-14T08:00:37.373+0000] {processor.py:186} INFO - Started process (PID=5333) to work on /home/ubuntu/airflow-venv/lib/python3.12/site-packages/airflow/example_dags/example_short_circuit_operator.py
[2024-11-14T08:00:37.375+0000] {processor.py:914} INFO - Processing file /home/ubuntu/airflow-venv/lib/python3.12/site-packages/airflow/example_dags/example_short_circuit_operator.py for tasks to queue
[2024-11-14T08:00:37.378+0000] {logging_mixin.py:190} INFO - [2024-11-14T08:00:37.377+0000] {dagbag.py:588} INFO - Filling up the DagBag from /home/ubuntu/airflow-venv/lib/python3.12/site-packages/airflow/example_dags/example_short_circuit_operator.py
[2024-11-14T08:00:37.389+0000] {processor.py:925} INFO - DAG(s) 'example_short_circuit_operator' retrieved from /home/ubuntu/airflow-venv/lib/python3.12/site-packages/airflow/example_dags/example_short_circuit_operator.py
[2024-11-14T08:00:37.413+0000] {logging_mixin.py:190} INFO - [2024-11-14T08:00:37.413+0000] {dag.py:3239} INFO - Sync 1 DAGs
[2024-11-14T08:00:37.429+0000] {logging_mixin.py:190} INFO - [2024-11-14T08:00:37.429+0000] {dag.py:4180} INFO - Setting next_dagrun for example_short_circuit_operator to None, run_after=None
[2024-11-14T08:00:37.459+0000] {processor.py:208} INFO - Processing /home/ubuntu/airflow-venv/lib/python3.12/site-packages/airflow/example_dags/example_short_circuit_operator.py took 0.093 seconds
[2024-11-14T08:01:36.706+0000] {processor.py:186} INFO - Started process (PID=5397) to work on /home/ubuntu/airflow-venv/lib/python3.12/site-packages/airflow/example_dags/example_short_circuit_operator.py
[2024-11-14T08:01:36.708+0000] {processor.py:914} INFO - Processing file /home/ubuntu/airflow-venv/lib/python3.12/site-packages/airflow/example_dags/example_short_circuit_operator.py for tasks to queue
[2024-11-14T08:01:36.710+0000] {logging_mixin.py:190} INFO - [2024-11-14T08:01:36.710+0000] {dagbag.py:588} INFO - Filling up the DagBag from /home/ubuntu/airflow-venv/lib/python3.12/site-packages/airflow/example_dags/example_short_circuit_operator.py
[2024-11-14T08:01:36.722+0000] {processor.py:925} INFO - DAG(s) 'example_short_circuit_operator' retrieved from /home/ubuntu/airflow-venv/lib/python3.12/site-packages/airflow/example_dags/example_short_circuit_operator.py
[2024-11-14T08:01:36.747+0000] {logging_mixin.py:190} INFO - [2024-11-14T08:01:36.746+0000] {dag.py:3239} INFO - Sync 1 DAGs
[2024-11-14T08:01:36.767+0000] {logging_mixin.py:190} INFO - [2024-11-14T08:01:36.766+0000] {dag.py:4180} INFO - Setting next_dagrun for example_short_circuit_operator to None, run_after=None
[2024-11-14T08:01:36.791+0000] {processor.py:208} INFO - Processing /home/ubuntu/airflow-venv/lib/python3.12/site-packages/airflow/example_dags/example_short_circuit_operator.py took 0.093 seconds
[2024-11-14T08:02:36.301+0000] {processor.py:186} INFO - Started process (PID=5459) to work on /home/ubuntu/airflow-venv/lib/python3.12/site-packages/airflow/example_dags/example_short_circuit_operator.py
[2024-11-14T08:02:36.303+0000] {processor.py:914} INFO - Processing file /home/ubuntu/airflow-venv/lib/python3.12/site-packages/airflow/example_dags/example_short_circuit_operator.py for tasks to queue
[2024-11-14T08:02:36.305+0000] {logging_mixin.py:190} INFO - [2024-11-14T08:02:36.304+0000] {dagbag.py:588} INFO - Filling up the DagBag from /home/ubuntu/airflow-venv/lib/python3.12/site-packages/airflow/example_dags/example_short_circuit_operator.py
[2024-11-14T08:02:36.316+0000] {processor.py:925} INFO - DAG(s) 'example_short_circuit_operator' retrieved from /home/ubuntu/airflow-venv/lib/python3.12/site-packages/airflow/example_dags/example_short_circuit_operator.py
[2024-11-14T08:02:36.337+0000] {logging_mixin.py:190} INFO - [2024-11-14T08:02:36.337+0000] {dag.py:3239} INFO - Sync 1 DAGs
[2024-11-14T08:02:36.350+0000] {logging_mixin.py:190} INFO - [2024-11-14T08:02:36.350+0000] {dag.py:4180} INFO - Setting next_dagrun for example_short_circuit_operator to None, run_after=None
[2024-11-14T08:02:36.376+0000] {processor.py:208} INFO - Processing /home/ubuntu/airflow-venv/lib/python3.12/site-packages/airflow/example_dags/example_short_circuit_operator.py took 0.081 seconds
