[2024-11-14T07:40:56.656+0000] {processor.py:186} INFO - Started process (PID=3701) to work on /home/ubuntu/airflow-venv/lib/python3.12/site-packages/airflow/example_dags/example_python_decorator.py
[2024-11-14T07:40:56.657+0000] {processor.py:914} INFO - Processing file /home/ubuntu/airflow-venv/lib/python3.12/site-packages/airflow/example_dags/example_python_decorator.py for tasks to queue
[2024-11-14T07:40:56.660+0000] {logging_mixin.py:190} INFO - [2024-11-14T07:40:56.659+0000] {dagbag.py:588} INFO - Filling up the DagBag from /home/ubuntu/airflow-venv/lib/python3.12/site-packages/airflow/example_dags/example_python_decorator.py
[2024-11-14T07:40:56.672+0000] {logging_mixin.py:190} INFO - [2024-11-14T07:40:56.672+0000] {example_python_decorator.py:80} WARNING - The virtalenv_python example task requires virtualenv, please install it.
[2024-11-14T07:40:56.675+0000] {processor.py:925} INFO - DAG(s) 'example_python_decorator' retrieved from /home/ubuntu/airflow-venv/lib/python3.12/site-packages/airflow/example_dags/example_python_decorator.py
[2024-11-14T07:40:56.797+0000] {logging_mixin.py:190} INFO - [2024-11-14T07:40:56.796+0000] {override.py:1911} INFO - Created Permission View: can delete on DAG:example_python_decorator
[2024-11-14T07:40:56.811+0000] {logging_mixin.py:190} INFO - [2024-11-14T07:40:56.810+0000] {override.py:1911} INFO - Created Permission View: can read on DAG:example_python_decorator
[2024-11-14T07:40:56.821+0000] {logging_mixin.py:190} INFO - [2024-11-14T07:40:56.821+0000] {override.py:1911} INFO - Created Permission View: can edit on DAG:example_python_decorator
[2024-11-14T07:40:56.839+0000] {logging_mixin.py:190} INFO - [2024-11-14T07:40:56.838+0000] {override.py:1911} INFO - Created Permission View: can delete on DAG Run:example_python_decorator
[2024-11-14T07:40:56.851+0000] {logging_mixin.py:190} INFO - [2024-11-14T07:40:56.850+0000] {override.py:1911} INFO - Created Permission View: can create on DAG Run:example_python_decorator
[2024-11-14T07:40:56.862+0000] {logging_mixin.py:190} INFO - [2024-11-14T07:40:56.862+0000] {override.py:1911} INFO - Created Permission View: can read on DAG Run:example_python_decorator
[2024-11-14T07:40:56.872+0000] {logging_mixin.py:190} INFO - [2024-11-14T07:40:56.872+0000] {override.py:1911} INFO - Created Permission View: menu access on DAG Run:example_python_decorator
[2024-11-14T07:40:56.873+0000] {logging_mixin.py:190} INFO - [2024-11-14T07:40:56.873+0000] {dag.py:3239} INFO - Sync 1 DAGs
[2024-11-14T07:40:56.885+0000] {logging_mixin.py:190} INFO - [2024-11-14T07:40:56.885+0000] {dag.py:3262} INFO - Creating ORM DAG for example_python_decorator
[2024-11-14T07:40:56.886+0000] {logging_mixin.py:190} INFO - [2024-11-14T07:40:56.886+0000] {dag.py:4180} INFO - Setting next_dagrun for example_python_decorator to None, run_after=None
[2024-11-14T07:40:56.910+0000] {processor.py:208} INFO - Processing /home/ubuntu/airflow-venv/lib/python3.12/site-packages/airflow/example_dags/example_python_decorator.py took 0.261 seconds
[2024-11-14T07:42:02.521+0000] {processor.py:186} INFO - Started process (PID=3758) to work on /home/ubuntu/airflow-venv/lib/python3.12/site-packages/airflow/example_dags/example_python_decorator.py
[2024-11-14T07:42:02.523+0000] {processor.py:914} INFO - Processing file /home/ubuntu/airflow-venv/lib/python3.12/site-packages/airflow/example_dags/example_python_decorator.py for tasks to queue
[2024-11-14T07:42:02.526+0000] {logging_mixin.py:190} INFO - [2024-11-14T07:42:02.525+0000] {dagbag.py:588} INFO - Filling up the DagBag from /home/ubuntu/airflow-venv/lib/python3.12/site-packages/airflow/example_dags/example_python_decorator.py
[2024-11-14T07:42:02.550+0000] {logging_mixin.py:190} INFO - [2024-11-14T07:42:02.549+0000] {example_python_decorator.py:80} WARNING - The virtalenv_python example task requires virtualenv, please install it.
[2024-11-14T07:42:02.554+0000] {processor.py:925} INFO - DAG(s) 'example_python_decorator' retrieved from /home/ubuntu/airflow-venv/lib/python3.12/site-packages/airflow/example_dags/example_python_decorator.py
[2024-11-14T07:42:02.602+0000] {logging_mixin.py:190} INFO - [2024-11-14T07:42:02.602+0000] {dag.py:3239} INFO - Sync 1 DAGs
[2024-11-14T07:42:02.620+0000] {logging_mixin.py:190} INFO - [2024-11-14T07:42:02.619+0000] {dag.py:4180} INFO - Setting next_dagrun for example_python_decorator to None, run_after=None
[2024-11-14T07:42:02.652+0000] {processor.py:208} INFO - Processing /home/ubuntu/airflow-venv/lib/python3.12/site-packages/airflow/example_dags/example_python_decorator.py took 0.141 seconds
[2024-11-14T07:42:59.474+0000] {processor.py:186} INFO - Started process (PID=3816) to work on /home/ubuntu/airflow-venv/lib/python3.12/site-packages/airflow/example_dags/example_python_decorator.py
[2024-11-14T07:42:59.475+0000] {processor.py:914} INFO - Processing file /home/ubuntu/airflow-venv/lib/python3.12/site-packages/airflow/example_dags/example_python_decorator.py for tasks to queue
[2024-11-14T07:42:59.480+0000] {logging_mixin.py:190} INFO - [2024-11-14T07:42:59.479+0000] {dagbag.py:588} INFO - Filling up the DagBag from /home/ubuntu/airflow-venv/lib/python3.12/site-packages/airflow/example_dags/example_python_decorator.py
[2024-11-14T07:42:59.490+0000] {logging_mixin.py:190} INFO - [2024-11-14T07:42:59.490+0000] {example_python_decorator.py:80} WARNING - The virtalenv_python example task requires virtualenv, please install it.
[2024-11-14T07:42:59.494+0000] {processor.py:925} INFO - DAG(s) 'example_python_decorator' retrieved from /home/ubuntu/airflow-venv/lib/python3.12/site-packages/airflow/example_dags/example_python_decorator.py
[2024-11-14T07:42:59.526+0000] {logging_mixin.py:190} INFO - [2024-11-14T07:42:59.526+0000] {dag.py:3239} INFO - Sync 1 DAGs
[2024-11-14T07:42:59.543+0000] {logging_mixin.py:190} INFO - [2024-11-14T07:42:59.542+0000] {dag.py:4180} INFO - Setting next_dagrun for example_python_decorator to None, run_after=None
[2024-11-14T07:42:59.565+0000] {processor.py:208} INFO - Processing /home/ubuntu/airflow-venv/lib/python3.12/site-packages/airflow/example_dags/example_python_decorator.py took 0.099 seconds
[2024-11-14T07:44:01.964+0000] {processor.py:186} INFO - Started process (PID=3879) to work on /home/ubuntu/airflow-venv/lib/python3.12/site-packages/airflow/example_dags/example_python_decorator.py
[2024-11-14T07:44:01.965+0000] {processor.py:914} INFO - Processing file /home/ubuntu/airflow-venv/lib/python3.12/site-packages/airflow/example_dags/example_python_decorator.py for tasks to queue
[2024-11-14T07:44:01.968+0000] {logging_mixin.py:190} INFO - [2024-11-14T07:44:01.967+0000] {dagbag.py:588} INFO - Filling up the DagBag from /home/ubuntu/airflow-venv/lib/python3.12/site-packages/airflow/example_dags/example_python_decorator.py
[2024-11-14T07:44:01.978+0000] {logging_mixin.py:190} INFO - [2024-11-14T07:44:01.978+0000] {example_python_decorator.py:80} WARNING - The virtalenv_python example task requires virtualenv, please install it.
[2024-11-14T07:44:01.980+0000] {processor.py:925} INFO - DAG(s) 'example_python_decorator' retrieved from /home/ubuntu/airflow-venv/lib/python3.12/site-packages/airflow/example_dags/example_python_decorator.py
[2024-11-14T07:44:02.007+0000] {logging_mixin.py:190} INFO - [2024-11-14T07:44:02.007+0000] {dag.py:3239} INFO - Sync 1 DAGs
[2024-11-14T07:44:02.022+0000] {logging_mixin.py:190} INFO - [2024-11-14T07:44:02.022+0000] {dag.py:4180} INFO - Setting next_dagrun for example_python_decorator to None, run_after=None
[2024-11-14T07:44:02.057+0000] {processor.py:208} INFO - Processing /home/ubuntu/airflow-venv/lib/python3.12/site-packages/airflow/example_dags/example_python_decorator.py took 0.100 seconds
[2024-11-14T07:45:00.541+0000] {processor.py:186} INFO - Started process (PID=3936) to work on /home/ubuntu/airflow-venv/lib/python3.12/site-packages/airflow/example_dags/example_python_decorator.py
[2024-11-14T07:45:00.543+0000] {processor.py:914} INFO - Processing file /home/ubuntu/airflow-venv/lib/python3.12/site-packages/airflow/example_dags/example_python_decorator.py for tasks to queue
[2024-11-14T07:45:00.546+0000] {logging_mixin.py:190} INFO - [2024-11-14T07:45:00.545+0000] {dagbag.py:588} INFO - Filling up the DagBag from /home/ubuntu/airflow-venv/lib/python3.12/site-packages/airflow/example_dags/example_python_decorator.py
[2024-11-14T07:45:00.557+0000] {logging_mixin.py:190} INFO - [2024-11-14T07:45:00.557+0000] {example_python_decorator.py:80} WARNING - The virtalenv_python example task requires virtualenv, please install it.
[2024-11-14T07:45:00.560+0000] {processor.py:925} INFO - DAG(s) 'example_python_decorator' retrieved from /home/ubuntu/airflow-venv/lib/python3.12/site-packages/airflow/example_dags/example_python_decorator.py
[2024-11-14T07:45:00.584+0000] {logging_mixin.py:190} INFO - [2024-11-14T07:45:00.583+0000] {dag.py:3239} INFO - Sync 1 DAGs
[2024-11-14T07:45:00.601+0000] {logging_mixin.py:190} INFO - [2024-11-14T07:45:00.601+0000] {dag.py:4180} INFO - Setting next_dagrun for example_python_decorator to None, run_after=None
[2024-11-14T07:45:00.631+0000] {processor.py:208} INFO - Processing /home/ubuntu/airflow-venv/lib/python3.12/site-packages/airflow/example_dags/example_python_decorator.py took 0.097 seconds
[2024-11-14T07:45:54.340+0000] {processor.py:186} INFO - Started process (PID=3994) to work on /home/ubuntu/airflow-venv/lib/python3.12/site-packages/airflow/example_dags/example_python_decorator.py
[2024-11-14T07:45:54.341+0000] {processor.py:914} INFO - Processing file /home/ubuntu/airflow-venv/lib/python3.12/site-packages/airflow/example_dags/example_python_decorator.py for tasks to queue
[2024-11-14T07:45:54.344+0000] {logging_mixin.py:190} INFO - [2024-11-14T07:45:54.343+0000] {dagbag.py:588} INFO - Filling up the DagBag from /home/ubuntu/airflow-venv/lib/python3.12/site-packages/airflow/example_dags/example_python_decorator.py
[2024-11-14T07:45:54.353+0000] {logging_mixin.py:190} INFO - [2024-11-14T07:45:54.353+0000] {example_python_decorator.py:80} WARNING - The virtalenv_python example task requires virtualenv, please install it.
[2024-11-14T07:45:54.356+0000] {processor.py:925} INFO - DAG(s) 'example_python_decorator' retrieved from /home/ubuntu/airflow-venv/lib/python3.12/site-packages/airflow/example_dags/example_python_decorator.py
[2024-11-14T07:45:54.380+0000] {logging_mixin.py:190} INFO - [2024-11-14T07:45:54.380+0000] {dag.py:3239} INFO - Sync 1 DAGs
[2024-11-14T07:45:54.393+0000] {logging_mixin.py:190} INFO - [2024-11-14T07:45:54.393+0000] {dag.py:4180} INFO - Setting next_dagrun for example_python_decorator to None, run_after=None
[2024-11-14T07:45:54.417+0000] {processor.py:208} INFO - Processing /home/ubuntu/airflow-venv/lib/python3.12/site-packages/airflow/example_dags/example_python_decorator.py took 0.083 seconds
[2024-11-14T07:46:48.143+0000] {processor.py:186} INFO - Started process (PID=4055) to work on /home/ubuntu/airflow-venv/lib/python3.12/site-packages/airflow/example_dags/example_python_decorator.py
[2024-11-14T07:46:48.147+0000] {processor.py:914} INFO - Processing file /home/ubuntu/airflow-venv/lib/python3.12/site-packages/airflow/example_dags/example_python_decorator.py for tasks to queue
[2024-11-14T07:46:48.154+0000] {logging_mixin.py:190} INFO - [2024-11-14T07:46:48.154+0000] {dagbag.py:588} INFO - Filling up the DagBag from /home/ubuntu/airflow-venv/lib/python3.12/site-packages/airflow/example_dags/example_python_decorator.py
[2024-11-14T07:46:48.179+0000] {logging_mixin.py:190} INFO - [2024-11-14T07:46:48.178+0000] {example_python_decorator.py:80} WARNING - The virtalenv_python example task requires virtualenv, please install it.
[2024-11-14T07:46:48.187+0000] {processor.py:925} INFO - DAG(s) 'example_python_decorator' retrieved from /home/ubuntu/airflow-venv/lib/python3.12/site-packages/airflow/example_dags/example_python_decorator.py
[2024-11-14T07:46:48.214+0000] {logging_mixin.py:190} INFO - [2024-11-14T07:46:48.214+0000] {dag.py:3239} INFO - Sync 1 DAGs
[2024-11-14T07:46:48.229+0000] {logging_mixin.py:190} INFO - [2024-11-14T07:46:48.229+0000] {dag.py:4180} INFO - Setting next_dagrun for example_python_decorator to None, run_after=None
[2024-11-14T07:46:48.262+0000] {processor.py:208} INFO - Processing /home/ubuntu/airflow-venv/lib/python3.12/site-packages/airflow/example_dags/example_python_decorator.py took 0.132 seconds
[2024-11-14T07:47:43.727+0000] {processor.py:186} INFO - Started process (PID=4270) to work on /home/ubuntu/airflow-venv/lib/python3.12/site-packages/airflow/example_dags/example_python_decorator.py
[2024-11-14T07:47:43.729+0000] {processor.py:914} INFO - Processing file /home/ubuntu/airflow-venv/lib/python3.12/site-packages/airflow/example_dags/example_python_decorator.py for tasks to queue
[2024-11-14T07:47:43.732+0000] {logging_mixin.py:190} INFO - [2024-11-14T07:47:43.731+0000] {dagbag.py:588} INFO - Filling up the DagBag from /home/ubuntu/airflow-venv/lib/python3.12/site-packages/airflow/example_dags/example_python_decorator.py
[2024-11-14T07:47:43.743+0000] {logging_mixin.py:190} INFO - [2024-11-14T07:47:43.743+0000] {example_python_decorator.py:80} WARNING - The virtalenv_python example task requires virtualenv, please install it.
[2024-11-14T07:47:43.747+0000] {processor.py:925} INFO - DAG(s) 'example_python_decorator' retrieved from /home/ubuntu/airflow-venv/lib/python3.12/site-packages/airflow/example_dags/example_python_decorator.py
[2024-11-14T07:47:43.768+0000] {logging_mixin.py:190} INFO - [2024-11-14T07:47:43.768+0000] {dag.py:3239} INFO - Sync 1 DAGs
[2024-11-14T07:47:43.783+0000] {logging_mixin.py:190} INFO - [2024-11-14T07:47:43.783+0000] {dag.py:4180} INFO - Setting next_dagrun for example_python_decorator to None, run_after=None
[2024-11-14T07:47:43.809+0000] {processor.py:208} INFO - Processing /home/ubuntu/airflow-venv/lib/python3.12/site-packages/airflow/example_dags/example_python_decorator.py took 0.089 seconds
[2024-11-14T07:48:49.787+0000] {processor.py:186} INFO - Started process (PID=4617) to work on /home/ubuntu/airflow-venv/lib/python3.12/site-packages/airflow/example_dags/example_python_decorator.py
[2024-11-14T07:48:49.789+0000] {processor.py:914} INFO - Processing file /home/ubuntu/airflow-venv/lib/python3.12/site-packages/airflow/example_dags/example_python_decorator.py for tasks to queue
[2024-11-14T07:48:49.792+0000] {logging_mixin.py:190} INFO - [2024-11-14T07:48:49.791+0000] {dagbag.py:588} INFO - Filling up the DagBag from /home/ubuntu/airflow-venv/lib/python3.12/site-packages/airflow/example_dags/example_python_decorator.py
[2024-11-14T07:48:49.804+0000] {logging_mixin.py:190} INFO - [2024-11-14T07:48:49.804+0000] {example_python_decorator.py:80} WARNING - The virtalenv_python example task requires virtualenv, please install it.
[2024-11-14T07:48:49.808+0000] {processor.py:925} INFO - DAG(s) 'example_python_decorator' retrieved from /home/ubuntu/airflow-venv/lib/python3.12/site-packages/airflow/example_dags/example_python_decorator.py
[2024-11-14T07:48:49.833+0000] {logging_mixin.py:190} INFO - [2024-11-14T07:48:49.833+0000] {dag.py:3239} INFO - Sync 1 DAGs
[2024-11-14T07:48:49.853+0000] {logging_mixin.py:190} INFO - [2024-11-14T07:48:49.852+0000] {dag.py:4180} INFO - Setting next_dagrun for example_python_decorator to None, run_after=None
[2024-11-14T07:48:49.885+0000] {processor.py:208} INFO - Processing /home/ubuntu/airflow-venv/lib/python3.12/site-packages/airflow/example_dags/example_python_decorator.py took 0.113 seconds
[2024-11-14T07:49:51.013+0000] {processor.py:186} INFO - Started process (PID=4675) to work on /home/ubuntu/airflow-venv/lib/python3.12/site-packages/airflow/example_dags/example_python_decorator.py
[2024-11-14T07:49:51.015+0000] {processor.py:914} INFO - Processing file /home/ubuntu/airflow-venv/lib/python3.12/site-packages/airflow/example_dags/example_python_decorator.py for tasks to queue
[2024-11-14T07:49:51.019+0000] {logging_mixin.py:190} INFO - [2024-11-14T07:49:51.018+0000] {dagbag.py:588} INFO - Filling up the DagBag from /home/ubuntu/airflow-venv/lib/python3.12/site-packages/airflow/example_dags/example_python_decorator.py
[2024-11-14T07:49:51.042+0000] {logging_mixin.py:190} INFO - [2024-11-14T07:49:51.041+0000] {example_python_decorator.py:80} WARNING - The virtalenv_python example task requires virtualenv, please install it.
[2024-11-14T07:49:51.046+0000] {processor.py:925} INFO - DAG(s) 'example_python_decorator' retrieved from /home/ubuntu/airflow-venv/lib/python3.12/site-packages/airflow/example_dags/example_python_decorator.py
[2024-11-14T07:49:51.079+0000] {logging_mixin.py:190} INFO - [2024-11-14T07:49:51.078+0000] {dag.py:3239} INFO - Sync 1 DAGs
[2024-11-14T07:49:51.102+0000] {logging_mixin.py:190} INFO - [2024-11-14T07:49:51.102+0000] {dag.py:4180} INFO - Setting next_dagrun for example_python_decorator to None, run_after=None
[2024-11-14T07:49:51.138+0000] {processor.py:208} INFO - Processing /home/ubuntu/airflow-venv/lib/python3.12/site-packages/airflow/example_dags/example_python_decorator.py took 0.136 seconds
[2024-11-14T07:50:55.196+0000] {processor.py:186} INFO - Started process (PID=4742) to work on /home/ubuntu/airflow-venv/lib/python3.12/site-packages/airflow/example_dags/example_python_decorator.py
[2024-11-14T07:50:55.197+0000] {processor.py:914} INFO - Processing file /home/ubuntu/airflow-venv/lib/python3.12/site-packages/airflow/example_dags/example_python_decorator.py for tasks to queue
[2024-11-14T07:50:55.199+0000] {logging_mixin.py:190} INFO - [2024-11-14T07:50:55.199+0000] {dagbag.py:588} INFO - Filling up the DagBag from /home/ubuntu/airflow-venv/lib/python3.12/site-packages/airflow/example_dags/example_python_decorator.py
[2024-11-14T07:50:55.212+0000] {logging_mixin.py:190} INFO - [2024-11-14T07:50:55.212+0000] {example_python_decorator.py:80} WARNING - The virtalenv_python example task requires virtualenv, please install it.
[2024-11-14T07:50:55.216+0000] {processor.py:925} INFO - DAG(s) 'example_python_decorator' retrieved from /home/ubuntu/airflow-venv/lib/python3.12/site-packages/airflow/example_dags/example_python_decorator.py
[2024-11-14T07:50:55.243+0000] {logging_mixin.py:190} INFO - [2024-11-14T07:50:55.243+0000] {dag.py:3239} INFO - Sync 1 DAGs
[2024-11-14T07:50:55.263+0000] {logging_mixin.py:190} INFO - [2024-11-14T07:50:55.262+0000] {dag.py:4180} INFO - Setting next_dagrun for example_python_decorator to None, run_after=None
[2024-11-14T07:50:55.298+0000] {processor.py:208} INFO - Processing /home/ubuntu/airflow-venv/lib/python3.12/site-packages/airflow/example_dags/example_python_decorator.py took 0.111 seconds
[2024-11-14T07:51:56.920+0000] {processor.py:186} INFO - Started process (PID=4803) to work on /home/ubuntu/airflow-venv/lib/python3.12/site-packages/airflow/example_dags/example_python_decorator.py
[2024-11-14T07:51:56.922+0000] {processor.py:914} INFO - Processing file /home/ubuntu/airflow-venv/lib/python3.12/site-packages/airflow/example_dags/example_python_decorator.py for tasks to queue
[2024-11-14T07:51:56.923+0000] {logging_mixin.py:190} INFO - [2024-11-14T07:51:56.923+0000] {dagbag.py:588} INFO - Filling up the DagBag from /home/ubuntu/airflow-venv/lib/python3.12/site-packages/airflow/example_dags/example_python_decorator.py
[2024-11-14T07:51:56.935+0000] {logging_mixin.py:190} INFO - [2024-11-14T07:51:56.935+0000] {example_python_decorator.py:80} WARNING - The virtalenv_python example task requires virtualenv, please install it.
[2024-11-14T07:51:56.938+0000] {processor.py:925} INFO - DAG(s) 'example_python_decorator' retrieved from /home/ubuntu/airflow-venv/lib/python3.12/site-packages/airflow/example_dags/example_python_decorator.py
[2024-11-14T07:51:56.959+0000] {logging_mixin.py:190} INFO - [2024-11-14T07:51:56.959+0000] {dag.py:3239} INFO - Sync 1 DAGs
[2024-11-14T07:51:56.974+0000] {logging_mixin.py:190} INFO - [2024-11-14T07:51:56.973+0000] {dag.py:4180} INFO - Setting next_dagrun for example_python_decorator to None, run_after=None
[2024-11-14T07:51:56.998+0000] {processor.py:208} INFO - Processing /home/ubuntu/airflow-venv/lib/python3.12/site-packages/airflow/example_dags/example_python_decorator.py took 0.085 seconds
[2024-11-14T07:52:55.592+0000] {processor.py:186} INFO - Started process (PID=4863) to work on /home/ubuntu/airflow-venv/lib/python3.12/site-packages/airflow/example_dags/example_python_decorator.py
[2024-11-14T07:52:55.594+0000] {processor.py:914} INFO - Processing file /home/ubuntu/airflow-venv/lib/python3.12/site-packages/airflow/example_dags/example_python_decorator.py for tasks to queue
[2024-11-14T07:52:55.595+0000] {logging_mixin.py:190} INFO - [2024-11-14T07:52:55.595+0000] {dagbag.py:588} INFO - Filling up the DagBag from /home/ubuntu/airflow-venv/lib/python3.12/site-packages/airflow/example_dags/example_python_decorator.py
[2024-11-14T07:52:55.608+0000] {logging_mixin.py:190} INFO - [2024-11-14T07:52:55.607+0000] {example_python_decorator.py:80} WARNING - The virtalenv_python example task requires virtualenv, please install it.
[2024-11-14T07:52:55.610+0000] {processor.py:925} INFO - DAG(s) 'example_python_decorator' retrieved from /home/ubuntu/airflow-venv/lib/python3.12/site-packages/airflow/example_dags/example_python_decorator.py
[2024-11-14T07:52:55.629+0000] {logging_mixin.py:190} INFO - [2024-11-14T07:52:55.628+0000] {dag.py:3239} INFO - Sync 1 DAGs
[2024-11-14T07:52:55.643+0000] {logging_mixin.py:190} INFO - [2024-11-14T07:52:55.642+0000] {dag.py:4180} INFO - Setting next_dagrun for example_python_decorator to None, run_after=None
[2024-11-14T07:52:55.666+0000] {processor.py:208} INFO - Processing /home/ubuntu/airflow-venv/lib/python3.12/site-packages/airflow/example_dags/example_python_decorator.py took 0.082 seconds
[2024-11-14T07:53:53.912+0000] {processor.py:186} INFO - Started process (PID=4924) to work on /home/ubuntu/airflow-venv/lib/python3.12/site-packages/airflow/example_dags/example_python_decorator.py
[2024-11-14T07:53:53.913+0000] {processor.py:914} INFO - Processing file /home/ubuntu/airflow-venv/lib/python3.12/site-packages/airflow/example_dags/example_python_decorator.py for tasks to queue
[2024-11-14T07:53:53.914+0000] {logging_mixin.py:190} INFO - [2024-11-14T07:53:53.914+0000] {dagbag.py:588} INFO - Filling up the DagBag from /home/ubuntu/airflow-venv/lib/python3.12/site-packages/airflow/example_dags/example_python_decorator.py
[2024-11-14T07:53:53.924+0000] {logging_mixin.py:190} INFO - [2024-11-14T07:53:53.924+0000] {example_python_decorator.py:80} WARNING - The virtalenv_python example task requires virtualenv, please install it.
[2024-11-14T07:53:53.926+0000] {processor.py:925} INFO - DAG(s) 'example_python_decorator' retrieved from /home/ubuntu/airflow-venv/lib/python3.12/site-packages/airflow/example_dags/example_python_decorator.py
[2024-11-14T07:53:53.945+0000] {logging_mixin.py:190} INFO - [2024-11-14T07:53:53.944+0000] {dag.py:3239} INFO - Sync 1 DAGs
[2024-11-14T07:53:53.958+0000] {logging_mixin.py:190} INFO - [2024-11-14T07:53:53.958+0000] {dag.py:4180} INFO - Setting next_dagrun for example_python_decorator to None, run_after=None
[2024-11-14T07:53:53.981+0000] {processor.py:208} INFO - Processing /home/ubuntu/airflow-venv/lib/python3.12/site-packages/airflow/example_dags/example_python_decorator.py took 0.080 seconds
[2024-11-14T07:54:54.652+0000] {processor.py:186} INFO - Started process (PID=4983) to work on /home/ubuntu/airflow-venv/lib/python3.12/site-packages/airflow/example_dags/example_python_decorator.py
[2024-11-14T07:54:54.654+0000] {processor.py:914} INFO - Processing file /home/ubuntu/airflow-venv/lib/python3.12/site-packages/airflow/example_dags/example_python_decorator.py for tasks to queue
[2024-11-14T07:54:54.655+0000] {logging_mixin.py:190} INFO - [2024-11-14T07:54:54.655+0000] {dagbag.py:588} INFO - Filling up the DagBag from /home/ubuntu/airflow-venv/lib/python3.12/site-packages/airflow/example_dags/example_python_decorator.py
[2024-11-14T07:54:54.665+0000] {logging_mixin.py:190} INFO - [2024-11-14T07:54:54.665+0000] {example_python_decorator.py:80} WARNING - The virtalenv_python example task requires virtualenv, please install it.
[2024-11-14T07:54:54.668+0000] {processor.py:925} INFO - DAG(s) 'example_python_decorator' retrieved from /home/ubuntu/airflow-venv/lib/python3.12/site-packages/airflow/example_dags/example_python_decorator.py
[2024-11-14T07:54:54.687+0000] {logging_mixin.py:190} INFO - [2024-11-14T07:54:54.686+0000] {dag.py:3239} INFO - Sync 1 DAGs
[2024-11-14T07:54:54.700+0000] {logging_mixin.py:190} INFO - [2024-11-14T07:54:54.700+0000] {dag.py:4180} INFO - Setting next_dagrun for example_python_decorator to None, run_after=None
[2024-11-14T07:54:54.723+0000] {processor.py:208} INFO - Processing /home/ubuntu/airflow-venv/lib/python3.12/site-packages/airflow/example_dags/example_python_decorator.py took 0.078 seconds
[2024-11-14T07:55:55.678+0000] {processor.py:186} INFO - Started process (PID=5047) to work on /home/ubuntu/airflow-venv/lib/python3.12/site-packages/airflow/example_dags/example_python_decorator.py
[2024-11-14T07:55:55.680+0000] {processor.py:914} INFO - Processing file /home/ubuntu/airflow-venv/lib/python3.12/site-packages/airflow/example_dags/example_python_decorator.py for tasks to queue
[2024-11-14T07:55:55.682+0000] {logging_mixin.py:190} INFO - [2024-11-14T07:55:55.681+0000] {dagbag.py:588} INFO - Filling up the DagBag from /home/ubuntu/airflow-venv/lib/python3.12/site-packages/airflow/example_dags/example_python_decorator.py
[2024-11-14T07:55:55.691+0000] {logging_mixin.py:190} INFO - [2024-11-14T07:55:55.691+0000] {example_python_decorator.py:80} WARNING - The virtalenv_python example task requires virtualenv, please install it.
[2024-11-14T07:55:55.694+0000] {processor.py:925} INFO - DAG(s) 'example_python_decorator' retrieved from /home/ubuntu/airflow-venv/lib/python3.12/site-packages/airflow/example_dags/example_python_decorator.py
[2024-11-14T07:55:55.713+0000] {logging_mixin.py:190} INFO - [2024-11-14T07:55:55.713+0000] {dag.py:3239} INFO - Sync 1 DAGs
[2024-11-14T07:55:55.736+0000] {logging_mixin.py:190} INFO - [2024-11-14T07:55:55.736+0000] {dag.py:4180} INFO - Setting next_dagrun for example_python_decorator to None, run_after=None
[2024-11-14T07:55:55.787+0000] {processor.py:208} INFO - Processing /home/ubuntu/airflow-venv/lib/python3.12/site-packages/airflow/example_dags/example_python_decorator.py took 0.115 seconds
[2024-11-14T07:56:55.256+0000] {processor.py:186} INFO - Started process (PID=5108) to work on /home/ubuntu/airflow-venv/lib/python3.12/site-packages/airflow/example_dags/example_python_decorator.py
[2024-11-14T07:56:55.257+0000] {processor.py:914} INFO - Processing file /home/ubuntu/airflow-venv/lib/python3.12/site-packages/airflow/example_dags/example_python_decorator.py for tasks to queue
[2024-11-14T07:56:55.258+0000] {logging_mixin.py:190} INFO - [2024-11-14T07:56:55.258+0000] {dagbag.py:588} INFO - Filling up the DagBag from /home/ubuntu/airflow-venv/lib/python3.12/site-packages/airflow/example_dags/example_python_decorator.py
[2024-11-14T07:56:55.268+0000] {logging_mixin.py:190} INFO - [2024-11-14T07:56:55.268+0000] {example_python_decorator.py:80} WARNING - The virtalenv_python example task requires virtualenv, please install it.
[2024-11-14T07:56:55.271+0000] {processor.py:925} INFO - DAG(s) 'example_python_decorator' retrieved from /home/ubuntu/airflow-venv/lib/python3.12/site-packages/airflow/example_dags/example_python_decorator.py
[2024-11-14T07:56:55.289+0000] {logging_mixin.py:190} INFO - [2024-11-14T07:56:55.289+0000] {dag.py:3239} INFO - Sync 1 DAGs
[2024-11-14T07:56:55.303+0000] {logging_mixin.py:190} INFO - [2024-11-14T07:56:55.302+0000] {dag.py:4180} INFO - Setting next_dagrun for example_python_decorator to None, run_after=None
[2024-11-14T07:56:55.330+0000] {processor.py:208} INFO - Processing /home/ubuntu/airflow-venv/lib/python3.12/site-packages/airflow/example_dags/example_python_decorator.py took 0.080 seconds
[2024-11-14T07:57:55.190+0000] {processor.py:186} INFO - Started process (PID=5170) to work on /home/ubuntu/airflow-venv/lib/python3.12/site-packages/airflow/example_dags/example_python_decorator.py
[2024-11-14T07:57:55.191+0000] {processor.py:914} INFO - Processing file /home/ubuntu/airflow-venv/lib/python3.12/site-packages/airflow/example_dags/example_python_decorator.py for tasks to queue
[2024-11-14T07:57:55.193+0000] {logging_mixin.py:190} INFO - [2024-11-14T07:57:55.192+0000] {dagbag.py:588} INFO - Filling up the DagBag from /home/ubuntu/airflow-venv/lib/python3.12/site-packages/airflow/example_dags/example_python_decorator.py
[2024-11-14T07:57:55.203+0000] {logging_mixin.py:190} INFO - [2024-11-14T07:57:55.202+0000] {example_python_decorator.py:80} WARNING - The virtalenv_python example task requires virtualenv, please install it.
[2024-11-14T07:57:55.205+0000] {processor.py:925} INFO - DAG(s) 'example_python_decorator' retrieved from /home/ubuntu/airflow-venv/lib/python3.12/site-packages/airflow/example_dags/example_python_decorator.py
[2024-11-14T07:57:55.225+0000] {logging_mixin.py:190} INFO - [2024-11-14T07:57:55.225+0000] {dag.py:3239} INFO - Sync 1 DAGs
[2024-11-14T07:57:55.239+0000] {logging_mixin.py:190} INFO - [2024-11-14T07:57:55.239+0000] {dag.py:4180} INFO - Setting next_dagrun for example_python_decorator to None, run_after=None
[2024-11-14T07:57:55.267+0000] {processor.py:208} INFO - Processing /home/ubuntu/airflow-venv/lib/python3.12/site-packages/airflow/example_dags/example_python_decorator.py took 0.084 seconds
[2024-11-14T07:58:54.859+0000] {processor.py:186} INFO - Started process (PID=5229) to work on /home/ubuntu/airflow-venv/lib/python3.12/site-packages/airflow/example_dags/example_python_decorator.py
[2024-11-14T07:58:54.861+0000] {processor.py:914} INFO - Processing file /home/ubuntu/airflow-venv/lib/python3.12/site-packages/airflow/example_dags/example_python_decorator.py for tasks to queue
[2024-11-14T07:58:54.863+0000] {logging_mixin.py:190} INFO - [2024-11-14T07:58:54.862+0000] {dagbag.py:588} INFO - Filling up the DagBag from /home/ubuntu/airflow-venv/lib/python3.12/site-packages/airflow/example_dags/example_python_decorator.py
[2024-11-14T07:58:54.872+0000] {logging_mixin.py:190} INFO - [2024-11-14T07:58:54.872+0000] {example_python_decorator.py:80} WARNING - The virtalenv_python example task requires virtualenv, please install it.
[2024-11-14T07:58:54.874+0000] {processor.py:925} INFO - DAG(s) 'example_python_decorator' retrieved from /home/ubuntu/airflow-venv/lib/python3.12/site-packages/airflow/example_dags/example_python_decorator.py
[2024-11-14T07:58:54.893+0000] {logging_mixin.py:190} INFO - [2024-11-14T07:58:54.893+0000] {dag.py:3239} INFO - Sync 1 DAGs
[2024-11-14T07:58:54.906+0000] {logging_mixin.py:190} INFO - [2024-11-14T07:58:54.906+0000] {dag.py:4180} INFO - Setting next_dagrun for example_python_decorator to None, run_after=None
[2024-11-14T07:58:54.931+0000] {processor.py:208} INFO - Processing /home/ubuntu/airflow-venv/lib/python3.12/site-packages/airflow/example_dags/example_python_decorator.py took 0.078 seconds
[2024-11-14T07:59:55.740+0000] {processor.py:186} INFO - Started process (PID=5289) to work on /home/ubuntu/airflow-venv/lib/python3.12/site-packages/airflow/example_dags/example_python_decorator.py
[2024-11-14T07:59:55.744+0000] {processor.py:914} INFO - Processing file /home/ubuntu/airflow-venv/lib/python3.12/site-packages/airflow/example_dags/example_python_decorator.py for tasks to queue
[2024-11-14T07:59:55.746+0000] {logging_mixin.py:190} INFO - [2024-11-14T07:59:55.745+0000] {dagbag.py:588} INFO - Filling up the DagBag from /home/ubuntu/airflow-venv/lib/python3.12/site-packages/airflow/example_dags/example_python_decorator.py
[2024-11-14T07:59:55.755+0000] {logging_mixin.py:190} INFO - [2024-11-14T07:59:55.755+0000] {example_python_decorator.py:80} WARNING - The virtalenv_python example task requires virtualenv, please install it.
[2024-11-14T07:59:55.758+0000] {processor.py:925} INFO - DAG(s) 'example_python_decorator' retrieved from /home/ubuntu/airflow-venv/lib/python3.12/site-packages/airflow/example_dags/example_python_decorator.py
[2024-11-14T07:59:55.778+0000] {logging_mixin.py:190} INFO - [2024-11-14T07:59:55.778+0000] {dag.py:3239} INFO - Sync 1 DAGs
[2024-11-14T07:59:55.792+0000] {logging_mixin.py:190} INFO - [2024-11-14T07:59:55.792+0000] {dag.py:4180} INFO - Setting next_dagrun for example_python_decorator to None, run_after=None
[2024-11-14T07:59:55.826+0000] {processor.py:208} INFO - Processing /home/ubuntu/airflow-venv/lib/python3.12/site-packages/airflow/example_dags/example_python_decorator.py took 0.097 seconds
[2024-11-14T08:00:54.577+0000] {processor.py:186} INFO - Started process (PID=5354) to work on /home/ubuntu/airflow-venv/lib/python3.12/site-packages/airflow/example_dags/example_python_decorator.py
[2024-11-14T08:00:54.579+0000] {processor.py:914} INFO - Processing file /home/ubuntu/airflow-venv/lib/python3.12/site-packages/airflow/example_dags/example_python_decorator.py for tasks to queue
[2024-11-14T08:00:54.580+0000] {logging_mixin.py:190} INFO - [2024-11-14T08:00:54.580+0000] {dagbag.py:588} INFO - Filling up the DagBag from /home/ubuntu/airflow-venv/lib/python3.12/site-packages/airflow/example_dags/example_python_decorator.py
[2024-11-14T08:00:54.592+0000] {logging_mixin.py:190} INFO - [2024-11-14T08:00:54.592+0000] {example_python_decorator.py:80} WARNING - The virtalenv_python example task requires virtualenv, please install it.
[2024-11-14T08:00:54.595+0000] {processor.py:925} INFO - DAG(s) 'example_python_decorator' retrieved from /home/ubuntu/airflow-venv/lib/python3.12/site-packages/airflow/example_dags/example_python_decorator.py
[2024-11-14T08:00:54.617+0000] {logging_mixin.py:190} INFO - [2024-11-14T08:00:54.617+0000] {dag.py:3239} INFO - Sync 1 DAGs
[2024-11-14T08:00:54.630+0000] {logging_mixin.py:190} INFO - [2024-11-14T08:00:54.630+0000] {dag.py:4180} INFO - Setting next_dagrun for example_python_decorator to None, run_after=None
[2024-11-14T08:00:54.653+0000] {processor.py:208} INFO - Processing /home/ubuntu/airflow-venv/lib/python3.12/site-packages/airflow/example_dags/example_python_decorator.py took 0.085 seconds
[2024-11-14T08:01:55.614+0000] {processor.py:186} INFO - Started process (PID=5415) to work on /home/ubuntu/airflow-venv/lib/python3.12/site-packages/airflow/example_dags/example_python_decorator.py
[2024-11-14T08:01:55.616+0000] {processor.py:914} INFO - Processing file /home/ubuntu/airflow-venv/lib/python3.12/site-packages/airflow/example_dags/example_python_decorator.py for tasks to queue
[2024-11-14T08:01:55.617+0000] {logging_mixin.py:190} INFO - [2024-11-14T08:01:55.617+0000] {dagbag.py:588} INFO - Filling up the DagBag from /home/ubuntu/airflow-venv/lib/python3.12/site-packages/airflow/example_dags/example_python_decorator.py
[2024-11-14T08:01:55.628+0000] {logging_mixin.py:190} INFO - [2024-11-14T08:01:55.628+0000] {example_python_decorator.py:80} WARNING - The virtalenv_python example task requires virtualenv, please install it.
[2024-11-14T08:01:55.631+0000] {processor.py:925} INFO - DAG(s) 'example_python_decorator' retrieved from /home/ubuntu/airflow-venv/lib/python3.12/site-packages/airflow/example_dags/example_python_decorator.py
[2024-11-14T08:01:55.650+0000] {logging_mixin.py:190} INFO - [2024-11-14T08:01:55.649+0000] {dag.py:3239} INFO - Sync 1 DAGs
[2024-11-14T08:01:55.663+0000] {logging_mixin.py:190} INFO - [2024-11-14T08:01:55.662+0000] {dag.py:4180} INFO - Setting next_dagrun for example_python_decorator to None, run_after=None
[2024-11-14T08:01:55.688+0000] {processor.py:208} INFO - Processing /home/ubuntu/airflow-venv/lib/python3.12/site-packages/airflow/example_dags/example_python_decorator.py took 0.081 seconds
[2024-11-14T08:02:56.447+0000] {processor.py:186} INFO - Started process (PID=5478) to work on /home/ubuntu/airflow-venv/lib/python3.12/site-packages/airflow/example_dags/example_python_decorator.py
[2024-11-14T08:02:56.449+0000] {processor.py:914} INFO - Processing file /home/ubuntu/airflow-venv/lib/python3.12/site-packages/airflow/example_dags/example_python_decorator.py for tasks to queue
[2024-11-14T08:02:56.450+0000] {logging_mixin.py:190} INFO - [2024-11-14T08:02:56.450+0000] {dagbag.py:588} INFO - Filling up the DagBag from /home/ubuntu/airflow-venv/lib/python3.12/site-packages/airflow/example_dags/example_python_decorator.py
[2024-11-14T08:02:56.461+0000] {logging_mixin.py:190} INFO - [2024-11-14T08:02:56.460+0000] {example_python_decorator.py:80} WARNING - The virtalenv_python example task requires virtualenv, please install it.
[2024-11-14T08:02:56.463+0000] {processor.py:925} INFO - DAG(s) 'example_python_decorator' retrieved from /home/ubuntu/airflow-venv/lib/python3.12/site-packages/airflow/example_dags/example_python_decorator.py
[2024-11-14T08:02:56.486+0000] {logging_mixin.py:190} INFO - [2024-11-14T08:02:56.486+0000] {dag.py:3239} INFO - Sync 1 DAGs
[2024-11-14T08:02:56.511+0000] {logging_mixin.py:190} INFO - [2024-11-14T08:02:56.511+0000] {dag.py:4180} INFO - Setting next_dagrun for example_python_decorator to None, run_after=None
[2024-11-14T08:02:56.537+0000] {processor.py:208} INFO - Processing /home/ubuntu/airflow-venv/lib/python3.12/site-packages/airflow/example_dags/example_python_decorator.py took 0.097 seconds
