[2024-11-14T07:40:44.579+0000] {processor.py:186} INFO - Started process (PID=3687) to work on /home/ubuntu/airflow-venv/lib/python3.12/site-packages/airflow/example_dags/example_workday_timetable.py
[2024-11-14T07:40:44.580+0000] {processor.py:914} INFO - Processing file /home/ubuntu/airflow-venv/lib/python3.12/site-packages/airflow/example_dags/example_workday_timetable.py for tasks to queue
[2024-11-14T07:40:44.582+0000] {logging_mixin.py:190} INFO - [2024-11-14T07:40:44.582+0000] {dagbag.py:588} INFO - Filling up the DagBag from /home/ubuntu/airflow-venv/lib/python3.12/site-packages/airflow/example_dags/example_workday_timetable.py
[2024-11-14T07:40:44.588+0000] {processor.py:925} INFO - DAG(s) 'example_workday_timetable' retrieved from /home/ubuntu/airflow-venv/lib/python3.12/site-packages/airflow/example_dags/example_workday_timetable.py
[2024-11-14T07:40:44.721+0000] {logging_mixin.py:190} INFO - [2024-11-14T07:40:44.720+0000] {override.py:1911} INFO - Created Permission View: can delete on DAG:example_workday_timetable
[2024-11-14T07:40:44.746+0000] {logging_mixin.py:190} INFO - [2024-11-14T07:40:44.745+0000] {override.py:1911} INFO - Created Permission View: can read on DAG:example_workday_timetable
[2024-11-14T07:40:44.757+0000] {logging_mixin.py:190} INFO - [2024-11-14T07:40:44.756+0000] {override.py:1911} INFO - Created Permission View: can edit on DAG:example_workday_timetable
[2024-11-14T07:40:44.772+0000] {logging_mixin.py:190} INFO - [2024-11-14T07:40:44.772+0000] {override.py:1911} INFO - Created Permission View: can delete on DAG Run:example_workday_timetable
[2024-11-14T07:40:44.782+0000] {logging_mixin.py:190} INFO - [2024-11-14T07:40:44.782+0000] {override.py:1911} INFO - Created Permission View: can create on DAG Run:example_workday_timetable
[2024-11-14T07:40:44.792+0000] {logging_mixin.py:190} INFO - [2024-11-14T07:40:44.792+0000] {override.py:1911} INFO - Created Permission View: can read on DAG Run:example_workday_timetable
[2024-11-14T07:40:44.803+0000] {logging_mixin.py:190} INFO - [2024-11-14T07:40:44.803+0000] {override.py:1911} INFO - Created Permission View: menu access on DAG Run:example_workday_timetable
[2024-11-14T07:40:44.804+0000] {logging_mixin.py:190} INFO - [2024-11-14T07:40:44.803+0000] {dag.py:3239} INFO - Sync 1 DAGs
[2024-11-14T07:40:44.817+0000] {logging_mixin.py:190} INFO - [2024-11-14T07:40:44.816+0000] {dag.py:3262} INFO - Creating ORM DAG for example_workday_timetable
[2024-11-14T07:40:44.862+0000] {logging_mixin.py:190} INFO - [2024-11-14T07:40:44.862+0000] {dag.py:4180} INFO - Setting next_dagrun for example_workday_timetable to 2021-01-04 00:00:00+00:00, run_after=2021-01-05 00:00:00+00:00
[2024-11-14T07:40:44.882+0000] {processor.py:208} INFO - Processing /home/ubuntu/airflow-venv/lib/python3.12/site-packages/airflow/example_dags/example_workday_timetable.py took 0.309 seconds
[2024-11-14T07:41:52.063+0000] {processor.py:186} INFO - Started process (PID=3748) to work on /home/ubuntu/airflow-venv/lib/python3.12/site-packages/airflow/example_dags/example_workday_timetable.py
[2024-11-14T07:41:52.065+0000] {processor.py:914} INFO - Processing file /home/ubuntu/airflow-venv/lib/python3.12/site-packages/airflow/example_dags/example_workday_timetable.py for tasks to queue
[2024-11-14T07:41:52.067+0000] {logging_mixin.py:190} INFO - [2024-11-14T07:41:52.067+0000] {dagbag.py:588} INFO - Filling up the DagBag from /home/ubuntu/airflow-venv/lib/python3.12/site-packages/airflow/example_dags/example_workday_timetable.py
[2024-11-14T07:41:52.073+0000] {processor.py:925} INFO - DAG(s) 'example_workday_timetable' retrieved from /home/ubuntu/airflow-venv/lib/python3.12/site-packages/airflow/example_dags/example_workday_timetable.py
[2024-11-14T07:41:52.091+0000] {logging_mixin.py:190} INFO - [2024-11-14T07:41:52.090+0000] {dag.py:3239} INFO - Sync 1 DAGs
[2024-11-14T07:41:52.147+0000] {logging_mixin.py:190} INFO - [2024-11-14T07:41:52.147+0000] {dag.py:4180} INFO - Setting next_dagrun for example_workday_timetable to 2021-01-04 00:00:00+00:00, run_after=2021-01-05 00:00:00+00:00
[2024-11-14T07:41:52.170+0000] {processor.py:208} INFO - Processing /home/ubuntu/airflow-venv/lib/python3.12/site-packages/airflow/example_dags/example_workday_timetable.py took 0.112 seconds
[2024-11-14T07:42:48.299+0000] {processor.py:186} INFO - Started process (PID=3806) to work on /home/ubuntu/airflow-venv/lib/python3.12/site-packages/airflow/example_dags/example_workday_timetable.py
[2024-11-14T07:42:48.300+0000] {processor.py:914} INFO - Processing file /home/ubuntu/airflow-venv/lib/python3.12/site-packages/airflow/example_dags/example_workday_timetable.py for tasks to queue
[2024-11-14T07:42:48.303+0000] {logging_mixin.py:190} INFO - [2024-11-14T07:42:48.302+0000] {dagbag.py:588} INFO - Filling up the DagBag from /home/ubuntu/airflow-venv/lib/python3.12/site-packages/airflow/example_dags/example_workday_timetable.py
[2024-11-14T07:42:48.309+0000] {processor.py:925} INFO - DAG(s) 'example_workday_timetable' retrieved from /home/ubuntu/airflow-venv/lib/python3.12/site-packages/airflow/example_dags/example_workday_timetable.py
[2024-11-14T07:42:48.327+0000] {logging_mixin.py:190} INFO - [2024-11-14T07:42:48.326+0000] {dag.py:3239} INFO - Sync 1 DAGs
[2024-11-14T07:42:48.386+0000] {logging_mixin.py:190} INFO - [2024-11-14T07:42:48.386+0000] {dag.py:4180} INFO - Setting next_dagrun for example_workday_timetable to 2021-01-04 00:00:00+00:00, run_after=2021-01-05 00:00:00+00:00
[2024-11-14T07:42:48.411+0000] {processor.py:208} INFO - Processing /home/ubuntu/airflow-venv/lib/python3.12/site-packages/airflow/example_dags/example_workday_timetable.py took 0.119 seconds
[2024-11-14T07:43:42.265+0000] {processor.py:186} INFO - Started process (PID=3860) to work on /home/ubuntu/airflow-venv/lib/python3.12/site-packages/airflow/example_dags/example_workday_timetable.py
[2024-11-14T07:43:42.267+0000] {processor.py:914} INFO - Processing file /home/ubuntu/airflow-venv/lib/python3.12/site-packages/airflow/example_dags/example_workday_timetable.py for tasks to queue
[2024-11-14T07:43:42.269+0000] {logging_mixin.py:190} INFO - [2024-11-14T07:43:42.269+0000] {dagbag.py:588} INFO - Filling up the DagBag from /home/ubuntu/airflow-venv/lib/python3.12/site-packages/airflow/example_dags/example_workday_timetable.py
[2024-11-14T07:43:42.276+0000] {processor.py:925} INFO - DAG(s) 'example_workday_timetable' retrieved from /home/ubuntu/airflow-venv/lib/python3.12/site-packages/airflow/example_dags/example_workday_timetable.py
[2024-11-14T07:43:42.293+0000] {logging_mixin.py:190} INFO - [2024-11-14T07:43:42.293+0000] {dag.py:3239} INFO - Sync 1 DAGs
[2024-11-14T07:43:42.349+0000] {logging_mixin.py:190} INFO - [2024-11-14T07:43:42.349+0000] {dag.py:4180} INFO - Setting next_dagrun for example_workday_timetable to 2021-01-04 00:00:00+00:00, run_after=2021-01-05 00:00:00+00:00
[2024-11-14T07:43:42.372+0000] {processor.py:208} INFO - Processing /home/ubuntu/airflow-venv/lib/python3.12/site-packages/airflow/example_dags/example_workday_timetable.py took 0.112 seconds
[2024-11-14T07:44:40.434+0000] {processor.py:186} INFO - Started process (PID=3916) to work on /home/ubuntu/airflow-venv/lib/python3.12/site-packages/airflow/example_dags/example_workday_timetable.py
[2024-11-14T07:44:40.435+0000] {processor.py:914} INFO - Processing file /home/ubuntu/airflow-venv/lib/python3.12/site-packages/airflow/example_dags/example_workday_timetable.py for tasks to queue
[2024-11-14T07:44:40.438+0000] {logging_mixin.py:190} INFO - [2024-11-14T07:44:40.437+0000] {dagbag.py:588} INFO - Filling up the DagBag from /home/ubuntu/airflow-venv/lib/python3.12/site-packages/airflow/example_dags/example_workday_timetable.py
[2024-11-14T07:44:40.445+0000] {processor.py:925} INFO - DAG(s) 'example_workday_timetable' retrieved from /home/ubuntu/airflow-venv/lib/python3.12/site-packages/airflow/example_dags/example_workday_timetable.py
[2024-11-14T07:44:40.467+0000] {logging_mixin.py:190} INFO - [2024-11-14T07:44:40.464+0000] {dag.py:3239} INFO - Sync 1 DAGs
[2024-11-14T07:44:40.570+0000] {logging_mixin.py:190} INFO - [2024-11-14T07:44:40.570+0000] {dag.py:4180} INFO - Setting next_dagrun for example_workday_timetable to 2021-01-04 00:00:00+00:00, run_after=2021-01-05 00:00:00+00:00
[2024-11-14T07:44:40.630+0000] {processor.py:208} INFO - Processing /home/ubuntu/airflow-venv/lib/python3.12/site-packages/airflow/example_dags/example_workday_timetable.py took 0.203 seconds
[2024-11-14T07:45:36.425+0000] {processor.py:186} INFO - Started process (PID=3976) to work on /home/ubuntu/airflow-venv/lib/python3.12/site-packages/airflow/example_dags/example_workday_timetable.py
[2024-11-14T07:45:36.427+0000] {processor.py:914} INFO - Processing file /home/ubuntu/airflow-venv/lib/python3.12/site-packages/airflow/example_dags/example_workday_timetable.py for tasks to queue
[2024-11-14T07:45:36.430+0000] {logging_mixin.py:190} INFO - [2024-11-14T07:45:36.429+0000] {dagbag.py:588} INFO - Filling up the DagBag from /home/ubuntu/airflow-venv/lib/python3.12/site-packages/airflow/example_dags/example_workday_timetable.py
[2024-11-14T07:45:36.437+0000] {processor.py:925} INFO - DAG(s) 'example_workday_timetable' retrieved from /home/ubuntu/airflow-venv/lib/python3.12/site-packages/airflow/example_dags/example_workday_timetable.py
[2024-11-14T07:45:36.455+0000] {logging_mixin.py:190} INFO - [2024-11-14T07:45:36.455+0000] {dag.py:3239} INFO - Sync 1 DAGs
[2024-11-14T07:45:36.516+0000] {logging_mixin.py:190} INFO - [2024-11-14T07:45:36.516+0000] {dag.py:4180} INFO - Setting next_dagrun for example_workday_timetable to 2021-01-04 00:00:00+00:00, run_after=2021-01-05 00:00:00+00:00
[2024-11-14T07:45:36.541+0000] {processor.py:208} INFO - Processing /home/ubuntu/airflow-venv/lib/python3.12/site-packages/airflow/example_dags/example_workday_timetable.py took 0.124 seconds
[2024-11-14T07:46:28.557+0000] {processor.py:186} INFO - Started process (PID=4036) to work on /home/ubuntu/airflow-venv/lib/python3.12/site-packages/airflow/example_dags/example_workday_timetable.py
[2024-11-14T07:46:28.558+0000] {processor.py:914} INFO - Processing file /home/ubuntu/airflow-venv/lib/python3.12/site-packages/airflow/example_dags/example_workday_timetable.py for tasks to queue
[2024-11-14T07:46:28.561+0000] {logging_mixin.py:190} INFO - [2024-11-14T07:46:28.561+0000] {dagbag.py:588} INFO - Filling up the DagBag from /home/ubuntu/airflow-venv/lib/python3.12/site-packages/airflow/example_dags/example_workday_timetable.py
[2024-11-14T07:46:28.567+0000] {processor.py:925} INFO - DAG(s) 'example_workday_timetable' retrieved from /home/ubuntu/airflow-venv/lib/python3.12/site-packages/airflow/example_dags/example_workday_timetable.py
[2024-11-14T07:46:28.585+0000] {logging_mixin.py:190} INFO - [2024-11-14T07:46:28.585+0000] {dag.py:3239} INFO - Sync 1 DAGs
[2024-11-14T07:46:28.652+0000] {logging_mixin.py:190} INFO - [2024-11-14T07:46:28.652+0000] {dag.py:4180} INFO - Setting next_dagrun for example_workday_timetable to 2021-01-04 00:00:00+00:00, run_after=2021-01-05 00:00:00+00:00
[2024-11-14T07:46:28.686+0000] {processor.py:208} INFO - Processing /home/ubuntu/airflow-venv/lib/python3.12/site-packages/airflow/example_dags/example_workday_timetable.py took 0.135 seconds
[2024-11-14T07:47:24.165+0000] {processor.py:186} INFO - Started process (PID=4196) to work on /home/ubuntu/airflow-venv/lib/python3.12/site-packages/airflow/example_dags/example_workday_timetable.py
[2024-11-14T07:47:24.167+0000] {processor.py:914} INFO - Processing file /home/ubuntu/airflow-venv/lib/python3.12/site-packages/airflow/example_dags/example_workday_timetable.py for tasks to queue
[2024-11-14T07:47:24.170+0000] {logging_mixin.py:190} INFO - [2024-11-14T07:47:24.169+0000] {dagbag.py:588} INFO - Filling up the DagBag from /home/ubuntu/airflow-venv/lib/python3.12/site-packages/airflow/example_dags/example_workday_timetable.py
[2024-11-14T07:47:24.179+0000] {processor.py:925} INFO - DAG(s) 'example_workday_timetable' retrieved from /home/ubuntu/airflow-venv/lib/python3.12/site-packages/airflow/example_dags/example_workday_timetable.py
[2024-11-14T07:47:24.205+0000] {logging_mixin.py:190} INFO - [2024-11-14T07:47:24.205+0000] {dag.py:3239} INFO - Sync 1 DAGs
[2024-11-14T07:47:24.302+0000] {logging_mixin.py:190} INFO - [2024-11-14T07:47:24.302+0000] {dag.py:4180} INFO - Setting next_dagrun for example_workday_timetable to 2021-01-04 00:00:00+00:00, run_after=2021-01-05 00:00:00+00:00
[2024-11-14T07:47:24.334+0000] {processor.py:208} INFO - Processing /home/ubuntu/airflow-venv/lib/python3.12/site-packages/airflow/example_dags/example_workday_timetable.py took 0.176 seconds
[2024-11-14T07:48:26.716+0000] {processor.py:186} INFO - Started process (PID=4595) to work on /home/ubuntu/airflow-venv/lib/python3.12/site-packages/airflow/example_dags/example_workday_timetable.py
[2024-11-14T07:48:26.719+0000] {processor.py:914} INFO - Processing file /home/ubuntu/airflow-venv/lib/python3.12/site-packages/airflow/example_dags/example_workday_timetable.py for tasks to queue
[2024-11-14T07:48:26.725+0000] {logging_mixin.py:190} INFO - [2024-11-14T07:48:26.724+0000] {dagbag.py:588} INFO - Filling up the DagBag from /home/ubuntu/airflow-venv/lib/python3.12/site-packages/airflow/example_dags/example_workday_timetable.py
[2024-11-14T07:48:26.740+0000] {processor.py:925} INFO - DAG(s) 'example_workday_timetable' retrieved from /home/ubuntu/airflow-venv/lib/python3.12/site-packages/airflow/example_dags/example_workday_timetable.py
[2024-11-14T07:48:26.775+0000] {logging_mixin.py:190} INFO - [2024-11-14T07:48:26.774+0000] {dag.py:3239} INFO - Sync 1 DAGs
[2024-11-14T07:48:26.885+0000] {logging_mixin.py:190} INFO - [2024-11-14T07:48:26.885+0000] {dag.py:4180} INFO - Setting next_dagrun for example_workday_timetable to 2021-01-04 00:00:00+00:00, run_after=2021-01-05 00:00:00+00:00
[2024-11-14T07:48:26.922+0000] {processor.py:208} INFO - Processing /home/ubuntu/airflow-venv/lib/python3.12/site-packages/airflow/example_dags/example_workday_timetable.py took 0.219 seconds
[2024-11-14T07:49:30.548+0000] {processor.py:186} INFO - Started process (PID=4655) to work on /home/ubuntu/airflow-venv/lib/python3.12/site-packages/airflow/example_dags/example_workday_timetable.py
[2024-11-14T07:49:30.550+0000] {processor.py:914} INFO - Processing file /home/ubuntu/airflow-venv/lib/python3.12/site-packages/airflow/example_dags/example_workday_timetable.py for tasks to queue
[2024-11-14T07:49:30.553+0000] {logging_mixin.py:190} INFO - [2024-11-14T07:49:30.552+0000] {dagbag.py:588} INFO - Filling up the DagBag from /home/ubuntu/airflow-venv/lib/python3.12/site-packages/airflow/example_dags/example_workday_timetable.py
[2024-11-14T07:49:30.560+0000] {processor.py:925} INFO - DAG(s) 'example_workday_timetable' retrieved from /home/ubuntu/airflow-venv/lib/python3.12/site-packages/airflow/example_dags/example_workday_timetable.py
[2024-11-14T07:49:30.580+0000] {logging_mixin.py:190} INFO - [2024-11-14T07:49:30.579+0000] {dag.py:3239} INFO - Sync 1 DAGs
[2024-11-14T07:49:30.644+0000] {logging_mixin.py:190} INFO - [2024-11-14T07:49:30.643+0000] {dag.py:4180} INFO - Setting next_dagrun for example_workday_timetable to 2021-01-04 00:00:00+00:00, run_after=2021-01-05 00:00:00+00:00
[2024-11-14T07:49:30.671+0000] {processor.py:208} INFO - Processing /home/ubuntu/airflow-venv/lib/python3.12/site-packages/airflow/example_dags/example_workday_timetable.py took 0.129 seconds
[2024-11-14T07:50:31.053+0000] {processor.py:186} INFO - Started process (PID=4719) to work on /home/ubuntu/airflow-venv/lib/python3.12/site-packages/airflow/example_dags/example_workday_timetable.py
[2024-11-14T07:50:31.056+0000] {processor.py:914} INFO - Processing file /home/ubuntu/airflow-venv/lib/python3.12/site-packages/airflow/example_dags/example_workday_timetable.py for tasks to queue
[2024-11-14T07:50:31.058+0000] {logging_mixin.py:190} INFO - [2024-11-14T07:50:31.057+0000] {dagbag.py:588} INFO - Filling up the DagBag from /home/ubuntu/airflow-venv/lib/python3.12/site-packages/airflow/example_dags/example_workday_timetable.py
[2024-11-14T07:50:31.068+0000] {processor.py:925} INFO - DAG(s) 'example_workday_timetable' retrieved from /home/ubuntu/airflow-venv/lib/python3.12/site-packages/airflow/example_dags/example_workday_timetable.py
[2024-11-14T07:50:31.093+0000] {logging_mixin.py:190} INFO - [2024-11-14T07:50:31.092+0000] {dag.py:3239} INFO - Sync 1 DAGs
[2024-11-14T07:50:31.151+0000] {logging_mixin.py:190} INFO - [2024-11-14T07:50:31.151+0000] {dag.py:4180} INFO - Setting next_dagrun for example_workday_timetable to 2021-01-04 00:00:00+00:00, run_after=2021-01-05 00:00:00+00:00
[2024-11-14T07:50:31.174+0000] {processor.py:208} INFO - Processing /home/ubuntu/airflow-venv/lib/python3.12/site-packages/airflow/example_dags/example_workday_timetable.py took 0.130 seconds
[2024-11-14T07:51:34.841+0000] {processor.py:186} INFO - Started process (PID=4782) to work on /home/ubuntu/airflow-venv/lib/python3.12/site-packages/airflow/example_dags/example_workday_timetable.py
[2024-11-14T07:51:34.843+0000] {processor.py:914} INFO - Processing file /home/ubuntu/airflow-venv/lib/python3.12/site-packages/airflow/example_dags/example_workday_timetable.py for tasks to queue
[2024-11-14T07:51:34.845+0000] {logging_mixin.py:190} INFO - [2024-11-14T07:51:34.845+0000] {dagbag.py:588} INFO - Filling up the DagBag from /home/ubuntu/airflow-venv/lib/python3.12/site-packages/airflow/example_dags/example_workday_timetable.py
[2024-11-14T07:51:34.854+0000] {processor.py:925} INFO - DAG(s) 'example_workday_timetable' retrieved from /home/ubuntu/airflow-venv/lib/python3.12/site-packages/airflow/example_dags/example_workday_timetable.py
[2024-11-14T07:51:34.889+0000] {logging_mixin.py:190} INFO - [2024-11-14T07:51:34.889+0000] {dag.py:3239} INFO - Sync 1 DAGs
[2024-11-14T07:51:34.968+0000] {logging_mixin.py:190} INFO - [2024-11-14T07:51:34.968+0000] {dag.py:4180} INFO - Setting next_dagrun for example_workday_timetable to 2021-01-04 00:00:00+00:00, run_after=2021-01-05 00:00:00+00:00
[2024-11-14T07:51:34.994+0000] {processor.py:208} INFO - Processing /home/ubuntu/airflow-venv/lib/python3.12/site-packages/airflow/example_dags/example_workday_timetable.py took 0.159 seconds
[2024-11-14T07:52:35.654+0000] {processor.py:186} INFO - Started process (PID=4842) to work on /home/ubuntu/airflow-venv/lib/python3.12/site-packages/airflow/example_dags/example_workday_timetable.py
[2024-11-14T07:52:35.656+0000] {processor.py:914} INFO - Processing file /home/ubuntu/airflow-venv/lib/python3.12/site-packages/airflow/example_dags/example_workday_timetable.py for tasks to queue
[2024-11-14T07:52:35.658+0000] {logging_mixin.py:190} INFO - [2024-11-14T07:52:35.657+0000] {dagbag.py:588} INFO - Filling up the DagBag from /home/ubuntu/airflow-venv/lib/python3.12/site-packages/airflow/example_dags/example_workday_timetable.py
[2024-11-14T07:52:35.666+0000] {processor.py:925} INFO - DAG(s) 'example_workday_timetable' retrieved from /home/ubuntu/airflow-venv/lib/python3.12/site-packages/airflow/example_dags/example_workday_timetable.py
[2024-11-14T07:52:35.706+0000] {logging_mixin.py:190} INFO - [2024-11-14T07:52:35.706+0000] {dag.py:3239} INFO - Sync 1 DAGs
[2024-11-14T07:52:35.783+0000] {logging_mixin.py:190} INFO - [2024-11-14T07:52:35.783+0000] {dag.py:4180} INFO - Setting next_dagrun for example_workday_timetable to 2021-01-04 00:00:00+00:00, run_after=2021-01-05 00:00:00+00:00
[2024-11-14T07:52:35.805+0000] {processor.py:208} INFO - Processing /home/ubuntu/airflow-venv/lib/python3.12/site-packages/airflow/example_dags/example_workday_timetable.py took 0.158 seconds
[2024-11-14T07:53:32.160+0000] {processor.py:186} INFO - Started process (PID=4902) to work on /home/ubuntu/airflow-venv/lib/python3.12/site-packages/airflow/example_dags/example_workday_timetable.py
[2024-11-14T07:53:32.161+0000] {processor.py:914} INFO - Processing file /home/ubuntu/airflow-venv/lib/python3.12/site-packages/airflow/example_dags/example_workday_timetable.py for tasks to queue
[2024-11-14T07:53:32.162+0000] {logging_mixin.py:190} INFO - [2024-11-14T07:53:32.162+0000] {dagbag.py:588} INFO - Filling up the DagBag from /home/ubuntu/airflow-venv/lib/python3.12/site-packages/airflow/example_dags/example_workday_timetable.py
[2024-11-14T07:53:32.169+0000] {processor.py:925} INFO - DAG(s) 'example_workday_timetable' retrieved from /home/ubuntu/airflow-venv/lib/python3.12/site-packages/airflow/example_dags/example_workday_timetable.py
[2024-11-14T07:53:32.186+0000] {logging_mixin.py:190} INFO - [2024-11-14T07:53:32.186+0000] {dag.py:3239} INFO - Sync 1 DAGs
[2024-11-14T07:53:32.249+0000] {logging_mixin.py:190} INFO - [2024-11-14T07:53:32.248+0000] {dag.py:4180} INFO - Setting next_dagrun for example_workday_timetable to 2021-01-04 00:00:00+00:00, run_after=2021-01-05 00:00:00+00:00
[2024-11-14T07:53:32.272+0000] {processor.py:208} INFO - Processing /home/ubuntu/airflow-venv/lib/python3.12/site-packages/airflow/example_dags/example_workday_timetable.py took 0.118 seconds
[2024-11-14T07:54:34.331+0000] {processor.py:186} INFO - Started process (PID=4964) to work on /home/ubuntu/airflow-venv/lib/python3.12/site-packages/airflow/example_dags/example_workday_timetable.py
[2024-11-14T07:54:34.333+0000] {processor.py:914} INFO - Processing file /home/ubuntu/airflow-venv/lib/python3.12/site-packages/airflow/example_dags/example_workday_timetable.py for tasks to queue
[2024-11-14T07:54:34.335+0000] {logging_mixin.py:190} INFO - [2024-11-14T07:54:34.334+0000] {dagbag.py:588} INFO - Filling up the DagBag from /home/ubuntu/airflow-venv/lib/python3.12/site-packages/airflow/example_dags/example_workday_timetable.py
[2024-11-14T07:54:34.344+0000] {processor.py:925} INFO - DAG(s) 'example_workday_timetable' retrieved from /home/ubuntu/airflow-venv/lib/python3.12/site-packages/airflow/example_dags/example_workday_timetable.py
[2024-11-14T07:54:34.368+0000] {logging_mixin.py:190} INFO - [2024-11-14T07:54:34.368+0000] {dag.py:3239} INFO - Sync 1 DAGs
[2024-11-14T07:54:34.440+0000] {logging_mixin.py:190} INFO - [2024-11-14T07:54:34.440+0000] {dag.py:4180} INFO - Setting next_dagrun for example_workday_timetable to 2021-01-04 00:00:00+00:00, run_after=2021-01-05 00:00:00+00:00
[2024-11-14T07:54:34.476+0000] {processor.py:208} INFO - Processing /home/ubuntu/airflow-venv/lib/python3.12/site-packages/airflow/example_dags/example_workday_timetable.py took 0.151 seconds
[2024-11-14T07:55:33.893+0000] {processor.py:186} INFO - Started process (PID=5027) to work on /home/ubuntu/airflow-venv/lib/python3.12/site-packages/airflow/example_dags/example_workday_timetable.py
[2024-11-14T07:55:33.895+0000] {processor.py:914} INFO - Processing file /home/ubuntu/airflow-venv/lib/python3.12/site-packages/airflow/example_dags/example_workday_timetable.py for tasks to queue
[2024-11-14T07:55:33.896+0000] {logging_mixin.py:190} INFO - [2024-11-14T07:55:33.896+0000] {dagbag.py:588} INFO - Filling up the DagBag from /home/ubuntu/airflow-venv/lib/python3.12/site-packages/airflow/example_dags/example_workday_timetable.py
[2024-11-14T07:55:33.904+0000] {processor.py:925} INFO - DAG(s) 'example_workday_timetable' retrieved from /home/ubuntu/airflow-venv/lib/python3.12/site-packages/airflow/example_dags/example_workday_timetable.py
[2024-11-14T07:55:33.923+0000] {logging_mixin.py:190} INFO - [2024-11-14T07:55:33.922+0000] {dag.py:3239} INFO - Sync 1 DAGs
[2024-11-14T07:55:33.985+0000] {logging_mixin.py:190} INFO - [2024-11-14T07:55:33.985+0000] {dag.py:4180} INFO - Setting next_dagrun for example_workday_timetable to 2021-01-04 00:00:00+00:00, run_after=2021-01-05 00:00:00+00:00
[2024-11-14T07:55:34.012+0000] {processor.py:208} INFO - Processing /home/ubuntu/airflow-venv/lib/python3.12/site-packages/airflow/example_dags/example_workday_timetable.py took 0.127 seconds
[2024-11-14T07:56:35.896+0000] {processor.py:186} INFO - Started process (PID=5088) to work on /home/ubuntu/airflow-venv/lib/python3.12/site-packages/airflow/example_dags/example_workday_timetable.py
[2024-11-14T07:56:35.898+0000] {processor.py:914} INFO - Processing file /home/ubuntu/airflow-venv/lib/python3.12/site-packages/airflow/example_dags/example_workday_timetable.py for tasks to queue
[2024-11-14T07:56:35.900+0000] {logging_mixin.py:190} INFO - [2024-11-14T07:56:35.899+0000] {dagbag.py:588} INFO - Filling up the DagBag from /home/ubuntu/airflow-venv/lib/python3.12/site-packages/airflow/example_dags/example_workday_timetable.py
[2024-11-14T07:56:35.911+0000] {processor.py:925} INFO - DAG(s) 'example_workday_timetable' retrieved from /home/ubuntu/airflow-venv/lib/python3.12/site-packages/airflow/example_dags/example_workday_timetable.py
[2024-11-14T07:56:35.932+0000] {logging_mixin.py:190} INFO - [2024-11-14T07:56:35.932+0000] {dag.py:3239} INFO - Sync 1 DAGs
[2024-11-14T07:56:36.025+0000] {logging_mixin.py:190} INFO - [2024-11-14T07:56:36.025+0000] {dag.py:4180} INFO - Setting next_dagrun for example_workday_timetable to 2021-01-04 00:00:00+00:00, run_after=2021-01-05 00:00:00+00:00
[2024-11-14T07:56:36.053+0000] {processor.py:208} INFO - Processing /home/ubuntu/airflow-venv/lib/python3.12/site-packages/airflow/example_dags/example_workday_timetable.py took 0.164 seconds
[2024-11-14T07:57:35.386+0000] {processor.py:186} INFO - Started process (PID=5150) to work on /home/ubuntu/airflow-venv/lib/python3.12/site-packages/airflow/example_dags/example_workday_timetable.py
[2024-11-14T07:57:35.388+0000] {processor.py:914} INFO - Processing file /home/ubuntu/airflow-venv/lib/python3.12/site-packages/airflow/example_dags/example_workday_timetable.py for tasks to queue
[2024-11-14T07:57:35.391+0000] {logging_mixin.py:190} INFO - [2024-11-14T07:57:35.390+0000] {dagbag.py:588} INFO - Filling up the DagBag from /home/ubuntu/airflow-venv/lib/python3.12/site-packages/airflow/example_dags/example_workday_timetable.py
[2024-11-14T07:57:35.400+0000] {processor.py:925} INFO - DAG(s) 'example_workday_timetable' retrieved from /home/ubuntu/airflow-venv/lib/python3.12/site-packages/airflow/example_dags/example_workday_timetable.py
[2024-11-14T07:57:35.446+0000] {logging_mixin.py:190} INFO - [2024-11-14T07:57:35.445+0000] {dag.py:3239} INFO - Sync 1 DAGs
[2024-11-14T07:57:35.537+0000] {logging_mixin.py:190} INFO - [2024-11-14T07:57:35.537+0000] {dag.py:4180} INFO - Setting next_dagrun for example_workday_timetable to 2021-01-04 00:00:00+00:00, run_after=2021-01-05 00:00:00+00:00
[2024-11-14T07:57:35.563+0000] {processor.py:208} INFO - Processing /home/ubuntu/airflow-venv/lib/python3.12/site-packages/airflow/example_dags/example_workday_timetable.py took 0.184 seconds
[2024-11-14T07:58:35.231+0000] {processor.py:186} INFO - Started process (PID=5210) to work on /home/ubuntu/airflow-venv/lib/python3.12/site-packages/airflow/example_dags/example_workday_timetable.py
[2024-11-14T07:58:35.233+0000] {processor.py:914} INFO - Processing file /home/ubuntu/airflow-venv/lib/python3.12/site-packages/airflow/example_dags/example_workday_timetable.py for tasks to queue
[2024-11-14T07:58:35.235+0000] {logging_mixin.py:190} INFO - [2024-11-14T07:58:35.234+0000] {dagbag.py:588} INFO - Filling up the DagBag from /home/ubuntu/airflow-venv/lib/python3.12/site-packages/airflow/example_dags/example_workday_timetable.py
[2024-11-14T07:58:35.244+0000] {processor.py:925} INFO - DAG(s) 'example_workday_timetable' retrieved from /home/ubuntu/airflow-venv/lib/python3.12/site-packages/airflow/example_dags/example_workday_timetable.py
[2024-11-14T07:58:35.267+0000] {logging_mixin.py:190} INFO - [2024-11-14T07:58:35.267+0000] {dag.py:3239} INFO - Sync 1 DAGs
[2024-11-14T07:58:35.357+0000] {logging_mixin.py:190} INFO - [2024-11-14T07:58:35.356+0000] {dag.py:4180} INFO - Setting next_dagrun for example_workday_timetable to 2021-01-04 00:00:00+00:00, run_after=2021-01-05 00:00:00+00:00
[2024-11-14T07:58:35.391+0000] {processor.py:208} INFO - Processing /home/ubuntu/airflow-venv/lib/python3.12/site-packages/airflow/example_dags/example_workday_timetable.py took 0.168 seconds
[2024-11-14T07:59:35.459+0000] {processor.py:186} INFO - Started process (PID=5270) to work on /home/ubuntu/airflow-venv/lib/python3.12/site-packages/airflow/example_dags/example_workday_timetable.py
[2024-11-14T07:59:35.461+0000] {processor.py:914} INFO - Processing file /home/ubuntu/airflow-venv/lib/python3.12/site-packages/airflow/example_dags/example_workday_timetable.py for tasks to queue
[2024-11-14T07:59:35.463+0000] {logging_mixin.py:190} INFO - [2024-11-14T07:59:35.463+0000] {dagbag.py:588} INFO - Filling up the DagBag from /home/ubuntu/airflow-venv/lib/python3.12/site-packages/airflow/example_dags/example_workday_timetable.py
[2024-11-14T07:59:35.470+0000] {processor.py:925} INFO - DAG(s) 'example_workday_timetable' retrieved from /home/ubuntu/airflow-venv/lib/python3.12/site-packages/airflow/example_dags/example_workday_timetable.py
[2024-11-14T07:59:35.488+0000] {logging_mixin.py:190} INFO - [2024-11-14T07:59:35.488+0000] {dag.py:3239} INFO - Sync 1 DAGs
[2024-11-14T07:59:35.549+0000] {logging_mixin.py:190} INFO - [2024-11-14T07:59:35.549+0000] {dag.py:4180} INFO - Setting next_dagrun for example_workday_timetable to 2021-01-04 00:00:00+00:00, run_after=2021-01-05 00:00:00+00:00
[2024-11-14T07:59:35.570+0000] {processor.py:208} INFO - Processing /home/ubuntu/airflow-venv/lib/python3.12/site-packages/airflow/example_dags/example_workday_timetable.py took 0.117 seconds
[2024-11-14T08:00:36.118+0000] {processor.py:186} INFO - Started process (PID=5332) to work on /home/ubuntu/airflow-venv/lib/python3.12/site-packages/airflow/example_dags/example_workday_timetable.py
[2024-11-14T08:00:36.120+0000] {processor.py:914} INFO - Processing file /home/ubuntu/airflow-venv/lib/python3.12/site-packages/airflow/example_dags/example_workday_timetable.py for tasks to queue
[2024-11-14T08:00:36.122+0000] {logging_mixin.py:190} INFO - [2024-11-14T08:00:36.121+0000] {dagbag.py:588} INFO - Filling up the DagBag from /home/ubuntu/airflow-venv/lib/python3.12/site-packages/airflow/example_dags/example_workday_timetable.py
[2024-11-14T08:00:36.130+0000] {processor.py:925} INFO - DAG(s) 'example_workday_timetable' retrieved from /home/ubuntu/airflow-venv/lib/python3.12/site-packages/airflow/example_dags/example_workday_timetable.py
[2024-11-14T08:00:36.148+0000] {logging_mixin.py:190} INFO - [2024-11-14T08:00:36.148+0000] {dag.py:3239} INFO - Sync 1 DAGs
[2024-11-14T08:00:36.249+0000] {logging_mixin.py:190} INFO - [2024-11-14T08:00:36.248+0000] {dag.py:4180} INFO - Setting next_dagrun for example_workday_timetable to 2021-01-04 00:00:00+00:00, run_after=2021-01-05 00:00:00+00:00
[2024-11-14T08:00:36.296+0000] {processor.py:208} INFO - Processing /home/ubuntu/airflow-venv/lib/python3.12/site-packages/airflow/example_dags/example_workday_timetable.py took 0.184 seconds
[2024-11-14T08:01:36.340+0000] {processor.py:186} INFO - Started process (PID=5396) to work on /home/ubuntu/airflow-venv/lib/python3.12/site-packages/airflow/example_dags/example_workday_timetable.py
[2024-11-14T08:01:36.343+0000] {processor.py:914} INFO - Processing file /home/ubuntu/airflow-venv/lib/python3.12/site-packages/airflow/example_dags/example_workday_timetable.py for tasks to queue
[2024-11-14T08:01:36.349+0000] {logging_mixin.py:190} INFO - [2024-11-14T08:01:36.349+0000] {dagbag.py:588} INFO - Filling up the DagBag from /home/ubuntu/airflow-venv/lib/python3.12/site-packages/airflow/example_dags/example_workday_timetable.py
[2024-11-14T08:01:36.356+0000] {processor.py:925} INFO - DAG(s) 'example_workday_timetable' retrieved from /home/ubuntu/airflow-venv/lib/python3.12/site-packages/airflow/example_dags/example_workday_timetable.py
[2024-11-14T08:01:36.374+0000] {logging_mixin.py:190} INFO - [2024-11-14T08:01:36.374+0000] {dag.py:3239} INFO - Sync 1 DAGs
[2024-11-14T08:01:36.434+0000] {logging_mixin.py:190} INFO - [2024-11-14T08:01:36.433+0000] {dag.py:4180} INFO - Setting next_dagrun for example_workday_timetable to 2021-01-04 00:00:00+00:00, run_after=2021-01-05 00:00:00+00:00
[2024-11-14T08:01:36.457+0000] {processor.py:208} INFO - Processing /home/ubuntu/airflow-venv/lib/python3.12/site-packages/airflow/example_dags/example_workday_timetable.py took 0.123 seconds
[2024-11-14T08:02:35.992+0000] {processor.py:186} INFO - Started process (PID=5458) to work on /home/ubuntu/airflow-venv/lib/python3.12/site-packages/airflow/example_dags/example_workday_timetable.py
[2024-11-14T08:02:35.994+0000] {processor.py:914} INFO - Processing file /home/ubuntu/airflow-venv/lib/python3.12/site-packages/airflow/example_dags/example_workday_timetable.py for tasks to queue
[2024-11-14T08:02:35.996+0000] {logging_mixin.py:190} INFO - [2024-11-14T08:02:35.996+0000] {dagbag.py:588} INFO - Filling up the DagBag from /home/ubuntu/airflow-venv/lib/python3.12/site-packages/airflow/example_dags/example_workday_timetable.py
[2024-11-14T08:02:36.009+0000] {processor.py:925} INFO - DAG(s) 'example_workday_timetable' retrieved from /home/ubuntu/airflow-venv/lib/python3.12/site-packages/airflow/example_dags/example_workday_timetable.py
[2024-11-14T08:02:36.029+0000] {logging_mixin.py:190} INFO - [2024-11-14T08:02:36.029+0000] {dag.py:3239} INFO - Sync 1 DAGs
[2024-11-14T08:02:36.109+0000] {logging_mixin.py:190} INFO - [2024-11-14T08:02:36.109+0000] {dag.py:4180} INFO - Setting next_dagrun for example_workday_timetable to 2021-01-04 00:00:00+00:00, run_after=2021-01-05 00:00:00+00:00
[2024-11-14T08:02:36.134+0000] {processor.py:208} INFO - Processing /home/ubuntu/airflow-venv/lib/python3.12/site-packages/airflow/example_dags/example_workday_timetable.py took 0.148 seconds
