[2024-11-14T07:40:47.136+0000] {processor.py:186} INFO - Started process (PID=3689) to work on /home/ubuntu/airflow-venv/lib/python3.12/site-packages/airflow/example_dags/example_setup_teardown_taskflow.py
[2024-11-14T07:40:47.137+0000] {processor.py:914} INFO - Processing file /home/ubuntu/airflow-venv/lib/python3.12/site-packages/airflow/example_dags/example_setup_teardown_taskflow.py for tasks to queue
[2024-11-14T07:40:47.140+0000] {logging_mixin.py:190} INFO - [2024-11-14T07:40:47.140+0000] {dagbag.py:588} INFO - Filling up the DagBag from /home/ubuntu/airflow-venv/lib/python3.12/site-packages/airflow/example_dags/example_setup_teardown_taskflow.py
[2024-11-14T07:40:47.152+0000] {processor.py:925} INFO - DAG(s) 'example_setup_teardown_taskflow' retrieved from /home/ubuntu/airflow-venv/lib/python3.12/site-packages/airflow/example_dags/example_setup_teardown_taskflow.py
[2024-11-14T07:40:47.282+0000] {logging_mixin.py:190} INFO - [2024-11-14T07:40:47.281+0000] {override.py:1911} INFO - Created Permission View: can delete on DAG:example_setup_teardown_taskflow
[2024-11-14T07:40:47.297+0000] {logging_mixin.py:190} INFO - [2024-11-14T07:40:47.296+0000] {override.py:1911} INFO - Created Permission View: can read on DAG:example_setup_teardown_taskflow
[2024-11-14T07:40:47.307+0000] {logging_mixin.py:190} INFO - [2024-11-14T07:40:47.306+0000] {override.py:1911} INFO - Created Permission View: can edit on DAG:example_setup_teardown_taskflow
[2024-11-14T07:40:47.323+0000] {logging_mixin.py:190} INFO - [2024-11-14T07:40:47.322+0000] {override.py:1911} INFO - Created Permission View: can delete on DAG Run:example_setup_teardown_taskflow
[2024-11-14T07:40:47.333+0000] {logging_mixin.py:190} INFO - [2024-11-14T07:40:47.333+0000] {override.py:1911} INFO - Created Permission View: can create on DAG Run:example_setup_teardown_taskflow
[2024-11-14T07:40:47.343+0000] {logging_mixin.py:190} INFO - [2024-11-14T07:40:47.343+0000] {override.py:1911} INFO - Created Permission View: can read on DAG Run:example_setup_teardown_taskflow
[2024-11-14T07:40:47.357+0000] {logging_mixin.py:190} INFO - [2024-11-14T07:40:47.357+0000] {override.py:1911} INFO - Created Permission View: menu access on DAG Run:example_setup_teardown_taskflow
[2024-11-14T07:40:47.358+0000] {logging_mixin.py:190} INFO - [2024-11-14T07:40:47.358+0000] {dag.py:3239} INFO - Sync 1 DAGs
[2024-11-14T07:40:47.374+0000] {logging_mixin.py:190} INFO - [2024-11-14T07:40:47.373+0000] {dag.py:3262} INFO - Creating ORM DAG for example_setup_teardown_taskflow
[2024-11-14T07:40:47.375+0000] {logging_mixin.py:190} INFO - [2024-11-14T07:40:47.375+0000] {dag.py:4180} INFO - Setting next_dagrun for example_setup_teardown_taskflow to None, run_after=None
[2024-11-14T07:40:47.397+0000] {processor.py:208} INFO - Processing /home/ubuntu/airflow-venv/lib/python3.12/site-packages/airflow/example_dags/example_setup_teardown_taskflow.py took 0.267 seconds
[2024-11-14T07:41:53.875+0000] {processor.py:186} INFO - Started process (PID=3750) to work on /home/ubuntu/airflow-venv/lib/python3.12/site-packages/airflow/example_dags/example_setup_teardown_taskflow.py
[2024-11-14T07:41:53.876+0000] {processor.py:914} INFO - Processing file /home/ubuntu/airflow-venv/lib/python3.12/site-packages/airflow/example_dags/example_setup_teardown_taskflow.py for tasks to queue
[2024-11-14T07:41:53.879+0000] {logging_mixin.py:190} INFO - [2024-11-14T07:41:53.878+0000] {dagbag.py:588} INFO - Filling up the DagBag from /home/ubuntu/airflow-venv/lib/python3.12/site-packages/airflow/example_dags/example_setup_teardown_taskflow.py
[2024-11-14T07:41:53.907+0000] {processor.py:925} INFO - DAG(s) 'example_setup_teardown_taskflow' retrieved from /home/ubuntu/airflow-venv/lib/python3.12/site-packages/airflow/example_dags/example_setup_teardown_taskflow.py
[2024-11-14T07:41:53.929+0000] {logging_mixin.py:190} INFO - [2024-11-14T07:41:53.929+0000] {dag.py:3239} INFO - Sync 1 DAGs
[2024-11-14T07:41:53.953+0000] {logging_mixin.py:190} INFO - [2024-11-14T07:41:53.952+0000] {dag.py:4180} INFO - Setting next_dagrun for example_setup_teardown_taskflow to None, run_after=None
[2024-11-14T07:41:53.998+0000] {processor.py:208} INFO - Processing /home/ubuntu/airflow-venv/lib/python3.12/site-packages/airflow/example_dags/example_setup_teardown_taskflow.py took 0.136 seconds
[2024-11-14T07:42:50.689+0000] {processor.py:186} INFO - Started process (PID=3808) to work on /home/ubuntu/airflow-venv/lib/python3.12/site-packages/airflow/example_dags/example_setup_teardown_taskflow.py
[2024-11-14T07:42:50.691+0000] {processor.py:914} INFO - Processing file /home/ubuntu/airflow-venv/lib/python3.12/site-packages/airflow/example_dags/example_setup_teardown_taskflow.py for tasks to queue
[2024-11-14T07:42:50.693+0000] {logging_mixin.py:190} INFO - [2024-11-14T07:42:50.693+0000] {dagbag.py:588} INFO - Filling up the DagBag from /home/ubuntu/airflow-venv/lib/python3.12/site-packages/airflow/example_dags/example_setup_teardown_taskflow.py
[2024-11-14T07:42:50.707+0000] {processor.py:925} INFO - DAG(s) 'example_setup_teardown_taskflow' retrieved from /home/ubuntu/airflow-venv/lib/python3.12/site-packages/airflow/example_dags/example_setup_teardown_taskflow.py
[2024-11-14T07:42:50.727+0000] {logging_mixin.py:190} INFO - [2024-11-14T07:42:50.726+0000] {dag.py:3239} INFO - Sync 1 DAGs
[2024-11-14T07:42:50.741+0000] {logging_mixin.py:190} INFO - [2024-11-14T07:42:50.741+0000] {dag.py:4180} INFO - Setting next_dagrun for example_setup_teardown_taskflow to None, run_after=None
[2024-11-14T07:42:50.784+0000] {processor.py:208} INFO - Processing /home/ubuntu/airflow-venv/lib/python3.12/site-packages/airflow/example_dags/example_setup_teardown_taskflow.py took 0.101 seconds
[2024-11-14T07:43:44.647+0000] {processor.py:186} INFO - Started process (PID=3862) to work on /home/ubuntu/airflow-venv/lib/python3.12/site-packages/airflow/example_dags/example_setup_teardown_taskflow.py
[2024-11-14T07:43:44.648+0000] {processor.py:914} INFO - Processing file /home/ubuntu/airflow-venv/lib/python3.12/site-packages/airflow/example_dags/example_setup_teardown_taskflow.py for tasks to queue
[2024-11-14T07:43:44.652+0000] {logging_mixin.py:190} INFO - [2024-11-14T07:43:44.651+0000] {dagbag.py:588} INFO - Filling up the DagBag from /home/ubuntu/airflow-venv/lib/python3.12/site-packages/airflow/example_dags/example_setup_teardown_taskflow.py
[2024-11-14T07:43:44.665+0000] {processor.py:925} INFO - DAG(s) 'example_setup_teardown_taskflow' retrieved from /home/ubuntu/airflow-venv/lib/python3.12/site-packages/airflow/example_dags/example_setup_teardown_taskflow.py
[2024-11-14T07:43:44.686+0000] {logging_mixin.py:190} INFO - [2024-11-14T07:43:44.686+0000] {dag.py:3239} INFO - Sync 1 DAGs
[2024-11-14T07:43:44.699+0000] {logging_mixin.py:190} INFO - [2024-11-14T07:43:44.699+0000] {dag.py:4180} INFO - Setting next_dagrun for example_setup_teardown_taskflow to None, run_after=None
[2024-11-14T07:43:44.723+0000] {processor.py:208} INFO - Processing /home/ubuntu/airflow-venv/lib/python3.12/site-packages/airflow/example_dags/example_setup_teardown_taskflow.py took 0.083 seconds
[2024-11-14T07:44:43.034+0000] {processor.py:186} INFO - Started process (PID=3918) to work on /home/ubuntu/airflow-venv/lib/python3.12/site-packages/airflow/example_dags/example_setup_teardown_taskflow.py
[2024-11-14T07:44:43.038+0000] {processor.py:914} INFO - Processing file /home/ubuntu/airflow-venv/lib/python3.12/site-packages/airflow/example_dags/example_setup_teardown_taskflow.py for tasks to queue
[2024-11-14T07:44:43.042+0000] {logging_mixin.py:190} INFO - [2024-11-14T07:44:43.041+0000] {dagbag.py:588} INFO - Filling up the DagBag from /home/ubuntu/airflow-venv/lib/python3.12/site-packages/airflow/example_dags/example_setup_teardown_taskflow.py
[2024-11-14T07:44:43.054+0000] {processor.py:925} INFO - DAG(s) 'example_setup_teardown_taskflow' retrieved from /home/ubuntu/airflow-venv/lib/python3.12/site-packages/airflow/example_dags/example_setup_teardown_taskflow.py
[2024-11-14T07:44:43.078+0000] {logging_mixin.py:190} INFO - [2024-11-14T07:44:43.078+0000] {dag.py:3239} INFO - Sync 1 DAGs
[2024-11-14T07:44:43.091+0000] {logging_mixin.py:190} INFO - [2024-11-14T07:44:43.090+0000] {dag.py:4180} INFO - Setting next_dagrun for example_setup_teardown_taskflow to None, run_after=None
[2024-11-14T07:44:43.115+0000] {processor.py:208} INFO - Processing /home/ubuntu/airflow-venv/lib/python3.12/site-packages/airflow/example_dags/example_setup_teardown_taskflow.py took 0.092 seconds
[2024-11-14T07:45:38.811+0000] {processor.py:186} INFO - Started process (PID=3978) to work on /home/ubuntu/airflow-venv/lib/python3.12/site-packages/airflow/example_dags/example_setup_teardown_taskflow.py
[2024-11-14T07:45:38.813+0000] {processor.py:914} INFO - Processing file /home/ubuntu/airflow-venv/lib/python3.12/site-packages/airflow/example_dags/example_setup_teardown_taskflow.py for tasks to queue
[2024-11-14T07:45:38.815+0000] {logging_mixin.py:190} INFO - [2024-11-14T07:45:38.814+0000] {dagbag.py:588} INFO - Filling up the DagBag from /home/ubuntu/airflow-venv/lib/python3.12/site-packages/airflow/example_dags/example_setup_teardown_taskflow.py
[2024-11-14T07:45:38.828+0000] {processor.py:925} INFO - DAG(s) 'example_setup_teardown_taskflow' retrieved from /home/ubuntu/airflow-venv/lib/python3.12/site-packages/airflow/example_dags/example_setup_teardown_taskflow.py
[2024-11-14T07:45:38.849+0000] {logging_mixin.py:190} INFO - [2024-11-14T07:45:38.849+0000] {dag.py:3239} INFO - Sync 1 DAGs
[2024-11-14T07:45:38.862+0000] {logging_mixin.py:190} INFO - [2024-11-14T07:45:38.862+0000] {dag.py:4180} INFO - Setting next_dagrun for example_setup_teardown_taskflow to None, run_after=None
[2024-11-14T07:45:38.892+0000] {processor.py:208} INFO - Processing /home/ubuntu/airflow-venv/lib/python3.12/site-packages/airflow/example_dags/example_setup_teardown_taskflow.py took 0.086 seconds
[2024-11-14T07:46:30.939+0000] {processor.py:186} INFO - Started process (PID=4038) to work on /home/ubuntu/airflow-venv/lib/python3.12/site-packages/airflow/example_dags/example_setup_teardown_taskflow.py
[2024-11-14T07:46:30.941+0000] {processor.py:914} INFO - Processing file /home/ubuntu/airflow-venv/lib/python3.12/site-packages/airflow/example_dags/example_setup_teardown_taskflow.py for tasks to queue
[2024-11-14T07:46:30.943+0000] {logging_mixin.py:190} INFO - [2024-11-14T07:46:30.943+0000] {dagbag.py:588} INFO - Filling up the DagBag from /home/ubuntu/airflow-venv/lib/python3.12/site-packages/airflow/example_dags/example_setup_teardown_taskflow.py
[2024-11-14T07:46:30.955+0000] {processor.py:925} INFO - DAG(s) 'example_setup_teardown_taskflow' retrieved from /home/ubuntu/airflow-venv/lib/python3.12/site-packages/airflow/example_dags/example_setup_teardown_taskflow.py
[2024-11-14T07:46:30.974+0000] {logging_mixin.py:190} INFO - [2024-11-14T07:46:30.973+0000] {dag.py:3239} INFO - Sync 1 DAGs
[2024-11-14T07:46:30.986+0000] {logging_mixin.py:190} INFO - [2024-11-14T07:46:30.986+0000] {dag.py:4180} INFO - Setting next_dagrun for example_setup_teardown_taskflow to None, run_after=None
[2024-11-14T07:46:31.008+0000] {processor.py:208} INFO - Processing /home/ubuntu/airflow-venv/lib/python3.12/site-packages/airflow/example_dags/example_setup_teardown_taskflow.py took 0.075 seconds
[2024-11-14T07:47:26.075+0000] {processor.py:186} INFO - Started process (PID=4223) to work on /home/ubuntu/airflow-venv/lib/python3.12/site-packages/airflow/example_dags/example_setup_teardown_taskflow.py
[2024-11-14T07:47:26.077+0000] {processor.py:914} INFO - Processing file /home/ubuntu/airflow-venv/lib/python3.12/site-packages/airflow/example_dags/example_setup_teardown_taskflow.py for tasks to queue
[2024-11-14T07:47:26.081+0000] {logging_mixin.py:190} INFO - [2024-11-14T07:47:26.080+0000] {dagbag.py:588} INFO - Filling up the DagBag from /home/ubuntu/airflow-venv/lib/python3.12/site-packages/airflow/example_dags/example_setup_teardown_taskflow.py
[2024-11-14T07:47:26.106+0000] {processor.py:925} INFO - DAG(s) 'example_setup_teardown_taskflow' retrieved from /home/ubuntu/airflow-venv/lib/python3.12/site-packages/airflow/example_dags/example_setup_teardown_taskflow.py
[2024-11-14T07:47:26.141+0000] {logging_mixin.py:190} INFO - [2024-11-14T07:47:26.141+0000] {dag.py:3239} INFO - Sync 1 DAGs
[2024-11-14T07:47:26.165+0000] {logging_mixin.py:190} INFO - [2024-11-14T07:47:26.165+0000] {dag.py:4180} INFO - Setting next_dagrun for example_setup_teardown_taskflow to None, run_after=None
[2024-11-14T07:47:26.207+0000] {processor.py:208} INFO - Processing /home/ubuntu/airflow-venv/lib/python3.12/site-packages/airflow/example_dags/example_setup_teardown_taskflow.py took 0.146 seconds
[2024-11-14T07:48:29.053+0000] {processor.py:186} INFO - Started process (PID=4597) to work on /home/ubuntu/airflow-venv/lib/python3.12/site-packages/airflow/example_dags/example_setup_teardown_taskflow.py
[2024-11-14T07:48:29.056+0000] {processor.py:914} INFO - Processing file /home/ubuntu/airflow-venv/lib/python3.12/site-packages/airflow/example_dags/example_setup_teardown_taskflow.py for tasks to queue
[2024-11-14T07:48:29.061+0000] {logging_mixin.py:190} INFO - [2024-11-14T07:48:29.060+0000] {dagbag.py:588} INFO - Filling up the DagBag from /home/ubuntu/airflow-venv/lib/python3.12/site-packages/airflow/example_dags/example_setup_teardown_taskflow.py
[2024-11-14T07:48:29.091+0000] {processor.py:925} INFO - DAG(s) 'example_setup_teardown_taskflow' retrieved from /home/ubuntu/airflow-venv/lib/python3.12/site-packages/airflow/example_dags/example_setup_teardown_taskflow.py
[2024-11-14T07:48:29.132+0000] {logging_mixin.py:190} INFO - [2024-11-14T07:48:29.132+0000] {dag.py:3239} INFO - Sync 1 DAGs
[2024-11-14T07:48:29.161+0000] {logging_mixin.py:190} INFO - [2024-11-14T07:48:29.160+0000] {dag.py:4180} INFO - Setting next_dagrun for example_setup_teardown_taskflow to None, run_after=None
[2024-11-14T07:48:29.198+0000] {processor.py:208} INFO - Processing /home/ubuntu/airflow-venv/lib/python3.12/site-packages/airflow/example_dags/example_setup_teardown_taskflow.py took 0.158 seconds
[2024-11-14T07:49:32.582+0000] {processor.py:186} INFO - Started process (PID=4657) to work on /home/ubuntu/airflow-venv/lib/python3.12/site-packages/airflow/example_dags/example_setup_teardown_taskflow.py
[2024-11-14T07:49:32.583+0000] {processor.py:914} INFO - Processing file /home/ubuntu/airflow-venv/lib/python3.12/site-packages/airflow/example_dags/example_setup_teardown_taskflow.py for tasks to queue
[2024-11-14T07:49:32.586+0000] {logging_mixin.py:190} INFO - [2024-11-14T07:49:32.586+0000] {dagbag.py:588} INFO - Filling up the DagBag from /home/ubuntu/airflow-venv/lib/python3.12/site-packages/airflow/example_dags/example_setup_teardown_taskflow.py
[2024-11-14T07:49:32.600+0000] {processor.py:925} INFO - DAG(s) 'example_setup_teardown_taskflow' retrieved from /home/ubuntu/airflow-venv/lib/python3.12/site-packages/airflow/example_dags/example_setup_teardown_taskflow.py
[2024-11-14T07:49:32.622+0000] {logging_mixin.py:190} INFO - [2024-11-14T07:49:32.621+0000] {dag.py:3239} INFO - Sync 1 DAGs
[2024-11-14T07:49:32.639+0000] {logging_mixin.py:190} INFO - [2024-11-14T07:49:32.638+0000] {dag.py:4180} INFO - Setting next_dagrun for example_setup_teardown_taskflow to None, run_after=None
[2024-11-14T07:49:32.669+0000] {processor.py:208} INFO - Processing /home/ubuntu/airflow-venv/lib/python3.12/site-packages/airflow/example_dags/example_setup_teardown_taskflow.py took 0.093 seconds
[2024-11-14T07:50:32.529+0000] {processor.py:186} INFO - Started process (PID=4721) to work on /home/ubuntu/airflow-venv/lib/python3.12/site-packages/airflow/example_dags/example_setup_teardown_taskflow.py
[2024-11-14T07:50:32.539+0000] {processor.py:914} INFO - Processing file /home/ubuntu/airflow-venv/lib/python3.12/site-packages/airflow/example_dags/example_setup_teardown_taskflow.py for tasks to queue
[2024-11-14T07:50:32.542+0000] {logging_mixin.py:190} INFO - [2024-11-14T07:50:32.541+0000] {dagbag.py:588} INFO - Filling up the DagBag from /home/ubuntu/airflow-venv/lib/python3.12/site-packages/airflow/example_dags/example_setup_teardown_taskflow.py
[2024-11-14T07:50:32.567+0000] {processor.py:925} INFO - DAG(s) 'example_setup_teardown_taskflow' retrieved from /home/ubuntu/airflow-venv/lib/python3.12/site-packages/airflow/example_dags/example_setup_teardown_taskflow.py
[2024-11-14T07:50:32.595+0000] {logging_mixin.py:190} INFO - [2024-11-14T07:50:32.595+0000] {dag.py:3239} INFO - Sync 1 DAGs
[2024-11-14T07:50:32.609+0000] {logging_mixin.py:190} INFO - [2024-11-14T07:50:32.609+0000] {dag.py:4180} INFO - Setting next_dagrun for example_setup_teardown_taskflow to None, run_after=None
[2024-11-14T07:50:32.632+0000] {processor.py:208} INFO - Processing /home/ubuntu/airflow-venv/lib/python3.12/site-packages/airflow/example_dags/example_setup_teardown_taskflow.py took 0.114 seconds
[2024-11-14T07:51:37.374+0000] {processor.py:186} INFO - Started process (PID=4784) to work on /home/ubuntu/airflow-venv/lib/python3.12/site-packages/airflow/example_dags/example_setup_teardown_taskflow.py
[2024-11-14T07:51:37.376+0000] {processor.py:914} INFO - Processing file /home/ubuntu/airflow-venv/lib/python3.12/site-packages/airflow/example_dags/example_setup_teardown_taskflow.py for tasks to queue
[2024-11-14T07:51:37.377+0000] {logging_mixin.py:190} INFO - [2024-11-14T07:51:37.377+0000] {dagbag.py:588} INFO - Filling up the DagBag from /home/ubuntu/airflow-venv/lib/python3.12/site-packages/airflow/example_dags/example_setup_teardown_taskflow.py
[2024-11-14T07:51:37.389+0000] {processor.py:925} INFO - DAG(s) 'example_setup_teardown_taskflow' retrieved from /home/ubuntu/airflow-venv/lib/python3.12/site-packages/airflow/example_dags/example_setup_teardown_taskflow.py
[2024-11-14T07:51:37.410+0000] {logging_mixin.py:190} INFO - [2024-11-14T07:51:37.410+0000] {dag.py:3239} INFO - Sync 1 DAGs
[2024-11-14T07:51:37.424+0000] {logging_mixin.py:190} INFO - [2024-11-14T07:51:37.424+0000] {dag.py:4180} INFO - Setting next_dagrun for example_setup_teardown_taskflow to None, run_after=None
[2024-11-14T07:51:37.450+0000] {processor.py:208} INFO - Processing /home/ubuntu/airflow-venv/lib/python3.12/site-packages/airflow/example_dags/example_setup_teardown_taskflow.py took 0.082 seconds
[2024-11-14T07:52:37.290+0000] {processor.py:186} INFO - Started process (PID=4844) to work on /home/ubuntu/airflow-venv/lib/python3.12/site-packages/airflow/example_dags/example_setup_teardown_taskflow.py
[2024-11-14T07:52:37.293+0000] {processor.py:914} INFO - Processing file /home/ubuntu/airflow-venv/lib/python3.12/site-packages/airflow/example_dags/example_setup_teardown_taskflow.py for tasks to queue
[2024-11-14T07:52:37.296+0000] {logging_mixin.py:190} INFO - [2024-11-14T07:52:37.294+0000] {dagbag.py:588} INFO - Filling up the DagBag from /home/ubuntu/airflow-venv/lib/python3.12/site-packages/airflow/example_dags/example_setup_teardown_taskflow.py
[2024-11-14T07:52:37.315+0000] {processor.py:925} INFO - DAG(s) 'example_setup_teardown_taskflow' retrieved from /home/ubuntu/airflow-venv/lib/python3.12/site-packages/airflow/example_dags/example_setup_teardown_taskflow.py
[2024-11-14T07:52:37.346+0000] {logging_mixin.py:190} INFO - [2024-11-14T07:52:37.345+0000] {dag.py:3239} INFO - Sync 1 DAGs
[2024-11-14T07:52:37.370+0000] {logging_mixin.py:190} INFO - [2024-11-14T07:52:37.369+0000] {dag.py:4180} INFO - Setting next_dagrun for example_setup_teardown_taskflow to None, run_after=None
[2024-11-14T07:52:37.394+0000] {processor.py:208} INFO - Processing /home/ubuntu/airflow-venv/lib/python3.12/site-packages/airflow/example_dags/example_setup_teardown_taskflow.py took 0.120 seconds
[2024-11-14T07:53:34.573+0000] {processor.py:186} INFO - Started process (PID=4904) to work on /home/ubuntu/airflow-venv/lib/python3.12/site-packages/airflow/example_dags/example_setup_teardown_taskflow.py
[2024-11-14T07:53:34.576+0000] {processor.py:914} INFO - Processing file /home/ubuntu/airflow-venv/lib/python3.12/site-packages/airflow/example_dags/example_setup_teardown_taskflow.py for tasks to queue
[2024-11-14T07:53:34.579+0000] {logging_mixin.py:190} INFO - [2024-11-14T07:53:34.578+0000] {dagbag.py:588} INFO - Filling up the DagBag from /home/ubuntu/airflow-venv/lib/python3.12/site-packages/airflow/example_dags/example_setup_teardown_taskflow.py
[2024-11-14T07:53:34.599+0000] {processor.py:925} INFO - DAG(s) 'example_setup_teardown_taskflow' retrieved from /home/ubuntu/airflow-venv/lib/python3.12/site-packages/airflow/example_dags/example_setup_teardown_taskflow.py
[2024-11-14T07:53:34.623+0000] {logging_mixin.py:190} INFO - [2024-11-14T07:53:34.623+0000] {dag.py:3239} INFO - Sync 1 DAGs
[2024-11-14T07:53:34.640+0000] {logging_mixin.py:190} INFO - [2024-11-14T07:53:34.640+0000] {dag.py:4180} INFO - Setting next_dagrun for example_setup_teardown_taskflow to None, run_after=None
[2024-11-14T07:53:34.668+0000] {processor.py:208} INFO - Processing /home/ubuntu/airflow-venv/lib/python3.12/site-packages/airflow/example_dags/example_setup_teardown_taskflow.py took 0.107 seconds
[2024-11-14T07:54:36.737+0000] {processor.py:186} INFO - Started process (PID=4966) to work on /home/ubuntu/airflow-venv/lib/python3.12/site-packages/airflow/example_dags/example_setup_teardown_taskflow.py
[2024-11-14T07:54:36.739+0000] {processor.py:914} INFO - Processing file /home/ubuntu/airflow-venv/lib/python3.12/site-packages/airflow/example_dags/example_setup_teardown_taskflow.py for tasks to queue
[2024-11-14T07:54:36.741+0000] {logging_mixin.py:190} INFO - [2024-11-14T07:54:36.740+0000] {dagbag.py:588} INFO - Filling up the DagBag from /home/ubuntu/airflow-venv/lib/python3.12/site-packages/airflow/example_dags/example_setup_teardown_taskflow.py
[2024-11-14T07:54:36.759+0000] {processor.py:925} INFO - DAG(s) 'example_setup_teardown_taskflow' retrieved from /home/ubuntu/airflow-venv/lib/python3.12/site-packages/airflow/example_dags/example_setup_teardown_taskflow.py
[2024-11-14T07:54:36.789+0000] {logging_mixin.py:190} INFO - [2024-11-14T07:54:36.789+0000] {dag.py:3239} INFO - Sync 1 DAGs
[2024-11-14T07:54:36.811+0000] {logging_mixin.py:190} INFO - [2024-11-14T07:54:36.810+0000] {dag.py:4180} INFO - Setting next_dagrun for example_setup_teardown_taskflow to None, run_after=None
[2024-11-14T07:54:36.845+0000] {processor.py:208} INFO - Processing /home/ubuntu/airflow-venv/lib/python3.12/site-packages/airflow/example_dags/example_setup_teardown_taskflow.py took 0.119 seconds
[2024-11-14T07:55:36.426+0000] {processor.py:186} INFO - Started process (PID=5029) to work on /home/ubuntu/airflow-venv/lib/python3.12/site-packages/airflow/example_dags/example_setup_teardown_taskflow.py
[2024-11-14T07:55:36.428+0000] {processor.py:914} INFO - Processing file /home/ubuntu/airflow-venv/lib/python3.12/site-packages/airflow/example_dags/example_setup_teardown_taskflow.py for tasks to queue
[2024-11-14T07:55:36.429+0000] {logging_mixin.py:190} INFO - [2024-11-14T07:55:36.429+0000] {dagbag.py:588} INFO - Filling up the DagBag from /home/ubuntu/airflow-venv/lib/python3.12/site-packages/airflow/example_dags/example_setup_teardown_taskflow.py
[2024-11-14T07:55:36.441+0000] {processor.py:925} INFO - DAG(s) 'example_setup_teardown_taskflow' retrieved from /home/ubuntu/airflow-venv/lib/python3.12/site-packages/airflow/example_dags/example_setup_teardown_taskflow.py
[2024-11-14T07:55:36.461+0000] {logging_mixin.py:190} INFO - [2024-11-14T07:55:36.460+0000] {dag.py:3239} INFO - Sync 1 DAGs
[2024-11-14T07:55:36.476+0000] {logging_mixin.py:190} INFO - [2024-11-14T07:55:36.476+0000] {dag.py:4180} INFO - Setting next_dagrun for example_setup_teardown_taskflow to None, run_after=None
[2024-11-14T07:55:36.499+0000] {processor.py:208} INFO - Processing /home/ubuntu/airflow-venv/lib/python3.12/site-packages/airflow/example_dags/example_setup_teardown_taskflow.py took 0.079 seconds
[2024-11-14T07:56:37.536+0000] {processor.py:186} INFO - Started process (PID=5090) to work on /home/ubuntu/airflow-venv/lib/python3.12/site-packages/airflow/example_dags/example_setup_teardown_taskflow.py
[2024-11-14T07:56:37.537+0000] {processor.py:914} INFO - Processing file /home/ubuntu/airflow-venv/lib/python3.12/site-packages/airflow/example_dags/example_setup_teardown_taskflow.py for tasks to queue
[2024-11-14T07:56:37.541+0000] {logging_mixin.py:190} INFO - [2024-11-14T07:56:37.540+0000] {dagbag.py:588} INFO - Filling up the DagBag from /home/ubuntu/airflow-venv/lib/python3.12/site-packages/airflow/example_dags/example_setup_teardown_taskflow.py
[2024-11-14T07:56:37.579+0000] {processor.py:925} INFO - DAG(s) 'example_setup_teardown_taskflow' retrieved from /home/ubuntu/airflow-venv/lib/python3.12/site-packages/airflow/example_dags/example_setup_teardown_taskflow.py
[2024-11-14T07:56:37.609+0000] {logging_mixin.py:190} INFO - [2024-11-14T07:56:37.608+0000] {dag.py:3239} INFO - Sync 1 DAGs
[2024-11-14T07:56:37.623+0000] {logging_mixin.py:190} INFO - [2024-11-14T07:56:37.622+0000] {dag.py:4180} INFO - Setting next_dagrun for example_setup_teardown_taskflow to None, run_after=None
[2024-11-14T07:56:37.648+0000] {processor.py:208} INFO - Processing /home/ubuntu/airflow-venv/lib/python3.12/site-packages/airflow/example_dags/example_setup_teardown_taskflow.py took 0.127 seconds
[2024-11-14T07:57:37.770+0000] {processor.py:186} INFO - Started process (PID=5152) to work on /home/ubuntu/airflow-venv/lib/python3.12/site-packages/airflow/example_dags/example_setup_teardown_taskflow.py
[2024-11-14T07:57:37.771+0000] {processor.py:914} INFO - Processing file /home/ubuntu/airflow-venv/lib/python3.12/site-packages/airflow/example_dags/example_setup_teardown_taskflow.py for tasks to queue
[2024-11-14T07:57:37.773+0000] {logging_mixin.py:190} INFO - [2024-11-14T07:57:37.773+0000] {dagbag.py:588} INFO - Filling up the DagBag from /home/ubuntu/airflow-venv/lib/python3.12/site-packages/airflow/example_dags/example_setup_teardown_taskflow.py
[2024-11-14T07:57:37.785+0000] {processor.py:925} INFO - DAG(s) 'example_setup_teardown_taskflow' retrieved from /home/ubuntu/airflow-venv/lib/python3.12/site-packages/airflow/example_dags/example_setup_teardown_taskflow.py
[2024-11-14T07:57:37.815+0000] {logging_mixin.py:190} INFO - [2024-11-14T07:57:37.815+0000] {dag.py:3239} INFO - Sync 1 DAGs
[2024-11-14T07:57:37.831+0000] {logging_mixin.py:190} INFO - [2024-11-14T07:57:37.831+0000] {dag.py:4180} INFO - Setting next_dagrun for example_setup_teardown_taskflow to None, run_after=None
[2024-11-14T07:57:37.863+0000] {processor.py:208} INFO - Processing /home/ubuntu/airflow-venv/lib/python3.12/site-packages/airflow/example_dags/example_setup_teardown_taskflow.py took 0.100 seconds
[2024-11-14T07:58:37.741+0000] {processor.py:186} INFO - Started process (PID=5212) to work on /home/ubuntu/airflow-venv/lib/python3.12/site-packages/airflow/example_dags/example_setup_teardown_taskflow.py
[2024-11-14T07:58:37.747+0000] {processor.py:914} INFO - Processing file /home/ubuntu/airflow-venv/lib/python3.12/site-packages/airflow/example_dags/example_setup_teardown_taskflow.py for tasks to queue
[2024-11-14T07:58:37.754+0000] {logging_mixin.py:190} INFO - [2024-11-14T07:58:37.754+0000] {dagbag.py:588} INFO - Filling up the DagBag from /home/ubuntu/airflow-venv/lib/python3.12/site-packages/airflow/example_dags/example_setup_teardown_taskflow.py
[2024-11-14T07:58:37.789+0000] {processor.py:925} INFO - DAG(s) 'example_setup_teardown_taskflow' retrieved from /home/ubuntu/airflow-venv/lib/python3.12/site-packages/airflow/example_dags/example_setup_teardown_taskflow.py
[2024-11-14T07:58:37.855+0000] {logging_mixin.py:190} INFO - [2024-11-14T07:58:37.855+0000] {dag.py:3239} INFO - Sync 1 DAGs
[2024-11-14T07:58:37.876+0000] {logging_mixin.py:190} INFO - [2024-11-14T07:58:37.876+0000] {dag.py:4180} INFO - Setting next_dagrun for example_setup_teardown_taskflow to None, run_after=None
[2024-11-14T07:58:37.901+0000] {processor.py:208} INFO - Processing /home/ubuntu/airflow-venv/lib/python3.12/site-packages/airflow/example_dags/example_setup_teardown_taskflow.py took 0.170 seconds
[2024-11-14T07:59:37.845+0000] {processor.py:186} INFO - Started process (PID=5272) to work on /home/ubuntu/airflow-venv/lib/python3.12/site-packages/airflow/example_dags/example_setup_teardown_taskflow.py
[2024-11-14T07:59:37.847+0000] {processor.py:914} INFO - Processing file /home/ubuntu/airflow-venv/lib/python3.12/site-packages/airflow/example_dags/example_setup_teardown_taskflow.py for tasks to queue
[2024-11-14T07:59:37.848+0000] {logging_mixin.py:190} INFO - [2024-11-14T07:59:37.848+0000] {dagbag.py:588} INFO - Filling up the DagBag from /home/ubuntu/airflow-venv/lib/python3.12/site-packages/airflow/example_dags/example_setup_teardown_taskflow.py
[2024-11-14T07:59:37.861+0000] {processor.py:925} INFO - DAG(s) 'example_setup_teardown_taskflow' retrieved from /home/ubuntu/airflow-venv/lib/python3.12/site-packages/airflow/example_dags/example_setup_teardown_taskflow.py
[2024-11-14T07:59:37.880+0000] {logging_mixin.py:190} INFO - [2024-11-14T07:59:37.879+0000] {dag.py:3239} INFO - Sync 1 DAGs
[2024-11-14T07:59:37.894+0000] {logging_mixin.py:190} INFO - [2024-11-14T07:59:37.893+0000] {dag.py:4180} INFO - Setting next_dagrun for example_setup_teardown_taskflow to None, run_after=None
[2024-11-14T07:59:37.915+0000] {processor.py:208} INFO - Processing /home/ubuntu/airflow-venv/lib/python3.12/site-packages/airflow/example_dags/example_setup_teardown_taskflow.py took 0.076 seconds
[2024-11-14T08:00:38.520+0000] {processor.py:186} INFO - Started process (PID=5334) to work on /home/ubuntu/airflow-venv/lib/python3.12/site-packages/airflow/example_dags/example_setup_teardown_taskflow.py
[2024-11-14T08:00:38.521+0000] {processor.py:914} INFO - Processing file /home/ubuntu/airflow-venv/lib/python3.12/site-packages/airflow/example_dags/example_setup_teardown_taskflow.py for tasks to queue
[2024-11-14T08:00:38.523+0000] {logging_mixin.py:190} INFO - [2024-11-14T08:00:38.522+0000] {dagbag.py:588} INFO - Filling up the DagBag from /home/ubuntu/airflow-venv/lib/python3.12/site-packages/airflow/example_dags/example_setup_teardown_taskflow.py
[2024-11-14T08:00:38.535+0000] {processor.py:925} INFO - DAG(s) 'example_setup_teardown_taskflow' retrieved from /home/ubuntu/airflow-venv/lib/python3.12/site-packages/airflow/example_dags/example_setup_teardown_taskflow.py
[2024-11-14T08:00:38.556+0000] {logging_mixin.py:190} INFO - [2024-11-14T08:00:38.555+0000] {dag.py:3239} INFO - Sync 1 DAGs
[2024-11-14T08:00:38.570+0000] {logging_mixin.py:190} INFO - [2024-11-14T08:00:38.570+0000] {dag.py:4180} INFO - Setting next_dagrun for example_setup_teardown_taskflow to None, run_after=None
[2024-11-14T08:00:38.594+0000] {processor.py:208} INFO - Processing /home/ubuntu/airflow-venv/lib/python3.12/site-packages/airflow/example_dags/example_setup_teardown_taskflow.py took 0.080 seconds
[2024-11-14T08:01:37.798+0000] {processor.py:186} INFO - Started process (PID=5398) to work on /home/ubuntu/airflow-venv/lib/python3.12/site-packages/airflow/example_dags/example_setup_teardown_taskflow.py
[2024-11-14T08:01:37.801+0000] {processor.py:914} INFO - Processing file /home/ubuntu/airflow-venv/lib/python3.12/site-packages/airflow/example_dags/example_setup_teardown_taskflow.py for tasks to queue
[2024-11-14T08:01:37.802+0000] {logging_mixin.py:190} INFO - [2024-11-14T08:01:37.802+0000] {dagbag.py:588} INFO - Filling up the DagBag from /home/ubuntu/airflow-venv/lib/python3.12/site-packages/airflow/example_dags/example_setup_teardown_taskflow.py
[2024-11-14T08:01:37.816+0000] {processor.py:925} INFO - DAG(s) 'example_setup_teardown_taskflow' retrieved from /home/ubuntu/airflow-venv/lib/python3.12/site-packages/airflow/example_dags/example_setup_teardown_taskflow.py
[2024-11-14T08:01:37.838+0000] {logging_mixin.py:190} INFO - [2024-11-14T08:01:37.837+0000] {dag.py:3239} INFO - Sync 1 DAGs
[2024-11-14T08:01:37.851+0000] {logging_mixin.py:190} INFO - [2024-11-14T08:01:37.851+0000] {dag.py:4180} INFO - Setting next_dagrun for example_setup_teardown_taskflow to None, run_after=None
[2024-11-14T08:01:37.877+0000] {processor.py:208} INFO - Processing /home/ubuntu/airflow-venv/lib/python3.12/site-packages/airflow/example_dags/example_setup_teardown_taskflow.py took 0.086 seconds
[2024-11-14T08:02:37.229+0000] {processor.py:186} INFO - Started process (PID=5460) to work on /home/ubuntu/airflow-venv/lib/python3.12/site-packages/airflow/example_dags/example_setup_teardown_taskflow.py
[2024-11-14T08:02:37.231+0000] {processor.py:914} INFO - Processing file /home/ubuntu/airflow-venv/lib/python3.12/site-packages/airflow/example_dags/example_setup_teardown_taskflow.py for tasks to queue
[2024-11-14T08:02:37.232+0000] {logging_mixin.py:190} INFO - [2024-11-14T08:02:37.232+0000] {dagbag.py:588} INFO - Filling up the DagBag from /home/ubuntu/airflow-venv/lib/python3.12/site-packages/airflow/example_dags/example_setup_teardown_taskflow.py
[2024-11-14T08:02:37.244+0000] {processor.py:925} INFO - DAG(s) 'example_setup_teardown_taskflow' retrieved from /home/ubuntu/airflow-venv/lib/python3.12/site-packages/airflow/example_dags/example_setup_teardown_taskflow.py
[2024-11-14T08:02:37.264+0000] {logging_mixin.py:190} INFO - [2024-11-14T08:02:37.264+0000] {dag.py:3239} INFO - Sync 1 DAGs
[2024-11-14T08:02:37.282+0000] {logging_mixin.py:190} INFO - [2024-11-14T08:02:37.282+0000] {dag.py:4180} INFO - Setting next_dagrun for example_setup_teardown_taskflow to None, run_after=None
[2024-11-14T08:02:37.309+0000] {processor.py:208} INFO - Processing /home/ubuntu/airflow-venv/lib/python3.12/site-packages/airflow/example_dags/example_setup_teardown_taskflow.py took 0.101 seconds
