[2024-11-14T07:40:48.509+0000] {processor.py:186} INFO - Started process (PID=3691) to work on /home/ubuntu/airflow-venv/lib/python3.12/site-packages/airflow/example_dags/example_sla_dag.py
[2024-11-14T07:40:48.510+0000] {processor.py:914} INFO - Processing file /home/ubuntu/airflow-venv/lib/python3.12/site-packages/airflow/example_dags/example_sla_dag.py for tasks to queue
[2024-11-14T07:40:48.512+0000] {logging_mixin.py:190} INFO - [2024-11-14T07:40:48.512+0000] {dagbag.py:588} INFO - Filling up the DagBag from /home/ubuntu/airflow-venv/lib/python3.12/site-packages/airflow/example_dags/example_sla_dag.py
[2024-11-14T07:40:48.523+0000] {processor.py:925} INFO - DAG(s) 'example_sla_dag' retrieved from /home/ubuntu/airflow-venv/lib/python3.12/site-packages/airflow/example_dags/example_sla_dag.py
[2024-11-14T07:40:48.630+0000] {logging_mixin.py:190} INFO - [2024-11-14T07:40:48.629+0000] {override.py:1911} INFO - Created Permission View: can delete on DAG:example_sla_dag
[2024-11-14T07:40:48.644+0000] {logging_mixin.py:190} INFO - [2024-11-14T07:40:48.644+0000] {override.py:1911} INFO - Created Permission View: can read on DAG:example_sla_dag
[2024-11-14T07:40:48.654+0000] {logging_mixin.py:190} INFO - [2024-11-14T07:40:48.654+0000] {override.py:1911} INFO - Created Permission View: can edit on DAG:example_sla_dag
[2024-11-14T07:40:48.672+0000] {logging_mixin.py:190} INFO - [2024-11-14T07:40:48.672+0000] {override.py:1911} INFO - Created Permission View: can delete on DAG Run:example_sla_dag
[2024-11-14T07:40:48.682+0000] {logging_mixin.py:190} INFO - [2024-11-14T07:40:48.681+0000] {override.py:1911} INFO - Created Permission View: can create on DAG Run:example_sla_dag
[2024-11-14T07:40:48.692+0000] {logging_mixin.py:190} INFO - [2024-11-14T07:40:48.691+0000] {override.py:1911} INFO - Created Permission View: can read on DAG Run:example_sla_dag
[2024-11-14T07:40:48.702+0000] {logging_mixin.py:190} INFO - [2024-11-14T07:40:48.701+0000] {override.py:1911} INFO - Created Permission View: menu access on DAG Run:example_sla_dag
[2024-11-14T07:40:48.702+0000] {logging_mixin.py:190} INFO - [2024-11-14T07:40:48.702+0000] {dag.py:3239} INFO - Sync 1 DAGs
[2024-11-14T07:40:48.713+0000] {logging_mixin.py:190} INFO - [2024-11-14T07:40:48.713+0000] {dag.py:3262} INFO - Creating ORM DAG for example_sla_dag
[2024-11-14T07:40:48.724+0000] {logging_mixin.py:190} INFO - [2024-11-14T07:40:48.723+0000] {dag.py:4180} INFO - Setting next_dagrun for example_sla_dag to 2024-11-14 07:38:00+00:00, run_after=2024-11-14 07:40:00+00:00
[2024-11-14T07:40:48.746+0000] {processor.py:208} INFO - Processing /home/ubuntu/airflow-venv/lib/python3.12/site-packages/airflow/example_dags/example_sla_dag.py took 0.242 seconds
[2024-11-14T07:41:55.101+0000] {processor.py:186} INFO - Started process (PID=3751) to work on /home/ubuntu/airflow-venv/lib/python3.12/site-packages/airflow/example_dags/example_sla_dag.py
[2024-11-14T07:41:55.102+0000] {processor.py:914} INFO - Processing file /home/ubuntu/airflow-venv/lib/python3.12/site-packages/airflow/example_dags/example_sla_dag.py for tasks to queue
[2024-11-14T07:41:55.104+0000] {logging_mixin.py:190} INFO - [2024-11-14T07:41:55.104+0000] {dagbag.py:588} INFO - Filling up the DagBag from /home/ubuntu/airflow-venv/lib/python3.12/site-packages/airflow/example_dags/example_sla_dag.py
[2024-11-14T07:41:55.115+0000] {processor.py:925} INFO - DAG(s) 'example_sla_dag' retrieved from /home/ubuntu/airflow-venv/lib/python3.12/site-packages/airflow/example_dags/example_sla_dag.py
[2024-11-14T07:41:55.140+0000] {logging_mixin.py:190} INFO - [2024-11-14T07:41:55.140+0000] {dag.py:3239} INFO - Sync 1 DAGs
[2024-11-14T07:41:55.173+0000] {logging_mixin.py:190} INFO - [2024-11-14T07:41:55.173+0000] {dag.py:4180} INFO - Setting next_dagrun for example_sla_dag to 2024-11-14 07:38:00+00:00, run_after=2024-11-14 07:40:00+00:00
[2024-11-14T07:41:55.202+0000] {processor.py:208} INFO - Processing /home/ubuntu/airflow-venv/lib/python3.12/site-packages/airflow/example_dags/example_sla_dag.py took 0.106 seconds
[2024-11-14T07:42:51.940+0000] {processor.py:186} INFO - Started process (PID=3809) to work on /home/ubuntu/airflow-venv/lib/python3.12/site-packages/airflow/example_dags/example_sla_dag.py
[2024-11-14T07:42:51.942+0000] {processor.py:914} INFO - Processing file /home/ubuntu/airflow-venv/lib/python3.12/site-packages/airflow/example_dags/example_sla_dag.py for tasks to queue
[2024-11-14T07:42:51.944+0000] {logging_mixin.py:190} INFO - [2024-11-14T07:42:51.944+0000] {dagbag.py:588} INFO - Filling up the DagBag from /home/ubuntu/airflow-venv/lib/python3.12/site-packages/airflow/example_dags/example_sla_dag.py
[2024-11-14T07:42:51.956+0000] {processor.py:925} INFO - DAG(s) 'example_sla_dag' retrieved from /home/ubuntu/airflow-venv/lib/python3.12/site-packages/airflow/example_dags/example_sla_dag.py
[2024-11-14T07:42:51.972+0000] {logging_mixin.py:190} INFO - [2024-11-14T07:42:51.972+0000] {dag.py:3239} INFO - Sync 1 DAGs
[2024-11-14T07:42:52.004+0000] {logging_mixin.py:190} INFO - [2024-11-14T07:42:52.003+0000] {dag.py:4180} INFO - Setting next_dagrun for example_sla_dag to 2024-11-14 07:40:00+00:00, run_after=2024-11-14 07:42:00+00:00
[2024-11-14T07:42:52.027+0000] {processor.py:208} INFO - Processing /home/ubuntu/airflow-venv/lib/python3.12/site-packages/airflow/example_dags/example_sla_dag.py took 0.096 seconds
[2024-11-14T07:43:45.662+0000] {processor.py:186} INFO - Started process (PID=3863) to work on /home/ubuntu/airflow-venv/lib/python3.12/site-packages/airflow/example_dags/example_sla_dag.py
[2024-11-14T07:43:45.664+0000] {processor.py:914} INFO - Processing file /home/ubuntu/airflow-venv/lib/python3.12/site-packages/airflow/example_dags/example_sla_dag.py for tasks to queue
[2024-11-14T07:43:45.666+0000] {logging_mixin.py:190} INFO - [2024-11-14T07:43:45.666+0000] {dagbag.py:588} INFO - Filling up the DagBag from /home/ubuntu/airflow-venv/lib/python3.12/site-packages/airflow/example_dags/example_sla_dag.py
[2024-11-14T07:43:45.687+0000] {processor.py:925} INFO - DAG(s) 'example_sla_dag' retrieved from /home/ubuntu/airflow-venv/lib/python3.12/site-packages/airflow/example_dags/example_sla_dag.py
[2024-11-14T07:43:45.708+0000] {logging_mixin.py:190} INFO - [2024-11-14T07:43:45.707+0000] {dag.py:3239} INFO - Sync 1 DAGs
[2024-11-14T07:43:45.733+0000] {logging_mixin.py:190} INFO - [2024-11-14T07:43:45.733+0000] {dag.py:4180} INFO - Setting next_dagrun for example_sla_dag to 2024-11-14 07:40:00+00:00, run_after=2024-11-14 07:42:00+00:00
[2024-11-14T07:43:45.760+0000] {processor.py:208} INFO - Processing /home/ubuntu/airflow-venv/lib/python3.12/site-packages/airflow/example_dags/example_sla_dag.py took 0.104 seconds
[2024-11-14T07:44:43.701+0000] {processor.py:186} INFO - Started process (PID=3919) to work on /home/ubuntu/airflow-venv/lib/python3.12/site-packages/airflow/example_dags/example_sla_dag.py
[2024-11-14T07:44:43.703+0000] {processor.py:914} INFO - Processing file /home/ubuntu/airflow-venv/lib/python3.12/site-packages/airflow/example_dags/example_sla_dag.py for tasks to queue
[2024-11-14T07:44:43.705+0000] {logging_mixin.py:190} INFO - [2024-11-14T07:44:43.705+0000] {dagbag.py:588} INFO - Filling up the DagBag from /home/ubuntu/airflow-venv/lib/python3.12/site-packages/airflow/example_dags/example_sla_dag.py
[2024-11-14T07:44:43.718+0000] {processor.py:925} INFO - DAG(s) 'example_sla_dag' retrieved from /home/ubuntu/airflow-venv/lib/python3.12/site-packages/airflow/example_dags/example_sla_dag.py
[2024-11-14T07:44:43.740+0000] {logging_mixin.py:190} INFO - [2024-11-14T07:44:43.740+0000] {dag.py:3239} INFO - Sync 1 DAGs
[2024-11-14T07:44:43.763+0000] {logging_mixin.py:190} INFO - [2024-11-14T07:44:43.763+0000] {dag.py:4180} INFO - Setting next_dagrun for example_sla_dag to 2024-11-14 07:42:00+00:00, run_after=2024-11-14 07:44:00+00:00
[2024-11-14T07:44:43.786+0000] {processor.py:208} INFO - Processing /home/ubuntu/airflow-venv/lib/python3.12/site-packages/airflow/example_dags/example_sla_dag.py took 0.092 seconds
[2024-11-14T07:45:39.884+0000] {processor.py:186} INFO - Started process (PID=3979) to work on /home/ubuntu/airflow-venv/lib/python3.12/site-packages/airflow/example_dags/example_sla_dag.py
[2024-11-14T07:45:39.887+0000] {processor.py:914} INFO - Processing file /home/ubuntu/airflow-venv/lib/python3.12/site-packages/airflow/example_dags/example_sla_dag.py for tasks to queue
[2024-11-14T07:45:39.892+0000] {logging_mixin.py:190} INFO - [2024-11-14T07:45:39.892+0000] {dagbag.py:588} INFO - Filling up the DagBag from /home/ubuntu/airflow-venv/lib/python3.12/site-packages/airflow/example_dags/example_sla_dag.py
[2024-11-14T07:45:39.923+0000] {processor.py:925} INFO - DAG(s) 'example_sla_dag' retrieved from /home/ubuntu/airflow-venv/lib/python3.12/site-packages/airflow/example_dags/example_sla_dag.py
[2024-11-14T07:45:39.957+0000] {logging_mixin.py:190} INFO - [2024-11-14T07:45:39.957+0000] {dag.py:3239} INFO - Sync 1 DAGs
[2024-11-14T07:45:40.002+0000] {logging_mixin.py:190} INFO - [2024-11-14T07:45:40.002+0000] {dag.py:4180} INFO - Setting next_dagrun for example_sla_dag to 2024-11-14 07:42:00+00:00, run_after=2024-11-14 07:44:00+00:00
[2024-11-14T07:45:40.028+0000] {processor.py:208} INFO - Processing /home/ubuntu/airflow-venv/lib/python3.12/site-packages/airflow/example_dags/example_sla_dag.py took 0.152 seconds
[2024-11-14T07:46:32.105+0000] {processor.py:186} INFO - Started process (PID=4039) to work on /home/ubuntu/airflow-venv/lib/python3.12/site-packages/airflow/example_dags/example_sla_dag.py
[2024-11-14T07:46:32.107+0000] {processor.py:914} INFO - Processing file /home/ubuntu/airflow-venv/lib/python3.12/site-packages/airflow/example_dags/example_sla_dag.py for tasks to queue
[2024-11-14T07:46:32.109+0000] {logging_mixin.py:190} INFO - [2024-11-14T07:46:32.109+0000] {dagbag.py:588} INFO - Filling up the DagBag from /home/ubuntu/airflow-venv/lib/python3.12/site-packages/airflow/example_dags/example_sla_dag.py
[2024-11-14T07:46:32.121+0000] {processor.py:925} INFO - DAG(s) 'example_sla_dag' retrieved from /home/ubuntu/airflow-venv/lib/python3.12/site-packages/airflow/example_dags/example_sla_dag.py
[2024-11-14T07:46:32.138+0000] {logging_mixin.py:190} INFO - [2024-11-14T07:46:32.138+0000] {dag.py:3239} INFO - Sync 1 DAGs
[2024-11-14T07:46:32.163+0000] {logging_mixin.py:190} INFO - [2024-11-14T07:46:32.162+0000] {dag.py:4180} INFO - Setting next_dagrun for example_sla_dag to 2024-11-14 07:44:00+00:00, run_after=2024-11-14 07:46:00+00:00
[2024-11-14T07:46:32.185+0000] {processor.py:208} INFO - Processing /home/ubuntu/airflow-venv/lib/python3.12/site-packages/airflow/example_dags/example_sla_dag.py took 0.086 seconds
[2024-11-14T07:47:27.349+0000] {processor.py:186} INFO - Started process (PID=4246) to work on /home/ubuntu/airflow-venv/lib/python3.12/site-packages/airflow/example_dags/example_sla_dag.py
[2024-11-14T07:47:27.351+0000] {processor.py:914} INFO - Processing file /home/ubuntu/airflow-venv/lib/python3.12/site-packages/airflow/example_dags/example_sla_dag.py for tasks to queue
[2024-11-14T07:47:27.353+0000] {logging_mixin.py:190} INFO - [2024-11-14T07:47:27.353+0000] {dagbag.py:588} INFO - Filling up the DagBag from /home/ubuntu/airflow-venv/lib/python3.12/site-packages/airflow/example_dags/example_sla_dag.py
[2024-11-14T07:47:27.369+0000] {processor.py:925} INFO - DAG(s) 'example_sla_dag' retrieved from /home/ubuntu/airflow-venv/lib/python3.12/site-packages/airflow/example_dags/example_sla_dag.py
[2024-11-14T07:47:27.391+0000] {logging_mixin.py:190} INFO - [2024-11-14T07:47:27.390+0000] {dag.py:3239} INFO - Sync 1 DAGs
[2024-11-14T07:47:27.427+0000] {logging_mixin.py:190} INFO - [2024-11-14T07:47:27.427+0000] {dag.py:4180} INFO - Setting next_dagrun for example_sla_dag to 2024-11-14 07:44:00+00:00, run_after=2024-11-14 07:46:00+00:00
[2024-11-14T07:47:27.461+0000] {processor.py:208} INFO - Processing /home/ubuntu/airflow-venv/lib/python3.12/site-packages/airflow/example_dags/example_sla_dag.py took 0.120 seconds
[2024-11-14T07:48:30.318+0000] {processor.py:186} INFO - Started process (PID=4598) to work on /home/ubuntu/airflow-venv/lib/python3.12/site-packages/airflow/example_dags/example_sla_dag.py
[2024-11-14T07:48:30.320+0000] {processor.py:914} INFO - Processing file /home/ubuntu/airflow-venv/lib/python3.12/site-packages/airflow/example_dags/example_sla_dag.py for tasks to queue
[2024-11-14T07:48:30.324+0000] {logging_mixin.py:190} INFO - [2024-11-14T07:48:30.323+0000] {dagbag.py:588} INFO - Filling up the DagBag from /home/ubuntu/airflow-venv/lib/python3.12/site-packages/airflow/example_dags/example_sla_dag.py
[2024-11-14T07:48:30.345+0000] {processor.py:925} INFO - DAG(s) 'example_sla_dag' retrieved from /home/ubuntu/airflow-venv/lib/python3.12/site-packages/airflow/example_dags/example_sla_dag.py
[2024-11-14T07:48:30.376+0000] {logging_mixin.py:190} INFO - [2024-11-14T07:48:30.376+0000] {dag.py:3239} INFO - Sync 1 DAGs
[2024-11-14T07:48:30.419+0000] {logging_mixin.py:190} INFO - [2024-11-14T07:48:30.417+0000] {dag.py:4180} INFO - Setting next_dagrun for example_sla_dag to 2024-11-14 07:46:00+00:00, run_after=2024-11-14 07:48:00+00:00
[2024-11-14T07:48:30.454+0000] {processor.py:208} INFO - Processing /home/ubuntu/airflow-venv/lib/python3.12/site-packages/airflow/example_dags/example_sla_dag.py took 0.148 seconds
[2024-11-14T07:49:33.764+0000] {processor.py:186} INFO - Started process (PID=4658) to work on /home/ubuntu/airflow-venv/lib/python3.12/site-packages/airflow/example_dags/example_sla_dag.py
[2024-11-14T07:49:33.765+0000] {processor.py:914} INFO - Processing file /home/ubuntu/airflow-venv/lib/python3.12/site-packages/airflow/example_dags/example_sla_dag.py for tasks to queue
[2024-11-14T07:49:33.769+0000] {logging_mixin.py:190} INFO - [2024-11-14T07:49:33.768+0000] {dagbag.py:588} INFO - Filling up the DagBag from /home/ubuntu/airflow-venv/lib/python3.12/site-packages/airflow/example_dags/example_sla_dag.py
[2024-11-14T07:49:33.784+0000] {processor.py:925} INFO - DAG(s) 'example_sla_dag' retrieved from /home/ubuntu/airflow-venv/lib/python3.12/site-packages/airflow/example_dags/example_sla_dag.py
[2024-11-14T07:49:33.809+0000] {logging_mixin.py:190} INFO - [2024-11-14T07:49:33.807+0000] {dag.py:3239} INFO - Sync 1 DAGs
[2024-11-14T07:49:33.840+0000] {logging_mixin.py:190} INFO - [2024-11-14T07:49:33.840+0000] {dag.py:4180} INFO - Setting next_dagrun for example_sla_dag to 2024-11-14 07:46:00+00:00, run_after=2024-11-14 07:48:00+00:00
[2024-11-14T07:49:33.867+0000] {processor.py:208} INFO - Processing /home/ubuntu/airflow-venv/lib/python3.12/site-packages/airflow/example_dags/example_sla_dag.py took 0.113 seconds
[2024-11-14T07:50:33.663+0000] {processor.py:186} INFO - Started process (PID=4722) to work on /home/ubuntu/airflow-venv/lib/python3.12/site-packages/airflow/example_dags/example_sla_dag.py
[2024-11-14T07:50:33.667+0000] {processor.py:914} INFO - Processing file /home/ubuntu/airflow-venv/lib/python3.12/site-packages/airflow/example_dags/example_sla_dag.py for tasks to queue
[2024-11-14T07:50:33.669+0000] {logging_mixin.py:190} INFO - [2024-11-14T07:50:33.669+0000] {dagbag.py:588} INFO - Filling up the DagBag from /home/ubuntu/airflow-venv/lib/python3.12/site-packages/airflow/example_dags/example_sla_dag.py
[2024-11-14T07:50:33.685+0000] {processor.py:925} INFO - DAG(s) 'example_sla_dag' retrieved from /home/ubuntu/airflow-venv/lib/python3.12/site-packages/airflow/example_dags/example_sla_dag.py
[2024-11-14T07:50:33.702+0000] {logging_mixin.py:190} INFO - [2024-11-14T07:50:33.702+0000] {dag.py:3239} INFO - Sync 1 DAGs
[2024-11-14T07:50:33.725+0000] {logging_mixin.py:190} INFO - [2024-11-14T07:50:33.725+0000] {dag.py:4180} INFO - Setting next_dagrun for example_sla_dag to 2024-11-14 07:48:00+00:00, run_after=2024-11-14 07:50:00+00:00
[2024-11-14T07:50:33.768+0000] {processor.py:208} INFO - Processing /home/ubuntu/airflow-venv/lib/python3.12/site-packages/airflow/example_dags/example_sla_dag.py took 0.116 seconds
[2024-11-14T07:51:38.523+0000] {processor.py:186} INFO - Started process (PID=4785) to work on /home/ubuntu/airflow-venv/lib/python3.12/site-packages/airflow/example_dags/example_sla_dag.py
[2024-11-14T07:51:38.524+0000] {processor.py:914} INFO - Processing file /home/ubuntu/airflow-venv/lib/python3.12/site-packages/airflow/example_dags/example_sla_dag.py for tasks to queue
[2024-11-14T07:51:38.526+0000] {logging_mixin.py:190} INFO - [2024-11-14T07:51:38.525+0000] {dagbag.py:588} INFO - Filling up the DagBag from /home/ubuntu/airflow-venv/lib/python3.12/site-packages/airflow/example_dags/example_sla_dag.py
[2024-11-14T07:51:38.538+0000] {processor.py:925} INFO - DAG(s) 'example_sla_dag' retrieved from /home/ubuntu/airflow-venv/lib/python3.12/site-packages/airflow/example_dags/example_sla_dag.py
[2024-11-14T07:51:38.557+0000] {logging_mixin.py:190} INFO - [2024-11-14T07:51:38.556+0000] {dag.py:3239} INFO - Sync 1 DAGs
[2024-11-14T07:51:38.582+0000] {logging_mixin.py:190} INFO - [2024-11-14T07:51:38.582+0000] {dag.py:4180} INFO - Setting next_dagrun for example_sla_dag to 2024-11-14 07:48:00+00:00, run_after=2024-11-14 07:50:00+00:00
[2024-11-14T07:51:38.607+0000] {processor.py:208} INFO - Processing /home/ubuntu/airflow-venv/lib/python3.12/site-packages/airflow/example_dags/example_sla_dag.py took 0.090 seconds
[2024-11-14T07:52:38.549+0000] {processor.py:186} INFO - Started process (PID=4845) to work on /home/ubuntu/airflow-venv/lib/python3.12/site-packages/airflow/example_dags/example_sla_dag.py
[2024-11-14T07:52:38.552+0000] {processor.py:914} INFO - Processing file /home/ubuntu/airflow-venv/lib/python3.12/site-packages/airflow/example_dags/example_sla_dag.py for tasks to queue
[2024-11-14T07:52:38.553+0000] {logging_mixin.py:190} INFO - [2024-11-14T07:52:38.553+0000] {dagbag.py:588} INFO - Filling up the DagBag from /home/ubuntu/airflow-venv/lib/python3.12/site-packages/airflow/example_dags/example_sla_dag.py
[2024-11-14T07:52:38.568+0000] {processor.py:925} INFO - DAG(s) 'example_sla_dag' retrieved from /home/ubuntu/airflow-venv/lib/python3.12/site-packages/airflow/example_dags/example_sla_dag.py
[2024-11-14T07:52:38.587+0000] {logging_mixin.py:190} INFO - [2024-11-14T07:52:38.587+0000] {dag.py:3239} INFO - Sync 1 DAGs
[2024-11-14T07:52:38.618+0000] {logging_mixin.py:190} INFO - [2024-11-14T07:52:38.618+0000] {dag.py:4180} INFO - Setting next_dagrun for example_sla_dag to 2024-11-14 07:50:00+00:00, run_after=2024-11-14 07:52:00+00:00
[2024-11-14T07:52:38.642+0000] {processor.py:208} INFO - Processing /home/ubuntu/airflow-venv/lib/python3.12/site-packages/airflow/example_dags/example_sla_dag.py took 0.102 seconds
[2024-11-14T07:53:35.854+0000] {processor.py:186} INFO - Started process (PID=4905) to work on /home/ubuntu/airflow-venv/lib/python3.12/site-packages/airflow/example_dags/example_sla_dag.py
[2024-11-14T07:53:35.858+0000] {processor.py:914} INFO - Processing file /home/ubuntu/airflow-venv/lib/python3.12/site-packages/airflow/example_dags/example_sla_dag.py for tasks to queue
[2024-11-14T07:53:35.862+0000] {logging_mixin.py:190} INFO - [2024-11-14T07:53:35.859+0000] {dagbag.py:588} INFO - Filling up the DagBag from /home/ubuntu/airflow-venv/lib/python3.12/site-packages/airflow/example_dags/example_sla_dag.py
[2024-11-14T07:53:35.890+0000] {processor.py:925} INFO - DAG(s) 'example_sla_dag' retrieved from /home/ubuntu/airflow-venv/lib/python3.12/site-packages/airflow/example_dags/example_sla_dag.py
[2024-11-14T07:53:35.914+0000] {logging_mixin.py:190} INFO - [2024-11-14T07:53:35.913+0000] {dag.py:3239} INFO - Sync 1 DAGs
[2024-11-14T07:53:35.949+0000] {logging_mixin.py:190} INFO - [2024-11-14T07:53:35.948+0000] {dag.py:4180} INFO - Setting next_dagrun for example_sla_dag to 2024-11-14 07:50:00+00:00, run_after=2024-11-14 07:52:00+00:00
[2024-11-14T07:53:35.991+0000] {processor.py:208} INFO - Processing /home/ubuntu/airflow-venv/lib/python3.12/site-packages/airflow/example_dags/example_sla_dag.py took 0.145 seconds
[2024-11-14T07:54:37.947+0000] {processor.py:186} INFO - Started process (PID=4967) to work on /home/ubuntu/airflow-venv/lib/python3.12/site-packages/airflow/example_dags/example_sla_dag.py
[2024-11-14T07:54:37.949+0000] {processor.py:914} INFO - Processing file /home/ubuntu/airflow-venv/lib/python3.12/site-packages/airflow/example_dags/example_sla_dag.py for tasks to queue
[2024-11-14T07:54:37.950+0000] {logging_mixin.py:190} INFO - [2024-11-14T07:54:37.950+0000] {dagbag.py:588} INFO - Filling up the DagBag from /home/ubuntu/airflow-venv/lib/python3.12/site-packages/airflow/example_dags/example_sla_dag.py
[2024-11-14T07:54:37.963+0000] {processor.py:925} INFO - DAG(s) 'example_sla_dag' retrieved from /home/ubuntu/airflow-venv/lib/python3.12/site-packages/airflow/example_dags/example_sla_dag.py
[2024-11-14T07:54:37.982+0000] {logging_mixin.py:190} INFO - [2024-11-14T07:54:37.982+0000] {dag.py:3239} INFO - Sync 1 DAGs
[2024-11-14T07:54:38.007+0000] {logging_mixin.py:190} INFO - [2024-11-14T07:54:38.007+0000] {dag.py:4180} INFO - Setting next_dagrun for example_sla_dag to 2024-11-14 07:52:00+00:00, run_after=2024-11-14 07:54:00+00:00
[2024-11-14T07:54:38.032+0000] {processor.py:208} INFO - Processing /home/ubuntu/airflow-venv/lib/python3.12/site-packages/airflow/example_dags/example_sla_dag.py took 0.091 seconds
[2024-11-14T07:55:37.567+0000] {processor.py:186} INFO - Started process (PID=5030) to work on /home/ubuntu/airflow-venv/lib/python3.12/site-packages/airflow/example_dags/example_sla_dag.py
[2024-11-14T07:55:37.569+0000] {processor.py:914} INFO - Processing file /home/ubuntu/airflow-venv/lib/python3.12/site-packages/airflow/example_dags/example_sla_dag.py for tasks to queue
[2024-11-14T07:55:37.571+0000] {logging_mixin.py:190} INFO - [2024-11-14T07:55:37.570+0000] {dagbag.py:588} INFO - Filling up the DagBag from /home/ubuntu/airflow-venv/lib/python3.12/site-packages/airflow/example_dags/example_sla_dag.py
[2024-11-14T07:55:37.583+0000] {processor.py:925} INFO - DAG(s) 'example_sla_dag' retrieved from /home/ubuntu/airflow-venv/lib/python3.12/site-packages/airflow/example_dags/example_sla_dag.py
[2024-11-14T07:55:37.600+0000] {logging_mixin.py:190} INFO - [2024-11-14T07:55:37.600+0000] {dag.py:3239} INFO - Sync 1 DAGs
[2024-11-14T07:55:37.625+0000] {logging_mixin.py:190} INFO - [2024-11-14T07:55:37.625+0000] {dag.py:4180} INFO - Setting next_dagrun for example_sla_dag to 2024-11-14 07:52:00+00:00, run_after=2024-11-14 07:54:00+00:00
[2024-11-14T07:55:37.648+0000] {processor.py:208} INFO - Processing /home/ubuntu/airflow-venv/lib/python3.12/site-packages/airflow/example_dags/example_sla_dag.py took 0.087 seconds
[2024-11-14T07:56:38.768+0000] {processor.py:186} INFO - Started process (PID=5091) to work on /home/ubuntu/airflow-venv/lib/python3.12/site-packages/airflow/example_dags/example_sla_dag.py
[2024-11-14T07:56:38.769+0000] {processor.py:914} INFO - Processing file /home/ubuntu/airflow-venv/lib/python3.12/site-packages/airflow/example_dags/example_sla_dag.py for tasks to queue
[2024-11-14T07:56:38.771+0000] {logging_mixin.py:190} INFO - [2024-11-14T07:56:38.770+0000] {dagbag.py:588} INFO - Filling up the DagBag from /home/ubuntu/airflow-venv/lib/python3.12/site-packages/airflow/example_dags/example_sla_dag.py
[2024-11-14T07:56:38.783+0000] {processor.py:925} INFO - DAG(s) 'example_sla_dag' retrieved from /home/ubuntu/airflow-venv/lib/python3.12/site-packages/airflow/example_dags/example_sla_dag.py
[2024-11-14T07:56:38.810+0000] {logging_mixin.py:190} INFO - [2024-11-14T07:56:38.809+0000] {dag.py:3239} INFO - Sync 1 DAGs
[2024-11-14T07:56:38.850+0000] {logging_mixin.py:190} INFO - [2024-11-14T07:56:38.849+0000] {dag.py:4180} INFO - Setting next_dagrun for example_sla_dag to 2024-11-14 07:54:00+00:00, run_after=2024-11-14 07:56:00+00:00
[2024-11-14T07:56:38.888+0000] {processor.py:208} INFO - Processing /home/ubuntu/airflow-venv/lib/python3.12/site-packages/airflow/example_dags/example_sla_dag.py took 0.127 seconds
[2024-11-14T07:57:38.347+0000] {processor.py:186} INFO - Started process (PID=5153) to work on /home/ubuntu/airflow-venv/lib/python3.12/site-packages/airflow/example_dags/example_sla_dag.py
[2024-11-14T07:57:38.349+0000] {processor.py:914} INFO - Processing file /home/ubuntu/airflow-venv/lib/python3.12/site-packages/airflow/example_dags/example_sla_dag.py for tasks to queue
[2024-11-14T07:57:38.350+0000] {logging_mixin.py:190} INFO - [2024-11-14T07:57:38.350+0000] {dagbag.py:588} INFO - Filling up the DagBag from /home/ubuntu/airflow-venv/lib/python3.12/site-packages/airflow/example_dags/example_sla_dag.py
[2024-11-14T07:57:38.363+0000] {processor.py:925} INFO - DAG(s) 'example_sla_dag' retrieved from /home/ubuntu/airflow-venv/lib/python3.12/site-packages/airflow/example_dags/example_sla_dag.py
[2024-11-14T07:57:38.381+0000] {logging_mixin.py:190} INFO - [2024-11-14T07:57:38.380+0000] {dag.py:3239} INFO - Sync 1 DAGs
[2024-11-14T07:57:38.408+0000] {logging_mixin.py:190} INFO - [2024-11-14T07:57:38.408+0000] {dag.py:4180} INFO - Setting next_dagrun for example_sla_dag to 2024-11-14 07:54:00+00:00, run_after=2024-11-14 07:56:00+00:00
[2024-11-14T07:57:38.431+0000] {processor.py:208} INFO - Processing /home/ubuntu/airflow-venv/lib/python3.12/site-packages/airflow/example_dags/example_sla_dag.py took 0.090 seconds
[2024-11-14T07:58:38.979+0000] {processor.py:186} INFO - Started process (PID=5213) to work on /home/ubuntu/airflow-venv/lib/python3.12/site-packages/airflow/example_dags/example_sla_dag.py
[2024-11-14T07:58:38.981+0000] {processor.py:914} INFO - Processing file /home/ubuntu/airflow-venv/lib/python3.12/site-packages/airflow/example_dags/example_sla_dag.py for tasks to queue
[2024-11-14T07:58:38.982+0000] {logging_mixin.py:190} INFO - [2024-11-14T07:58:38.982+0000] {dagbag.py:588} INFO - Filling up the DagBag from /home/ubuntu/airflow-venv/lib/python3.12/site-packages/airflow/example_dags/example_sla_dag.py
[2024-11-14T07:58:38.994+0000] {processor.py:925} INFO - DAG(s) 'example_sla_dag' retrieved from /home/ubuntu/airflow-venv/lib/python3.12/site-packages/airflow/example_dags/example_sla_dag.py
[2024-11-14T07:58:39.011+0000] {logging_mixin.py:190} INFO - [2024-11-14T07:58:39.011+0000] {dag.py:3239} INFO - Sync 1 DAGs
[2024-11-14T07:58:39.033+0000] {logging_mixin.py:190} INFO - [2024-11-14T07:58:39.033+0000] {dag.py:4180} INFO - Setting next_dagrun for example_sla_dag to 2024-11-14 07:56:00+00:00, run_after=2024-11-14 07:58:00+00:00
[2024-11-14T07:58:39.056+0000] {processor.py:208} INFO - Processing /home/ubuntu/airflow-venv/lib/python3.12/site-packages/airflow/example_dags/example_sla_dag.py took 0.083 seconds
[2024-11-14T07:59:39.015+0000] {processor.py:186} INFO - Started process (PID=5273) to work on /home/ubuntu/airflow-venv/lib/python3.12/site-packages/airflow/example_dags/example_sla_dag.py
[2024-11-14T07:59:39.017+0000] {processor.py:914} INFO - Processing file /home/ubuntu/airflow-venv/lib/python3.12/site-packages/airflow/example_dags/example_sla_dag.py for tasks to queue
[2024-11-14T07:59:39.018+0000] {logging_mixin.py:190} INFO - [2024-11-14T07:59:39.018+0000] {dagbag.py:588} INFO - Filling up the DagBag from /home/ubuntu/airflow-venv/lib/python3.12/site-packages/airflow/example_dags/example_sla_dag.py
[2024-11-14T07:59:39.033+0000] {processor.py:925} INFO - DAG(s) 'example_sla_dag' retrieved from /home/ubuntu/airflow-venv/lib/python3.12/site-packages/airflow/example_dags/example_sla_dag.py
[2024-11-14T07:59:39.065+0000] {logging_mixin.py:190} INFO - [2024-11-14T07:59:39.064+0000] {dag.py:3239} INFO - Sync 1 DAGs
[2024-11-14T07:59:39.099+0000] {logging_mixin.py:190} INFO - [2024-11-14T07:59:39.098+0000] {dag.py:4180} INFO - Setting next_dagrun for example_sla_dag to 2024-11-14 07:56:00+00:00, run_after=2024-11-14 07:58:00+00:00
[2024-11-14T07:59:39.122+0000] {processor.py:208} INFO - Processing /home/ubuntu/airflow-venv/lib/python3.12/site-packages/airflow/example_dags/example_sla_dag.py took 0.114 seconds
[2024-11-14T08:00:39.676+0000] {processor.py:186} INFO - Started process (PID=5335) to work on /home/ubuntu/airflow-venv/lib/python3.12/site-packages/airflow/example_dags/example_sla_dag.py
[2024-11-14T08:00:39.678+0000] {processor.py:914} INFO - Processing file /home/ubuntu/airflow-venv/lib/python3.12/site-packages/airflow/example_dags/example_sla_dag.py for tasks to queue
[2024-11-14T08:00:39.679+0000] {logging_mixin.py:190} INFO - [2024-11-14T08:00:39.679+0000] {dagbag.py:588} INFO - Filling up the DagBag from /home/ubuntu/airflow-venv/lib/python3.12/site-packages/airflow/example_dags/example_sla_dag.py
[2024-11-14T08:00:39.692+0000] {processor.py:925} INFO - DAG(s) 'example_sla_dag' retrieved from /home/ubuntu/airflow-venv/lib/python3.12/site-packages/airflow/example_dags/example_sla_dag.py
[2024-11-14T08:00:39.711+0000] {logging_mixin.py:190} INFO - [2024-11-14T08:00:39.711+0000] {dag.py:3239} INFO - Sync 1 DAGs
[2024-11-14T08:00:39.739+0000] {logging_mixin.py:190} INFO - [2024-11-14T08:00:39.738+0000] {dag.py:4180} INFO - Setting next_dagrun for example_sla_dag to 2024-11-14 07:58:00+00:00, run_after=2024-11-14 08:00:00+00:00
[2024-11-14T08:00:39.763+0000] {processor.py:208} INFO - Processing /home/ubuntu/airflow-venv/lib/python3.12/site-packages/airflow/example_dags/example_sla_dag.py took 0.094 seconds
[2024-11-14T08:01:38.953+0000] {processor.py:186} INFO - Started process (PID=5399) to work on /home/ubuntu/airflow-venv/lib/python3.12/site-packages/airflow/example_dags/example_sla_dag.py
[2024-11-14T08:01:38.954+0000] {processor.py:914} INFO - Processing file /home/ubuntu/airflow-venv/lib/python3.12/site-packages/airflow/example_dags/example_sla_dag.py for tasks to queue
[2024-11-14T08:01:38.956+0000] {logging_mixin.py:190} INFO - [2024-11-14T08:01:38.955+0000] {dagbag.py:588} INFO - Filling up the DagBag from /home/ubuntu/airflow-venv/lib/python3.12/site-packages/airflow/example_dags/example_sla_dag.py
[2024-11-14T08:01:38.968+0000] {processor.py:925} INFO - DAG(s) 'example_sla_dag' retrieved from /home/ubuntu/airflow-venv/lib/python3.12/site-packages/airflow/example_dags/example_sla_dag.py
[2024-11-14T08:01:38.986+0000] {logging_mixin.py:190} INFO - [2024-11-14T08:01:38.985+0000] {dag.py:3239} INFO - Sync 1 DAGs
[2024-11-14T08:01:39.010+0000] {logging_mixin.py:190} INFO - [2024-11-14T08:01:39.010+0000] {dag.py:4180} INFO - Setting next_dagrun for example_sla_dag to 2024-11-14 07:58:00+00:00, run_after=2024-11-14 08:00:00+00:00
[2024-11-14T08:01:39.033+0000] {processor.py:208} INFO - Processing /home/ubuntu/airflow-venv/lib/python3.12/site-packages/airflow/example_dags/example_sla_dag.py took 0.086 seconds
[2024-11-14T08:02:38.473+0000] {processor.py:186} INFO - Started process (PID=5461) to work on /home/ubuntu/airflow-venv/lib/python3.12/site-packages/airflow/example_dags/example_sla_dag.py
[2024-11-14T08:02:38.475+0000] {processor.py:914} INFO - Processing file /home/ubuntu/airflow-venv/lib/python3.12/site-packages/airflow/example_dags/example_sla_dag.py for tasks to queue
[2024-11-14T08:02:38.476+0000] {logging_mixin.py:190} INFO - [2024-11-14T08:02:38.476+0000] {dagbag.py:588} INFO - Filling up the DagBag from /home/ubuntu/airflow-venv/lib/python3.12/site-packages/airflow/example_dags/example_sla_dag.py
[2024-11-14T08:02:38.488+0000] {processor.py:925} INFO - DAG(s) 'example_sla_dag' retrieved from /home/ubuntu/airflow-venv/lib/python3.12/site-packages/airflow/example_dags/example_sla_dag.py
[2024-11-14T08:02:38.506+0000] {logging_mixin.py:190} INFO - [2024-11-14T08:02:38.506+0000] {dag.py:3239} INFO - Sync 1 DAGs
[2024-11-14T08:02:38.530+0000] {logging_mixin.py:190} INFO - [2024-11-14T08:02:38.529+0000] {dag.py:4180} INFO - Setting next_dagrun for example_sla_dag to 2024-11-14 08:00:00+00:00, run_after=2024-11-14 08:02:00+00:00
[2024-11-14T08:02:38.552+0000] {processor.py:208} INFO - Processing /home/ubuntu/airflow-venv/lib/python3.12/site-packages/airflow/example_dags/example_sla_dag.py took 0.089 seconds
