[2024-11-14T07:41:20.595+0000] {processor.py:186} INFO - Started process (PID=3720) to work on /home/ubuntu/airflow-venv/lib/python3.12/site-packages/airflow/example_dags/example_complex.py
[2024-11-14T07:41:20.596+0000] {processor.py:914} INFO - Processing file /home/ubuntu/airflow-venv/lib/python3.12/site-packages/airflow/example_dags/example_complex.py for tasks to queue
[2024-11-14T07:41:20.599+0000] {logging_mixin.py:190} INFO - [2024-11-14T07:41:20.598+0000] {dagbag.py:588} INFO - Filling up the DagBag from /home/ubuntu/airflow-venv/lib/python3.12/site-packages/airflow/example_dags/example_complex.py
[2024-11-14T07:41:20.614+0000] {processor.py:925} INFO - DAG(s) 'example_complex' retrieved from /home/ubuntu/airflow-venv/lib/python3.12/site-packages/airflow/example_dags/example_complex.py
[2024-11-14T07:41:20.784+0000] {logging_mixin.py:190} INFO - [2024-11-14T07:41:20.783+0000] {override.py:1911} INFO - Created Permission View: can delete on DAG:example_complex
[2024-11-14T07:41:20.801+0000] {logging_mixin.py:190} INFO - [2024-11-14T07:41:20.801+0000] {override.py:1911} INFO - Created Permission View: can read on DAG:example_complex
[2024-11-14T07:41:20.814+0000] {logging_mixin.py:190} INFO - [2024-11-14T07:41:20.814+0000] {override.py:1911} INFO - Created Permission View: can edit on DAG:example_complex
[2024-11-14T07:41:20.837+0000] {logging_mixin.py:190} INFO - [2024-11-14T07:41:20.836+0000] {override.py:1911} INFO - Created Permission View: can delete on DAG Run:example_complex
[2024-11-14T07:41:20.848+0000] {logging_mixin.py:190} INFO - [2024-11-14T07:41:20.847+0000] {override.py:1911} INFO - Created Permission View: can create on DAG Run:example_complex
[2024-11-14T07:41:20.860+0000] {logging_mixin.py:190} INFO - [2024-11-14T07:41:20.859+0000] {override.py:1911} INFO - Created Permission View: can read on DAG Run:example_complex
[2024-11-14T07:41:20.871+0000] {logging_mixin.py:190} INFO - [2024-11-14T07:41:20.870+0000] {override.py:1911} INFO - Created Permission View: menu access on DAG Run:example_complex
[2024-11-14T07:41:20.871+0000] {logging_mixin.py:190} INFO - [2024-11-14T07:41:20.871+0000] {dag.py:3239} INFO - Sync 1 DAGs
[2024-11-14T07:41:20.908+0000] {logging_mixin.py:190} INFO - [2024-11-14T07:41:20.908+0000] {dag.py:3262} INFO - Creating ORM DAG for example_complex
[2024-11-14T07:41:20.909+0000] {logging_mixin.py:190} INFO - [2024-11-14T07:41:20.909+0000] {dag.py:4180} INFO - Setting next_dagrun for example_complex to None, run_after=None
[2024-11-14T07:41:20.935+0000] {processor.py:208} INFO - Processing /home/ubuntu/airflow-venv/lib/python3.12/site-packages/airflow/example_dags/example_complex.py took 0.351 seconds
[2024-11-14T07:42:26.931+0000] {processor.py:186} INFO - Started process (PID=3783) to work on /home/ubuntu/airflow-venv/lib/python3.12/site-packages/airflow/example_dags/example_complex.py
[2024-11-14T07:42:26.933+0000] {processor.py:914} INFO - Processing file /home/ubuntu/airflow-venv/lib/python3.12/site-packages/airflow/example_dags/example_complex.py for tasks to queue
[2024-11-14T07:42:26.935+0000] {logging_mixin.py:190} INFO - [2024-11-14T07:42:26.935+0000] {dagbag.py:588} INFO - Filling up the DagBag from /home/ubuntu/airflow-venv/lib/python3.12/site-packages/airflow/example_dags/example_complex.py
[2024-11-14T07:42:26.953+0000] {processor.py:925} INFO - DAG(s) 'example_complex' retrieved from /home/ubuntu/airflow-venv/lib/python3.12/site-packages/airflow/example_dags/example_complex.py
[2024-11-14T07:42:26.984+0000] {logging_mixin.py:190} INFO - [2024-11-14T07:42:26.983+0000] {dag.py:3239} INFO - Sync 1 DAGs
[2024-11-14T07:42:26.998+0000] {logging_mixin.py:190} INFO - [2024-11-14T07:42:26.997+0000] {dag.py:4180} INFO - Setting next_dagrun for example_complex to None, run_after=None
[2024-11-14T07:42:27.022+0000] {processor.py:208} INFO - Processing /home/ubuntu/airflow-venv/lib/python3.12/site-packages/airflow/example_dags/example_complex.py took 0.098 seconds
[2024-11-14T07:43:23.427+0000] {processor.py:186} INFO - Started process (PID=3841) to work on /home/ubuntu/airflow-venv/lib/python3.12/site-packages/airflow/example_dags/example_complex.py
[2024-11-14T07:43:23.429+0000] {processor.py:914} INFO - Processing file /home/ubuntu/airflow-venv/lib/python3.12/site-packages/airflow/example_dags/example_complex.py for tasks to queue
[2024-11-14T07:43:23.431+0000] {logging_mixin.py:190} INFO - [2024-11-14T07:43:23.430+0000] {dagbag.py:588} INFO - Filling up the DagBag from /home/ubuntu/airflow-venv/lib/python3.12/site-packages/airflow/example_dags/example_complex.py
[2024-11-14T07:43:23.443+0000] {processor.py:925} INFO - DAG(s) 'example_complex' retrieved from /home/ubuntu/airflow-venv/lib/python3.12/site-packages/airflow/example_dags/example_complex.py
[2024-11-14T07:43:23.491+0000] {logging_mixin.py:190} INFO - [2024-11-14T07:43:23.491+0000] {dag.py:3239} INFO - Sync 1 DAGs
[2024-11-14T07:43:23.508+0000] {logging_mixin.py:190} INFO - [2024-11-14T07:43:23.507+0000] {dag.py:4180} INFO - Setting next_dagrun for example_complex to None, run_after=None
[2024-11-14T07:43:23.538+0000] {processor.py:208} INFO - Processing /home/ubuntu/airflow-venv/lib/python3.12/site-packages/airflow/example_dags/example_complex.py took 0.117 seconds
[2024-11-14T07:44:22.466+0000] {processor.py:186} INFO - Started process (PID=3898) to work on /home/ubuntu/airflow-venv/lib/python3.12/site-packages/airflow/example_dags/example_complex.py
[2024-11-14T07:44:22.468+0000] {processor.py:914} INFO - Processing file /home/ubuntu/airflow-venv/lib/python3.12/site-packages/airflow/example_dags/example_complex.py for tasks to queue
[2024-11-14T07:44:22.470+0000] {logging_mixin.py:190} INFO - [2024-11-14T07:44:22.470+0000] {dagbag.py:588} INFO - Filling up the DagBag from /home/ubuntu/airflow-venv/lib/python3.12/site-packages/airflow/example_dags/example_complex.py
[2024-11-14T07:44:22.484+0000] {processor.py:925} INFO - DAG(s) 'example_complex' retrieved from /home/ubuntu/airflow-venv/lib/python3.12/site-packages/airflow/example_dags/example_complex.py
[2024-11-14T07:44:22.513+0000] {logging_mixin.py:190} INFO - [2024-11-14T07:44:22.513+0000] {dag.py:3239} INFO - Sync 1 DAGs
[2024-11-14T07:44:22.526+0000] {logging_mixin.py:190} INFO - [2024-11-14T07:44:22.525+0000] {dag.py:4180} INFO - Setting next_dagrun for example_complex to None, run_after=None
[2024-11-14T07:44:22.584+0000] {processor.py:208} INFO - Processing /home/ubuntu/airflow-venv/lib/python3.12/site-packages/airflow/example_dags/example_complex.py took 0.125 seconds
[2024-11-14T07:45:19.746+0000] {processor.py:186} INFO - Started process (PID=3958) to work on /home/ubuntu/airflow-venv/lib/python3.12/site-packages/airflow/example_dags/example_complex.py
[2024-11-14T07:45:19.748+0000] {processor.py:914} INFO - Processing file /home/ubuntu/airflow-venv/lib/python3.12/site-packages/airflow/example_dags/example_complex.py for tasks to queue
[2024-11-14T07:45:19.750+0000] {logging_mixin.py:190} INFO - [2024-11-14T07:45:19.750+0000] {dagbag.py:588} INFO - Filling up the DagBag from /home/ubuntu/airflow-venv/lib/python3.12/site-packages/airflow/example_dags/example_complex.py
[2024-11-14T07:45:19.763+0000] {processor.py:925} INFO - DAG(s) 'example_complex' retrieved from /home/ubuntu/airflow-venv/lib/python3.12/site-packages/airflow/example_dags/example_complex.py
[2024-11-14T07:45:19.791+0000] {logging_mixin.py:190} INFO - [2024-11-14T07:45:19.790+0000] {dag.py:3239} INFO - Sync 1 DAGs
[2024-11-14T07:45:19.805+0000] {logging_mixin.py:190} INFO - [2024-11-14T07:45:19.804+0000] {dag.py:4180} INFO - Setting next_dagrun for example_complex to None, run_after=None
[2024-11-14T07:45:19.829+0000] {processor.py:208} INFO - Processing /home/ubuntu/airflow-venv/lib/python3.12/site-packages/airflow/example_dags/example_complex.py took 0.089 seconds
[2024-11-14T07:46:38.805+0000] {processor.py:186} INFO - Started process (PID=4046) to work on /home/ubuntu/airflow-venv/lib/python3.12/site-packages/airflow/example_dags/example_complex.py
[2024-11-14T07:46:38.806+0000] {processor.py:914} INFO - Processing file /home/ubuntu/airflow-venv/lib/python3.12/site-packages/airflow/example_dags/example_complex.py for tasks to queue
[2024-11-14T07:46:38.808+0000] {logging_mixin.py:190} INFO - [2024-11-14T07:46:38.808+0000] {dagbag.py:588} INFO - Filling up the DagBag from /home/ubuntu/airflow-venv/lib/python3.12/site-packages/airflow/example_dags/example_complex.py
[2024-11-14T07:46:38.821+0000] {processor.py:925} INFO - DAG(s) 'example_complex' retrieved from /home/ubuntu/airflow-venv/lib/python3.12/site-packages/airflow/example_dags/example_complex.py
[2024-11-14T07:46:38.849+0000] {logging_mixin.py:190} INFO - [2024-11-14T07:46:38.849+0000] {dag.py:3239} INFO - Sync 1 DAGs
[2024-11-14T07:46:38.864+0000] {logging_mixin.py:190} INFO - [2024-11-14T07:46:38.864+0000] {dag.py:4180} INFO - Setting next_dagrun for example_complex to None, run_after=None
[2024-11-14T07:46:38.886+0000] {processor.py:208} INFO - Processing /home/ubuntu/airflow-venv/lib/python3.12/site-packages/airflow/example_dags/example_complex.py took 0.090 seconds
[2024-11-14T07:47:35.008+0000] {processor.py:186} INFO - Started process (PID=4261) to work on /home/ubuntu/airflow-venv/lib/python3.12/site-packages/airflow/example_dags/example_complex.py
[2024-11-14T07:47:35.010+0000] {processor.py:914} INFO - Processing file /home/ubuntu/airflow-venv/lib/python3.12/site-packages/airflow/example_dags/example_complex.py for tasks to queue
[2024-11-14T07:47:35.012+0000] {logging_mixin.py:190} INFO - [2024-11-14T07:47:35.011+0000] {dagbag.py:588} INFO - Filling up the DagBag from /home/ubuntu/airflow-venv/lib/python3.12/site-packages/airflow/example_dags/example_complex.py
[2024-11-14T07:47:35.025+0000] {processor.py:925} INFO - DAG(s) 'example_complex' retrieved from /home/ubuntu/airflow-venv/lib/python3.12/site-packages/airflow/example_dags/example_complex.py
[2024-11-14T07:47:35.054+0000] {logging_mixin.py:190} INFO - [2024-11-14T07:47:35.054+0000] {dag.py:3239} INFO - Sync 1 DAGs
[2024-11-14T07:47:35.067+0000] {logging_mixin.py:190} INFO - [2024-11-14T07:47:35.067+0000] {dag.py:4180} INFO - Setting next_dagrun for example_complex to None, run_after=None
[2024-11-14T07:47:35.090+0000] {processor.py:208} INFO - Processing /home/ubuntu/airflow-venv/lib/python3.12/site-packages/airflow/example_dags/example_complex.py took 0.088 seconds
[2024-11-14T07:48:38.173+0000] {processor.py:186} INFO - Started process (PID=4605) to work on /home/ubuntu/airflow-venv/lib/python3.12/site-packages/airflow/example_dags/example_complex.py
[2024-11-14T07:48:38.176+0000] {processor.py:914} INFO - Processing file /home/ubuntu/airflow-venv/lib/python3.12/site-packages/airflow/example_dags/example_complex.py for tasks to queue
[2024-11-14T07:48:38.179+0000] {logging_mixin.py:190} INFO - [2024-11-14T07:48:38.179+0000] {dagbag.py:588} INFO - Filling up the DagBag from /home/ubuntu/airflow-venv/lib/python3.12/site-packages/airflow/example_dags/example_complex.py
[2024-11-14T07:48:38.199+0000] {processor.py:925} INFO - DAG(s) 'example_complex' retrieved from /home/ubuntu/airflow-venv/lib/python3.12/site-packages/airflow/example_dags/example_complex.py
[2024-11-14T07:48:38.247+0000] {logging_mixin.py:190} INFO - [2024-11-14T07:48:38.246+0000] {dag.py:3239} INFO - Sync 1 DAGs
[2024-11-14T07:48:38.268+0000] {logging_mixin.py:190} INFO - [2024-11-14T07:48:38.268+0000] {dag.py:4180} INFO - Setting next_dagrun for example_complex to None, run_after=None
[2024-11-14T07:48:38.304+0000] {processor.py:208} INFO - Processing /home/ubuntu/airflow-venv/lib/python3.12/site-packages/airflow/example_dags/example_complex.py took 0.144 seconds
[2024-11-14T07:49:40.995+0000] {processor.py:186} INFO - Started process (PID=4665) to work on /home/ubuntu/airflow-venv/lib/python3.12/site-packages/airflow/example_dags/example_complex.py
[2024-11-14T07:49:40.997+0000] {processor.py:914} INFO - Processing file /home/ubuntu/airflow-venv/lib/python3.12/site-packages/airflow/example_dags/example_complex.py for tasks to queue
[2024-11-14T07:49:41.000+0000] {logging_mixin.py:190} INFO - [2024-11-14T07:49:41.000+0000] {dagbag.py:588} INFO - Filling up the DagBag from /home/ubuntu/airflow-venv/lib/python3.12/site-packages/airflow/example_dags/example_complex.py
[2024-11-14T07:49:41.016+0000] {processor.py:925} INFO - DAG(s) 'example_complex' retrieved from /home/ubuntu/airflow-venv/lib/python3.12/site-packages/airflow/example_dags/example_complex.py
[2024-11-14T07:49:41.055+0000] {logging_mixin.py:190} INFO - [2024-11-14T07:49:41.054+0000] {dag.py:3239} INFO - Sync 1 DAGs
[2024-11-14T07:49:41.071+0000] {logging_mixin.py:190} INFO - [2024-11-14T07:49:41.071+0000] {dag.py:4180} INFO - Setting next_dagrun for example_complex to None, run_after=None
[2024-11-14T07:49:41.103+0000] {processor.py:208} INFO - Processing /home/ubuntu/airflow-venv/lib/python3.12/site-packages/airflow/example_dags/example_complex.py took 0.116 seconds
[2024-11-14T07:50:41.448+0000] {processor.py:186} INFO - Started process (PID=4729) to work on /home/ubuntu/airflow-venv/lib/python3.12/site-packages/airflow/example_dags/example_complex.py
[2024-11-14T07:50:41.450+0000] {processor.py:914} INFO - Processing file /home/ubuntu/airflow-venv/lib/python3.12/site-packages/airflow/example_dags/example_complex.py for tasks to queue
[2024-11-14T07:50:41.453+0000] {logging_mixin.py:190} INFO - [2024-11-14T07:50:41.452+0000] {dagbag.py:588} INFO - Filling up the DagBag from /home/ubuntu/airflow-venv/lib/python3.12/site-packages/airflow/example_dags/example_complex.py
[2024-11-14T07:50:41.474+0000] {processor.py:925} INFO - DAG(s) 'example_complex' retrieved from /home/ubuntu/airflow-venv/lib/python3.12/site-packages/airflow/example_dags/example_complex.py
[2024-11-14T07:50:41.540+0000] {logging_mixin.py:190} INFO - [2024-11-14T07:50:41.539+0000] {dag.py:3239} INFO - Sync 1 DAGs
[2024-11-14T07:50:41.553+0000] {logging_mixin.py:190} INFO - [2024-11-14T07:50:41.553+0000] {dag.py:4180} INFO - Setting next_dagrun for example_complex to None, run_after=None
[2024-11-14T07:50:41.592+0000] {processor.py:208} INFO - Processing /home/ubuntu/airflow-venv/lib/python3.12/site-packages/airflow/example_dags/example_complex.py took 0.151 seconds
[2024-11-14T07:51:45.362+0000] {processor.py:186} INFO - Started process (PID=4792) to work on /home/ubuntu/airflow-venv/lib/python3.12/site-packages/airflow/example_dags/example_complex.py
[2024-11-14T07:51:45.364+0000] {processor.py:914} INFO - Processing file /home/ubuntu/airflow-venv/lib/python3.12/site-packages/airflow/example_dags/example_complex.py for tasks to queue
[2024-11-14T07:51:45.365+0000] {logging_mixin.py:190} INFO - [2024-11-14T07:51:45.365+0000] {dagbag.py:588} INFO - Filling up the DagBag from /home/ubuntu/airflow-venv/lib/python3.12/site-packages/airflow/example_dags/example_complex.py
[2024-11-14T07:51:45.381+0000] {processor.py:925} INFO - DAG(s) 'example_complex' retrieved from /home/ubuntu/airflow-venv/lib/python3.12/site-packages/airflow/example_dags/example_complex.py
[2024-11-14T07:51:45.412+0000] {logging_mixin.py:190} INFO - [2024-11-14T07:51:45.411+0000] {dag.py:3239} INFO - Sync 1 DAGs
[2024-11-14T07:51:45.452+0000] {logging_mixin.py:190} INFO - [2024-11-14T07:51:45.451+0000] {dag.py:4180} INFO - Setting next_dagrun for example_complex to None, run_after=None
[2024-11-14T07:51:45.488+0000] {processor.py:208} INFO - Processing /home/ubuntu/airflow-venv/lib/python3.12/site-packages/airflow/example_dags/example_complex.py took 0.132 seconds
[2024-11-14T07:52:45.313+0000] {processor.py:186} INFO - Started process (PID=4852) to work on /home/ubuntu/airflow-venv/lib/python3.12/site-packages/airflow/example_dags/example_complex.py
[2024-11-14T07:52:45.315+0000] {processor.py:914} INFO - Processing file /home/ubuntu/airflow-venv/lib/python3.12/site-packages/airflow/example_dags/example_complex.py for tasks to queue
[2024-11-14T07:52:45.316+0000] {logging_mixin.py:190} INFO - [2024-11-14T07:52:45.316+0000] {dagbag.py:588} INFO - Filling up the DagBag from /home/ubuntu/airflow-venv/lib/python3.12/site-packages/airflow/example_dags/example_complex.py
[2024-11-14T07:52:45.332+0000] {processor.py:925} INFO - DAG(s) 'example_complex' retrieved from /home/ubuntu/airflow-venv/lib/python3.12/site-packages/airflow/example_dags/example_complex.py
[2024-11-14T07:52:45.382+0000] {logging_mixin.py:190} INFO - [2024-11-14T07:52:45.381+0000] {dag.py:3239} INFO - Sync 1 DAGs
[2024-11-14T07:52:45.402+0000] {logging_mixin.py:190} INFO - [2024-11-14T07:52:45.402+0000] {dag.py:4180} INFO - Setting next_dagrun for example_complex to None, run_after=None
[2024-11-14T07:52:45.442+0000] {processor.py:208} INFO - Processing /home/ubuntu/airflow-venv/lib/python3.12/site-packages/airflow/example_dags/example_complex.py took 0.136 seconds
[2024-11-14T07:53:43.650+0000] {processor.py:186} INFO - Started process (PID=4914) to work on /home/ubuntu/airflow-venv/lib/python3.12/site-packages/airflow/example_dags/example_complex.py
[2024-11-14T07:53:43.651+0000] {processor.py:914} INFO - Processing file /home/ubuntu/airflow-venv/lib/python3.12/site-packages/airflow/example_dags/example_complex.py for tasks to queue
[2024-11-14T07:53:43.653+0000] {logging_mixin.py:190} INFO - [2024-11-14T07:53:43.652+0000] {dagbag.py:588} INFO - Filling up the DagBag from /home/ubuntu/airflow-venv/lib/python3.12/site-packages/airflow/example_dags/example_complex.py
[2024-11-14T07:53:43.665+0000] {processor.py:925} INFO - DAG(s) 'example_complex' retrieved from /home/ubuntu/airflow-venv/lib/python3.12/site-packages/airflow/example_dags/example_complex.py
[2024-11-14T07:53:43.693+0000] {logging_mixin.py:190} INFO - [2024-11-14T07:53:43.693+0000] {dag.py:3239} INFO - Sync 1 DAGs
[2024-11-14T07:53:43.706+0000] {logging_mixin.py:190} INFO - [2024-11-14T07:53:43.706+0000] {dag.py:4180} INFO - Setting next_dagrun for example_complex to None, run_after=None
[2024-11-14T07:53:43.728+0000] {processor.py:208} INFO - Processing /home/ubuntu/airflow-venv/lib/python3.12/site-packages/airflow/example_dags/example_complex.py took 0.085 seconds
[2024-11-14T07:54:45.596+0000] {processor.py:186} INFO - Started process (PID=4974) to work on /home/ubuntu/airflow-venv/lib/python3.12/site-packages/airflow/example_dags/example_complex.py
[2024-11-14T07:54:45.597+0000] {processor.py:914} INFO - Processing file /home/ubuntu/airflow-venv/lib/python3.12/site-packages/airflow/example_dags/example_complex.py for tasks to queue
[2024-11-14T07:54:45.599+0000] {logging_mixin.py:190} INFO - [2024-11-14T07:54:45.598+0000] {dagbag.py:588} INFO - Filling up the DagBag from /home/ubuntu/airflow-venv/lib/python3.12/site-packages/airflow/example_dags/example_complex.py
[2024-11-14T07:54:45.616+0000] {processor.py:925} INFO - DAG(s) 'example_complex' retrieved from /home/ubuntu/airflow-venv/lib/python3.12/site-packages/airflow/example_dags/example_complex.py
[2024-11-14T07:54:45.649+0000] {logging_mixin.py:190} INFO - [2024-11-14T07:54:45.649+0000] {dag.py:3239} INFO - Sync 1 DAGs
[2024-11-14T07:54:45.666+0000] {logging_mixin.py:190} INFO - [2024-11-14T07:54:45.665+0000] {dag.py:4180} INFO - Setting next_dagrun for example_complex to None, run_after=None
[2024-11-14T07:54:45.694+0000] {processor.py:208} INFO - Processing /home/ubuntu/airflow-venv/lib/python3.12/site-packages/airflow/example_dags/example_complex.py took 0.108 seconds
[2024-11-14T07:55:45.407+0000] {processor.py:186} INFO - Started process (PID=5037) to work on /home/ubuntu/airflow-venv/lib/python3.12/site-packages/airflow/example_dags/example_complex.py
[2024-11-14T07:55:45.408+0000] {processor.py:914} INFO - Processing file /home/ubuntu/airflow-venv/lib/python3.12/site-packages/airflow/example_dags/example_complex.py for tasks to queue
[2024-11-14T07:55:45.409+0000] {logging_mixin.py:190} INFO - [2024-11-14T07:55:45.409+0000] {dagbag.py:588} INFO - Filling up the DagBag from /home/ubuntu/airflow-venv/lib/python3.12/site-packages/airflow/example_dags/example_complex.py
[2024-11-14T07:55:45.423+0000] {processor.py:925} INFO - DAG(s) 'example_complex' retrieved from /home/ubuntu/airflow-venv/lib/python3.12/site-packages/airflow/example_dags/example_complex.py
[2024-11-14T07:55:45.463+0000] {logging_mixin.py:190} INFO - [2024-11-14T07:55:45.463+0000] {dag.py:3239} INFO - Sync 1 DAGs
[2024-11-14T07:55:45.486+0000] {logging_mixin.py:190} INFO - [2024-11-14T07:55:45.485+0000] {dag.py:4180} INFO - Setting next_dagrun for example_complex to None, run_after=None
[2024-11-14T07:55:45.511+0000] {processor.py:208} INFO - Processing /home/ubuntu/airflow-venv/lib/python3.12/site-packages/airflow/example_dags/example_complex.py took 0.110 seconds
[2024-11-14T07:56:46.350+0000] {processor.py:186} INFO - Started process (PID=5098) to work on /home/ubuntu/airflow-venv/lib/python3.12/site-packages/airflow/example_dags/example_complex.py
[2024-11-14T07:56:46.353+0000] {processor.py:914} INFO - Processing file /home/ubuntu/airflow-venv/lib/python3.12/site-packages/airflow/example_dags/example_complex.py for tasks to queue
[2024-11-14T07:56:46.354+0000] {logging_mixin.py:190} INFO - [2024-11-14T07:56:46.354+0000] {dagbag.py:588} INFO - Filling up the DagBag from /home/ubuntu/airflow-venv/lib/python3.12/site-packages/airflow/example_dags/example_complex.py
[2024-11-14T07:56:46.368+0000] {processor.py:925} INFO - DAG(s) 'example_complex' retrieved from /home/ubuntu/airflow-venv/lib/python3.12/site-packages/airflow/example_dags/example_complex.py
[2024-11-14T07:56:46.398+0000] {logging_mixin.py:190} INFO - [2024-11-14T07:56:46.397+0000] {dag.py:3239} INFO - Sync 1 DAGs
[2024-11-14T07:56:46.413+0000] {logging_mixin.py:190} INFO - [2024-11-14T07:56:46.412+0000] {dag.py:4180} INFO - Setting next_dagrun for example_complex to None, run_after=None
[2024-11-14T07:56:46.436+0000] {processor.py:208} INFO - Processing /home/ubuntu/airflow-venv/lib/python3.12/site-packages/airflow/example_dags/example_complex.py took 0.092 seconds
[2024-11-14T07:57:45.807+0000] {processor.py:186} INFO - Started process (PID=5160) to work on /home/ubuntu/airflow-venv/lib/python3.12/site-packages/airflow/example_dags/example_complex.py
[2024-11-14T07:57:45.809+0000] {processor.py:914} INFO - Processing file /home/ubuntu/airflow-venv/lib/python3.12/site-packages/airflow/example_dags/example_complex.py for tasks to queue
[2024-11-14T07:57:45.810+0000] {logging_mixin.py:190} INFO - [2024-11-14T07:57:45.810+0000] {dagbag.py:588} INFO - Filling up the DagBag from /home/ubuntu/airflow-venv/lib/python3.12/site-packages/airflow/example_dags/example_complex.py
[2024-11-14T07:57:45.823+0000] {processor.py:925} INFO - DAG(s) 'example_complex' retrieved from /home/ubuntu/airflow-venv/lib/python3.12/site-packages/airflow/example_dags/example_complex.py
[2024-11-14T07:57:45.851+0000] {logging_mixin.py:190} INFO - [2024-11-14T07:57:45.851+0000] {dag.py:3239} INFO - Sync 1 DAGs
[2024-11-14T07:57:45.865+0000] {logging_mixin.py:190} INFO - [2024-11-14T07:57:45.865+0000] {dag.py:4180} INFO - Setting next_dagrun for example_complex to None, run_after=None
[2024-11-14T07:57:45.887+0000] {processor.py:208} INFO - Processing /home/ubuntu/airflow-venv/lib/python3.12/site-packages/airflow/example_dags/example_complex.py took 0.086 seconds
[2024-11-14T07:58:45.743+0000] {processor.py:186} INFO - Started process (PID=5220) to work on /home/ubuntu/airflow-venv/lib/python3.12/site-packages/airflow/example_dags/example_complex.py
[2024-11-14T07:58:45.745+0000] {processor.py:914} INFO - Processing file /home/ubuntu/airflow-venv/lib/python3.12/site-packages/airflow/example_dags/example_complex.py for tasks to queue
[2024-11-14T07:58:45.746+0000] {logging_mixin.py:190} INFO - [2024-11-14T07:58:45.746+0000] {dagbag.py:588} INFO - Filling up the DagBag from /home/ubuntu/airflow-venv/lib/python3.12/site-packages/airflow/example_dags/example_complex.py
[2024-11-14T07:58:45.759+0000] {processor.py:925} INFO - DAG(s) 'example_complex' retrieved from /home/ubuntu/airflow-venv/lib/python3.12/site-packages/airflow/example_dags/example_complex.py
[2024-11-14T07:58:45.788+0000] {logging_mixin.py:190} INFO - [2024-11-14T07:58:45.787+0000] {dag.py:3239} INFO - Sync 1 DAGs
[2024-11-14T07:58:45.801+0000] {logging_mixin.py:190} INFO - [2024-11-14T07:58:45.801+0000] {dag.py:4180} INFO - Setting next_dagrun for example_complex to None, run_after=None
[2024-11-14T07:58:45.824+0000] {processor.py:208} INFO - Processing /home/ubuntu/airflow-venv/lib/python3.12/site-packages/airflow/example_dags/example_complex.py took 0.088 seconds
[2024-11-14T07:59:45.806+0000] {processor.py:186} INFO - Started process (PID=5280) to work on /home/ubuntu/airflow-venv/lib/python3.12/site-packages/airflow/example_dags/example_complex.py
[2024-11-14T07:59:45.808+0000] {processor.py:914} INFO - Processing file /home/ubuntu/airflow-venv/lib/python3.12/site-packages/airflow/example_dags/example_complex.py for tasks to queue
[2024-11-14T07:59:45.813+0000] {logging_mixin.py:190} INFO - [2024-11-14T07:59:45.813+0000] {dagbag.py:588} INFO - Filling up the DagBag from /home/ubuntu/airflow-venv/lib/python3.12/site-packages/airflow/example_dags/example_complex.py
[2024-11-14T07:59:45.832+0000] {processor.py:925} INFO - DAG(s) 'example_complex' retrieved from /home/ubuntu/airflow-venv/lib/python3.12/site-packages/airflow/example_dags/example_complex.py
[2024-11-14T07:59:45.865+0000] {logging_mixin.py:190} INFO - [2024-11-14T07:59:45.865+0000] {dag.py:3239} INFO - Sync 1 DAGs
[2024-11-14T07:59:45.879+0000] {logging_mixin.py:190} INFO - [2024-11-14T07:59:45.879+0000] {dag.py:4180} INFO - Setting next_dagrun for example_complex to None, run_after=None
[2024-11-14T07:59:45.904+0000] {processor.py:208} INFO - Processing /home/ubuntu/airflow-venv/lib/python3.12/site-packages/airflow/example_dags/example_complex.py took 0.106 seconds
[2024-11-14T08:00:46.603+0000] {processor.py:186} INFO - Started process (PID=5346) to work on /home/ubuntu/airflow-venv/lib/python3.12/site-packages/airflow/example_dags/example_complex.py
[2024-11-14T08:00:46.607+0000] {processor.py:914} INFO - Processing file /home/ubuntu/airflow-venv/lib/python3.12/site-packages/airflow/example_dags/example_complex.py for tasks to queue
[2024-11-14T08:00:46.613+0000] {logging_mixin.py:190} INFO - [2024-11-14T08:00:46.613+0000] {dagbag.py:588} INFO - Filling up the DagBag from /home/ubuntu/airflow-venv/lib/python3.12/site-packages/airflow/example_dags/example_complex.py
[2024-11-14T08:00:46.627+0000] {processor.py:925} INFO - DAG(s) 'example_complex' retrieved from /home/ubuntu/airflow-venv/lib/python3.12/site-packages/airflow/example_dags/example_complex.py
[2024-11-14T08:00:46.671+0000] {logging_mixin.py:190} INFO - [2024-11-14T08:00:46.670+0000] {dag.py:3239} INFO - Sync 1 DAGs
[2024-11-14T08:00:46.685+0000] {logging_mixin.py:190} INFO - [2024-11-14T08:00:46.685+0000] {dag.py:4180} INFO - Setting next_dagrun for example_complex to None, run_after=None
[2024-11-14T08:00:46.711+0000] {processor.py:208} INFO - Processing /home/ubuntu/airflow-venv/lib/python3.12/site-packages/airflow/example_dags/example_complex.py took 0.118 seconds
[2024-11-14T08:01:46.643+0000] {processor.py:186} INFO - Started process (PID=5406) to work on /home/ubuntu/airflow-venv/lib/python3.12/site-packages/airflow/example_dags/example_complex.py
[2024-11-14T08:01:46.645+0000] {processor.py:914} INFO - Processing file /home/ubuntu/airflow-venv/lib/python3.12/site-packages/airflow/example_dags/example_complex.py for tasks to queue
[2024-11-14T08:01:46.649+0000] {logging_mixin.py:190} INFO - [2024-11-14T08:01:46.646+0000] {dagbag.py:588} INFO - Filling up the DagBag from /home/ubuntu/airflow-venv/lib/python3.12/site-packages/airflow/example_dags/example_complex.py
[2024-11-14T08:01:46.675+0000] {processor.py:925} INFO - DAG(s) 'example_complex' retrieved from /home/ubuntu/airflow-venv/lib/python3.12/site-packages/airflow/example_dags/example_complex.py
[2024-11-14T08:01:46.732+0000] {logging_mixin.py:190} INFO - [2024-11-14T08:01:46.732+0000] {dag.py:3239} INFO - Sync 1 DAGs
[2024-11-14T08:01:46.753+0000] {logging_mixin.py:190} INFO - [2024-11-14T08:01:46.753+0000] {dag.py:4180} INFO - Setting next_dagrun for example_complex to None, run_after=None
[2024-11-14T08:01:46.783+0000] {processor.py:208} INFO - Processing /home/ubuntu/airflow-venv/lib/python3.12/site-packages/airflow/example_dags/example_complex.py took 0.153 seconds
[2024-11-14T08:02:46.211+0000] {processor.py:186} INFO - Started process (PID=5469) to work on /home/ubuntu/airflow-venv/lib/python3.12/site-packages/airflow/example_dags/example_complex.py
[2024-11-14T08:02:46.216+0000] {processor.py:914} INFO - Processing file /home/ubuntu/airflow-venv/lib/python3.12/site-packages/airflow/example_dags/example_complex.py for tasks to queue
[2024-11-14T08:02:46.221+0000] {logging_mixin.py:190} INFO - [2024-11-14T08:02:46.218+0000] {dagbag.py:588} INFO - Filling up the DagBag from /home/ubuntu/airflow-venv/lib/python3.12/site-packages/airflow/example_dags/example_complex.py
[2024-11-14T08:02:46.258+0000] {processor.py:925} INFO - DAG(s) 'example_complex' retrieved from /home/ubuntu/airflow-venv/lib/python3.12/site-packages/airflow/example_dags/example_complex.py
[2024-11-14T08:02:46.346+0000] {logging_mixin.py:190} INFO - [2024-11-14T08:02:46.346+0000] {dag.py:3239} INFO - Sync 1 DAGs
[2024-11-14T08:02:46.374+0000] {logging_mixin.py:190} INFO - [2024-11-14T08:02:46.374+0000] {dag.py:4180} INFO - Setting next_dagrun for example_complex to None, run_after=None
[2024-11-14T08:02:46.411+0000] {processor.py:208} INFO - Processing /home/ubuntu/airflow-venv/lib/python3.12/site-packages/airflow/example_dags/example_complex.py took 0.216 seconds
