[2024-11-14T07:41:18.338+0000] {processor.py:186} INFO - Started process (PID=3718) to work on /home/ubuntu/airflow-venv/lib/python3.12/site-packages/airflow/example_dags/example_branch_operator_decorator.py
[2024-11-14T07:41:18.340+0000] {processor.py:914} INFO - Processing file /home/ubuntu/airflow-venv/lib/python3.12/site-packages/airflow/example_dags/example_branch_operator_decorator.py for tasks to queue
[2024-11-14T07:41:18.342+0000] {logging_mixin.py:190} INFO - [2024-11-14T07:41:18.342+0000] {dagbag.py:588} INFO - Filling up the DagBag from /home/ubuntu/airflow-venv/lib/python3.12/site-packages/airflow/example_dags/example_branch_operator_decorator.py
[2024-11-14T07:41:18.346+0000] {processor.py:927} WARNING - No viable dags retrieved from /home/ubuntu/airflow-venv/lib/python3.12/site-packages/airflow/example_dags/example_branch_operator_decorator.py
[2024-11-14T07:41:18.362+0000] {processor.py:208} INFO - Processing /home/ubuntu/airflow-venv/lib/python3.12/site-packages/airflow/example_dags/example_branch_operator_decorator.py took 0.032 seconds
[2024-11-14T07:42:24.383+0000] {processor.py:186} INFO - Started process (PID=3781) to work on /home/ubuntu/airflow-venv/lib/python3.12/site-packages/airflow/example_dags/example_branch_operator_decorator.py
[2024-11-14T07:42:24.385+0000] {processor.py:914} INFO - Processing file /home/ubuntu/airflow-venv/lib/python3.12/site-packages/airflow/example_dags/example_branch_operator_decorator.py for tasks to queue
[2024-11-14T07:42:24.387+0000] {logging_mixin.py:190} INFO - [2024-11-14T07:42:24.386+0000] {dagbag.py:588} INFO - Filling up the DagBag from /home/ubuntu/airflow-venv/lib/python3.12/site-packages/airflow/example_dags/example_branch_operator_decorator.py
[2024-11-14T07:42:24.390+0000] {processor.py:927} WARNING - No viable dags retrieved from /home/ubuntu/airflow-venv/lib/python3.12/site-packages/airflow/example_dags/example_branch_operator_decorator.py
[2024-11-14T07:42:24.402+0000] {processor.py:208} INFO - Processing /home/ubuntu/airflow-venv/lib/python3.12/site-packages/airflow/example_dags/example_branch_operator_decorator.py took 0.024 seconds
[2024-11-14T07:43:21.589+0000] {processor.py:186} INFO - Started process (PID=3839) to work on /home/ubuntu/airflow-venv/lib/python3.12/site-packages/airflow/example_dags/example_branch_operator_decorator.py
[2024-11-14T07:43:21.591+0000] {processor.py:914} INFO - Processing file /home/ubuntu/airflow-venv/lib/python3.12/site-packages/airflow/example_dags/example_branch_operator_decorator.py for tasks to queue
[2024-11-14T07:43:21.593+0000] {logging_mixin.py:190} INFO - [2024-11-14T07:43:21.592+0000] {dagbag.py:588} INFO - Filling up the DagBag from /home/ubuntu/airflow-venv/lib/python3.12/site-packages/airflow/example_dags/example_branch_operator_decorator.py
[2024-11-14T07:43:21.596+0000] {processor.py:927} WARNING - No viable dags retrieved from /home/ubuntu/airflow-venv/lib/python3.12/site-packages/airflow/example_dags/example_branch_operator_decorator.py
[2024-11-14T07:43:21.607+0000] {processor.py:208} INFO - Processing /home/ubuntu/airflow-venv/lib/python3.12/site-packages/airflow/example_dags/example_branch_operator_decorator.py took 0.024 seconds
[2024-11-14T07:44:20.122+0000] {processor.py:186} INFO - Started process (PID=3896) to work on /home/ubuntu/airflow-venv/lib/python3.12/site-packages/airflow/example_dags/example_branch_operator_decorator.py
[2024-11-14T07:44:20.123+0000] {processor.py:914} INFO - Processing file /home/ubuntu/airflow-venv/lib/python3.12/site-packages/airflow/example_dags/example_branch_operator_decorator.py for tasks to queue
[2024-11-14T07:44:20.126+0000] {logging_mixin.py:190} INFO - [2024-11-14T07:44:20.125+0000] {dagbag.py:588} INFO - Filling up the DagBag from /home/ubuntu/airflow-venv/lib/python3.12/site-packages/airflow/example_dags/example_branch_operator_decorator.py
[2024-11-14T07:44:20.130+0000] {processor.py:927} WARNING - No viable dags retrieved from /home/ubuntu/airflow-venv/lib/python3.12/site-packages/airflow/example_dags/example_branch_operator_decorator.py
[2024-11-14T07:44:20.143+0000] {processor.py:208} INFO - Processing /home/ubuntu/airflow-venv/lib/python3.12/site-packages/airflow/example_dags/example_branch_operator_decorator.py took 0.028 seconds
[2024-11-14T07:45:17.460+0000] {processor.py:186} INFO - Started process (PID=3956) to work on /home/ubuntu/airflow-venv/lib/python3.12/site-packages/airflow/example_dags/example_branch_operator_decorator.py
[2024-11-14T07:45:17.462+0000] {processor.py:914} INFO - Processing file /home/ubuntu/airflow-venv/lib/python3.12/site-packages/airflow/example_dags/example_branch_operator_decorator.py for tasks to queue
[2024-11-14T07:45:17.464+0000] {logging_mixin.py:190} INFO - [2024-11-14T07:45:17.464+0000] {dagbag.py:588} INFO - Filling up the DagBag from /home/ubuntu/airflow-venv/lib/python3.12/site-packages/airflow/example_dags/example_branch_operator_decorator.py
[2024-11-14T07:45:17.468+0000] {processor.py:927} WARNING - No viable dags retrieved from /home/ubuntu/airflow-venv/lib/python3.12/site-packages/airflow/example_dags/example_branch_operator_decorator.py
[2024-11-14T07:45:17.486+0000] {processor.py:208} INFO - Processing /home/ubuntu/airflow-venv/lib/python3.12/site-packages/airflow/example_dags/example_branch_operator_decorator.py took 0.033 seconds
[2024-11-14T07:46:11.543+0000] {processor.py:186} INFO - Started process (PID=4016) to work on /home/ubuntu/airflow-venv/lib/python3.12/site-packages/airflow/example_dags/example_branch_operator_decorator.py
[2024-11-14T07:46:11.546+0000] {processor.py:914} INFO - Processing file /home/ubuntu/airflow-venv/lib/python3.12/site-packages/airflow/example_dags/example_branch_operator_decorator.py for tasks to queue
[2024-11-14T07:46:11.549+0000] {logging_mixin.py:190} INFO - [2024-11-14T07:46:11.548+0000] {dagbag.py:588} INFO - Filling up the DagBag from /home/ubuntu/airflow-venv/lib/python3.12/site-packages/airflow/example_dags/example_branch_operator_decorator.py
[2024-11-14T07:46:11.552+0000] {processor.py:927} WARNING - No viable dags retrieved from /home/ubuntu/airflow-venv/lib/python3.12/site-packages/airflow/example_dags/example_branch_operator_decorator.py
[2024-11-14T07:46:11.568+0000] {processor.py:208} INFO - Processing /home/ubuntu/airflow-venv/lib/python3.12/site-packages/airflow/example_dags/example_branch_operator_decorator.py took 0.031 seconds
[2024-11-14T07:47:06.339+0000] {processor.py:186} INFO - Started process (PID=4073) to work on /home/ubuntu/airflow-venv/lib/python3.12/site-packages/airflow/example_dags/example_branch_operator_decorator.py
[2024-11-14T07:47:06.340+0000] {processor.py:914} INFO - Processing file /home/ubuntu/airflow-venv/lib/python3.12/site-packages/airflow/example_dags/example_branch_operator_decorator.py for tasks to queue
[2024-11-14T07:47:06.342+0000] {logging_mixin.py:190} INFO - [2024-11-14T07:47:06.342+0000] {dagbag.py:588} INFO - Filling up the DagBag from /home/ubuntu/airflow-venv/lib/python3.12/site-packages/airflow/example_dags/example_branch_operator_decorator.py
[2024-11-14T07:47:06.346+0000] {processor.py:927} WARNING - No viable dags retrieved from /home/ubuntu/airflow-venv/lib/python3.12/site-packages/airflow/example_dags/example_branch_operator_decorator.py
[2024-11-14T07:47:06.359+0000] {processor.py:208} INFO - Processing /home/ubuntu/airflow-venv/lib/python3.12/site-packages/airflow/example_dags/example_branch_operator_decorator.py took 0.026 seconds
[2024-11-14T07:48:02.843+0000] {processor.py:186} INFO - Started process (PID=4328) to work on /home/ubuntu/airflow-venv/lib/python3.12/site-packages/airflow/example_dags/example_branch_operator_decorator.py
[2024-11-14T07:48:02.844+0000] {processor.py:914} INFO - Processing file /home/ubuntu/airflow-venv/lib/python3.12/site-packages/airflow/example_dags/example_branch_operator_decorator.py for tasks to queue
[2024-11-14T07:48:02.848+0000] {logging_mixin.py:190} INFO - [2024-11-14T07:48:02.848+0000] {dagbag.py:588} INFO - Filling up the DagBag from /home/ubuntu/airflow-venv/lib/python3.12/site-packages/airflow/example_dags/example_branch_operator_decorator.py
[2024-11-14T07:48:02.855+0000] {processor.py:927} WARNING - No viable dags retrieved from /home/ubuntu/airflow-venv/lib/python3.12/site-packages/airflow/example_dags/example_branch_operator_decorator.py
[2024-11-14T07:48:02.876+0000] {processor.py:208} INFO - Processing /home/ubuntu/airflow-venv/lib/python3.12/site-packages/airflow/example_dags/example_branch_operator_decorator.py took 0.042 seconds
[2024-11-14T07:49:08.136+0000] {processor.py:186} INFO - Started process (PID=4634) to work on /home/ubuntu/airflow-venv/lib/python3.12/site-packages/airflow/example_dags/example_branch_operator_decorator.py
[2024-11-14T07:49:08.137+0000] {processor.py:914} INFO - Processing file /home/ubuntu/airflow-venv/lib/python3.12/site-packages/airflow/example_dags/example_branch_operator_decorator.py for tasks to queue
[2024-11-14T07:49:08.140+0000] {logging_mixin.py:190} INFO - [2024-11-14T07:49:08.139+0000] {dagbag.py:588} INFO - Filling up the DagBag from /home/ubuntu/airflow-venv/lib/python3.12/site-packages/airflow/example_dags/example_branch_operator_decorator.py
[2024-11-14T07:49:08.145+0000] {processor.py:927} WARNING - No viable dags retrieved from /home/ubuntu/airflow-venv/lib/python3.12/site-packages/airflow/example_dags/example_branch_operator_decorator.py
[2024-11-14T07:49:08.157+0000] {processor.py:208} INFO - Processing /home/ubuntu/airflow-venv/lib/python3.12/site-packages/airflow/example_dags/example_branch_operator_decorator.py took 0.028 seconds
[2024-11-14T07:50:09.417+0000] {processor.py:186} INFO - Started process (PID=4694) to work on /home/ubuntu/airflow-venv/lib/python3.12/site-packages/airflow/example_dags/example_branch_operator_decorator.py
[2024-11-14T07:50:09.418+0000] {processor.py:914} INFO - Processing file /home/ubuntu/airflow-venv/lib/python3.12/site-packages/airflow/example_dags/example_branch_operator_decorator.py for tasks to queue
[2024-11-14T07:50:09.421+0000] {logging_mixin.py:190} INFO - [2024-11-14T07:50:09.420+0000] {dagbag.py:588} INFO - Filling up the DagBag from /home/ubuntu/airflow-venv/lib/python3.12/site-packages/airflow/example_dags/example_branch_operator_decorator.py
[2024-11-14T07:50:09.425+0000] {processor.py:927} WARNING - No viable dags retrieved from /home/ubuntu/airflow-venv/lib/python3.12/site-packages/airflow/example_dags/example_branch_operator_decorator.py
[2024-11-14T07:50:09.440+0000] {processor.py:208} INFO - Processing /home/ubuntu/airflow-venv/lib/python3.12/site-packages/airflow/example_dags/example_branch_operator_decorator.py took 0.030 seconds
[2024-11-14T07:51:13.840+0000] {processor.py:186} INFO - Started process (PID=4760) to work on /home/ubuntu/airflow-venv/lib/python3.12/site-packages/airflow/example_dags/example_branch_operator_decorator.py
[2024-11-14T07:51:13.842+0000] {processor.py:914} INFO - Processing file /home/ubuntu/airflow-venv/lib/python3.12/site-packages/airflow/example_dags/example_branch_operator_decorator.py for tasks to queue
[2024-11-14T07:51:13.844+0000] {logging_mixin.py:190} INFO - [2024-11-14T07:51:13.843+0000] {dagbag.py:588} INFO - Filling up the DagBag from /home/ubuntu/airflow-venv/lib/python3.12/site-packages/airflow/example_dags/example_branch_operator_decorator.py
[2024-11-14T07:51:13.847+0000] {processor.py:927} WARNING - No viable dags retrieved from /home/ubuntu/airflow-venv/lib/python3.12/site-packages/airflow/example_dags/example_branch_operator_decorator.py
[2024-11-14T07:51:13.880+0000] {processor.py:208} INFO - Processing /home/ubuntu/airflow-venv/lib/python3.12/site-packages/airflow/example_dags/example_branch_operator_decorator.py took 0.047 seconds
[2024-11-14T07:52:15.013+0000] {processor.py:186} INFO - Started process (PID=4820) to work on /home/ubuntu/airflow-venv/lib/python3.12/site-packages/airflow/example_dags/example_branch_operator_decorator.py
[2024-11-14T07:52:15.015+0000] {processor.py:914} INFO - Processing file /home/ubuntu/airflow-venv/lib/python3.12/site-packages/airflow/example_dags/example_branch_operator_decorator.py for tasks to queue
[2024-11-14T07:52:15.020+0000] {logging_mixin.py:190} INFO - [2024-11-14T07:52:15.019+0000] {dagbag.py:588} INFO - Filling up the DagBag from /home/ubuntu/airflow-venv/lib/python3.12/site-packages/airflow/example_dags/example_branch_operator_decorator.py
[2024-11-14T07:52:15.027+0000] {processor.py:927} WARNING - No viable dags retrieved from /home/ubuntu/airflow-venv/lib/python3.12/site-packages/airflow/example_dags/example_branch_operator_decorator.py
[2024-11-14T07:52:15.044+0000] {processor.py:208} INFO - Processing /home/ubuntu/airflow-venv/lib/python3.12/site-packages/airflow/example_dags/example_branch_operator_decorator.py took 0.043 seconds
[2024-11-14T07:53:13.484+0000] {processor.py:186} INFO - Started process (PID=4880) to work on /home/ubuntu/airflow-venv/lib/python3.12/site-packages/airflow/example_dags/example_branch_operator_decorator.py
[2024-11-14T07:53:13.485+0000] {processor.py:914} INFO - Processing file /home/ubuntu/airflow-venv/lib/python3.12/site-packages/airflow/example_dags/example_branch_operator_decorator.py for tasks to queue
[2024-11-14T07:53:13.487+0000] {logging_mixin.py:190} INFO - [2024-11-14T07:53:13.486+0000] {dagbag.py:588} INFO - Filling up the DagBag from /home/ubuntu/airflow-venv/lib/python3.12/site-packages/airflow/example_dags/example_branch_operator_decorator.py
[2024-11-14T07:53:13.490+0000] {processor.py:927} WARNING - No viable dags retrieved from /home/ubuntu/airflow-venv/lib/python3.12/site-packages/airflow/example_dags/example_branch_operator_decorator.py
[2024-11-14T07:53:13.503+0000] {processor.py:208} INFO - Processing /home/ubuntu/airflow-venv/lib/python3.12/site-packages/airflow/example_dags/example_branch_operator_decorator.py took 0.026 seconds
[2024-11-14T07:54:10.992+0000] {processor.py:186} INFO - Started process (PID=4941) to work on /home/ubuntu/airflow-venv/lib/python3.12/site-packages/airflow/example_dags/example_branch_operator_decorator.py
[2024-11-14T07:54:10.993+0000] {processor.py:914} INFO - Processing file /home/ubuntu/airflow-venv/lib/python3.12/site-packages/airflow/example_dags/example_branch_operator_decorator.py for tasks to queue
[2024-11-14T07:54:10.995+0000] {logging_mixin.py:190} INFO - [2024-11-14T07:54:10.994+0000] {dagbag.py:588} INFO - Filling up the DagBag from /home/ubuntu/airflow-venv/lib/python3.12/site-packages/airflow/example_dags/example_branch_operator_decorator.py
[2024-11-14T07:54:10.998+0000] {processor.py:927} WARNING - No viable dags retrieved from /home/ubuntu/airflow-venv/lib/python3.12/site-packages/airflow/example_dags/example_branch_operator_decorator.py
[2024-11-14T07:54:11.010+0000] {processor.py:208} INFO - Processing /home/ubuntu/airflow-venv/lib/python3.12/site-packages/airflow/example_dags/example_branch_operator_decorator.py took 0.026 seconds
[2024-11-14T07:55:11.023+0000] {processor.py:186} INFO - Started process (PID=5003) to work on /home/ubuntu/airflow-venv/lib/python3.12/site-packages/airflow/example_dags/example_branch_operator_decorator.py
[2024-11-14T07:55:11.028+0000] {processor.py:914} INFO - Processing file /home/ubuntu/airflow-venv/lib/python3.12/site-packages/airflow/example_dags/example_branch_operator_decorator.py for tasks to queue
[2024-11-14T07:55:11.030+0000] {logging_mixin.py:190} INFO - [2024-11-14T07:55:11.029+0000] {dagbag.py:588} INFO - Filling up the DagBag from /home/ubuntu/airflow-venv/lib/python3.12/site-packages/airflow/example_dags/example_branch_operator_decorator.py
[2024-11-14T07:55:11.034+0000] {processor.py:927} WARNING - No viable dags retrieved from /home/ubuntu/airflow-venv/lib/python3.12/site-packages/airflow/example_dags/example_branch_operator_decorator.py
[2024-11-14T07:55:11.048+0000] {processor.py:208} INFO - Processing /home/ubuntu/airflow-venv/lib/python3.12/site-packages/airflow/example_dags/example_branch_operator_decorator.py took 0.038 seconds
[2024-11-14T07:56:13.874+0000] {processor.py:186} INFO - Started process (PID=5064) to work on /home/ubuntu/airflow-venv/lib/python3.12/site-packages/airflow/example_dags/example_branch_operator_decorator.py
[2024-11-14T07:56:13.875+0000] {processor.py:914} INFO - Processing file /home/ubuntu/airflow-venv/lib/python3.12/site-packages/airflow/example_dags/example_branch_operator_decorator.py for tasks to queue
[2024-11-14T07:56:13.877+0000] {logging_mixin.py:190} INFO - [2024-11-14T07:56:13.876+0000] {dagbag.py:588} INFO - Filling up the DagBag from /home/ubuntu/airflow-venv/lib/python3.12/site-packages/airflow/example_dags/example_branch_operator_decorator.py
[2024-11-14T07:56:13.880+0000] {processor.py:927} WARNING - No viable dags retrieved from /home/ubuntu/airflow-venv/lib/python3.12/site-packages/airflow/example_dags/example_branch_operator_decorator.py
[2024-11-14T07:56:13.893+0000] {processor.py:208} INFO - Processing /home/ubuntu/airflow-venv/lib/python3.12/site-packages/airflow/example_dags/example_branch_operator_decorator.py took 0.025 seconds
[2024-11-14T07:57:12.564+0000] {processor.py:186} INFO - Started process (PID=5126) to work on /home/ubuntu/airflow-venv/lib/python3.12/site-packages/airflow/example_dags/example_branch_operator_decorator.py
[2024-11-14T07:57:12.566+0000] {processor.py:914} INFO - Processing file /home/ubuntu/airflow-venv/lib/python3.12/site-packages/airflow/example_dags/example_branch_operator_decorator.py for tasks to queue
[2024-11-14T07:57:12.567+0000] {logging_mixin.py:190} INFO - [2024-11-14T07:57:12.567+0000] {dagbag.py:588} INFO - Filling up the DagBag from /home/ubuntu/airflow-venv/lib/python3.12/site-packages/airflow/example_dags/example_branch_operator_decorator.py
[2024-11-14T07:57:12.571+0000] {processor.py:927} WARNING - No viable dags retrieved from /home/ubuntu/airflow-venv/lib/python3.12/site-packages/airflow/example_dags/example_branch_operator_decorator.py
[2024-11-14T07:57:12.584+0000] {processor.py:208} INFO - Processing /home/ubuntu/airflow-venv/lib/python3.12/site-packages/airflow/example_dags/example_branch_operator_decorator.py took 0.027 seconds
[2024-11-14T07:58:13.043+0000] {processor.py:186} INFO - Started process (PID=5187) to work on /home/ubuntu/airflow-venv/lib/python3.12/site-packages/airflow/example_dags/example_branch_operator_decorator.py
[2024-11-14T07:58:13.044+0000] {processor.py:914} INFO - Processing file /home/ubuntu/airflow-venv/lib/python3.12/site-packages/airflow/example_dags/example_branch_operator_decorator.py for tasks to queue
[2024-11-14T07:58:13.046+0000] {logging_mixin.py:190} INFO - [2024-11-14T07:58:13.045+0000] {dagbag.py:588} INFO - Filling up the DagBag from /home/ubuntu/airflow-venv/lib/python3.12/site-packages/airflow/example_dags/example_branch_operator_decorator.py
[2024-11-14T07:58:13.049+0000] {processor.py:927} WARNING - No viable dags retrieved from /home/ubuntu/airflow-venv/lib/python3.12/site-packages/airflow/example_dags/example_branch_operator_decorator.py
[2024-11-14T07:58:13.061+0000] {processor.py:208} INFO - Processing /home/ubuntu/airflow-venv/lib/python3.12/site-packages/airflow/example_dags/example_branch_operator_decorator.py took 0.025 seconds
[2024-11-14T07:59:12.816+0000] {processor.py:186} INFO - Started process (PID=5246) to work on /home/ubuntu/airflow-venv/lib/python3.12/site-packages/airflow/example_dags/example_branch_operator_decorator.py
[2024-11-14T07:59:12.818+0000] {processor.py:914} INFO - Processing file /home/ubuntu/airflow-venv/lib/python3.12/site-packages/airflow/example_dags/example_branch_operator_decorator.py for tasks to queue
[2024-11-14T07:59:12.819+0000] {logging_mixin.py:190} INFO - [2024-11-14T07:59:12.818+0000] {dagbag.py:588} INFO - Filling up the DagBag from /home/ubuntu/airflow-venv/lib/python3.12/site-packages/airflow/example_dags/example_branch_operator_decorator.py
[2024-11-14T07:59:12.823+0000] {processor.py:927} WARNING - No viable dags retrieved from /home/ubuntu/airflow-venv/lib/python3.12/site-packages/airflow/example_dags/example_branch_operator_decorator.py
[2024-11-14T07:59:12.835+0000] {processor.py:208} INFO - Processing /home/ubuntu/airflow-venv/lib/python3.12/site-packages/airflow/example_dags/example_branch_operator_decorator.py took 0.025 seconds
[2024-11-14T08:00:13.733+0000] {processor.py:186} INFO - Started process (PID=5308) to work on /home/ubuntu/airflow-venv/lib/python3.12/site-packages/airflow/example_dags/example_branch_operator_decorator.py
[2024-11-14T08:00:13.736+0000] {processor.py:914} INFO - Processing file /home/ubuntu/airflow-venv/lib/python3.12/site-packages/airflow/example_dags/example_branch_operator_decorator.py for tasks to queue
[2024-11-14T08:00:13.738+0000] {logging_mixin.py:190} INFO - [2024-11-14T08:00:13.737+0000] {dagbag.py:588} INFO - Filling up the DagBag from /home/ubuntu/airflow-venv/lib/python3.12/site-packages/airflow/example_dags/example_branch_operator_decorator.py
[2024-11-14T08:00:13.743+0000] {processor.py:927} WARNING - No viable dags retrieved from /home/ubuntu/airflow-venv/lib/python3.12/site-packages/airflow/example_dags/example_branch_operator_decorator.py
[2024-11-14T08:00:13.763+0000] {processor.py:208} INFO - Processing /home/ubuntu/airflow-venv/lib/python3.12/site-packages/airflow/example_dags/example_branch_operator_decorator.py took 0.040 seconds
[2024-11-14T08:01:12.801+0000] {processor.py:186} INFO - Started process (PID=5373) to work on /home/ubuntu/airflow-venv/lib/python3.12/site-packages/airflow/example_dags/example_branch_operator_decorator.py
[2024-11-14T08:01:12.802+0000] {processor.py:914} INFO - Processing file /home/ubuntu/airflow-venv/lib/python3.12/site-packages/airflow/example_dags/example_branch_operator_decorator.py for tasks to queue
[2024-11-14T08:01:12.804+0000] {logging_mixin.py:190} INFO - [2024-11-14T08:01:12.803+0000] {dagbag.py:588} INFO - Filling up the DagBag from /home/ubuntu/airflow-venv/lib/python3.12/site-packages/airflow/example_dags/example_branch_operator_decorator.py
[2024-11-14T08:01:12.807+0000] {processor.py:927} WARNING - No viable dags retrieved from /home/ubuntu/airflow-venv/lib/python3.12/site-packages/airflow/example_dags/example_branch_operator_decorator.py
[2024-11-14T08:01:12.821+0000] {processor.py:208} INFO - Processing /home/ubuntu/airflow-venv/lib/python3.12/site-packages/airflow/example_dags/example_branch_operator_decorator.py took 0.028 seconds
[2024-11-14T08:02:13.754+0000] {processor.py:186} INFO - Started process (PID=5432) to work on /home/ubuntu/airflow-venv/lib/python3.12/site-packages/airflow/example_dags/example_branch_operator_decorator.py
[2024-11-14T08:02:13.756+0000] {processor.py:914} INFO - Processing file /home/ubuntu/airflow-venv/lib/python3.12/site-packages/airflow/example_dags/example_branch_operator_decorator.py for tasks to queue
[2024-11-14T08:02:13.758+0000] {logging_mixin.py:190} INFO - [2024-11-14T08:02:13.757+0000] {dagbag.py:588} INFO - Filling up the DagBag from /home/ubuntu/airflow-venv/lib/python3.12/site-packages/airflow/example_dags/example_branch_operator_decorator.py
[2024-11-14T08:02:13.761+0000] {processor.py:927} WARNING - No viable dags retrieved from /home/ubuntu/airflow-venv/lib/python3.12/site-packages/airflow/example_dags/example_branch_operator_decorator.py
[2024-11-14T08:02:13.775+0000] {processor.py:208} INFO - Processing /home/ubuntu/airflow-venv/lib/python3.12/site-packages/airflow/example_dags/example_branch_operator_decorator.py took 0.029 seconds
