[2024-11-14T07:40:31.197+0000] {processor.py:186} INFO - Started process (PID=3663) to work on /home/ubuntu/airflow-venv/lib/python3.12/site-packages/airflow/example_dags/tutorial_dag.py
[2024-11-14T07:40:31.197+0000] {processor.py:914} INFO - Processing file /home/ubuntu/airflow-venv/lib/python3.12/site-packages/airflow/example_dags/tutorial_dag.py for tasks to queue
[2024-11-14T07:40:31.212+0000] {logging_mixin.py:190} INFO - [2024-11-14T07:40:31.212+0000] {dagbag.py:588} INFO - Filling up the DagBag from /home/ubuntu/airflow-venv/lib/python3.12/site-packages/airflow/example_dags/tutorial_dag.py
[2024-11-14T07:40:31.231+0000] {processor.py:925} INFO - DAG(s) 'tutorial_dag' retrieved from /home/ubuntu/airflow-venv/lib/python3.12/site-packages/airflow/example_dags/tutorial_dag.py
[2024-11-14T07:40:31.364+0000] {logging_mixin.py:190} INFO - [2024-11-14T07:40:31.363+0000] {override.py:1911} INFO - Created Permission View: can delete on DAG:tutorial_dag
[2024-11-14T07:40:31.378+0000] {logging_mixin.py:190} INFO - [2024-11-14T07:40:31.377+0000] {override.py:1911} INFO - Created Permission View: can read on DAG:tutorial_dag
[2024-11-14T07:40:31.388+0000] {logging_mixin.py:190} INFO - [2024-11-14T07:40:31.388+0000] {override.py:1911} INFO - Created Permission View: can edit on DAG:tutorial_dag
[2024-11-14T07:40:31.411+0000] {logging_mixin.py:190} INFO - [2024-11-14T07:40:31.410+0000] {override.py:1911} INFO - Created Permission View: can delete on DAG Run:tutorial_dag
[2024-11-14T07:40:31.428+0000] {logging_mixin.py:190} INFO - [2024-11-14T07:40:31.427+0000] {override.py:1911} INFO - Created Permission View: can create on DAG Run:tutorial_dag
[2024-11-14T07:40:31.444+0000] {logging_mixin.py:190} INFO - [2024-11-14T07:40:31.443+0000] {override.py:1911} INFO - Created Permission View: can read on DAG Run:tutorial_dag
[2024-11-14T07:40:31.456+0000] {logging_mixin.py:190} INFO - [2024-11-14T07:40:31.455+0000] {override.py:1911} INFO - Created Permission View: menu access on DAG Run:tutorial_dag
[2024-11-14T07:40:31.457+0000] {logging_mixin.py:190} INFO - [2024-11-14T07:40:31.456+0000] {dag.py:3239} INFO - Sync 1 DAGs
[2024-11-14T07:40:31.475+0000] {logging_mixin.py:190} INFO - [2024-11-14T07:40:31.474+0000] {dag.py:3262} INFO - Creating ORM DAG for tutorial_dag
[2024-11-14T07:40:31.475+0000] {logging_mixin.py:190} INFO - [2024-11-14T07:40:31.475+0000] {dag.py:4180} INFO - Setting next_dagrun for tutorial_dag to None, run_after=None
[2024-11-14T07:40:31.524+0000] {processor.py:208} INFO - Processing /home/ubuntu/airflow-venv/lib/python3.12/site-packages/airflow/example_dags/tutorial_dag.py took 0.337 seconds
[2024-11-14T07:41:40.647+0000] {processor.py:186} INFO - Started process (PID=3737) to work on /home/ubuntu/airflow-venv/lib/python3.12/site-packages/airflow/example_dags/tutorial_dag.py
[2024-11-14T07:41:40.648+0000] {processor.py:914} INFO - Processing file /home/ubuntu/airflow-venv/lib/python3.12/site-packages/airflow/example_dags/tutorial_dag.py for tasks to queue
[2024-11-14T07:41:40.651+0000] {logging_mixin.py:190} INFO - [2024-11-14T07:41:40.651+0000] {dagbag.py:588} INFO - Filling up the DagBag from /home/ubuntu/airflow-venv/lib/python3.12/site-packages/airflow/example_dags/tutorial_dag.py
[2024-11-14T07:41:40.659+0000] {processor.py:925} INFO - DAG(s) 'tutorial_dag' retrieved from /home/ubuntu/airflow-venv/lib/python3.12/site-packages/airflow/example_dags/tutorial_dag.py
[2024-11-14T07:41:40.676+0000] {logging_mixin.py:190} INFO - [2024-11-14T07:41:40.676+0000] {dag.py:3239} INFO - Sync 1 DAGs
[2024-11-14T07:41:40.690+0000] {logging_mixin.py:190} INFO - [2024-11-14T07:41:40.690+0000] {dag.py:4180} INFO - Setting next_dagrun for tutorial_dag to None, run_after=None
[2024-11-14T07:41:40.721+0000] {processor.py:208} INFO - Processing /home/ubuntu/airflow-venv/lib/python3.12/site-packages/airflow/example_dags/tutorial_dag.py took 0.079 seconds
[2024-11-14T07:42:37.786+0000] {processor.py:186} INFO - Started process (PID=3794) to work on /home/ubuntu/airflow-venv/lib/python3.12/site-packages/airflow/example_dags/tutorial_dag.py
[2024-11-14T07:42:37.788+0000] {processor.py:914} INFO - Processing file /home/ubuntu/airflow-venv/lib/python3.12/site-packages/airflow/example_dags/tutorial_dag.py for tasks to queue
[2024-11-14T07:42:37.791+0000] {logging_mixin.py:190} INFO - [2024-11-14T07:42:37.790+0000] {dagbag.py:588} INFO - Filling up the DagBag from /home/ubuntu/airflow-venv/lib/python3.12/site-packages/airflow/example_dags/tutorial_dag.py
[2024-11-14T07:42:37.800+0000] {processor.py:925} INFO - DAG(s) 'tutorial_dag' retrieved from /home/ubuntu/airflow-venv/lib/python3.12/site-packages/airflow/example_dags/tutorial_dag.py
[2024-11-14T07:42:37.820+0000] {logging_mixin.py:190} INFO - [2024-11-14T07:42:37.819+0000] {dag.py:3239} INFO - Sync 1 DAGs
[2024-11-14T07:42:37.838+0000] {logging_mixin.py:190} INFO - [2024-11-14T07:42:37.838+0000] {dag.py:4180} INFO - Setting next_dagrun for tutorial_dag to None, run_after=None
[2024-11-14T07:42:37.865+0000] {processor.py:208} INFO - Processing /home/ubuntu/airflow-venv/lib/python3.12/site-packages/airflow/example_dags/tutorial_dag.py took 0.087 seconds
[2024-11-14T07:43:30.873+0000] {processor.py:186} INFO - Started process (PID=3849) to work on /home/ubuntu/airflow-venv/lib/python3.12/site-packages/airflow/example_dags/tutorial_dag.py
[2024-11-14T07:43:30.875+0000] {processor.py:914} INFO - Processing file /home/ubuntu/airflow-venv/lib/python3.12/site-packages/airflow/example_dags/tutorial_dag.py for tasks to queue
[2024-11-14T07:43:30.878+0000] {logging_mixin.py:190} INFO - [2024-11-14T07:43:30.877+0000] {dagbag.py:588} INFO - Filling up the DagBag from /home/ubuntu/airflow-venv/lib/python3.12/site-packages/airflow/example_dags/tutorial_dag.py
[2024-11-14T07:43:30.886+0000] {processor.py:925} INFO - DAG(s) 'tutorial_dag' retrieved from /home/ubuntu/airflow-venv/lib/python3.12/site-packages/airflow/example_dags/tutorial_dag.py
[2024-11-14T07:43:30.909+0000] {logging_mixin.py:190} INFO - [2024-11-14T07:43:30.908+0000] {dag.py:3239} INFO - Sync 1 DAGs
[2024-11-14T07:43:30.926+0000] {logging_mixin.py:190} INFO - [2024-11-14T07:43:30.926+0000] {dag.py:4180} INFO - Setting next_dagrun for tutorial_dag to None, run_after=None
[2024-11-14T07:43:30.950+0000] {processor.py:208} INFO - Processing /home/ubuntu/airflow-venv/lib/python3.12/site-packages/airflow/example_dags/tutorial_dag.py took 0.083 seconds
[2024-11-14T07:44:29.271+0000] {processor.py:186} INFO - Started process (PID=3905) to work on /home/ubuntu/airflow-venv/lib/python3.12/site-packages/airflow/example_dags/tutorial_dag.py
[2024-11-14T07:44:29.272+0000] {processor.py:914} INFO - Processing file /home/ubuntu/airflow-venv/lib/python3.12/site-packages/airflow/example_dags/tutorial_dag.py for tasks to queue
[2024-11-14T07:44:29.275+0000] {logging_mixin.py:190} INFO - [2024-11-14T07:44:29.275+0000] {dagbag.py:588} INFO - Filling up the DagBag from /home/ubuntu/airflow-venv/lib/python3.12/site-packages/airflow/example_dags/tutorial_dag.py
[2024-11-14T07:44:29.286+0000] {processor.py:925} INFO - DAG(s) 'tutorial_dag' retrieved from /home/ubuntu/airflow-venv/lib/python3.12/site-packages/airflow/example_dags/tutorial_dag.py
[2024-11-14T07:44:29.305+0000] {logging_mixin.py:190} INFO - [2024-11-14T07:44:29.304+0000] {dag.py:3239} INFO - Sync 1 DAGs
[2024-11-14T07:44:29.318+0000] {logging_mixin.py:190} INFO - [2024-11-14T07:44:29.318+0000] {dag.py:4180} INFO - Setting next_dagrun for tutorial_dag to None, run_after=None
[2024-11-14T07:44:29.341+0000] {processor.py:208} INFO - Processing /home/ubuntu/airflow-venv/lib/python3.12/site-packages/airflow/example_dags/tutorial_dag.py took 0.077 seconds
[2024-11-14T07:45:24.919+0000] {processor.py:186} INFO - Started process (PID=3965) to work on /home/ubuntu/airflow-venv/lib/python3.12/site-packages/airflow/example_dags/tutorial_dag.py
[2024-11-14T07:45:24.920+0000] {processor.py:914} INFO - Processing file /home/ubuntu/airflow-venv/lib/python3.12/site-packages/airflow/example_dags/tutorial_dag.py for tasks to queue
[2024-11-14T07:45:24.922+0000] {logging_mixin.py:190} INFO - [2024-11-14T07:45:24.922+0000] {dagbag.py:588} INFO - Filling up the DagBag from /home/ubuntu/airflow-venv/lib/python3.12/site-packages/airflow/example_dags/tutorial_dag.py
[2024-11-14T07:45:24.931+0000] {processor.py:925} INFO - DAG(s) 'tutorial_dag' retrieved from /home/ubuntu/airflow-venv/lib/python3.12/site-packages/airflow/example_dags/tutorial_dag.py
[2024-11-14T07:45:24.947+0000] {logging_mixin.py:190} INFO - [2024-11-14T07:45:24.947+0000] {dag.py:3239} INFO - Sync 1 DAGs
[2024-11-14T07:45:24.959+0000] {logging_mixin.py:190} INFO - [2024-11-14T07:45:24.959+0000] {dag.py:4180} INFO - Setting next_dagrun for tutorial_dag to None, run_after=None
[2024-11-14T07:45:24.981+0000] {processor.py:208} INFO - Processing /home/ubuntu/airflow-venv/lib/python3.12/site-packages/airflow/example_dags/tutorial_dag.py took 0.068 seconds
[2024-11-14T07:46:18.453+0000] {processor.py:186} INFO - Started process (PID=4024) to work on /home/ubuntu/airflow-venv/lib/python3.12/site-packages/airflow/example_dags/tutorial_dag.py
[2024-11-14T07:46:18.455+0000] {processor.py:914} INFO - Processing file /home/ubuntu/airflow-venv/lib/python3.12/site-packages/airflow/example_dags/tutorial_dag.py for tasks to queue
[2024-11-14T07:46:18.458+0000] {logging_mixin.py:190} INFO - [2024-11-14T07:46:18.458+0000] {dagbag.py:588} INFO - Filling up the DagBag from /home/ubuntu/airflow-venv/lib/python3.12/site-packages/airflow/example_dags/tutorial_dag.py
[2024-11-14T07:46:18.470+0000] {processor.py:925} INFO - DAG(s) 'tutorial_dag' retrieved from /home/ubuntu/airflow-venv/lib/python3.12/site-packages/airflow/example_dags/tutorial_dag.py
[2024-11-14T07:46:18.489+0000] {logging_mixin.py:190} INFO - [2024-11-14T07:46:18.488+0000] {dag.py:3239} INFO - Sync 1 DAGs
[2024-11-14T07:46:18.502+0000] {logging_mixin.py:190} INFO - [2024-11-14T07:46:18.502+0000] {dag.py:4180} INFO - Setting next_dagrun for tutorial_dag to None, run_after=None
[2024-11-14T07:46:18.531+0000] {processor.py:208} INFO - Processing /home/ubuntu/airflow-venv/lib/python3.12/site-packages/airflow/example_dags/tutorial_dag.py took 0.086 seconds
[2024-11-14T07:47:12.242+0000] {processor.py:186} INFO - Started process (PID=4080) to work on /home/ubuntu/airflow-venv/lib/python3.12/site-packages/airflow/example_dags/tutorial_dag.py
[2024-11-14T07:47:12.244+0000] {processor.py:914} INFO - Processing file /home/ubuntu/airflow-venv/lib/python3.12/site-packages/airflow/example_dags/tutorial_dag.py for tasks to queue
[2024-11-14T07:47:12.246+0000] {logging_mixin.py:190} INFO - [2024-11-14T07:47:12.246+0000] {dagbag.py:588} INFO - Filling up the DagBag from /home/ubuntu/airflow-venv/lib/python3.12/site-packages/airflow/example_dags/tutorial_dag.py
[2024-11-14T07:47:12.255+0000] {processor.py:925} INFO - DAG(s) 'tutorial_dag' retrieved from /home/ubuntu/airflow-venv/lib/python3.12/site-packages/airflow/example_dags/tutorial_dag.py
[2024-11-14T07:47:12.272+0000] {logging_mixin.py:190} INFO - [2024-11-14T07:47:12.272+0000] {dag.py:3239} INFO - Sync 1 DAGs
[2024-11-14T07:47:12.285+0000] {logging_mixin.py:190} INFO - [2024-11-14T07:47:12.285+0000] {dag.py:4180} INFO - Setting next_dagrun for tutorial_dag to None, run_after=None
[2024-11-14T07:47:12.313+0000] {processor.py:208} INFO - Processing /home/ubuntu/airflow-venv/lib/python3.12/site-packages/airflow/example_dags/tutorial_dag.py took 0.076 seconds
[2024-11-14T07:48:15.623+0000] {processor.py:186} INFO - Started process (PID=4465) to work on /home/ubuntu/airflow-venv/lib/python3.12/site-packages/airflow/example_dags/tutorial_dag.py
[2024-11-14T07:48:15.627+0000] {processor.py:914} INFO - Processing file /home/ubuntu/airflow-venv/lib/python3.12/site-packages/airflow/example_dags/tutorial_dag.py for tasks to queue
[2024-11-14T07:48:15.630+0000] {logging_mixin.py:190} INFO - [2024-11-14T07:48:15.629+0000] {dagbag.py:588} INFO - Filling up the DagBag from /home/ubuntu/airflow-venv/lib/python3.12/site-packages/airflow/example_dags/tutorial_dag.py
[2024-11-14T07:48:15.658+0000] {processor.py:925} INFO - DAG(s) 'tutorial_dag' retrieved from /home/ubuntu/airflow-venv/lib/python3.12/site-packages/airflow/example_dags/tutorial_dag.py
[2024-11-14T07:48:15.703+0000] {logging_mixin.py:190} INFO - [2024-11-14T07:48:15.702+0000] {dag.py:3239} INFO - Sync 1 DAGs
[2024-11-14T07:48:15.726+0000] {logging_mixin.py:190} INFO - [2024-11-14T07:48:15.726+0000] {dag.py:4180} INFO - Setting next_dagrun for tutorial_dag to None, run_after=None
[2024-11-14T07:48:15.769+0000] {processor.py:208} INFO - Processing /home/ubuntu/airflow-venv/lib/python3.12/site-packages/airflow/example_dags/tutorial_dag.py took 0.158 seconds
[2024-11-14T07:49:19.422+0000] {processor.py:186} INFO - Started process (PID=4644) to work on /home/ubuntu/airflow-venv/lib/python3.12/site-packages/airflow/example_dags/tutorial_dag.py
[2024-11-14T07:49:19.424+0000] {processor.py:914} INFO - Processing file /home/ubuntu/airflow-venv/lib/python3.12/site-packages/airflow/example_dags/tutorial_dag.py for tasks to queue
[2024-11-14T07:49:19.430+0000] {logging_mixin.py:190} INFO - [2024-11-14T07:49:19.427+0000] {dagbag.py:588} INFO - Filling up the DagBag from /home/ubuntu/airflow-venv/lib/python3.12/site-packages/airflow/example_dags/tutorial_dag.py
[2024-11-14T07:49:19.446+0000] {processor.py:925} INFO - DAG(s) 'tutorial_dag' retrieved from /home/ubuntu/airflow-venv/lib/python3.12/site-packages/airflow/example_dags/tutorial_dag.py
[2024-11-14T07:49:19.480+0000] {logging_mixin.py:190} INFO - [2024-11-14T07:49:19.480+0000] {dag.py:3239} INFO - Sync 1 DAGs
[2024-11-14T07:49:19.501+0000] {logging_mixin.py:190} INFO - [2024-11-14T07:49:19.501+0000] {dag.py:4180} INFO - Setting next_dagrun for tutorial_dag to None, run_after=None
[2024-11-14T07:49:19.546+0000] {processor.py:208} INFO - Processing /home/ubuntu/airflow-venv/lib/python3.12/site-packages/airflow/example_dags/tutorial_dag.py took 0.143 seconds
[2024-11-14T07:50:19.477+0000] {processor.py:186} INFO - Started process (PID=4704) to work on /home/ubuntu/airflow-venv/lib/python3.12/site-packages/airflow/example_dags/tutorial_dag.py
[2024-11-14T07:50:19.478+0000] {processor.py:914} INFO - Processing file /home/ubuntu/airflow-venv/lib/python3.12/site-packages/airflow/example_dags/tutorial_dag.py for tasks to queue
[2024-11-14T07:50:19.481+0000] {logging_mixin.py:190} INFO - [2024-11-14T07:50:19.480+0000] {dagbag.py:588} INFO - Filling up the DagBag from /home/ubuntu/airflow-venv/lib/python3.12/site-packages/airflow/example_dags/tutorial_dag.py
[2024-11-14T07:50:19.490+0000] {processor.py:925} INFO - DAG(s) 'tutorial_dag' retrieved from /home/ubuntu/airflow-venv/lib/python3.12/site-packages/airflow/example_dags/tutorial_dag.py
[2024-11-14T07:50:19.511+0000] {logging_mixin.py:190} INFO - [2024-11-14T07:50:19.511+0000] {dag.py:3239} INFO - Sync 1 DAGs
[2024-11-14T07:50:19.527+0000] {logging_mixin.py:190} INFO - [2024-11-14T07:50:19.527+0000] {dag.py:4180} INFO - Setting next_dagrun for tutorial_dag to None, run_after=None
[2024-11-14T07:50:19.553+0000] {processor.py:208} INFO - Processing /home/ubuntu/airflow-venv/lib/python3.12/site-packages/airflow/example_dags/tutorial_dag.py took 0.083 seconds
[2024-11-14T07:51:23.838+0000] {processor.py:186} INFO - Started process (PID=4770) to work on /home/ubuntu/airflow-venv/lib/python3.12/site-packages/airflow/example_dags/tutorial_dag.py
[2024-11-14T07:51:23.839+0000] {processor.py:914} INFO - Processing file /home/ubuntu/airflow-venv/lib/python3.12/site-packages/airflow/example_dags/tutorial_dag.py for tasks to queue
[2024-11-14T07:51:23.840+0000] {logging_mixin.py:190} INFO - [2024-11-14T07:51:23.840+0000] {dagbag.py:588} INFO - Filling up the DagBag from /home/ubuntu/airflow-venv/lib/python3.12/site-packages/airflow/example_dags/tutorial_dag.py
[2024-11-14T07:51:23.849+0000] {processor.py:925} INFO - DAG(s) 'tutorial_dag' retrieved from /home/ubuntu/airflow-venv/lib/python3.12/site-packages/airflow/example_dags/tutorial_dag.py
[2024-11-14T07:51:23.866+0000] {logging_mixin.py:190} INFO - [2024-11-14T07:51:23.865+0000] {dag.py:3239} INFO - Sync 1 DAGs
[2024-11-14T07:51:23.879+0000] {logging_mixin.py:190} INFO - [2024-11-14T07:51:23.878+0000] {dag.py:4180} INFO - Setting next_dagrun for tutorial_dag to None, run_after=None
[2024-11-14T07:51:23.902+0000] {processor.py:208} INFO - Processing /home/ubuntu/airflow-venv/lib/python3.12/site-packages/airflow/example_dags/tutorial_dag.py took 0.071 seconds
[2024-11-14T07:52:23.979+0000] {processor.py:186} INFO - Started process (PID=4830) to work on /home/ubuntu/airflow-venv/lib/python3.12/site-packages/airflow/example_dags/tutorial_dag.py
[2024-11-14T07:52:23.981+0000] {processor.py:914} INFO - Processing file /home/ubuntu/airflow-venv/lib/python3.12/site-packages/airflow/example_dags/tutorial_dag.py for tasks to queue
[2024-11-14T07:52:23.982+0000] {logging_mixin.py:190} INFO - [2024-11-14T07:52:23.982+0000] {dagbag.py:588} INFO - Filling up the DagBag from /home/ubuntu/airflow-venv/lib/python3.12/site-packages/airflow/example_dags/tutorial_dag.py
[2024-11-14T07:52:23.993+0000] {processor.py:925} INFO - DAG(s) 'tutorial_dag' retrieved from /home/ubuntu/airflow-venv/lib/python3.12/site-packages/airflow/example_dags/tutorial_dag.py
[2024-11-14T07:52:24.015+0000] {logging_mixin.py:190} INFO - [2024-11-14T07:52:24.015+0000] {dag.py:3239} INFO - Sync 1 DAGs
[2024-11-14T07:52:24.032+0000] {logging_mixin.py:190} INFO - [2024-11-14T07:52:24.032+0000] {dag.py:4180} INFO - Setting next_dagrun for tutorial_dag to None, run_after=None
[2024-11-14T07:52:24.057+0000] {processor.py:208} INFO - Processing /home/ubuntu/airflow-venv/lib/python3.12/site-packages/airflow/example_dags/tutorial_dag.py took 0.084 seconds
[2024-11-14T07:53:21.317+0000] {processor.py:186} INFO - Started process (PID=4889) to work on /home/ubuntu/airflow-venv/lib/python3.12/site-packages/airflow/example_dags/tutorial_dag.py
[2024-11-14T07:53:21.319+0000] {processor.py:914} INFO - Processing file /home/ubuntu/airflow-venv/lib/python3.12/site-packages/airflow/example_dags/tutorial_dag.py for tasks to queue
[2024-11-14T07:53:21.321+0000] {logging_mixin.py:190} INFO - [2024-11-14T07:53:21.320+0000] {dagbag.py:588} INFO - Filling up the DagBag from /home/ubuntu/airflow-venv/lib/python3.12/site-packages/airflow/example_dags/tutorial_dag.py
[2024-11-14T07:53:21.331+0000] {processor.py:925} INFO - DAG(s) 'tutorial_dag' retrieved from /home/ubuntu/airflow-venv/lib/python3.12/site-packages/airflow/example_dags/tutorial_dag.py
[2024-11-14T07:53:21.349+0000] {logging_mixin.py:190} INFO - [2024-11-14T07:53:21.349+0000] {dag.py:3239} INFO - Sync 1 DAGs
[2024-11-14T07:53:21.365+0000] {logging_mixin.py:190} INFO - [2024-11-14T07:53:21.364+0000] {dag.py:4180} INFO - Setting next_dagrun for tutorial_dag to None, run_after=None
[2024-11-14T07:53:21.391+0000] {processor.py:208} INFO - Processing /home/ubuntu/airflow-venv/lib/python3.12/site-packages/airflow/example_dags/tutorial_dag.py took 0.081 seconds
[2024-11-14T07:54:24.402+0000] {processor.py:186} INFO - Started process (PID=4953) to work on /home/ubuntu/airflow-venv/lib/python3.12/site-packages/airflow/example_dags/tutorial_dag.py
[2024-11-14T07:54:24.403+0000] {processor.py:914} INFO - Processing file /home/ubuntu/airflow-venv/lib/python3.12/site-packages/airflow/example_dags/tutorial_dag.py for tasks to queue
[2024-11-14T07:54:24.405+0000] {logging_mixin.py:190} INFO - [2024-11-14T07:54:24.404+0000] {dagbag.py:588} INFO - Filling up the DagBag from /home/ubuntu/airflow-venv/lib/python3.12/site-packages/airflow/example_dags/tutorial_dag.py
[2024-11-14T07:54:24.414+0000] {processor.py:925} INFO - DAG(s) 'tutorial_dag' retrieved from /home/ubuntu/airflow-venv/lib/python3.12/site-packages/airflow/example_dags/tutorial_dag.py
[2024-11-14T07:54:24.435+0000] {logging_mixin.py:190} INFO - [2024-11-14T07:54:24.434+0000] {dag.py:3239} INFO - Sync 1 DAGs
[2024-11-14T07:54:24.454+0000] {logging_mixin.py:190} INFO - [2024-11-14T07:54:24.453+0000] {dag.py:4180} INFO - Setting next_dagrun for tutorial_dag to None, run_after=None
[2024-11-14T07:54:24.489+0000] {processor.py:208} INFO - Processing /home/ubuntu/airflow-venv/lib/python3.12/site-packages/airflow/example_dags/tutorial_dag.py took 0.095 seconds
[2024-11-14T07:55:22.668+0000] {processor.py:186} INFO - Started process (PID=5015) to work on /home/ubuntu/airflow-venv/lib/python3.12/site-packages/airflow/example_dags/tutorial_dag.py
[2024-11-14T07:55:22.670+0000] {processor.py:914} INFO - Processing file /home/ubuntu/airflow-venv/lib/python3.12/site-packages/airflow/example_dags/tutorial_dag.py for tasks to queue
[2024-11-14T07:55:22.671+0000] {logging_mixin.py:190} INFO - [2024-11-14T07:55:22.671+0000] {dagbag.py:588} INFO - Filling up the DagBag from /home/ubuntu/airflow-venv/lib/python3.12/site-packages/airflow/example_dags/tutorial_dag.py
[2024-11-14T07:55:22.681+0000] {processor.py:925} INFO - DAG(s) 'tutorial_dag' retrieved from /home/ubuntu/airflow-venv/lib/python3.12/site-packages/airflow/example_dags/tutorial_dag.py
[2024-11-14T07:55:22.716+0000] {logging_mixin.py:190} INFO - [2024-11-14T07:55:22.716+0000] {dag.py:3239} INFO - Sync 1 DAGs
[2024-11-14T07:55:22.732+0000] {logging_mixin.py:190} INFO - [2024-11-14T07:55:22.732+0000] {dag.py:4180} INFO - Setting next_dagrun for tutorial_dag to None, run_after=None
[2024-11-14T07:55:22.758+0000] {processor.py:208} INFO - Processing /home/ubuntu/airflow-venv/lib/python3.12/site-packages/airflow/example_dags/tutorial_dag.py took 0.099 seconds
[2024-11-14T07:56:23.642+0000] {processor.py:186} INFO - Started process (PID=5076) to work on /home/ubuntu/airflow-venv/lib/python3.12/site-packages/airflow/example_dags/tutorial_dag.py
[2024-11-14T07:56:23.644+0000] {processor.py:914} INFO - Processing file /home/ubuntu/airflow-venv/lib/python3.12/site-packages/airflow/example_dags/tutorial_dag.py for tasks to queue
[2024-11-14T07:56:23.645+0000] {logging_mixin.py:190} INFO - [2024-11-14T07:56:23.645+0000] {dagbag.py:588} INFO - Filling up the DagBag from /home/ubuntu/airflow-venv/lib/python3.12/site-packages/airflow/example_dags/tutorial_dag.py
[2024-11-14T07:56:23.657+0000] {processor.py:925} INFO - DAG(s) 'tutorial_dag' retrieved from /home/ubuntu/airflow-venv/lib/python3.12/site-packages/airflow/example_dags/tutorial_dag.py
[2024-11-14T07:56:23.681+0000] {logging_mixin.py:190} INFO - [2024-11-14T07:56:23.681+0000] {dag.py:3239} INFO - Sync 1 DAGs
[2024-11-14T07:56:23.700+0000] {logging_mixin.py:190} INFO - [2024-11-14T07:56:23.699+0000] {dag.py:4180} INFO - Setting next_dagrun for tutorial_dag to None, run_after=None
[2024-11-14T07:56:23.733+0000] {processor.py:208} INFO - Processing /home/ubuntu/airflow-venv/lib/python3.12/site-packages/airflow/example_dags/tutorial_dag.py took 0.107 seconds
[2024-11-14T07:57:23.919+0000] {processor.py:186} INFO - Started process (PID=5139) to work on /home/ubuntu/airflow-venv/lib/python3.12/site-packages/airflow/example_dags/tutorial_dag.py
[2024-11-14T07:57:23.921+0000] {processor.py:914} INFO - Processing file /home/ubuntu/airflow-venv/lib/python3.12/site-packages/airflow/example_dags/tutorial_dag.py for tasks to queue
[2024-11-14T07:57:23.922+0000] {logging_mixin.py:190} INFO - [2024-11-14T07:57:23.922+0000] {dagbag.py:588} INFO - Filling up the DagBag from /home/ubuntu/airflow-venv/lib/python3.12/site-packages/airflow/example_dags/tutorial_dag.py
[2024-11-14T07:57:23.932+0000] {processor.py:925} INFO - DAG(s) 'tutorial_dag' retrieved from /home/ubuntu/airflow-venv/lib/python3.12/site-packages/airflow/example_dags/tutorial_dag.py
[2024-11-14T07:57:23.950+0000] {logging_mixin.py:190} INFO - [2024-11-14T07:57:23.950+0000] {dag.py:3239} INFO - Sync 1 DAGs
[2024-11-14T07:57:23.966+0000] {logging_mixin.py:190} INFO - [2024-11-14T07:57:23.966+0000] {dag.py:4180} INFO - Setting next_dagrun for tutorial_dag to None, run_after=None
[2024-11-14T07:57:23.990+0000] {processor.py:208} INFO - Processing /home/ubuntu/airflow-venv/lib/python3.12/site-packages/airflow/example_dags/tutorial_dag.py took 0.077 seconds
[2024-11-14T07:58:24.902+0000] {processor.py:186} INFO - Started process (PID=5199) to work on /home/ubuntu/airflow-venv/lib/python3.12/site-packages/airflow/example_dags/tutorial_dag.py
[2024-11-14T07:58:24.904+0000] {processor.py:914} INFO - Processing file /home/ubuntu/airflow-venv/lib/python3.12/site-packages/airflow/example_dags/tutorial_dag.py for tasks to queue
[2024-11-14T07:58:24.905+0000] {logging_mixin.py:190} INFO - [2024-11-14T07:58:24.905+0000] {dagbag.py:588} INFO - Filling up the DagBag from /home/ubuntu/airflow-venv/lib/python3.12/site-packages/airflow/example_dags/tutorial_dag.py
[2024-11-14T07:58:24.915+0000] {processor.py:925} INFO - DAG(s) 'tutorial_dag' retrieved from /home/ubuntu/airflow-venv/lib/python3.12/site-packages/airflow/example_dags/tutorial_dag.py
[2024-11-14T07:58:24.936+0000] {logging_mixin.py:190} INFO - [2024-11-14T07:58:24.936+0000] {dag.py:3239} INFO - Sync 1 DAGs
[2024-11-14T07:58:24.956+0000] {logging_mixin.py:190} INFO - [2024-11-14T07:58:24.953+0000] {dag.py:4180} INFO - Setting next_dagrun for tutorial_dag to None, run_after=None
[2024-11-14T07:58:25.013+0000] {processor.py:208} INFO - Processing /home/ubuntu/airflow-venv/lib/python3.12/site-packages/airflow/example_dags/tutorial_dag.py took 0.119 seconds
[2024-11-14T07:59:25.295+0000] {processor.py:186} INFO - Started process (PID=5259) to work on /home/ubuntu/airflow-venv/lib/python3.12/site-packages/airflow/example_dags/tutorial_dag.py
[2024-11-14T07:59:25.297+0000] {processor.py:914} INFO - Processing file /home/ubuntu/airflow-venv/lib/python3.12/site-packages/airflow/example_dags/tutorial_dag.py for tasks to queue
[2024-11-14T07:59:25.299+0000] {logging_mixin.py:190} INFO - [2024-11-14T07:59:25.298+0000] {dagbag.py:588} INFO - Filling up the DagBag from /home/ubuntu/airflow-venv/lib/python3.12/site-packages/airflow/example_dags/tutorial_dag.py
[2024-11-14T07:59:25.309+0000] {processor.py:925} INFO - DAG(s) 'tutorial_dag' retrieved from /home/ubuntu/airflow-venv/lib/python3.12/site-packages/airflow/example_dags/tutorial_dag.py
[2024-11-14T07:59:25.328+0000] {logging_mixin.py:190} INFO - [2024-11-14T07:59:25.328+0000] {dag.py:3239} INFO - Sync 1 DAGs
[2024-11-14T07:59:25.347+0000] {logging_mixin.py:190} INFO - [2024-11-14T07:59:25.347+0000] {dag.py:4180} INFO - Setting next_dagrun for tutorial_dag to None, run_after=None
[2024-11-14T07:59:25.373+0000] {processor.py:208} INFO - Processing /home/ubuntu/airflow-venv/lib/python3.12/site-packages/airflow/example_dags/tutorial_dag.py took 0.085 seconds
[2024-11-14T08:00:24.583+0000] {processor.py:186} INFO - Started process (PID=5321) to work on /home/ubuntu/airflow-venv/lib/python3.12/site-packages/airflow/example_dags/tutorial_dag.py
[2024-11-14T08:00:24.584+0000] {processor.py:914} INFO - Processing file /home/ubuntu/airflow-venv/lib/python3.12/site-packages/airflow/example_dags/tutorial_dag.py for tasks to queue
[2024-11-14T08:00:24.586+0000] {logging_mixin.py:190} INFO - [2024-11-14T08:00:24.585+0000] {dagbag.py:588} INFO - Filling up the DagBag from /home/ubuntu/airflow-venv/lib/python3.12/site-packages/airflow/example_dags/tutorial_dag.py
[2024-11-14T08:00:24.595+0000] {processor.py:925} INFO - DAG(s) 'tutorial_dag' retrieved from /home/ubuntu/airflow-venv/lib/python3.12/site-packages/airflow/example_dags/tutorial_dag.py
[2024-11-14T08:00:24.627+0000] {logging_mixin.py:190} INFO - [2024-11-14T08:00:24.623+0000] {dag.py:3239} INFO - Sync 1 DAGs
[2024-11-14T08:00:24.644+0000] {logging_mixin.py:190} INFO - [2024-11-14T08:00:24.644+0000] {dag.py:4180} INFO - Setting next_dagrun for tutorial_dag to None, run_after=None
[2024-11-14T08:00:24.667+0000] {processor.py:208} INFO - Processing /home/ubuntu/airflow-venv/lib/python3.12/site-packages/airflow/example_dags/tutorial_dag.py took 0.092 seconds
[2024-11-14T08:01:25.054+0000] {processor.py:186} INFO - Started process (PID=5385) to work on /home/ubuntu/airflow-venv/lib/python3.12/site-packages/airflow/example_dags/tutorial_dag.py
[2024-11-14T08:01:25.056+0000] {processor.py:914} INFO - Processing file /home/ubuntu/airflow-venv/lib/python3.12/site-packages/airflow/example_dags/tutorial_dag.py for tasks to queue
[2024-11-14T08:01:25.058+0000] {logging_mixin.py:190} INFO - [2024-11-14T08:01:25.057+0000] {dagbag.py:588} INFO - Filling up the DagBag from /home/ubuntu/airflow-venv/lib/python3.12/site-packages/airflow/example_dags/tutorial_dag.py
[2024-11-14T08:01:25.068+0000] {processor.py:925} INFO - DAG(s) 'tutorial_dag' retrieved from /home/ubuntu/airflow-venv/lib/python3.12/site-packages/airflow/example_dags/tutorial_dag.py
[2024-11-14T08:01:25.087+0000] {logging_mixin.py:190} INFO - [2024-11-14T08:01:25.086+0000] {dag.py:3239} INFO - Sync 1 DAGs
[2024-11-14T08:01:25.101+0000] {logging_mixin.py:190} INFO - [2024-11-14T08:01:25.101+0000] {dag.py:4180} INFO - Setting next_dagrun for tutorial_dag to None, run_after=None
[2024-11-14T08:01:25.126+0000] {processor.py:208} INFO - Processing /home/ubuntu/airflow-venv/lib/python3.12/site-packages/airflow/example_dags/tutorial_dag.py took 0.079 seconds
[2024-11-14T08:02:24.534+0000] {processor.py:186} INFO - Started process (PID=5447) to work on /home/ubuntu/airflow-venv/lib/python3.12/site-packages/airflow/example_dags/tutorial_dag.py
[2024-11-14T08:02:24.536+0000] {processor.py:914} INFO - Processing file /home/ubuntu/airflow-venv/lib/python3.12/site-packages/airflow/example_dags/tutorial_dag.py for tasks to queue
[2024-11-14T08:02:24.538+0000] {logging_mixin.py:190} INFO - [2024-11-14T08:02:24.537+0000] {dagbag.py:588} INFO - Filling up the DagBag from /home/ubuntu/airflow-venv/lib/python3.12/site-packages/airflow/example_dags/tutorial_dag.py
[2024-11-14T08:02:24.554+0000] {processor.py:925} INFO - DAG(s) 'tutorial_dag' retrieved from /home/ubuntu/airflow-venv/lib/python3.12/site-packages/airflow/example_dags/tutorial_dag.py
[2024-11-14T08:02:24.574+0000] {logging_mixin.py:190} INFO - [2024-11-14T08:02:24.574+0000] {dag.py:3239} INFO - Sync 1 DAGs
[2024-11-14T08:02:24.588+0000] {logging_mixin.py:190} INFO - [2024-11-14T08:02:24.588+0000] {dag.py:4180} INFO - Setting next_dagrun for tutorial_dag to None, run_after=None
[2024-11-14T08:02:24.611+0000] {processor.py:208} INFO - Processing /home/ubuntu/airflow-venv/lib/python3.12/site-packages/airflow/example_dags/tutorial_dag.py took 0.086 seconds
