[2024-11-14T07:40:32.659+0000] {processor.py:186} INFO - Started process (PID=3676) to work on /home/ubuntu/airflow-venv/lib/python3.12/site-packages/airflow/example_dags/tutorial_objectstorage.py
[2024-11-14T07:40:32.660+0000] {processor.py:914} INFO - Processing file /home/ubuntu/airflow-venv/lib/python3.12/site-packages/airflow/example_dags/tutorial_objectstorage.py for tasks to queue
[2024-11-14T07:40:32.662+0000] {logging_mixin.py:190} INFO - [2024-11-14T07:40:32.661+0000] {dagbag.py:588} INFO - Filling up the DagBag from /home/ubuntu/airflow-venv/lib/python3.12/site-packages/airflow/example_dags/tutorial_objectstorage.py
[2024-11-14T07:40:32.679+0000] {processor.py:925} INFO - DAG(s) 'tutorial_objectstorage' retrieved from /home/ubuntu/airflow-venv/lib/python3.12/site-packages/airflow/example_dags/tutorial_objectstorage.py
[2024-11-14T07:40:32.796+0000] {logging_mixin.py:190} INFO - [2024-11-14T07:40:32.795+0000] {override.py:1911} INFO - Created Permission View: can delete on DAG:tutorial_objectstorage
[2024-11-14T07:40:32.811+0000] {logging_mixin.py:190} INFO - [2024-11-14T07:40:32.810+0000] {override.py:1911} INFO - Created Permission View: can read on DAG:tutorial_objectstorage
[2024-11-14T07:40:32.822+0000] {logging_mixin.py:190} INFO - [2024-11-14T07:40:32.821+0000] {override.py:1911} INFO - Created Permission View: can edit on DAG:tutorial_objectstorage
[2024-11-14T07:40:32.839+0000] {logging_mixin.py:190} INFO - [2024-11-14T07:40:32.839+0000] {override.py:1911} INFO - Created Permission View: can delete on DAG Run:tutorial_objectstorage
[2024-11-14T07:40:32.850+0000] {logging_mixin.py:190} INFO - [2024-11-14T07:40:32.850+0000] {override.py:1911} INFO - Created Permission View: can create on DAG Run:tutorial_objectstorage
[2024-11-14T07:40:32.861+0000] {logging_mixin.py:190} INFO - [2024-11-14T07:40:32.860+0000] {override.py:1911} INFO - Created Permission View: can read on DAG Run:tutorial_objectstorage
[2024-11-14T07:40:32.871+0000] {logging_mixin.py:190} INFO - [2024-11-14T07:40:32.871+0000] {override.py:1911} INFO - Created Permission View: menu access on DAG Run:tutorial_objectstorage
[2024-11-14T07:40:32.872+0000] {logging_mixin.py:190} INFO - [2024-11-14T07:40:32.872+0000] {dag.py:3239} INFO - Sync 1 DAGs
[2024-11-14T07:40:32.907+0000] {logging_mixin.py:190} INFO - [2024-11-14T07:40:32.905+0000] {dag.py:3262} INFO - Creating ORM DAG for tutorial_objectstorage
[2024-11-14T07:40:32.909+0000] {logging_mixin.py:190} INFO - [2024-11-14T07:40:32.909+0000] {dag.py:4180} INFO - Setting next_dagrun for tutorial_objectstorage to None, run_after=None
[2024-11-14T07:40:32.960+0000] {processor.py:208} INFO - Processing /home/ubuntu/airflow-venv/lib/python3.12/site-packages/airflow/example_dags/tutorial_objectstorage.py took 0.311 seconds
[2024-11-14T07:41:41.726+0000] {processor.py:186} INFO - Started process (PID=3738) to work on /home/ubuntu/airflow-venv/lib/python3.12/site-packages/airflow/example_dags/tutorial_objectstorage.py
[2024-11-14T07:41:41.728+0000] {processor.py:914} INFO - Processing file /home/ubuntu/airflow-venv/lib/python3.12/site-packages/airflow/example_dags/tutorial_objectstorage.py for tasks to queue
[2024-11-14T07:41:41.730+0000] {logging_mixin.py:190} INFO - [2024-11-14T07:41:41.730+0000] {dagbag.py:588} INFO - Filling up the DagBag from /home/ubuntu/airflow-venv/lib/python3.12/site-packages/airflow/example_dags/tutorial_objectstorage.py
[2024-11-14T07:41:41.741+0000] {processor.py:925} INFO - DAG(s) 'tutorial_objectstorage' retrieved from /home/ubuntu/airflow-venv/lib/python3.12/site-packages/airflow/example_dags/tutorial_objectstorage.py
[2024-11-14T07:41:41.757+0000] {logging_mixin.py:190} INFO - [2024-11-14T07:41:41.757+0000] {dag.py:3239} INFO - Sync 1 DAGs
[2024-11-14T07:41:41.771+0000] {logging_mixin.py:190} INFO - [2024-11-14T07:41:41.771+0000] {dag.py:4180} INFO - Setting next_dagrun for tutorial_objectstorage to None, run_after=None
[2024-11-14T07:41:41.794+0000] {processor.py:208} INFO - Processing /home/ubuntu/airflow-venv/lib/python3.12/site-packages/airflow/example_dags/tutorial_objectstorage.py took 0.074 seconds
[2024-11-14T07:42:38.933+0000] {processor.py:186} INFO - Started process (PID=3795) to work on /home/ubuntu/airflow-venv/lib/python3.12/site-packages/airflow/example_dags/tutorial_objectstorage.py
[2024-11-14T07:42:38.936+0000] {processor.py:914} INFO - Processing file /home/ubuntu/airflow-venv/lib/python3.12/site-packages/airflow/example_dags/tutorial_objectstorage.py for tasks to queue
[2024-11-14T07:42:38.940+0000] {logging_mixin.py:190} INFO - [2024-11-14T07:42:38.939+0000] {dagbag.py:588} INFO - Filling up the DagBag from /home/ubuntu/airflow-venv/lib/python3.12/site-packages/airflow/example_dags/tutorial_objectstorage.py
[2024-11-14T07:42:38.953+0000] {processor.py:925} INFO - DAG(s) 'tutorial_objectstorage' retrieved from /home/ubuntu/airflow-venv/lib/python3.12/site-packages/airflow/example_dags/tutorial_objectstorage.py
[2024-11-14T07:42:38.972+0000] {logging_mixin.py:190} INFO - [2024-11-14T07:42:38.972+0000] {dag.py:3239} INFO - Sync 1 DAGs
[2024-11-14T07:42:38.991+0000] {logging_mixin.py:190} INFO - [2024-11-14T07:42:38.990+0000] {dag.py:4180} INFO - Setting next_dagrun for tutorial_objectstorage to None, run_after=None
[2024-11-14T07:42:39.018+0000] {processor.py:208} INFO - Processing /home/ubuntu/airflow-venv/lib/python3.12/site-packages/airflow/example_dags/tutorial_objectstorage.py took 0.096 seconds
[2024-11-14T07:43:32.026+0000] {processor.py:186} INFO - Started process (PID=3850) to work on /home/ubuntu/airflow-venv/lib/python3.12/site-packages/airflow/example_dags/tutorial_objectstorage.py
[2024-11-14T07:43:32.028+0000] {processor.py:914} INFO - Processing file /home/ubuntu/airflow-venv/lib/python3.12/site-packages/airflow/example_dags/tutorial_objectstorage.py for tasks to queue
[2024-11-14T07:43:32.030+0000] {logging_mixin.py:190} INFO - [2024-11-14T07:43:32.030+0000] {dagbag.py:588} INFO - Filling up the DagBag from /home/ubuntu/airflow-venv/lib/python3.12/site-packages/airflow/example_dags/tutorial_objectstorage.py
[2024-11-14T07:43:32.041+0000] {processor.py:925} INFO - DAG(s) 'tutorial_objectstorage' retrieved from /home/ubuntu/airflow-venv/lib/python3.12/site-packages/airflow/example_dags/tutorial_objectstorage.py
[2024-11-14T07:43:32.057+0000] {logging_mixin.py:190} INFO - [2024-11-14T07:43:32.057+0000] {dag.py:3239} INFO - Sync 1 DAGs
[2024-11-14T07:43:32.070+0000] {logging_mixin.py:190} INFO - [2024-11-14T07:43:32.070+0000] {dag.py:4180} INFO - Setting next_dagrun for tutorial_objectstorage to None, run_after=None
[2024-11-14T07:43:32.093+0000] {processor.py:208} INFO - Processing /home/ubuntu/airflow-venv/lib/python3.12/site-packages/airflow/example_dags/tutorial_objectstorage.py took 0.073 seconds
[2024-11-14T07:44:30.416+0000] {processor.py:186} INFO - Started process (PID=3906) to work on /home/ubuntu/airflow-venv/lib/python3.12/site-packages/airflow/example_dags/tutorial_objectstorage.py
[2024-11-14T07:44:30.417+0000] {processor.py:914} INFO - Processing file /home/ubuntu/airflow-venv/lib/python3.12/site-packages/airflow/example_dags/tutorial_objectstorage.py for tasks to queue
[2024-11-14T07:44:30.420+0000] {logging_mixin.py:190} INFO - [2024-11-14T07:44:30.420+0000] {dagbag.py:588} INFO - Filling up the DagBag from /home/ubuntu/airflow-venv/lib/python3.12/site-packages/airflow/example_dags/tutorial_objectstorage.py
[2024-11-14T07:44:30.433+0000] {processor.py:925} INFO - DAG(s) 'tutorial_objectstorage' retrieved from /home/ubuntu/airflow-venv/lib/python3.12/site-packages/airflow/example_dags/tutorial_objectstorage.py
[2024-11-14T07:44:30.455+0000] {logging_mixin.py:190} INFO - [2024-11-14T07:44:30.454+0000] {dag.py:3239} INFO - Sync 1 DAGs
[2024-11-14T07:44:30.471+0000] {logging_mixin.py:190} INFO - [2024-11-14T07:44:30.471+0000] {dag.py:4180} INFO - Setting next_dagrun for tutorial_objectstorage to None, run_after=None
[2024-11-14T07:44:30.501+0000] {processor.py:208} INFO - Processing /home/ubuntu/airflow-venv/lib/python3.12/site-packages/airflow/example_dags/tutorial_objectstorage.py took 0.093 seconds
[2024-11-14T07:45:26.095+0000] {processor.py:186} INFO - Started process (PID=3966) to work on /home/ubuntu/airflow-venv/lib/python3.12/site-packages/airflow/example_dags/tutorial_objectstorage.py
[2024-11-14T07:45:26.099+0000] {processor.py:914} INFO - Processing file /home/ubuntu/airflow-venv/lib/python3.12/site-packages/airflow/example_dags/tutorial_objectstorage.py for tasks to queue
[2024-11-14T07:45:26.102+0000] {logging_mixin.py:190} INFO - [2024-11-14T07:45:26.102+0000] {dagbag.py:588} INFO - Filling up the DagBag from /home/ubuntu/airflow-venv/lib/python3.12/site-packages/airflow/example_dags/tutorial_objectstorage.py
[2024-11-14T07:45:26.117+0000] {processor.py:925} INFO - DAG(s) 'tutorial_objectstorage' retrieved from /home/ubuntu/airflow-venv/lib/python3.12/site-packages/airflow/example_dags/tutorial_objectstorage.py
[2024-11-14T07:45:26.134+0000] {logging_mixin.py:190} INFO - [2024-11-14T07:45:26.134+0000] {dag.py:3239} INFO - Sync 1 DAGs
[2024-11-14T07:45:26.147+0000] {logging_mixin.py:190} INFO - [2024-11-14T07:45:26.147+0000] {dag.py:4180} INFO - Setting next_dagrun for tutorial_objectstorage to None, run_after=None
[2024-11-14T07:45:26.174+0000] {processor.py:208} INFO - Processing /home/ubuntu/airflow-venv/lib/python3.12/site-packages/airflow/example_dags/tutorial_objectstorage.py took 0.085 seconds
[2024-11-14T07:46:19.609+0000] {processor.py:186} INFO - Started process (PID=4025) to work on /home/ubuntu/airflow-venv/lib/python3.12/site-packages/airflow/example_dags/tutorial_objectstorage.py
[2024-11-14T07:46:19.610+0000] {processor.py:914} INFO - Processing file /home/ubuntu/airflow-venv/lib/python3.12/site-packages/airflow/example_dags/tutorial_objectstorage.py for tasks to queue
[2024-11-14T07:46:19.613+0000] {logging_mixin.py:190} INFO - [2024-11-14T07:46:19.612+0000] {dagbag.py:588} INFO - Filling up the DagBag from /home/ubuntu/airflow-venv/lib/python3.12/site-packages/airflow/example_dags/tutorial_objectstorage.py
[2024-11-14T07:46:19.624+0000] {processor.py:925} INFO - DAG(s) 'tutorial_objectstorage' retrieved from /home/ubuntu/airflow-venv/lib/python3.12/site-packages/airflow/example_dags/tutorial_objectstorage.py
[2024-11-14T07:46:19.646+0000] {logging_mixin.py:190} INFO - [2024-11-14T07:46:19.645+0000] {dag.py:3239} INFO - Sync 1 DAGs
[2024-11-14T07:46:19.659+0000] {logging_mixin.py:190} INFO - [2024-11-14T07:46:19.659+0000] {dag.py:4180} INFO - Setting next_dagrun for tutorial_objectstorage to None, run_after=None
[2024-11-14T07:46:19.686+0000] {processor.py:208} INFO - Processing /home/ubuntu/airflow-venv/lib/python3.12/site-packages/airflow/example_dags/tutorial_objectstorage.py took 0.083 seconds
[2024-11-14T07:47:13.396+0000] {processor.py:186} INFO - Started process (PID=4081) to work on /home/ubuntu/airflow-venv/lib/python3.12/site-packages/airflow/example_dags/tutorial_objectstorage.py
[2024-11-14T07:47:13.398+0000] {processor.py:914} INFO - Processing file /home/ubuntu/airflow-venv/lib/python3.12/site-packages/airflow/example_dags/tutorial_objectstorage.py for tasks to queue
[2024-11-14T07:47:13.400+0000] {logging_mixin.py:190} INFO - [2024-11-14T07:47:13.400+0000] {dagbag.py:588} INFO - Filling up the DagBag from /home/ubuntu/airflow-venv/lib/python3.12/site-packages/airflow/example_dags/tutorial_objectstorage.py
[2024-11-14T07:47:13.412+0000] {processor.py:925} INFO - DAG(s) 'tutorial_objectstorage' retrieved from /home/ubuntu/airflow-venv/lib/python3.12/site-packages/airflow/example_dags/tutorial_objectstorage.py
[2024-11-14T07:47:13.429+0000] {logging_mixin.py:190} INFO - [2024-11-14T07:47:13.429+0000] {dag.py:3239} INFO - Sync 1 DAGs
[2024-11-14T07:47:13.453+0000] {logging_mixin.py:190} INFO - [2024-11-14T07:47:13.453+0000] {dag.py:4180} INFO - Setting next_dagrun for tutorial_objectstorage to None, run_after=None
[2024-11-14T07:47:13.480+0000] {processor.py:208} INFO - Processing /home/ubuntu/airflow-venv/lib/python3.12/site-packages/airflow/example_dags/tutorial_objectstorage.py took 0.091 seconds
[2024-11-14T07:48:16.899+0000] {processor.py:186} INFO - Started process (PID=4534) to work on /home/ubuntu/airflow-venv/lib/python3.12/site-packages/airflow/example_dags/tutorial_objectstorage.py
[2024-11-14T07:48:16.901+0000] {processor.py:914} INFO - Processing file /home/ubuntu/airflow-venv/lib/python3.12/site-packages/airflow/example_dags/tutorial_objectstorage.py for tasks to queue
[2024-11-14T07:48:16.905+0000] {logging_mixin.py:190} INFO - [2024-11-14T07:48:16.904+0000] {dagbag.py:588} INFO - Filling up the DagBag from /home/ubuntu/airflow-venv/lib/python3.12/site-packages/airflow/example_dags/tutorial_objectstorage.py
[2024-11-14T07:48:16.926+0000] {processor.py:925} INFO - DAG(s) 'tutorial_objectstorage' retrieved from /home/ubuntu/airflow-venv/lib/python3.12/site-packages/airflow/example_dags/tutorial_objectstorage.py
[2024-11-14T07:48:16.954+0000] {logging_mixin.py:190} INFO - [2024-11-14T07:48:16.954+0000] {dag.py:3239} INFO - Sync 1 DAGs
[2024-11-14T07:48:16.979+0000] {logging_mixin.py:190} INFO - [2024-11-14T07:48:16.978+0000] {dag.py:4180} INFO - Setting next_dagrun for tutorial_objectstorage to None, run_after=None
[2024-11-14T07:48:17.015+0000] {processor.py:208} INFO - Processing /home/ubuntu/airflow-venv/lib/python3.12/site-packages/airflow/example_dags/tutorial_objectstorage.py took 0.128 seconds
[2024-11-14T07:49:19.965+0000] {processor.py:186} INFO - Started process (PID=4645) to work on /home/ubuntu/airflow-venv/lib/python3.12/site-packages/airflow/example_dags/tutorial_objectstorage.py
[2024-11-14T07:49:19.966+0000] {processor.py:914} INFO - Processing file /home/ubuntu/airflow-venv/lib/python3.12/site-packages/airflow/example_dags/tutorial_objectstorage.py for tasks to queue
[2024-11-14T07:49:19.970+0000] {logging_mixin.py:190} INFO - [2024-11-14T07:49:19.969+0000] {dagbag.py:588} INFO - Filling up the DagBag from /home/ubuntu/airflow-venv/lib/python3.12/site-packages/airflow/example_dags/tutorial_objectstorage.py
[2024-11-14T07:49:19.984+0000] {processor.py:925} INFO - DAG(s) 'tutorial_objectstorage' retrieved from /home/ubuntu/airflow-venv/lib/python3.12/site-packages/airflow/example_dags/tutorial_objectstorage.py
[2024-11-14T07:49:20.029+0000] {logging_mixin.py:190} INFO - [2024-11-14T07:49:20.029+0000] {dag.py:3239} INFO - Sync 1 DAGs
[2024-11-14T07:49:20.059+0000] {logging_mixin.py:190} INFO - [2024-11-14T07:49:20.058+0000] {dag.py:4180} INFO - Setting next_dagrun for tutorial_objectstorage to None, run_after=None
[2024-11-14T07:49:20.108+0000] {processor.py:208} INFO - Processing /home/ubuntu/airflow-venv/lib/python3.12/site-packages/airflow/example_dags/tutorial_objectstorage.py took 0.152 seconds
[2024-11-14T07:50:20.619+0000] {processor.py:186} INFO - Started process (PID=4705) to work on /home/ubuntu/airflow-venv/lib/python3.12/site-packages/airflow/example_dags/tutorial_objectstorage.py
[2024-11-14T07:50:20.620+0000] {processor.py:914} INFO - Processing file /home/ubuntu/airflow-venv/lib/python3.12/site-packages/airflow/example_dags/tutorial_objectstorage.py for tasks to queue
[2024-11-14T07:50:20.623+0000] {logging_mixin.py:190} INFO - [2024-11-14T07:50:20.623+0000] {dagbag.py:588} INFO - Filling up the DagBag from /home/ubuntu/airflow-venv/lib/python3.12/site-packages/airflow/example_dags/tutorial_objectstorage.py
[2024-11-14T07:50:20.634+0000] {processor.py:925} INFO - DAG(s) 'tutorial_objectstorage' retrieved from /home/ubuntu/airflow-venv/lib/python3.12/site-packages/airflow/example_dags/tutorial_objectstorage.py
[2024-11-14T07:50:20.651+0000] {logging_mixin.py:190} INFO - [2024-11-14T07:50:20.650+0000] {dag.py:3239} INFO - Sync 1 DAGs
[2024-11-14T07:50:20.665+0000] {logging_mixin.py:190} INFO - [2024-11-14T07:50:20.665+0000] {dag.py:4180} INFO - Setting next_dagrun for tutorial_objectstorage to None, run_after=None
[2024-11-14T07:50:20.690+0000] {processor.py:208} INFO - Processing /home/ubuntu/airflow-venv/lib/python3.12/site-packages/airflow/example_dags/tutorial_objectstorage.py took 0.077 seconds
[2024-11-14T07:51:24.477+0000] {processor.py:186} INFO - Started process (PID=4771) to work on /home/ubuntu/airflow-venv/lib/python3.12/site-packages/airflow/example_dags/tutorial_objectstorage.py
[2024-11-14T07:51:24.480+0000] {processor.py:914} INFO - Processing file /home/ubuntu/airflow-venv/lib/python3.12/site-packages/airflow/example_dags/tutorial_objectstorage.py for tasks to queue
[2024-11-14T07:51:24.481+0000] {logging_mixin.py:190} INFO - [2024-11-14T07:51:24.481+0000] {dagbag.py:588} INFO - Filling up the DagBag from /home/ubuntu/airflow-venv/lib/python3.12/site-packages/airflow/example_dags/tutorial_objectstorage.py
[2024-11-14T07:51:24.493+0000] {processor.py:925} INFO - DAG(s) 'tutorial_objectstorage' retrieved from /home/ubuntu/airflow-venv/lib/python3.12/site-packages/airflow/example_dags/tutorial_objectstorage.py
[2024-11-14T07:51:24.509+0000] {logging_mixin.py:190} INFO - [2024-11-14T07:51:24.509+0000] {dag.py:3239} INFO - Sync 1 DAGs
[2024-11-14T07:51:24.522+0000] {logging_mixin.py:190} INFO - [2024-11-14T07:51:24.522+0000] {dag.py:4180} INFO - Setting next_dagrun for tutorial_objectstorage to None, run_after=None
[2024-11-14T07:51:24.546+0000] {processor.py:208} INFO - Processing /home/ubuntu/airflow-venv/lib/python3.12/site-packages/airflow/example_dags/tutorial_objectstorage.py took 0.075 seconds
[2024-11-14T07:52:25.139+0000] {processor.py:186} INFO - Started process (PID=4831) to work on /home/ubuntu/airflow-venv/lib/python3.12/site-packages/airflow/example_dags/tutorial_objectstorage.py
[2024-11-14T07:52:25.141+0000] {processor.py:914} INFO - Processing file /home/ubuntu/airflow-venv/lib/python3.12/site-packages/airflow/example_dags/tutorial_objectstorage.py for tasks to queue
[2024-11-14T07:52:25.142+0000] {logging_mixin.py:190} INFO - [2024-11-14T07:52:25.142+0000] {dagbag.py:588} INFO - Filling up the DagBag from /home/ubuntu/airflow-venv/lib/python3.12/site-packages/airflow/example_dags/tutorial_objectstorage.py
[2024-11-14T07:52:25.155+0000] {processor.py:925} INFO - DAG(s) 'tutorial_objectstorage' retrieved from /home/ubuntu/airflow-venv/lib/python3.12/site-packages/airflow/example_dags/tutorial_objectstorage.py
[2024-11-14T07:52:25.178+0000] {logging_mixin.py:190} INFO - [2024-11-14T07:52:25.177+0000] {dag.py:3239} INFO - Sync 1 DAGs
[2024-11-14T07:52:25.192+0000] {logging_mixin.py:190} INFO - [2024-11-14T07:52:25.191+0000] {dag.py:4180} INFO - Setting next_dagrun for tutorial_objectstorage to None, run_after=None
[2024-11-14T07:52:25.218+0000] {processor.py:208} INFO - Processing /home/ubuntu/airflow-venv/lib/python3.12/site-packages/airflow/example_dags/tutorial_objectstorage.py took 0.086 seconds
[2024-11-14T07:53:22.460+0000] {processor.py:186} INFO - Started process (PID=4890) to work on /home/ubuntu/airflow-venv/lib/python3.12/site-packages/airflow/example_dags/tutorial_objectstorage.py
[2024-11-14T07:53:22.461+0000] {processor.py:914} INFO - Processing file /home/ubuntu/airflow-venv/lib/python3.12/site-packages/airflow/example_dags/tutorial_objectstorage.py for tasks to queue
[2024-11-14T07:53:22.463+0000] {logging_mixin.py:190} INFO - [2024-11-14T07:53:22.462+0000] {dagbag.py:588} INFO - Filling up the DagBag from /home/ubuntu/airflow-venv/lib/python3.12/site-packages/airflow/example_dags/tutorial_objectstorage.py
[2024-11-14T07:53:22.475+0000] {processor.py:925} INFO - DAG(s) 'tutorial_objectstorage' retrieved from /home/ubuntu/airflow-venv/lib/python3.12/site-packages/airflow/example_dags/tutorial_objectstorage.py
[2024-11-14T07:53:22.500+0000] {logging_mixin.py:190} INFO - [2024-11-14T07:53:22.499+0000] {dag.py:3239} INFO - Sync 1 DAGs
[2024-11-14T07:53:22.538+0000] {logging_mixin.py:190} INFO - [2024-11-14T07:53:22.537+0000] {dag.py:4180} INFO - Setting next_dagrun for tutorial_objectstorage to None, run_after=None
[2024-11-14T07:53:22.568+0000] {processor.py:208} INFO - Processing /home/ubuntu/airflow-venv/lib/python3.12/site-packages/airflow/example_dags/tutorial_objectstorage.py took 0.115 seconds
[2024-11-14T07:54:25.563+0000] {processor.py:186} INFO - Started process (PID=4954) to work on /home/ubuntu/airflow-venv/lib/python3.12/site-packages/airflow/example_dags/tutorial_objectstorage.py
[2024-11-14T07:54:25.564+0000] {processor.py:914} INFO - Processing file /home/ubuntu/airflow-venv/lib/python3.12/site-packages/airflow/example_dags/tutorial_objectstorage.py for tasks to queue
[2024-11-14T07:54:25.566+0000] {logging_mixin.py:190} INFO - [2024-11-14T07:54:25.565+0000] {dagbag.py:588} INFO - Filling up the DagBag from /home/ubuntu/airflow-venv/lib/python3.12/site-packages/airflow/example_dags/tutorial_objectstorage.py
[2024-11-14T07:54:25.579+0000] {processor.py:925} INFO - DAG(s) 'tutorial_objectstorage' retrieved from /home/ubuntu/airflow-venv/lib/python3.12/site-packages/airflow/example_dags/tutorial_objectstorage.py
[2024-11-14T07:54:25.601+0000] {logging_mixin.py:190} INFO - [2024-11-14T07:54:25.601+0000] {dag.py:3239} INFO - Sync 1 DAGs
[2024-11-14T07:54:25.616+0000] {logging_mixin.py:190} INFO - [2024-11-14T07:54:25.616+0000] {dag.py:4180} INFO - Setting next_dagrun for tutorial_objectstorage to None, run_after=None
[2024-11-14T07:54:25.642+0000] {processor.py:208} INFO - Processing /home/ubuntu/airflow-venv/lib/python3.12/site-packages/airflow/example_dags/tutorial_objectstorage.py took 0.086 seconds
[2024-11-14T07:55:23.581+0000] {processor.py:186} INFO - Started process (PID=5016) to work on /home/ubuntu/airflow-venv/lib/python3.12/site-packages/airflow/example_dags/tutorial_objectstorage.py
[2024-11-14T07:55:23.583+0000] {processor.py:914} INFO - Processing file /home/ubuntu/airflow-venv/lib/python3.12/site-packages/airflow/example_dags/tutorial_objectstorage.py for tasks to queue
[2024-11-14T07:55:23.584+0000] {logging_mixin.py:190} INFO - [2024-11-14T07:55:23.584+0000] {dagbag.py:588} INFO - Filling up the DagBag from /home/ubuntu/airflow-venv/lib/python3.12/site-packages/airflow/example_dags/tutorial_objectstorage.py
[2024-11-14T07:55:23.601+0000] {processor.py:925} INFO - DAG(s) 'tutorial_objectstorage' retrieved from /home/ubuntu/airflow-venv/lib/python3.12/site-packages/airflow/example_dags/tutorial_objectstorage.py
[2024-11-14T07:55:23.633+0000] {logging_mixin.py:190} INFO - [2024-11-14T07:55:23.632+0000] {dag.py:3239} INFO - Sync 1 DAGs
[2024-11-14T07:55:23.646+0000] {logging_mixin.py:190} INFO - [2024-11-14T07:55:23.645+0000] {dag.py:4180} INFO - Setting next_dagrun for tutorial_objectstorage to None, run_after=None
[2024-11-14T07:55:23.669+0000] {processor.py:208} INFO - Processing /home/ubuntu/airflow-venv/lib/python3.12/site-packages/airflow/example_dags/tutorial_objectstorage.py took 0.094 seconds
[2024-11-14T07:56:24.718+0000] {processor.py:186} INFO - Started process (PID=5077) to work on /home/ubuntu/airflow-venv/lib/python3.12/site-packages/airflow/example_dags/tutorial_objectstorage.py
[2024-11-14T07:56:24.720+0000] {processor.py:914} INFO - Processing file /home/ubuntu/airflow-venv/lib/python3.12/site-packages/airflow/example_dags/tutorial_objectstorage.py for tasks to queue
[2024-11-14T07:56:24.722+0000] {logging_mixin.py:190} INFO - [2024-11-14T07:56:24.721+0000] {dagbag.py:588} INFO - Filling up the DagBag from /home/ubuntu/airflow-venv/lib/python3.12/site-packages/airflow/example_dags/tutorial_objectstorage.py
[2024-11-14T07:56:24.748+0000] {processor.py:925} INFO - DAG(s) 'tutorial_objectstorage' retrieved from /home/ubuntu/airflow-venv/lib/python3.12/site-packages/airflow/example_dags/tutorial_objectstorage.py
[2024-11-14T07:56:24.769+0000] {logging_mixin.py:190} INFO - [2024-11-14T07:56:24.768+0000] {dag.py:3239} INFO - Sync 1 DAGs
[2024-11-14T07:56:24.782+0000] {logging_mixin.py:190} INFO - [2024-11-14T07:56:24.782+0000] {dag.py:4180} INFO - Setting next_dagrun for tutorial_objectstorage to None, run_after=None
[2024-11-14T07:56:24.810+0000] {processor.py:208} INFO - Processing /home/ubuntu/airflow-venv/lib/python3.12/site-packages/airflow/example_dags/tutorial_objectstorage.py took 0.100 seconds
[2024-11-14T07:57:25.018+0000] {processor.py:186} INFO - Started process (PID=5140) to work on /home/ubuntu/airflow-venv/lib/python3.12/site-packages/airflow/example_dags/tutorial_objectstorage.py
[2024-11-14T07:57:25.024+0000] {processor.py:914} INFO - Processing file /home/ubuntu/airflow-venv/lib/python3.12/site-packages/airflow/example_dags/tutorial_objectstorage.py for tasks to queue
[2024-11-14T07:57:25.025+0000] {logging_mixin.py:190} INFO - [2024-11-14T07:57:25.025+0000] {dagbag.py:588} INFO - Filling up the DagBag from /home/ubuntu/airflow-venv/lib/python3.12/site-packages/airflow/example_dags/tutorial_objectstorage.py
[2024-11-14T07:57:25.047+0000] {processor.py:925} INFO - DAG(s) 'tutorial_objectstorage' retrieved from /home/ubuntu/airflow-venv/lib/python3.12/site-packages/airflow/example_dags/tutorial_objectstorage.py
[2024-11-14T07:57:25.070+0000] {logging_mixin.py:190} INFO - [2024-11-14T07:57:25.070+0000] {dag.py:3239} INFO - Sync 1 DAGs
[2024-11-14T07:57:25.089+0000] {logging_mixin.py:190} INFO - [2024-11-14T07:57:25.089+0000] {dag.py:4180} INFO - Setting next_dagrun for tutorial_objectstorage to None, run_after=None
[2024-11-14T07:57:25.113+0000] {processor.py:208} INFO - Processing /home/ubuntu/airflow-venv/lib/python3.12/site-packages/airflow/example_dags/tutorial_objectstorage.py took 0.107 seconds
[2024-11-14T07:58:25.273+0000] {processor.py:186} INFO - Started process (PID=5200) to work on /home/ubuntu/airflow-venv/lib/python3.12/site-packages/airflow/example_dags/tutorial_objectstorage.py
[2024-11-14T07:58:25.274+0000] {processor.py:914} INFO - Processing file /home/ubuntu/airflow-venv/lib/python3.12/site-packages/airflow/example_dags/tutorial_objectstorage.py for tasks to queue
[2024-11-14T07:58:25.276+0000] {logging_mixin.py:190} INFO - [2024-11-14T07:58:25.276+0000] {dagbag.py:588} INFO - Filling up the DagBag from /home/ubuntu/airflow-venv/lib/python3.12/site-packages/airflow/example_dags/tutorial_objectstorage.py
[2024-11-14T07:58:25.295+0000] {processor.py:925} INFO - DAG(s) 'tutorial_objectstorage' retrieved from /home/ubuntu/airflow-venv/lib/python3.12/site-packages/airflow/example_dags/tutorial_objectstorage.py
[2024-11-14T07:58:25.319+0000] {logging_mixin.py:190} INFO - [2024-11-14T07:58:25.319+0000] {dag.py:3239} INFO - Sync 1 DAGs
[2024-11-14T07:58:25.340+0000] {logging_mixin.py:190} INFO - [2024-11-14T07:58:25.339+0000] {dag.py:4180} INFO - Setting next_dagrun for tutorial_objectstorage to None, run_after=None
[2024-11-14T07:58:25.380+0000] {processor.py:208} INFO - Processing /home/ubuntu/airflow-venv/lib/python3.12/site-packages/airflow/example_dags/tutorial_objectstorage.py took 0.122 seconds
[2024-11-14T07:59:25.513+0000] {processor.py:186} INFO - Started process (PID=5260) to work on /home/ubuntu/airflow-venv/lib/python3.12/site-packages/airflow/example_dags/tutorial_objectstorage.py
[2024-11-14T07:59:25.514+0000] {processor.py:914} INFO - Processing file /home/ubuntu/airflow-venv/lib/python3.12/site-packages/airflow/example_dags/tutorial_objectstorage.py for tasks to queue
[2024-11-14T07:59:25.516+0000] {logging_mixin.py:190} INFO - [2024-11-14T07:59:25.515+0000] {dagbag.py:588} INFO - Filling up the DagBag from /home/ubuntu/airflow-venv/lib/python3.12/site-packages/airflow/example_dags/tutorial_objectstorage.py
[2024-11-14T07:59:25.529+0000] {processor.py:925} INFO - DAG(s) 'tutorial_objectstorage' retrieved from /home/ubuntu/airflow-venv/lib/python3.12/site-packages/airflow/example_dags/tutorial_objectstorage.py
[2024-11-14T07:59:25.548+0000] {logging_mixin.py:190} INFO - [2024-11-14T07:59:25.548+0000] {dag.py:3239} INFO - Sync 1 DAGs
[2024-11-14T07:59:25.562+0000] {logging_mixin.py:190} INFO - [2024-11-14T07:59:25.562+0000] {dag.py:4180} INFO - Setting next_dagrun for tutorial_objectstorage to None, run_after=None
[2024-11-14T07:59:25.592+0000] {processor.py:208} INFO - Processing /home/ubuntu/airflow-venv/lib/python3.12/site-packages/airflow/example_dags/tutorial_objectstorage.py took 0.087 seconds
[2024-11-14T08:00:25.660+0000] {processor.py:186} INFO - Started process (PID=5322) to work on /home/ubuntu/airflow-venv/lib/python3.12/site-packages/airflow/example_dags/tutorial_objectstorage.py
[2024-11-14T08:00:25.662+0000] {processor.py:914} INFO - Processing file /home/ubuntu/airflow-venv/lib/python3.12/site-packages/airflow/example_dags/tutorial_objectstorage.py for tasks to queue
[2024-11-14T08:00:25.663+0000] {logging_mixin.py:190} INFO - [2024-11-14T08:00:25.663+0000] {dagbag.py:588} INFO - Filling up the DagBag from /home/ubuntu/airflow-venv/lib/python3.12/site-packages/airflow/example_dags/tutorial_objectstorage.py
[2024-11-14T08:00:25.675+0000] {processor.py:925} INFO - DAG(s) 'tutorial_objectstorage' retrieved from /home/ubuntu/airflow-venv/lib/python3.12/site-packages/airflow/example_dags/tutorial_objectstorage.py
[2024-11-14T08:00:25.691+0000] {logging_mixin.py:190} INFO - [2024-11-14T08:00:25.691+0000] {dag.py:3239} INFO - Sync 1 DAGs
[2024-11-14T08:00:25.704+0000] {logging_mixin.py:190} INFO - [2024-11-14T08:00:25.703+0000] {dag.py:4180} INFO - Setting next_dagrun for tutorial_objectstorage to None, run_after=None
[2024-11-14T08:00:25.728+0000] {processor.py:208} INFO - Processing /home/ubuntu/airflow-venv/lib/python3.12/site-packages/airflow/example_dags/tutorial_objectstorage.py took 0.073 seconds
[2024-11-14T08:01:25.807+0000] {processor.py:186} INFO - Started process (PID=5386) to work on /home/ubuntu/airflow-venv/lib/python3.12/site-packages/airflow/example_dags/tutorial_objectstorage.py
[2024-11-14T08:01:25.810+0000] {processor.py:914} INFO - Processing file /home/ubuntu/airflow-venv/lib/python3.12/site-packages/airflow/example_dags/tutorial_objectstorage.py for tasks to queue
[2024-11-14T08:01:25.811+0000] {logging_mixin.py:190} INFO - [2024-11-14T08:01:25.810+0000] {dagbag.py:588} INFO - Filling up the DagBag from /home/ubuntu/airflow-venv/lib/python3.12/site-packages/airflow/example_dags/tutorial_objectstorage.py
[2024-11-14T08:01:25.825+0000] {processor.py:925} INFO - DAG(s) 'tutorial_objectstorage' retrieved from /home/ubuntu/airflow-venv/lib/python3.12/site-packages/airflow/example_dags/tutorial_objectstorage.py
[2024-11-14T08:01:25.843+0000] {logging_mixin.py:190} INFO - [2024-11-14T08:01:25.842+0000] {dag.py:3239} INFO - Sync 1 DAGs
[2024-11-14T08:01:25.857+0000] {logging_mixin.py:190} INFO - [2024-11-14T08:01:25.857+0000] {dag.py:4180} INFO - Setting next_dagrun for tutorial_objectstorage to None, run_after=None
[2024-11-14T08:01:25.888+0000] {processor.py:208} INFO - Processing /home/ubuntu/airflow-venv/lib/python3.12/site-packages/airflow/example_dags/tutorial_objectstorage.py took 0.088 seconds
[2024-11-14T08:02:25.682+0000] {processor.py:186} INFO - Started process (PID=5448) to work on /home/ubuntu/airflow-venv/lib/python3.12/site-packages/airflow/example_dags/tutorial_objectstorage.py
[2024-11-14T08:02:25.684+0000] {processor.py:914} INFO - Processing file /home/ubuntu/airflow-venv/lib/python3.12/site-packages/airflow/example_dags/tutorial_objectstorage.py for tasks to queue
[2024-11-14T08:02:25.685+0000] {logging_mixin.py:190} INFO - [2024-11-14T08:02:25.685+0000] {dagbag.py:588} INFO - Filling up the DagBag from /home/ubuntu/airflow-venv/lib/python3.12/site-packages/airflow/example_dags/tutorial_objectstorage.py
[2024-11-14T08:02:25.698+0000] {processor.py:925} INFO - DAG(s) 'tutorial_objectstorage' retrieved from /home/ubuntu/airflow-venv/lib/python3.12/site-packages/airflow/example_dags/tutorial_objectstorage.py
[2024-11-14T08:02:25.725+0000] {logging_mixin.py:190} INFO - [2024-11-14T08:02:25.725+0000] {dag.py:3239} INFO - Sync 1 DAGs
[2024-11-14T08:02:25.740+0000] {logging_mixin.py:190} INFO - [2024-11-14T08:02:25.740+0000] {dag.py:4180} INFO - Setting next_dagrun for tutorial_objectstorage to None, run_after=None
[2024-11-14T08:02:25.764+0000] {processor.py:208} INFO - Processing /home/ubuntu/airflow-venv/lib/python3.12/site-packages/airflow/example_dags/tutorial_objectstorage.py took 0.089 seconds
