[2024-11-14T07:40:28.967+0000] {processor.py:186} INFO - Started process (PID=3657) to work on /home/ubuntu/airflow-venv/lib/python3.12/site-packages/airflow/example_dags/tutorial_taskflow_api.py
[2024-11-14T07:40:28.968+0000] {processor.py:914} INFO - Processing file /home/ubuntu/airflow-venv/lib/python3.12/site-packages/airflow/example_dags/tutorial_taskflow_api.py for tasks to queue
[2024-11-14T07:40:28.971+0000] {logging_mixin.py:190} INFO - [2024-11-14T07:40:28.970+0000] {dagbag.py:588} INFO - Filling up the DagBag from /home/ubuntu/airflow-venv/lib/python3.12/site-packages/airflow/example_dags/tutorial_taskflow_api.py
[2024-11-14T07:40:28.979+0000] {processor.py:925} INFO - DAG(s) 'tutorial_taskflow_api' retrieved from /home/ubuntu/airflow-venv/lib/python3.12/site-packages/airflow/example_dags/tutorial_taskflow_api.py
[2024-11-14T07:40:29.089+0000] {logging_mixin.py:190} INFO - [2024-11-14T07:40:29.088+0000] {override.py:1911} INFO - Created Permission View: can delete on DAG:tutorial_taskflow_api
[2024-11-14T07:40:29.102+0000] {logging_mixin.py:190} INFO - [2024-11-14T07:40:29.102+0000] {override.py:1911} INFO - Created Permission View: can read on DAG:tutorial_taskflow_api
[2024-11-14T07:40:29.112+0000] {logging_mixin.py:190} INFO - [2024-11-14T07:40:29.112+0000] {override.py:1911} INFO - Created Permission View: can edit on DAG:tutorial_taskflow_api
[2024-11-14T07:40:29.128+0000] {logging_mixin.py:190} INFO - [2024-11-14T07:40:29.128+0000] {override.py:1911} INFO - Created Permission View: can delete on DAG Run:tutorial_taskflow_api
[2024-11-14T07:40:29.138+0000] {logging_mixin.py:190} INFO - [2024-11-14T07:40:29.138+0000] {override.py:1911} INFO - Created Permission View: can create on DAG Run:tutorial_taskflow_api
[2024-11-14T07:40:29.148+0000] {logging_mixin.py:190} INFO - [2024-11-14T07:40:29.148+0000] {override.py:1911} INFO - Created Permission View: can read on DAG Run:tutorial_taskflow_api
[2024-11-14T07:40:29.158+0000] {logging_mixin.py:190} INFO - [2024-11-14T07:40:29.157+0000] {override.py:1911} INFO - Created Permission View: menu access on DAG Run:tutorial_taskflow_api
[2024-11-14T07:40:29.158+0000] {logging_mixin.py:190} INFO - [2024-11-14T07:40:29.158+0000] {dag.py:3239} INFO - Sync 1 DAGs
[2024-11-14T07:40:29.171+0000] {logging_mixin.py:190} INFO - [2024-11-14T07:40:29.170+0000] {dag.py:3262} INFO - Creating ORM DAG for tutorial_taskflow_api
[2024-11-14T07:40:29.171+0000] {logging_mixin.py:190} INFO - [2024-11-14T07:40:29.171+0000] {dag.py:4180} INFO - Setting next_dagrun for tutorial_taskflow_api to None, run_after=None
[2024-11-14T07:40:29.191+0000] {processor.py:208} INFO - Processing /home/ubuntu/airflow-venv/lib/python3.12/site-packages/airflow/example_dags/tutorial_taskflow_api.py took 0.230 seconds
[2024-11-14T07:41:38.336+0000] {processor.py:186} INFO - Started process (PID=3735) to work on /home/ubuntu/airflow-venv/lib/python3.12/site-packages/airflow/example_dags/tutorial_taskflow_api.py
[2024-11-14T07:41:38.337+0000] {processor.py:914} INFO - Processing file /home/ubuntu/airflow-venv/lib/python3.12/site-packages/airflow/example_dags/tutorial_taskflow_api.py for tasks to queue
[2024-11-14T07:41:38.339+0000] {logging_mixin.py:190} INFO - [2024-11-14T07:41:38.339+0000] {dagbag.py:588} INFO - Filling up the DagBag from /home/ubuntu/airflow-venv/lib/python3.12/site-packages/airflow/example_dags/tutorial_taskflow_api.py
[2024-11-14T07:41:38.349+0000] {processor.py:925} INFO - DAG(s) 'tutorial_taskflow_api' retrieved from /home/ubuntu/airflow-venv/lib/python3.12/site-packages/airflow/example_dags/tutorial_taskflow_api.py
[2024-11-14T07:41:38.367+0000] {logging_mixin.py:190} INFO - [2024-11-14T07:41:38.367+0000] {dag.py:3239} INFO - Sync 1 DAGs
[2024-11-14T07:41:38.381+0000] {logging_mixin.py:190} INFO - [2024-11-14T07:41:38.381+0000] {dag.py:4180} INFO - Setting next_dagrun for tutorial_taskflow_api to None, run_after=None
[2024-11-14T07:41:38.405+0000] {processor.py:208} INFO - Processing /home/ubuntu/airflow-venv/lib/python3.12/site-packages/airflow/example_dags/tutorial_taskflow_api.py took 0.075 seconds
[2024-11-14T07:42:35.702+0000] {processor.py:186} INFO - Started process (PID=3792) to work on /home/ubuntu/airflow-venv/lib/python3.12/site-packages/airflow/example_dags/tutorial_taskflow_api.py
[2024-11-14T07:42:35.705+0000] {processor.py:914} INFO - Processing file /home/ubuntu/airflow-venv/lib/python3.12/site-packages/airflow/example_dags/tutorial_taskflow_api.py for tasks to queue
[2024-11-14T07:42:35.710+0000] {logging_mixin.py:190} INFO - [2024-11-14T07:42:35.710+0000] {dagbag.py:588} INFO - Filling up the DagBag from /home/ubuntu/airflow-venv/lib/python3.12/site-packages/airflow/example_dags/tutorial_taskflow_api.py
[2024-11-14T07:42:35.736+0000] {processor.py:925} INFO - DAG(s) 'tutorial_taskflow_api' retrieved from /home/ubuntu/airflow-venv/lib/python3.12/site-packages/airflow/example_dags/tutorial_taskflow_api.py
[2024-11-14T07:42:35.765+0000] {logging_mixin.py:190} INFO - [2024-11-14T07:42:35.765+0000] {dag.py:3239} INFO - Sync 1 DAGs
[2024-11-14T07:42:35.781+0000] {logging_mixin.py:190} INFO - [2024-11-14T07:42:35.781+0000] {dag.py:4180} INFO - Setting next_dagrun for tutorial_taskflow_api to None, run_after=None
[2024-11-14T07:42:35.808+0000] {processor.py:208} INFO - Processing /home/ubuntu/airflow-venv/lib/python3.12/site-packages/airflow/example_dags/tutorial_taskflow_api.py took 0.125 seconds
[2024-11-14T07:43:29.380+0000] {processor.py:186} INFO - Started process (PID=3847) to work on /home/ubuntu/airflow-venv/lib/python3.12/site-packages/airflow/example_dags/tutorial_taskflow_api.py
[2024-11-14T07:43:29.381+0000] {processor.py:914} INFO - Processing file /home/ubuntu/airflow-venv/lib/python3.12/site-packages/airflow/example_dags/tutorial_taskflow_api.py for tasks to queue
[2024-11-14T07:43:29.384+0000] {logging_mixin.py:190} INFO - [2024-11-14T07:43:29.383+0000] {dagbag.py:588} INFO - Filling up the DagBag from /home/ubuntu/airflow-venv/lib/python3.12/site-packages/airflow/example_dags/tutorial_taskflow_api.py
[2024-11-14T07:43:29.393+0000] {processor.py:925} INFO - DAG(s) 'tutorial_taskflow_api' retrieved from /home/ubuntu/airflow-venv/lib/python3.12/site-packages/airflow/example_dags/tutorial_taskflow_api.py
[2024-11-14T07:43:29.411+0000] {logging_mixin.py:190} INFO - [2024-11-14T07:43:29.411+0000] {dag.py:3239} INFO - Sync 1 DAGs
[2024-11-14T07:43:29.424+0000] {logging_mixin.py:190} INFO - [2024-11-14T07:43:29.424+0000] {dag.py:4180} INFO - Setting next_dagrun for tutorial_taskflow_api to None, run_after=None
[2024-11-14T07:43:29.449+0000] {processor.py:208} INFO - Processing /home/ubuntu/airflow-venv/lib/python3.12/site-packages/airflow/example_dags/tutorial_taskflow_api.py took 0.076 seconds
[2024-11-14T07:44:27.635+0000] {processor.py:186} INFO - Started process (PID=3903) to work on /home/ubuntu/airflow-venv/lib/python3.12/site-packages/airflow/example_dags/tutorial_taskflow_api.py
[2024-11-14T07:44:27.637+0000] {processor.py:914} INFO - Processing file /home/ubuntu/airflow-venv/lib/python3.12/site-packages/airflow/example_dags/tutorial_taskflow_api.py for tasks to queue
[2024-11-14T07:44:27.639+0000] {logging_mixin.py:190} INFO - [2024-11-14T07:44:27.639+0000] {dagbag.py:588} INFO - Filling up the DagBag from /home/ubuntu/airflow-venv/lib/python3.12/site-packages/airflow/example_dags/tutorial_taskflow_api.py
[2024-11-14T07:44:27.649+0000] {processor.py:925} INFO - DAG(s) 'tutorial_taskflow_api' retrieved from /home/ubuntu/airflow-venv/lib/python3.12/site-packages/airflow/example_dags/tutorial_taskflow_api.py
[2024-11-14T07:44:27.671+0000] {logging_mixin.py:190} INFO - [2024-11-14T07:44:27.671+0000] {dag.py:3239} INFO - Sync 1 DAGs
[2024-11-14T07:44:27.683+0000] {logging_mixin.py:190} INFO - [2024-11-14T07:44:27.683+0000] {dag.py:4180} INFO - Setting next_dagrun for tutorial_taskflow_api to None, run_after=None
[2024-11-14T07:44:27.706+0000] {processor.py:208} INFO - Processing /home/ubuntu/airflow-venv/lib/python3.12/site-packages/airflow/example_dags/tutorial_taskflow_api.py took 0.077 seconds
[2024-11-14T07:45:23.880+0000] {processor.py:186} INFO - Started process (PID=3963) to work on /home/ubuntu/airflow-venv/lib/python3.12/site-packages/airflow/example_dags/tutorial_taskflow_api.py
[2024-11-14T07:45:23.882+0000] {processor.py:914} INFO - Processing file /home/ubuntu/airflow-venv/lib/python3.12/site-packages/airflow/example_dags/tutorial_taskflow_api.py for tasks to queue
[2024-11-14T07:45:23.886+0000] {logging_mixin.py:190} INFO - [2024-11-14T07:45:23.884+0000] {dagbag.py:588} INFO - Filling up the DagBag from /home/ubuntu/airflow-venv/lib/python3.12/site-packages/airflow/example_dags/tutorial_taskflow_api.py
[2024-11-14T07:45:23.915+0000] {processor.py:925} INFO - DAG(s) 'tutorial_taskflow_api' retrieved from /home/ubuntu/airflow-venv/lib/python3.12/site-packages/airflow/example_dags/tutorial_taskflow_api.py
[2024-11-14T07:45:23.950+0000] {logging_mixin.py:190} INFO - [2024-11-14T07:45:23.950+0000] {dag.py:3239} INFO - Sync 1 DAGs
[2024-11-14T07:45:23.973+0000] {logging_mixin.py:190} INFO - [2024-11-14T07:45:23.972+0000] {dag.py:4180} INFO - Setting next_dagrun for tutorial_taskflow_api to None, run_after=None
[2024-11-14T07:45:23.994+0000] {processor.py:208} INFO - Processing /home/ubuntu/airflow-venv/lib/python3.12/site-packages/airflow/example_dags/tutorial_taskflow_api.py took 0.128 seconds
[2024-11-14T07:46:17.100+0000] {processor.py:186} INFO - Started process (PID=4022) to work on /home/ubuntu/airflow-venv/lib/python3.12/site-packages/airflow/example_dags/tutorial_taskflow_api.py
[2024-11-14T07:46:17.101+0000] {processor.py:914} INFO - Processing file /home/ubuntu/airflow-venv/lib/python3.12/site-packages/airflow/example_dags/tutorial_taskflow_api.py for tasks to queue
[2024-11-14T07:46:17.103+0000] {logging_mixin.py:190} INFO - [2024-11-14T07:46:17.103+0000] {dagbag.py:588} INFO - Filling up the DagBag from /home/ubuntu/airflow-venv/lib/python3.12/site-packages/airflow/example_dags/tutorial_taskflow_api.py
[2024-11-14T07:46:17.113+0000] {processor.py:925} INFO - DAG(s) 'tutorial_taskflow_api' retrieved from /home/ubuntu/airflow-venv/lib/python3.12/site-packages/airflow/example_dags/tutorial_taskflow_api.py
[2024-11-14T07:46:17.130+0000] {logging_mixin.py:190} INFO - [2024-11-14T07:46:17.130+0000] {dag.py:3239} INFO - Sync 1 DAGs
[2024-11-14T07:46:17.143+0000] {logging_mixin.py:190} INFO - [2024-11-14T07:46:17.143+0000] {dag.py:4180} INFO - Setting next_dagrun for tutorial_taskflow_api to None, run_after=None
[2024-11-14T07:46:17.168+0000] {processor.py:208} INFO - Processing /home/ubuntu/airflow-venv/lib/python3.12/site-packages/airflow/example_dags/tutorial_taskflow_api.py took 0.074 seconds
[2024-11-14T07:47:10.633+0000] {processor.py:186} INFO - Started process (PID=4078) to work on /home/ubuntu/airflow-venv/lib/python3.12/site-packages/airflow/example_dags/tutorial_taskflow_api.py
[2024-11-14T07:47:10.634+0000] {processor.py:914} INFO - Processing file /home/ubuntu/airflow-venv/lib/python3.12/site-packages/airflow/example_dags/tutorial_taskflow_api.py for tasks to queue
[2024-11-14T07:47:10.637+0000] {logging_mixin.py:190} INFO - [2024-11-14T07:47:10.636+0000] {dagbag.py:588} INFO - Filling up the DagBag from /home/ubuntu/airflow-venv/lib/python3.12/site-packages/airflow/example_dags/tutorial_taskflow_api.py
[2024-11-14T07:47:10.651+0000] {processor.py:925} INFO - DAG(s) 'tutorial_taskflow_api' retrieved from /home/ubuntu/airflow-venv/lib/python3.12/site-packages/airflow/example_dags/tutorial_taskflow_api.py
[2024-11-14T07:47:10.676+0000] {logging_mixin.py:190} INFO - [2024-11-14T07:47:10.673+0000] {dag.py:3239} INFO - Sync 1 DAGs
[2024-11-14T07:47:10.705+0000] {logging_mixin.py:190} INFO - [2024-11-14T07:47:10.705+0000] {dag.py:4180} INFO - Setting next_dagrun for tutorial_taskflow_api to None, run_after=None
[2024-11-14T07:47:10.747+0000] {processor.py:208} INFO - Processing /home/ubuntu/airflow-venv/lib/python3.12/site-packages/airflow/example_dags/tutorial_taskflow_api.py took 0.122 seconds
[2024-11-14T07:48:13.180+0000] {processor.py:186} INFO - Started process (PID=4415) to work on /home/ubuntu/airflow-venv/lib/python3.12/site-packages/airflow/example_dags/tutorial_taskflow_api.py
[2024-11-14T07:48:13.182+0000] {processor.py:914} INFO - Processing file /home/ubuntu/airflow-venv/lib/python3.12/site-packages/airflow/example_dags/tutorial_taskflow_api.py for tasks to queue
[2024-11-14T07:48:13.188+0000] {logging_mixin.py:190} INFO - [2024-11-14T07:48:13.186+0000] {dagbag.py:588} INFO - Filling up the DagBag from /home/ubuntu/airflow-venv/lib/python3.12/site-packages/airflow/example_dags/tutorial_taskflow_api.py
[2024-11-14T07:48:13.206+0000] {processor.py:925} INFO - DAG(s) 'tutorial_taskflow_api' retrieved from /home/ubuntu/airflow-venv/lib/python3.12/site-packages/airflow/example_dags/tutorial_taskflow_api.py
[2024-11-14T07:48:13.235+0000] {logging_mixin.py:190} INFO - [2024-11-14T07:48:13.234+0000] {dag.py:3239} INFO - Sync 1 DAGs
[2024-11-14T07:48:13.259+0000] {logging_mixin.py:190} INFO - [2024-11-14T07:48:13.258+0000] {dag.py:4180} INFO - Setting next_dagrun for tutorial_taskflow_api to None, run_after=None
[2024-11-14T07:48:13.299+0000] {processor.py:208} INFO - Processing /home/ubuntu/airflow-venv/lib/python3.12/site-packages/airflow/example_dags/tutorial_taskflow_api.py took 0.129 seconds
[2024-11-14T07:49:17.102+0000] {processor.py:186} INFO - Started process (PID=4642) to work on /home/ubuntu/airflow-venv/lib/python3.12/site-packages/airflow/example_dags/tutorial_taskflow_api.py
[2024-11-14T07:49:17.104+0000] {processor.py:914} INFO - Processing file /home/ubuntu/airflow-venv/lib/python3.12/site-packages/airflow/example_dags/tutorial_taskflow_api.py for tasks to queue
[2024-11-14T07:49:17.106+0000] {logging_mixin.py:190} INFO - [2024-11-14T07:49:17.106+0000] {dagbag.py:588} INFO - Filling up the DagBag from /home/ubuntu/airflow-venv/lib/python3.12/site-packages/airflow/example_dags/tutorial_taskflow_api.py
[2024-11-14T07:49:17.115+0000] {processor.py:925} INFO - DAG(s) 'tutorial_taskflow_api' retrieved from /home/ubuntu/airflow-venv/lib/python3.12/site-packages/airflow/example_dags/tutorial_taskflow_api.py
[2024-11-14T07:49:17.132+0000] {logging_mixin.py:190} INFO - [2024-11-14T07:49:17.132+0000] {dag.py:3239} INFO - Sync 1 DAGs
[2024-11-14T07:49:17.146+0000] {logging_mixin.py:190} INFO - [2024-11-14T07:49:17.146+0000] {dag.py:4180} INFO - Setting next_dagrun for tutorial_taskflow_api to None, run_after=None
[2024-11-14T07:49:17.183+0000] {processor.py:208} INFO - Processing /home/ubuntu/airflow-venv/lib/python3.12/site-packages/airflow/example_dags/tutorial_taskflow_api.py took 0.087 seconds
[2024-11-14T07:50:17.170+0000] {processor.py:186} INFO - Started process (PID=4702) to work on /home/ubuntu/airflow-venv/lib/python3.12/site-packages/airflow/example_dags/tutorial_taskflow_api.py
[2024-11-14T07:50:17.172+0000] {processor.py:914} INFO - Processing file /home/ubuntu/airflow-venv/lib/python3.12/site-packages/airflow/example_dags/tutorial_taskflow_api.py for tasks to queue
[2024-11-14T07:50:17.175+0000] {logging_mixin.py:190} INFO - [2024-11-14T07:50:17.175+0000] {dagbag.py:588} INFO - Filling up the DagBag from /home/ubuntu/airflow-venv/lib/python3.12/site-packages/airflow/example_dags/tutorial_taskflow_api.py
[2024-11-14T07:50:17.187+0000] {processor.py:925} INFO - DAG(s) 'tutorial_taskflow_api' retrieved from /home/ubuntu/airflow-venv/lib/python3.12/site-packages/airflow/example_dags/tutorial_taskflow_api.py
[2024-11-14T07:50:17.208+0000] {logging_mixin.py:190} INFO - [2024-11-14T07:50:17.207+0000] {dag.py:3239} INFO - Sync 1 DAGs
[2024-11-14T07:50:17.224+0000] {logging_mixin.py:190} INFO - [2024-11-14T07:50:17.224+0000] {dag.py:4180} INFO - Setting next_dagrun for tutorial_taskflow_api to None, run_after=None
[2024-11-14T07:50:17.255+0000] {processor.py:208} INFO - Processing /home/ubuntu/airflow-venv/lib/python3.12/site-packages/airflow/example_dags/tutorial_taskflow_api.py took 0.092 seconds
[2024-11-14T07:50:54.045+0000] {processor.py:186} INFO - Started process (PID=4741) to work on /home/ubuntu/airflow-venv/lib/python3.12/site-packages/airflow/example_dags/tutorial_taskflow_api.py
[2024-11-14T07:50:54.047+0000] {processor.py:914} INFO - Processing file /home/ubuntu/airflow-venv/lib/python3.12/site-packages/airflow/example_dags/tutorial_taskflow_api.py for tasks to queue
[2024-11-14T07:50:54.048+0000] {logging_mixin.py:190} INFO - [2024-11-14T07:50:54.048+0000] {dagbag.py:588} INFO - Filling up the DagBag from /home/ubuntu/airflow-venv/lib/python3.12/site-packages/airflow/example_dags/tutorial_taskflow_api.py
[2024-11-14T07:50:54.062+0000] {processor.py:925} INFO - DAG(s) 'tutorial_taskflow_api' retrieved from /home/ubuntu/airflow-venv/lib/python3.12/site-packages/airflow/example_dags/tutorial_taskflow_api.py
[2024-11-14T07:50:54.082+0000] {logging_mixin.py:190} INFO - [2024-11-14T07:50:54.081+0000] {dag.py:3239} INFO - Sync 1 DAGs
[2024-11-14T07:50:54.097+0000] {logging_mixin.py:190} INFO - [2024-11-14T07:50:54.097+0000] {dag.py:4180} INFO - Setting next_dagrun for tutorial_taskflow_api to None, run_after=None
[2024-11-14T07:50:54.121+0000] {processor.py:208} INFO - Processing /home/ubuntu/airflow-venv/lib/python3.12/site-packages/airflow/example_dags/tutorial_taskflow_api.py took 0.083 seconds
[2024-11-14T07:51:55.772+0000] {processor.py:186} INFO - Started process (PID=4802) to work on /home/ubuntu/airflow-venv/lib/python3.12/site-packages/airflow/example_dags/tutorial_taskflow_api.py
[2024-11-14T07:51:55.774+0000] {processor.py:914} INFO - Processing file /home/ubuntu/airflow-venv/lib/python3.12/site-packages/airflow/example_dags/tutorial_taskflow_api.py for tasks to queue
[2024-11-14T07:51:55.775+0000] {logging_mixin.py:190} INFO - [2024-11-14T07:51:55.775+0000] {dagbag.py:588} INFO - Filling up the DagBag from /home/ubuntu/airflow-venv/lib/python3.12/site-packages/airflow/example_dags/tutorial_taskflow_api.py
[2024-11-14T07:51:55.786+0000] {processor.py:925} INFO - DAG(s) 'tutorial_taskflow_api' retrieved from /home/ubuntu/airflow-venv/lib/python3.12/site-packages/airflow/example_dags/tutorial_taskflow_api.py
[2024-11-14T07:51:55.805+0000] {logging_mixin.py:190} INFO - [2024-11-14T07:51:55.805+0000] {dag.py:3239} INFO - Sync 1 DAGs
[2024-11-14T07:51:55.821+0000] {logging_mixin.py:190} INFO - [2024-11-14T07:51:55.821+0000] {dag.py:4180} INFO - Setting next_dagrun for tutorial_taskflow_api to None, run_after=None
[2024-11-14T07:51:55.845+0000] {processor.py:208} INFO - Processing /home/ubuntu/airflow-venv/lib/python3.12/site-packages/airflow/example_dags/tutorial_taskflow_api.py took 0.082 seconds
[2024-11-14T07:52:54.312+0000] {processor.py:186} INFO - Started process (PID=4862) to work on /home/ubuntu/airflow-venv/lib/python3.12/site-packages/airflow/example_dags/tutorial_taskflow_api.py
[2024-11-14T07:52:54.315+0000] {processor.py:914} INFO - Processing file /home/ubuntu/airflow-venv/lib/python3.12/site-packages/airflow/example_dags/tutorial_taskflow_api.py for tasks to queue
[2024-11-14T07:52:54.317+0000] {logging_mixin.py:190} INFO - [2024-11-14T07:52:54.316+0000] {dagbag.py:588} INFO - Filling up the DagBag from /home/ubuntu/airflow-venv/lib/python3.12/site-packages/airflow/example_dags/tutorial_taskflow_api.py
[2024-11-14T07:52:54.332+0000] {processor.py:925} INFO - DAG(s) 'tutorial_taskflow_api' retrieved from /home/ubuntu/airflow-venv/lib/python3.12/site-packages/airflow/example_dags/tutorial_taskflow_api.py
[2024-11-14T07:52:54.370+0000] {logging_mixin.py:190} INFO - [2024-11-14T07:52:54.369+0000] {dag.py:3239} INFO - Sync 1 DAGs
[2024-11-14T07:52:54.395+0000] {logging_mixin.py:190} INFO - [2024-11-14T07:52:54.395+0000] {dag.py:4180} INFO - Setting next_dagrun for tutorial_taskflow_api to None, run_after=None
[2024-11-14T07:52:54.444+0000] {processor.py:208} INFO - Processing /home/ubuntu/airflow-venv/lib/python3.12/site-packages/airflow/example_dags/tutorial_taskflow_api.py took 0.143 seconds
[2024-11-14T07:53:52.661+0000] {processor.py:186} INFO - Started process (PID=4923) to work on /home/ubuntu/airflow-venv/lib/python3.12/site-packages/airflow/example_dags/tutorial_taskflow_api.py
[2024-11-14T07:53:52.665+0000] {processor.py:914} INFO - Processing file /home/ubuntu/airflow-venv/lib/python3.12/site-packages/airflow/example_dags/tutorial_taskflow_api.py for tasks to queue
[2024-11-14T07:53:52.672+0000] {logging_mixin.py:190} INFO - [2024-11-14T07:53:52.672+0000] {dagbag.py:588} INFO - Filling up the DagBag from /home/ubuntu/airflow-venv/lib/python3.12/site-packages/airflow/example_dags/tutorial_taskflow_api.py
[2024-11-14T07:53:52.693+0000] {processor.py:925} INFO - DAG(s) 'tutorial_taskflow_api' retrieved from /home/ubuntu/airflow-venv/lib/python3.12/site-packages/airflow/example_dags/tutorial_taskflow_api.py
[2024-11-14T07:53:52.729+0000] {logging_mixin.py:190} INFO - [2024-11-14T07:53:52.729+0000] {dag.py:3239} INFO - Sync 1 DAGs
[2024-11-14T07:53:52.753+0000] {logging_mixin.py:190} INFO - [2024-11-14T07:53:52.753+0000] {dag.py:4180} INFO - Setting next_dagrun for tutorial_taskflow_api to None, run_after=None
[2024-11-14T07:53:52.786+0000] {processor.py:208} INFO - Processing /home/ubuntu/airflow-venv/lib/python3.12/site-packages/airflow/example_dags/tutorial_taskflow_api.py took 0.133 seconds
[2024-11-14T07:54:53.500+0000] {processor.py:186} INFO - Started process (PID=4982) to work on /home/ubuntu/airflow-venv/lib/python3.12/site-packages/airflow/example_dags/tutorial_taskflow_api.py
[2024-11-14T07:54:53.502+0000] {processor.py:914} INFO - Processing file /home/ubuntu/airflow-venv/lib/python3.12/site-packages/airflow/example_dags/tutorial_taskflow_api.py for tasks to queue
[2024-11-14T07:54:53.504+0000] {logging_mixin.py:190} INFO - [2024-11-14T07:54:53.504+0000] {dagbag.py:588} INFO - Filling up the DagBag from /home/ubuntu/airflow-venv/lib/python3.12/site-packages/airflow/example_dags/tutorial_taskflow_api.py
[2024-11-14T07:54:53.516+0000] {processor.py:925} INFO - DAG(s) 'tutorial_taskflow_api' retrieved from /home/ubuntu/airflow-venv/lib/python3.12/site-packages/airflow/example_dags/tutorial_taskflow_api.py
[2024-11-14T07:54:53.539+0000] {logging_mixin.py:190} INFO - [2024-11-14T07:54:53.539+0000] {dag.py:3239} INFO - Sync 1 DAGs
[2024-11-14T07:54:53.557+0000] {logging_mixin.py:190} INFO - [2024-11-14T07:54:53.557+0000] {dag.py:4180} INFO - Setting next_dagrun for tutorial_taskflow_api to None, run_after=None
[2024-11-14T07:54:53.588+0000] {processor.py:208} INFO - Processing /home/ubuntu/airflow-venv/lib/python3.12/site-packages/airflow/example_dags/tutorial_taskflow_api.py took 0.095 seconds
[2024-11-14T07:55:54.502+0000] {processor.py:186} INFO - Started process (PID=5046) to work on /home/ubuntu/airflow-venv/lib/python3.12/site-packages/airflow/example_dags/tutorial_taskflow_api.py
[2024-11-14T07:55:54.504+0000] {processor.py:914} INFO - Processing file /home/ubuntu/airflow-venv/lib/python3.12/site-packages/airflow/example_dags/tutorial_taskflow_api.py for tasks to queue
[2024-11-14T07:55:54.505+0000] {logging_mixin.py:190} INFO - [2024-11-14T07:55:54.505+0000] {dagbag.py:588} INFO - Filling up the DagBag from /home/ubuntu/airflow-venv/lib/python3.12/site-packages/airflow/example_dags/tutorial_taskflow_api.py
[2024-11-14T07:55:54.515+0000] {processor.py:925} INFO - DAG(s) 'tutorial_taskflow_api' retrieved from /home/ubuntu/airflow-venv/lib/python3.12/site-packages/airflow/example_dags/tutorial_taskflow_api.py
[2024-11-14T07:55:54.538+0000] {logging_mixin.py:190} INFO - [2024-11-14T07:55:54.537+0000] {dag.py:3239} INFO - Sync 1 DAGs
[2024-11-14T07:55:54.558+0000] {logging_mixin.py:190} INFO - [2024-11-14T07:55:54.558+0000] {dag.py:4180} INFO - Setting next_dagrun for tutorial_taskflow_api to None, run_after=None
[2024-11-14T07:55:54.591+0000] {processor.py:208} INFO - Processing /home/ubuntu/airflow-venv/lib/python3.12/site-packages/airflow/example_dags/tutorial_taskflow_api.py took 0.095 seconds
[2024-11-14T07:56:54.117+0000] {processor.py:186} INFO - Started process (PID=5107) to work on /home/ubuntu/airflow-venv/lib/python3.12/site-packages/airflow/example_dags/tutorial_taskflow_api.py
[2024-11-14T07:56:54.118+0000] {processor.py:914} INFO - Processing file /home/ubuntu/airflow-venv/lib/python3.12/site-packages/airflow/example_dags/tutorial_taskflow_api.py for tasks to queue
[2024-11-14T07:56:54.120+0000] {logging_mixin.py:190} INFO - [2024-11-14T07:56:54.119+0000] {dagbag.py:588} INFO - Filling up the DagBag from /home/ubuntu/airflow-venv/lib/python3.12/site-packages/airflow/example_dags/tutorial_taskflow_api.py
[2024-11-14T07:56:54.129+0000] {processor.py:925} INFO - DAG(s) 'tutorial_taskflow_api' retrieved from /home/ubuntu/airflow-venv/lib/python3.12/site-packages/airflow/example_dags/tutorial_taskflow_api.py
[2024-11-14T07:56:54.147+0000] {logging_mixin.py:190} INFO - [2024-11-14T07:56:54.147+0000] {dag.py:3239} INFO - Sync 1 DAGs
[2024-11-14T07:56:54.167+0000] {logging_mixin.py:190} INFO - [2024-11-14T07:56:54.167+0000] {dag.py:4180} INFO - Setting next_dagrun for tutorial_taskflow_api to None, run_after=None
[2024-11-14T07:56:54.191+0000] {processor.py:208} INFO - Processing /home/ubuntu/airflow-venv/lib/python3.12/site-packages/airflow/example_dags/tutorial_taskflow_api.py took 0.080 seconds
[2024-11-14T07:57:53.918+0000] {processor.py:186} INFO - Started process (PID=5169) to work on /home/ubuntu/airflow-venv/lib/python3.12/site-packages/airflow/example_dags/tutorial_taskflow_api.py
[2024-11-14T07:57:53.920+0000] {processor.py:914} INFO - Processing file /home/ubuntu/airflow-venv/lib/python3.12/site-packages/airflow/example_dags/tutorial_taskflow_api.py for tasks to queue
[2024-11-14T07:57:53.922+0000] {logging_mixin.py:190} INFO - [2024-11-14T07:57:53.921+0000] {dagbag.py:588} INFO - Filling up the DagBag from /home/ubuntu/airflow-venv/lib/python3.12/site-packages/airflow/example_dags/tutorial_taskflow_api.py
[2024-11-14T07:57:53.966+0000] {processor.py:925} INFO - DAG(s) 'tutorial_taskflow_api' retrieved from /home/ubuntu/airflow-venv/lib/python3.12/site-packages/airflow/example_dags/tutorial_taskflow_api.py
[2024-11-14T07:57:53.996+0000] {logging_mixin.py:190} INFO - [2024-11-14T07:57:53.995+0000] {dag.py:3239} INFO - Sync 1 DAGs
[2024-11-14T07:57:54.013+0000] {logging_mixin.py:190} INFO - [2024-11-14T07:57:54.013+0000] {dag.py:4180} INFO - Setting next_dagrun for tutorial_taskflow_api to None, run_after=None
[2024-11-14T07:57:54.045+0000] {processor.py:208} INFO - Processing /home/ubuntu/airflow-venv/lib/python3.12/site-packages/airflow/example_dags/tutorial_taskflow_api.py took 0.135 seconds
[2024-11-14T07:58:53.720+0000] {processor.py:186} INFO - Started process (PID=5228) to work on /home/ubuntu/airflow-venv/lib/python3.12/site-packages/airflow/example_dags/tutorial_taskflow_api.py
[2024-11-14T07:58:53.722+0000] {processor.py:914} INFO - Processing file /home/ubuntu/airflow-venv/lib/python3.12/site-packages/airflow/example_dags/tutorial_taskflow_api.py for tasks to queue
[2024-11-14T07:58:53.723+0000] {logging_mixin.py:190} INFO - [2024-11-14T07:58:53.723+0000] {dagbag.py:588} INFO - Filling up the DagBag from /home/ubuntu/airflow-venv/lib/python3.12/site-packages/airflow/example_dags/tutorial_taskflow_api.py
[2024-11-14T07:58:53.732+0000] {processor.py:925} INFO - DAG(s) 'tutorial_taskflow_api' retrieved from /home/ubuntu/airflow-venv/lib/python3.12/site-packages/airflow/example_dags/tutorial_taskflow_api.py
[2024-11-14T07:58:53.749+0000] {logging_mixin.py:190} INFO - [2024-11-14T07:58:53.749+0000] {dag.py:3239} INFO - Sync 1 DAGs
[2024-11-14T07:58:53.767+0000] {logging_mixin.py:190} INFO - [2024-11-14T07:58:53.767+0000] {dag.py:4180} INFO - Setting next_dagrun for tutorial_taskflow_api to None, run_after=None
[2024-11-14T07:58:53.790+0000] {processor.py:208} INFO - Processing /home/ubuntu/airflow-venv/lib/python3.12/site-packages/airflow/example_dags/tutorial_taskflow_api.py took 0.076 seconds
[2024-11-14T07:59:54.596+0000] {processor.py:186} INFO - Started process (PID=5288) to work on /home/ubuntu/airflow-venv/lib/python3.12/site-packages/airflow/example_dags/tutorial_taskflow_api.py
[2024-11-14T07:59:54.598+0000] {processor.py:914} INFO - Processing file /home/ubuntu/airflow-venv/lib/python3.12/site-packages/airflow/example_dags/tutorial_taskflow_api.py for tasks to queue
[2024-11-14T07:59:54.599+0000] {logging_mixin.py:190} INFO - [2024-11-14T07:59:54.599+0000] {dagbag.py:588} INFO - Filling up the DagBag from /home/ubuntu/airflow-venv/lib/python3.12/site-packages/airflow/example_dags/tutorial_taskflow_api.py
[2024-11-14T07:59:54.609+0000] {processor.py:925} INFO - DAG(s) 'tutorial_taskflow_api' retrieved from /home/ubuntu/airflow-venv/lib/python3.12/site-packages/airflow/example_dags/tutorial_taskflow_api.py
[2024-11-14T07:59:54.626+0000] {logging_mixin.py:190} INFO - [2024-11-14T07:59:54.625+0000] {dag.py:3239} INFO - Sync 1 DAGs
[2024-11-14T07:59:54.639+0000] {logging_mixin.py:190} INFO - [2024-11-14T07:59:54.639+0000] {dag.py:4180} INFO - Setting next_dagrun for tutorial_taskflow_api to None, run_after=None
[2024-11-14T07:59:54.661+0000] {processor.py:208} INFO - Processing /home/ubuntu/airflow-venv/lib/python3.12/site-packages/airflow/example_dags/tutorial_taskflow_api.py took 0.071 seconds
[2024-11-14T08:00:53.765+0000] {processor.py:186} INFO - Started process (PID=5353) to work on /home/ubuntu/airflow-venv/lib/python3.12/site-packages/airflow/example_dags/tutorial_taskflow_api.py
[2024-11-14T08:00:53.767+0000] {processor.py:914} INFO - Processing file /home/ubuntu/airflow-venv/lib/python3.12/site-packages/airflow/example_dags/tutorial_taskflow_api.py for tasks to queue
[2024-11-14T08:00:53.769+0000] {logging_mixin.py:190} INFO - [2024-11-14T08:00:53.768+0000] {dagbag.py:588} INFO - Filling up the DagBag from /home/ubuntu/airflow-venv/lib/python3.12/site-packages/airflow/example_dags/tutorial_taskflow_api.py
[2024-11-14T08:00:53.780+0000] {processor.py:925} INFO - DAG(s) 'tutorial_taskflow_api' retrieved from /home/ubuntu/airflow-venv/lib/python3.12/site-packages/airflow/example_dags/tutorial_taskflow_api.py
[2024-11-14T08:00:53.804+0000] {logging_mixin.py:190} INFO - [2024-11-14T08:00:53.803+0000] {dag.py:3239} INFO - Sync 1 DAGs
[2024-11-14T08:00:53.822+0000] {logging_mixin.py:190} INFO - [2024-11-14T08:00:53.822+0000] {dag.py:4180} INFO - Setting next_dagrun for tutorial_taskflow_api to None, run_after=None
[2024-11-14T08:00:53.852+0000] {processor.py:208} INFO - Processing /home/ubuntu/airflow-venv/lib/python3.12/site-packages/airflow/example_dags/tutorial_taskflow_api.py took 0.094 seconds
[2024-11-14T08:01:54.671+0000] {processor.py:186} INFO - Started process (PID=5414) to work on /home/ubuntu/airflow-venv/lib/python3.12/site-packages/airflow/example_dags/tutorial_taskflow_api.py
[2024-11-14T08:01:54.673+0000] {processor.py:914} INFO - Processing file /home/ubuntu/airflow-venv/lib/python3.12/site-packages/airflow/example_dags/tutorial_taskflow_api.py for tasks to queue
[2024-11-14T08:01:54.675+0000] {logging_mixin.py:190} INFO - [2024-11-14T08:01:54.674+0000] {dagbag.py:588} INFO - Filling up the DagBag from /home/ubuntu/airflow-venv/lib/python3.12/site-packages/airflow/example_dags/tutorial_taskflow_api.py
[2024-11-14T08:01:54.690+0000] {processor.py:925} INFO - DAG(s) 'tutorial_taskflow_api' retrieved from /home/ubuntu/airflow-venv/lib/python3.12/site-packages/airflow/example_dags/tutorial_taskflow_api.py
[2024-11-14T08:01:54.718+0000] {logging_mixin.py:190} INFO - [2024-11-14T08:01:54.718+0000] {dag.py:3239} INFO - Sync 1 DAGs
[2024-11-14T08:01:54.750+0000] {logging_mixin.py:190} INFO - [2024-11-14T08:01:54.750+0000] {dag.py:4180} INFO - Setting next_dagrun for tutorial_taskflow_api to None, run_after=None
[2024-11-14T08:01:54.792+0000] {processor.py:208} INFO - Processing /home/ubuntu/airflow-venv/lib/python3.12/site-packages/airflow/example_dags/tutorial_taskflow_api.py took 0.132 seconds
[2024-11-14T08:02:55.204+0000] {processor.py:186} INFO - Started process (PID=5477) to work on /home/ubuntu/airflow-venv/lib/python3.12/site-packages/airflow/example_dags/tutorial_taskflow_api.py
[2024-11-14T08:02:55.213+0000] {processor.py:914} INFO - Processing file /home/ubuntu/airflow-venv/lib/python3.12/site-packages/airflow/example_dags/tutorial_taskflow_api.py for tasks to queue
[2024-11-14T08:02:55.216+0000] {logging_mixin.py:190} INFO - [2024-11-14T08:02:55.215+0000] {dagbag.py:588} INFO - Filling up the DagBag from /home/ubuntu/airflow-venv/lib/python3.12/site-packages/airflow/example_dags/tutorial_taskflow_api.py
[2024-11-14T08:02:55.228+0000] {processor.py:925} INFO - DAG(s) 'tutorial_taskflow_api' retrieved from /home/ubuntu/airflow-venv/lib/python3.12/site-packages/airflow/example_dags/tutorial_taskflow_api.py
[2024-11-14T08:02:55.262+0000] {logging_mixin.py:190} INFO - [2024-11-14T08:02:55.262+0000] {dag.py:3239} INFO - Sync 1 DAGs
[2024-11-14T08:02:55.282+0000] {logging_mixin.py:190} INFO - [2024-11-14T08:02:55.282+0000] {dag.py:4180} INFO - Setting next_dagrun for tutorial_taskflow_api to None, run_after=None
[2024-11-14T08:02:55.306+0000] {processor.py:208} INFO - Processing /home/ubuntu/airflow-venv/lib/python3.12/site-packages/airflow/example_dags/tutorial_taskflow_api.py took 0.114 seconds
