[2024-11-14T07:40:27.628+0000] {processor.py:186} INFO - Started process (PID=3653) to work on /home/ubuntu/airflow-venv/lib/python3.12/site-packages/airflow/example_dags/tutorial_taskflow_templates.py
[2024-11-14T07:40:27.629+0000] {processor.py:914} INFO - Processing file /home/ubuntu/airflow-venv/lib/python3.12/site-packages/airflow/example_dags/tutorial_taskflow_templates.py for tasks to queue
[2024-11-14T07:40:27.632+0000] {logging_mixin.py:190} INFO - [2024-11-14T07:40:27.631+0000] {dagbag.py:588} INFO - Filling up the DagBag from /home/ubuntu/airflow-venv/lib/python3.12/site-packages/airflow/example_dags/tutorial_taskflow_templates.py
[2024-11-14T07:40:27.647+0000] {processor.py:925} INFO - DAG(s) 'tutorial_taskflow_templates' retrieved from /home/ubuntu/airflow-venv/lib/python3.12/site-packages/airflow/example_dags/tutorial_taskflow_templates.py
[2024-11-14T07:40:27.777+0000] {logging_mixin.py:190} INFO - [2024-11-14T07:40:27.776+0000] {override.py:1911} INFO - Created Permission View: can delete on DAG:tutorial_taskflow_templates
[2024-11-14T07:40:27.793+0000] {logging_mixin.py:190} INFO - [2024-11-14T07:40:27.793+0000] {override.py:1911} INFO - Created Permission View: can read on DAG:tutorial_taskflow_templates
[2024-11-14T07:40:27.805+0000] {logging_mixin.py:190} INFO - [2024-11-14T07:40:27.805+0000] {override.py:1911} INFO - Created Permission View: can edit on DAG:tutorial_taskflow_templates
[2024-11-14T07:40:27.824+0000] {logging_mixin.py:190} INFO - [2024-11-14T07:40:27.824+0000] {override.py:1911} INFO - Created Permission View: can delete on DAG Run:tutorial_taskflow_templates
[2024-11-14T07:40:27.834+0000] {logging_mixin.py:190} INFO - [2024-11-14T07:40:27.834+0000] {override.py:1911} INFO - Created Permission View: can create on DAG Run:tutorial_taskflow_templates
[2024-11-14T07:40:27.845+0000] {logging_mixin.py:190} INFO - [2024-11-14T07:40:27.844+0000] {override.py:1911} INFO - Created Permission View: can read on DAG Run:tutorial_taskflow_templates
[2024-11-14T07:40:27.858+0000] {logging_mixin.py:190} INFO - [2024-11-14T07:40:27.857+0000] {override.py:1911} INFO - Created Permission View: menu access on DAG Run:tutorial_taskflow_templates
[2024-11-14T07:40:27.858+0000] {logging_mixin.py:190} INFO - [2024-11-14T07:40:27.858+0000] {dag.py:3239} INFO - Sync 1 DAGs
[2024-11-14T07:40:27.871+0000] {logging_mixin.py:190} INFO - [2024-11-14T07:40:27.870+0000] {dag.py:3262} INFO - Creating ORM DAG for tutorial_taskflow_templates
[2024-11-14T07:40:27.880+0000] {logging_mixin.py:190} INFO - [2024-11-14T07:40:27.879+0000] {dag.py:4180} INFO - Setting next_dagrun for tutorial_taskflow_templates to 2024-11-13 00:00:00+00:00, run_after=2024-11-14 00:00:00+00:00
[2024-11-14T07:40:27.898+0000] {processor.py:208} INFO - Processing /home/ubuntu/airflow-venv/lib/python3.12/site-packages/airflow/example_dags/tutorial_taskflow_templates.py took 0.277 seconds
[2024-11-14T07:41:37.089+0000] {processor.py:186} INFO - Started process (PID=3734) to work on /home/ubuntu/airflow-venv/lib/python3.12/site-packages/airflow/example_dags/tutorial_taskflow_templates.py
[2024-11-14T07:41:37.091+0000] {processor.py:914} INFO - Processing file /home/ubuntu/airflow-venv/lib/python3.12/site-packages/airflow/example_dags/tutorial_taskflow_templates.py for tasks to queue
[2024-11-14T07:41:37.093+0000] {logging_mixin.py:190} INFO - [2024-11-14T07:41:37.093+0000] {dagbag.py:588} INFO - Filling up the DagBag from /home/ubuntu/airflow-venv/lib/python3.12/site-packages/airflow/example_dags/tutorial_taskflow_templates.py
[2024-11-14T07:41:37.110+0000] {processor.py:925} INFO - DAG(s) 'tutorial_taskflow_templates' retrieved from /home/ubuntu/airflow-venv/lib/python3.12/site-packages/airflow/example_dags/tutorial_taskflow_templates.py
[2024-11-14T07:41:37.131+0000] {logging_mixin.py:190} INFO - [2024-11-14T07:41:37.131+0000] {dag.py:3239} INFO - Sync 1 DAGs
[2024-11-14T07:41:37.155+0000] {logging_mixin.py:190} INFO - [2024-11-14T07:41:37.155+0000] {dag.py:4180} INFO - Setting next_dagrun for tutorial_taskflow_templates to 2024-11-13 00:00:00+00:00, run_after=2024-11-14 00:00:00+00:00
[2024-11-14T07:41:37.181+0000] {processor.py:208} INFO - Processing /home/ubuntu/airflow-venv/lib/python3.12/site-packages/airflow/example_dags/tutorial_taskflow_templates.py took 0.099 seconds
[2024-11-14T07:42:12.413+0000] {processor.py:186} INFO - Started process (PID=3768) to work on /home/ubuntu/airflow-venv/lib/python3.12/site-packages/airflow/example_dags/tutorial_taskflow_templates.py
[2024-11-14T07:42:12.415+0000] {processor.py:914} INFO - Processing file /home/ubuntu/airflow-venv/lib/python3.12/site-packages/airflow/example_dags/tutorial_taskflow_templates.py for tasks to queue
[2024-11-14T07:42:12.417+0000] {logging_mixin.py:190} INFO - [2024-11-14T07:42:12.417+0000] {dagbag.py:588} INFO - Filling up the DagBag from /home/ubuntu/airflow-venv/lib/python3.12/site-packages/airflow/example_dags/tutorial_taskflow_templates.py
[2024-11-14T07:42:12.432+0000] {processor.py:925} INFO - DAG(s) 'tutorial_taskflow_templates' retrieved from /home/ubuntu/airflow-venv/lib/python3.12/site-packages/airflow/example_dags/tutorial_taskflow_templates.py
[2024-11-14T07:42:12.450+0000] {logging_mixin.py:190} INFO - [2024-11-14T07:42:12.449+0000] {dag.py:3239} INFO - Sync 1 DAGs
[2024-11-14T07:42:12.471+0000] {logging_mixin.py:190} INFO - [2024-11-14T07:42:12.471+0000] {dag.py:4180} INFO - Setting next_dagrun for tutorial_taskflow_templates to 2024-11-13 00:00:00+00:00, run_after=2024-11-14 00:00:00+00:00
[2024-11-14T07:42:12.493+0000] {processor.py:208} INFO - Processing /home/ubuntu/airflow-venv/lib/python3.12/site-packages/airflow/example_dags/tutorial_taskflow_templates.py took 0.090 seconds
[2024-11-14T07:43:08.182+0000] {processor.py:186} INFO - Started process (PID=3825) to work on /home/ubuntu/airflow-venv/lib/python3.12/site-packages/airflow/example_dags/tutorial_taskflow_templates.py
[2024-11-14T07:43:08.184+0000] {processor.py:914} INFO - Processing file /home/ubuntu/airflow-venv/lib/python3.12/site-packages/airflow/example_dags/tutorial_taskflow_templates.py for tasks to queue
[2024-11-14T07:43:08.187+0000] {logging_mixin.py:190} INFO - [2024-11-14T07:43:08.187+0000] {dagbag.py:588} INFO - Filling up the DagBag from /home/ubuntu/airflow-venv/lib/python3.12/site-packages/airflow/example_dags/tutorial_taskflow_templates.py
[2024-11-14T07:43:08.207+0000] {processor.py:925} INFO - DAG(s) 'tutorial_taskflow_templates' retrieved from /home/ubuntu/airflow-venv/lib/python3.12/site-packages/airflow/example_dags/tutorial_taskflow_templates.py
[2024-11-14T07:43:08.230+0000] {logging_mixin.py:190} INFO - [2024-11-14T07:43:08.230+0000] {dag.py:3239} INFO - Sync 1 DAGs
[2024-11-14T07:43:08.274+0000] {logging_mixin.py:190} INFO - [2024-11-14T07:43:08.274+0000] {dag.py:4180} INFO - Setting next_dagrun for tutorial_taskflow_templates to 2024-11-13 00:00:00+00:00, run_after=2024-11-14 00:00:00+00:00
[2024-11-14T07:43:08.305+0000] {processor.py:208} INFO - Processing /home/ubuntu/airflow-venv/lib/python3.12/site-packages/airflow/example_dags/tutorial_taskflow_templates.py took 0.133 seconds
[2024-11-14T07:44:01.428+0000] {processor.py:186} INFO - Started process (PID=3878) to work on /home/ubuntu/airflow-venv/lib/python3.12/site-packages/airflow/example_dags/tutorial_taskflow_templates.py
[2024-11-14T07:44:01.431+0000] {processor.py:914} INFO - Processing file /home/ubuntu/airflow-venv/lib/python3.12/site-packages/airflow/example_dags/tutorial_taskflow_templates.py for tasks to queue
[2024-11-14T07:44:01.436+0000] {logging_mixin.py:190} INFO - [2024-11-14T07:44:01.436+0000] {dagbag.py:588} INFO - Filling up the DagBag from /home/ubuntu/airflow-venv/lib/python3.12/site-packages/airflow/example_dags/tutorial_taskflow_templates.py
[2024-11-14T07:44:01.467+0000] {processor.py:925} INFO - DAG(s) 'tutorial_taskflow_templates' retrieved from /home/ubuntu/airflow-venv/lib/python3.12/site-packages/airflow/example_dags/tutorial_taskflow_templates.py
[2024-11-14T07:44:01.504+0000] {logging_mixin.py:190} INFO - [2024-11-14T07:44:01.504+0000] {dag.py:3239} INFO - Sync 1 DAGs
[2024-11-14T07:44:01.535+0000] {logging_mixin.py:190} INFO - [2024-11-14T07:44:01.535+0000] {dag.py:4180} INFO - Setting next_dagrun for tutorial_taskflow_templates to 2024-11-13 00:00:00+00:00, run_after=2024-11-14 00:00:00+00:00
[2024-11-14T07:44:01.561+0000] {processor.py:208} INFO - Processing /home/ubuntu/airflow-venv/lib/python3.12/site-packages/airflow/example_dags/tutorial_taskflow_templates.py took 0.152 seconds
[2024-11-14T07:44:59.282+0000] {processor.py:186} INFO - Started process (PID=3935) to work on /home/ubuntu/airflow-venv/lib/python3.12/site-packages/airflow/example_dags/tutorial_taskflow_templates.py
[2024-11-14T07:44:59.283+0000] {processor.py:914} INFO - Processing file /home/ubuntu/airflow-venv/lib/python3.12/site-packages/airflow/example_dags/tutorial_taskflow_templates.py for tasks to queue
[2024-11-14T07:44:59.285+0000] {logging_mixin.py:190} INFO - [2024-11-14T07:44:59.285+0000] {dagbag.py:588} INFO - Filling up the DagBag from /home/ubuntu/airflow-venv/lib/python3.12/site-packages/airflow/example_dags/tutorial_taskflow_templates.py
[2024-11-14T07:44:59.299+0000] {processor.py:925} INFO - DAG(s) 'tutorial_taskflow_templates' retrieved from /home/ubuntu/airflow-venv/lib/python3.12/site-packages/airflow/example_dags/tutorial_taskflow_templates.py
[2024-11-14T07:44:59.316+0000] {logging_mixin.py:190} INFO - [2024-11-14T07:44:59.315+0000] {dag.py:3239} INFO - Sync 1 DAGs
[2024-11-14T07:44:59.343+0000] {logging_mixin.py:190} INFO - [2024-11-14T07:44:59.343+0000] {dag.py:4180} INFO - Setting next_dagrun for tutorial_taskflow_templates to 2024-11-13 00:00:00+00:00, run_after=2024-11-14 00:00:00+00:00
[2024-11-14T07:44:59.395+0000] {processor.py:208} INFO - Processing /home/ubuntu/airflow-venv/lib/python3.12/site-packages/airflow/example_dags/tutorial_taskflow_templates.py took 0.119 seconds
[2024-11-14T07:45:53.197+0000] {processor.py:186} INFO - Started process (PID=3993) to work on /home/ubuntu/airflow-venv/lib/python3.12/site-packages/airflow/example_dags/tutorial_taskflow_templates.py
[2024-11-14T07:45:53.198+0000] {processor.py:914} INFO - Processing file /home/ubuntu/airflow-venv/lib/python3.12/site-packages/airflow/example_dags/tutorial_taskflow_templates.py for tasks to queue
[2024-11-14T07:45:53.201+0000] {logging_mixin.py:190} INFO - [2024-11-14T07:45:53.200+0000] {dagbag.py:588} INFO - Filling up the DagBag from /home/ubuntu/airflow-venv/lib/python3.12/site-packages/airflow/example_dags/tutorial_taskflow_templates.py
[2024-11-14T07:45:53.215+0000] {processor.py:925} INFO - DAG(s) 'tutorial_taskflow_templates' retrieved from /home/ubuntu/airflow-venv/lib/python3.12/site-packages/airflow/example_dags/tutorial_taskflow_templates.py
[2024-11-14T07:45:53.233+0000] {logging_mixin.py:190} INFO - [2024-11-14T07:45:53.232+0000] {dag.py:3239} INFO - Sync 1 DAGs
[2024-11-14T07:45:53.253+0000] {logging_mixin.py:190} INFO - [2024-11-14T07:45:53.253+0000] {dag.py:4180} INFO - Setting next_dagrun for tutorial_taskflow_templates to 2024-11-13 00:00:00+00:00, run_after=2024-11-14 00:00:00+00:00
[2024-11-14T07:45:53.278+0000] {processor.py:208} INFO - Processing /home/ubuntu/airflow-venv/lib/python3.12/site-packages/airflow/example_dags/tutorial_taskflow_templates.py took 0.088 seconds
[2024-11-14T07:46:47.553+0000] {processor.py:186} INFO - Started process (PID=4054) to work on /home/ubuntu/airflow-venv/lib/python3.12/site-packages/airflow/example_dags/tutorial_taskflow_templates.py
[2024-11-14T07:46:47.555+0000] {processor.py:914} INFO - Processing file /home/ubuntu/airflow-venv/lib/python3.12/site-packages/airflow/example_dags/tutorial_taskflow_templates.py for tasks to queue
[2024-11-14T07:46:47.557+0000] {logging_mixin.py:190} INFO - [2024-11-14T07:46:47.557+0000] {dagbag.py:588} INFO - Filling up the DagBag from /home/ubuntu/airflow-venv/lib/python3.12/site-packages/airflow/example_dags/tutorial_taskflow_templates.py
[2024-11-14T07:46:47.586+0000] {processor.py:925} INFO - DAG(s) 'tutorial_taskflow_templates' retrieved from /home/ubuntu/airflow-venv/lib/python3.12/site-packages/airflow/example_dags/tutorial_taskflow_templates.py
[2024-11-14T07:46:47.616+0000] {logging_mixin.py:190} INFO - [2024-11-14T07:46:47.616+0000] {dag.py:3239} INFO - Sync 1 DAGs
[2024-11-14T07:46:47.639+0000] {logging_mixin.py:190} INFO - [2024-11-14T07:46:47.638+0000] {dag.py:4180} INFO - Setting next_dagrun for tutorial_taskflow_templates to 2024-11-13 00:00:00+00:00, run_after=2024-11-14 00:00:00+00:00
[2024-11-14T07:46:47.666+0000] {processor.py:208} INFO - Processing /home/ubuntu/airflow-venv/lib/python3.12/site-packages/airflow/example_dags/tutorial_taskflow_templates.py took 0.119 seconds
[2024-11-14T07:47:42.484+0000] {processor.py:186} INFO - Started process (PID=4269) to work on /home/ubuntu/airflow-venv/lib/python3.12/site-packages/airflow/example_dags/tutorial_taskflow_templates.py
[2024-11-14T07:47:42.486+0000] {processor.py:914} INFO - Processing file /home/ubuntu/airflow-venv/lib/python3.12/site-packages/airflow/example_dags/tutorial_taskflow_templates.py for tasks to queue
[2024-11-14T07:47:42.488+0000] {logging_mixin.py:190} INFO - [2024-11-14T07:47:42.488+0000] {dagbag.py:588} INFO - Filling up the DagBag from /home/ubuntu/airflow-venv/lib/python3.12/site-packages/airflow/example_dags/tutorial_taskflow_templates.py
[2024-11-14T07:47:42.505+0000] {processor.py:925} INFO - DAG(s) 'tutorial_taskflow_templates' retrieved from /home/ubuntu/airflow-venv/lib/python3.12/site-packages/airflow/example_dags/tutorial_taskflow_templates.py
[2024-11-14T07:47:42.526+0000] {logging_mixin.py:190} INFO - [2024-11-14T07:47:42.526+0000] {dag.py:3239} INFO - Sync 1 DAGs
[2024-11-14T07:47:42.549+0000] {logging_mixin.py:190} INFO - [2024-11-14T07:47:42.549+0000] {dag.py:4180} INFO - Setting next_dagrun for tutorial_taskflow_templates to 2024-11-13 00:00:00+00:00, run_after=2024-11-14 00:00:00+00:00
[2024-11-14T07:47:42.581+0000] {processor.py:208} INFO - Processing /home/ubuntu/airflow-venv/lib/python3.12/site-packages/airflow/example_dags/tutorial_taskflow_templates.py took 0.103 seconds
[2024-11-14T07:48:48.496+0000] {processor.py:186} INFO - Started process (PID=4616) to work on /home/ubuntu/airflow-venv/lib/python3.12/site-packages/airflow/example_dags/tutorial_taskflow_templates.py
[2024-11-14T07:48:48.500+0000] {processor.py:914} INFO - Processing file /home/ubuntu/airflow-venv/lib/python3.12/site-packages/airflow/example_dags/tutorial_taskflow_templates.py for tasks to queue
[2024-11-14T07:48:48.507+0000] {logging_mixin.py:190} INFO - [2024-11-14T07:48:48.505+0000] {dagbag.py:588} INFO - Filling up the DagBag from /home/ubuntu/airflow-venv/lib/python3.12/site-packages/airflow/example_dags/tutorial_taskflow_templates.py
[2024-11-14T07:48:48.535+0000] {processor.py:925} INFO - DAG(s) 'tutorial_taskflow_templates' retrieved from /home/ubuntu/airflow-venv/lib/python3.12/site-packages/airflow/example_dags/tutorial_taskflow_templates.py
[2024-11-14T07:48:48.563+0000] {logging_mixin.py:190} INFO - [2024-11-14T07:48:48.562+0000] {dag.py:3239} INFO - Sync 1 DAGs
[2024-11-14T07:48:48.599+0000] {logging_mixin.py:190} INFO - [2024-11-14T07:48:48.599+0000] {dag.py:4180} INFO - Setting next_dagrun for tutorial_taskflow_templates to 2024-11-13 00:00:00+00:00, run_after=2024-11-14 00:00:00+00:00
[2024-11-14T07:48:48.658+0000] {processor.py:208} INFO - Processing /home/ubuntu/airflow-venv/lib/python3.12/site-packages/airflow/example_dags/tutorial_taskflow_templates.py took 0.172 seconds
[2024-11-14T07:49:49.731+0000] {processor.py:186} INFO - Started process (PID=4674) to work on /home/ubuntu/airflow-venv/lib/python3.12/site-packages/airflow/example_dags/tutorial_taskflow_templates.py
[2024-11-14T07:49:49.732+0000] {processor.py:914} INFO - Processing file /home/ubuntu/airflow-venv/lib/python3.12/site-packages/airflow/example_dags/tutorial_taskflow_templates.py for tasks to queue
[2024-11-14T07:49:49.735+0000] {logging_mixin.py:190} INFO - [2024-11-14T07:49:49.734+0000] {dagbag.py:588} INFO - Filling up the DagBag from /home/ubuntu/airflow-venv/lib/python3.12/site-packages/airflow/example_dags/tutorial_taskflow_templates.py
[2024-11-14T07:49:49.771+0000] {processor.py:925} INFO - DAG(s) 'tutorial_taskflow_templates' retrieved from /home/ubuntu/airflow-venv/lib/python3.12/site-packages/airflow/example_dags/tutorial_taskflow_templates.py
[2024-11-14T07:49:49.790+0000] {logging_mixin.py:190} INFO - [2024-11-14T07:49:49.790+0000] {dag.py:3239} INFO - Sync 1 DAGs
[2024-11-14T07:49:49.817+0000] {logging_mixin.py:190} INFO - [2024-11-14T07:49:49.816+0000] {dag.py:4180} INFO - Setting next_dagrun for tutorial_taskflow_templates to 2024-11-13 00:00:00+00:00, run_after=2024-11-14 00:00:00+00:00
[2024-11-14T07:49:49.856+0000] {processor.py:208} INFO - Processing /home/ubuntu/airflow-venv/lib/python3.12/site-packages/airflow/example_dags/tutorial_taskflow_templates.py took 0.133 seconds
[2024-11-14T07:50:53.105+0000] {processor.py:186} INFO - Started process (PID=4740) to work on /home/ubuntu/airflow-venv/lib/python3.12/site-packages/airflow/example_dags/tutorial_taskflow_templates.py
[2024-11-14T07:50:53.107+0000] {processor.py:914} INFO - Processing file /home/ubuntu/airflow-venv/lib/python3.12/site-packages/airflow/example_dags/tutorial_taskflow_templates.py for tasks to queue
[2024-11-14T07:50:53.109+0000] {logging_mixin.py:190} INFO - [2024-11-14T07:50:53.108+0000] {dagbag.py:588} INFO - Filling up the DagBag from /home/ubuntu/airflow-venv/lib/python3.12/site-packages/airflow/example_dags/tutorial_taskflow_templates.py
[2024-11-14T07:50:53.127+0000] {processor.py:925} INFO - DAG(s) 'tutorial_taskflow_templates' retrieved from /home/ubuntu/airflow-venv/lib/python3.12/site-packages/airflow/example_dags/tutorial_taskflow_templates.py
[2024-11-14T07:50:53.158+0000] {logging_mixin.py:190} INFO - [2024-11-14T07:50:53.158+0000] {dag.py:3239} INFO - Sync 1 DAGs
[2024-11-14T07:50:53.197+0000] {logging_mixin.py:190} INFO - [2024-11-14T07:50:53.196+0000] {dag.py:4180} INFO - Setting next_dagrun for tutorial_taskflow_templates to 2024-11-13 00:00:00+00:00, run_after=2024-11-14 00:00:00+00:00
[2024-11-14T07:50:53.220+0000] {processor.py:208} INFO - Processing /home/ubuntu/airflow-venv/lib/python3.12/site-packages/airflow/example_dags/tutorial_taskflow_templates.py took 0.127 seconds
[2024-11-14T07:51:54.906+0000] {processor.py:186} INFO - Started process (PID=4801) to work on /home/ubuntu/airflow-venv/lib/python3.12/site-packages/airflow/example_dags/tutorial_taskflow_templates.py
[2024-11-14T07:51:54.908+0000] {processor.py:914} INFO - Processing file /home/ubuntu/airflow-venv/lib/python3.12/site-packages/airflow/example_dags/tutorial_taskflow_templates.py for tasks to queue
[2024-11-14T07:51:54.909+0000] {logging_mixin.py:190} INFO - [2024-11-14T07:51:54.909+0000] {dagbag.py:588} INFO - Filling up the DagBag from /home/ubuntu/airflow-venv/lib/python3.12/site-packages/airflow/example_dags/tutorial_taskflow_templates.py
[2024-11-14T07:51:54.923+0000] {processor.py:925} INFO - DAG(s) 'tutorial_taskflow_templates' retrieved from /home/ubuntu/airflow-venv/lib/python3.12/site-packages/airflow/example_dags/tutorial_taskflow_templates.py
[2024-11-14T07:51:54.942+0000] {logging_mixin.py:190} INFO - [2024-11-14T07:51:54.942+0000] {dag.py:3239} INFO - Sync 1 DAGs
[2024-11-14T07:51:54.964+0000] {logging_mixin.py:190} INFO - [2024-11-14T07:51:54.963+0000] {dag.py:4180} INFO - Setting next_dagrun for tutorial_taskflow_templates to 2024-11-13 00:00:00+00:00, run_after=2024-11-14 00:00:00+00:00
[2024-11-14T07:51:55.006+0000] {processor.py:208} INFO - Processing /home/ubuntu/airflow-venv/lib/python3.12/site-packages/airflow/example_dags/tutorial_taskflow_templates.py took 0.105 seconds
[2024-11-14T07:52:53.023+0000] {processor.py:186} INFO - Started process (PID=4861) to work on /home/ubuntu/airflow-venv/lib/python3.12/site-packages/airflow/example_dags/tutorial_taskflow_templates.py
[2024-11-14T07:52:53.026+0000] {processor.py:914} INFO - Processing file /home/ubuntu/airflow-venv/lib/python3.12/site-packages/airflow/example_dags/tutorial_taskflow_templates.py for tasks to queue
[2024-11-14T07:52:53.030+0000] {logging_mixin.py:190} INFO - [2024-11-14T07:52:53.027+0000] {dagbag.py:588} INFO - Filling up the DagBag from /home/ubuntu/airflow-venv/lib/python3.12/site-packages/airflow/example_dags/tutorial_taskflow_templates.py
[2024-11-14T07:52:53.061+0000] {processor.py:925} INFO - DAG(s) 'tutorial_taskflow_templates' retrieved from /home/ubuntu/airflow-venv/lib/python3.12/site-packages/airflow/example_dags/tutorial_taskflow_templates.py
[2024-11-14T07:52:53.088+0000] {logging_mixin.py:190} INFO - [2024-11-14T07:52:53.087+0000] {dag.py:3239} INFO - Sync 1 DAGs
[2024-11-14T07:52:53.136+0000] {logging_mixin.py:190} INFO - [2024-11-14T07:52:53.135+0000] {dag.py:4180} INFO - Setting next_dagrun for tutorial_taskflow_templates to 2024-11-13 00:00:00+00:00, run_after=2024-11-14 00:00:00+00:00
[2024-11-14T07:52:53.186+0000] {processor.py:208} INFO - Processing /home/ubuntu/airflow-venv/lib/python3.12/site-packages/airflow/example_dags/tutorial_taskflow_templates.py took 0.175 seconds
[2024-11-14T07:53:51.413+0000] {processor.py:186} INFO - Started process (PID=4922) to work on /home/ubuntu/airflow-venv/lib/python3.12/site-packages/airflow/example_dags/tutorial_taskflow_templates.py
[2024-11-14T07:53:51.414+0000] {processor.py:914} INFO - Processing file /home/ubuntu/airflow-venv/lib/python3.12/site-packages/airflow/example_dags/tutorial_taskflow_templates.py for tasks to queue
[2024-11-14T07:53:51.416+0000] {logging_mixin.py:190} INFO - [2024-11-14T07:53:51.415+0000] {dagbag.py:588} INFO - Filling up the DagBag from /home/ubuntu/airflow-venv/lib/python3.12/site-packages/airflow/example_dags/tutorial_taskflow_templates.py
[2024-11-14T07:53:51.430+0000] {processor.py:925} INFO - DAG(s) 'tutorial_taskflow_templates' retrieved from /home/ubuntu/airflow-venv/lib/python3.12/site-packages/airflow/example_dags/tutorial_taskflow_templates.py
[2024-11-14T07:53:51.452+0000] {logging_mixin.py:190} INFO - [2024-11-14T07:53:51.451+0000] {dag.py:3239} INFO - Sync 1 DAGs
[2024-11-14T07:53:51.480+0000] {logging_mixin.py:190} INFO - [2024-11-14T07:53:51.479+0000] {dag.py:4180} INFO - Setting next_dagrun for tutorial_taskflow_templates to 2024-11-13 00:00:00+00:00, run_after=2024-11-14 00:00:00+00:00
[2024-11-14T07:53:51.512+0000] {processor.py:208} INFO - Processing /home/ubuntu/airflow-venv/lib/python3.12/site-packages/airflow/example_dags/tutorial_taskflow_templates.py took 0.106 seconds
[2024-11-14T07:54:52.335+0000] {processor.py:186} INFO - Started process (PID=4981) to work on /home/ubuntu/airflow-venv/lib/python3.12/site-packages/airflow/example_dags/tutorial_taskflow_templates.py
[2024-11-14T07:54:52.337+0000] {processor.py:914} INFO - Processing file /home/ubuntu/airflow-venv/lib/python3.12/site-packages/airflow/example_dags/tutorial_taskflow_templates.py for tasks to queue
[2024-11-14T07:54:52.338+0000] {logging_mixin.py:190} INFO - [2024-11-14T07:54:52.338+0000] {dagbag.py:588} INFO - Filling up the DagBag from /home/ubuntu/airflow-venv/lib/python3.12/site-packages/airflow/example_dags/tutorial_taskflow_templates.py
[2024-11-14T07:54:52.352+0000] {processor.py:925} INFO - DAG(s) 'tutorial_taskflow_templates' retrieved from /home/ubuntu/airflow-venv/lib/python3.12/site-packages/airflow/example_dags/tutorial_taskflow_templates.py
[2024-11-14T07:54:52.369+0000] {logging_mixin.py:190} INFO - [2024-11-14T07:54:52.369+0000] {dag.py:3239} INFO - Sync 1 DAGs
[2024-11-14T07:54:52.390+0000] {logging_mixin.py:190} INFO - [2024-11-14T07:54:52.390+0000] {dag.py:4180} INFO - Setting next_dagrun for tutorial_taskflow_templates to 2024-11-13 00:00:00+00:00, run_after=2024-11-14 00:00:00+00:00
[2024-11-14T07:54:52.412+0000] {processor.py:208} INFO - Processing /home/ubuntu/airflow-venv/lib/python3.12/site-packages/airflow/example_dags/tutorial_taskflow_templates.py took 0.083 seconds
[2024-11-14T07:55:54.016+0000] {processor.py:186} INFO - Started process (PID=5045) to work on /home/ubuntu/airflow-venv/lib/python3.12/site-packages/airflow/example_dags/tutorial_taskflow_templates.py
[2024-11-14T07:55:54.019+0000] {processor.py:914} INFO - Processing file /home/ubuntu/airflow-venv/lib/python3.12/site-packages/airflow/example_dags/tutorial_taskflow_templates.py for tasks to queue
[2024-11-14T07:55:54.021+0000] {logging_mixin.py:190} INFO - [2024-11-14T07:55:54.020+0000] {dagbag.py:588} INFO - Filling up the DagBag from /home/ubuntu/airflow-venv/lib/python3.12/site-packages/airflow/example_dags/tutorial_taskflow_templates.py
[2024-11-14T07:55:54.050+0000] {processor.py:925} INFO - DAG(s) 'tutorial_taskflow_templates' retrieved from /home/ubuntu/airflow-venv/lib/python3.12/site-packages/airflow/example_dags/tutorial_taskflow_templates.py
[2024-11-14T07:55:54.083+0000] {logging_mixin.py:190} INFO - [2024-11-14T07:55:54.083+0000] {dag.py:3239} INFO - Sync 1 DAGs
[2024-11-14T07:55:54.118+0000] {logging_mixin.py:190} INFO - [2024-11-14T07:55:54.117+0000] {dag.py:4180} INFO - Setting next_dagrun for tutorial_taskflow_templates to 2024-11-13 00:00:00+00:00, run_after=2024-11-14 00:00:00+00:00
[2024-11-14T07:55:54.154+0000] {processor.py:208} INFO - Processing /home/ubuntu/airflow-venv/lib/python3.12/site-packages/airflow/example_dags/tutorial_taskflow_templates.py took 0.147 seconds
[2024-11-14T07:56:52.974+0000] {processor.py:186} INFO - Started process (PID=5106) to work on /home/ubuntu/airflow-venv/lib/python3.12/site-packages/airflow/example_dags/tutorial_taskflow_templates.py
[2024-11-14T07:56:52.976+0000] {processor.py:914} INFO - Processing file /home/ubuntu/airflow-venv/lib/python3.12/site-packages/airflow/example_dags/tutorial_taskflow_templates.py for tasks to queue
[2024-11-14T07:56:52.977+0000] {logging_mixin.py:190} INFO - [2024-11-14T07:56:52.977+0000] {dagbag.py:588} INFO - Filling up the DagBag from /home/ubuntu/airflow-venv/lib/python3.12/site-packages/airflow/example_dags/tutorial_taskflow_templates.py
[2024-11-14T07:56:52.993+0000] {processor.py:925} INFO - DAG(s) 'tutorial_taskflow_templates' retrieved from /home/ubuntu/airflow-venv/lib/python3.12/site-packages/airflow/example_dags/tutorial_taskflow_templates.py
[2024-11-14T07:56:53.014+0000] {logging_mixin.py:190} INFO - [2024-11-14T07:56:53.013+0000] {dag.py:3239} INFO - Sync 1 DAGs
[2024-11-14T07:56:53.037+0000] {logging_mixin.py:190} INFO - [2024-11-14T07:56:53.036+0000] {dag.py:4180} INFO - Setting next_dagrun for tutorial_taskflow_templates to 2024-11-13 00:00:00+00:00, run_after=2024-11-14 00:00:00+00:00
[2024-11-14T07:56:53.061+0000] {processor.py:208} INFO - Processing /home/ubuntu/airflow-venv/lib/python3.12/site-packages/airflow/example_dags/tutorial_taskflow_templates.py took 0.094 seconds
[2024-11-14T07:57:52.749+0000] {processor.py:186} INFO - Started process (PID=5168) to work on /home/ubuntu/airflow-venv/lib/python3.12/site-packages/airflow/example_dags/tutorial_taskflow_templates.py
[2024-11-14T07:57:52.750+0000] {processor.py:914} INFO - Processing file /home/ubuntu/airflow-venv/lib/python3.12/site-packages/airflow/example_dags/tutorial_taskflow_templates.py for tasks to queue
[2024-11-14T07:57:52.752+0000] {logging_mixin.py:190} INFO - [2024-11-14T07:57:52.751+0000] {dagbag.py:588} INFO - Filling up the DagBag from /home/ubuntu/airflow-venv/lib/python3.12/site-packages/airflow/example_dags/tutorial_taskflow_templates.py
[2024-11-14T07:57:52.769+0000] {processor.py:925} INFO - DAG(s) 'tutorial_taskflow_templates' retrieved from /home/ubuntu/airflow-venv/lib/python3.12/site-packages/airflow/example_dags/tutorial_taskflow_templates.py
[2024-11-14T07:57:52.794+0000] {logging_mixin.py:190} INFO - [2024-11-14T07:57:52.794+0000] {dag.py:3239} INFO - Sync 1 DAGs
[2024-11-14T07:57:52.821+0000] {logging_mixin.py:190} INFO - [2024-11-14T07:57:52.821+0000] {dag.py:4180} INFO - Setting next_dagrun for tutorial_taskflow_templates to 2024-11-13 00:00:00+00:00, run_after=2024-11-14 00:00:00+00:00
[2024-11-14T07:57:52.851+0000] {processor.py:208} INFO - Processing /home/ubuntu/airflow-venv/lib/python3.12/site-packages/airflow/example_dags/tutorial_taskflow_templates.py took 0.108 seconds
[2024-11-14T07:58:52.456+0000] {processor.py:186} INFO - Started process (PID=5227) to work on /home/ubuntu/airflow-venv/lib/python3.12/site-packages/airflow/example_dags/tutorial_taskflow_templates.py
[2024-11-14T07:58:52.458+0000] {processor.py:914} INFO - Processing file /home/ubuntu/airflow-venv/lib/python3.12/site-packages/airflow/example_dags/tutorial_taskflow_templates.py for tasks to queue
[2024-11-14T07:58:52.459+0000] {logging_mixin.py:190} INFO - [2024-11-14T07:58:52.459+0000] {dagbag.py:588} INFO - Filling up the DagBag from /home/ubuntu/airflow-venv/lib/python3.12/site-packages/airflow/example_dags/tutorial_taskflow_templates.py
[2024-11-14T07:58:52.474+0000] {processor.py:925} INFO - DAG(s) 'tutorial_taskflow_templates' retrieved from /home/ubuntu/airflow-venv/lib/python3.12/site-packages/airflow/example_dags/tutorial_taskflow_templates.py
[2024-11-14T07:58:52.492+0000] {logging_mixin.py:190} INFO - [2024-11-14T07:58:52.492+0000] {dag.py:3239} INFO - Sync 1 DAGs
[2024-11-14T07:58:52.516+0000] {logging_mixin.py:190} INFO - [2024-11-14T07:58:52.516+0000] {dag.py:4180} INFO - Setting next_dagrun for tutorial_taskflow_templates to 2024-11-13 00:00:00+00:00, run_after=2024-11-14 00:00:00+00:00
[2024-11-14T07:58:52.551+0000] {processor.py:208} INFO - Processing /home/ubuntu/airflow-venv/lib/python3.12/site-packages/airflow/example_dags/tutorial_taskflow_templates.py took 0.101 seconds
[2024-11-14T07:59:53.341+0000] {processor.py:186} INFO - Started process (PID=5287) to work on /home/ubuntu/airflow-venv/lib/python3.12/site-packages/airflow/example_dags/tutorial_taskflow_templates.py
[2024-11-14T07:59:53.342+0000] {processor.py:914} INFO - Processing file /home/ubuntu/airflow-venv/lib/python3.12/site-packages/airflow/example_dags/tutorial_taskflow_templates.py for tasks to queue
[2024-11-14T07:59:53.343+0000] {logging_mixin.py:190} INFO - [2024-11-14T07:59:53.343+0000] {dagbag.py:588} INFO - Filling up the DagBag from /home/ubuntu/airflow-venv/lib/python3.12/site-packages/airflow/example_dags/tutorial_taskflow_templates.py
[2024-11-14T07:59:53.365+0000] {processor.py:925} INFO - DAG(s) 'tutorial_taskflow_templates' retrieved from /home/ubuntu/airflow-venv/lib/python3.12/site-packages/airflow/example_dags/tutorial_taskflow_templates.py
[2024-11-14T07:59:53.389+0000] {logging_mixin.py:190} INFO - [2024-11-14T07:59:53.387+0000] {dag.py:3239} INFO - Sync 1 DAGs
[2024-11-14T07:59:53.418+0000] {logging_mixin.py:190} INFO - [2024-11-14T07:59:53.417+0000] {dag.py:4180} INFO - Setting next_dagrun for tutorial_taskflow_templates to 2024-11-13 00:00:00+00:00, run_after=2024-11-14 00:00:00+00:00
[2024-11-14T07:59:53.441+0000] {processor.py:208} INFO - Processing /home/ubuntu/airflow-venv/lib/python3.12/site-packages/airflow/example_dags/tutorial_taskflow_templates.py took 0.107 seconds
[2024-11-14T08:00:52.510+0000] {processor.py:186} INFO - Started process (PID=5352) to work on /home/ubuntu/airflow-venv/lib/python3.12/site-packages/airflow/example_dags/tutorial_taskflow_templates.py
[2024-11-14T08:00:52.512+0000] {processor.py:914} INFO - Processing file /home/ubuntu/airflow-venv/lib/python3.12/site-packages/airflow/example_dags/tutorial_taskflow_templates.py for tasks to queue
[2024-11-14T08:00:52.514+0000] {logging_mixin.py:190} INFO - [2024-11-14T08:00:52.513+0000] {dagbag.py:588} INFO - Filling up the DagBag from /home/ubuntu/airflow-venv/lib/python3.12/site-packages/airflow/example_dags/tutorial_taskflow_templates.py
[2024-11-14T08:00:52.529+0000] {processor.py:925} INFO - DAG(s) 'tutorial_taskflow_templates' retrieved from /home/ubuntu/airflow-venv/lib/python3.12/site-packages/airflow/example_dags/tutorial_taskflow_templates.py
[2024-11-14T08:00:52.548+0000] {logging_mixin.py:190} INFO - [2024-11-14T08:00:52.548+0000] {dag.py:3239} INFO - Sync 1 DAGs
[2024-11-14T08:00:52.593+0000] {logging_mixin.py:190} INFO - [2024-11-14T08:00:52.593+0000] {dag.py:4180} INFO - Setting next_dagrun for tutorial_taskflow_templates to 2024-11-13 00:00:00+00:00, run_after=2024-11-14 00:00:00+00:00
[2024-11-14T08:00:52.624+0000] {processor.py:208} INFO - Processing /home/ubuntu/airflow-venv/lib/python3.12/site-packages/airflow/example_dags/tutorial_taskflow_templates.py took 0.122 seconds
[2024-11-14T08:01:53.374+0000] {processor.py:186} INFO - Started process (PID=5413) to work on /home/ubuntu/airflow-venv/lib/python3.12/site-packages/airflow/example_dags/tutorial_taskflow_templates.py
[2024-11-14T08:01:53.376+0000] {processor.py:914} INFO - Processing file /home/ubuntu/airflow-venv/lib/python3.12/site-packages/airflow/example_dags/tutorial_taskflow_templates.py for tasks to queue
[2024-11-14T08:01:53.377+0000] {logging_mixin.py:190} INFO - [2024-11-14T08:01:53.377+0000] {dagbag.py:588} INFO - Filling up the DagBag from /home/ubuntu/airflow-venv/lib/python3.12/site-packages/airflow/example_dags/tutorial_taskflow_templates.py
[2024-11-14T08:01:53.393+0000] {processor.py:925} INFO - DAG(s) 'tutorial_taskflow_templates' retrieved from /home/ubuntu/airflow-venv/lib/python3.12/site-packages/airflow/example_dags/tutorial_taskflow_templates.py
[2024-11-14T08:01:53.412+0000] {logging_mixin.py:190} INFO - [2024-11-14T08:01:53.412+0000] {dag.py:3239} INFO - Sync 1 DAGs
[2024-11-14T08:01:53.446+0000] {logging_mixin.py:190} INFO - [2024-11-14T08:01:53.446+0000] {dag.py:4180} INFO - Setting next_dagrun for tutorial_taskflow_templates to 2024-11-13 00:00:00+00:00, run_after=2024-11-14 00:00:00+00:00
[2024-11-14T08:01:53.493+0000] {processor.py:208} INFO - Processing /home/ubuntu/airflow-venv/lib/python3.12/site-packages/airflow/example_dags/tutorial_taskflow_templates.py took 0.125 seconds
[2024-11-14T08:02:54.631+0000] {processor.py:186} INFO - Started process (PID=5476) to work on /home/ubuntu/airflow-venv/lib/python3.12/site-packages/airflow/example_dags/tutorial_taskflow_templates.py
[2024-11-14T08:02:54.633+0000] {processor.py:914} INFO - Processing file /home/ubuntu/airflow-venv/lib/python3.12/site-packages/airflow/example_dags/tutorial_taskflow_templates.py for tasks to queue
[2024-11-14T08:02:54.634+0000] {logging_mixin.py:190} INFO - [2024-11-14T08:02:54.634+0000] {dagbag.py:588} INFO - Filling up the DagBag from /home/ubuntu/airflow-venv/lib/python3.12/site-packages/airflow/example_dags/tutorial_taskflow_templates.py
[2024-11-14T08:02:54.649+0000] {processor.py:925} INFO - DAG(s) 'tutorial_taskflow_templates' retrieved from /home/ubuntu/airflow-venv/lib/python3.12/site-packages/airflow/example_dags/tutorial_taskflow_templates.py
[2024-11-14T08:02:54.668+0000] {logging_mixin.py:190} INFO - [2024-11-14T08:02:54.667+0000] {dag.py:3239} INFO - Sync 1 DAGs
[2024-11-14T08:02:54.690+0000] {logging_mixin.py:190} INFO - [2024-11-14T08:02:54.690+0000] {dag.py:4180} INFO - Setting next_dagrun for tutorial_taskflow_templates to 2024-11-13 00:00:00+00:00, run_after=2024-11-14 00:00:00+00:00
[2024-11-14T08:02:54.713+0000] {processor.py:208} INFO - Processing /home/ubuntu/airflow-venv/lib/python3.12/site-packages/airflow/example_dags/tutorial_taskflow_templates.py took 0.088 seconds
