[2024-11-14T07:40:36.189+0000] {processor.py:186} INFO - Started process (PID=3679) to work on /home/ubuntu/airflow-venv/lib/python3.12/site-packages/airflow/example_dags/tutorial.py
[2024-11-14T07:40:36.190+0000] {processor.py:914} INFO - Processing file /home/ubuntu/airflow-venv/lib/python3.12/site-packages/airflow/example_dags/tutorial.py for tasks to queue
[2024-11-14T07:40:36.192+0000] {logging_mixin.py:190} INFO - [2024-11-14T07:40:36.191+0000] {dagbag.py:588} INFO - Filling up the DagBag from /home/ubuntu/airflow-venv/lib/python3.12/site-packages/airflow/example_dags/tutorial.py
[2024-11-14T07:40:36.202+0000] {processor.py:925} INFO - DAG(s) 'tutorial' retrieved from /home/ubuntu/airflow-venv/lib/python3.12/site-packages/airflow/example_dags/tutorial.py
[2024-11-14T07:40:36.316+0000] {logging_mixin.py:190} INFO - [2024-11-14T07:40:36.316+0000] {override.py:1911} INFO - Created Permission View: can delete on DAG:tutorial
[2024-11-14T07:40:36.334+0000] {logging_mixin.py:190} INFO - [2024-11-14T07:40:36.334+0000] {override.py:1911} INFO - Created Permission View: can read on DAG:tutorial
[2024-11-14T07:40:36.347+0000] {logging_mixin.py:190} INFO - [2024-11-14T07:40:36.346+0000] {override.py:1911} INFO - Created Permission View: can edit on DAG:tutorial
[2024-11-14T07:40:36.365+0000] {logging_mixin.py:190} INFO - [2024-11-14T07:40:36.365+0000] {override.py:1911} INFO - Created Permission View: can delete on DAG Run:tutorial
[2024-11-14T07:40:36.383+0000] {logging_mixin.py:190} INFO - [2024-11-14T07:40:36.382+0000] {override.py:1911} INFO - Created Permission View: can create on DAG Run:tutorial
[2024-11-14T07:40:36.397+0000] {logging_mixin.py:190} INFO - [2024-11-14T07:40:36.396+0000] {override.py:1911} INFO - Created Permission View: can read on DAG Run:tutorial
[2024-11-14T07:40:36.412+0000] {logging_mixin.py:190} INFO - [2024-11-14T07:40:36.412+0000] {override.py:1911} INFO - Created Permission View: menu access on DAG Run:tutorial
[2024-11-14T07:40:36.413+0000] {logging_mixin.py:190} INFO - [2024-11-14T07:40:36.413+0000] {dag.py:3239} INFO - Sync 1 DAGs
[2024-11-14T07:40:36.430+0000] {logging_mixin.py:190} INFO - [2024-11-14T07:40:36.430+0000] {dag.py:3262} INFO - Creating ORM DAG for tutorial
[2024-11-14T07:40:36.441+0000] {logging_mixin.py:190} INFO - [2024-11-14T07:40:36.441+0000] {dag.py:4180} INFO - Setting next_dagrun for tutorial to 2024-11-13 00:00:00+00:00, run_after=2024-11-14 00:00:00+00:00
[2024-11-14T07:40:36.462+0000] {processor.py:208} INFO - Processing /home/ubuntu/airflow-venv/lib/python3.12/site-packages/airflow/example_dags/tutorial.py took 0.279 seconds
[2024-11-14T07:41:44.859+0000] {processor.py:186} INFO - Started process (PID=3741) to work on /home/ubuntu/airflow-venv/lib/python3.12/site-packages/airflow/example_dags/tutorial.py
[2024-11-14T07:41:44.860+0000] {processor.py:914} INFO - Processing file /home/ubuntu/airflow-venv/lib/python3.12/site-packages/airflow/example_dags/tutorial.py for tasks to queue
[2024-11-14T07:41:44.863+0000] {logging_mixin.py:190} INFO - [2024-11-14T07:41:44.863+0000] {dagbag.py:588} INFO - Filling up the DagBag from /home/ubuntu/airflow-venv/lib/python3.12/site-packages/airflow/example_dags/tutorial.py
[2024-11-14T07:41:44.874+0000] {processor.py:925} INFO - DAG(s) 'tutorial' retrieved from /home/ubuntu/airflow-venv/lib/python3.12/site-packages/airflow/example_dags/tutorial.py
[2024-11-14T07:41:44.891+0000] {logging_mixin.py:190} INFO - [2024-11-14T07:41:44.890+0000] {dag.py:3239} INFO - Sync 1 DAGs
[2024-11-14T07:41:44.910+0000] {logging_mixin.py:190} INFO - [2024-11-14T07:41:44.910+0000] {dag.py:4180} INFO - Setting next_dagrun for tutorial to 2024-11-13 00:00:00+00:00, run_after=2024-11-14 00:00:00+00:00
[2024-11-14T07:41:44.932+0000] {processor.py:208} INFO - Processing /home/ubuntu/airflow-venv/lib/python3.12/site-packages/airflow/example_dags/tutorial.py took 0.078 seconds
[2024-11-14T07:42:41.603+0000] {processor.py:186} INFO - Started process (PID=3798) to work on /home/ubuntu/airflow-venv/lib/python3.12/site-packages/airflow/example_dags/tutorial.py
[2024-11-14T07:42:41.604+0000] {processor.py:914} INFO - Processing file /home/ubuntu/airflow-venv/lib/python3.12/site-packages/airflow/example_dags/tutorial.py for tasks to queue
[2024-11-14T07:42:41.607+0000] {logging_mixin.py:190} INFO - [2024-11-14T07:42:41.606+0000] {dagbag.py:588} INFO - Filling up the DagBag from /home/ubuntu/airflow-venv/lib/python3.12/site-packages/airflow/example_dags/tutorial.py
[2024-11-14T07:42:41.616+0000] {processor.py:925} INFO - DAG(s) 'tutorial' retrieved from /home/ubuntu/airflow-venv/lib/python3.12/site-packages/airflow/example_dags/tutorial.py
[2024-11-14T07:42:41.634+0000] {logging_mixin.py:190} INFO - [2024-11-14T07:42:41.633+0000] {dag.py:3239} INFO - Sync 1 DAGs
[2024-11-14T07:42:41.655+0000] {logging_mixin.py:190} INFO - [2024-11-14T07:42:41.655+0000] {dag.py:4180} INFO - Setting next_dagrun for tutorial to 2024-11-13 00:00:00+00:00, run_after=2024-11-14 00:00:00+00:00
[2024-11-14T07:42:41.681+0000] {processor.py:208} INFO - Processing /home/ubuntu/airflow-venv/lib/python3.12/site-packages/airflow/example_dags/tutorial.py took 0.084 seconds
[2024-11-14T07:43:35.428+0000] {processor.py:186} INFO - Started process (PID=3853) to work on /home/ubuntu/airflow-venv/lib/python3.12/site-packages/airflow/example_dags/tutorial.py
[2024-11-14T07:43:35.431+0000] {processor.py:914} INFO - Processing file /home/ubuntu/airflow-venv/lib/python3.12/site-packages/airflow/example_dags/tutorial.py for tasks to queue
[2024-11-14T07:43:35.435+0000] {logging_mixin.py:190} INFO - [2024-11-14T07:43:35.435+0000] {dagbag.py:588} INFO - Filling up the DagBag from /home/ubuntu/airflow-venv/lib/python3.12/site-packages/airflow/example_dags/tutorial.py
[2024-11-14T07:43:35.455+0000] {processor.py:925} INFO - DAG(s) 'tutorial' retrieved from /home/ubuntu/airflow-venv/lib/python3.12/site-packages/airflow/example_dags/tutorial.py
[2024-11-14T07:43:35.486+0000] {logging_mixin.py:190} INFO - [2024-11-14T07:43:35.486+0000] {dag.py:3239} INFO - Sync 1 DAGs
[2024-11-14T07:43:35.526+0000] {logging_mixin.py:190} INFO - [2024-11-14T07:43:35.526+0000] {dag.py:4180} INFO - Setting next_dagrun for tutorial to 2024-11-13 00:00:00+00:00, run_after=2024-11-14 00:00:00+00:00
[2024-11-14T07:43:35.578+0000] {processor.py:208} INFO - Processing /home/ubuntu/airflow-venv/lib/python3.12/site-packages/airflow/example_dags/tutorial.py took 0.168 seconds
[2024-11-14T07:44:33.271+0000] {processor.py:186} INFO - Started process (PID=3909) to work on /home/ubuntu/airflow-venv/lib/python3.12/site-packages/airflow/example_dags/tutorial.py
[2024-11-14T07:44:33.272+0000] {processor.py:914} INFO - Processing file /home/ubuntu/airflow-venv/lib/python3.12/site-packages/airflow/example_dags/tutorial.py for tasks to queue
[2024-11-14T07:44:33.275+0000] {logging_mixin.py:190} INFO - [2024-11-14T07:44:33.275+0000] {dagbag.py:588} INFO - Filling up the DagBag from /home/ubuntu/airflow-venv/lib/python3.12/site-packages/airflow/example_dags/tutorial.py
[2024-11-14T07:44:33.286+0000] {processor.py:925} INFO - DAG(s) 'tutorial' retrieved from /home/ubuntu/airflow-venv/lib/python3.12/site-packages/airflow/example_dags/tutorial.py
[2024-11-14T07:44:33.306+0000] {logging_mixin.py:190} INFO - [2024-11-14T07:44:33.306+0000] {dag.py:3239} INFO - Sync 1 DAGs
[2024-11-14T07:44:33.330+0000] {logging_mixin.py:190} INFO - [2024-11-14T07:44:33.330+0000] {dag.py:4180} INFO - Setting next_dagrun for tutorial to 2024-11-13 00:00:00+00:00, run_after=2024-11-14 00:00:00+00:00
[2024-11-14T07:44:33.354+0000] {processor.py:208} INFO - Processing /home/ubuntu/airflow-venv/lib/python3.12/site-packages/airflow/example_dags/tutorial.py took 0.090 seconds
[2024-11-14T07:45:28.768+0000] {processor.py:186} INFO - Started process (PID=3969) to work on /home/ubuntu/airflow-venv/lib/python3.12/site-packages/airflow/example_dags/tutorial.py
[2024-11-14T07:45:28.770+0000] {processor.py:914} INFO - Processing file /home/ubuntu/airflow-venv/lib/python3.12/site-packages/airflow/example_dags/tutorial.py for tasks to queue
[2024-11-14T07:45:28.772+0000] {logging_mixin.py:190} INFO - [2024-11-14T07:45:28.772+0000] {dagbag.py:588} INFO - Filling up the DagBag from /home/ubuntu/airflow-venv/lib/python3.12/site-packages/airflow/example_dags/tutorial.py
[2024-11-14T07:45:28.788+0000] {processor.py:925} INFO - DAG(s) 'tutorial' retrieved from /home/ubuntu/airflow-venv/lib/python3.12/site-packages/airflow/example_dags/tutorial.py
[2024-11-14T07:45:28.809+0000] {logging_mixin.py:190} INFO - [2024-11-14T07:45:28.809+0000] {dag.py:3239} INFO - Sync 1 DAGs
[2024-11-14T07:45:28.834+0000] {logging_mixin.py:190} INFO - [2024-11-14T07:45:28.834+0000] {dag.py:4180} INFO - Setting next_dagrun for tutorial to 2024-11-13 00:00:00+00:00, run_after=2024-11-14 00:00:00+00:00
[2024-11-14T07:45:28.856+0000] {processor.py:208} INFO - Processing /home/ubuntu/airflow-venv/lib/python3.12/site-packages/airflow/example_dags/tutorial.py took 0.096 seconds
[2024-11-14T07:46:22.252+0000] {processor.py:186} INFO - Started process (PID=4028) to work on /home/ubuntu/airflow-venv/lib/python3.12/site-packages/airflow/example_dags/tutorial.py
[2024-11-14T07:46:22.253+0000] {processor.py:914} INFO - Processing file /home/ubuntu/airflow-venv/lib/python3.12/site-packages/airflow/example_dags/tutorial.py for tasks to queue
[2024-11-14T07:46:22.256+0000] {logging_mixin.py:190} INFO - [2024-11-14T07:46:22.255+0000] {dagbag.py:588} INFO - Filling up the DagBag from /home/ubuntu/airflow-venv/lib/python3.12/site-packages/airflow/example_dags/tutorial.py
[2024-11-14T07:46:22.266+0000] {processor.py:925} INFO - DAG(s) 'tutorial' retrieved from /home/ubuntu/airflow-venv/lib/python3.12/site-packages/airflow/example_dags/tutorial.py
[2024-11-14T07:46:22.289+0000] {logging_mixin.py:190} INFO - [2024-11-14T07:46:22.288+0000] {dag.py:3239} INFO - Sync 1 DAGs
[2024-11-14T07:46:22.316+0000] {logging_mixin.py:190} INFO - [2024-11-14T07:46:22.316+0000] {dag.py:4180} INFO - Setting next_dagrun for tutorial to 2024-11-13 00:00:00+00:00, run_after=2024-11-14 00:00:00+00:00
[2024-11-14T07:46:22.341+0000] {processor.py:208} INFO - Processing /home/ubuntu/airflow-venv/lib/python3.12/site-packages/airflow/example_dags/tutorial.py took 0.096 seconds
[2024-11-14T07:47:16.879+0000] {processor.py:186} INFO - Started process (PID=4084) to work on /home/ubuntu/airflow-venv/lib/python3.12/site-packages/airflow/example_dags/tutorial.py
[2024-11-14T07:47:16.881+0000] {processor.py:914} INFO - Processing file /home/ubuntu/airflow-venv/lib/python3.12/site-packages/airflow/example_dags/tutorial.py for tasks to queue
[2024-11-14T07:47:16.885+0000] {logging_mixin.py:190} INFO - [2024-11-14T07:47:16.884+0000] {dagbag.py:588} INFO - Filling up the DagBag from /home/ubuntu/airflow-venv/lib/python3.12/site-packages/airflow/example_dags/tutorial.py
[2024-11-14T07:47:16.897+0000] {processor.py:925} INFO - DAG(s) 'tutorial' retrieved from /home/ubuntu/airflow-venv/lib/python3.12/site-packages/airflow/example_dags/tutorial.py
[2024-11-14T07:47:16.923+0000] {logging_mixin.py:190} INFO - [2024-11-14T07:47:16.922+0000] {dag.py:3239} INFO - Sync 1 DAGs
[2024-11-14T07:47:16.982+0000] {logging_mixin.py:190} INFO - [2024-11-14T07:47:16.981+0000] {dag.py:4180} INFO - Setting next_dagrun for tutorial to 2024-11-13 00:00:00+00:00, run_after=2024-11-14 00:00:00+00:00
[2024-11-14T07:47:17.020+0000] {processor.py:208} INFO - Processing /home/ubuntu/airflow-venv/lib/python3.12/site-packages/airflow/example_dags/tutorial.py took 0.149 seconds
[2024-11-14T07:48:19.768+0000] {processor.py:186} INFO - Started process (PID=4556) to work on /home/ubuntu/airflow-venv/lib/python3.12/site-packages/airflow/example_dags/tutorial.py
[2024-11-14T07:48:19.771+0000] {processor.py:914} INFO - Processing file /home/ubuntu/airflow-venv/lib/python3.12/site-packages/airflow/example_dags/tutorial.py for tasks to queue
[2024-11-14T07:48:19.778+0000] {logging_mixin.py:190} INFO - [2024-11-14T07:48:19.778+0000] {dagbag.py:588} INFO - Filling up the DagBag from /home/ubuntu/airflow-venv/lib/python3.12/site-packages/airflow/example_dags/tutorial.py
[2024-11-14T07:48:19.795+0000] {processor.py:925} INFO - DAG(s) 'tutorial' retrieved from /home/ubuntu/airflow-venv/lib/python3.12/site-packages/airflow/example_dags/tutorial.py
[2024-11-14T07:48:19.833+0000] {logging_mixin.py:190} INFO - [2024-11-14T07:48:19.833+0000] {dag.py:3239} INFO - Sync 1 DAGs
[2024-11-14T07:48:19.876+0000] {logging_mixin.py:190} INFO - [2024-11-14T07:48:19.875+0000] {dag.py:4180} INFO - Setting next_dagrun for tutorial to 2024-11-13 00:00:00+00:00, run_after=2024-11-14 00:00:00+00:00
[2024-11-14T07:48:19.916+0000] {processor.py:208} INFO - Processing /home/ubuntu/airflow-venv/lib/python3.12/site-packages/airflow/example_dags/tutorial.py took 0.159 seconds
[2024-11-14T07:49:23.449+0000] {processor.py:186} INFO - Started process (PID=4648) to work on /home/ubuntu/airflow-venv/lib/python3.12/site-packages/airflow/example_dags/tutorial.py
[2024-11-14T07:49:23.451+0000] {processor.py:914} INFO - Processing file /home/ubuntu/airflow-venv/lib/python3.12/site-packages/airflow/example_dags/tutorial.py for tasks to queue
[2024-11-14T07:49:23.454+0000] {logging_mixin.py:190} INFO - [2024-11-14T07:49:23.454+0000] {dagbag.py:588} INFO - Filling up the DagBag from /home/ubuntu/airflow-venv/lib/python3.12/site-packages/airflow/example_dags/tutorial.py
[2024-11-14T07:49:23.467+0000] {processor.py:925} INFO - DAG(s) 'tutorial' retrieved from /home/ubuntu/airflow-venv/lib/python3.12/site-packages/airflow/example_dags/tutorial.py
[2024-11-14T07:49:23.490+0000] {logging_mixin.py:190} INFO - [2024-11-14T07:49:23.490+0000] {dag.py:3239} INFO - Sync 1 DAGs
[2024-11-14T07:49:23.522+0000] {logging_mixin.py:190} INFO - [2024-11-14T07:49:23.522+0000] {dag.py:4180} INFO - Setting next_dagrun for tutorial to 2024-11-13 00:00:00+00:00, run_after=2024-11-14 00:00:00+00:00
[2024-11-14T07:49:23.556+0000] {processor.py:208} INFO - Processing /home/ubuntu/airflow-venv/lib/python3.12/site-packages/airflow/example_dags/tutorial.py took 0.118 seconds
[2024-11-14T07:50:22.326+0000] {processor.py:186} INFO - Started process (PID=4708) to work on /home/ubuntu/airflow-venv/lib/python3.12/site-packages/airflow/example_dags/tutorial.py
[2024-11-14T07:50:22.328+0000] {processor.py:914} INFO - Processing file /home/ubuntu/airflow-venv/lib/python3.12/site-packages/airflow/example_dags/tutorial.py for tasks to queue
[2024-11-14T07:50:22.330+0000] {logging_mixin.py:190} INFO - [2024-11-14T07:50:22.330+0000] {dagbag.py:588} INFO - Filling up the DagBag from /home/ubuntu/airflow-venv/lib/python3.12/site-packages/airflow/example_dags/tutorial.py
[2024-11-14T07:50:22.339+0000] {processor.py:925} INFO - DAG(s) 'tutorial' retrieved from /home/ubuntu/airflow-venv/lib/python3.12/site-packages/airflow/example_dags/tutorial.py
[2024-11-14T07:50:22.361+0000] {logging_mixin.py:190} INFO - [2024-11-14T07:50:22.360+0000] {dag.py:3239} INFO - Sync 1 DAGs
[2024-11-14T07:50:22.382+0000] {logging_mixin.py:190} INFO - [2024-11-14T07:50:22.382+0000] {dag.py:4180} INFO - Setting next_dagrun for tutorial to 2024-11-13 00:00:00+00:00, run_after=2024-11-14 00:00:00+00:00
[2024-11-14T07:50:22.406+0000] {processor.py:208} INFO - Processing /home/ubuntu/airflow-venv/lib/python3.12/site-packages/airflow/example_dags/tutorial.py took 0.086 seconds
[2024-11-14T07:51:28.195+0000] {processor.py:186} INFO - Started process (PID=4775) to work on /home/ubuntu/airflow-venv/lib/python3.12/site-packages/airflow/example_dags/tutorial.py
[2024-11-14T07:51:28.197+0000] {processor.py:914} INFO - Processing file /home/ubuntu/airflow-venv/lib/python3.12/site-packages/airflow/example_dags/tutorial.py for tasks to queue
[2024-11-14T07:51:28.200+0000] {logging_mixin.py:190} INFO - [2024-11-14T07:51:28.199+0000] {dagbag.py:588} INFO - Filling up the DagBag from /home/ubuntu/airflow-venv/lib/python3.12/site-packages/airflow/example_dags/tutorial.py
[2024-11-14T07:51:28.225+0000] {processor.py:925} INFO - DAG(s) 'tutorial' retrieved from /home/ubuntu/airflow-venv/lib/python3.12/site-packages/airflow/example_dags/tutorial.py
[2024-11-14T07:51:28.253+0000] {logging_mixin.py:190} INFO - [2024-11-14T07:51:28.253+0000] {dag.py:3239} INFO - Sync 1 DAGs
[2024-11-14T07:51:28.295+0000] {logging_mixin.py:190} INFO - [2024-11-14T07:51:28.294+0000] {dag.py:4180} INFO - Setting next_dagrun for tutorial to 2024-11-13 00:00:00+00:00, run_after=2024-11-14 00:00:00+00:00
[2024-11-14T07:51:28.332+0000] {processor.py:208} INFO - Processing /home/ubuntu/airflow-venv/lib/python3.12/site-packages/airflow/example_dags/tutorial.py took 0.146 seconds
[2024-11-14T07:52:28.084+0000] {processor.py:186} INFO - Started process (PID=4834) to work on /home/ubuntu/airflow-venv/lib/python3.12/site-packages/airflow/example_dags/tutorial.py
[2024-11-14T07:52:28.086+0000] {processor.py:914} INFO - Processing file /home/ubuntu/airflow-venv/lib/python3.12/site-packages/airflow/example_dags/tutorial.py for tasks to queue
[2024-11-14T07:52:28.087+0000] {logging_mixin.py:190} INFO - [2024-11-14T07:52:28.087+0000] {dagbag.py:588} INFO - Filling up the DagBag from /home/ubuntu/airflow-venv/lib/python3.12/site-packages/airflow/example_dags/tutorial.py
[2024-11-14T07:52:28.098+0000] {processor.py:925} INFO - DAG(s) 'tutorial' retrieved from /home/ubuntu/airflow-venv/lib/python3.12/site-packages/airflow/example_dags/tutorial.py
[2024-11-14T07:52:28.119+0000] {logging_mixin.py:190} INFO - [2024-11-14T07:52:28.119+0000] {dag.py:3239} INFO - Sync 1 DAGs
[2024-11-14T07:52:28.143+0000] {logging_mixin.py:190} INFO - [2024-11-14T07:52:28.142+0000] {dag.py:4180} INFO - Setting next_dagrun for tutorial to 2024-11-13 00:00:00+00:00, run_after=2024-11-14 00:00:00+00:00
[2024-11-14T07:52:28.168+0000] {processor.py:208} INFO - Processing /home/ubuntu/airflow-venv/lib/python3.12/site-packages/airflow/example_dags/tutorial.py took 0.091 seconds
[2024-11-14T07:53:25.423+0000] {processor.py:186} INFO - Started process (PID=4895) to work on /home/ubuntu/airflow-venv/lib/python3.12/site-packages/airflow/example_dags/tutorial.py
[2024-11-14T07:53:25.425+0000] {processor.py:914} INFO - Processing file /home/ubuntu/airflow-venv/lib/python3.12/site-packages/airflow/example_dags/tutorial.py for tasks to queue
[2024-11-14T07:53:25.426+0000] {logging_mixin.py:190} INFO - [2024-11-14T07:53:25.426+0000] {dagbag.py:588} INFO - Filling up the DagBag from /home/ubuntu/airflow-venv/lib/python3.12/site-packages/airflow/example_dags/tutorial.py
[2024-11-14T07:53:25.439+0000] {processor.py:925} INFO - DAG(s) 'tutorial' retrieved from /home/ubuntu/airflow-venv/lib/python3.12/site-packages/airflow/example_dags/tutorial.py
[2024-11-14T07:53:25.457+0000] {logging_mixin.py:190} INFO - [2024-11-14T07:53:25.457+0000] {dag.py:3239} INFO - Sync 1 DAGs
[2024-11-14T07:53:25.477+0000] {logging_mixin.py:190} INFO - [2024-11-14T07:53:25.477+0000] {dag.py:4180} INFO - Setting next_dagrun for tutorial to 2024-11-13 00:00:00+00:00, run_after=2024-11-14 00:00:00+00:00
[2024-11-14T07:53:25.503+0000] {processor.py:208} INFO - Processing /home/ubuntu/airflow-venv/lib/python3.12/site-packages/airflow/example_dags/tutorial.py took 0.097 seconds
[2024-11-14T07:54:27.804+0000] {processor.py:186} INFO - Started process (PID=4957) to work on /home/ubuntu/airflow-venv/lib/python3.12/site-packages/airflow/example_dags/tutorial.py
[2024-11-14T07:54:27.806+0000] {processor.py:914} INFO - Processing file /home/ubuntu/airflow-venv/lib/python3.12/site-packages/airflow/example_dags/tutorial.py for tasks to queue
[2024-11-14T07:54:27.807+0000] {logging_mixin.py:190} INFO - [2024-11-14T07:54:27.807+0000] {dagbag.py:588} INFO - Filling up the DagBag from /home/ubuntu/airflow-venv/lib/python3.12/site-packages/airflow/example_dags/tutorial.py
[2024-11-14T07:54:27.818+0000] {processor.py:925} INFO - DAG(s) 'tutorial' retrieved from /home/ubuntu/airflow-venv/lib/python3.12/site-packages/airflow/example_dags/tutorial.py
[2024-11-14T07:54:27.836+0000] {logging_mixin.py:190} INFO - [2024-11-14T07:54:27.836+0000] {dag.py:3239} INFO - Sync 1 DAGs
[2024-11-14T07:54:27.857+0000] {logging_mixin.py:190} INFO - [2024-11-14T07:54:27.857+0000] {dag.py:4180} INFO - Setting next_dagrun for tutorial to 2024-11-13 00:00:00+00:00, run_after=2024-11-14 00:00:00+00:00
[2024-11-14T07:54:27.880+0000] {processor.py:208} INFO - Processing /home/ubuntu/airflow-venv/lib/python3.12/site-packages/airflow/example_dags/tutorial.py took 0.082 seconds
[2024-11-14T07:55:26.963+0000] {processor.py:186} INFO - Started process (PID=5019) to work on /home/ubuntu/airflow-venv/lib/python3.12/site-packages/airflow/example_dags/tutorial.py
[2024-11-14T07:55:26.975+0000] {processor.py:914} INFO - Processing file /home/ubuntu/airflow-venv/lib/python3.12/site-packages/airflow/example_dags/tutorial.py for tasks to queue
[2024-11-14T07:55:26.976+0000] {logging_mixin.py:190} INFO - [2024-11-14T07:55:26.976+0000] {dagbag.py:588} INFO - Filling up the DagBag from /home/ubuntu/airflow-venv/lib/python3.12/site-packages/airflow/example_dags/tutorial.py
[2024-11-14T07:55:26.992+0000] {processor.py:925} INFO - DAG(s) 'tutorial' retrieved from /home/ubuntu/airflow-venv/lib/python3.12/site-packages/airflow/example_dags/tutorial.py
[2024-11-14T07:55:27.026+0000] {logging_mixin.py:190} INFO - [2024-11-14T07:55:27.026+0000] {dag.py:3239} INFO - Sync 1 DAGs
[2024-11-14T07:55:27.050+0000] {logging_mixin.py:190} INFO - [2024-11-14T07:55:27.050+0000] {dag.py:4180} INFO - Setting next_dagrun for tutorial to 2024-11-13 00:00:00+00:00, run_after=2024-11-14 00:00:00+00:00
[2024-11-14T07:55:27.073+0000] {processor.py:208} INFO - Processing /home/ubuntu/airflow-venv/lib/python3.12/site-packages/airflow/example_dags/tutorial.py took 0.117 seconds
[2024-11-14T07:56:28.246+0000] {processor.py:186} INFO - Started process (PID=5080) to work on /home/ubuntu/airflow-venv/lib/python3.12/site-packages/airflow/example_dags/tutorial.py
[2024-11-14T07:56:28.248+0000] {processor.py:914} INFO - Processing file /home/ubuntu/airflow-venv/lib/python3.12/site-packages/airflow/example_dags/tutorial.py for tasks to queue
[2024-11-14T07:56:28.249+0000] {logging_mixin.py:190} INFO - [2024-11-14T07:56:28.249+0000] {dagbag.py:588} INFO - Filling up the DagBag from /home/ubuntu/airflow-venv/lib/python3.12/site-packages/airflow/example_dags/tutorial.py
[2024-11-14T07:56:28.261+0000] {processor.py:925} INFO - DAG(s) 'tutorial' retrieved from /home/ubuntu/airflow-venv/lib/python3.12/site-packages/airflow/example_dags/tutorial.py
[2024-11-14T07:56:28.282+0000] {logging_mixin.py:190} INFO - [2024-11-14T07:56:28.281+0000] {dag.py:3239} INFO - Sync 1 DAGs
[2024-11-14T07:56:28.305+0000] {logging_mixin.py:190} INFO - [2024-11-14T07:56:28.305+0000] {dag.py:4180} INFO - Setting next_dagrun for tutorial to 2024-11-13 00:00:00+00:00, run_after=2024-11-14 00:00:00+00:00
[2024-11-14T07:56:28.332+0000] {processor.py:208} INFO - Processing /home/ubuntu/airflow-venv/lib/python3.12/site-packages/airflow/example_dags/tutorial.py took 0.093 seconds
[2024-11-14T07:57:27.920+0000] {processor.py:186} INFO - Started process (PID=5143) to work on /home/ubuntu/airflow-venv/lib/python3.12/site-packages/airflow/example_dags/tutorial.py
[2024-11-14T07:57:27.922+0000] {processor.py:914} INFO - Processing file /home/ubuntu/airflow-venv/lib/python3.12/site-packages/airflow/example_dags/tutorial.py for tasks to queue
[2024-11-14T07:57:27.923+0000] {logging_mixin.py:190} INFO - [2024-11-14T07:57:27.923+0000] {dagbag.py:588} INFO - Filling up the DagBag from /home/ubuntu/airflow-venv/lib/python3.12/site-packages/airflow/example_dags/tutorial.py
[2024-11-14T07:57:27.935+0000] {processor.py:925} INFO - DAG(s) 'tutorial' retrieved from /home/ubuntu/airflow-venv/lib/python3.12/site-packages/airflow/example_dags/tutorial.py
[2024-11-14T07:57:27.954+0000] {logging_mixin.py:190} INFO - [2024-11-14T07:57:27.954+0000] {dag.py:3239} INFO - Sync 1 DAGs
[2024-11-14T07:57:27.976+0000] {logging_mixin.py:190} INFO - [2024-11-14T07:57:27.976+0000] {dag.py:4180} INFO - Setting next_dagrun for tutorial to 2024-11-13 00:00:00+00:00, run_after=2024-11-14 00:00:00+00:00
[2024-11-14T07:57:28.003+0000] {processor.py:208} INFO - Processing /home/ubuntu/airflow-venv/lib/python3.12/site-packages/airflow/example_dags/tutorial.py took 0.090 seconds
[2024-11-14T07:58:28.927+0000] {processor.py:186} INFO - Started process (PID=5203) to work on /home/ubuntu/airflow-venv/lib/python3.12/site-packages/airflow/example_dags/tutorial.py
[2024-11-14T07:58:28.929+0000] {processor.py:914} INFO - Processing file /home/ubuntu/airflow-venv/lib/python3.12/site-packages/airflow/example_dags/tutorial.py for tasks to queue
[2024-11-14T07:58:28.930+0000] {logging_mixin.py:190} INFO - [2024-11-14T07:58:28.930+0000] {dagbag.py:588} INFO - Filling up the DagBag from /home/ubuntu/airflow-venv/lib/python3.12/site-packages/airflow/example_dags/tutorial.py
[2024-11-14T07:58:28.941+0000] {processor.py:925} INFO - DAG(s) 'tutorial' retrieved from /home/ubuntu/airflow-venv/lib/python3.12/site-packages/airflow/example_dags/tutorial.py
[2024-11-14T07:58:28.962+0000] {logging_mixin.py:190} INFO - [2024-11-14T07:58:28.961+0000] {dag.py:3239} INFO - Sync 1 DAGs
[2024-11-14T07:58:28.985+0000] {logging_mixin.py:190} INFO - [2024-11-14T07:58:28.985+0000] {dag.py:4180} INFO - Setting next_dagrun for tutorial to 2024-11-13 00:00:00+00:00, run_after=2024-11-14 00:00:00+00:00
[2024-11-14T07:58:29.011+0000] {processor.py:208} INFO - Processing /home/ubuntu/airflow-venv/lib/python3.12/site-packages/airflow/example_dags/tutorial.py took 0.092 seconds
[2024-11-14T07:59:28.705+0000] {processor.py:186} INFO - Started process (PID=5263) to work on /home/ubuntu/airflow-venv/lib/python3.12/site-packages/airflow/example_dags/tutorial.py
[2024-11-14T07:59:28.707+0000] {processor.py:914} INFO - Processing file /home/ubuntu/airflow-venv/lib/python3.12/site-packages/airflow/example_dags/tutorial.py for tasks to queue
[2024-11-14T07:59:28.710+0000] {logging_mixin.py:190} INFO - [2024-11-14T07:59:28.709+0000] {dagbag.py:588} INFO - Filling up the DagBag from /home/ubuntu/airflow-venv/lib/python3.12/site-packages/airflow/example_dags/tutorial.py
[2024-11-14T07:59:28.729+0000] {processor.py:925} INFO - DAG(s) 'tutorial' retrieved from /home/ubuntu/airflow-venv/lib/python3.12/site-packages/airflow/example_dags/tutorial.py
[2024-11-14T07:59:28.755+0000] {logging_mixin.py:190} INFO - [2024-11-14T07:59:28.754+0000] {dag.py:3239} INFO - Sync 1 DAGs
[2024-11-14T07:59:28.779+0000] {logging_mixin.py:190} INFO - [2024-11-14T07:59:28.779+0000] {dag.py:4180} INFO - Setting next_dagrun for tutorial to 2024-11-13 00:00:00+00:00, run_after=2024-11-14 00:00:00+00:00
[2024-11-14T07:59:28.834+0000] {processor.py:208} INFO - Processing /home/ubuntu/airflow-venv/lib/python3.12/site-packages/airflow/example_dags/tutorial.py took 0.144 seconds
[2024-11-14T08:00:29.196+0000] {processor.py:186} INFO - Started process (PID=5325) to work on /home/ubuntu/airflow-venv/lib/python3.12/site-packages/airflow/example_dags/tutorial.py
[2024-11-14T08:00:29.198+0000] {processor.py:914} INFO - Processing file /home/ubuntu/airflow-venv/lib/python3.12/site-packages/airflow/example_dags/tutorial.py for tasks to queue
[2024-11-14T08:00:29.200+0000] {logging_mixin.py:190} INFO - [2024-11-14T08:00:29.199+0000] {dagbag.py:588} INFO - Filling up the DagBag from /home/ubuntu/airflow-venv/lib/python3.12/site-packages/airflow/example_dags/tutorial.py
[2024-11-14T08:00:29.210+0000] {processor.py:925} INFO - DAG(s) 'tutorial' retrieved from /home/ubuntu/airflow-venv/lib/python3.12/site-packages/airflow/example_dags/tutorial.py
[2024-11-14T08:00:29.229+0000] {logging_mixin.py:190} INFO - [2024-11-14T08:00:29.229+0000] {dag.py:3239} INFO - Sync 1 DAGs
[2024-11-14T08:00:29.255+0000] {logging_mixin.py:190} INFO - [2024-11-14T08:00:29.255+0000] {dag.py:4180} INFO - Setting next_dagrun for tutorial to 2024-11-13 00:00:00+00:00, run_after=2024-11-14 00:00:00+00:00
[2024-11-14T08:00:29.278+0000] {processor.py:208} INFO - Processing /home/ubuntu/airflow-venv/lib/python3.12/site-packages/airflow/example_dags/tutorial.py took 0.088 seconds
[2024-11-14T08:01:28.500+0000] {processor.py:186} INFO - Started process (PID=5389) to work on /home/ubuntu/airflow-venv/lib/python3.12/site-packages/airflow/example_dags/tutorial.py
[2024-11-14T08:01:28.502+0000] {processor.py:914} INFO - Processing file /home/ubuntu/airflow-venv/lib/python3.12/site-packages/airflow/example_dags/tutorial.py for tasks to queue
[2024-11-14T08:01:28.503+0000] {logging_mixin.py:190} INFO - [2024-11-14T08:01:28.502+0000] {dagbag.py:588} INFO - Filling up the DagBag from /home/ubuntu/airflow-venv/lib/python3.12/site-packages/airflow/example_dags/tutorial.py
[2024-11-14T08:01:28.513+0000] {processor.py:925} INFO - DAG(s) 'tutorial' retrieved from /home/ubuntu/airflow-venv/lib/python3.12/site-packages/airflow/example_dags/tutorial.py
[2024-11-14T08:01:28.530+0000] {logging_mixin.py:190} INFO - [2024-11-14T08:01:28.530+0000] {dag.py:3239} INFO - Sync 1 DAGs
[2024-11-14T08:01:28.549+0000] {logging_mixin.py:190} INFO - [2024-11-14T08:01:28.549+0000] {dag.py:4180} INFO - Setting next_dagrun for tutorial to 2024-11-13 00:00:00+00:00, run_after=2024-11-14 00:00:00+00:00
[2024-11-14T08:01:28.571+0000] {processor.py:208} INFO - Processing /home/ubuntu/airflow-venv/lib/python3.12/site-packages/airflow/example_dags/tutorial.py took 0.077 seconds
[2024-11-14T08:02:27.304+0000] {processor.py:186} INFO - Started process (PID=5451) to work on /home/ubuntu/airflow-venv/lib/python3.12/site-packages/airflow/example_dags/tutorial.py
[2024-11-14T08:02:27.306+0000] {processor.py:914} INFO - Processing file /home/ubuntu/airflow-venv/lib/python3.12/site-packages/airflow/example_dags/tutorial.py for tasks to queue
[2024-11-14T08:02:27.307+0000] {logging_mixin.py:190} INFO - [2024-11-14T08:02:27.307+0000] {dagbag.py:588} INFO - Filling up the DagBag from /home/ubuntu/airflow-venv/lib/python3.12/site-packages/airflow/example_dags/tutorial.py
[2024-11-14T08:02:27.318+0000] {processor.py:925} INFO - DAG(s) 'tutorial' retrieved from /home/ubuntu/airflow-venv/lib/python3.12/site-packages/airflow/example_dags/tutorial.py
[2024-11-14T08:02:27.342+0000] {logging_mixin.py:190} INFO - [2024-11-14T08:02:27.342+0000] {dag.py:3239} INFO - Sync 1 DAGs
[2024-11-14T08:02:27.387+0000] {logging_mixin.py:190} INFO - [2024-11-14T08:02:27.387+0000] {dag.py:4180} INFO - Setting next_dagrun for tutorial to 2024-11-13 00:00:00+00:00, run_after=2024-11-14 00:00:00+00:00
[2024-11-14T08:02:27.414+0000] {processor.py:208} INFO - Processing /home/ubuntu/airflow-venv/lib/python3.12/site-packages/airflow/example_dags/tutorial.py took 0.117 seconds
