2024-11-28 10:38:24.834 [info] Extension host with pid 1218 started
2024-11-28 10:38:24.834 [error] Error: EEXIST: file already exists, open '/home/ubuntu/.vscode-server/data/User/workspaceStorage/0b7f8fe7e5a2a713287b7a554e8e2be6/vscode.lock'
2024-11-28 10:38:24.872 [info] Lock '/home/ubuntu/.vscode-server/data/User/workspaceStorage/0b7f8fe7e5a2a713287b7a554e8e2be6/vscode.lock': Could not acquire lock, checking if the file is stale.
2024-11-28 10:38:24.889 [info] Lock '/home/ubuntu/.vscode-server/data/User/workspaceStorage/0b7f8fe7e5a2a713287b7a554e8e2be6/vscode.lock': The pid 1274 appears to be gone.
2024-11-28 10:38:24.889 [info] Lock '/home/ubuntu/.vscode-server/data/User/workspaceStorage/0b7f8fe7e5a2a713287b7a554e8e2be6/vscode.lock': Deleting a stale lock.
2024-11-28 10:38:24.901 [info] Lock '/home/ubuntu/.vscode-server/data/User/workspaceStorage/0b7f8fe7e5a2a713287b7a554e8e2be6/vscode.lock': Lock acquired.
2024-11-28 10:38:25.235 [info] ExtensionService#_doActivateExtension vscode.emmet, startup: false, activationEvent: 'onLanguage'
2024-11-28 10:38:25.237 [info] ExtensionService#_doActivateExtension vscode.tunnel-forwarding, startup: false, activationEvent: 'onTunnel'
2024-11-28 10:38:25.238 [info] ExtensionService#_doActivateExtension vscode.git-base, startup: false, activationEvent: '*', root cause: vscode.git
2024-11-28 10:38:25.239 [info] ExtensionService#_doActivateExtension ms-python.python, startup: false, activationEvent: 'onLanguage:python', root cause: ms-python.debugpy
2024-11-28 10:38:26.324 [info] ExtensionService#_doActivateExtension vscode.git, startup: false, activationEvent: '*'
2024-11-28 10:38:26.325 [info] ExtensionService#_doActivateExtension vscode.github, startup: false, activationEvent: '*'
2024-11-28 10:38:26.973 [info] ExtensionService#_doActivateExtension ms-python.debugpy, startup: false, activationEvent: 'onLanguage:python'
2024-11-28 10:38:26.973 [info] ExtensionService#_doActivateExtension ms-python.vscode-pylance, startup: false, activationEvent: 'onLanguage:python'
2024-11-28 10:38:27.775 [info] Eager extensions activated
2024-11-28 10:38:27.776 [info] ExtensionService#_doActivateExtension vscode.debug-auto-launch, startup: false, activationEvent: 'onStartupFinished'
2024-11-28 10:38:27.777 [info] ExtensionService#_doActivateExtension vscode.merge-conflict, startup: false, activationEvent: 'onStartupFinished'
2024-11-28 10:53:58.943 [info] ExtensionService#_doActivateExtension vscode.npm, startup: false, activationEvent: 'onTerminalQuickFixRequest:ms-vscode.npm-command'
2024-11-28 10:54:05.585 [info] ExtensionService#_doActivateExtension vscode.configuration-editing, startup: false, activationEvent: 'onLanguage:json'
2024-11-28 10:54:05.586 [info] ExtensionService#_doActivateExtension vscode.extension-editing, startup: false, activationEvent: 'onLanguage:json'
2024-11-28 10:54:05.586 [info] ExtensionService#_doActivateExtension vscode.json-language-features, startup: false, activationEvent: 'onLanguage:json'
