[2024-11-15T05:09:35.534+0000] {local_task_job_runner.py:123} INFO - ::group::Pre task execution logs
[2024-11-15T05:09:35.544+0000] {taskinstance.py:2613} INFO - Dependencies all met for dep_context=non-requeueable deps ti=<TaskInstance: football_data.extract_data manual__2024-11-15T05:09:32.764157+00:00 [queued]>
[2024-11-15T05:09:35.551+0000] {taskinstance.py:2613} INFO - Dependencies all met for dep_context=requeueable deps ti=<TaskInstance: football_data.extract_data manual__2024-11-15T05:09:32.764157+00:00 [queued]>
[2024-11-15T05:09:35.552+0000] {taskinstance.py:2866} INFO - Starting attempt 1 of 1
[2024-11-15T05:09:35.567+0000] {taskinstance.py:2889} INFO - Executing <Task(PythonOperator): extract_data> on 2024-11-15 05:09:32.764157+00:00
[2024-11-15T05:09:35.571+0000] {standard_task_runner.py:72} INFO - Started process 3779 to run task
[2024-11-15T05:09:35.575+0000] {standard_task_runner.py:104} INFO - Running: ['airflow', 'tasks', 'run', 'football_data', 'extract_data', 'manual__2024-11-15T05:09:32.764157+00:00', '--job-id', '34', '--raw', '--subdir', 'DAGS_FOLDER/football_dag.py', '--cfg-path', '/tmp/tmpywby2mb6']
[2024-11-15T05:09:35.577+0000] {standard_task_runner.py:105} INFO - Job 34: Subtask extract_data
[2024-11-15T05:09:35.611+0000] {task_command.py:467} INFO - Running <TaskInstance: football_data.extract_data manual__2024-11-15T05:09:32.764157+00:00 [running]> on host ip-172-31-28-221.eu-north-1.compute.internal
[2024-11-15T05:09:35.688+0000] {taskinstance.py:3132} INFO - Exporting env vars: AIRFLOW_CTX_DAG_OWNER='aman Singh' AIRFLOW_CTX_DAG_ID='football_data' AIRFLOW_CTX_TASK_ID='extract_data' AIRFLOW_CTX_EXECUTION_DATE='2024-11-15T05:09:32.764157+00:00' AIRFLOW_CTX_TRY_NUMBER='1' AIRFLOW_CTX_DAG_RUN_ID='manual__2024-11-15T05:09:32.764157+00:00'
[2024-11-15T05:09:35.689+0000] {taskinstance.py:731} INFO - ::endgroup::
[2024-11-15T05:09:35.872+0000] {logging_mixin.py:190} INFO - <Response [200]>
[2024-11-15T05:09:36.296+0000] {logging_mixin.py:190} INFO - print ROWS -- [<tr>
<td align="center" style="background-color:#9FC"><b>bold</b>
</td>
<td>Denotes that the stadium is, or was once, the largest association football stadium in the world.
</td></tr>, <tr>
<td align="center">♦
</td>
<td>Denotes the largest association football stadium in the country or area.
</td></tr>]
[2024-11-15T05:09:36.297+0000] {python.py:240} INFO - Done. Returned value was: None
[2024-11-15T05:09:36.301+0000] {taskinstance.py:340} INFO - ::group::Post task execution logs
[2024-11-15T05:09:36.302+0000] {taskinstance.py:352} INFO - Marking task as SUCCESS. dag_id=football_data, task_id=extract_data, run_id=manual__2024-11-15T05:09:32.764157+00:00, execution_date=20241115T050932, start_date=20241115T050935, end_date=20241115T050936
[2024-11-15T05:09:36.355+0000] {local_task_job_runner.py:266} INFO - Task exited with return code 0
[2024-11-15T05:09:36.367+0000] {taskinstance.py:3895} INFO - 0 downstream tasks scheduled from follow-on schedule check
[2024-11-15T05:09:36.368+0000] {local_task_job_runner.py:245} INFO - ::endgroup::
