[2024-11-14T07:40:21.301+0000] {processor.py:186} INFO - Started process (PID=3644) to work on /home/ubuntu/airflow-venv/lib/python3.12/site-packages/airflow/example_dags/subdags/subdag.py
[2024-11-14T07:40:21.303+0000] {processor.py:914} INFO - Processing file /home/ubuntu/airflow-venv/lib/python3.12/site-packages/airflow/example_dags/subdags/subdag.py for tasks to queue
[2024-11-14T07:40:21.305+0000] {logging_mixin.py:190} INFO - [2024-11-14T07:40:21.305+0000] {dagbag.py:588} INFO - Filling up the DagBag from /home/ubuntu/airflow-venv/lib/python3.12/site-packages/airflow/example_dags/subdags/subdag.py
[2024-11-14T07:40:21.308+0000] {processor.py:927} WARNING - No viable dags retrieved from /home/ubuntu/airflow-venv/lib/python3.12/site-packages/airflow/example_dags/subdags/subdag.py
[2024-11-14T07:40:21.324+0000] {processor.py:208} INFO - Processing /home/ubuntu/airflow-venv/lib/python3.12/site-packages/airflow/example_dags/subdags/subdag.py took 0.030 seconds
[2024-11-14T07:41:32.558+0000] {processor.py:186} INFO - Started process (PID=3729) to work on /home/ubuntu/airflow-venv/lib/python3.12/site-packages/airflow/example_dags/subdags/subdag.py
[2024-11-14T07:41:32.560+0000] {processor.py:914} INFO - Processing file /home/ubuntu/airflow-venv/lib/python3.12/site-packages/airflow/example_dags/subdags/subdag.py for tasks to queue
[2024-11-14T07:41:32.562+0000] {logging_mixin.py:190} INFO - [2024-11-14T07:41:32.562+0000] {dagbag.py:588} INFO - Filling up the DagBag from /home/ubuntu/airflow-venv/lib/python3.12/site-packages/airflow/example_dags/subdags/subdag.py
[2024-11-14T07:41:32.565+0000] {processor.py:927} WARNING - No viable dags retrieved from /home/ubuntu/airflow-venv/lib/python3.12/site-packages/airflow/example_dags/subdags/subdag.py
[2024-11-14T07:41:32.582+0000] {processor.py:208} INFO - Processing /home/ubuntu/airflow-venv/lib/python3.12/site-packages/airflow/example_dags/subdags/subdag.py took 0.033 seconds
[2024-11-14T07:42:07.360+0000] {processor.py:186} INFO - Started process (PID=3763) to work on /home/ubuntu/airflow-venv/lib/python3.12/site-packages/airflow/example_dags/subdags/subdag.py
[2024-11-14T07:42:07.361+0000] {processor.py:914} INFO - Processing file /home/ubuntu/airflow-venv/lib/python3.12/site-packages/airflow/example_dags/subdags/subdag.py for tasks to queue
[2024-11-14T07:42:07.363+0000] {logging_mixin.py:190} INFO - [2024-11-14T07:42:07.363+0000] {dagbag.py:588} INFO - Filling up the DagBag from /home/ubuntu/airflow-venv/lib/python3.12/site-packages/airflow/example_dags/subdags/subdag.py
[2024-11-14T07:42:07.366+0000] {processor.py:927} WARNING - No viable dags retrieved from /home/ubuntu/airflow-venv/lib/python3.12/site-packages/airflow/example_dags/subdags/subdag.py
[2024-11-14T07:42:07.388+0000] {processor.py:208} INFO - Processing /home/ubuntu/airflow-venv/lib/python3.12/site-packages/airflow/example_dags/subdags/subdag.py took 0.035 seconds
[2024-11-14T07:43:03.410+0000] {processor.py:186} INFO - Started process (PID=3820) to work on /home/ubuntu/airflow-venv/lib/python3.12/site-packages/airflow/example_dags/subdags/subdag.py
[2024-11-14T07:43:03.414+0000] {processor.py:914} INFO - Processing file /home/ubuntu/airflow-venv/lib/python3.12/site-packages/airflow/example_dags/subdags/subdag.py for tasks to queue
[2024-11-14T07:43:03.417+0000] {logging_mixin.py:190} INFO - [2024-11-14T07:43:03.417+0000] {dagbag.py:588} INFO - Filling up the DagBag from /home/ubuntu/airflow-venv/lib/python3.12/site-packages/airflow/example_dags/subdags/subdag.py
[2024-11-14T07:43:03.421+0000] {processor.py:927} WARNING - No viable dags retrieved from /home/ubuntu/airflow-venv/lib/python3.12/site-packages/airflow/example_dags/subdags/subdag.py
[2024-11-14T07:43:03.436+0000] {processor.py:208} INFO - Processing /home/ubuntu/airflow-venv/lib/python3.12/site-packages/airflow/example_dags/subdags/subdag.py took 0.036 seconds
[2024-11-14T07:43:55.959+0000] {processor.py:186} INFO - Started process (PID=3873) to work on /home/ubuntu/airflow-venv/lib/python3.12/site-packages/airflow/example_dags/subdags/subdag.py
[2024-11-14T07:43:55.965+0000] {processor.py:914} INFO - Processing file /home/ubuntu/airflow-venv/lib/python3.12/site-packages/airflow/example_dags/subdags/subdag.py for tasks to queue
[2024-11-14T07:43:55.977+0000] {logging_mixin.py:190} INFO - [2024-11-14T07:43:55.976+0000] {dagbag.py:588} INFO - Filling up the DagBag from /home/ubuntu/airflow-venv/lib/python3.12/site-packages/airflow/example_dags/subdags/subdag.py
[2024-11-14T07:43:55.981+0000] {processor.py:927} WARNING - No viable dags retrieved from /home/ubuntu/airflow-venv/lib/python3.12/site-packages/airflow/example_dags/subdags/subdag.py
[2024-11-14T07:43:56.014+0000] {processor.py:208} INFO - Processing /home/ubuntu/airflow-venv/lib/python3.12/site-packages/airflow/example_dags/subdags/subdag.py took 0.068 seconds
[2024-11-14T07:44:26.445+0000] {processor.py:186} INFO - Started process (PID=3902) to work on /home/ubuntu/airflow-venv/lib/python3.12/site-packages/airflow/example_dags/subdags/subdag.py
[2024-11-14T07:44:26.446+0000] {processor.py:914} INFO - Processing file /home/ubuntu/airflow-venv/lib/python3.12/site-packages/airflow/example_dags/subdags/subdag.py for tasks to queue
[2024-11-14T07:44:26.449+0000] {logging_mixin.py:190} INFO - [2024-11-14T07:44:26.448+0000] {dagbag.py:588} INFO - Filling up the DagBag from /home/ubuntu/airflow-venv/lib/python3.12/site-packages/airflow/example_dags/subdags/subdag.py
[2024-11-14T07:44:26.452+0000] {processor.py:927} WARNING - No viable dags retrieved from /home/ubuntu/airflow-venv/lib/python3.12/site-packages/airflow/example_dags/subdags/subdag.py
[2024-11-14T07:44:26.469+0000] {processor.py:208} INFO - Processing /home/ubuntu/airflow-venv/lib/python3.12/site-packages/airflow/example_dags/subdags/subdag.py took 0.037 seconds
[2024-11-14T07:45:22.724+0000] {processor.py:186} INFO - Started process (PID=3962) to work on /home/ubuntu/airflow-venv/lib/python3.12/site-packages/airflow/example_dags/subdags/subdag.py
[2024-11-14T07:45:22.728+0000] {processor.py:914} INFO - Processing file /home/ubuntu/airflow-venv/lib/python3.12/site-packages/airflow/example_dags/subdags/subdag.py for tasks to queue
[2024-11-14T07:45:22.730+0000] {logging_mixin.py:190} INFO - [2024-11-14T07:45:22.729+0000] {dagbag.py:588} INFO - Filling up the DagBag from /home/ubuntu/airflow-venv/lib/python3.12/site-packages/airflow/example_dags/subdags/subdag.py
[2024-11-14T07:45:22.732+0000] {processor.py:927} WARNING - No viable dags retrieved from /home/ubuntu/airflow-venv/lib/python3.12/site-packages/airflow/example_dags/subdags/subdag.py
[2024-11-14T07:45:22.754+0000] {processor.py:208} INFO - Processing /home/ubuntu/airflow-venv/lib/python3.12/site-packages/airflow/example_dags/subdags/subdag.py took 0.039 seconds
[2024-11-14T07:46:16.787+0000] {processor.py:186} INFO - Started process (PID=4021) to work on /home/ubuntu/airflow-venv/lib/python3.12/site-packages/airflow/example_dags/subdags/subdag.py
[2024-11-14T07:46:16.789+0000] {processor.py:914} INFO - Processing file /home/ubuntu/airflow-venv/lib/python3.12/site-packages/airflow/example_dags/subdags/subdag.py for tasks to queue
[2024-11-14T07:46:16.793+0000] {logging_mixin.py:190} INFO - [2024-11-14T07:46:16.792+0000] {dagbag.py:588} INFO - Filling up the DagBag from /home/ubuntu/airflow-venv/lib/python3.12/site-packages/airflow/example_dags/subdags/subdag.py
[2024-11-14T07:46:16.796+0000] {processor.py:927} WARNING - No viable dags retrieved from /home/ubuntu/airflow-venv/lib/python3.12/site-packages/airflow/example_dags/subdags/subdag.py
[2024-11-14T07:46:16.826+0000] {processor.py:208} INFO - Processing /home/ubuntu/airflow-venv/lib/python3.12/site-packages/airflow/example_dags/subdags/subdag.py took 0.050 seconds
[2024-11-14T07:47:09.477+0000] {processor.py:186} INFO - Started process (PID=4077) to work on /home/ubuntu/airflow-venv/lib/python3.12/site-packages/airflow/example_dags/subdags/subdag.py
[2024-11-14T07:47:09.479+0000] {processor.py:914} INFO - Processing file /home/ubuntu/airflow-venv/lib/python3.12/site-packages/airflow/example_dags/subdags/subdag.py for tasks to queue
[2024-11-14T07:47:09.481+0000] {logging_mixin.py:190} INFO - [2024-11-14T07:47:09.481+0000] {dagbag.py:588} INFO - Filling up the DagBag from /home/ubuntu/airflow-venv/lib/python3.12/site-packages/airflow/example_dags/subdags/subdag.py
[2024-11-14T07:47:09.484+0000] {processor.py:927} WARNING - No viable dags retrieved from /home/ubuntu/airflow-venv/lib/python3.12/site-packages/airflow/example_dags/subdags/subdag.py
[2024-11-14T07:47:09.496+0000] {processor.py:208} INFO - Processing /home/ubuntu/airflow-venv/lib/python3.12/site-packages/airflow/example_dags/subdags/subdag.py took 0.025 seconds
[2024-11-14T07:48:10.455+0000] {processor.py:186} INFO - Started process (PID=4336) to work on /home/ubuntu/airflow-venv/lib/python3.12/site-packages/airflow/example_dags/subdags/subdag.py
[2024-11-14T07:48:10.457+0000] {processor.py:914} INFO - Processing file /home/ubuntu/airflow-venv/lib/python3.12/site-packages/airflow/example_dags/subdags/subdag.py for tasks to queue
[2024-11-14T07:48:10.460+0000] {logging_mixin.py:190} INFO - [2024-11-14T07:48:10.460+0000] {dagbag.py:588} INFO - Filling up the DagBag from /home/ubuntu/airflow-venv/lib/python3.12/site-packages/airflow/example_dags/subdags/subdag.py
[2024-11-14T07:48:10.464+0000] {processor.py:927} WARNING - No viable dags retrieved from /home/ubuntu/airflow-venv/lib/python3.12/site-packages/airflow/example_dags/subdags/subdag.py
[2024-11-14T07:48:10.486+0000] {processor.py:208} INFO - Processing /home/ubuntu/airflow-venv/lib/python3.12/site-packages/airflow/example_dags/subdags/subdag.py took 0.039 seconds
[2024-11-14T07:48:43.307+0000] {processor.py:186} INFO - Started process (PID=4610) to work on /home/ubuntu/airflow-venv/lib/python3.12/site-packages/airflow/example_dags/subdags/subdag.py
[2024-11-14T07:48:43.310+0000] {processor.py:914} INFO - Processing file /home/ubuntu/airflow-venv/lib/python3.12/site-packages/airflow/example_dags/subdags/subdag.py for tasks to queue
[2024-11-14T07:48:43.315+0000] {logging_mixin.py:190} INFO - [2024-11-14T07:48:43.315+0000] {dagbag.py:588} INFO - Filling up the DagBag from /home/ubuntu/airflow-venv/lib/python3.12/site-packages/airflow/example_dags/subdags/subdag.py
[2024-11-14T07:48:43.320+0000] {processor.py:927} WARNING - No viable dags retrieved from /home/ubuntu/airflow-venv/lib/python3.12/site-packages/airflow/example_dags/subdags/subdag.py
[2024-11-14T07:48:43.344+0000] {processor.py:208} INFO - Processing /home/ubuntu/airflow-venv/lib/python3.12/site-packages/airflow/example_dags/subdags/subdag.py took 0.052 seconds
[2024-11-14T07:49:14.789+0000] {processor.py:186} INFO - Started process (PID=4640) to work on /home/ubuntu/airflow-venv/lib/python3.12/site-packages/airflow/example_dags/subdags/subdag.py
[2024-11-14T07:49:14.790+0000] {processor.py:914} INFO - Processing file /home/ubuntu/airflow-venv/lib/python3.12/site-packages/airflow/example_dags/subdags/subdag.py for tasks to queue
[2024-11-14T07:49:14.793+0000] {logging_mixin.py:190} INFO - [2024-11-14T07:49:14.792+0000] {dagbag.py:588} INFO - Filling up the DagBag from /home/ubuntu/airflow-venv/lib/python3.12/site-packages/airflow/example_dags/subdags/subdag.py
[2024-11-14T07:49:14.797+0000] {processor.py:927} WARNING - No viable dags retrieved from /home/ubuntu/airflow-venv/lib/python3.12/site-packages/airflow/example_dags/subdags/subdag.py
[2024-11-14T07:49:14.814+0000] {processor.py:208} INFO - Processing /home/ubuntu/airflow-venv/lib/python3.12/site-packages/airflow/example_dags/subdags/subdag.py took 0.033 seconds
[2024-11-14T07:49:45.441+0000] {processor.py:186} INFO - Started process (PID=4670) to work on /home/ubuntu/airflow-venv/lib/python3.12/site-packages/airflow/example_dags/subdags/subdag.py
[2024-11-14T07:49:45.442+0000] {processor.py:914} INFO - Processing file /home/ubuntu/airflow-venv/lib/python3.12/site-packages/airflow/example_dags/subdags/subdag.py for tasks to queue
[2024-11-14T07:49:45.447+0000] {logging_mixin.py:190} INFO - [2024-11-14T07:49:45.446+0000] {dagbag.py:588} INFO - Filling up the DagBag from /home/ubuntu/airflow-venv/lib/python3.12/site-packages/airflow/example_dags/subdags/subdag.py
[2024-11-14T07:49:45.449+0000] {processor.py:927} WARNING - No viable dags retrieved from /home/ubuntu/airflow-venv/lib/python3.12/site-packages/airflow/example_dags/subdags/subdag.py
[2024-11-14T07:49:45.470+0000] {processor.py:208} INFO - Processing /home/ubuntu/airflow-venv/lib/python3.12/site-packages/airflow/example_dags/subdags/subdag.py took 0.036 seconds
[2024-11-14T07:50:15.807+0000] {processor.py:186} INFO - Started process (PID=4700) to work on /home/ubuntu/airflow-venv/lib/python3.12/site-packages/airflow/example_dags/subdags/subdag.py
[2024-11-14T07:50:15.808+0000] {processor.py:914} INFO - Processing file /home/ubuntu/airflow-venv/lib/python3.12/site-packages/airflow/example_dags/subdags/subdag.py for tasks to queue
[2024-11-14T07:50:15.811+0000] {logging_mixin.py:190} INFO - [2024-11-14T07:50:15.810+0000] {dagbag.py:588} INFO - Filling up the DagBag from /home/ubuntu/airflow-venv/lib/python3.12/site-packages/airflow/example_dags/subdags/subdag.py
[2024-11-14T07:50:15.813+0000] {processor.py:927} WARNING - No viable dags retrieved from /home/ubuntu/airflow-venv/lib/python3.12/site-packages/airflow/example_dags/subdags/subdag.py
[2024-11-14T07:50:15.828+0000] {processor.py:208} INFO - Processing /home/ubuntu/airflow-venv/lib/python3.12/site-packages/airflow/example_dags/subdags/subdag.py took 0.033 seconds
[2024-11-14T07:50:47.938+0000] {processor.py:186} INFO - Started process (PID=4735) to work on /home/ubuntu/airflow-venv/lib/python3.12/site-packages/airflow/example_dags/subdags/subdag.py
[2024-11-14T07:50:47.941+0000] {processor.py:914} INFO - Processing file /home/ubuntu/airflow-venv/lib/python3.12/site-packages/airflow/example_dags/subdags/subdag.py for tasks to queue
[2024-11-14T07:50:47.942+0000] {logging_mixin.py:190} INFO - [2024-11-14T07:50:47.941+0000] {dagbag.py:588} INFO - Filling up the DagBag from /home/ubuntu/airflow-venv/lib/python3.12/site-packages/airflow/example_dags/subdags/subdag.py
[2024-11-14T07:50:47.944+0000] {processor.py:927} WARNING - No viable dags retrieved from /home/ubuntu/airflow-venv/lib/python3.12/site-packages/airflow/example_dags/subdags/subdag.py
[2024-11-14T07:50:47.956+0000] {processor.py:208} INFO - Processing /home/ubuntu/airflow-venv/lib/python3.12/site-packages/airflow/example_dags/subdags/subdag.py took 0.024 seconds
[2024-11-14T07:51:20.622+0000] {processor.py:186} INFO - Started process (PID=4767) to work on /home/ubuntu/airflow-venv/lib/python3.12/site-packages/airflow/example_dags/subdags/subdag.py
[2024-11-14T07:51:20.623+0000] {processor.py:914} INFO - Processing file /home/ubuntu/airflow-venv/lib/python3.12/site-packages/airflow/example_dags/subdags/subdag.py for tasks to queue
[2024-11-14T07:51:20.624+0000] {logging_mixin.py:190} INFO - [2024-11-14T07:51:20.624+0000] {dagbag.py:588} INFO - Filling up the DagBag from /home/ubuntu/airflow-venv/lib/python3.12/site-packages/airflow/example_dags/subdags/subdag.py
[2024-11-14T07:51:20.627+0000] {processor.py:927} WARNING - No viable dags retrieved from /home/ubuntu/airflow-venv/lib/python3.12/site-packages/airflow/example_dags/subdags/subdag.py
[2024-11-14T07:51:20.644+0000] {processor.py:208} INFO - Processing /home/ubuntu/airflow-venv/lib/python3.12/site-packages/airflow/example_dags/subdags/subdag.py took 0.028 seconds
[2024-11-14T07:52:21.775+0000] {processor.py:186} INFO - Started process (PID=4827) to work on /home/ubuntu/airflow-venv/lib/python3.12/site-packages/airflow/example_dags/subdags/subdag.py
[2024-11-14T07:52:21.777+0000] {processor.py:914} INFO - Processing file /home/ubuntu/airflow-venv/lib/python3.12/site-packages/airflow/example_dags/subdags/subdag.py for tasks to queue
[2024-11-14T07:52:21.778+0000] {logging_mixin.py:190} INFO - [2024-11-14T07:52:21.778+0000] {dagbag.py:588} INFO - Filling up the DagBag from /home/ubuntu/airflow-venv/lib/python3.12/site-packages/airflow/example_dags/subdags/subdag.py
[2024-11-14T07:52:21.781+0000] {processor.py:927} WARNING - No viable dags retrieved from /home/ubuntu/airflow-venv/lib/python3.12/site-packages/airflow/example_dags/subdags/subdag.py
[2024-11-14T07:52:21.793+0000] {processor.py:208} INFO - Processing /home/ubuntu/airflow-venv/lib/python3.12/site-packages/airflow/example_dags/subdags/subdag.py took 0.024 seconds
[2024-11-14T07:53:18.745+0000] {processor.py:186} INFO - Started process (PID=4886) to work on /home/ubuntu/airflow-venv/lib/python3.12/site-packages/airflow/example_dags/subdags/subdag.py
[2024-11-14T07:53:18.747+0000] {processor.py:914} INFO - Processing file /home/ubuntu/airflow-venv/lib/python3.12/site-packages/airflow/example_dags/subdags/subdag.py for tasks to queue
[2024-11-14T07:53:18.749+0000] {logging_mixin.py:190} INFO - [2024-11-14T07:53:18.748+0000] {dagbag.py:588} INFO - Filling up the DagBag from /home/ubuntu/airflow-venv/lib/python3.12/site-packages/airflow/example_dags/subdags/subdag.py
[2024-11-14T07:53:18.751+0000] {processor.py:927} WARNING - No viable dags retrieved from /home/ubuntu/airflow-venv/lib/python3.12/site-packages/airflow/example_dags/subdags/subdag.py
[2024-11-14T07:53:18.763+0000] {processor.py:208} INFO - Processing /home/ubuntu/airflow-venv/lib/python3.12/site-packages/airflow/example_dags/subdags/subdag.py took 0.024 seconds
[2024-11-14T07:54:19.949+0000] {processor.py:186} INFO - Started process (PID=4949) to work on /home/ubuntu/airflow-venv/lib/python3.12/site-packages/airflow/example_dags/subdags/subdag.py
[2024-11-14T07:54:19.950+0000] {processor.py:914} INFO - Processing file /home/ubuntu/airflow-venv/lib/python3.12/site-packages/airflow/example_dags/subdags/subdag.py for tasks to queue
[2024-11-14T07:54:19.952+0000] {logging_mixin.py:190} INFO - [2024-11-14T07:54:19.951+0000] {dagbag.py:588} INFO - Filling up the DagBag from /home/ubuntu/airflow-venv/lib/python3.12/site-packages/airflow/example_dags/subdags/subdag.py
[2024-11-14T07:54:19.954+0000] {processor.py:927} WARNING - No viable dags retrieved from /home/ubuntu/airflow-venv/lib/python3.12/site-packages/airflow/example_dags/subdags/subdag.py
[2024-11-14T07:54:19.967+0000] {processor.py:208} INFO - Processing /home/ubuntu/airflow-venv/lib/python3.12/site-packages/airflow/example_dags/subdags/subdag.py took 0.024 seconds
[2024-11-14T07:55:18.768+0000] {processor.py:186} INFO - Started process (PID=5011) to work on /home/ubuntu/airflow-venv/lib/python3.12/site-packages/airflow/example_dags/subdags/subdag.py
[2024-11-14T07:55:18.770+0000] {processor.py:914} INFO - Processing file /home/ubuntu/airflow-venv/lib/python3.12/site-packages/airflow/example_dags/subdags/subdag.py for tasks to queue
[2024-11-14T07:55:18.772+0000] {logging_mixin.py:190} INFO - [2024-11-14T07:55:18.771+0000] {dagbag.py:588} INFO - Filling up the DagBag from /home/ubuntu/airflow-venv/lib/python3.12/site-packages/airflow/example_dags/subdags/subdag.py
[2024-11-14T07:55:18.775+0000] {processor.py:927} WARNING - No viable dags retrieved from /home/ubuntu/airflow-venv/lib/python3.12/site-packages/airflow/example_dags/subdags/subdag.py
[2024-11-14T07:55:18.795+0000] {processor.py:208} INFO - Processing /home/ubuntu/airflow-venv/lib/python3.12/site-packages/airflow/example_dags/subdags/subdag.py took 0.036 seconds
[2024-11-14T07:55:50.514+0000] {processor.py:186} INFO - Started process (PID=5042) to work on /home/ubuntu/airflow-venv/lib/python3.12/site-packages/airflow/example_dags/subdags/subdag.py
[2024-11-14T07:55:50.515+0000] {processor.py:914} INFO - Processing file /home/ubuntu/airflow-venv/lib/python3.12/site-packages/airflow/example_dags/subdags/subdag.py for tasks to queue
[2024-11-14T07:55:50.516+0000] {logging_mixin.py:190} INFO - [2024-11-14T07:55:50.516+0000] {dagbag.py:588} INFO - Filling up the DagBag from /home/ubuntu/airflow-venv/lib/python3.12/site-packages/airflow/example_dags/subdags/subdag.py
[2024-11-14T07:55:50.532+0000] {processor.py:927} WARNING - No viable dags retrieved from /home/ubuntu/airflow-venv/lib/python3.12/site-packages/airflow/example_dags/subdags/subdag.py
[2024-11-14T07:55:50.579+0000] {processor.py:208} INFO - Processing /home/ubuntu/airflow-venv/lib/python3.12/site-packages/airflow/example_dags/subdags/subdag.py took 0.080 seconds
[2024-11-14T07:56:50.317+0000] {processor.py:186} INFO - Started process (PID=5103) to work on /home/ubuntu/airflow-venv/lib/python3.12/site-packages/airflow/example_dags/subdags/subdag.py
[2024-11-14T07:56:50.336+0000] {processor.py:914} INFO - Processing file /home/ubuntu/airflow-venv/lib/python3.12/site-packages/airflow/example_dags/subdags/subdag.py for tasks to queue
[2024-11-14T07:56:50.338+0000] {logging_mixin.py:190} INFO - [2024-11-14T07:56:50.338+0000] {dagbag.py:588} INFO - Filling up the DagBag from /home/ubuntu/airflow-venv/lib/python3.12/site-packages/airflow/example_dags/subdags/subdag.py
[2024-11-14T07:56:50.372+0000] {processor.py:927} WARNING - No viable dags retrieved from /home/ubuntu/airflow-venv/lib/python3.12/site-packages/airflow/example_dags/subdags/subdag.py
[2024-11-14T07:56:50.388+0000] {processor.py:208} INFO - Processing /home/ubuntu/airflow-venv/lib/python3.12/site-packages/airflow/example_dags/subdags/subdag.py took 0.099 seconds
[2024-11-14T07:57:49.381+0000] {processor.py:186} INFO - Started process (PID=5164) to work on /home/ubuntu/airflow-venv/lib/python3.12/site-packages/airflow/example_dags/subdags/subdag.py
[2024-11-14T07:57:49.382+0000] {processor.py:914} INFO - Processing file /home/ubuntu/airflow-venv/lib/python3.12/site-packages/airflow/example_dags/subdags/subdag.py for tasks to queue
[2024-11-14T07:57:49.384+0000] {logging_mixin.py:190} INFO - [2024-11-14T07:57:49.383+0000] {dagbag.py:588} INFO - Filling up the DagBag from /home/ubuntu/airflow-venv/lib/python3.12/site-packages/airflow/example_dags/subdags/subdag.py
[2024-11-14T07:57:49.386+0000] {processor.py:927} WARNING - No viable dags retrieved from /home/ubuntu/airflow-venv/lib/python3.12/site-packages/airflow/example_dags/subdags/subdag.py
[2024-11-14T07:57:49.398+0000] {processor.py:208} INFO - Processing /home/ubuntu/airflow-venv/lib/python3.12/site-packages/airflow/example_dags/subdags/subdag.py took 0.024 seconds
[2024-11-14T07:58:21.102+0000] {processor.py:186} INFO - Started process (PID=5195) to work on /home/ubuntu/airflow-venv/lib/python3.12/site-packages/airflow/example_dags/subdags/subdag.py
[2024-11-14T07:58:21.103+0000] {processor.py:914} INFO - Processing file /home/ubuntu/airflow-venv/lib/python3.12/site-packages/airflow/example_dags/subdags/subdag.py for tasks to queue
[2024-11-14T07:58:21.104+0000] {logging_mixin.py:190} INFO - [2024-11-14T07:58:21.104+0000] {dagbag.py:588} INFO - Filling up the DagBag from /home/ubuntu/airflow-venv/lib/python3.12/site-packages/airflow/example_dags/subdags/subdag.py
[2024-11-14T07:58:21.107+0000] {processor.py:927} WARNING - No viable dags retrieved from /home/ubuntu/airflow-venv/lib/python3.12/site-packages/airflow/example_dags/subdags/subdag.py
[2024-11-14T07:58:21.119+0000] {processor.py:208} INFO - Processing /home/ubuntu/airflow-venv/lib/python3.12/site-packages/airflow/example_dags/subdags/subdag.py took 0.023 seconds
[2024-11-14T07:59:21.462+0000] {processor.py:186} INFO - Started process (PID=5254) to work on /home/ubuntu/airflow-venv/lib/python3.12/site-packages/airflow/example_dags/subdags/subdag.py
[2024-11-14T07:59:21.463+0000] {processor.py:914} INFO - Processing file /home/ubuntu/airflow-venv/lib/python3.12/site-packages/airflow/example_dags/subdags/subdag.py for tasks to queue
[2024-11-14T07:59:21.466+0000] {logging_mixin.py:190} INFO - [2024-11-14T07:59:21.465+0000] {dagbag.py:588} INFO - Filling up the DagBag from /home/ubuntu/airflow-venv/lib/python3.12/site-packages/airflow/example_dags/subdags/subdag.py
[2024-11-14T07:59:21.471+0000] {processor.py:927} WARNING - No viable dags retrieved from /home/ubuntu/airflow-venv/lib/python3.12/site-packages/airflow/example_dags/subdags/subdag.py
[2024-11-14T07:59:21.490+0000] {processor.py:208} INFO - Processing /home/ubuntu/airflow-venv/lib/python3.12/site-packages/airflow/example_dags/subdags/subdag.py took 0.040 seconds
[2024-11-14T08:00:20.973+0000] {processor.py:186} INFO - Started process (PID=5317) to work on /home/ubuntu/airflow-venv/lib/python3.12/site-packages/airflow/example_dags/subdags/subdag.py
[2024-11-14T08:00:20.974+0000] {processor.py:914} INFO - Processing file /home/ubuntu/airflow-venv/lib/python3.12/site-packages/airflow/example_dags/subdags/subdag.py for tasks to queue
[2024-11-14T08:00:20.976+0000] {logging_mixin.py:190} INFO - [2024-11-14T08:00:20.975+0000] {dagbag.py:588} INFO - Filling up the DagBag from /home/ubuntu/airflow-venv/lib/python3.12/site-packages/airflow/example_dags/subdags/subdag.py
[2024-11-14T08:00:20.978+0000] {processor.py:927} WARNING - No viable dags retrieved from /home/ubuntu/airflow-venv/lib/python3.12/site-packages/airflow/example_dags/subdags/subdag.py
[2024-11-14T08:00:20.990+0000] {processor.py:208} INFO - Processing /home/ubuntu/airflow-venv/lib/python3.12/site-packages/airflow/example_dags/subdags/subdag.py took 0.024 seconds
[2024-11-14T08:01:21.563+0000] {processor.py:186} INFO - Started process (PID=5381) to work on /home/ubuntu/airflow-venv/lib/python3.12/site-packages/airflow/example_dags/subdags/subdag.py
[2024-11-14T08:01:21.567+0000] {processor.py:914} INFO - Processing file /home/ubuntu/airflow-venv/lib/python3.12/site-packages/airflow/example_dags/subdags/subdag.py for tasks to queue
[2024-11-14T08:01:21.570+0000] {logging_mixin.py:190} INFO - [2024-11-14T08:01:21.570+0000] {dagbag.py:588} INFO - Filling up the DagBag from /home/ubuntu/airflow-venv/lib/python3.12/site-packages/airflow/example_dags/subdags/subdag.py
[2024-11-14T08:01:21.577+0000] {processor.py:927} WARNING - No viable dags retrieved from /home/ubuntu/airflow-venv/lib/python3.12/site-packages/airflow/example_dags/subdags/subdag.py
[2024-11-14T08:01:21.607+0000] {processor.py:208} INFO - Processing /home/ubuntu/airflow-venv/lib/python3.12/site-packages/airflow/example_dags/subdags/subdag.py took 0.053 seconds
[2024-11-14T08:02:21.671+0000] {processor.py:186} INFO - Started process (PID=5442) to work on /home/ubuntu/airflow-venv/lib/python3.12/site-packages/airflow/example_dags/subdags/subdag.py
[2024-11-14T08:02:21.673+0000] {processor.py:914} INFO - Processing file /home/ubuntu/airflow-venv/lib/python3.12/site-packages/airflow/example_dags/subdags/subdag.py for tasks to queue
[2024-11-14T08:02:21.674+0000] {logging_mixin.py:190} INFO - [2024-11-14T08:02:21.674+0000] {dagbag.py:588} INFO - Filling up the DagBag from /home/ubuntu/airflow-venv/lib/python3.12/site-packages/airflow/example_dags/subdags/subdag.py
[2024-11-14T08:02:21.677+0000] {processor.py:927} WARNING - No viable dags retrieved from /home/ubuntu/airflow-venv/lib/python3.12/site-packages/airflow/example_dags/subdags/subdag.py
[2024-11-14T08:02:21.689+0000] {processor.py:208} INFO - Processing /home/ubuntu/airflow-venv/lib/python3.12/site-packages/airflow/example_dags/subdags/subdag.py took 0.024 seconds
