2024-11-15 05:03:01.354 [info] [main] Log level: Info
2024-11-15 05:03:01.354 [info] [main] Validating found git in: "git"
2024-11-15 05:03:01.354 [info] [main] Using git "2.43.0" from "git"
2024-11-15 05:03:01.354 [info] [Model][doInitialScan] Initial repository scan started
2024-11-15 05:03:01.354 [info] > git rev-parse --show-toplevel [14ms]
2024-11-15 05:03:01.354 [info] fatal: not a git repository (or any of the parent directories): .git
2024-11-15 05:03:01.354 [info] > git rev-parse --show-toplevel [9ms]
2024-11-15 05:03:01.354 [info] fatal: not a git repository (or any of the parent directories): .git
2024-11-15 05:03:01.368 [info] > git rev-parse --show-toplevel [14ms]
2024-11-15 05:03:01.368 [info] fatal: not a git repository (or any of the parent directories): .git
2024-11-15 05:03:01.405 [info] > git rev-parse --show-toplevel [32ms]
2024-11-15 05:03:01.405 [info] fatal: not a git repository (or any of the parent directories): .git
2024-11-15 05:03:01.424 [info] > git rev-parse --show-toplevel [1ms]
2024-11-15 05:03:01.424 [info] fatal: not a git repository (or any of the parent directories): .git
2024-11-15 05:03:01.433 [info] > git rev-parse --show-toplevel [3ms]
2024-11-15 05:03:01.433 [info] fatal: not a git repository (or any of the parent directories): .git
2024-11-15 05:03:01.444 [info] > git rev-parse --show-toplevel [5ms]
2024-11-15 05:03:01.444 [info] fatal: not a git repository (or any of the parent directories): .git
2024-11-15 05:03:01.452 [info] > git rev-parse --show-toplevel [1ms]
2024-11-15 05:03:01.452 [info] fatal: not a git repository (or any of the parent directories): .git
2024-11-15 05:03:01.455 [info] [Model][doInitialScan] Initial repository scan completed - repositories (0), closed repositories (0), parent repositories (0), unsafe repositories (0)
2024-11-15 05:40:30.904 [info] > git rev-parse --show-toplevel [2ms]
2024-11-15 05:40:30.904 [info] fatal: not a git repository (or any of the parent directories): .git
2024-11-15 05:44:38.913 [info] > git rev-parse --show-toplevel [1ms]
2024-11-15 05:44:38.913 [info] fatal: not a git repository (or any of the parent directories): .git
2024-11-15 05:58:12.972 [info] > git rev-parse --show-toplevel [1ms]
2024-11-15 05:58:12.972 [info] fatal: not a git repository (or any of the parent directories): .git
2024-11-15 05:58:26.317 [info] > git rev-parse --show-toplevel [2ms]
2024-11-15 05:58:26.317 [info] fatal: not a git repository (or any of the parent directories): .git
2024-11-15 06:03:20.873 [info] > git rev-parse --show-toplevel [1ms]
2024-11-15 06:03:20.873 [info] fatal: not a git repository (or any of the parent directories): .git
2024-11-15 06:03:53.068 [info] > git rev-parse --show-toplevel [2ms]
2024-11-15 06:03:53.069 [info] fatal: not a git repository (or any of the parent directories): .git
2024-11-15 06:04:48.597 [info] > git rev-parse --show-toplevel [4ms]
2024-11-15 06:04:48.597 [info] fatal: not a git repository (or any of the parent directories): .git
2024-11-15 06:04:50.865 [info] > git rev-parse --show-toplevel [3ms]
2024-11-15 06:04:50.865 [info] fatal: not a git repository (or any of the parent directories): .git
2024-11-15 06:05:08.755 [info] > git rev-parse --show-toplevel [1ms]
2024-11-15 06:05:08.755 [info] fatal: not a git repository (or any of the parent directories): .git
2024-11-15 06:05:11.423 [info] > git rev-parse --show-toplevel [1ms]
2024-11-15 06:05:11.423 [info] fatal: not a git repository (or any of the parent directories): .git
2024-11-15 06:05:59.239 [info] > git rev-parse --show-toplevel [4ms]
2024-11-15 06:05:59.239 [info] fatal: not a git repository (or any of the parent directories): .git
2024-11-15 06:06:02.359 [info] > git rev-parse --show-toplevel [2ms]
2024-11-15 06:06:02.359 [info] fatal: not a git repository (or any of the parent directories): .git
2024-11-15 06:08:49.766 [info] > git rev-parse --show-toplevel [4ms]
2024-11-15 06:08:49.767 [info] fatal: not a git repository (or any of the parent directories): .git
2024-11-15 06:12:24.854 [info] > git rev-parse --show-toplevel [2ms]
2024-11-15 06:12:24.854 [info] fatal: not a git repository (or any of the parent directories): .git
2024-11-15 06:12:33.093 [info] > git rev-parse --show-toplevel [1ms]
2024-11-15 06:12:33.093 [info] fatal: not a git repository (or any of the parent directories): .git
2024-11-15 06:12:35.424 [info] > git rev-parse --show-toplevel [2ms]
2024-11-15 06:12:35.424 [info] fatal: not a git repository (or any of the parent directories): .git
2024-11-15 06:12:40.515 [info] > git rev-parse --show-toplevel [1ms]
2024-11-15 06:12:40.515 [info] fatal: not a git repository (or any of the parent directories): .git
2024-11-15 06:24:48.695 [info] > git rev-parse --show-toplevel [2ms]
2024-11-15 06:24:48.695 [info] fatal: not a git repository (or any of the parent directories): .git
2024-11-15 06:24:51.738 [info] > git rev-parse --show-toplevel [1ms]
2024-11-15 06:24:51.738 [info] fatal: not a git repository (or any of the parent directories): .git
2024-11-15 06:41:13.991 [info] > git rev-parse --show-toplevel [3ms]
2024-11-15 06:41:13.991 [info] fatal: not a git repository (or any of the parent directories): .git
2024-11-15 06:42:04.519 [info] > git rev-parse --show-toplevel [5ms]
2024-11-15 06:42:04.519 [info] fatal: not a git repository (or any of the parent directories): .git
2024-11-15 06:43:35.471 [info] > git rev-parse --show-toplevel [2ms]
2024-11-15 06:43:35.471 [info] fatal: not a git repository (or any of the parent directories): .git
2024-11-15 06:45:52.875 [info] > git rev-parse --show-toplevel [1ms]
2024-11-15 06:45:52.875 [info] fatal: not a git repository (or any of the parent directories): .git
2024-11-15 06:49:41.567 [info] > git rev-parse --show-toplevel [3ms]
2024-11-15 06:49:41.567 [info] fatal: not a git repository (or any of the parent directories): .git
2024-11-15 06:50:10.531 [info] > git rev-parse --show-toplevel [3ms]
2024-11-15 06:50:10.531 [info] fatal: not a git repository (or any of the parent directories): .git
2024-11-15 06:59:54.165 [info] > git rev-parse --show-toplevel [2ms]
2024-11-15 06:59:54.165 [info] fatal: not a git repository (or any of the parent directories): .git
2024-11-15 07:00:18.725 [info] > git rev-parse --show-toplevel [4ms]
2024-11-15 07:00:18.725 [info] fatal: not a git repository (or any of the parent directories): .git
2024-11-15 07:00:21.904 [info] > git rev-parse --show-toplevel [3ms]
2024-11-15 07:00:21.904 [info] fatal: not a git repository (or any of the parent directories): .git
2024-11-15 07:01:42.517 [info] > git rev-parse --show-toplevel [2ms]
2024-11-15 07:01:42.517 [info] fatal: not a git repository (or any of the parent directories): .git
2024-11-15 07:02:16.530 [info] > git rev-parse --show-toplevel [7ms]
2024-11-15 07:02:16.530 [info] fatal: not a git repository (or any of the parent directories): .git
2024-11-15 07:02:21.514 [info] > git rev-parse --show-toplevel [9ms]
2024-11-15 07:02:21.514 [info] fatal: not a git repository (or any of the parent directories): .git
