2024-11-14 13:20:24.350 [info] [main] Log level: Info
2024-11-14 13:20:24.350 [info] [main] Validating found git in: "git"
2024-11-14 13:20:24.351 [info] [main] Using git "2.43.0" from "git"
2024-11-14 13:20:24.351 [info] [Model][doInitialScan] Initial repository scan started
2024-11-14 13:20:24.351 [info] > git rev-parse --show-toplevel [51ms]
2024-11-14 13:20:24.351 [info] fatal: not a git repository (or any of the parent directories): .git
2024-11-14 13:20:24.351 [info] > git rev-parse --show-toplevel [10ms]
2024-11-14 13:20:24.351 [info] fatal: not a git repository (or any of the parent directories): .git
2024-11-14 13:20:24.364 [info] > git rev-parse --show-toplevel [14ms]
2024-11-14 13:20:24.364 [info] fatal: not a git repository (or any of the parent directories): .git
2024-11-14 13:20:24.574 [info] > git rev-parse --show-toplevel [200ms]
2024-11-14 13:20:24.575 [info] fatal: not a git repository (or any of the parent directories): .git
2024-11-14 13:20:24.599 [info] > git rev-parse --show-toplevel [13ms]
2024-11-14 13:20:24.599 [info] fatal: not a git repository (or any of the parent directories): .git
2024-11-14 13:20:24.618 [info] > git rev-parse --show-toplevel [13ms]
2024-11-14 13:20:24.618 [info] fatal: not a git repository (or any of the parent directories): .git
2024-11-14 13:20:24.626 [info] > git rev-parse --show-toplevel [2ms]
2024-11-14 13:20:24.626 [info] fatal: not a git repository (or any of the parent directories): .git
2024-11-14 13:20:24.633 [info] > git rev-parse --show-toplevel [2ms]
2024-11-14 13:20:24.633 [info] fatal: not a git repository (or any of the parent directories): .git
2024-11-14 13:20:24.636 [info] [Model][doInitialScan] Initial repository scan completed - repositories (0), closed repositories (0), parent repositories (0), unsafe repositories (0)
2024-11-14 13:35:22.584 [info] > git rev-parse --show-toplevel [2ms]
2024-11-14 13:35:22.584 [info] fatal: not a git repository (or any of the parent directories): .git
2024-11-14 13:35:28.744 [info] > git rev-parse --show-toplevel [1ms]
2024-11-14 13:35:28.744 [info] fatal: not a git repository (or any of the parent directories): .git
