2024-11-14 11:07:07.778 [info] Extension host with pid 1521 started
2024-11-14 11:07:07.778 [error] Error: EEXIST: file already exists, open '/home/ubuntu/.vscode-server/data/User/workspaceStorage/0b7f8fe7e5a2a713287b7a554e8e2be6/vscode.lock'
2024-11-14 11:07:07.812 [info] Lock '/home/ubuntu/.vscode-server/data/User/workspaceStorage/0b7f8fe7e5a2a713287b7a554e8e2be6/vscode.lock': Could not acquire lock, checking if the file is stale.
2024-11-14 11:07:07.831 [info] Lock '/home/ubuntu/.vscode-server/data/User/workspaceStorage/0b7f8fe7e5a2a713287b7a554e8e2be6/vscode.lock': The pid 4197 appears to be gone.
2024-11-14 11:07:07.831 [info] Lock '/home/ubuntu/.vscode-server/data/User/workspaceStorage/0b7f8fe7e5a2a713287b7a554e8e2be6/vscode.lock': Deleting a stale lock.
2024-11-14 11:07:07.841 [info] Lock '/home/ubuntu/.vscode-server/data/User/workspaceStorage/0b7f8fe7e5a2a713287b7a554e8e2be6/vscode.lock': Lock acquired.
2024-11-14 11:07:08.231 [info] ExtensionService#_doActivateExtension vscode.emmet, startup: false, activationEvent: 'onLanguage'
2024-11-14 11:07:08.232 [info] ExtensionService#_doActivateExtension ms-python.python, startup: false, activationEvent: 'onLanguage:python', root cause: ms-python.debugpy
2024-11-14 11:07:08.233 [info] ExtensionService#_doActivateExtension vscode.git-base, startup: false, activationEvent: '*', root cause: vscode.git
2024-11-14 11:07:09.285 [info] ExtensionService#_doActivateExtension vscode.git, startup: false, activationEvent: '*'
2024-11-14 11:07:09.285 [info] ExtensionService#_doActivateExtension vscode.github, startup: false, activationEvent: '*'
2024-11-14 11:07:10.004 [info] ExtensionService#_doActivateExtension ms-python.debugpy, startup: false, activationEvent: 'onLanguage:python'
2024-11-14 11:07:10.004 [info] ExtensionService#_doActivateExtension ms-python.vscode-pylance, startup: false, activationEvent: 'onLanguage:python'
2024-11-14 11:07:10.690 [info] Eager extensions activated
2024-11-14 11:07:10.692 [info] ExtensionService#_doActivateExtension vscode.debug-auto-launch, startup: false, activationEvent: 'onStartupFinished'
2024-11-14 11:07:10.693 [info] ExtensionService#_doActivateExtension vscode.merge-conflict, startup: false, activationEvent: 'onStartupFinished'
2024-11-14 11:25:12.861 [info] ExtensionService#_doActivateExtension vscode.npm, startup: false, activationEvent: 'onTerminalQuickFixRequest:ms-vscode.npm-command'
2024-11-14 11:25:19.506 [info] ExtensionService#_doActivateExtension vscode.configuration-editing, startup: false, activationEvent: 'onLanguage:json'
2024-11-14 11:25:19.507 [info] ExtensionService#_doActivateExtension vscode.extension-editing, startup: false, activationEvent: 'onLanguage:json'
2024-11-14 11:25:19.507 [info] ExtensionService#_doActivateExtension vscode.json-language-features, startup: false, activationEvent: 'onLanguage:json'
