[2024-11-14T07:40:24.940+0000] {processor.py:186} INFO - Started process (PID=3650) to work on /home/ubuntu/airflow-venv/lib/python3.12/site-packages/airflow/example_dags/plugins/listener_plugin.py
[2024-11-14T07:40:24.941+0000] {processor.py:914} INFO - Processing file /home/ubuntu/airflow-venv/lib/python3.12/site-packages/airflow/example_dags/plugins/listener_plugin.py for tasks to queue
[2024-11-14T07:40:24.948+0000] {logging_mixin.py:190} INFO - [2024-11-14T07:40:24.945+0000] {dagbag.py:588} INFO - Filling up the DagBag from /home/ubuntu/airflow-venv/lib/python3.12/site-packages/airflow/example_dags/plugins/listener_plugin.py
[2024-11-14T07:40:24.951+0000] {processor.py:927} WARNING - No viable dags retrieved from /home/ubuntu/airflow-venv/lib/python3.12/site-packages/airflow/example_dags/plugins/listener_plugin.py
[2024-11-14T07:40:24.967+0000] {processor.py:208} INFO - Processing /home/ubuntu/airflow-venv/lib/python3.12/site-packages/airflow/example_dags/plugins/listener_plugin.py took 0.045 seconds
[2024-11-14T07:41:35.879+0000] {processor.py:186} INFO - Started process (PID=3732) to work on /home/ubuntu/airflow-venv/lib/python3.12/site-packages/airflow/example_dags/plugins/listener_plugin.py
[2024-11-14T07:41:35.881+0000] {processor.py:914} INFO - Processing file /home/ubuntu/airflow-venv/lib/python3.12/site-packages/airflow/example_dags/plugins/listener_plugin.py for tasks to queue
[2024-11-14T07:41:35.884+0000] {logging_mixin.py:190} INFO - [2024-11-14T07:41:35.883+0000] {dagbag.py:588} INFO - Filling up the DagBag from /home/ubuntu/airflow-venv/lib/python3.12/site-packages/airflow/example_dags/plugins/listener_plugin.py
[2024-11-14T07:41:35.887+0000] {processor.py:927} WARNING - No viable dags retrieved from /home/ubuntu/airflow-venv/lib/python3.12/site-packages/airflow/example_dags/plugins/listener_plugin.py
[2024-11-14T07:41:35.907+0000] {processor.py:208} INFO - Processing /home/ubuntu/airflow-venv/lib/python3.12/site-packages/airflow/example_dags/plugins/listener_plugin.py took 0.048 seconds
[2024-11-14T07:42:10.123+0000] {processor.py:186} INFO - Started process (PID=3766) to work on /home/ubuntu/airflow-venv/lib/python3.12/site-packages/airflow/example_dags/plugins/listener_plugin.py
[2024-11-14T07:42:10.124+0000] {processor.py:914} INFO - Processing file /home/ubuntu/airflow-venv/lib/python3.12/site-packages/airflow/example_dags/plugins/listener_plugin.py for tasks to queue
[2024-11-14T07:42:10.127+0000] {logging_mixin.py:190} INFO - [2024-11-14T07:42:10.126+0000] {dagbag.py:588} INFO - Filling up the DagBag from /home/ubuntu/airflow-venv/lib/python3.12/site-packages/airflow/example_dags/plugins/listener_plugin.py
[2024-11-14T07:42:10.129+0000] {processor.py:927} WARNING - No viable dags retrieved from /home/ubuntu/airflow-venv/lib/python3.12/site-packages/airflow/example_dags/plugins/listener_plugin.py
[2024-11-14T07:42:10.142+0000] {processor.py:208} INFO - Processing /home/ubuntu/airflow-venv/lib/python3.12/site-packages/airflow/example_dags/plugins/listener_plugin.py took 0.025 seconds
[2024-11-14T07:43:06.051+0000] {processor.py:186} INFO - Started process (PID=3823) to work on /home/ubuntu/airflow-venv/lib/python3.12/site-packages/airflow/example_dags/plugins/listener_plugin.py
[2024-11-14T07:43:06.057+0000] {processor.py:914} INFO - Processing file /home/ubuntu/airflow-venv/lib/python3.12/site-packages/airflow/example_dags/plugins/listener_plugin.py for tasks to queue
[2024-11-14T07:43:06.061+0000] {logging_mixin.py:190} INFO - [2024-11-14T07:43:06.060+0000] {dagbag.py:588} INFO - Filling up the DagBag from /home/ubuntu/airflow-venv/lib/python3.12/site-packages/airflow/example_dags/plugins/listener_plugin.py
[2024-11-14T07:43:06.068+0000] {processor.py:927} WARNING - No viable dags retrieved from /home/ubuntu/airflow-venv/lib/python3.12/site-packages/airflow/example_dags/plugins/listener_plugin.py
[2024-11-14T07:43:06.093+0000] {processor.py:208} INFO - Processing /home/ubuntu/airflow-venv/lib/python3.12/site-packages/airflow/example_dags/plugins/listener_plugin.py took 0.058 seconds
[2024-11-14T07:43:59.099+0000] {processor.py:186} INFO - Started process (PID=3876) to work on /home/ubuntu/airflow-venv/lib/python3.12/site-packages/airflow/example_dags/plugins/listener_plugin.py
[2024-11-14T07:43:59.101+0000] {processor.py:914} INFO - Processing file /home/ubuntu/airflow-venv/lib/python3.12/site-packages/airflow/example_dags/plugins/listener_plugin.py for tasks to queue
[2024-11-14T07:43:59.104+0000] {logging_mixin.py:190} INFO - [2024-11-14T07:43:59.104+0000] {dagbag.py:588} INFO - Filling up the DagBag from /home/ubuntu/airflow-venv/lib/python3.12/site-packages/airflow/example_dags/plugins/listener_plugin.py
[2024-11-14T07:43:59.108+0000] {processor.py:927} WARNING - No viable dags retrieved from /home/ubuntu/airflow-venv/lib/python3.12/site-packages/airflow/example_dags/plugins/listener_plugin.py
[2024-11-14T07:43:59.125+0000] {processor.py:208} INFO - Processing /home/ubuntu/airflow-venv/lib/python3.12/site-packages/airflow/example_dags/plugins/listener_plugin.py took 0.035 seconds
[2024-11-14T07:44:57.037+0000] {processor.py:186} INFO - Started process (PID=3933) to work on /home/ubuntu/airflow-venv/lib/python3.12/site-packages/airflow/example_dags/plugins/listener_plugin.py
[2024-11-14T07:44:57.040+0000] {processor.py:914} INFO - Processing file /home/ubuntu/airflow-venv/lib/python3.12/site-packages/airflow/example_dags/plugins/listener_plugin.py for tasks to queue
[2024-11-14T07:44:57.044+0000] {logging_mixin.py:190} INFO - [2024-11-14T07:44:57.043+0000] {dagbag.py:588} INFO - Filling up the DagBag from /home/ubuntu/airflow-venv/lib/python3.12/site-packages/airflow/example_dags/plugins/listener_plugin.py
[2024-11-14T07:44:57.047+0000] {processor.py:927} WARNING - No viable dags retrieved from /home/ubuntu/airflow-venv/lib/python3.12/site-packages/airflow/example_dags/plugins/listener_plugin.py
[2024-11-14T07:44:57.062+0000] {processor.py:208} INFO - Processing /home/ubuntu/airflow-venv/lib/python3.12/site-packages/airflow/example_dags/plugins/listener_plugin.py took 0.033 seconds
[2024-11-14T07:45:50.899+0000] {processor.py:186} INFO - Started process (PID=3991) to work on /home/ubuntu/airflow-venv/lib/python3.12/site-packages/airflow/example_dags/plugins/listener_plugin.py
[2024-11-14T07:45:50.906+0000] {processor.py:914} INFO - Processing file /home/ubuntu/airflow-venv/lib/python3.12/site-packages/airflow/example_dags/plugins/listener_plugin.py for tasks to queue
[2024-11-14T07:45:50.909+0000] {logging_mixin.py:190} INFO - [2024-11-14T07:45:50.909+0000] {dagbag.py:588} INFO - Filling up the DagBag from /home/ubuntu/airflow-venv/lib/python3.12/site-packages/airflow/example_dags/plugins/listener_plugin.py
[2024-11-14T07:45:50.911+0000] {processor.py:927} WARNING - No viable dags retrieved from /home/ubuntu/airflow-venv/lib/python3.12/site-packages/airflow/example_dags/plugins/listener_plugin.py
[2024-11-14T07:45:50.923+0000] {processor.py:208} INFO - Processing /home/ubuntu/airflow-venv/lib/python3.12/site-packages/airflow/example_dags/plugins/listener_plugin.py took 0.037 seconds
[2024-11-14T07:46:45.267+0000] {processor.py:186} INFO - Started process (PID=4052) to work on /home/ubuntu/airflow-venv/lib/python3.12/site-packages/airflow/example_dags/plugins/listener_plugin.py
[2024-11-14T07:46:45.268+0000] {processor.py:914} INFO - Processing file /home/ubuntu/airflow-venv/lib/python3.12/site-packages/airflow/example_dags/plugins/listener_plugin.py for tasks to queue
[2024-11-14T07:46:45.271+0000] {logging_mixin.py:190} INFO - [2024-11-14T07:46:45.270+0000] {dagbag.py:588} INFO - Filling up the DagBag from /home/ubuntu/airflow-venv/lib/python3.12/site-packages/airflow/example_dags/plugins/listener_plugin.py
[2024-11-14T07:46:45.273+0000] {processor.py:927} WARNING - No viable dags retrieved from /home/ubuntu/airflow-venv/lib/python3.12/site-packages/airflow/example_dags/plugins/listener_plugin.py
[2024-11-14T07:46:45.287+0000] {processor.py:208} INFO - Processing /home/ubuntu/airflow-venv/lib/python3.12/site-packages/airflow/example_dags/plugins/listener_plugin.py took 0.027 seconds
[2024-11-14T07:47:40.607+0000] {processor.py:186} INFO - Started process (PID=4267) to work on /home/ubuntu/airflow-venv/lib/python3.12/site-packages/airflow/example_dags/plugins/listener_plugin.py
[2024-11-14T07:47:40.608+0000] {processor.py:914} INFO - Processing file /home/ubuntu/airflow-venv/lib/python3.12/site-packages/airflow/example_dags/plugins/listener_plugin.py for tasks to queue
[2024-11-14T07:47:40.618+0000] {logging_mixin.py:190} INFO - [2024-11-14T07:47:40.616+0000] {dagbag.py:588} INFO - Filling up the DagBag from /home/ubuntu/airflow-venv/lib/python3.12/site-packages/airflow/example_dags/plugins/listener_plugin.py
[2024-11-14T07:47:40.622+0000] {processor.py:927} WARNING - No viable dags retrieved from /home/ubuntu/airflow-venv/lib/python3.12/site-packages/airflow/example_dags/plugins/listener_plugin.py
[2024-11-14T07:47:40.650+0000] {processor.py:208} INFO - Processing /home/ubuntu/airflow-venv/lib/python3.12/site-packages/airflow/example_dags/plugins/listener_plugin.py took 0.050 seconds
[2024-11-14T07:48:46.860+0000] {processor.py:186} INFO - Started process (PID=4614) to work on /home/ubuntu/airflow-venv/lib/python3.12/site-packages/airflow/example_dags/plugins/listener_plugin.py
[2024-11-14T07:48:46.862+0000] {processor.py:914} INFO - Processing file /home/ubuntu/airflow-venv/lib/python3.12/site-packages/airflow/example_dags/plugins/listener_plugin.py for tasks to queue
[2024-11-14T07:48:46.864+0000] {logging_mixin.py:190} INFO - [2024-11-14T07:48:46.864+0000] {dagbag.py:588} INFO - Filling up the DagBag from /home/ubuntu/airflow-venv/lib/python3.12/site-packages/airflow/example_dags/plugins/listener_plugin.py
[2024-11-14T07:48:46.867+0000] {processor.py:927} WARNING - No viable dags retrieved from /home/ubuntu/airflow-venv/lib/python3.12/site-packages/airflow/example_dags/plugins/listener_plugin.py
[2024-11-14T07:48:46.882+0000] {processor.py:208} INFO - Processing /home/ubuntu/airflow-venv/lib/python3.12/site-packages/airflow/example_dags/plugins/listener_plugin.py took 0.029 seconds
[2024-11-14T07:49:47.441+0000] {processor.py:186} INFO - Started process (PID=4672) to work on /home/ubuntu/airflow-venv/lib/python3.12/site-packages/airflow/example_dags/plugins/listener_plugin.py
[2024-11-14T07:49:47.443+0000] {processor.py:914} INFO - Processing file /home/ubuntu/airflow-venv/lib/python3.12/site-packages/airflow/example_dags/plugins/listener_plugin.py for tasks to queue
[2024-11-14T07:49:47.445+0000] {logging_mixin.py:190} INFO - [2024-11-14T07:49:47.445+0000] {dagbag.py:588} INFO - Filling up the DagBag from /home/ubuntu/airflow-venv/lib/python3.12/site-packages/airflow/example_dags/plugins/listener_plugin.py
[2024-11-14T07:49:47.448+0000] {processor.py:927} WARNING - No viable dags retrieved from /home/ubuntu/airflow-venv/lib/python3.12/site-packages/airflow/example_dags/plugins/listener_plugin.py
[2024-11-14T07:49:47.462+0000] {processor.py:208} INFO - Processing /home/ubuntu/airflow-venv/lib/python3.12/site-packages/airflow/example_dags/plugins/listener_plugin.py took 0.028 seconds
[2024-11-14T07:50:51.408+0000] {processor.py:186} INFO - Started process (PID=4738) to work on /home/ubuntu/airflow-venv/lib/python3.12/site-packages/airflow/example_dags/plugins/listener_plugin.py
[2024-11-14T07:50:51.410+0000] {processor.py:914} INFO - Processing file /home/ubuntu/airflow-venv/lib/python3.12/site-packages/airflow/example_dags/plugins/listener_plugin.py for tasks to queue
[2024-11-14T07:50:51.411+0000] {logging_mixin.py:190} INFO - [2024-11-14T07:50:51.411+0000] {dagbag.py:588} INFO - Filling up the DagBag from /home/ubuntu/airflow-venv/lib/python3.12/site-packages/airflow/example_dags/plugins/listener_plugin.py
[2024-11-14T07:50:51.414+0000] {processor.py:927} WARNING - No viable dags retrieved from /home/ubuntu/airflow-venv/lib/python3.12/site-packages/airflow/example_dags/plugins/listener_plugin.py
[2024-11-14T07:50:51.427+0000] {processor.py:208} INFO - Processing /home/ubuntu/airflow-venv/lib/python3.12/site-packages/airflow/example_dags/plugins/listener_plugin.py took 0.024 seconds
[2024-11-14T07:51:52.915+0000] {processor.py:186} INFO - Started process (PID=4799) to work on /home/ubuntu/airflow-venv/lib/python3.12/site-packages/airflow/example_dags/plugins/listener_plugin.py
[2024-11-14T07:51:52.918+0000] {processor.py:914} INFO - Processing file /home/ubuntu/airflow-venv/lib/python3.12/site-packages/airflow/example_dags/plugins/listener_plugin.py for tasks to queue
[2024-11-14T07:51:52.921+0000] {logging_mixin.py:190} INFO - [2024-11-14T07:51:52.920+0000] {dagbag.py:588} INFO - Filling up the DagBag from /home/ubuntu/airflow-venv/lib/python3.12/site-packages/airflow/example_dags/plugins/listener_plugin.py
[2024-11-14T07:51:52.925+0000] {processor.py:927} WARNING - No viable dags retrieved from /home/ubuntu/airflow-venv/lib/python3.12/site-packages/airflow/example_dags/plugins/listener_plugin.py
[2024-11-14T07:51:52.939+0000] {processor.py:208} INFO - Processing /home/ubuntu/airflow-venv/lib/python3.12/site-packages/airflow/example_dags/plugins/listener_plugin.py took 0.032 seconds
[2024-11-14T07:52:51.328+0000] {processor.py:186} INFO - Started process (PID=4859) to work on /home/ubuntu/airflow-venv/lib/python3.12/site-packages/airflow/example_dags/plugins/listener_plugin.py
[2024-11-14T07:52:51.332+0000] {processor.py:914} INFO - Processing file /home/ubuntu/airflow-venv/lib/python3.12/site-packages/airflow/example_dags/plugins/listener_plugin.py for tasks to queue
[2024-11-14T07:52:51.336+0000] {logging_mixin.py:190} INFO - [2024-11-14T07:52:51.336+0000] {dagbag.py:588} INFO - Filling up the DagBag from /home/ubuntu/airflow-venv/lib/python3.12/site-packages/airflow/example_dags/plugins/listener_plugin.py
[2024-11-14T07:52:51.339+0000] {processor.py:927} WARNING - No viable dags retrieved from /home/ubuntu/airflow-venv/lib/python3.12/site-packages/airflow/example_dags/plugins/listener_plugin.py
[2024-11-14T07:52:51.358+0000] {processor.py:208} INFO - Processing /home/ubuntu/airflow-venv/lib/python3.12/site-packages/airflow/example_dags/plugins/listener_plugin.py took 0.051 seconds
[2024-11-14T07:53:49.381+0000] {processor.py:186} INFO - Started process (PID=4920) to work on /home/ubuntu/airflow-venv/lib/python3.12/site-packages/airflow/example_dags/plugins/listener_plugin.py
[2024-11-14T07:53:49.383+0000] {processor.py:914} INFO - Processing file /home/ubuntu/airflow-venv/lib/python3.12/site-packages/airflow/example_dags/plugins/listener_plugin.py for tasks to queue
[2024-11-14T07:53:49.385+0000] {logging_mixin.py:190} INFO - [2024-11-14T07:53:49.384+0000] {dagbag.py:588} INFO - Filling up the DagBag from /home/ubuntu/airflow-venv/lib/python3.12/site-packages/airflow/example_dags/plugins/listener_plugin.py
[2024-11-14T07:53:49.388+0000] {processor.py:927} WARNING - No viable dags retrieved from /home/ubuntu/airflow-venv/lib/python3.12/site-packages/airflow/example_dags/plugins/listener_plugin.py
[2024-11-14T07:53:49.401+0000] {processor.py:208} INFO - Processing /home/ubuntu/airflow-venv/lib/python3.12/site-packages/airflow/example_dags/plugins/listener_plugin.py took 0.027 seconds
[2024-11-14T07:54:50.506+0000] {processor.py:186} INFO - Started process (PID=4979) to work on /home/ubuntu/airflow-venv/lib/python3.12/site-packages/airflow/example_dags/plugins/listener_plugin.py
[2024-11-14T07:54:50.507+0000] {processor.py:914} INFO - Processing file /home/ubuntu/airflow-venv/lib/python3.12/site-packages/airflow/example_dags/plugins/listener_plugin.py for tasks to queue
[2024-11-14T07:54:50.509+0000] {logging_mixin.py:190} INFO - [2024-11-14T07:54:50.508+0000] {dagbag.py:588} INFO - Filling up the DagBag from /home/ubuntu/airflow-venv/lib/python3.12/site-packages/airflow/example_dags/plugins/listener_plugin.py
[2024-11-14T07:54:50.511+0000] {processor.py:927} WARNING - No viable dags retrieved from /home/ubuntu/airflow-venv/lib/python3.12/site-packages/airflow/example_dags/plugins/listener_plugin.py
[2024-11-14T07:54:50.524+0000] {processor.py:208} INFO - Processing /home/ubuntu/airflow-venv/lib/python3.12/site-packages/airflow/example_dags/plugins/listener_plugin.py took 0.024 seconds
[2024-11-14T07:55:51.694+0000] {processor.py:186} INFO - Started process (PID=5043) to work on /home/ubuntu/airflow-venv/lib/python3.12/site-packages/airflow/example_dags/plugins/listener_plugin.py
[2024-11-14T07:55:51.697+0000] {processor.py:914} INFO - Processing file /home/ubuntu/airflow-venv/lib/python3.12/site-packages/airflow/example_dags/plugins/listener_plugin.py for tasks to queue
[2024-11-14T07:55:51.700+0000] {logging_mixin.py:190} INFO - [2024-11-14T07:55:51.699+0000] {dagbag.py:588} INFO - Filling up the DagBag from /home/ubuntu/airflow-venv/lib/python3.12/site-packages/airflow/example_dags/plugins/listener_plugin.py
[2024-11-14T07:55:51.705+0000] {processor.py:927} WARNING - No viable dags retrieved from /home/ubuntu/airflow-venv/lib/python3.12/site-packages/airflow/example_dags/plugins/listener_plugin.py
[2024-11-14T07:55:51.720+0000] {processor.py:208} INFO - Processing /home/ubuntu/airflow-venv/lib/python3.12/site-packages/airflow/example_dags/plugins/listener_plugin.py took 0.035 seconds
[2024-11-14T07:56:51.577+0000] {processor.py:186} INFO - Started process (PID=5104) to work on /home/ubuntu/airflow-venv/lib/python3.12/site-packages/airflow/example_dags/plugins/listener_plugin.py
[2024-11-14T07:56:51.581+0000] {processor.py:914} INFO - Processing file /home/ubuntu/airflow-venv/lib/python3.12/site-packages/airflow/example_dags/plugins/listener_plugin.py for tasks to queue
[2024-11-14T07:56:51.583+0000] {logging_mixin.py:190} INFO - [2024-11-14T07:56:51.582+0000] {dagbag.py:588} INFO - Filling up the DagBag from /home/ubuntu/airflow-venv/lib/python3.12/site-packages/airflow/example_dags/plugins/listener_plugin.py
[2024-11-14T07:56:51.586+0000] {processor.py:927} WARNING - No viable dags retrieved from /home/ubuntu/airflow-venv/lib/python3.12/site-packages/airflow/example_dags/plugins/listener_plugin.py
[2024-11-14T07:56:51.603+0000] {processor.py:208} INFO - Processing /home/ubuntu/airflow-venv/lib/python3.12/site-packages/airflow/example_dags/plugins/listener_plugin.py took 0.039 seconds
[2024-11-14T07:57:50.524+0000] {processor.py:186} INFO - Started process (PID=5165) to work on /home/ubuntu/airflow-venv/lib/python3.12/site-packages/airflow/example_dags/plugins/listener_plugin.py
[2024-11-14T07:57:50.526+0000] {processor.py:914} INFO - Processing file /home/ubuntu/airflow-venv/lib/python3.12/site-packages/airflow/example_dags/plugins/listener_plugin.py for tasks to queue
[2024-11-14T07:57:50.528+0000] {logging_mixin.py:190} INFO - [2024-11-14T07:57:50.527+0000] {dagbag.py:588} INFO - Filling up the DagBag from /home/ubuntu/airflow-venv/lib/python3.12/site-packages/airflow/example_dags/plugins/listener_plugin.py
[2024-11-14T07:57:50.530+0000] {processor.py:927} WARNING - No viable dags retrieved from /home/ubuntu/airflow-venv/lib/python3.12/site-packages/airflow/example_dags/plugins/listener_plugin.py
[2024-11-14T07:57:50.543+0000] {processor.py:208} INFO - Processing /home/ubuntu/airflow-venv/lib/python3.12/site-packages/airflow/example_dags/plugins/listener_plugin.py took 0.025 seconds
[2024-11-14T07:58:50.902+0000] {processor.py:186} INFO - Started process (PID=5225) to work on /home/ubuntu/airflow-venv/lib/python3.12/site-packages/airflow/example_dags/plugins/listener_plugin.py
[2024-11-14T07:58:50.904+0000] {processor.py:914} INFO - Processing file /home/ubuntu/airflow-venv/lib/python3.12/site-packages/airflow/example_dags/plugins/listener_plugin.py for tasks to queue
[2024-11-14T07:58:50.905+0000] {logging_mixin.py:190} INFO - [2024-11-14T07:58:50.905+0000] {dagbag.py:588} INFO - Filling up the DagBag from /home/ubuntu/airflow-venv/lib/python3.12/site-packages/airflow/example_dags/plugins/listener_plugin.py
[2024-11-14T07:58:50.909+0000] {processor.py:927} WARNING - No viable dags retrieved from /home/ubuntu/airflow-venv/lib/python3.12/site-packages/airflow/example_dags/plugins/listener_plugin.py
[2024-11-14T07:58:50.923+0000] {processor.py:208} INFO - Processing /home/ubuntu/airflow-venv/lib/python3.12/site-packages/airflow/example_dags/plugins/listener_plugin.py took 0.027 seconds
[2024-11-14T07:59:51.739+0000] {processor.py:186} INFO - Started process (PID=5285) to work on /home/ubuntu/airflow-venv/lib/python3.12/site-packages/airflow/example_dags/plugins/listener_plugin.py
[2024-11-14T07:59:51.740+0000] {processor.py:914} INFO - Processing file /home/ubuntu/airflow-venv/lib/python3.12/site-packages/airflow/example_dags/plugins/listener_plugin.py for tasks to queue
[2024-11-14T07:59:51.742+0000] {logging_mixin.py:190} INFO - [2024-11-14T07:59:51.741+0000] {dagbag.py:588} INFO - Filling up the DagBag from /home/ubuntu/airflow-venv/lib/python3.12/site-packages/airflow/example_dags/plugins/listener_plugin.py
[2024-11-14T07:59:51.745+0000] {processor.py:927} WARNING - No viable dags retrieved from /home/ubuntu/airflow-venv/lib/python3.12/site-packages/airflow/example_dags/plugins/listener_plugin.py
[2024-11-14T07:59:51.758+0000] {processor.py:208} INFO - Processing /home/ubuntu/airflow-venv/lib/python3.12/site-packages/airflow/example_dags/plugins/listener_plugin.py took 0.035 seconds
[2024-11-14T08:00:50.589+0000] {processor.py:186} INFO - Started process (PID=5350) to work on /home/ubuntu/airflow-venv/lib/python3.12/site-packages/airflow/example_dags/plugins/listener_plugin.py
[2024-11-14T08:00:50.591+0000] {processor.py:914} INFO - Processing file /home/ubuntu/airflow-venv/lib/python3.12/site-packages/airflow/example_dags/plugins/listener_plugin.py for tasks to queue
[2024-11-14T08:00:50.592+0000] {logging_mixin.py:190} INFO - [2024-11-14T08:00:50.592+0000] {dagbag.py:588} INFO - Filling up the DagBag from /home/ubuntu/airflow-venv/lib/python3.12/site-packages/airflow/example_dags/plugins/listener_plugin.py
[2024-11-14T08:00:50.595+0000] {processor.py:927} WARNING - No viable dags retrieved from /home/ubuntu/airflow-venv/lib/python3.12/site-packages/airflow/example_dags/plugins/listener_plugin.py
[2024-11-14T08:00:50.607+0000] {processor.py:208} INFO - Processing /home/ubuntu/airflow-venv/lib/python3.12/site-packages/airflow/example_dags/plugins/listener_plugin.py took 0.024 seconds
[2024-11-14T08:01:51.767+0000] {processor.py:186} INFO - Started process (PID=5411) to work on /home/ubuntu/airflow-venv/lib/python3.12/site-packages/airflow/example_dags/plugins/listener_plugin.py
[2024-11-14T08:01:51.769+0000] {processor.py:914} INFO - Processing file /home/ubuntu/airflow-venv/lib/python3.12/site-packages/airflow/example_dags/plugins/listener_plugin.py for tasks to queue
[2024-11-14T08:01:51.773+0000] {logging_mixin.py:190} INFO - [2024-11-14T08:01:51.772+0000] {dagbag.py:588} INFO - Filling up the DagBag from /home/ubuntu/airflow-venv/lib/python3.12/site-packages/airflow/example_dags/plugins/listener_plugin.py
[2024-11-14T08:01:51.777+0000] {processor.py:927} WARNING - No viable dags retrieved from /home/ubuntu/airflow-venv/lib/python3.12/site-packages/airflow/example_dags/plugins/listener_plugin.py
[2024-11-14T08:01:51.793+0000] {processor.py:208} INFO - Processing /home/ubuntu/airflow-venv/lib/python3.12/site-packages/airflow/example_dags/plugins/listener_plugin.py took 0.034 seconds
[2024-11-14T08:02:52.343+0000] {processor.py:186} INFO - Started process (PID=5474) to work on /home/ubuntu/airflow-venv/lib/python3.12/site-packages/airflow/example_dags/plugins/listener_plugin.py
[2024-11-14T08:02:52.344+0000] {processor.py:914} INFO - Processing file /home/ubuntu/airflow-venv/lib/python3.12/site-packages/airflow/example_dags/plugins/listener_plugin.py for tasks to queue
[2024-11-14T08:02:52.346+0000] {logging_mixin.py:190} INFO - [2024-11-14T08:02:52.345+0000] {dagbag.py:588} INFO - Filling up the DagBag from /home/ubuntu/airflow-venv/lib/python3.12/site-packages/airflow/example_dags/plugins/listener_plugin.py
[2024-11-14T08:02:52.349+0000] {processor.py:927} WARNING - No viable dags retrieved from /home/ubuntu/airflow-venv/lib/python3.12/site-packages/airflow/example_dags/plugins/listener_plugin.py
[2024-11-14T08:02:52.363+0000] {processor.py:208} INFO - Processing /home/ubuntu/airflow-venv/lib/python3.12/site-packages/airflow/example_dags/plugins/listener_plugin.py took 0.028 seconds
