[2024-11-14T11:56:14.531+0000] {local_task_job_runner.py:123} INFO - ::group::Pre task execution logs
[2024-11-14T11:56:14.631+0000] {taskinstance.py:2613} INFO - Dependencies all met for dep_context=non-requeueable deps ti=<TaskInstance: football_data.extract_data manual__2024-11-14T11:56:11.082575+00:00 [queued]>
[2024-11-14T11:56:14.637+0000] {taskinstance.py:2613} INFO - Dependencies all met for dep_context=requeueable deps ti=<TaskInstance: football_data.extract_data manual__2024-11-14T11:56:11.082575+00:00 [queued]>
[2024-11-14T11:56:14.638+0000] {taskinstance.py:2866} INFO - Starting attempt 1 of 1
[2024-11-14T11:56:14.654+0000] {taskinstance.py:2889} INFO - Executing <Task(PythonOperator): extract_data> on 2024-11-14 11:56:11.082575+00:00
[2024-11-14T11:56:14.658+0000] {standard_task_runner.py:72} INFO - Started process 2676 to run task
[2024-11-14T11:56:14.662+0000] {standard_task_runner.py:104} INFO - Running: ['airflow', 'tasks', 'run', 'football_data', 'extract_data', 'manual__2024-11-14T11:56:11.082575+00:00', '--job-id', '15', '--raw', '--subdir', 'DAGS_FOLDER/football_dag.py', '--cfg-path', '/tmp/tmp52m_d4wb']
[2024-11-14T11:56:14.664+0000] {standard_task_runner.py:105} INFO - Job 15: Subtask extract_data
[2024-11-14T11:56:14.703+0000] {task_command.py:467} INFO - Running <TaskInstance: football_data.extract_data manual__2024-11-14T11:56:11.082575+00:00 [running]> on host ip-172-31-28-221.eu-north-1.compute.internal
[2024-11-14T11:56:14.776+0000] {taskinstance.py:3132} INFO - Exporting env vars: AIRFLOW_CTX_DAG_OWNER='aman Singh' AIRFLOW_CTX_DAG_ID='football_data' AIRFLOW_CTX_TASK_ID='extract_data' AIRFLOW_CTX_EXECUTION_DATE='2024-11-14T11:56:11.082575+00:00' AIRFLOW_CTX_TRY_NUMBER='1' AIRFLOW_CTX_DAG_RUN_ID='manual__2024-11-14T11:56:11.082575+00:00'
[2024-11-14T11:56:14.777+0000] {taskinstance.py:731} INFO - ::endgroup::
[2024-11-14T11:56:14.925+0000] {logging_mixin.py:190} INFO - <Response [200]>
[2024-11-14T11:56:15.362+0000] {logging_mixin.py:190} INFO - [<tr>
<td align="center" style="background-color:#9FC"><b>bold</b>
</td>
<td>Denotes that the stadium is, or was once, the largest association football stadium in the world.
</td></tr>, <tr>
<td align="center">♦
</td>
<td>Denotes the largest association football stadium in the country or area.
</td></tr>]
[2024-11-14T11:56:15.363+0000] {python.py:240} INFO - Done. Returned value was: None
[2024-11-14T11:56:15.367+0000] {taskinstance.py:340} INFO - ::group::Post task execution logs
[2024-11-14T11:56:15.367+0000] {taskinstance.py:352} INFO - Marking task as SUCCESS. dag_id=football_data, task_id=extract_data, run_id=manual__2024-11-14T11:56:11.082575+00:00, execution_date=20241114T115611, start_date=20241114T115614, end_date=20241114T115615
[2024-11-14T11:56:15.398+0000] {local_task_job_runner.py:266} INFO - Task exited with return code 0
[2024-11-14T11:56:15.413+0000] {taskinstance.py:3895} INFO - 0 downstream tasks scheduled from follow-on schedule check
[2024-11-14T11:56:15.414+0000] {local_task_job_runner.py:245} INFO - ::endgroup::
