2024-11-28 10:01:17.393 [info] (Client) Pylance async client (2024.11.3) started with python extension (2024.20.0)
2024-11-28 10:01:17.587 [info] [Info  - 10:01:17 AM] (1470) Server root directory: file:///home/ubuntu/.vscode-server/extensions/ms-python.vscode-pylance-2024.11.3/dist
2024-11-28 10:01:17.588 [info] [Info  - 10:01:17 AM] (1470) Pylance language server 2024.11.3 (pyright version 1.1.386, commit 4180fa21) starting
2024-11-28 10:01:17.588 [info] [Info  - 10:01:17 AM] (1470) Starting service instance "ubuntu"
2024-11-28 10:01:17.700 [info] [Info  - 10:01:17 AM] (1470) Setting environmentName for service "ubuntu": "3.12.3 (airflow-venv venv)"
2024-11-28 10:01:17.700 [info] [Info  - 10:01:17 AM] (1470) Setting pythonPath for service "ubuntu": "/home/ubuntu/airflow-venv/bin/python"
2024-11-28 10:01:17.700 [info] [Info  - 10:01:17 AM] (1470) No include entries specified; assuming /home/ubuntu
2024-11-28 10:01:17.701 [info] [Info  - 10:01:17 AM] (1470) Auto-excluding **/node_modules
2024-11-28 10:01:17.701 [info] [Info  - 10:01:17 AM] (1470) Auto-excluding **/__pycache__
2024-11-28 10:01:17.702 [info] [Info  - 10:01:17 AM] (1470) Auto-excluding **/.*
2024-11-28 10:01:17.739 [info] [Info  - 10:01:17 AM] (1470) Assuming Python version 3.12.3.final.0
2024-11-28 10:01:18.264 [info] [Info  - 10:01:18 AM] (1470) Auto-excluding /home/ubuntu/airflow-venv
2024-11-28 10:01:18.266 [info] [Info  - 10:01:18 AM] (1470) Found 3 source files
2024-11-28 10:01:19.711 [info] [Info  - 10:01:19 AM] (1470) Background analysis(1) root directory: file:///home/ubuntu/.vscode-server/extensions/ms-python.vscode-pylance-2024.11.3/dist
2024-11-28 10:01:19.726 [info] [Info  - 10:01:19 AM] (1470) Background analysis(1) started
2024-11-28 10:01:20.248 [info] [Info  - 10:01:20 AM] (1470) Indexer background runner(2) root directory: file:///home/ubuntu/.vscode-server/extensions/ms-python.vscode-pylance-2024.11.3/dist (index)
2024-11-28 10:01:20.248 [info] [Info  - 10:01:20 AM] (1470) Indexing(2) started
2024-11-28 10:01:22.863 [info] [Info  - 10:01:22 AM] (1470) [IDX(2)] Long operation: scan packages file:///home/ubuntu (2485ms)
2024-11-28 10:01:22.863 [info] [Info  - 10:01:22 AM] (1470) scanned(2) 162 files over 1 exec env
2024-11-28 10:01:24.124 [info] [Info  - 10:01:24 AM] (1470) indexed(2) 162 files over 1 exec env
2024-11-28 10:01:24.360 [info] [Info  - 10:01:24 AM] (1470) Indexing finished(2).
2024-11-28 10:01:25.249 [info] [Info  - 10:01:25 AM] (1470) [BG(1)] Long operation: checking: file:///home/ubuntu/airflow/pipelines/extraction_data.py (4300ms)
2024-11-28 10:01:25.250 [info] [Info  - 10:01:25 AM] (1470) [BG(1)] Long operation: analyzing: file:///home/ubuntu/airflow/pipelines/extraction_data.py (4333ms)
