[2024-11-14T13:31:17.483+0000] {local_task_job_runner.py:123} INFO - ::group::Pre task execution logs
[2024-11-14T13:31:17.587+0000] {taskinstance.py:2613} INFO - Dependencies all met for dep_context=non-requeueable deps ti=<TaskInstance: football_data.extract_data manual__2024-11-14T13:31:14.251250+00:00 [queued]>
[2024-11-14T13:31:17.593+0000] {taskinstance.py:2613} INFO - Dependencies all met for dep_context=requeueable deps ti=<TaskInstance: football_data.extract_data manual__2024-11-14T13:31:14.251250+00:00 [queued]>
[2024-11-14T13:31:17.594+0000] {taskinstance.py:2866} INFO - Starting attempt 1 of 1
[2024-11-14T13:31:17.614+0000] {taskinstance.py:2889} INFO - Executing <Task(PythonOperator): extract_data> on 2024-11-14 13:31:14.251250+00:00
[2024-11-14T13:31:17.619+0000] {standard_task_runner.py:72} INFO - Started process 1873 to run task
[2024-11-14T13:31:17.624+0000] {standard_task_runner.py:104} INFO - Running: ['airflow', 'tasks', 'run', 'football_data', 'extract_data', 'manual__2024-11-14T13:31:14.251250+00:00', '--job-id', '27', '--raw', '--subdir', 'DAGS_FOLDER/football_dag.py', '--cfg-path', '/tmp/tmpnlav_t3n']
[2024-11-14T13:31:17.626+0000] {standard_task_runner.py:105} INFO - Job 27: Subtask extract_data
[2024-11-14T13:31:17.663+0000] {task_command.py:467} INFO - Running <TaskInstance: football_data.extract_data manual__2024-11-14T13:31:14.251250+00:00 [running]> on host ip-172-31-28-221.eu-north-1.compute.internal
[2024-11-14T13:31:17.737+0000] {taskinstance.py:3132} INFO - Exporting env vars: AIRFLOW_CTX_DAG_OWNER='aman Singh' AIRFLOW_CTX_DAG_ID='football_data' AIRFLOW_CTX_TASK_ID='extract_data' AIRFLOW_CTX_EXECUTION_DATE='2024-11-14T13:31:14.251250+00:00' AIRFLOW_CTX_TRY_NUMBER='1' AIRFLOW_CTX_DAG_RUN_ID='manual__2024-11-14T13:31:14.251250+00:00'
[2024-11-14T13:31:17.738+0000] {taskinstance.py:731} INFO - ::endgroup::
[2024-11-14T13:31:17.885+0000] {logging_mixin.py:190} INFO - <Response [200]>
[2024-11-14T13:31:18.344+0000] {logging_mixin.py:190} INFO - print ROWS -- [<tr>
<td align="center" style="background-color:#9FC"><b>bold</b>
</td>
<td>Denotes that the stadium is, or was once, the largest association football stadium in the world.
</td></tr>, <tr>
<td align="center">♦
</td>
<td>Denotes the largest association football stadium in the country or area.
</td></tr>]
[2024-11-14T13:31:18.346+0000] {python.py:240} INFO - Done. Returned value was: None
[2024-11-14T13:31:18.368+0000] {taskinstance.py:340} INFO - ::group::Post task execution logs
[2024-11-14T13:31:18.369+0000] {taskinstance.py:352} INFO - Marking task as SUCCESS. dag_id=football_data, task_id=extract_data, run_id=manual__2024-11-14T13:31:14.251250+00:00, execution_date=20241114T133114, start_date=20241114T133117, end_date=20241114T133118
[2024-11-14T13:31:18.443+0000] {local_task_job_runner.py:266} INFO - Task exited with return code 0
[2024-11-14T13:31:18.463+0000] {taskinstance.py:3895} INFO - 0 downstream tasks scheduled from follow-on schedule check
[2024-11-14T13:31:18.464+0000] {local_task_job_runner.py:245} INFO - ::endgroup::
