[2024-11-28T11:30:24.428+0000] {local_task_job_runner.py:123} INFO - ::group::Pre task execution logs
[2024-11-28T11:30:24.439+0000] {taskinstance.py:2613} INFO - Dependencies all met for dep_context=non-requeueable deps ti=<TaskInstance: football_data.write_data manual__2024-11-28T11:30:12.820690+00:00 [queued]>
[2024-11-28T11:30:24.445+0000] {taskinstance.py:2613} INFO - Dependencies all met for dep_context=requeueable deps ti=<TaskInstance: football_data.write_data manual__2024-11-28T11:30:12.820690+00:00 [queued]>
[2024-11-28T11:30:24.445+0000] {taskinstance.py:2866} INFO - Starting attempt 1 of 1
[2024-11-28T11:30:24.461+0000] {taskinstance.py:2889} INFO - Executing <Task(PythonOperator): write_data> on 2024-11-28 11:30:12.820690+00:00
[2024-11-28T11:30:24.467+0000] {standard_task_runner.py:72} INFO - Started process 8071 to run task
[2024-11-28T11:30:24.472+0000] {standard_task_runner.py:104} INFO - Running: ['airflow', 'tasks', 'run', 'football_data', 'write_data', 'manual__2024-11-28T11:30:12.820690+00:00', '--job-id', '144', '--raw', '--subdir', 'DAGS_FOLDER/football_dag.py', '--cfg-path', '/tmp/tmpzcihss_3']
[2024-11-28T11:30:24.474+0000] {standard_task_runner.py:105} INFO - Job 144: Subtask write_data
[2024-11-28T11:30:24.514+0000] {task_command.py:467} INFO - Running <TaskInstance: football_data.write_data manual__2024-11-28T11:30:12.820690+00:00 [running]> on host ip-172-31-28-221.eu-north-1.compute.internal
[2024-11-28T11:30:24.628+0000] {taskinstance.py:3132} INFO - Exporting env vars: AIRFLOW_CTX_DAG_OWNER='aman Singh' AIRFLOW_CTX_DAG_ID='football_data' AIRFLOW_CTX_TASK_ID='write_data' AIRFLOW_CTX_EXECUTION_DATE='2024-11-28T11:30:12.820690+00:00' AIRFLOW_CTX_TRY_NUMBER='1' AIRFLOW_CTX_DAG_RUN_ID='manual__2024-11-28T11:30:12.820690+00:00'
[2024-11-28T11:30:24.630+0000] {taskinstance.py:731} INFO - ::endgroup::
[2024-11-28T11:30:24.669+0000] {base.py:84} INFO - Retrieving connection 's3_conn'
[2024-11-28T11:30:24.670+0000] {connection_wrapper.py:325} INFO - AWS Connection (conn_id='s3_conn', conn_type='aws') credentials retrieved from login and password.
[2024-11-28T11:30:25.016+0000] {hook.py:208} WARNING - Data lineage tracking is disabled. Register a hook lineage reader to start tracking hook lineage.
[2024-11-28T11:30:25.019+0000] {python.py:240} INFO - Done. Returned value was: None
[2024-11-28T11:30:25.028+0000] {taskinstance.py:340} INFO - ::group::Post task execution logs
[2024-11-28T11:30:25.029+0000] {taskinstance.py:352} INFO - Marking task as SUCCESS. dag_id=football_data, task_id=write_data, run_id=manual__2024-11-28T11:30:12.820690+00:00, execution_date=20241128T113012, start_date=20241128T113024, end_date=20241128T113025
[2024-11-28T11:30:25.088+0000] {local_task_job_runner.py:266} INFO - Task exited with return code 0
[2024-11-28T11:30:25.112+0000] {taskinstance.py:3895} INFO - 0 downstream tasks scheduled from follow-on schedule check
[2024-11-28T11:30:25.117+0000] {local_task_job_runner.py:245} INFO - ::endgroup::
