2024-11-25 06:46:43.770 [info] Extension host with pid 1357 started
2024-11-25 06:46:43.770 [error] Error: EEXIST: file already exists, open '/home/ubuntu/.vscode-server/data/User/workspaceStorage/0b7f8fe7e5a2a713287b7a554e8e2be6/vscode.lock'
2024-11-25 06:46:43.827 [info] Lock '/home/ubuntu/.vscode-server/data/User/workspaceStorage/0b7f8fe7e5a2a713287b7a554e8e2be6/vscode.lock': Could not acquire lock, checking if the file is stale.
2024-11-25 06:46:43.840 [info] Lock '/home/ubuntu/.vscode-server/data/User/workspaceStorage/0b7f8fe7e5a2a713287b7a554e8e2be6/vscode.lock': The pid 1284 appears to be gone.
2024-11-25 06:46:43.840 [info] Lock '/home/ubuntu/.vscode-server/data/User/workspaceStorage/0b7f8fe7e5a2a713287b7a554e8e2be6/vscode.lock': Deleting a stale lock.
2024-11-25 06:46:43.857 [info] Lock '/home/ubuntu/.vscode-server/data/User/workspaceStorage/0b7f8fe7e5a2a713287b7a554e8e2be6/vscode.lock': Lock acquired.
2024-11-25 06:46:43.962 [info] ExtensionService#_doActivateExtension vscode.tunnel-forwarding, startup: false, activationEvent: 'onTunnel'
2024-11-25 06:46:43.963 [info] ExtensionService#_doActivateExtension mechatroner.rainbow-csv, startup: false, activationEvent: 'onLanguage:plaintext'
2024-11-25 06:46:43.964 [info] ExtensionService#_doActivateExtension vscode.emmet, startup: false, activationEvent: 'onLanguage'
2024-11-25 06:46:43.964 [info] ExtensionService#_doActivateExtension vscode.git-base, startup: false, activationEvent: '*', root cause: vscode.git
2024-11-25 06:46:44.249 [info] ExtensionService#_doActivateExtension vscode.git, startup: false, activationEvent: '*'
2024-11-25 06:46:44.250 [info] ExtensionService#_doActivateExtension vscode.github, startup: false, activationEvent: '*'
2024-11-25 06:46:44.968 [info] Eager extensions activated
2024-11-25 06:46:44.969 [info] ExtensionService#_doActivateExtension vscode.debug-auto-launch, startup: false, activationEvent: 'onStartupFinished'
2024-11-25 06:46:44.969 [info] ExtensionService#_doActivateExtension vscode.merge-conflict, startup: false, activationEvent: 'onStartupFinished'
2024-11-25 06:46:54.514 [info] ExtensionService#_doActivateExtension ms-python.python, startup: false, activationEvent: 'onLanguage:python', root cause: ms-python.debugpy
2024-11-25 06:46:55.517 [info] ExtensionService#_doActivateExtension ms-python.debugpy, startup: false, activationEvent: 'onLanguage:python'
2024-11-25 06:46:55.517 [info] ExtensionService#_doActivateExtension ms-python.vscode-pylance, startup: false, activationEvent: 'onLanguage:python'
2024-11-25 08:08:54.116 [info] ExtensionService#_doActivateExtension vscode.npm, startup: false, activationEvent: 'onTerminalQuickFixRequest:ms-vscode.npm-command'
2024-11-25 08:09:00.887 [info] ExtensionService#_doActivateExtension vscode.configuration-editing, startup: false, activationEvent: 'onLanguage:json'
2024-11-25 08:09:00.888 [info] ExtensionService#_doActivateExtension vscode.extension-editing, startup: false, activationEvent: 'onLanguage:json'
2024-11-25 08:09:00.888 [info] ExtensionService#_doActivateExtension vscode.json-language-features, startup: false, activationEvent: 'onLanguage:json'
