2024-11-29 08:06:55.990 [info] Extension host with pid 1232 started
2024-11-29 08:06:55.990 [error] Error: EEXIST: file already exists, open '/home/ubuntu/.vscode-server/data/User/workspaceStorage/0b7f8fe7e5a2a713287b7a554e8e2be6/vscode.lock'
2024-11-29 08:06:56.022 [info] Lock '/home/ubuntu/.vscode-server/data/User/workspaceStorage/0b7f8fe7e5a2a713287b7a554e8e2be6/vscode.lock': Could not acquire lock, checking if the file is stale.
2024-11-29 08:06:56.046 [info] Lock '/home/ubuntu/.vscode-server/data/User/workspaceStorage/0b7f8fe7e5a2a713287b7a554e8e2be6/vscode.lock': The pid 1218 appears to be gone.
2024-11-29 08:06:56.046 [info] Lock '/home/ubuntu/.vscode-server/data/User/workspaceStorage/0b7f8fe7e5a2a713287b7a554e8e2be6/vscode.lock': Deleting a stale lock.
2024-11-29 08:06:56.063 [info] Lock '/home/ubuntu/.vscode-server/data/User/workspaceStorage/0b7f8fe7e5a2a713287b7a554e8e2be6/vscode.lock': Lock acquired.
2024-11-29 08:06:56.157 [info] ExtensionService#_doActivateExtension vscode.tunnel-forwarding, startup: false, activationEvent: 'onTunnel'
2024-11-29 08:06:56.158 [info] ExtensionService#_doActivateExtension vscode.git-base, startup: false, activationEvent: '*', root cause: vscode.git
2024-11-29 08:06:56.461 [info] ExtensionService#_doActivateExtension vscode.git, startup: false, activationEvent: '*'
2024-11-29 08:06:56.466 [info] ExtensionService#_doActivateExtension vscode.github, startup: false, activationEvent: '*'
2024-11-29 08:06:57.025 [info] Eager extensions activated
2024-11-29 08:06:57.025 [info] ExtensionService#_doActivateExtension vscode.debug-auto-launch, startup: false, activationEvent: 'onStartupFinished'
2024-11-29 08:06:57.026 [info] ExtensionService#_doActivateExtension vscode.merge-conflict, startup: false, activationEvent: 'onStartupFinished'
2024-11-29 08:07:14.205 [info] ExtensionService#_doActivateExtension vscode.emmet, startup: false, activationEvent: 'onLanguage'
2024-11-29 08:07:21.785 [warning] [Decorations] CAPPING events from decorations provider vscode.git 10000
2024-11-29 08:07:23.552 [warning] [Decorations] CAPPING events from decorations provider vscode.git 10000
2024-11-29 08:07:46.717 [info] ExtensionService#_doActivateExtension vscode.npm, startup: false, activationEvent: 'onTerminalQuickFixRequest:ms-vscode.npm-command'
2024-11-29 08:07:53.175 [info] ExtensionService#_doActivateExtension vscode.configuration-editing, startup: false, activationEvent: 'onLanguage:json'
2024-11-29 08:07:53.177 [info] ExtensionService#_doActivateExtension vscode.extension-editing, startup: false, activationEvent: 'onLanguage:json'
2024-11-29 08:07:53.178 [info] ExtensionService#_doActivateExtension vscode.json-language-features, startup: false, activationEvent: 'onLanguage:json'
2024-11-29 08:09:03.280 [info] ExtensionService#_doActivateExtension mechatroner.rainbow-csv, startup: false, activationEvent: 'onLanguage:plaintext'
2024-11-29 08:09:08.317 [warning] [Decorations] CAPPING events from decorations provider vscode.git 10001
2024-11-29 08:09:17.305 [warning] [Decorations] CAPPING events from decorations provider vscode.git 10003
2024-11-29 08:09:45.600 [warning] [Decorations] CAPPING events from decorations provider vscode.git 10000
2024-11-29 08:10:09.257 [warning] [Decorations] CAPPING events from decorations provider vscode.git 10000
2024-11-29 08:10:54.856 [warning] [Decorations] CAPPING events from decorations provider vscode.git 10000
2024-11-29 08:11:16.577 [warning] [Decorations] CAPPING events from decorations provider vscode.git 10000
2024-11-29 08:11:42.557 [warning] [Decorations] CAPPING events from decorations provider vscode.git 10000
2024-11-29 08:19:26.690 [info] ExtensionService#_doActivateExtension ms-python.python, startup: false, activationEvent: 'onLanguage:python', root cause: ms-python.debugpy
2024-11-29 08:19:27.515 [info] ExtensionService#_doActivateExtension ms-python.debugpy, startup: false, activationEvent: 'onLanguage:python'
2024-11-29 08:19:27.515 [info] ExtensionService#_doActivateExtension ms-python.vscode-pylance, startup: false, activationEvent: 'onLanguage:python'
